
Gurobi 8.1.1 (win64) logging started 11/24/19 19:21:40

Changed value of parameter LogFile to logs/full/rlt/full-05-15-0.log
   Prev: gurobi.log  Default: 
Changed value of parameter LogToConsole to 0
   Prev: 1  Min: 0  Max: 1  Default: 1
Changed value of parameter TimeLimit to 3600.0
   Prev: 1e+100  Min: 0.0  Max: 1e+100  Default: 1e+100
Optimize a model with 22519 rows, 7626 columns and 53629 nonzeros
Variable types: 0 continuous, 7626 integer (123 binary)
Coefficient statistics:
  Matrix range     [1e+00, 1e+00]
  Objective range  [1e+00, 1e+00]
  Bounds range     [1e+00, 1e+00]
  RHS range        [1e+00, 1e+00]
Presolve time: 0.28s
Presolved: 22519 rows, 7626 columns, 53629 nonzeros
Variable types: 0 continuous, 7626 integer (7626 binary)
Found heuristic solution: objective 7.0000000
Found heuristic solution: objective 6.0000000

Root relaxation: objective 1.252832e+00, 2568 iterations, 0.74 seconds

    Nodes    |    Current Node    |     Objective Bounds      |     Work
 Expl Unexpl |  Obj  Depth IntInf | Incumbent    BestBd   Gap | It/Node Time

     0     0    1.25283    0 1171    6.00000    1.25283  79.1%     -    2s
H    0     0                       5.0000000    1.25283  74.9%     -    3s
     0     0    1.58817    0  641    5.00000    1.58817  68.2%     -    3s
     0     0    1.66289    0  675    5.00000    1.66289  66.7%     -    5s
     0     0    1.69357    0  733    5.00000    1.69357  66.1%     -    6s
     0     0    1.72942    0  655    5.00000    1.72942  65.4%     -    6s
     0     0    1.73351    0  670    5.00000    1.73351  65.3%     -    8s
     0     0    1.75103    0  651    5.00000    1.75103  65.0%     -    9s
     0     0    1.75297    0  677    5.00000    1.75297  64.9%     -    9s
     0     0    1.76071    0  732    5.00000    1.76071  64.8%     -   10s
     0     0    1.76097    0  730    5.00000    1.76097  64.8%     -   10s
     0     0    1.78440    0  768    5.00000    1.78440  64.3%     -   11s
     0     0    1.78499    0  766    5.00000    1.78499  64.3%     -   12s
     0     0    1.78502    0  766    5.00000    1.78502  64.3%     -   12s
     0     0    1.80280    0  771    5.00000    1.80280  63.9%     -   12s
     0     0    1.80312    0  738    5.00000    1.80312  63.9%     -   13s
     0     0    1.80317    0  740    5.00000    1.80317  63.9%     -   13s
     0     0    1.81117    0  735    5.00000    1.81117  63.8%     -   14s
     0     0    1.81167    0  754    5.00000    1.81167  63.8%     -   14s
     0     0    1.81175    0  743    5.00000    1.81175  63.8%     -   14s
     0     0    1.81852    0  745    5.00000    1.81852  63.6%     -   15s
     0     0    1.81943    0  795    5.00000    1.81943  63.6%     -   15s
     0     0    1.81953    0  792    5.00000    1.81953  63.6%     -   15s
     0     0    1.82502    0  801    5.00000    1.82502  63.5%     -   16s
     0     0    1.82535    0  758    5.00000    1.82535  63.5%     -   17s
     0     0    1.82535    0  759    5.00000    1.82535  63.5%     -   17s
     0     0    1.83124    0  943    5.00000    1.83124  63.4%     -   18s
     0     0    1.83153    0  807    5.00000    1.83153  63.4%     -   18s
     0     0    1.83156    0  954    5.00000    1.83156  63.4%     -   18s
     0     0    1.83650    0  858    5.00000    1.83650  63.3%     -   19s
     0     0    1.83716    0  858    5.00000    1.83716  63.3%     -   22s
     0     0    1.83722    0  859    5.00000    1.83722  63.3%     -   22s
     0     0    1.84096    0  772    5.00000    1.84096  63.2%     -   23s
     0     0    1.84130    0  773    5.00000    1.84130  63.2%     -   23s
     0     0    1.84138    0  873    5.00000    1.84138  63.2%     -   23s
     0     0    1.84426    0  768    5.00000    1.84426  63.1%     -   24s
     0     0    1.84441    0  756    5.00000    1.84441  63.1%     -   24s
     0     0    1.84718    0  850    5.00000    1.84718  63.1%     -   25s
     0     0    1.84741    0  851    5.00000    1.84741  63.1%     -   25s
     0     0    1.85021    0  855    5.00000    1.85021  63.0%     -   27s
     0     0    1.85032    0  858    5.00000    1.85032  63.0%     -   29s
     0     0    1.85340    0  865    5.00000    1.85340  62.9%     -   31s
     0     0    1.85345    0  856    5.00000    1.85345  62.9%     -   31s
     0     0    1.85602    0  964    5.00000    1.85602  62.9%     -   33s
     0     0    1.85602    0  961    5.00000    1.85602  62.9%     -   33s
     0     2    1.85602    0  961    5.00000    1.85602  62.9%     -   73s
     1     4    1.85872    1  916    5.00000    1.85607  62.9%  1277   78s
     5     8    1.87324    3  772    5.00000    1.85872  62.8%  2628   81s
    11    12    1.91153    6  595    5.00000    1.85872  62.8%  1920   85s
    23    24    2.07514   13  501    5.00000    1.85872  62.8%  1400   90s
    33    35    2.27954   20  422    5.00000    1.85872  62.8%  1124   95s
    49    47     cutoff   32         5.00000    1.86526  62.7%   869  101s
    54    50    2.44789    3 1035    5.00000    1.86526  62.7%   975  105s
    69    64    2.53053    8  966    5.00000    1.86526  62.7%   932  110s
    86    81    2.58002   11  916    5.00000    1.86526  62.7%   841  115s
   101    92    2.60046   13  876    5.00000    1.86526  62.7%   806  120s
   112   102    2.67067   19  782    5.00000    1.86526  62.7%   813  130s
   131   121    2.86047   30  602    5.00000    1.86526  62.7%   785  139s
   144   130    3.18952   40  454    5.00000    1.86526  62.7%   750  141s
   163   149    2.41610    3 1051    5.00000    1.88176  62.4%   723  147s
   188   170    2.46241    6  985    5.00000    1.88176  62.4%   669  157s
   205   182    2.52338   11  910    5.00000    1.88176  62.4%   668  161s
   220   197    2.60533   18  874    5.00000    1.88176  62.4%   668  171s
   254   227    2.86455   28  622    5.00000    1.88176  62.4%   628  188s
   263   233    2.97117   31  531    5.00000    1.92417  61.5%   624  193s
   291   259    2.43883    6  926    5.00000    1.92417  61.5%   605  195s
   327   275    3.53913   15  925    5.00000    1.92417  61.5%   588  202s
   345   278    3.71329   24  736    5.00000    1.97610  60.5%   581  206s
   405   291     cutoff   14         5.00000    1.97610  60.5%   548  212s
   439   307     cutoff   22         5.00000    2.05314  58.9%   526  215s
   499   343    2.75972   21  693    5.00000    2.07917  58.4%   503  222s
   563   388    2.63462   15  679    5.00000    2.11965  57.6%   473  226s
   633   419    2.89918   21  554    5.00000    2.21203  55.8%   447  230s
   727   492    3.13415   28  961    5.00000    2.24812  55.0%   410  238s
   729   493    2.50935   11 1171    5.00000    2.24812  55.0%   409  241s
   730   494    3.76190   48  878    5.00000    2.24812  55.0%   409  279s
   731   495    3.23750   33  701    5.00000    2.24812  55.0%   408  282s
   733   496    3.04334   29  950    5.00000    2.24812  55.0%   407  285s
   734   497    2.63257   16  942    5.00000    2.24812  55.0%   407  290s
   736   498    2.88480   22  868    5.00000    2.24812  55.0%   405  297s
   738   499    3.31034   29  748    5.00000    2.24812  55.0%   404  302s
   740   501    3.18400   28  842    5.00000    2.24812  55.0%   403  320s
   742   502    2.48557   10  842    5.00000    2.24812  55.0%   402  331s
   743   506    2.24812   12  742    5.00000    2.24812  55.0%   443  375s
   747   508    2.40907   13 1114    5.00000    2.24812  55.0%   461  406s
   751   511    2.44612   14 1089    5.00000    2.24812  55.0%   474  428s
   753   514    2.24812   15  635    5.00000    2.24812  55.0%   478  434s
   757   513    2.24812   16  617    5.00000    2.24812  55.0%   488  443s
   761   516    2.24812   17  545    5.00000    2.24812  55.0%   501  451s
   765   518    2.24812   18  555    5.00000    2.24812  55.0%   512  458s
   769   519    2.24812   19  536    5.00000    2.24812  55.0%   521  465s
   773   522    2.24812   20  549    5.00000    2.24812  55.0%   530  471s
   777   524    2.24812   21  544    5.00000    2.24812  55.0%   537  475s
   785   530    2.24812   23  548    5.00000    2.24812  55.0%   549  483s
   789   531    2.24812   24  619    5.00000    2.24812  55.0%   555  487s
   794   537    2.73454   25  735    5.00000    2.24812  55.0%   562  492s
   799   536    2.24812   27  489    5.00000    2.24812  55.0%   565  499s
   806   541    2.24812   29  540    5.00000    2.24812  55.0%   566  503s
   815   549    3.13214   32  534    5.00000    2.24812  55.0%   568  510s
   826   556    3.26475   36  444    5.00000    2.40501  51.9%   568  524s
   833   554    2.68522   39  303    5.00000    2.40501  51.9%   567  531s
   847   558    2.96939   44  241    5.00000    2.40501  51.9%   565  535s
   860   560     cutoff   49         5.00000    2.40929  51.8%   561  547s
   864   562    2.45795   17  973    5.00000    2.40929  51.8%   564  553s
   870   565    2.46370   18  968    5.00000    2.40929  51.8%   568  557s
   875   571    2.47227   19  953    5.00000    2.40929  51.8%   571  564s
   880   570    2.47820   20  950    5.00000    2.40929  51.8%   575  570s
   888   575    2.48287   22  906    5.00000    2.40929  51.8%   579  582s
   892   579    2.48894   23  886    5.00000    2.40929  51.8%   581  588s
   900   583    2.51572   25  868    5.00000    2.40929  51.8%   585  595s
   912   591    2.54674   28  835    5.00000    2.40929  51.8%   588  601s
   922   598    2.56345   30  804    5.00000    2.40929  51.8%   590  612s
   932   602    2.59289   32  782    5.00000    2.40929  51.8%   591  618s
   951   614    3.58304   35  757    5.00000    2.40929  51.8%   590  635s
   960   619    3.62265   38  777    5.00000    2.40929  51.8%   591  642s
   991   618    2.75673   43  624    5.00000    2.40929  51.8%   580  649s
  1033   616    3.96715   52  595    5.00000    2.40929  51.8%   567  655s
  1071   616     cutoff   68         5.00000    2.43009  51.4%   553  661s
  1091   623    2.50289   20 1002    5.00000    2.43009  51.4%   553  666s
  1116   635    2.58524   29  842    5.00000    2.43009  51.4%   551  671s
  1139   646    2.84521   42  569    5.00000    2.44614  51.1%   550  677s
  1200   670    3.40126   17 1027    5.00000    2.44614  51.1%   535  683s
  1228   676    3.64089   35  720    5.00000    2.44815  51.0%   532  688s
  1267   698    2.49573   17 1037    5.00000    2.44815  51.0%   527  694s
  1288   704    2.55714   22  952    5.00000    2.44815  51.0%   528  708s
  1296   707    2.58457   24  910    5.00000    2.44815  51.0%   529  715s
  1330   721    2.70652   34  698    5.00000    2.46668  50.7%   527  721s
  1378   749    3.44125   17 1163    5.00000    2.46668  50.7%   522  728s
  1409   759    3.58416   29  926    5.00000    2.47397  50.5%   521  736s
  1449   764    2.53327   19  935    5.00000    2.47397  50.5%   519  744s
  1490   759     cutoff   20         5.00000    2.47397  50.5%   518  752s
  1506   754     cutoff   22         5.00000    2.47397  50.5%   521  771s
  1520   760    3.57769   26  908    5.00000    2.47952  50.4%   523  779s
  1573   760    3.44613   21 1088    5.00000    2.48226  50.4%   518  787s
  1606   778    3.73841   36  746    5.00000    2.48410  50.3%   518  795s
  1632   775    2.60854   24  841    5.00000    2.48837  50.2%   517  804s
  1702   821    2.54321   21  879    5.00000    2.49055  50.2%   510  814s
  1743   832    2.61009   25  845    5.00000    2.49055  50.2%   509  822s
  1793   853    3.64313   29  792    5.00000    2.49055  50.2%   507  847s
  1833   870    3.00744   37  580    5.00000    2.50790  49.8%   506  857s
  1915   871    2.63901   24  867    5.00000    2.51428  49.7%   499  867s
  1990   911     cutoff   21         5.00000    2.51574  49.7%   494  877s
  2034   920     cutoff   29         5.00000    2.51836  49.6%   492  887s
  2098   923    3.52910   25  991    5.00000    2.53552  49.3%   490  897s
  2159   943    3.56000   30  945    5.00000    2.54234  49.2%   489  925s
  2168   941    3.71629   38  726    5.00000    2.54284  49.1%   489  937s
  2268   991    3.50169   25 1025    5.00000    2.54786  49.0%   484  948s
  2343  1033    2.67122   28  782    5.00000    2.55298  48.9%   482  960s
  2461  1086     cutoff   29         5.00000    2.55638  48.9%   474  972s
  2552  1124    3.51441   24  908    5.00000    2.56013  48.8%   470  986s
  2651  1200    3.52672   51  392    5.00000    2.56640  48.7%   467  998s
  2740  1266    3.87898   42  625    5.00000    2.57449  48.5%   466 1013s
  2855  1318    3.67868   41  526    5.00000    2.58105  48.4%   461 1029s
  2979  1389    3.89215   47  522    5.00000    2.59039  48.2%   457 1047s
  3049  1428    3.71319   35  791    5.00000    2.59883  48.0%   457 1066s
  3202  1503    3.75157   33  906    5.00000    2.61671  47.7%   450 1098s
  3246  1527    3.68079   31  803    5.00000    2.61827  47.6%   449 1119s
  3425  1605    3.76316   36  652    5.00000    2.63355  47.3%   441 1144s
  3572  1697    3.59532   26  909    5.00000    2.65031  47.0%   437 1167s
  3722  1784    3.76946   35  632    5.00000    2.66736  46.7%   433 1191s
  3901  1849    3.72575   30  708    5.00000    2.68054  46.4%   427 1230s
  3987  1893    3.68061   27  782    5.00000    2.69362  46.1%   425 1254s
  4203  1961    3.74214   31  652    5.00000    2.72022  45.6%   419 1282s
  4506  2090    3.75148   31  709    5.00000    2.77073  44.6%   407 1311s
  4906  2205    3.84188   41  658    5.00000    2.83373  43.3%   391 1334s
  5304  2280    3.88488   30  669    5.00000    2.91589  41.7%   375 1348s
  5505  2262     cutoff   44         5.00000    3.06443  38.7%   370 1355s
  5681  2212     cutoff   38         5.00000    3.22581  35.5%   364 1377s
  5776  2208    3.38462   38  378    5.00000    3.30556  33.9%   361 1395s
  5916  2234     cutoff   21         5.00000    3.36101  32.8%   358 1421s
  6055  2307    3.83430   39  653    5.00000    3.36984  32.6%   359 1464s
  6141  2322    3.54498   29  954    5.00000    3.39555  32.1%   358 1491s
  6290  2383    3.46024   18 1073    5.00000    3.41270  31.7%   359 1516s
  6438  2430     cutoff   18         5.00000    3.42714  31.5%   360 1539s
  6559  2439     cutoff   23         5.00000    3.43880  31.2%   361 1553s
  6622  2397     cutoff   22         5.00000    3.45328  30.9%   360 1575s
  6721  2419     cutoff   22         5.00000    3.46612  30.7%   362 1602s
  6803  2414    3.63167   39  752    5.00000    3.47091  30.6%   363 1618s
  6911  2451    3.51526   34  861    5.00000    3.48286  30.3%   362 1677s
  6952  2434    3.53381   35  854    5.00000    3.48370  30.3%   363 1704s
  7092  2465    3.50872   21 1015    5.00000    3.49052  30.2%   362 1723s
  7191  2464     cutoff   31         5.00000    3.49878  30.0%   362 1744s
  7274  2438     cutoff   24         5.00000    3.50725  29.9%   362 1768s
  7389  2426     cutoff   38         5.00000    3.51220  29.8%   361 1788s
  7524  2426     cutoff   30         5.00000    3.52162  29.6%   358 1793s
  7566  2384     cutoff   31         5.00000    3.53027  29.4%   358 1814s
  7682  2394     cutoff   32         5.00000    3.53763  29.2%   358 1819s
  7724  2352     cutoff   26         5.00000    3.54490  29.1%   357 1829s
  7793  2310     cutoff   31         5.00000    3.55224  29.0%   356 1835s
  7850  2277     cutoff   28         5.00000    3.55904  28.8%   356 1847s
  7940  2264     cutoff   27         5.00000    3.56614  28.7%   354 1851s
  7982  2222     cutoff   32         5.00000    3.57249  28.6%   354 1855s
  8024  2180     cutoff   32         5.00000    3.58065  28.4%   353 1864s
  8095  2156     cutoff   30         5.00000    3.58608  28.3%   351 1878s
  8165  2130     cutoff   33         5.00000    3.59118  28.2%   350 1887s
  8231  2088     cutoff   33         5.00000    3.59708  28.1%   349 1891s
  8273  2046     cutoff   38         5.00000    3.60164  28.0%   348 1897s
  8329  2013     cutoff   34         5.00000    3.60903  27.8%   347 1900s
  8371  1971     cutoff   46         5.00000    3.61481  27.7%   346 1908s
  8424  1936     cutoff   45         5.00000    3.62054  27.6%   345 1914s
  8487  1905     cutoff   29         5.00000    3.62699  27.5%   343 1919s
  8543  1872     cutoff   27         5.00000    3.63281  27.3%   342 1924s
  8601  1835     cutoff   36         5.00000    3.63897  27.2%   341 1932s
  8718  1769     cutoff   34         5.00000    3.65280  26.9%   338 1940s
  8812  1690     cutoff   38         5.00000    3.66467  26.7%   336 1946s
  8859  1648     cutoff   31         5.00000    3.66808  26.6%   335 1950s
  8975  1571    3.70376   52  693    5.00000    3.68201  26.4%   332 1961s
  9034  1536     cutoff   31         5.00000    3.68649  26.3%   331 1969s
  9124  1503     cutoff   40         5.00000    3.69171  26.2%   329 1972s
  9231  1428     cutoff   47         5.00000    3.70415  25.9%   326 1975s
  9373  1305     cutoff   33         5.00000    3.72308  25.5%   322 1981s
  9521  1182     cutoff   43         5.00000    3.74172  25.2%   319 1985s
  9704  1017     cutoff   35         5.00000    3.76897  24.6%   314 1991s
  9884   851     cutoff   36         5.00000    3.80154  24.0%   309 1995s
 10062   684     cutoff   38         5.00000    3.82868  23.4%   305 2001s
 10362   390     cutoff   44         5.00000    3.87541  22.5%   297 2005s
 10784     0     cutoff   35         5.00000    4.00000  20.0%   287 2010s

Cutting planes:
  MIR: 25
  Flow cover: 20
  Zero half: 203
  Mod-K: 73

Explored 10796 nodes (3125970 simplex iterations) in 2010.15 seconds
Thread count was 4 (of 4 available processors)

Solution count 3: 5 6 7 

Optimal solution found (tolerance 1.00e-04)
Best objective 5.000000000000e+00, best bound 5.000000000000e+00, gap 0.0000%
