
Gurobi 8.1.1 (win64) logging started 11/25/19 02:55:28

Changed value of parameter LogFile to logs/full/rlt/full-06-15-2.log
   Prev: gurobi.log  Default: 
Changed value of parameter LogToConsole to 0
   Prev: 1  Min: 0  Max: 1  Default: 1
Changed value of parameter TimeLimit to 3600.0
   Prev: 1e+100  Min: 0.0  Max: 1e+100  Default: 1e+100
Optimize a model with 171888 rows, 57630 columns and 405784 nonzeros
Variable types: 0 continuous, 57630 integer (339 binary)
Coefficient statistics:
  Matrix range     [1e+00, 1e+00]
  Objective range  [1e+00, 1e+00]
  Bounds range     [1e+00, 1e+00]
  RHS range        [1e+00, 1e+00]
Presolve time: 2.23s
Presolved: 171888 rows, 57630 columns, 405784 nonzeros
Variable types: 0 continuous, 57630 integer (57630 binary)
Found heuristic solution: objective 11.0000000
Found heuristic solution: objective 9.0000000

Root simplex log...

Iteration    Objective       Primal Inf.    Dual Inf.      Time
    4975    1.0000125e+00   1.539130e+01   0.000000e+00      5s
    6245    1.0936431e+00   1.382734e+02   0.000000e+00     10s
    7445    1.1639897e+00   7.110742e+02   0.000000e+00     16s
    8605    1.1714378e+00   9.414286e+00   0.000000e+00     21s
   14734    1.1722131e+00   3.010972e+01   0.000000e+00     25s
   17845    1.1722280e+00   0.000000e+00   0.000000e+00     28s

Root relaxation: objective 1.172228e+00, 17845 iterations, 25.27 seconds
Total elapsed time = 30.67s

    Nodes    |    Current Node    |     Objective Bounds      |     Work
 Expl Unexpl |  Obj  Depth IntInf | Incumbent    BestBd   Gap | It/Node Time

     0     0    1.17223    0 4863    9.00000    1.17223  87.0%     -   40s
H    0     0                       6.0000000    1.17223  80.5%     -  100s
     0     0    1.29355    0 2972    6.00000    1.29355  78.4%     -  123s
     0     0    1.41401    0 3585    6.00000    1.41401  76.4%     -  168s
     0     0    1.42820    0 3339    6.00000    1.42820  76.2%     -  171s
     0     0    1.44950    0 3600    6.00000    1.44950  75.8%     -  182s
     0     0    1.45231    0 3842    6.00000    1.45231  75.8%     -  237s
     0     0    1.46542    0 3877    6.00000    1.46542  75.6%     -  248s
     0     0    1.46722    0 4166    6.00000    1.46722  75.5%     -  250s
     0     0    1.47211    0 4097    6.00000    1.47211  75.5%     -  258s
     0     0    1.47582    0 3987    6.00000    1.47582  75.4%     -  276s
     0     0    1.47582    0 3961    6.00000    1.47582  75.4%     -  286s
     0     2    1.47582    0 3961    6.00000    1.47582  75.4%     - 1121s
     1     4    1.48212    1 4261    6.00000    1.47585  75.4% 10007 1140s
     3     6    1.49116    2 4353    6.00000    1.48216  75.3%  9872 1147s
     5     8    1.50459    3 4165    6.00000    1.48216  75.3%  7851 1155s
     7     8    1.51987    4 3384    6.00000    1.48216  75.3%  6829 1164s
     9    10    1.52438    5 3861    6.00000    1.48216  75.3%  5978 1170s
    11    12    1.53006    6 3784    6.00000    1.48216  75.3%  5651 1182s
    13    14    1.53677    7 3241    6.00000    1.48216  75.3%  5283 1194s
    15    16    1.54207    8 3475    6.00000    1.48216  75.3%  4871 1204s
    18    19    1.54706    9 3138    6.00000    1.48216  75.3%  4382 1211s
    21    22    1.55230   10 3226    6.00000    1.48216  75.3%  4048 1218s
    23    24    1.55782   11 3379    6.00000    1.48216  75.3%  3945 1224s
    25    26    1.56192   12 3449    6.00000    1.48216  75.3%  3780 1231s
    27    28    1.56704   13 3730    6.00000    1.48216  75.3%  3639 1300s
    29    30    1.57007   14 3588    6.00000    1.48216  75.3%  3539 1310s
    33    34    1.57664   16 3099    6.00000    1.48216  75.3%  3344 1318s
    36    37    1.57961   17 3240    6.00000    1.48216  75.3%  3235 1328s
    40    41    1.58734   19 3044    6.00000    1.48216  75.3%  3096 1337s
    43    44    1.59145   20 3102    6.00000    1.48216  75.3%  3009 1345s
    47    48    1.59516   21 3108    6.00000    1.48216  75.3%  2893 1353s
    50    51    1.59831   22 3021    6.00000    1.48216  75.3%  2867 1362s
    54    55    1.60671   24 2796    6.00000    1.48216  75.3%  2760 1433s
    57    58    1.61863   25 2937    6.00000    1.48216  75.3%  2748 1451s
    61    62    1.62342   26 3030    6.00000    1.48216  75.3%  2685 1460s
    64    65    1.62906   27 2971    6.00000    1.48216  75.3%  2660 1471s
    69    70    1.63673   29 2791    6.00000    1.48216  75.3%  2572 1484s
    74    75    1.64947   31 2798    6.00000    1.48216  75.3%  2531 1496s
    79    80    1.65688   33 2818    6.00000    1.48216  75.3%  2456 1508s
    84    85    1.67324   35 2678    6.00000    1.48216  75.3%  2413 1599s
    86    87    1.67908   36 2705    6.00000    1.48216  75.3%  2388 1612s
    92    93    1.69888   38 2695    6.00000    1.48216  75.3%  2337 1623s
    98    99    1.72195   40 2595    6.00000    1.48216  75.3%  2270 1636s
   102   103    1.73781   42 2547    6.00000    1.48216  75.3%  2247 1657s
   106   107    1.76155   44 2454    6.00000    1.48216  75.3%  2250 1673s
   113   114    1.78830   47 2293    6.00000    1.48216  75.3%  2228 1832s
   115   116    1.79809   48 2272    6.00000    1.48216  75.3%  2216 1849s
   123   124    1.85237   51 2176    6.00000    1.48216  75.3%  2166 1865s
   133   134    1.88946   55 2060    6.00000    1.48216  75.3%  2079 1881s
   141   142    1.92002   58 1874    6.00000    1.48216  75.3%  2036 2207s
   143   144    1.93071   59 1901    6.00000    1.48216  75.3%  2027 2223s
   153   154    1.98524   63 1829    6.00000    1.48216  75.3%  1989 2239s
   165   166    2.02764   67 1648    6.00000    1.48216  75.3%  1915 2261s
   182   183    2.21343   72 1386    6.00000    1.48216  75.3%  1810 2280s
   202   203    2.61802   80 1159    6.00000    1.48216  75.3%  1688 2300s
   222   223    3.29800   89  935    6.00000    1.48216  75.3%  1587 2319s
   250   251    4.10919   99  932    6.00000    1.48216  75.3%  1456 2338s
   281   279    4.91805  111 1121    6.00000    1.49140  75.1%  1335 2360s
   306   300    2.19320    3 4916    6.00000    1.49140  75.1%  1305 2381s
   315   305    2.20899    6 4856    6.00000    1.49140  75.1%  1348 2400s
   320   311    2.22719   10 4683    6.00000    1.49140  75.1%  1409 2420s
   328   317    2.24718   14 4567    6.00000    1.49140  75.1%  1446 2444s
   340   329    2.27229   20 4260    6.00000    1.49140  75.1%  1480 2468s
   354   343    2.30155   28 4086    6.00000    1.49140  75.1%  1493 2613s
   367   356    2.32401   33 3798    6.00000    1.49140  75.1%  1495 2640s
   379   368    2.33830   36 3754    6.00000    1.49140  75.1%  1501 2671s
   395   384    2.37755   43 3456    6.00000    1.49140  75.1%  1497 2856s
   398   387    2.39267   45 3373    6.00000    1.49140  75.1%  1500 2889s
   418   407    2.45763   54 3147    6.00000    1.49140  75.1%  1488 2920s
   436   426    2.52509   62 2959    6.00000    1.49140  75.1%  1479 3537s
   455   444    2.62358   74 2592    6.00000    1.49140  75.1%  1451 3587s
   484   471    2.80483   90 2318    6.00000    1.49140  75.1%  1403 3600s

Cutting planes:
  MIR: 4
  StrongCG: 2
  Zero half: 2

Explored 492 nodes (751593 simplex iterations) in 3600.06 seconds
Thread count was 4 (of 4 available processors)

Solution count 3: 6 9 11 

Time limit reached
Best objective 6.000000000000e+00, best bound 2.000000000000e+00, gap 66.6667%
