
Gurobi 8.1.1 (win64) logging started 11/24/19 20:55:12

Changed value of parameter LogFile to logs/full/rlt/full-05-15-2.log
   Prev: gurobi.log  Default: 
Changed value of parameter LogToConsole to 0
   Prev: 1  Min: 0  Max: 1  Default: 1
Changed value of parameter TimeLimit to 3600.0
   Prev: 1e+100  Min: 0.0  Max: 1e+100  Default: 1e+100
Optimize a model with 43615 rows, 14706 columns and 103285 nonzeros
Variable types: 0 continuous, 14706 integer (171 binary)
Coefficient statistics:
  Matrix range     [1e+00, 1e+00]
  Objective range  [1e+00, 1e+00]
  Bounds range     [1e+00, 1e+00]
  RHS range        [1e+00, 1e+00]
Found heuristic solution: objective 6.0000000
Presolve time: 0.34s
Presolved: 43615 rows, 14706 columns, 103285 nonzeros
Variable types: 0 continuous, 14706 integer (14706 binary)

Root relaxation: objective 1.246667e+00, 3023 iterations, 1.31 seconds

    Nodes    |    Current Node    |     Objective Bounds      |     Work
 Expl Unexpl |  Obj  Depth IntInf | Incumbent    BestBd   Gap | It/Node Time

     0     0    1.24667    0 1641    6.00000    1.24667  79.2%     -    4s
H    0     0                       5.0000000    1.24667  75.1%     -    5s
     0     0    2.00000    0  576    5.00000    2.00000  60.0%     -   10s
     0     0    2.00000    0  510    5.00000    2.00000  60.0%     -   20s
     0     0    2.00000    0  804    5.00000    2.00000  60.0%     -   30s
     0     0    2.00000    0  795    5.00000    2.00000  60.0%     -   37s
     0     0    2.00000    0  677    5.00000    2.00000  60.0%     -   41s
     0     0    2.00000    0  667    5.00000    2.00000  60.0%     -   44s
     0     0    2.00000    0  666    5.00000    2.00000  60.0%     -   48s
     0     0    2.00000    0  612    5.00000    2.00000  60.0%     -   50s
     0     0    2.00000    0  307    5.00000    2.00000  60.0%     -   60s
     0     0    2.00000    0  303    5.00000    2.00000  60.0%     -   63s
     0     0    2.00000    0  316    5.00000    2.00000  60.0%     -   70s
     0     0    2.00000    0  316    5.00000    2.00000  60.0%     -   74s
     0     2    2.00000    0  316    5.00000    2.00000  60.0%     -  232s
     1     4    2.00000    1  690    5.00000    2.00000  60.0% 10836  236s
     7     8    2.00000    4  492    5.00000    2.00000  60.0%  3223  241s
    14    15    2.00000    7  589    5.00000    2.00000  60.0%  1938  245s
    24    25    2.02220   11 1002    5.00000    2.00000  60.0%  1302  250s
    50    51    2.28074   27  508    5.00000    2.00000  60.0%   838  261s
    69    67    3.41808   39  313    5.00000    2.00000  60.0%   714  265s
    82    78    2.26036    3 1645    5.00000    2.00000  60.0%   688  279s
    84    80    2.26714    4 1580    5.00000    2.00000  60.0%   682  282s
    97    92    2.32346   10 1412    5.00000    2.00000  60.0%   649  285s
   105   100    2.36705   14 1356    5.00000    2.00000  60.0%   632  293s
   114   109    2.40513   17 1249    5.00000    2.00000  60.0%   607  295s
   130   122    2.47328   22 1148    5.00000    2.00000  60.0%   568  312s
   159   149    2.63504   32  976    5.00000    2.00000  60.0%   535  317s
   171   161    2.80474   38  838    5.00000    2.00000  60.0%   527  327s
   176   166    2.89580   41  820    5.00000    2.00000  60.0%   528  330s
   194   184    3.16507   50  690    5.00000    2.00000  60.0%   513  347s
   208   196    3.32432   57  531    5.00000    2.00000  60.0%   493  350s
   234   221     cutoff   70         5.00000    2.00000  60.0%   464  371s
   255   239    2.36319   11 1360    5.00000    2.00000  60.0%   462  388s
   271   251    2.44211   17 1207    5.00000    2.00000  60.0%   449  393s
   288   268    2.57895   27  985    5.00000    2.00000  60.0%   455  398s
   296   273    2.68100   32  930    5.00000    2.00000  60.0%   455  481s
   300   277    2.71918   34 1016    5.00000    2.00000  60.0%   455  495s
   331   308    3.12500   51  667    5.00000    2.00000  60.0%   439  503s
   363   336    3.82414   71  404    5.00000    2.00000  60.0%   419  507s
   383   354    2.29986    6 1519    5.00000    2.00000  60.0%   419  511s
   405   369    2.37682   13 1353    5.00000    2.00000  60.0%   413  516s
   431   394    2.52732   24 1126    5.00000    2.00000  60.0%   413  521s
   451   411    2.68056   33  948    5.00000    2.00000  60.0%   412  525s
   478   437    3.11832   49  696    5.00000    2.00000  60.0%   403  531s
   506   465    4.00000   68  401    5.00000    2.00567  59.9%   397  536s
   530   479    2.45455   12 1231    5.00000    2.00567  59.9%   399  541s
   558   507    2.79863   21  901    5.00000    2.00567  59.9%   402  546s
   580   522    3.29630   31  577    5.00000    2.01821  59.6%   402  553s
   604   545    2.37781   10 1361    5.00000    2.01821  59.6%   409  559s
   644   580    2.58904   24  946    5.00000    2.01821  59.6%   401  565s
   678   608    2.96639   38  799    5.00000    2.01821  59.6%   397  572s
   720   647    3.47541   59  538    5.00000    2.03585  59.3%   389  579s
   770   684    2.30519    9  316    5.00000    2.04445  59.1%   383  584s
   772   685    3.43756   61 1641    5.00000    2.04445  59.1%   382  596s
   773   686    3.72334   63 1052    5.00000    2.04445  59.1%   382  798s
   774   687    2.28835    5  843    5.00000    2.04445  59.1%   381  800s
   775   687    2.32097    4  663    5.00000    2.04445  59.1%   381  810s
   777   689    2.61947   23  228    5.00000    2.04445  59.1%   380  829s
   778   689    2.25731    5  247    5.00000    2.04445  59.1%   380  831s
   779   690    3.00000   23  677    5.00000    2.04445  59.1%   379  851s
   781   691    2.36701   10  544    5.00000    2.04445  59.1%   378  878s
   783   693    3.48209   60  551    5.00000    2.04445  59.1%   377  898s
   785   694    2.92774   46  558    5.00000    2.04445  59.1%   376  918s
   786   695    3.55932   62  788    5.00000    2.04445  59.1%   376  920s
   787   695    2.86269   36  823    5.00000    2.04445  59.1%   375  943s
   788   696    3.04134   49  778    5.00000    2.04445  59.1%   375  946s
   789   697    2.92000   40  631    5.00000    2.04445  59.1%   374  975s
   791   698    3.40541   60  590    5.00000    2.04445  59.1%   373 1020s
   792   699    2.50877   17  590    5.00000    2.04445  59.1%   373 1030s
   793   699    2.70588   29  590    5.00000    2.04445  59.1%   372 1059s
   794   703    2.04445   15  609    5.00000    2.04445  59.1%   598 1180s
   796   704    2.04445   16  690    5.00000    2.04445  59.1%   606 1239s
   798   706    2.27373   16 1637    5.00000    2.04445  59.1%   612 1278s
   802   708    2.28893   17 1637    5.00000    2.04445  59.1%   621 1298s
   804   712    2.04445   18  493    5.00000    2.04445  59.1%   623 1312s
   808   708    2.04445   19  493    5.00000    2.04445  59.1%   631 1333s
   810   714    2.71094   19 1218    5.00000    2.04445  59.1%   635 1352s
   812   713    2.04445   20  459    5.00000    2.04445  59.1%   636 1372s
   816   716    2.04445   21  432    5.00000    2.04445  59.1%   642 1382s
   820   716    2.04445   22  511    5.00000    2.04445  59.1%   646 1402s
   822   722    2.34989   22 1406    5.00000    2.04445  59.1%   650 1414s
   824   721    2.04445   23  601    5.00000    2.04445  59.1%   650 1425s
   828   723    2.37565   24 1386    5.00000    2.04445  59.1%   656 1435s
   831   727    2.04445   24  605    5.00000    2.04445  59.1%   655 1446s
   838   729    2.04445   26  460    5.00000    2.04445  59.1%   658 1456s
   845   735    2.04445   27  544    5.00000    2.04445  59.1%   660 1469s
   851   739    2.04445   28  782    5.00000    2.04445  59.1%   667 1496s
   853   741    2.04445   29  718    5.00000    2.04445  59.1%   667 1507s
   860   745    2.04445   31  636    5.00000    2.04445  59.1%   671 1515s
   866   749    2.04445   33  833    5.00000    2.04445  59.1%   674 1532s
   874   753    2.04445   35  738    5.00000    2.04445  59.1%   677 1542s
   881   759    3.00000   37  491    5.00000    2.06183  58.8%   682 1573s
   883   760    2.06619   38  520    5.00000    2.06619  58.7%   682 1586s
   891   766    3.00991   40  705    5.00000    2.11844  57.6%   684 1597s
   901   771    2.90405   43  762    5.00000    2.16273  56.7%   684 1608s
   912   781    3.09708   46  609    5.00000    2.27386  54.5%   682 1619s
   923   785     cutoff   50         5.00000    2.27386  54.5%   679 1630s
   938   790    3.48576   56  444    5.00000    2.27386  54.5%   674 1643s
   957   792     cutoff   63         5.00000    2.27938  54.4%   667 1676s
   975   792    2.36101   18 1528    5.00000    2.28893  54.2%   659 1685s
   979   795    2.36519   19 1497    5.00000    2.28893  54.2%   662 1696s
   984   798    2.37043   20 1478    5.00000    2.28893  54.2%   665 1711s
   994   802    2.37942   22 1429    5.00000    2.28893  54.2%   670 1724s
  1004   808    2.40426   25 1361    5.00000    2.28893  54.2%   671 1736s
  1012   810    2.42222   27 1339    5.00000    2.28893  54.2%   673 1750s
  1027   818    3.36218   29 1534    5.00000    2.28893  54.2%   676 1764s
  1057   828    3.41815   32 1338    5.00000    2.28893  54.2%   672 1777s
  1089   829    2.47509   35 1145    5.00000    2.28893  54.2%   661 1819s
  1124   825    3.46865   37 1248    5.00000    2.28893  54.2%   648 1833s
  1162   827    2.53170   40 1117    5.00000    2.28893  54.2%   639 1845s
  1184   844    3.51715   43 1222    5.00000    2.28893  54.2%   640 1859s
  1223   866    2.57520   45 1038    5.00000    2.28893  54.2%   628 1872s
  1275   866    2.60656   49  956    5.00000    2.28893  54.2%   616 1884s
  1302   883    2.69145   55  894    5.00000    2.28893  54.2%   616 1896s
  1330   898    2.75219   60  804    5.00000    2.28893  54.2%   613 1913s
  1377   917    2.91271   68  821    5.00000    2.28893  54.2%   607 1930s
  1423   925     cutoff   83         5.00000    2.31742  53.7%   599 1969s
  1478   913    2.34114   20 1518    5.00000    2.33383  53.3%   583 1985s
  1559   952    2.53409   38 1195    5.00000    2.33383  53.3%   566 2000s
  1604   973    2.86369   62  874    5.00000    2.35427  52.9%   562 2018s
  1701  1013    3.41709   29 1479    5.00000    2.35427  52.9%   545 2035s
  1763  1045    3.62470   48 1114    5.00000    2.36701  52.7%   537 2054s
  1810  1069    3.42561   28 1466    5.00000    2.36701  52.7%   535 2071s
  1868  1099    3.81034   56  902    5.00000    2.37566  52.5%   530 2091s
  1925  1119    2.58881   39 1123    5.00000    2.38423  52.3%   527 2113s
  2016  1155    3.38465   25 1406    5.00000    2.38423  52.3%   517 2154s
  2083  1153    3.63760   46 1068    5.00000    2.40011  52.0%   510 2174s
  2141  1182    3.49502   36 1355    5.00000    2.40098  52.0%   508 2196s
  2217  1212    3.45361   30 1382    5.00000    2.41032  51.8%   505 2218s
  2320  1274    3.42342   27 1457    5.00000    2.41314  51.7%   496 2303s
  2358  1269     cutoff   39         5.00000    2.41463  51.7%   493 2345s
  2442  1265    3.42988   29 1465    5.00000    2.41810  51.6%   487 2370s
  2530  1310    3.44374   30 1330    5.00000    2.42278  51.5%   487 2399s
  2569  1328    3.50586   36 1219    5.00000    2.42311  51.5%   485 2425s
  2631  1346    3.51983   37 1242    5.00000    2.42498  51.5%   484 2465s
  2744  1351    3.56294   42 1228    5.00000    2.42717  51.5%   477 2502s
  2824  1392    3.82004   52  920    5.00000    2.43221  51.4%   475 2540s
  2890  1415    3.53613   39 1269    5.00000    2.43931  51.2%   473 2575s
  2993  1495    3.47129   31 1394    5.00000    2.44145  51.2%   468 2611s
  3086  1572    3.93118   59  842    5.00000    2.44423  51.1%   465 2654s
  3188  1653    3.43447   34 1309    5.00000    2.45760  50.8%   464 2744s
  3310  1693    3.48202   31 1347    5.00000    2.46002  50.8%   457 2786s
  3419  1732    3.41727   33 1471    5.00000    2.46489  50.7%   454 2821s
  3595  1873    3.45957   29 1428    5.00000    2.46878  50.6%   448 2858s
  3738  1990    3.91463   62  907    5.00000    2.48215  50.4%   446 2895s
  3875  2077    3.65223   43 1136    5.00000    2.49311  50.1%   445 2936s
  4057  2193    3.65196   46 1076    5.00000    2.50104  50.0%   439 2976s
  4280  2306    3.92730   59  856    5.00000    2.50967  49.8%   433 3019s
  4480  2414    3.63790   42 1127    5.00000    2.52238  49.6%   430 3063s
  4665  2577    3.52516   36 1323    5.00000    2.52911  49.4%   428 3110s
  4828  2699    3.99016   65  768    5.00000    2.53854  49.2%   427 3197s
  4884  2737    3.67373   42  931    5.00000    2.53947  49.2%   427 3250s
  4969  2790    3.65446   48 1074    5.00000    2.54258  49.1%   427 3302s
  5202  2920    3.80527   57  958    5.00000    2.55171  49.0%   423 3357s
  5432  3096    3.64430   47 1085    5.00000    2.56356  48.7%   421 3413s
  5678  3231    2.63225   34 1073    5.00000    2.57535  48.5%   418 3470s
  5971  3425    3.60064   39 1227    5.00000    2.58313  48.3%   413 3528s
  6071  3450    3.81115   51  926    5.00000    2.58738  48.3%   411 3588s

Cutting planes:
  Gomory: 5
  MIR: 1
  Flow cover: 38
  Zero half: 78
  Mod-K: 17

Explored 6371 nodes (2659998 simplex iterations) in 3600.03 seconds
Thread count was 4 (of 4 available processors)

Solution count 2: 5 6 

Time limit reached
Best objective 5.000000000000e+00, best bound 3.000000000000e+00, gap 40.0000%
