
Gurobi 8.1.1 (win64) logging started 11/26/19 02:53:14

Changed value of parameter LogFile to logs/full/rlt/full-07-15-0.log
   Prev: gurobi.log  Default: 
Changed value of parameter LogToConsole to 0
   Prev: 1  Min: 0  Max: 1  Default: 1
Changed value of parameter TimeLimit to 3600.0
   Prev: 1e+100  Min: 0.0  Max: 1e+100  Default: 1e+100
Optimize a model with 165854 rows, 55611 columns and 393277 nonzeros
Variable types: 0 continuous, 55611 integer (333 binary)
Coefficient statistics:
  Matrix range     [1e+00, 1e+00]
  Objective range  [1e+00, 1e+00]
  Bounds range     [1e+00, 1e+00]
  RHS range        [1e+00, 2e+00]
Presolve time: 2.21s
Presolved: 165854 rows, 55611 columns, 393277 nonzeros
Variable types: 0 continuous, 55611 integer (55611 binary)
Found heuristic solution: objective 10.0000000

Root simplex log...

Iteration    Objective       Primal Inf.    Dual Inf.      Time
    6873    1.2058957e+00   2.475000e+01   0.000000e+00      5s
    8243    1.6666781e+00   2.600000e+01   0.000000e+00     10s
    9933    1.9636476e+00   2.700000e+01   0.000000e+00     15s
   11533    1.9999539e+00   1.290000e+02   0.000000e+00     20s
   13073    1.9999792e+00   1.236667e+02   0.000000e+00     25s
   14633    1.9999996e+00   2.167391e+01   0.000000e+00     30s
   16033    2.0000087e+00   2.368966e+01   0.000000e+00     36s
   17093    2.0000109e+00   5.302571e+03   0.000000e+00     40s
   18423    2.0000156e+00   2.389858e+01   0.000000e+00     45s
   19663    2.0181863e+00   2.021818e+01   0.000000e+00     50s
   20762    2.0181818e+00   0.000000e+00   0.000000e+00     52s

Root relaxation: objective 2.018182e+00, 20762 iterations, 49.24 seconds

    Nodes    |    Current Node    |     Objective Bounds      |     Work
 Expl Unexpl |  Obj  Depth IntInf | Incumbent    BestBd   Gap | It/Node Time

     0     0    2.01818    0 3798   10.00000    2.01818  79.8%     -   67s
H    0     0                       6.9999992    2.01818  71.2%     -   68s
     0     0    2.47869    0 5584    7.00000    2.47869  64.6%     -   97s
     0     0    2.50224    0 4825    7.00000    2.50224  64.3%     -  211s
     0     0    2.64416    0 5817    7.00000    2.64416  62.2%     -  240s
     0     0    2.68517    0 5786    7.00000    2.68517  61.6%     -  257s
     0     0    2.69194    0 5701    7.00000    2.69194  61.5%     -  412s
     0     0    2.69194    0 5701    7.00000    2.69194  61.5%     -  450s
     0     2    2.69194    0 5691    7.00000    2.69194  61.5%     - 1844s
     1     4    2.69393    1 5572    7.00000    2.69194  61.5% 12761 1892s
     3     6    2.69475    2 5383    7.00000    2.69393  61.5% 17156 1895s
     5     8    2.70529    3 5542    7.00000    2.69393  61.5% 11718 1936s
     7     8    2.70789    4 5325    7.00000    2.69393  61.5% 15262 1942s
     9    10    2.71030    5 5374    7.00000    2.69393  61.5% 12751 1948s
    11    12    2.71506    6 5167    7.00000    2.69393  61.5% 11230 1967s
    13    14    2.71671    7 5133    7.00000    2.69393  61.5% 10084 1973s
    15    16    2.72246    8 5136    7.00000    2.69393  61.5%  9028 1983s
    17    18    2.72457    9 5292    7.00000    2.69393  61.5%  8459 1989s
    19    20    2.72793   10 5152    7.00000    2.69393  61.5%  7850 1998s
    21    22    2.73095   11 4837    7.00000    2.69393  61.5%  7398 2005s
    24    25    2.73957   12 4960    7.00000    2.69393  61.5%  6669 2014s
    27    28    2.74499   13 4890    7.00000    2.69393  61.5%  6136 2158s
    29    30    2.74830   14 4690    7.00000    2.69393  61.5%  5866 2165s
    32    33    2.75632   16 4425    7.00000    2.69393  61.5%  5539 2173s
    35    36    2.76278   18 4555    7.00000    2.69393  61.5%  5248 2182s
    38    39    2.76489   19 4430    7.00000    2.69393  61.5%  4969 2193s
    44    45    2.78434   21 3954    7.00000    2.69393  61.5%  4589 2203s
    48    49    2.80152   23 4236    7.00000    2.69393  61.5%  4442 2222s
    51    52    2.81328   24 3855    7.00000    2.69393  61.5%  4378 2234s
    55    56    2.82886   26 3652    7.00000    2.69393  61.5%  4268 2640s
    57    58    2.82961   27 3665    7.00000    2.69393  61.5%  4168 2650s
    61    62    2.83511   29 3617    7.00000    2.69393  61.5%  3991 2659s
    65    66    2.84643   31 2879    7.00000    2.69393  61.5%  3873 2673s
    70    71    3.19075   34 4065    7.00000    2.69393  61.5%  3949 2687s
    74    75    3.19883   35 4037    7.00000    2.69393  61.5%  3799 2705s
    81    82    3.22424   38 3890    7.00000    2.69393  61.5%  3592 2722s
    89    90    3.26708   43 3806    7.00000    2.69393  61.5%  3399 2737s
    96    97    3.30201   47 3575    7.00000    2.69393  61.5%  3266 2752s
   104   105    3.33855   51 3578    7.00000    2.69393  61.5%  3103 2769s
   112   113    3.37687   55 3309    7.00000    2.69393  61.5%  2965 2782s
   119   120    3.41633   59 3243    7.00000    2.69393  61.5%  2877 3100s
   121   122    3.42927   60 3264    7.00000    2.69393  61.5%  2846 3116s
   129   130    3.47602   64 3447    7.00000    2.69393  61.5%  2733 3131s
   138   139    3.51991   69 3226    7.00000    2.69393  61.5%  2621 3146s
   147   148    3.59115   75 3202    7.00000    2.69393  61.5%  2533 3164s
   158   159    3.67470   81 2936    7.00000    2.69393  61.5%  2428 3181s
   174   175    3.79249   91 2657    7.00000    2.69393  61.5%  2265 3200s
   188   189    3.90618   98 2430    7.00000    2.69393  61.5%  2159 3218s
   201   202    4.03677  106 2224    7.00000    2.69393  61.5%  2072 3238s
   215   216    4.16582  113 2009    7.00000    2.69393  61.5%  1996 3259s
   238   239    4.40838  124 1782    7.00000    2.69393  61.5%  1855 3278s
   262   263    4.68593  140 1513    7.00000    2.69393  61.5%  1736 3298s
   292   290    5.26856  156 1152    7.00000    2.69475  61.5%  1603 3353s
   319   315    3.11076    3 6945    7.00000    2.69475  61.5%  1709 3429s
   330   326    3.11512    4 6978    7.00000    2.69475  61.5%  1681 3454s

Cutting planes:
  Gomory: 4

Explored 345 nodes (690662 simplex iterations) in 3600.15 seconds
Thread count was 4 (of 4 available processors)

Solution count 2: 7 10 

Time limit reached
Best objective 6.999999222326e+00, best bound 3.000000000000e+00, gap 57.1429%
