
Gurobi 8.1.1 (win64) logging started 11/24/19 19:55:11

Changed value of parameter LogFile to logs/full/rlt/full-05-15-1.log
   Prev: gurobi.log  Default: 
Changed value of parameter LogToConsole to 0
   Prev: 1  Min: 0  Max: 1  Default: 1
Changed value of parameter TimeLimit to 3600.0
   Prev: 1e+100  Min: 0.0  Max: 1e+100  Default: 1e+100
Optimize a model with 49969 rows, 16836 columns and 118219 nonzeros
Variable types: 0 continuous, 16836 integer (183 binary)
Coefficient statistics:
  Matrix range     [1e+00, 1e+00]
  Objective range  [1e+00, 1e+00]
  Bounds range     [1e+00, 1e+00]
  RHS range        [1e+00, 1e+00]
Found heuristic solution: objective 6.0000000
Presolve time: 0.45s
Presolved: 49969 rows, 16836 columns, 118219 nonzeros
Variable types: 0 continuous, 16836 integer (16836 binary)

Root relaxation: objective 1.243180e+00, 3808 iterations, 2.12 seconds

    Nodes    |    Current Node    |     Objective Bounds      |     Work
 Expl Unexpl |  Obj  Depth IntInf | Incumbent    BestBd   Gap | It/Node Time

     0     0    1.24318    0 1751    6.00000    1.24318  79.3%     -    4s
H    0     0                       5.0000000    1.24318  75.1%     -   11s
     0     0    1.62055    0  741    5.00000    1.62055  67.6%     -   14s
     0     0    1.64666    0 1056    5.00000    1.64666  67.1%     -   20s
     0     0    1.65356    0 1050    5.00000    1.65356  66.9%     -   21s
     0     0    1.66872    0  974    5.00000    1.66872  66.6%     -   22s
     0     0    1.67075    0 1045    5.00000    1.67075  66.6%     -   28s
     0     0    1.68232    0  968    5.00000    1.68232  66.4%     -   30s
     0     0    1.68373    0  977    5.00000    1.68373  66.3%     -   30s
     0     0    1.69367    0 1013    5.00000    1.69367  66.1%     -   32s
     0     0    1.69445    0 1022    5.00000    1.69445  66.1%     -   34s
     0     0    1.70325    0 1140    5.00000    1.70325  65.9%     -   36s
     0     0    1.70353    0 1137    5.00000    1.70353  65.9%     -   37s
     0     0    1.71300    0 1098    5.00000    1.71300  65.7%     -   39s
     0     0    1.71341    0 1311    5.00000    1.71341  65.7%     -   39s
     0     0    1.72345    0 1119    5.00000    1.72345  65.5%     -   42s
     0     0    1.72368    0 1104    5.00000    1.72368  65.5%     -   46s
     0     0    1.73301    0 1485    5.00000    1.73301  65.3%     -   50s
     0     0    1.73324    0 1479    5.00000    1.73324  65.3%     -   60s
     0     0    1.73329    0 1464    5.00000    1.73329  65.3%     -   61s
     0     0    1.73977    0 1491    5.00000    1.73977  65.2%     -   65s
     0     0    1.74018    0 1478    5.00000    1.74018  65.2%     -   69s
     0     0    1.74020    0 1476    5.00000    1.74020  65.2%     -   70s
     0     0    1.74625    0 1376    5.00000    1.74625  65.1%     -   74s
     0     0    1.74684    0 1420    5.00000    1.74684  65.1%     -   82s
     0     0    1.75108    0 1344    5.00000    1.75108  65.0%     -   86s
     0     0    1.75128    0 1335    5.00000    1.75128  65.0%     -   87s
     0     0    1.75283    0 1318    5.00000    1.75283  64.9%     -   92s
     0     0    1.75305    0 1300    5.00000    1.75305  64.9%     -   93s
     0     0    1.75313    0 1305    5.00000    1.75313  64.9%     -   93s
     0     0    1.75608    0 1409    5.00000    1.75608  64.9%     -   97s
     0     0    1.75613    0 1443    5.00000    1.75613  64.9%     -   97s
     0     0    1.75823    0 1435    5.00000    1.75823  64.8%     -  101s
     0     0    1.75844    0 1448    5.00000    1.75844  64.8%     -  102s
     0     0    1.75844    0 1448    5.00000    1.75844  64.8%     -  102s
     0     0    1.75996    0 1375    5.00000    1.75996  64.8%     -  104s
     0     0    1.76022    0 1371    5.00000    1.76022  64.8%     -  113s
     0     0    1.76036    0 1366    5.00000    1.76036  64.8%     -  114s
     0     0    1.76270    0 1382    5.00000    1.76270  64.7%     -  118s
     0     0    1.76303    0 1334    5.00000    1.76303  64.7%     -  119s
     0     0    1.76304    0 1333    5.00000    1.76304  64.7%     -  119s
     0     0    1.76496    0 1305    5.00000    1.76496  64.7%     -  123s
     0     0    1.76501    0 1351    5.00000    1.76501  64.7%     -  131s
     0     0    1.76630    0 1418    5.00000    1.76630  64.7%     -  134s
     0     0    1.76647    0 1443    5.00000    1.76647  64.7%     -  136s
     0     0    1.76777    0 1277    5.00000    1.76777  64.6%     -  139s
     0     0    1.76777    0 1275    5.00000    1.76777  64.6%     -  139s
     0     2    1.76777    0 1275    5.00000    1.76777  64.6%     -  367s
     1     4    1.77031    1  985    5.00000    1.76777  64.6%  2520  384s
     3     6    1.77657    2 1254    5.00000    1.77031  64.6%  5937  390s
     7     8    1.79042    4 1130    5.00000    1.77031  64.6%  3645  398s
     9    10    1.80217    5 1136    5.00000    1.77031  64.6%  3260  402s
    11    12    1.80862    6 1127    5.00000    1.77031  64.6%  2950  405s
    15    16    1.82632    8 1163    5.00000    1.77031  64.6%  2574  412s
    17    18    1.83974    9  971    5.00000    1.77031  64.6%  2482  416s
    21    22    1.88421   11  823    5.00000    1.77031  64.6%  2307  420s
    25    26    1.92347   14  885    5.00000    1.77031  64.6%  2067  425s
    33    34    2.05664   20  632    5.00000    1.77031  64.6%  1726  430s
    48    49    2.30149   32  559    5.00000    1.77031  64.6%  1334  436s
    57    58    2.81782   39  381    5.00000    1.77031  64.6%  1203  441s
    72    68    2.42238    2 1610    5.00000    1.77672  64.5%  1142  455s
    76    72    2.43377    4 1576    5.00000    1.77672  64.5%  1127  460s
    82    77    2.45108    7 1558    5.00000    1.77672  64.5%  1101  484s
    84    79    2.45673    8 1542    5.00000    1.77672  64.5%  1093  487s
    88    83    2.46887   10 1528    5.00000    1.77672  64.5%  1079  490s
    95    90    2.49969   14 1426    5.00000    1.77672  64.5%  1067  498s
    99    94    2.51051   16 1387    5.00000    1.77672  64.5%  1053  501s
   111   106    2.54027   20 1347    5.00000    1.77672  64.5%  1008  527s
   113   108    2.54678   21 1328    5.00000    1.77672  64.5%  1003  531s
   137   132    2.58202   26 1207    5.00000    1.77672  64.5%   887  561s
   142   137    2.59764   28 1257    5.00000    1.77672  64.5%   869  565s
   160   152    2.61935   31 1229    5.00000    1.77672  64.5%   798  577s
   172   163    2.66285   35 1163    5.00000    1.77672  64.5%   803  604s
   174   166    2.67461   36 1151    5.00000    1.77672  64.5%   805  608s
   180   170    2.70938   39 1075    5.00000    1.77672  64.5%   799  613s
   189   179    2.81091   45  933    5.00000    1.77672  64.5%   793  638s
   204   195    3.05859   57  787    5.00000    1.77672  64.5%   764  643s
   228   218    3.89239   78  401    5.00000    1.77672  64.5%   709  675s
   230   215    3.96230   79  389    5.00000    1.79053  64.2%   706  691s
   240   222    2.45239    4 1619    5.00000    1.79053  64.2%   736  697s
   245   226    2.46160    6 1594    5.00000    1.79053  64.2%   740  703s
   252   232    2.47498    9 1523    5.00000    1.79053  64.2%   742  710s
   260   240    2.48861   12 1497    5.00000    1.79053  64.2%   741  716s
   270   250    2.51282   15 1445    5.00000    1.79053  64.2%   754  723s
   301   277    2.53425   18 1365    5.00000    1.79053  64.2%   705  735s
   319   292    2.55624   21 1321    5.00000    1.79053  64.2%   702  742s
   328   298    2.58645   26 1281    5.00000    1.79053  64.2%   702  749s
   338   308    2.61941   30 1246    5.00000    1.79053  64.2%   701  756s
   347   317    2.65371   34 1195    5.00000    1.79053  64.2%   707  764s
   365   335    2.70493   39 1073    5.00000    1.79053  64.2%   701  774s
   410   372    2.95416   50  840    5.00000    1.80867  63.8%   660  796s
   461   420    2.45763    6 1567    5.00000    1.81742  63.7%   644  804s
   469   423    2.47643   10 1507    5.00000    1.81742  63.7%   648  814s
   480   432    2.51339   16 1382    5.00000    1.81742  63.7%   660  850s
   489   441    2.52777   18 1347    5.00000    1.81742  63.7%   660  865s
   516   462    2.57992   24 1299    5.00000    1.81742  63.7%   645  880s
   533   469    2.63715   30 1121    5.00000    1.81742  63.7%   658  893s
   590   488    3.05970   52  771    5.00000    1.84410  63.1%   642  910s
   665   515    3.36572    9 1567    5.00000    1.86560  62.7%   616  972s
   667   516     cutoff   10         5.00000    1.86560  62.7%   619  989s
   701   525     cutoff   21         5.00000    1.88806  62.2%   616 1007s
   794   568    2.45256    7 1275    5.00000    1.88806  62.2%   581 1031s
   796   569    2.46205    2 1751    5.00000    1.88806  62.2%   580 1039s
   797   570    2.82828   46 1120    5.00000    1.88806  62.2%   579 1259s
   798   571    2.82828   46  946    5.00000    1.88806  62.2%   578 1266s
   799   571    3.03109   45 1117    5.00000    1.88806  62.2%   578 1271s
   800   572    3.09390   54 1279    5.00000    1.88806  62.2%   577 1275s
   802   573    2.72917   39 1291    5.00000    1.88806  62.2%   576 1281s
   803   574    2.54306   16 1138    5.00000    1.88806  62.2%   575 1292s
   804   575    2.54757   20 1138    5.00000    1.88806  62.2%   574 1297s
   805   575    3.56589   24 1260    5.00000    1.88806  62.2%   573 1312s
   806   576    2.96087   48 1298    5.00000    1.88806  62.2%   573 1315s
   807   577    3.82406   41 1521    5.00000    1.88806  62.2%   572 1324s
   808   577    3.70341   71 1521    5.00000    1.88806  62.2%   571 1329s
   809   578    2.82650   48 1521    5.00000    1.88806  62.2%   571 1370s
   810   582    1.88806   13 1532    5.00000    1.88806  62.2%   616 1397s
   812   583    1.88806   14 1164    5.00000    1.88806  62.2%   631 1401s
   814   584    2.46747   14 1621    5.00000    1.88806  62.2%   643 1418s
   816   586    1.88806   15  975    5.00000    1.88806  62.2%   650 1422s
   818   587    2.44664   15 1651    5.00000    1.88806  62.2%   662 1438s
   820   588    1.88806   16 1139    5.00000    1.88806  62.2%   668 1442s
   822   590    2.44089   16 1582    5.00000    1.88806  62.2%   678 1455s
   824   587    1.88806   17 1043    5.00000    1.88806  62.2%   682 1465s
   828   590    1.88806   18  949    5.00000    1.88806  62.2%   693 1474s
   832   589    1.88806   19 1144    5.00000    1.88806  62.2%   706 1479s
   835   593    2.43231   19 1529    5.00000    1.88806  62.2%   720 1492s
   838   590    1.88806   20 1117    5.00000    1.88806  62.2%   724 1504s
   842   593    1.88806   21  946    5.00000    1.88806  62.2%   738 1517s
   846   594    1.88806   22 1053    5.00000    1.88806  62.2%   752 1542s
   850   594    1.88806   23  915    5.00000    1.88806  62.2%   766 1555s
   854   595    1.88806   24  982    5.00000    1.88806  62.2%   780 1568s
   858   596    1.88806   25  955    5.00000    1.88806  62.2%   796 1581s
   862   597    1.88806   26  945    5.00000    1.88806  62.2%   811 1590s
   867   597    1.88806   27  931    5.00000    1.88806  62.2%   820 1601s
   872   598    1.88806   28  941    5.00000    1.88806  62.2%   836 1623s
   877   599    1.88806   29  756    5.00000    1.88806  62.2%   844 1635s
   882   602    1.89039   30  755    5.00000    1.89039  62.2%   856 1647s
   888   603    1.91676   32  636    5.00000    1.91676  61.7%   869 1654s
   899   607    2.01947   36  962    5.00000    2.01947  59.6%   877 1674s
   907   612    2.81679   38  907    5.00000    2.08682  58.3%   891 1685s
   921   616    3.10583   43  864    5.00000    2.15388  56.9%   902 1712s
   935   624    3.28305   48  610    5.00000    2.43234  51.4%   906 1720s
   952   627    2.95455   55  285    5.00000    2.43234  51.4%   903 1739s
   962   627    3.23478   58  267    5.00000    2.43234  51.4%   905 1747s
   982   625     cutoff   66         5.00000    2.43636  51.3%   900 1757s
   992   625    3.37942   22 1710    5.00000    2.43777  51.2%   909 1779s
   997   623    3.38122   23 1705    5.00000    2.43777  51.2%   914 1790s
  1003   623    2.46684   25 1440    5.00000    2.43777  51.2%   925 1802s
  1011   625    2.47688   27 1396    5.00000    2.43777  51.2%   936 1815s
  1021   625    2.49276   29 1375    5.00000    2.43777  51.2%   947 1825s
  1029   627    2.50509   31 1350    5.00000    2.43777  51.2%   957 1852s
  1035   628    2.51870   33 1298    5.00000    2.43777  51.2%   964 1864s
  1044   632    3.48832   35 1399    5.00000    2.43777  51.2%   975 1876s
  1053   632    2.54204   38 1228    5.00000    2.43777  51.2%   984 1891s
  1064   635    3.53196   40 1341    5.00000    2.43777  51.2%   997 1924s
  1073   636    3.55620   42 1313    5.00000    2.43777  51.2%  1003 1935s
  1103   652    2.77858   56  903    5.00000    2.43777  51.2%  1003 1949s
  1139   662    2.97691   71  672    5.00000    2.43777  51.2%   992 1960s
  1179   660    3.38158   88  471    5.00000    2.43777  51.2%   975 1973s
  1223   649    3.36043   20 1599    5.00000    2.44095  51.2%   956 1986s
  1237   648    3.41352   28 1455    5.00000    2.44095  51.2%   961 2000s
  1258   653    3.59138   43 1144    5.00000    2.44225  51.2%   962 2033s
  1289   669    2.45745   19 1513    5.00000    2.44225  51.2%   949 2047s
  1301   669    2.49149   25 1425    5.00000    2.44225  51.2%   954 2062s
  1315   672    2.53404   33 1266    5.00000    2.44225  51.2%   957 2077s
  1330   676    2.59509   42 1168    5.00000    2.44225  51.2%   961 2092s
  1362   690    2.96689   68  745    5.00000    2.44225  51.2%   956 2126s
  1423   688    3.90729  102  386    5.00000    2.44552  51.1%   928 2141s
  1441   685    3.41466   24 1638    5.00000    2.44552  51.1%   931 2160s
  1461   691    3.49917   36 1397    5.00000    2.44665  51.1%   934 2180s
  1502   707    3.35625   19 1780    5.00000    2.44665  51.1%   929 2235s
  1514   706    3.41155   27 1575    5.00000    2.44665  51.1%   930 2254s
  1544   722    3.66277   49 1125    5.00000    2.44943  51.0%   930 2274s
  1586   737    2.47474   20 1527    5.00000    2.44943  51.0%   922 2293s
  1600   733    2.51060   27 1406    5.00000    2.44943  51.0%   929 2311s
  1618   745    2.55628   36 1250    5.00000    2.44943  51.0%   931 2401s
  1631   742    2.60837   44 1132    5.00000    2.45394  50.9%   933 2424s
  1679   767    3.35641   20 1761    5.00000    2.45394  50.9%   927 2446s
  1712   773    3.52326   39 1223    5.00000    2.45866  50.8%   930 2470s
  1792   807     cutoff   20         5.00000    2.45866  50.8%   918 2494s
  1920   788    3.52411   42 1260    5.00000    2.46433  50.7%   878 2519s
  2026   794    3.43065   26 1630    5.00000    2.46449  50.7%   852 2543s
  2081   824    3.81554   56  989    5.00000    2.46747  50.7%   848 2573s
  2139   840    3.42505   28 1593    5.00000    2.46900  50.6%   842 2612s
  2225   827    3.29229   16 1729    5.00000    2.46900  50.6%   832 2643s
  2284   859    3.41223   36 1347    5.00000    2.47275  50.5%   825 2673s
  2353   892    3.39906   28 1580    5.00000    2.47735  50.5%   814 2705s
  2441   929    3.46694   30 1477    5.00000    2.48247  50.4%   806 2736s
  2541   936    3.40918   22 1681    5.00000    2.48247  50.4%   804 2770s
  2610   961    3.57524   44 1211    5.00000    2.48273  50.3%   795 2883s
  2652   994    2.54411   28 1301    5.00000    2.48302  50.3%   793 2924s
  2790  1065    3.40767   22 1695    5.00000    2.48317  50.3%   775 2961s
  2890  1136     cutoff   67         5.00000    2.48555  50.3%   766 3000s
  3061  1164    3.47104   36 1320    5.00000    2.49196  50.2%   749 3042s
  3189  1271    3.79695   58  918    5.00000    2.49300  50.1%   738 3080s
  3286  1350    3.67347   50 1103    5.00000    2.49318  50.1%   732 3122s
  3454  1462    2.55085   33 1270    5.00000    2.49367  50.1%   717 3167s
  3589  1561    3.45451   34 1408    5.00000    2.49636  50.1%   708 3212s
  3765  1651    3.43032   31 1564    5.00000    2.49804  50.0%   694 3256s
  3928  1727    3.49493   35 1413    5.00000    2.50250  50.0%   684 3305s
  4068  1842    3.46570   31 1536    5.00000    2.50541  49.9%   678 3411s
  4125  1886    3.50862   37 1412    5.00000    2.50597  49.9%   676 3462s
  4277  2013    3.86732   63  926    5.00000    2.50818  49.8%   670 3527s
  4446  2054     cutoff   47         5.00000    2.51021  49.8%   665 3594s
  4545  2101    3.42811   28 1552    5.00000    2.51082  49.8%   661 3595s
  4628  2171    3.37518   23 1652    5.00000    2.51082  49.8%   658 3600s

Cutting planes:
  Gomory: 2
  MIR: 25
  Flow cover: 9
  Zero half: 136
  Mod-K: 8

Explored 4639 nodes (3104778 simplex iterations) in 3600.11 seconds
Thread count was 4 (of 4 available processors)

Solution count 2: 5 6 

Time limit reached
Best objective 5.000000000000e+00, best bound 3.000000000000e+00, gap 40.0000%
