
Gurobi 8.1.1 (win64) logging started 11/25/19 01:55:25

Changed value of parameter LogFile to logs/full/rlt/full-06-15-1.log
   Prev: gurobi.log  Default: 
Changed value of parameter LogToConsole to 0
   Prev: 1  Min: 0  Max: 1  Default: 1
Changed value of parameter TimeLimit to 3600.0
   Prev: 1e+100  Min: 0.0  Max: 1e+100  Default: 1e+100
Optimize a model with 132772 rows, 44551 columns and 313382 nonzeros
Variable types: 0 continuous, 44551 integer (298 binary)
Coefficient statistics:
  Matrix range     [1e+00, 1e+00]
  Objective range  [1e+00, 1e+00]
  Bounds range     [1e+00, 1e+00]
  RHS range        [1e+00, 2e+00]
Presolve time: 1.87s
Presolved: 132772 rows, 44551 columns, 313382 nonzeros
Variable types: 0 continuous, 44551 integer (44551 binary)
Found heuristic solution: objective 10.0000000

Root simplex log...

Iteration    Objective       Primal Inf.    Dual Inf.      Time
    4285    1.9999971e+00   3.066667e+01   0.000000e+00      5s
    5885    2.0000110e+00   2.366667e+01   0.000000e+00     10s
    7305    2.1290389e+00   2.093548e+01   0.000000e+00     15s
    9227    2.1428598e+00   1.166071e+01   0.000000e+00     20s
   14138    2.1436903e+00   3.108150e+00   0.000000e+00     25s
   14286    2.1436950e+00   0.000000e+00   0.000000e+00     25s

Root relaxation: objective 2.143695e+00, 14286 iterations, 22.99 seconds

    Nodes    |    Current Node    |     Objective Bounds      |     Work
 Expl Unexpl |  Obj  Depth IntInf | Incumbent    BestBd   Gap | It/Node Time

     0     0    2.14370    0 2425   10.00000    2.14370  78.6%     -   32s
H    0     0                       8.0000000    2.14370  73.2%     -   43s
H    0     0                       6.0000000    2.14370  64.3%     -   55s
     0     0    2.54786    0 1769    6.00000    2.54786  57.5%     -   63s
     0     0    2.59048    0 1092    6.00000    2.59048  56.8%     -   93s
     0     0    2.59310    0 1130    6.00000    2.59310  56.8%     -  110s
     0     0    2.59381    0 1085    6.00000    2.59381  56.8%     -  112s
     0     0    2.61998    0  883    6.00000    2.61998  56.3%     -  141s
     0     0    2.62022    0 1014    6.00000    2.62022  56.3%     -  142s
     0     0    2.62023    0 1034    6.00000    2.62023  56.3%     -  144s
     0     0    2.62053    0 1451    6.00000    2.62053  56.3%     -  145s
     0     0    2.62069    0 1470    6.00000    2.62069  56.3%     -  171s
     0     0    2.62181    0  994    6.00000    2.62181  56.3%     -  174s
     0     0    2.62181    0  996    6.00000    2.62181  56.3%     -  175s
     0     0    2.62214    0 1933    6.00000    2.62214  56.3%     -  177s
     0     0    2.62222    0 2009    6.00000    2.62222  56.3%     -  181s
     0     0    2.62236    0 1669    6.00000    2.62236  56.3%     -  183s
     0     0    2.62237    0 1669    6.00000    2.62237  56.3%     -  186s
     0     0    2.62265    0 1644    6.00000    2.62265  56.3%     -  188s
     0     0    2.62265    0 1680    6.00000    2.62265  56.3%     -  190s
     0     0    2.62268    0 1513    6.00000    2.62268  56.3%     -  192s
     0     0    2.62268    0 1475    6.00000    2.62268  56.3%     -  193s
     0     2    2.62268    0 1467    6.00000    2.62268  56.3%     -  615s
     1     4    2.62649    1 1503    6.00000    2.62276  56.3%  3041  623s
     3     6    2.62826    2 1305    6.00000    2.62718  56.2%  5994  626s
    11    12    2.66820    6 2080    6.00000    2.62718  56.2%  2561  634s
    13    14    2.67170    7 1626    6.00000    2.62718  56.2%  2356  638s
    15    16    2.68313    8 1066    6.00000    2.62718  56.2%  2213  642s
    17    18    2.69595    9  894    6.00000    2.62718  56.2%  2127  646s
    20    21    2.70046   10 1308    6.00000    2.62718  56.2%  1931  650s
    24    25    2.71231   12 1489    6.00000    2.62718  56.2%  1841  656s
    26    27    2.71324   13 1434    6.00000    2.62718  56.2%  1763  695s
    31    32    2.72695   16 1189    6.00000    2.62718  56.2%  1661  702s
    34    35    2.73687   18 1198    6.00000    2.62718  56.2%  1627  705s
    37    38    2.75653   20 1380    6.00000    2.62718  56.2%  1641  711s
    39    40    2.75853   21 1211    6.00000    2.62718  56.2%  1620  715s
    47    48    2.79804   25 1056    6.00000    2.62718  56.2%  1607  721s
    56    57    2.84589   31 1002    6.00000    2.62718  56.2%  1492  780s
    64    65    2.89239   36 1012    6.00000    2.62718  56.2%  1434  787s
    68    69    2.92687   38 1289    6.00000    2.62718  56.2%  1402  791s
    73    74    2.96545   41  989    6.00000    2.62718  56.2%  1369  795s
    77    78    3.00108   43 1160    6.00000    2.62718  56.2%  1345  800s
    84    85    3.12077   47 1173    6.00000    2.62718  56.2%  1295  888s
    86    87    3.97279   47 1584    6.00000    2.62718  56.2%  1295  893s
    92    93    3.28283   50  890    6.00000    2.62718  56.2%  1281  898s
    96    97    3.38462   52  820    6.00000    2.62718  56.2%  1265  903s
   104   105    3.60529   57  753    6.00000    2.62718  56.2%  1224  907s
   112   113    3.86633   61  883    6.00000    2.62718  56.2%  1182 1007s
   114   115    3.91740   62  508    6.00000    2.62718  56.2%  1178 1013s
   125   126    4.23154   67  803    6.00000    2.62718  56.2%  1124 1018s
   136   134    4.67397   75  544    6.00000    2.63098  56.2%  1076 1025s
   149   146    3.14607    3 3106    6.00000    2.63098  56.2%  1057 1032s
   156   151    3.16891    6 2872    6.00000    2.63098  56.2%  1058 1038s
   162   157    3.17462    8 2418    6.00000    2.63098  56.2%  1058 1046s
   172   167    3.21299   13 2564    6.00000    2.63098  56.2%  1065 1053s
   184   179    3.22878   15 2219    6.00000    2.63098  56.2%  1029 1060s
   195   190    3.26959   19 2301    6.00000    2.63098  56.2%  1008 1171s
   197   192    3.27923   20 2555    6.00000    2.63098  56.2%  1007 1179s
   206   201    3.30723   23 1868    6.00000    2.63098  56.2%   990 1186s
   217   212    3.34108   27 1954    6.00000    2.63098  56.2%   975 1195s
   227   221    3.37732   31 2318    6.00000    2.63098  56.2%   979 1203s
   235   227    3.41273   35 2343    6.00000    2.63098  56.2%   977 1213s
   247   237    3.49858   43 2185    6.00000    2.63098  56.2%   998 1225s
   260   249    3.56158   54 1211    6.00000    2.63098  56.2%   991 1437s
   262   250    3.57206   55 1433    6.00000    2.63098  56.2%   992 1448s
   273   261    3.70130   63 1175    6.00000    2.63098  56.2%   984 1461s
   287   275    3.84233   73 1206    6.00000    2.63098  56.2%   974 1471s
   300   288    4.00000   84  924    6.00000    2.63098  56.2%   961 1482s
   314   302    4.25434   95 1123    6.00000    2.63098  56.2%   952 1494s
   332   320    4.50980  108  545    6.00000    2.63098  56.2%   934 1507s
   351   338     cutoff  123         6.00000    2.64283  56.0%   918 1520s
   366   349    3.18756    6 2793    6.00000    2.64283  56.0%   949 1533s
   378   360    3.21054   10 2898    6.00000    2.64283  56.0%   958 1549s
   385   367    3.22922   12 2874    6.00000    2.64283  56.0%   966 1562s
   405   388    3.26989   18 2350    6.00000    2.64283  56.0%   960 1575s
   435   417    3.36058   28 1742    6.00000    2.64283  56.0%   944 1590s
   468   449    3.46490   39 1457    6.00000    2.64283  56.0%   916 1605s
   497   477    3.59454   52 1304    6.00000    2.64283  56.0%   895 1622s
   521   495    3.80000   68 1456    6.00000    2.64283  56.0%   895 1637s
   544   517    4.05178   83  750    6.00000    2.64283  56.0%   888 1659s
   582   555    4.58893  110 1236    6.00000    2.64283  56.0%   863 1819s
   584   552    4.67520  111 1034    6.00000    2.67172  55.5%   862 1837s
   612   577    3.19977    7 2968    6.00000    2.67172  55.5%   873 1855s
   639   602    3.25839   14 2632    6.00000    2.67172  55.5%   873 1876s
   674   635    3.33042   23 2286    6.00000    2.67172  55.5%   855 1896s
   706   664    3.45568   34 2054    6.00000    2.67172  55.5%   849 1926s
   725   676    4.25651   97 1475    6.00000    2.67172  55.5%   849 1988s
   727   677    3.81920   62 2425    6.00000    2.67172  55.5%   846 2028s

Cutting planes:
  Gomory: 1

Explored 727 nodes (690689 simplex iterations) in 3600.10 seconds
Thread count was 4 (of 4 available processors)

Solution count 3: 6 8 10 

Time limit reached
Best objective 6.000000000000e+00, best bound 3.000000000000e+00, gap 50.0000%
