
Gurobi 8.1.1 (win64) logging started 11/25/19 00:55:23

Changed value of parameter LogFile to logs/full/rlt/full-06-15-0.log
   Prev: gurobi.log  Default: 
Changed value of parameter LogToConsole to 0
   Prev: 1  Min: 0  Max: 1  Default: 1
Changed value of parameter TimeLimit to 3600.0
   Prev: 1e+100  Min: 0.0  Max: 1e+100  Default: 1e+100
Optimize a model with 65850 rows, 22155 columns and 156556 nonzeros
Variable types: 0 continuous, 22155 integer (210 binary)
Coefficient statistics:
  Matrix range     [1e+00, 1e+00]
  Objective range  [1e+00, 1e+00]
  Bounds range     [1e+00, 1e+00]
  RHS range        [1e+00, 1e+00]
Presolve time: 0.64s
Presolved: 65850 rows, 22155 columns, 156556 nonzeros
Variable types: 0 continuous, 22155 integer (22155 binary)
Found heuristic solution: objective 8.0000000

Root simplex log...

Iteration    Objective       Primal Inf.    Dual Inf.      Time
    7371    1.1785547e+00   1.588271e+00   0.000000e+00      5s
    7880    1.1785539e+00   0.000000e+00   0.000000e+00      5s

Root relaxation: objective 1.178554e+00, 7880 iterations, 4.48 seconds

    Nodes    |    Current Node    |     Objective Bounds      |     Work
 Expl Unexpl |  Obj  Depth IntInf | Incumbent    BestBd   Gap | It/Node Time

     0     0    1.17855    0 3037    8.00000    1.17855  85.3%     -    9s
H    0     0                       6.0000000    1.17855  80.4%     -   13s
     0     0    1.33250    0 1830    6.00000    1.33250  77.8%     -   20s
     0     0    1.47167    0 2613    6.00000    1.47167  75.5%     -   38s
     0     0    1.47172    0 2609    6.00000    1.47172  75.5%     -   41s
     0     0    1.53857    0 2028    6.00000    1.53857  74.4%     -   43s
     0     0    1.53857    0 2029    6.00000    1.53857  74.4%     -   57s
     0     0    1.55220    0 2131    6.00000    1.55220  74.1%     -   60s
     0     0    1.55572    0 2178    6.00000    1.55572  74.1%     -   61s
     0     0    1.55744    0 2188    6.00000    1.55744  74.0%     -   64s
     0     0    1.55744    0 2199    6.00000    1.55744  74.0%     -   64s
     0     0    1.55744    0 2206    6.00000    1.55744  74.0%     -   68s
     0     0    1.55744    0 2206    6.00000    1.55744  74.0%     -   71s
     0     2    1.55744    0 2206    6.00000    1.55744  74.0%     -  242s
     1     4    1.56748    1 1867    6.00000    1.55776  74.0%  4983  248s
     5     8    1.58349    3 1863    6.00000    1.56748  73.9%  3420  250s
    14    15    1.60372    7 1424    6.00000    1.56748  73.9%  1691  255s
    24    25    1.63517   12 1403    6.00000    1.56748  73.9%  1399  260s
    28    29    1.66396   14 1438    6.00000    1.56748  73.9%  1368  271s
    35    36    1.70217   17 1585    6.00000    1.56748  73.9%  1254  275s
    45    46    1.75990   21 1474    6.00000    1.56748  73.9%  1146  280s
    55    56    1.83537   26 1267    6.00000    1.56748  73.9%  1105  290s
    66    67    1.94664   32 1091    6.00000    1.56748  73.9%  1069  295s
    80    81    2.09793   39  966    6.00000    1.56748  73.9%  1003  302s
    85    86    2.27083   41  887    6.00000    1.56748  73.9%  1005  317s
    87    88    2.34583   42  861    6.00000    1.56748  73.9%   997  322s
    91    92    2.49515   44  748    6.00000    1.56748  73.9%   985  325s
   109   107    4.23385   56  459    6.00000    1.57586  73.7%   916  334s
   121   116    2.23235    3 2932    6.00000    1.57586  73.7%   929  337s
   130   123    2.25556    7 2805    6.00000    1.57586  73.7%   922  340s
   137   130    2.26228    9 2668    6.00000    1.57586  73.7%   912  346s
   156   149    2.30602   18 2409    6.00000    1.57586  73.7%   865  352s
   170   163    2.35449   25 2285    6.00000    1.57586  73.7%   832  383s
   172   165    2.35882   26 2204    6.00000    1.57586  73.7%   831  386s
   198   191    2.44198   36 2010    6.00000    1.57586  73.7%   782  420s
   200   193    2.45755   37 1886    6.00000    1.57586  73.7%   778  425s
   215   205    2.54167   44 1712    6.00000    1.57586  73.7%   751  456s
   233   221    2.61890   49 1683    6.00000    1.57586  73.7%   740  460s
   257   242    2.88369   66 1260    6.00000    1.57586  73.7%   729  534s
   263   248    2.95349   69 1227    6.00000    1.57586  73.7%   728  539s
   284   269    3.16279   82 1050    6.00000    1.57586  73.7%   710  546s
   288   273    3.23161   84 1034    6.00000    1.57586  73.7%   707  551s
   312   294    3.88000  102  708    6.00000    1.58754  73.5%   683  558s
   346   329    2.39584    4 2441    6.00000    1.58754  73.5%   660  563s
   361   341    2.43206   12 2218    6.00000    1.58754  73.5%   658  569s
   384   364    2.48980   24 1978    6.00000    1.58754  73.5%   662  574s
   404   385    2.54733   33 1729    6.00000    1.58754  73.5%   669  580s
   424   404    2.61444   43 1746    6.00000    1.58754  73.5%   670  586s
   450   425    2.69808   55 1576    6.00000    1.58754  73.5%   664  594s
   491   463    2.84087   63 1342    6.00000    1.58754  73.5%   644  601s
   512   480    3.21013   76 1074    6.00000    1.58754  73.5%   643  608s
   538   506    3.78511   91  782    6.00000    1.58754  73.5%   639  718s
   566   529     cutoff  112         6.00000    1.59806  73.4%   627  725s
   576   533    2.27784    8 2537    6.00000    1.59806  73.4%   636  734s
   602   558    2.35718   23 2281    6.00000    1.59806  73.4%   635  742s
   630   587    2.44097   34 2037    6.00000    1.59806  73.4%   631  750s
   659   615    2.58239   45 1738    6.00000    1.59806  73.4%   629  760s
   689   643    2.68523   52 1588    6.00000    1.59806  73.4%   619  769s
   727   673    4.46681   58 2206    6.00000    1.59806  73.4%   614  783s
   729   674    2.44153   14 3037    6.00000    1.59806  73.4%   612  797s
   730   675    2.55391   40 2269    6.00000    1.59806  73.4%   611 1113s
   731   676    2.76249   57 2345    6.00000    1.59806  73.4%   610 1116s
   734   678    2.29484   11 2055    6.00000    1.59806  73.4%   608 1133s
   736   679    2.93687   68 2071    6.00000    1.59806  73.4%   606 1135s
   737   680    2.84290   67 2028    6.00000    1.59806  73.4%   605 1142s
   739   681    3.91145   94 2105    6.00000    1.59806  73.4%   604 1146s
   740   682    3.04958   70 2440    6.00000    1.59806  73.4%   603 1159s
   741   682    3.45238   87 2471    6.00000    1.59806  73.4%   602 1164s
   742   683    3.62121   95 2477    6.00000    1.59806  73.4%   601 1175s
   744   684    3.56471   88 2488    6.00000    1.59806  73.4%   600 1188s
   745   685    2.81042   62 2488    6.00000    1.59806  73.4%   599 1193s
   746   686    3.10552   73 2488    6.00000    1.59806  73.4%   598 1235s
   747   689    1.59806   11 2486    6.00000    1.59806  73.4%   681 1250s
   751   692    2.24166   12 2859    6.00000    1.59806  73.4%   703 1258s
   753   693    1.59806   13 2382    6.00000    1.59806  73.4%   710 1260s
   755   695    2.24871   13 2897    6.00000    1.59806  73.4%   719 1267s
   757   695    1.59806   14 2328    6.00000    1.59806  73.4%   727 1272s
   760   695    2.26535   14 2794    6.00000    1.59806  73.4%   746 1279s
   763   696    1.59806   15 2266    6.00000    1.59806  73.4%   753 1285s
   767   698    1.59806   16 2277    6.00000    1.59806  73.4%   764 1290s
   772   699    1.59806   17 2263    6.00000    1.59806  73.4%   773 1309s
   775   699    1.59806   18 2190    6.00000    1.59806  73.4%   791 1315s
   780   702    1.59806   19 2131    6.00000    1.59806  73.4%   802 1323s
   783   705    1.60032   20 1952    6.00000    1.60032  73.3%   820 1330s
   787   708    1.60749   21 1850    6.00000    1.60749  73.2%   840 1338s
   791   707    1.61582   22 1881    6.00000    1.61582  73.1%   855 1347s
   795   707    1.62602   23 1785    6.00000    1.62602  72.9%   873 1353s
   799   708    1.62655   24 1749    6.00000    1.62655  72.9%   887 1376s
   803   711    1.63033   25 1698    6.00000    1.63033  72.8%   900 1383s
   807   713    1.63442   26 1630    6.00000    1.63442  72.8%   916 1389s
   813   715    1.64068   27 1552    6.00000    1.64068  72.7%   931 1395s
   817   713    1.64336   28 1519    6.00000    1.64336  72.6%   943 1400s
   826   718    2.38343   29 2195    6.00000    1.64715  72.5%   956 1418s
   830   720    1.65456   30 1578    6.00000    1.65456  72.4%   961 1425s
   835   722    1.65489   31 1545    6.00000    1.65489  72.4%   975 1432s
   841   723    1.66412   32 1462    6.00000    1.66412  72.3%   989 1438s
   846   723    1.66932   33 1453    6.00000    1.66932  72.2%  1000 1444s
   852   727    2.47628   34 1965    6.00000    1.67508  72.1%  1017 1464s
   860   730    1.67581   36 1436    6.00000    1.67581  72.1%  1022 1471s
   867   733    1.68788   38 1415    6.00000    1.68788  71.9%  1039 1479s
   875   737    1.69724   40 1476    6.00000    1.69724  71.7%  1051 1486s
   885   741    1.71695   42 1422    6.00000    1.71695  71.4%  1059 1542s
   889   744    1.71900   43 1459    6.00000    1.71900  71.4%  1060 1551s
   899   751    1.72893   46 1429    6.00000    1.72893  71.2%  1073 1560s
   915   759    1.75816   51 1323    6.00000    1.75816  70.7%  1081 1567s
   933   774    2.77938   56 1340    6.00000    1.87912  68.7%  1083 1576s
   950   786    2.95945   62 1105    6.00000    2.01634  66.4%  1086 1584s
   969   797    2.07895   69  951    6.00000    2.07895  65.4%  1087 1593s
   993   813    2.17433   77  881    6.00000    2.17433  63.8%  1083 1601s
  1015   828    2.52344   84  676    6.00000    2.24180  62.6%  1082 1610s
  1051   845    4.55932   97  491    6.00000    2.24535  62.6%  1067 1621s
  1090   869    2.25892   15 2855    6.00000    2.24535  62.6%  1051 1630s
  1105   873    3.19093   16 3114    6.00000    2.24535  62.6%  1060 1640s
  1122   882    2.28140   18 2715    6.00000    2.24535  62.6%  1058 1650s
  1139   894    2.29003   20 2616    6.00000    2.24535  62.6%  1060 1660s
  1160   909    2.29972   22 2573    6.00000    2.24535  62.6%  1056 1669s
  1186   913    2.31124   24 2515    6.00000    2.24535  62.6%  1049 1678s
  1235   915    3.28789   26 2649    6.00000    2.24535  62.6%  1023 1697s
  1271   906    2.32775   28 2397    6.00000    2.24535  62.6%  1005 1710s
  1287   915    2.33728   31 2321    6.00000    2.24535  62.6%  1009 1721s
  1311   931    2.35400   35 2208    6.00000    2.24535  62.6%  1009 1733s
  1333   946    2.36508   38 2180    6.00000    2.24535  62.6%  1009 1745s
  1351   959    2.38490   41 2122    6.00000    2.24535  62.6%  1012 1757s
  1383   983    3.38721   44 2140    6.00000    2.24535  62.6%  1005 1771s
  1421  1004    2.44461   48 1957    6.00000    2.24535  62.6%   995 1870s
  1455  1019    3.45154   51 2082    6.00000    2.24535  62.6%   984 1887s
  1539  1041    2.59119   61 1679    6.00000    2.24535  62.6%   951 1902s
  1578  1067    3.71069   72 1264    6.00000    2.24535  62.6%   946 1917s
  1629  1097    3.93195   88 1379    6.00000    2.24535  62.6%   935 1932s
  1690  1139    4.31693  105 1062    6.00000    2.24535  62.6%   920 1949s
  1784  1169    4.06999  127  659    6.00000    2.26298  62.3%   890 1967s
  1864  1161    3.26439   23 2704    6.00000    2.26545  62.2%   869 1983s
  1911  1192    3.43964   46 2115    6.00000    2.26545  62.2%   863 2000s
  1971  1224    3.93334   77 1378    6.00000    2.27184  62.1%   854 2021s
  2094  1252    2.31110   16 2764    6.00000    2.27211  62.1%   822 2038s
  2121  1261    2.38010   29 2338    6.00000    2.27211  62.1%   822 2056s
  2158  1284    2.51553   46 1887    6.00000    2.27211  62.1%   821 2077s
  2235  1325     cutoff   79         6.00000    2.27264  62.1%   812 2099s
  2312  1359    4.25990   19 3120    6.00000    2.27326  62.1%   807 2121s
  2356  1361    4.35726   33 2576    6.00000    2.27326  62.1%   806 2142s
  2423  1369     cutoff   51         6.00000    2.27721  62.0%   802 2166s
  2557  1378    2.28909   21 2651    6.00000    2.27832  62.0%   777 2189s
  2609  1411    2.44921   45 1970    6.00000    2.27832  62.0%   777 2215s
  2719  1479    3.07874   82 1134    6.00000    2.27888  62.0%   762 2246s
  2859  1547    3.27123   22 2794    6.00000    2.28177  62.0%   746 2274s
  2950  1594     cutoff   39         6.00000    2.29175  61.8%   743 2304s
  3074  1643    3.25124   22 2850    6.00000    2.29175  61.8%   731 2363s
  3161  1716    3.46090   47 2055    6.00000    2.29753  61.7%   722 2396s
  3282  1833    3.21828   15 3107    6.00000    2.29753  61.7%   714 2428s
  3403  1942    3.59884   56 1752    6.00000    2.31037  61.5%   707 2461s
  3547  2077    3.30010   21 2795    6.00000    2.31037  61.5%   696 2535s
  3574  2101    3.50256   47 2022    6.00000    2.31169  61.5%   696 2570s
  3700  2210    2.35152   26 2459    6.00000    2.31248  61.5%   692 2606s
  3829  2300    4.67044   59 1567    6.00000    2.31350  61.4%   686 2641s
  3921  2380    3.41228   37 2361    6.00000    2.31350  61.4%   686 2683s
  4085  2528    4.84017  116  752    6.00000    2.31629  61.4%   678 2725s
  4208  2550     cutoff   40         6.00000    2.31635  61.4%   676 2767s
  4364  2594    2.42039   36 2126    6.00000    2.31838  61.4%   669 2812s
  4547  2752    3.33283   24 2732    6.00000    2.31981  61.3%   662 2861s
  4738  2935    3.27636   19 2944    6.00000    2.32054  61.3%   656 3003s
  4775  2967    3.65165   55 1709    6.00000    2.32112  61.3%   657 3053s
  4960  3134    3.44384   39 2269    6.00000    2.32367  61.3%   651 3106s
  5180  3307    4.36677   38 2511    6.00000    2.32423  61.3%   644 3161s
  5342  3450    3.50255   45 1903    6.00000    2.32511  61.2%   645 3219s
  5473  3560    4.32400   30 2604    6.00000    2.32720  61.2%   654 3280s
  5649  3637    3.36239   28 2560    6.00000    2.32727  61.2%   658 3339s
  5891  3790    3.39000   34 2286    6.00000    2.32950  61.2%   651 3401s
  6121  3978    2.45538   38 2066    6.00000    2.33141  61.1%   645 3462s
  6389  4190    3.38886   34 2463    6.00000    2.33304  61.1%   635 3522s
  6577  4359    3.34415   26 2634    6.00000    2.33362  61.1%   632 3580s
  6766  4532    3.34425   27 2591    6.00000    2.33369  61.1%   630 3600s

Cutting planes:
  Gomory: 4
  MIR: 2
  Flow cover: 3
  Zero half: 57

Explored 6846 nodes (4335083 simplex iterations) in 3600.04 seconds
Thread count was 4 (of 4 available processors)

Solution count 2: 6 8 

Time limit reached
Best objective 6.000000000000e+00, best bound 3.000000000000e+00, gap 50.0000%
