
Gurobi 8.1.1 (win64) logging started 11/24/19 21:55:13

Changed value of parameter LogFile to logs/full/rlt/full-05-30-0.log
   Prev: gurobi.log  Default: 
Changed value of parameter LogToConsole to 0
   Prev: 1  Min: 0  Max: 1  Default: 1
Changed value of parameter TimeLimit to 3600.0
   Prev: 1e+100  Min: 0.0  Max: 1e+100  Default: 1e+100
Optimize a model with 91153 rows, 30628 columns and 214891 nonzeros
Variable types: 0 continuous, 30628 integer (247 binary)
Coefficient statistics:
  Matrix range     [1e+00, 1e+00]
  Objective range  [1e+00, 1e+00]
  Bounds range     [1e+00, 1e+00]
  RHS range        [1e+00, 1e+00]
Presolve time: 0.94s
Presolved: 91153 rows, 30628 columns, 214891 nonzeros
Variable types: 0 continuous, 30628 integer (30628 binary)
Found heuristic solution: objective 7.0000000

Root simplex log...

Iteration    Objective       Primal Inf.    Dual Inf.      Time
    3598    1.2138676e+00   1.708056e+02   0.000000e+00      5s
    4508    1.2147826e+00   0.000000e+00   0.000000e+00      6s

Root relaxation: objective 1.214783e+00, 4508 iterations, 5.15 seconds

    Nodes    |    Current Node    |     Objective Bounds      |     Work
 Expl Unexpl |  Obj  Depth IntInf | Incumbent    BestBd   Gap | It/Node Time

     0     0    1.21478    0 2360    7.00000    1.21478  82.6%     -    9s
H    0     0                       5.0000000    1.21478  75.7%     -   10s
     0     0    1.30256    0 1845    5.00000    1.30256  73.9%     -   21s
     0     0    1.39028    0 1648    5.00000    1.39028  72.2%     -   33s
     0     0    1.48724    0 1784    5.00000    1.48724  70.3%     -   38s
     0     0    1.48740    0 1770    5.00000    1.48740  70.3%     -   43s
     0     0    1.52455    0 1839    5.00000    1.52455  69.5%     -   48s
     0     0    1.53759    0 1831    5.00000    1.53759  69.2%     -   71s
     0     0    1.56378    0 1811    5.00000    1.56378  68.7%     -   78s
     0     0    1.56498    0 1857    5.00000    1.56498  68.7%     -   86s
     0     0    1.58248    0 1846    5.00000    1.58248  68.4%     -   92s
     0     0    1.58297    0 1842    5.00000    1.58297  68.3%     -  101s
     0     0    1.60115    0 1906    5.00000    1.60115  68.0%     -  109s
     0     0    1.60152    0 1954    5.00000    1.60152  68.0%     -  120s
     0     0    1.61286    0 1874    5.00000    1.61286  67.7%     -  129s
     0     0    1.61304    0 1872    5.00000    1.61304  67.7%     -  133s
     0     0    1.62266    0 1782    5.00000    1.62266  67.5%     -  144s
     0     0    1.62298    0 1760    5.00000    1.62298  67.5%     -  156s
     0     0    1.62933    0 1788    5.00000    1.62933  67.4%     -  166s
     0     0    1.62945    0 1786    5.00000    1.62945  67.4%     -  179s
     0     0    1.63483    0 1766    5.00000    1.63483  67.3%     -  189s
     0     0    1.63500    0 1805    5.00000    1.63500  67.3%     -  195s
     0     0    1.64025    0 1894    5.00000    1.64025  67.2%     -  207s
     0     0    1.64035    0 1912    5.00000    1.64035  67.2%     -  223s
     0     0    1.64530    0 1947    5.00000    1.64530  67.1%     -  236s
     0     0    1.64561    0 1940    5.00000    1.64561  67.1%     -  249s
     0     0    1.64562    0 1938    5.00000    1.64562  67.1%     -  250s
     0     0    1.64957    0 1957    5.00000    1.64957  67.0%     -  265s
     0     0    1.64965    0 1951    5.00000    1.64965  67.0%     -  295s
     0     0    1.65191    0 1923    5.00000    1.65191  67.0%     -  306s
     0     0    1.65204    0 1978    5.00000    1.65204  67.0%     -  333s
     0     0    1.65208    0 1997    5.00000    1.65208  67.0%     -  335s
     0     0    1.65421    0 1813    5.00000    1.65421  66.9%     -  347s
     0     0    1.65431    0 1820    5.00000    1.65431  66.9%     -  353s
     0     0    1.65598    0 1766    5.00000    1.65598  66.9%     -  366s
     0     0    1.65601    0 1768    5.00000    1.65601  66.9%     -  388s
     0     0    1.65717    0 1982    5.00000    1.65717  66.9%     -  400s
     0     0    1.65718    0 1983    5.00000    1.65718  66.9%     -  405s
     0     0    1.65868    0 1785    5.00000    1.65868  66.8%     -  419s
     0     0    1.65870    0 1795    5.00000    1.65870  66.8%     -  420s
     0     0    1.66064    0 1822    5.00000    1.66064  66.8%     -  435s
     0     0    1.66072    0 1838    5.00000    1.66072  66.8%     -  515s
     0     0    1.66191    0 1858    5.00000    1.66191  66.8%     -  529s
     0     0    1.66191    0 1858    5.00000    1.66191  66.8%     -  530s
     0     2    1.66191    0 1858    5.00000    1.66191  66.8%     - 1382s
     1     4    1.66430    1 1770    5.00000    1.66191  66.8%  7680 1425s
     3     6    1.66829    2 1704    5.00000    1.66430  66.7% 10889 1442s
     5     8    1.66904    3 1459    5.00000    1.66430  66.7%  7465 1450s
     7     8    1.67094    4 1468    5.00000    1.66430  66.7%  6131 1461s
     9    10    1.67371    5 1558    5.00000    1.66430  66.7%  5397 1472s
    11    12    1.67619    6 1775    5.00000    1.66430  66.7%  4886 1481s
    13    14    1.67762    7 1670    5.00000    1.66430  66.7%  4492 1489s
    15    16    1.68415    8 1619    5.00000    1.66430  66.7%  4383 1501s
    17    18    1.68842    9 1642    5.00000    1.66430  66.7%  4152 1510s
    19    20    1.69372   10 1649    5.00000    1.66430  66.7%  3958 1518s
    21    22    1.69914   11 1676    5.00000    1.66430  66.7%  3798 1526s
    23    24    1.71074   12 1668    5.00000    1.66430  66.7%  3715 1537s
    26    27    1.72039   13 1610    5.00000    1.66430  66.7%  3532 1627s
    29    30    1.72690   14 1591    5.00000    1.66430  66.7%  3308 1634s
    32    33    1.73372   15 1632    5.00000    1.66430  66.7%  3140 1641s
    36    37    1.74113   16 1603    5.00000    1.66430  66.7%  2922 1650s
    40    41    1.75462   18 1369    5.00000    1.66430  66.7%  2768 1658s
    44    45    1.77802   20 1301    5.00000    1.66430  66.7%  2638 1666s
    49    50    1.81431   23 1273    5.00000    1.66430  66.7%  2505 1675s
    55    56    1.85292   26 1219    5.00000    1.66430  66.7%  2348 1810s
    57    58    1.86225   27 1216    5.00000    1.66430  66.7%  2308 1818s
    65    66    1.91869   32 1124    5.00000    1.66430  66.7%  2173 1825s
    74    76    2.00000   39  825    5.00000    1.66430  66.7%  1978 1835s
    81    81    2.04775   42  867    5.00000    1.66430  66.7%  1933 1972s
    87    88    2.17647   45  747    5.00000    1.66430  66.7%  1849 1982s
   100   101    2.74539   54  548    5.00000    1.66430  66.7%  1684 1990s
   115   113    3.81559   65  299    5.00000    1.66832  66.6%  1526 2124s
   122   118    2.48125    3 2028    5.00000    1.66832  66.6%  1626 2132s
   126   122    2.48436    4 1985    5.00000    1.66832  66.6%  1617 2143s
   134   129    2.48940    6 1951    5.00000    1.66832  66.6%  1578 2152s
   150   145    2.49434    8 1962    5.00000    1.66832  66.6%  1499 2160s
   168   162    2.49827   10 1926    5.00000    1.66832  66.6%  1387 2168s
   187   179    2.50375   12 1905    5.00000    1.66832  66.6%  1287 2381s
   191   184    2.50561   13 1850    5.00000    1.66832  66.6%  1346 2391s
   196   186    2.51088   15 1879    5.00000    1.66832  66.6%  1344 2400s
   202   192    2.51785   17 1847    5.00000    1.66832  66.6%  1342 2411s
   208   198    2.52757   20 1853    5.00000    1.66832  66.6%  1343 2423s
   215   205    2.53836   23 1799    5.00000    1.66832  66.6%  1345 2435s
   222   212    2.55033   26 1800    5.00000    1.66832  66.6%  1340 2446s
   229   219    2.56355   29 1773    5.00000    1.66832  66.6%  1337 2458s
   237   227    2.58094   32 1740    5.00000    1.66832  66.6%  1330 2473s
   247   237    2.60272   36 1684    5.00000    1.66832  66.6%  1323 2489s
   272   263    2.63067   40 1643    5.00000    1.66832  66.6%  1268 2503s
   305   290    2.67455   45 1541    5.00000    1.66832  66.6%  1171 2546s
   346   329    2.78103   55 1309    5.00000    1.66832  66.6%  1125 2565s
   383   360    3.21659   87  955    5.00000    1.67371  66.5%  1057 2607s
   417   392    2.46880    4 2022    5.00000    1.67371  66.5%  1042 2779s
   419   395    2.47180    5 1990    5.00000    1.67371  66.5%  1043 2796s
   430   404    2.48466    9 1883    5.00000    1.67371  66.5%  1042 2815s
   444   418    2.50269   15 1819    5.00000    1.67371  66.5%  1037 2832s
   456   430    2.52080   20 1776    5.00000    1.67371  66.5%  1036 2851s
   471   446    2.54530   26 1782    5.00000    1.67371  66.5%  1035 2877s
   525   494    2.57381   32 1744    5.00000    1.67371  66.5%   974 2911s
   548   520    2.61788   39 1571    5.00000    1.67371  66.5%   978 2933s
   577   543    2.82111   61 1284    5.00000    1.67371  66.5%   962 2960s
   635   596     cutoff  112         5.00000    1.67763  66.4%   907 2991s
   648   606    2.46683    7 1987    5.00000    1.67763  66.4%   928 3176s
   650   610    2.47251    8 1949    5.00000    1.67763  66.4%   930 3203s
   674   624    2.49354   14 1813    5.00000    1.67763  66.4%   937 3245s
   711   652    3.44968   25 2019    5.00000    1.67763  66.4%   934 3276s
   741   674    2.92388   42 1858    5.00000    1.67763  66.4%   937 3356s
   743   675    3.08984   81 2360    5.00000    1.67763  66.4%   935 3378s

Cutting planes:
  MIR: 1
  Zero half: 45

Explored 743 nodes (821594 simplex iterations) in 3600.06 seconds
Thread count was 4 (of 4 available processors)

Solution count 2: 5 7 

Time limit reached
Best objective 5.000000000000e+00, best bound 2.000000000000e+00, gap 60.0000%
