
Gurobi 8.1.1 (win64) logging started 11/28/19 03:00:40

Changed value of parameter LogFile to logs/drand/rlt/drand-05-075-0.log
   Prev: gurobi.log  Default: 
Changed value of parameter LogToConsole to 0
   Prev: 1  Min: 0  Max: 1  Default: 1
Changed value of parameter TimeLimit to 3600.0
   Prev: 1e+100  Min: 0.0  Max: 1e+100  Default: 1e+100
Optimize a model with 46205 rows, 15576 columns and 108505 nonzeros
Variable types: 0 continuous, 15576 integer (176 binary)
Coefficient statistics:
  Matrix range     [1e+00, 1e+00]
  Objective range  [1e+00, 1e+00]
  Bounds range     [1e+00, 1e+00]
  RHS range        [1e+00, 1e+00]
Found heuristic solution: objective 5.0000000
Presolve time: 0.29s
Presolved: 46205 rows, 15576 columns, 108505 nonzeros
Variable types: 0 continuous, 15576 integer (15576 binary)

Root relaxation: objective 1.523038e+00, 1652 iterations, 1.35 seconds

    Nodes    |    Current Node    |     Objective Bounds      |     Work
 Expl Unexpl |  Obj  Depth IntInf | Incumbent    BestBd   Gap | It/Node Time

     0     0    1.52304    0  767    5.00000    1.52304  69.5%     -    2s
     0     0    1.64630    0  655    5.00000    1.64630  67.1%     -    4s
     0     0    1.64840    0  634    5.00000    1.64840  67.0%     -    7s
     0     0    1.69776    0  680    5.00000    1.69776  66.0%     -    8s
     0     0    1.73464    0  620    5.00000    1.73464  65.3%     -    9s
     0     0    1.75830    0  681    5.00000    1.75830  64.8%     -   10s
     0     0    1.75961    0  661    5.00000    1.75961  64.8%     -   14s
     0     0    1.78205    0  575    5.00000    1.78205  64.4%     -   15s
     0     0    1.78350    0  581    5.00000    1.78350  64.3%     -   17s
     0     0    1.80397    0  592    5.00000    1.80397  63.9%     -   18s
     0     0    1.80539    0  591    5.00000    1.80539  63.9%     -   18s
     0     0    1.82494    0  595    5.00000    1.82494  63.5%     -   20s
     0     0    1.82539    0  596    5.00000    1.82539  63.5%     -   21s
     0     0    1.84396    0  622    5.00000    1.84396  63.1%     -   22s
     0     0    1.84463    0  630    5.00000    1.84463  63.1%     -   23s
     0     0    1.85957    0  654    5.00000    1.85957  62.8%     -   25s
     0     0    1.86083    0  678    5.00000    1.86083  62.8%     -   27s
     0     0    1.87209    0  628    5.00000    1.87209  62.6%     -   28s
     0     0    1.87314    0  638    5.00000    1.87314  62.5%     -   29s
     0     0    1.88091    0  647    5.00000    1.88091  62.4%     -   30s
     0     0    1.88177    0  656    5.00000    1.88177  62.4%     -   33s
     0     0    1.88637    0  655    5.00000    1.88637  62.3%     -   34s
     0     0    1.88665    0  663    5.00000    1.88665  62.3%     -   35s
     0     0    1.89159    0  650    5.00000    1.89159  62.2%     -   36s
     0     0    1.89206    0  647    5.00000    1.89206  62.2%     -   39s
     0     0    1.89639    0  650    5.00000    1.89639  62.1%     -   40s
     0     0    1.89670    0  639    5.00000    1.89670  62.1%     -   41s
     0     0    1.90051    0  646    5.00000    1.90051  62.0%     -   43s
     0     0    1.90116    0  654    5.00000    1.90116  62.0%     -   46s
     0     0    1.90117    0  653    5.00000    1.90117  62.0%     -   46s
     0     0    1.90520    0  637    5.00000    1.90520  61.9%     -   48s
     0     0    1.90537    0  650    5.00000    1.90537  61.9%     -   49s
     0     0    1.90550    0  644    5.00000    1.90550  61.9%     -   49s
     0     0    1.90555    0  649    5.00000    1.90555  61.9%     -   50s
     0     0    1.90799    0  668    5.00000    1.90799  61.8%     -   51s
     0     0    1.90803    0  684    5.00000    1.90803  61.8%     -   52s
     0     0    1.90923    0  671    5.00000    1.90923  61.8%     -   54s
     0     0    1.90931    0  685    5.00000    1.90931  61.8%     -   57s
     0     0    1.91033    0  669    5.00000    1.91033  61.8%     -   58s
     0     0    1.91053    0  681    5.00000    1.91053  61.8%     -   60s
     0     0    1.91056    0  687    5.00000    1.91056  61.8%     -   60s
     0     0    1.91207    0  680    5.00000    1.91207  61.8%     -   63s
     0     0    1.91219    0  688    5.00000    1.91219  61.8%     -   64s
     0     0    1.91333    0  698    5.00000    1.91333  61.7%     -   66s
     0     0    1.91333    0  698    5.00000    1.91333  61.7%     -   66s
     0     2    1.91333    0  698    5.00000    1.91333  61.7%     -  218s
     1     4    1.91468    1  679    5.00000    1.91338  61.7%  1164  222s
     5     8    1.91774    3  639    5.00000    1.91468  61.7%  1725  225s
    17    18    1.94659    9  487    5.00000    1.91468  61.7%   952  230s
    28    29    1.98779   14  467    5.00000    1.91468  61.7%   756  247s
    39    40    2.07289   18  444    5.00000    1.91468  61.7%   664  250s
    54    55    2.52320   27  295    5.00000    1.91468  61.7%   549  264s
    60    61    2.66906   30  256    5.00000    1.91468  61.7%   514  265s
    88    86    3.71429   45  122    5.00000    1.91535  61.7%   393  275s
   107   100    2.75700    4  822    5.00000    1.91535  61.7%   382  280s
   124   114    2.78498    9  755    5.00000    1.91535  61.7%   395  302s
   136   126    2.81581   14  643    5.00000    1.91535  61.7%   390  305s
   153   143    2.90462   23  611    5.00000    1.91535  61.7%   385  337s
   164   154    2.98281   29  519    5.00000    1.91535  61.7%   376  340s
   209   192    4.00000   54  254    5.00000    1.91894  61.6%   327  347s
   229   205    2.77070    6  769    5.00000    1.92367  61.5%   342  350s
   254   229    2.81893   18  697    5.00000    1.92367  61.5%   332  389s
   256   231    2.82953   19  686    5.00000    1.92367  61.5%   332  390s
   281   255    2.93859   30  574    5.00000    1.92367  61.5%   324  395s
   335   303    3.80000   58  286    5.00000    1.93619  61.3%   297  401s
   359   321    2.74738   11  736    5.00000    1.93619  61.3%   301  405s
   395   348    2.84475   20  598    5.00000    1.93619  61.3%   292  413s
   419   359    2.95795   25  561    5.00000    1.94673  61.1%   288  419s
   463   392    3.46877    9  838    5.00000    1.94673  61.1%   284  422s
   486   394    3.50074   13  796    5.00000    1.94673  61.1%   282  426s
   528   396     cutoff   21         5.00000    1.95640  60.9%   281  430s
   596   419    2.87162   20  584    5.00000    1.95640  60.9%   270  437s
   630   452    3.05556   31  461    5.00000    1.97532  60.5%   265  441s
   666   475    3.63575   13  755    5.00000    1.97532  60.5%   268  446s
   741   493    3.05221   34  698    5.00000    1.97532  60.5%   263  461s
   743   494    2.82502   16  767    5.00000    1.97532  60.5%   262  466s
   744   495    2.73875    3  634    5.00000    1.97532  60.5%   262  630s
   746   496    2.90288   21  670    5.00000    1.97532  60.5%   261  635s
   750   499    2.88659   20  686    5.00000    1.97532  60.5%   260  646s
   752   500    2.04770   18  692    5.00000    1.97532  60.5%   259  655s
   754   502    2.89771   25  702    5.00000    1.97532  60.5%   259  665s
   757   504    2.86107   17  704    5.00000    1.97532  60.5%   258  677s
   759   505    3.35098   38  693    5.00000    1.97532  60.5%   257  680s
   760   506    2.79237   12  693    5.00000    1.97532  60.5%   257  689s
   761   506    2.84101   16  695    5.00000    1.97532  60.5%   256  690s
   762   507    2.93082   27  707    5.00000    1.97532  60.5%   256  699s
   763   508    3.07453   39  699    5.00000    1.97532  60.5%   256  701s
   764   508    2.03031   17  692    5.00000    1.97532  60.5%   255  709s
   765   509    2.79145   15  706    5.00000    1.97532  60.5%   255  710s
   767   510    2.79750   10  698    5.00000    1.97532  60.5%   254  718s
   769   512    2.73066   10  697    5.00000    1.97532  60.5%   254  720s
   770   512    2.79750   10  703    5.00000    1.97532  60.5%   253  747s
   772   514    3.07144   33  703    5.00000    1.97532  60.5%   253  773s
   773   517    1.97532   11  665    5.00000    1.97532  60.5%   294  832s
   775   519    1.97532   12  677    5.00000    1.97532  60.5%   302  835s
   777   520    2.76309   12  895    5.00000    1.97532  60.5%   308  887s
   781   523    2.80496   13  864    5.00000    1.97532  60.5%   319  908s
   783   526    1.97532   14  661    5.00000    1.97532  60.5%   322  922s
   787   525    1.97532   15  639    5.00000    1.97532  60.5%   333  938s
   791   527    1.97532   16  627    5.00000    1.97532  60.5%   345  954s
   795   530    1.97532   17  609    5.00000    1.97532  60.5%   355  968s
   799   532    1.97532   18  611    5.00000    1.97532  60.5%   364  986s
   802   536    1.97532   19  601    5.00000    1.97532  60.5%   369  999s
   805   537    1.97532   20  578    5.00000    1.97532  60.5%   377 1012s
   809   539    1.97532   21  557    5.00000    1.97532  60.5%   384 1024s
   813   542    1.98224   22  543    5.00000    1.98224  60.4%   391 1035s
   817   545    1.98908   23  525    5.00000    1.98908  60.2%   397 1046s
   821   547    2.01106   24  516    5.00000    2.01106  59.8%   403 1056s
   825   550    2.04210   25  510    5.00000    2.04210  59.2%   409 1066s
   829   553    2.07259   26  492    5.00000    2.07259  58.5%   414 1090s
   835   557    2.11919   28  449    5.00000    2.11919  57.6%   420 1100s
   841   561    2.22876   30  407    5.00000    2.22876  55.4%   425 1113s
   851   566    2.32543   33  354    5.00000    2.32543  53.5%   432 1123s
   861   572    2.41554   37  292    5.00000    2.38758  52.2%   435 1148s
   864   575    3.12766   37  416    5.00000    2.44801  51.0%   437 1160s
   878   583    3.45238   42  352    5.00000    2.71154  45.8%   439 1169s
   891   582    3.15094   48  155    5.00000    2.76266  44.7%   437 1192s
   905   588     cutoff   54         5.00000    2.76328  44.7%   434 1206s
   916   592    3.75536   22  837    5.00000    2.76328  44.7%   443 1217s
   923   593    2.81535   24  660    5.00000    2.76328  44.7%   448 1231s
   933   599    2.83189   27  654    5.00000    2.76328  44.7%   455 1258s
   938   604    3.78491   28  744    5.00000    2.76328  44.7%   459 1271s
   951   611    2.88051   33  630    5.00000    2.76328  44.7%   463 1285s
   967   618    2.94629   39  510    5.00000    2.76328  44.7%   467 1314s
   981   622    3.03495   45  462    5.00000    2.76328  44.7%   467 1324s
  1006   621     cutoff   55         5.00000    2.76328  44.7%   462 1354s
  1031   613     cutoff   67         5.00000    2.76341  44.7%   453 1368s
  1062   606     cutoff   20         5.00000    2.76341  44.7%   449 1383s
  1098   595     cutoff   35         5.00000    2.76341  44.7%   443 1394s
  1137   592    2.76734   13  875    5.00000    2.76734  44.7%   433 1405s
  1154   591    2.85375   22  754    5.00000    2.76766  44.6%   436 1415s
  1205   601    2.91529   34  658    5.00000    2.76766  44.6%   429 1424s
  1282   615    3.71824   72  299    5.00000    2.79211  44.2%   412 1433s
  1359   648    3.52974   28  805    5.00000    2.79377  44.1%   399 1442s
  1417   656    3.67255   28  716    5.00000    2.79674  44.1%   391 1454s
  1474   674    3.70147   21  764    5.00000    2.79907  44.0%   385 1465s
  1555   685    2.81409   17  839    5.00000    2.79907  44.0%   374 1494s
  1567   682    2.83003   21  791    5.00000    2.79907  44.0%   374 1508s
  1601   693    2.88364   33  687    5.00000    2.79981  44.0%   375 1520s
  1683   734    2.83408   21  723    5.00000    2.80370  43.9%   367 1530s
  1705   740    2.98372   37  564    5.00000    2.80658  43.9%   369 1544s
  1755   768    2.85769   16  809    5.00000    2.80658  43.9%   363 1555s
  1784   780    2.90088   25  725    5.00000    2.80658  43.9%   364 1583s
  1791   781    2.93033   31  663    5.00000    2.80776  43.8%   364 1596s
  1861   818    3.45472   16  928    5.00000    2.80781  43.8%   360 1610s
  1883   826    3.51579   25  855    5.00000    2.80855  43.8%   359 1649s
  1922   846    3.56399   25  785    5.00000    2.80914  43.8%   357 1663s
  1973   863    3.72382   22  921    5.00000    2.80914  43.8%   354 1683s
  1982   866    3.72825   23  919    5.00000    2.81325  43.7%   355 1698s
  2061   884    3.74958   26  783    5.00000    2.81444  43.7%   350 1714s
  2190   948    2.83385   20  739    5.00000    2.81904  43.6%   341 1732s
  2268   986    3.71809   63  257    5.00000    2.81979  43.6%   336 1788s
  2297   993    3.85483   36  705    5.00000    2.82017  43.6%   336 1808s
  2339  1010    3.77718   26  878    5.00000    2.82087  43.6%   336 1826s
  2410  1049     cutoff   31         5.00000    2.82217  43.6%   332 1844s
  2466  1060    3.52632   25  806    5.00000    2.82220  43.6%   333 1866s
  2545  1093    3.00286   37  528    5.00000    2.82264  43.5%   329 1887s
  2630  1168    3.99245   43  526    5.00000    2.82613  43.5%   326 1908s
  2674  1190    3.84081   35  776    5.00000    2.82921  43.4%   326 1929s
  2731  1224    3.68316   26  758    5.00000    2.83026  43.4%   326 1959s
  2826  1297    3.72340   24  895    5.00000    2.83510  43.3%   323 2020s
  2855  1311    3.77010   23  903    5.00000    2.83517  43.3%   323 2046s
  2964  1362    3.80909   28  853    5.00000    2.83875  43.2%   320 2071s
  3067  1395    3.78542   30  754    5.00000    2.84295  43.1%   318 2106s
  3219  1474    3.81845   27  808    5.00000    2.84910  43.0%   314 2136s
  3312  1530    2.92455   31  592    5.00000    2.85107  43.0%   313 2166s
  3492  1648    3.79266   26  782    5.00000    2.85530  42.9%   309 2195s
  3604  1680    3.74476   27  734    5.00000    2.85795  42.8%   307 2228s
  3731  1767    3.94340   40  561    5.00000    2.86132  42.8%   307 2262s
  3903  1870     cutoff   31         5.00000    2.86500  42.7%   303 2297s
  4030  1938    3.82001   29  754    5.00000    2.86938  42.6%   304 2360s
  4096  1974    3.85940   38  735    5.00000    2.87050  42.6%   304 2397s
  4280  2092    3.01961   34  518    5.00000    2.87459  42.5%   301 2438s
  4489  2198    3.83534   28  791    5.00000    2.88037  42.4%   299 2479s
  4664  2300    3.86166   35  769    5.00000    2.88386  42.3%   297 2522s
  4853  2383    3.81220   25  849    5.00000    2.89261  42.1%   297 2567s
  5023  2468    3.98664   39  657    5.00000    2.89716  42.1%   298 2612s
  5276  2593    3.99796   48  565    5.00000    2.90682  41.9%   296 2686s
  5378  2607    3.91211   34  694    5.00000    2.91230  41.8%   295 2734s
  5633  2679    3.85895   33  817    5.00000    2.92540  41.5%   294 2788s
  5960  2778    3.92752   37  630    5.00000    2.95540  40.9%   291 2846s
  6207  2824    3.96456   35  634    5.00000    2.97380  40.5%   287 2878s
  6492  2831    3.92670   35  698    5.00000    3.01829  39.6%   283 2900s
  6649  2826    3.99460   41  636    5.00000    3.06334  38.7%   281 2915s
  6739  2801     cutoff   35         5.00000    3.10401  37.9%   280 2928s
  6834  2781     cutoff   40         5.00000    3.15556  36.9%   279 2931s
  6918  2697     cutoff   56         5.00000    3.27018  34.6%   277 2935s
  6977  2666     cutoff   41         5.00000    3.31851  33.6%   275 2940s
  7048  2624     cutoff   47         5.00000    3.39785  32.0%   273 2968s
  7156  2626     cutoff   16         5.00000    3.43991  31.2%   271 2977s
  7211  2591     cutoff   44         5.00000    3.47273  30.5%   271 2984s
  7254  2549     cutoff   44         5.00000    3.50000  30.0%   271 2988s
  7296  2507     cutoff   44         5.00000    3.51952  29.6%   270 2991s
  7338  2465     cutoff   28         5.00000    3.55211  29.0%   269 3009s
  7415  2451     cutoff   31         5.00000    3.57815  28.4%   268 3033s
  7521  2463     cutoff   56         5.00000    3.60000  28.0%   267 3036s
  7563  2426     cutoff   35         5.00000    3.62459  27.5%   266 3093s
  7642  2409     cutoff   18         5.00000    3.64348  27.1%   265 3127s
  7787  2408     cutoff   45         5.00000    3.65679  26.9%   264 3137s
  7848  2391     cutoff   59         5.00000    3.66667  26.7%   262 3202s
  7928  2388     cutoff   22         5.00000    3.67136  26.6%   262 3234s
  8072  2392     cutoff   41         5.00000    3.69221  26.2%   261 3252s
  8156  2391     cutoff   33         5.00000    3.70316  25.9%   261 3285s
  8250  2387    3.84865   35  765    5.00000    3.70976  25.8%   261 3313s
  8356  2397     cutoff   62         5.00000    3.72077  25.6%   260 3344s
  8456  2395     cutoff   27         5.00000    3.72858  25.4%   260 3350s
  8505  2353     cutoff   24         5.00000    3.73631  25.3%   259 3356s
  8548  2322     cutoff   25         5.00000    3.74133  25.2%   259 3435s
  8608  2296     cutoff   20         5.00000    3.74493  25.1%   259 3448s
  8671  2270     cutoff   25         5.00000    3.75020  25.0%   259 3469s
  8746  2248     cutoff   23         5.00000    3.75601  24.9%   258 3495s
  8817  2222     cutoff   30         5.00000    3.76018  24.8%   258 3513s
  8901  2189     cutoff   35         5.00000    3.76379  24.7%   257 3519s
  8943  2147     cutoff   64         5.00000    3.76810  24.6%   257 3536s
  9004  2121     cutoff   32         5.00000    3.77193  24.6%   256 3545s
  9061  2088     cutoff   29         5.00000    3.77638  24.5%   255 3554s
  9116  2053     cutoff   29         5.00000    3.78081  24.4%   255 3568s
  9177  2024     cutoff   22         5.00000    3.78453  24.3%   254 3581s
  9272  1946     cutoff   36         5.00000    3.79179  24.2%   253 3593s
  9327  1910     cutoff   27         5.00000    3.79537  24.1%   253 3597s
  9369  1894     cutoff   22         5.00000    3.79929  24.0%   252 3600s

Cutting planes:
  MIR: 11
  Flow cover: 43
  Zero half: 129
  Mod-K: 126

Explored 9387 nodes (2393916 simplex iterations) in 3600.23 seconds
Thread count was 4 (of 4 available processors)

Solution count 1: 5 

Time limit reached
Best objective 5.000000000000e+00, best bound 4.000000000000e+00, gap 20.0000%
