
Gurobi 8.1.1 (win64) logging started 11/28/19 04:00:42

Changed value of parameter LogFile to logs/drand/rlt/drand-05-075-1.log
   Prev: gurobi.log  Default: 
Changed value of parameter LogToConsole to 0
   Prev: 1  Min: 0  Max: 1  Default: 1
Changed value of parameter TimeLimit to 3600.0
   Prev: 1e+100  Min: 0.0  Max: 1e+100  Default: 1e+100
Optimize a model with 32198 rows, 10878 columns and 75706 nonzeros
Variable types: 0 continuous, 10878 integer (147 binary)
Coefficient statistics:
  Matrix range     [1e+00, 1e+00]
  Objective range  [1e+00, 1e+00]
  Bounds range     [1e+00, 1e+00]
  RHS range        [1e+00, 1e+00]
Found heuristic solution: objective 6.0000000
Presolve time: 0.19s
Presolved: 32198 rows, 10878 columns, 75706 nonzeros
Variable types: 0 continuous, 10878 integer (10878 binary)

Root relaxation: objective 2.000000e+00, 853 iterations, 0.36 seconds

    Nodes    |    Current Node    |     Objective Bounds      |     Work
 Expl Unexpl |  Obj  Depth IntInf | Incumbent    BestBd   Gap | It/Node Time

     0     0    2.00000    0  511    6.00000    2.00000  66.7%     -    1s
     0     0    2.00000    0  465    6.00000    2.00000  66.7%     -    2s
     0     0    2.00000    0  466    6.00000    2.00000  66.7%     -    4s
     0     0    2.00000    0  531    6.00000    2.00000  66.7%     -    5s
     0     0    2.00000    0  455    6.00000    2.00000  66.7%     -    6s
     0     0    2.00000    0  490    6.00000    2.00000  66.7%     -    7s
     0     0    2.00000    0  448    6.00000    2.00000  66.7%     -   10s
     0     0    2.00000    0  501    6.00000    2.00000  66.7%     -   13s
     0     0    2.00000    0  501    6.00000    2.00000  66.7%     -   13s
     0     2    2.00000    0  501    6.00000    2.00000  66.7%     -   76s
    17    18    2.10935    9  376    6.00000    2.00000  66.7%   708   80s
    80    81    3.86406   37  334    6.00000    2.00000  66.7%   295   86s
   119   117    4.78000   56  169    6.00000    2.00000  66.7%   219   90s
   149   135    3.28534   11  762    6.00000    2.01753  66.4%   245   98s
   171   157    3.42285   23  636    6.00000    2.01753  66.4%   224  100s
   178   164    3.52694   28  554    6.00000    2.01753  66.4%   222  105s
   199   185    3.80717   39  447    6.00000    2.01753  66.4%   208  111s
   217   203    4.11669   49  389    6.00000    2.01753  66.4%   198  115s
   248   230    4.74537   68  155    6.00000    2.02717  66.2%   180  120s
   306   278    3.35768   17  601    6.00000    2.02717  66.2%   179  137s
   365   333    3.83019   39  341    6.00000    2.02717  66.2%   164  140s
   489   436    4.28563   26  864    6.00000    2.09182  65.1%   163  146s
   609   476    4.48070   23  539    6.00000    2.13014  64.5%   157  151s
   758   544    3.59756   31  501    6.00000    2.15293  64.1%   145  157s
   761   546    4.66667   58  545    6.00000    2.15293  64.1%   144  211s
   762   547    4.34633   30  494    6.00000    2.15293  64.1%   144  218s
   764   548    3.00000    5  494    6.00000    2.15293  64.1%   144  224s
   765   552    2.15293   15  412    6.00000    2.15293  64.1%   154  315s
   769   554    3.26126   16  819    6.00000    2.15293  64.1%   162  325s
   773   557    2.71834   17  778    6.00000    2.15293  64.1%   166  330s
   779   559    2.15293   19  396    6.00000    2.15293  64.1%   169  336s
   787   564    2.15293   21  400    6.00000    2.15293  64.1%   173  342s
   791   566    2.15293   22  431    6.00000    2.15293  64.1%   174  345s
   799   572    2.15293   24  367    6.00000    2.15293  64.1%   177  350s
   809   578    2.15293   26  357    6.00000    2.15293  64.1%   179  355s
   819   586    2.15293   28  346    6.00000    2.15293  64.1%   181  362s
   833   594    2.15293   32  336    6.00000    2.15293  64.1%   185  366s
   841   600    2.15293   34  295    6.00000    2.15293  64.1%   187  372s
   849   606    2.16340   36  282    6.00000    2.16340  63.9%   188  375s
   863   614    2.41213   41  249    6.00000    2.41213  59.8%   189  381s
   877   624    2.84512   45  157    6.00000    2.71768  54.7%   190  389s
   883   628    2.99700   47  212    6.00000    2.71768  54.7%   191  392s
   899   636    3.68000   53  176    6.00000    2.71768  54.7%   191  397s
   914   641     cutoff   58         6.00000    2.71768  54.7%   190  400s
   942   653    3.28414   24  829    6.00000    2.71768  54.7%   192  411s
   972   673    3.35370   30  733    6.00000    2.71768  54.7%   194  425s
  1034   709    4.54504   47  621    6.00000    2.71768  54.7%   194  438s
  1044   710    3.66775   52  491    6.00000    2.71768  54.7%   193  450s
  1211   719    3.00396   36  417    6.00000    2.71908  54.7%   181  456s
  1271   756    3.72200   69  276    6.00000    2.78957  53.5%   177  460s
  1534   839    3.30188   26  751    6.00000    2.79775  53.4%   161  466s
  1657   855    3.66667   46  449    6.00000    2.80153  53.3%   158  470s
  1831   933    4.47534   88  189    6.00000    2.80606  53.2%   150  476s
  1972   978    4.38013   30  808    6.00000    2.80948  53.2%   149  485s
  2087  1011    3.20900   45  389    6.00000    2.87692  52.1%   146  490s
  2354  1164    3.41632   31  648    6.00000    2.89142  51.8%   136  496s
  2411  1184    4.61739   45  565    6.00000    2.92611  51.2%   136  500s
  2583  1281    3.00000   28  405    6.00000    2.93146  51.1%   132  511s
  2809  1422    4.37579   27  851    6.00000    3.00000  50.0%   128  519s
  2937  1508    3.26309   45  343    6.00000    3.00000  50.0%   128  525s
  3102  1640    4.43846   33  707    6.00000    3.00000  50.0%   125  531s
  3314  1696    4.17219   53  494    6.00000    3.00000  50.0%   125  535s
  3515  1798    4.00000   37  364    6.00000    3.00000  50.0%   123  541s
  3685  1938    3.28522   47  337    6.00000    3.00000  50.0%   122  553s
  3702  1945    3.47570   55  320    6.00000    3.00000  50.0%   122  558s
  3884  2098    4.28132   26  890    6.00000    3.00000  50.0%   122  564s
  3919  2124    4.29480   27  870    6.00000    3.00000  50.0%   121  571s
  4059  2192    3.78049   33  708    6.00000    3.00000  50.0%   121  577s
  4171  2255    4.54500   39  685    6.00000    3.00000  50.0%   121  586s
  4232  2303    4.29637   23  892    6.00000    3.00000  50.0%   122  604s
  4298  2355    4.28235   32  757    6.00000    3.00000  50.0%   124  613s
  4349  2392    4.24868   22  995    6.00000    3.00000  50.0%   125  621s
  4583  2534    4.17852   48  533    6.00000    3.00000  50.0%   124  628s
  4687  2598    4.26822   23  832    6.00000    3.00000  50.0%   125  638s
  4847  2728    4.35366   35  736    6.00000    3.00000  50.0%   124  656s
  4972  2829    4.08558   39  535    6.00000    3.00000  50.0%   124  666s
  5137  2960    3.92518   40  696    6.00000    3.00000  50.0%   124  676s
  5277  3017    4.78977   30  917    6.00000    3.00000  50.0%   126  685s
  5425  3117    4.08716   48  548    6.00000    3.00000  50.0%   127  709s
  5591  3251    4.35880   33  815    6.00000    3.00000  50.0%   127  718s
  5847  3449    4.71333   65  305    6.00000    3.00000  50.0%   126  728s
  6051  3585     cutoff   57         6.00000    3.00000  50.0%   128  738s
  6359  3791    4.12620   47  448    6.00000    3.00000  50.0%   126  747s
  6517  3898    4.02603   38  402    6.00000    3.00000  50.0%   128  755s
  6760  4102    4.25556   26  705    6.00000    3.00000  50.0%   128  764s
  6931  4222     cutoff   62         6.00000    3.00000  50.0%   129  773s
  7207  4348     cutoff   75         6.00000    3.01082  49.8%   128  781s
  7470  4549    4.68499   62  340    6.00000    3.01752  49.7%   128  801s
  7552  4608    4.00000   33  492    6.00000    3.01938  49.7%   127  810s
  7820  4737    3.16405   40  340    6.00000    3.02241  49.6%   126  819s
  8078  4895    4.28616   36  709    6.00000    3.03090  49.5%   125  827s
  8405  5129    4.42857   41  592    6.00000    3.03496  49.4%   124  835s
  8709  5316    4.18833   48  524    6.00000    3.04383  49.3%   124  843s
  9005  5530    4.02019   35  417    6.00000    3.05349  49.1%   123  852s
  9073  5576    4.41026   55  440    6.00000    3.05495  49.1%   123  860s
  9360  5795    4.02941   38  445    6.00000    3.05977  49.0%   123  881s
  9362  5788    4.05383   39  485    6.00000    3.06000  49.0%   123  890s
  9643  5958    3.86755   44  444    6.00000    3.06524  48.9%   122  898s
  9779  6065    4.01705   39  546    6.00000    3.06742  48.9%   122  907s
 10115  6280    4.06125   37  503    6.00000    3.07484  48.8%   120  915s
 10444  6498     cutoff   74         6.00000    3.08081  48.7%   119  923s
 10562  6570    4.51382   54  384    6.00000    3.08190  48.6%   119  931s
 10903  6827    4.08318   31  456    6.00000    3.09250  48.5%   118  942s
 11051  6923    4.92055   39  734    6.00000    3.09488  48.4%   117  950s
 11351  7093     cutoff   73         6.00000    3.10191  48.3%   117  957s
 11552  7237    4.34091   49  397    6.00000    3.10569  48.2%   117  966s
 11741  7370    4.08036   40  460    6.00000    3.11013  48.2%   116  975s
 11982  7495    4.77381   63  241    6.00000    3.11419  48.1%   116  983s
 12197  7566    4.13904   43  453    6.00000    3.11980  48.0%   116  991s
 12475  7759     cutoff   38         6.00000    3.12536  47.9%   115  999s
 12773  7947    4.26524   47  442    6.00000    3.12898  47.9%   115 1013s
 12791  7953    4.70000   63  320    6.00000    3.12949  47.8%   115 1022s
 13022  8117    4.18198   47  466    6.00000    3.13750  47.7%   114 1030s
 13272  8241    4.02326   58  213    6.00000    3.14139  47.6%   113 1038s
 13596  8441    4.70202   63  311    6.00000    3.15016  47.5%   113 1046s
 13903  8659    4.41655   51  360    6.00000    3.15955  47.3%   112 1053s
 14129  8785    4.21856   51  425    6.00000    3.16418  47.3%   112 1061s
 14530  9068    4.69767   61  294    6.00000    3.17201  47.1%   111 1068s
 14836  9248    4.40556   53  501    6.00000    3.17609  47.1%   110 1287s
 14839  9250    4.12737   48  538    6.00000    3.17609  47.1%   110 1366s
 14842  9252    4.28395   28  651    6.00000    3.17609  47.1%   110 1370s
 14846  9255    4.79197   68  642    6.00000    3.17609  47.1%   110 1377s
 14847  9255    4.08929   55  660    6.00000    3.17609  47.1%   110 1380s
 14849  9257    4.22914   49  642    6.00000    3.17609  47.1%   110 1385s
 14851  9258    4.06232   44  655    6.00000    3.17609  47.1%   110 1391s
 14854  9260    4.72956   63  672    6.00000    3.17609  47.1%   110 1396s
 14856  9261    4.19391   46  637    6.00000    3.17609  47.1%   110 1403s
 14857  9262    4.29858   46  651    6.00000    3.17609  47.1%   110 1405s
 14859  9263    5.00000   73  636    6.00000    3.17609  47.1%   110 1410s
 14861  9265    4.03893   38  652    6.00000    3.17609  47.1%   110 1416s
 14864  9267    4.10300   39  668    6.00000    3.17609  47.1%   110 1421s
 14867  9269    4.09722   43  672    6.00000    3.17609  47.1%   110 1426s
 14869  9270    4.50000   59  683    6.00000    3.17609  47.1%   110 1432s
 14871  9271    3.25701   53  684    6.00000    3.17609  47.1%   110 1436s
 14874  9273    4.32284   41  670    6.00000    3.17609  47.1%   110 1441s
 14876  9275    4.88235   64  656    6.00000    3.17609  47.1%   110 1447s
 14878  9276    4.90539   64  662    6.00000    3.17609  47.1%   110 1450s
 14882  9279    4.68644   64  664    6.00000    3.17609  47.1%   110 1456s
 14884  9280    4.00000   33  671    6.00000    3.17609  47.1%   110 1462s
 14887  9282    4.79681   60  694    6.00000    3.17609  47.1%   110 1466s
 14890  9284    4.48902   57  681    6.00000    3.17609  47.1%   110 1470s
 14892  9285    4.51429   56  653    6.00000    3.17609  47.1%   110 1477s
 14894  9287    4.18488   49  648    6.00000    3.17609  47.1%   110 1481s
 14897  9289    4.36453   51  672    6.00000    3.17609  47.1%   110 1486s
 14899  9290    4.76471   56  688    6.00000    3.17609  47.1%   110 1490s
 14901  9291    4.56000   74  676    6.00000    3.17609  47.1%   110 1495s
 14904  9293    4.17059   44  644    6.00000    3.17609  47.1%   110 1502s
 14906  9295    4.61240   58  664    6.00000    3.17609  47.1%   110 1505s
 14909  9297    3.62830   54  682    6.00000    3.17609  47.1%   110 1511s
 14910  9297    4.04717   40  683    6.00000    3.17609  47.1%   110 1516s
 14912  9299    4.34574   53  657    6.00000    3.17609  47.1%   110 1521s
 14915  9301    4.59833   58  660    6.00000    3.17609  47.1%   110 1527s
 14917  9302    4.41685   33  662    6.00000    3.17609  47.1%   110 1531s
 14919  9303    4.05239   38  662    6.00000    3.17609  47.1%   110 1536s
 14921  9305    3.37363   43  689    6.00000    3.17609  47.1%   110 1541s
 14924  9307    4.39803   55  701    6.00000    3.17609  47.1%   110 1546s
 14926  9308    4.37109   35  694    6.00000    3.17609  47.1%   110 1550s
 14929  9310    3.39441   45  688    6.00000    3.17609  47.1%   110 1555s
 14932  9312    3.99457   43  701    6.00000    3.17609  47.1%   110 1563s
 14933  9313    4.51642   54  687    6.00000    3.17609  47.1%   110 1566s
 14936  9315    4.40556   53  715    6.00000    3.17609  47.1%   110 1571s
 14939  9317    4.12737   48  693    6.00000    3.17609  47.1%   110 1576s
 14941  9318    4.25581   48  713    6.00000    3.17609  47.1%   110 1581s
 14944  9320    4.11966   45  670    6.00000    3.17609  47.1%   110 1586s
 14946  9321    4.79197   68  667    6.00000    3.17609  47.1%   110 1592s
 14947  9322    4.08929   55  673    6.00000    3.17609  47.1%   109 1595s
 14950  9324    4.62500   50  684    6.00000    3.17609  47.1%   109 1600s
 14954  9327    4.72956   63  721    6.00000    3.17609  47.1%   109 1606s
 14957  9329    4.29858   46  683    6.00000    3.17609  47.1%   109 1611s
 14960  9331    4.50370   43  691    6.00000    3.17609  47.1%   109 1619s
 14961  9331    4.03893   38  685    6.00000    3.17609  47.1%   109 1622s
 14963  9333    4.17012   45  702    6.00000    3.17609  47.1%   109 1626s
 14966  9335    4.95528   50  707    6.00000    3.17609  47.1%   109 1631s
 14969  9337    4.50000   59  706    6.00000    3.17609  47.1%   109 1635s
 14972  9339    4.23318   42  730    6.00000    3.17609  47.1%   109 1641s
 14975  9341    3.58696   58  719    6.00000    3.17609  47.1%   109 1646s
 14976  9341    4.88235   64  714    6.00000    3.17609  47.1%   109 1659s
 14977  9342    3.39394   30  719    6.00000    3.17609  47.1%   109 1662s
 14979  9343    4.00000   31  713    6.00000    3.17609  47.1%   109 1665s
 14982  9345    4.68644   64  712    6.00000    3.17609  47.1%   109 1671s
 14984  9347    4.00000   33  727    6.00000    3.17609  47.1%   109 1675s
 14987  9349    4.79681   60  738    6.00000    3.17609  47.1%   109 1680s
 14990  9351    4.48902   57  710    6.00000    3.17609  47.1%   109 1685s
 14993  9353    4.71429   65  708    6.00000    3.17609  47.1%   109 1691s
 14995  9354    4.08303   44  727    6.00000    3.17609  47.1%   109 1695s
 14998  9356    4.46611   57  705    6.00000    3.17609  47.1%   109 1700s
 15001  9358    4.56000   74  695    6.00000    3.17609  47.1%   109 1705s
 15004  9360    4.17059   44  679    6.00000    3.17609  47.1%   109 1711s
 15007  9362    4.74213   66  717    6.00000    3.17609  47.1%   109 1717s
 15008  9363    4.45000   61  701    6.00000    3.17609  47.1%   109 1723s
 15010  9364    4.04717   40  710    6.00000    3.17609  47.1%   109 1725s
 15013  9366    4.37483   52  670    6.00000    3.17609  47.1%   109 1731s
 15016  9368    4.10729   40  714    6.00000    3.17609  47.1%   109 1736s
 15019  9370    4.05239   38  753    6.00000    3.17609  47.1%   109 1742s
 15021  9371    3.37363   43  741    6.00000    3.17609  47.1%   109 1745s
 15024  9373    4.39803   55  719    6.00000    3.17609  47.1%   109 1755s
 15027  9375    4.35395   54  722    6.00000    3.17609  47.1%   109 1761s
 15029  9377    3.39441   45  727    6.00000    3.17609  47.1%   109 1766s
 15032  9379    3.99457   43  720    6.00000    3.17609  47.1%   109 1770s
 15035  9381    4.53922   62  722    6.00000    3.17609  47.1%   109 1775s
 15039  9383    4.12737   48  694    6.00000    3.17609  47.1%   109 1781s
 15040  9384    4.03832   38  700    6.00000    3.17609  47.1%   109 1814s
 15041  9385    4.25581   48  700    6.00000    3.17609  47.1%   109 1829s
 15042  9388    3.17609   29  703    6.00000    3.17609  47.1%   114 1917s
 15044  9390    3.17609   30  663    6.00000    3.17609  47.1%   115 1925s
 15046  9391    3.17609   30  715    6.00000    3.17609  47.1%   115 1976s
 15048  9392    3.17609   31  648    6.00000    3.17609  47.1%   115 1988s
 15050  9394    3.17609   31  747    6.00000    3.17609  47.1%   116 2020s
 15052  9395    3.17609   32  617    6.00000    3.17609  47.1%   116 2032s
 15054  9396    3.22182   32  744    6.00000    3.17609  47.1%   116 2060s
 15056  9396    3.17609   33  618    6.00000    3.17609  47.1%   116 2087s
 15060  9398    3.17609   34  599    6.00000    3.17609  47.1%   117 2122s
 15064  9401    3.17609   35  582    6.00000    3.17609  47.1%   117 2140s
 15068  9404    3.17609   36  537    6.00000    3.17609  47.1%   118 2170s
 15072  9406    3.17609   37  503    6.00000    3.17609  47.1%   119 2182s
 15076  9409    3.17609   38  485    6.00000    3.17609  47.1%   119 2193s
 15080  9412    3.17609   39  481    6.00000    3.17609  47.1%   119 2204s
 15084  9414    3.17609   40  465    6.00000    3.17609  47.1%   120 2214s
 15088  9417    3.17609   41  446    6.00000    3.17609  47.1%   120 2224s
 15092  9420    3.17609   42  439    6.00000    3.17609  47.1%   121 2235s
 15096  9422    3.17609   43  430    6.00000    3.17609  47.1%   121 2321s
 15100  9425    3.17609   44  407    6.00000    3.17609  47.1%   122 2340s
 15108  9429    3.17609   46  398    6.00000    3.17609  47.1%   122 2353s
 15115  9435    3.17609   48  359    6.00000    3.17609  47.1%   123 2368s
 15123  9440    3.38691   50  426    6.00000    3.17609  47.1%   123 2388s
 15132  9445    3.17609   53  275    6.00000    3.17609  47.1%   124 2404s
 15145  9452    3.72243   57  290    6.00000    3.17609  47.1%   124 2420s
 15160  9460    3.26633   63  170    6.00000    3.17609  47.1%   125 2433s
 15176  9464    4.48276   69  209    6.00000    3.17609  47.1%   125 2451s
 15191  9470    3.42907   32  668    6.00000    3.17609  47.1%   125 2468s
 15199  9475    3.17609   34  678    6.00000    3.17609  47.1%   126 2486s
 15208  9478    3.17609   36  657    6.00000    3.17609  47.1%   127 2506s
 15220  9485    3.17641   39  630    6.00000    3.17609  47.1%   127 2523s
 15233  9496    3.90454   41  777    6.00000    3.17609  47.1%   128 2543s
 15248  9503    3.20346   44  596    6.00000    3.17609  47.1%   129 2563s
 15270  9515    3.22965   49  573    6.00000    3.17609  47.1%   130 2580s
 15301  9519    3.25989   53  543    6.00000    3.17609  47.1%   130 2594s
 15336  9527    3.29095   57  512    6.00000    3.17609  47.1%   131 2609s
 15376  9550    3.33587   62  479    6.00000    3.17609  47.1%   132 2627s
 15418  9570    3.37040   66  425    6.00000    3.17609  47.1%   132 2644s
 15456  9571    3.47982   72  340    6.00000    3.17609  47.1%   133 2661s
 15522  9604    3.86816   85  246    6.00000    3.17609  47.1%   133 2676s
 15614  9608     cutoff  109         6.00000    3.17609  47.1%   134 2689s
 15717  9654    3.95785   71  391    6.00000    3.17609  47.1%   134 2702s
 15806  9666    3.31238   52  485    6.00000    3.17609  47.1%   134 2713s
 15942  9722    4.51680   46  692    6.00000    3.17609  47.1%   134 2724s
 16068  9714    4.29851   32  989    6.00000    3.17785  47.0%   135 2736s
 16173  9766     cutoff   74         6.00000    3.18357  46.9%   135 2747s
 16286  9807    3.54962   38  602    6.00000    3.19562  46.7%   135 2759s
 16427  9889    4.20702   55  492    6.00000    3.19713  46.7%   135 2770s
 16543  9943    3.28408   40  574    6.00000    3.19985  46.7%   136 2783s
 16604  9978    3.31733   46  519    6.00000    3.19985  46.7%   137 2796s
 16699 10007    3.38114   53  512    6.00000    3.19985  46.7%   138 2809s
 16760 10036    3.50624   62  402    6.00000    3.19985  46.7%   138 2822s
 16880 10086    4.23404   88  224    6.00000    3.21750  46.4%   139 2836s
 17018 10108    3.34610   50  452    6.00000    3.21931  46.3%   140 2905s
 17129 10156    3.99393   36  808    6.00000    3.22183  46.3%   140 2920s
 17265 10161    4.40909   48  579    6.00000    3.22280  46.3%   141 2955s
 17318 10179    4.46126   36  813    6.00000    3.22293  46.3%   141 2972s
 17522 10263    4.08790   42  651    6.00000    3.22563  46.2%   141 2989s
 17702 10350    4.02037   36  826    6.00000    3.22930  46.2%   142 3006s
 17781 10372    4.09664   47  673    6.00000    3.23393  46.1%   143 3025s
 17996 10409    4.07508   39  786    6.00000    3.23687  46.1%   144 3043s
 18148 10481    3.63742   36  730    6.00000    3.24358  45.9%   145 3063s
 18338 10574    4.67740   57  479    6.00000    3.25257  45.8%   145 3082s
 18554 10640    4.44913   66  473    6.00000    3.25920  45.7%   145 3102s
 18763 10718    3.39040   48  480    6.00000    3.26272  45.6%   146 3125s
 19029 10818    3.97193   47  801    6.00000    3.26537  45.6%   147 3147s
 19254 10907    4.24554   56  564    6.00000    3.26786  45.5%   148 3171s
 19514 11023    4.15833   48  579    6.00000    3.27288  45.5%   148 3195s
 19774 11066    5.00000   44  713    6.00000    3.27883  45.4%   149 3220s
 20040 11128    4.16682   50  663    6.00000    3.28096  45.3%   150 3245s
 20293 11238    4.19177   45  654    6.00000    3.28496  45.3%   151 3270s
 20588 11381    4.21021   49  593    6.00000    3.28905  45.2%   151 3295s
 20933 11474    4.18089   50  625    6.00000    3.29401  45.1%   151 3324s
 21001 11490    4.79304   43  873    6.00000    3.29490  45.1%   152 3348s
 21344 11632    4.24257   61  582    6.00000    3.30296  45.0%   152 3372s
 21482 11682    4.95403   52  792    6.00000    3.30428  44.9%   153 3397s
 21841 11700    4.95455   82  247    6.00000    3.30600  44.9%   153 3425s
 22035 11794    4.11280   44  727    6.00000    3.31148  44.8%   153 3449s
 22340 11886    4.13734   57  625    6.00000    3.31454  44.8%   153 3475s
 22610 11953    4.30870   56  544    6.00000    3.31871  44.7%   153 3500s
 23009 12134     cutoff   79         6.00000    3.32488  44.6%   152 3522s
 23164 12128    4.39469   63  473    6.00000    3.32670  44.6%   152 3547s
 23389 12171     cutoff   61         6.00000    3.33163  44.5%   153 3568s
 23614 12268    4.33299   56  608    6.00000    3.33372  44.4%   153 3590s
 23913 12388     cutoff   54         6.00000    3.34112  44.3%   153 3600s

Cutting planes:
  Gomory: 74
  Flow cover: 99
  Zero half: 152
  Mod-K: 9

Explored 23953 nodes (3677167 simplex iterations) in 3600.10 seconds
Thread count was 4 (of 4 available processors)

Solution count 1: 6 

Time limit reached
Best objective 6.000000000000e+00, best bound 4.000000000000e+00, gap 33.3333%
