
Gurobi 8.1.1 (win64) logging started 11/25/19 14:40:57

Changed value of parameter LogFile to logs/full/qp/full-06-15-0.log
   Prev: gurobi.log  Default: 
Changed value of parameter LogToConsole to 0
   Prev: 1  Min: 0  Max: 1  Default: 1
Changed value of parameter TimeLimit to 3600.0
   Prev: 1e+100  Min: 0.0  Max: 1e+100  Default: 1e+100
Optimize a model with 1 rows, 210 columns and 1 nonzeros
Model has 15 quadratic constraints
Variable types: 0 continuous, 210 integer (210 binary)
Coefficient statistics:
  Matrix range     [1e+00, 1e+00]
  QMatrix range    [1e+00, 1e+00]
  Objective range  [1e+00, 1e+00]
  Bounds range     [1e+00, 1e+00]
  RHS range        [1e+00, 1e+00]
  QRHS range       [1e+00, 1e+00]
Found heuristic solution: objective 210.0000000
Presolve removed 1 rows and 1 columns
Presolve time: 0.00s
Presolved: 0 rows, 209 columns, 0 nonzeros
Variable types: 0 continuous, 209 integer (209 binary)

Root relaxation: objective 1.000000e+00, 0 iterations, 0.00 seconds

    Nodes    |    Current Node    |     Objective Bounds      |     Work
 Expl Unexpl |  Obj  Depth IntInf | Incumbent    BestBd   Gap | It/Node Time

     0     0    2.00000    0    2  210.00000    2.00000  99.0%     -    0s
     0     0    2.00000    0    2  210.00000    2.00000  99.0%     -    0s
H    0     0                      13.0000000    2.00000  84.6%     -    0s
H    0     0                      11.0000000    2.00000  81.8%     -    0s
     0     2    2.00000    0    2   11.00000    2.00000  81.8%     -    0s
H   66    28                       9.0000000    2.00000  77.8%   1.1    0s
   461   209    2.00000  110    -    9.00000    2.00000  77.8%   1.0    5s
   721   297    6.00000  176    -    9.00000    2.00000  77.8%   1.1   10s
   881   301    8.00000  182    -    9.00000    2.00000  77.8%   1.1   15s
*  920   349             182       8.0000000    3.00000  62.5%   1.1   15s
  1072   304    4.00000  144    2    8.00000    3.00000  62.5%   1.2   22s
  1178   361    4.00000  155    -    8.00000    3.00000  62.5%   1.2   26s
  1355   478    4.00000  155    -    8.00000    3.00000  62.5%   1.2   30s
  1530   575    7.00000  180    -    8.00000    3.00000  62.5%   1.2   38s
  1631   595    7.00000  180    -    8.00000    3.00000  62.5%   1.2   43s
  1722   625    7.00000  180    -    8.00000    3.00000  62.5%   1.2   49s
  1834   688    7.00000  180    -    8.00000    3.00000  62.5%   1.2   55s
  1938   732    7.00000  180    -    8.00000    3.00000  62.5%   1.2   60s
  2035   778    7.00000  180    -    8.00000    3.00000  62.5%   1.2   66s
  2133   806    7.00000  180    -    8.00000    3.00000  62.5%   1.2   73s
  2214   854    4.00000   18    2    8.00000    3.00000  62.5%   1.2   79s
  2318   931    5.00000  155    -    8.00000    3.00000  62.5%   1.2   84s
  2416   982    7.00000  177    -    8.00000    3.00000  62.5%   1.2   91s
  2554  1066    7.00000  177    -    8.00000    3.00000  62.5%   1.2   97s
  2680  1113    7.00000  177    -    8.00000    3.00000  62.5%   1.2  104s
  2811  1266    3.00000   83    2    8.00000    3.00000  62.5%   1.2  148s
  2813  1267    5.00000  150 3003    8.00000    3.00000  62.5%   1.2  170s
  2815  1270    3.00000   29    2    8.00000    3.00000  62.5%   8.3  495s
  2817  1271    4.00000   19 3319    8.00000    3.00000  62.5%   8.3  502s
  2818  1272    3.00000  120  934    8.00000    3.00000  62.5%   8.3  507s
  2819  1273    3.00000  143 1556    8.00000    3.00000  62.5%   8.3  512s
  2821  1274    3.00000   93 1542    8.00000    3.00000  62.5%   8.3  516s
  2822  1275    4.00000  151 1388    8.00000    3.00000  62.5%   8.3  541s
  2824  1276    4.00000   73 1056    8.00000    3.00000  62.5%   8.3  564s
  2825  1277    3.00000  129  985    8.00000    3.00000  62.5%   8.3  565s
  2826  1277    3.00000  140 1364    8.00000    3.00000  62.5%   8.3  583s
  2827  1278    3.00000   91 2033    8.00000    3.00000  62.5%   8.3  585s
  2828  1279    6.00000  163 1732    8.00000    3.00000  62.5%   8.3  610s
  2830  1280    4.00000  101 1793    8.00000    3.00000  62.5%   8.3  635s
  2832  1281    4.00000   70 1856    8.00000    3.00000  62.5%   8.3  655s
  2833  1282    5.50000  167 1856    8.00000    3.00000  62.5%   8.2  668s
  2834  1283    3.00000   84 1856    8.00000    3.00000  62.5%   8.2  679s
  2835  1286    3.00000   31 1505    8.00000    3.00000  62.5%   119  711s
  2839  1289    3.17381   32 3277    8.00000    3.00000  62.5%   132  723s
  2841  1290    3.00000   33 1420    8.00000    3.00000  62.5%   136  731s
  2843  1290    3.23306   33 2558    8.00000    3.00000  62.5%   143  737s
  2845  1292    3.00000   34 1419    8.00000    3.00000  62.5%   143  746s
  2848  1292    3.00000   35 1418    8.00000    3.00000  62.5%   149  756s
  2851  1290    3.00000   36 1385    8.00000    3.00000  62.5%   160  778s
  2854  1294    3.00000   37 1373    8.00000    3.00000  62.5%   166  790s
  2859  1298    3.00000   38  872    8.00000    3.00000  62.5%   179  802s
  2863  1297    3.00000   40  831    8.00000    3.00000  62.5%   188  814s
  2867  1300    3.00000   41  828    8.00000    3.00000  62.5%   200  821s
  2871  1300    3.00000   42  811    8.00000    3.00000  62.5%   206  831s
  2875  1303    3.00000   43 1083    8.00000    3.00000  62.5%   216  840s
  2879  1308    3.00000   44 1094    8.00000    3.00000  62.5%   226  849s
  2883  1308    3.00000   45 1084    8.00000    3.00000  62.5%   233  857s
  2887  1311    3.00000   46  964    8.00000    3.00000  62.5%   241  865s
  2891  1314    3.00000   47  962    8.00000    3.00000  62.5%   249  874s
  2895  1316    3.00000   48  939    8.00000    3.00000  62.5%   256  886s
  2899  1319    3.00000   49  938    8.00000    3.00000  62.5%   266  896s
  2903  1322    3.00000   50  937    8.00000    3.00000  62.5%   273  907s
  2907  1324    3.00000   51  936    8.00000    3.00000  62.5%   280  914s
  2913  1328    3.00000   52  935    8.00000    3.00000  62.5%   290  923s
  2919  1331    3.00000   54  923    8.00000    3.00000  62.5%   302  932s
  2924  1337    3.00000   55  891    8.00000    3.00000  62.5%   310  940s
  2929  1339    3.00000   56  873    8.00000    3.00000  62.5%   320  950s
  2935  1343    3.00000   57  840    8.00000    3.00000  62.5%   332  960s
  2941  1347    3.00000   58  775    8.00000    3.00000  62.5%   343  971s
  2949  1352    3.00000   60  774    8.00000    3.00000  62.5%   357  980s
  2957  1358    3.00000   62  996    8.00000    3.00000  62.5%   371  999s
  2965  1363    3.00000   64  979    8.00000    3.00000  62.5%   386 1008s
  2973  1368    3.00000   66  949    8.00000    3.00000  62.5%   399 1023s
  2981  1374    3.00000   68  695    8.00000    3.00000  62.5%   413 1032s
  2989  1378    3.00000   70  704    8.00000    3.00000  62.5%   428 1046s
  2996  1385    3.00000   72  954    8.00000    3.00000  62.5%   438 1061s
  3003  1388    3.00000   73  950    8.00000    3.00000  62.5%   449 1077s
  3015  1395    3.00000   76  959    8.00000    3.00000  62.5%   466 1087s
  3026  1405    4.20028   78 2719    8.00000    3.00000  62.5%   482 1103s
  3037  1411    3.00000   81  847    8.00000    3.00000  62.5%   496 1116s
  3049  1418    3.00000   84  755    8.00000    3.00000  62.5%   513 1131s
  3060  1426    4.22759   86 2529    8.00000    3.00000  62.5%   529 1143s
  3074  1428    3.00000   89  766    8.00000    3.00000  62.5%   540 1175s
  3092  1434    3.00000   92  767    8.00000    3.00000  62.5%   552 1216s
  3118  1449    3.00006   95 1112    8.00000    3.00006  62.5%   560 1231s
  3146  1469    3.00078   98  992    8.00000    3.00078  62.5%   570 1245s
  3184  1494    3.00192  101  897    8.00000    3.00192  62.5%   578 1258s
  3211  1505    3.00322  104  989    8.00000    3.00322  62.5%   588 1276s
  3228  1510    3.00479  106 1167    8.00000    3.00479  62.4%   600 1292s
  3249  1526    3.00859  109 1154    8.00000    3.00859  62.4%   614 1315s
  3273  1540    3.50000  114 1358    8.00000    3.17381  60.3%   632 1344s
  3302  1562    3.50000  117 1348    8.00000    3.17381  60.3%   644 1362s
  3348  1588    3.50000  121 1354    8.00000    3.17381  60.3%   656 1378s
  3402  1623    3.57431  124 1846    8.00000    3.17381  60.3%   667 1398s
  3454  1663    3.94741  128 1558    8.00000    3.17381  60.3%   676 1418s
  3494  1678    3.50000  134  599    8.00000    3.17381  60.3%   689 1442s
  3533  1698    3.50000  139  616    8.00000    3.17381  60.3%   702 1465s
  3577  1727    3.50000  145  549    8.00000    3.17381  60.3%   714 1484s
  3654  1777    3.50000  151  976    8.00000    3.17381  60.3%   721 1510s
  3727  1821    3.50000  157  867    8.00000    3.17381  60.3%   730 1530s
  3790  1858    3.50000  163  713    8.00000    3.17381  60.3%   740 1571s
  3826  1871    3.50000  171  842    8.00000    3.17381  60.3%   754 1592s
  3888  1909    3.50000  180  649    8.00000    3.17381  60.3%   764 1626s
  3969  1961    4.00000  189  874    8.00000    3.17381  60.3%   771 1662s
  4024  1992    4.00000  199  405    8.00000    3.17381  60.3%   782 1686s
  4097  2039    4.02523  211  900    8.00000    3.17381  60.3%   795 1714s
  4197  2096    5.00000  228  659    8.00000    3.17381  60.3%   803 1745s
  4285  2119    6.74329  243 1470    8.00000    3.17381  60.3%   815 1774s
  4377  2181    6.00000  266  389    8.00000    3.17381  60.3%   823 1809s
  4562  2240    7.00000  315  394    8.00000    3.17479  60.3%   822 1845s
  4762  2332    3.50000   74 1440    8.00000    3.17479  60.3%   810 1904s
  4868  2388    4.00000  130  815    8.00000    3.17479  60.3%   807 1942s
  5004  2470    5.00000  181 1119    8.00000    3.17479  60.3%   807 2012s
  5156  2556    6.00000  251  653    8.00000    3.23601  59.5%   805 2044s
  5295  2614    3.50000   71 1244    8.00000    3.24089  59.5%   806 2077s
  5428  2697    4.00000  137  943    8.00000    3.24089  59.5%   807 2113s
  5582  2788    5.00000  176 1265    8.00000    3.24089  59.5%   808 2151s
  5823  2927 infeasible  275         8.00000    3.27675  59.0%   801 2216s
  5938  2989    4.00000  108  742    8.00000    3.27675  59.0%   803 2255s
  6052  3054 infeasible  161         8.00000    3.27675  59.0%   810 2331s
  6280  3182    5.53278  221 1063    8.00000    3.31110  58.6%   804 2374s
  6451  3270 infeasible   85         8.00000    3.31110  58.6%   807 2437s
  6643  3383    5.42374  156 1999    8.00000    3.31110  58.6%   810 2481s
  6841  3548     cutoff  225         8.00000    3.33230  58.3%   811 2600s
  6957  3628    4.00000   90  873    8.00000    3.33230  58.3%   817 2745s
  7071  3727    4.50000  137  658    8.00000    3.34516  58.2%   818 2795s
  7260  3874    6.80892  274    2    8.00000    3.36456  57.9%   819 2818s
  7262  3875    4.00000  131 3119    8.00000    3.36456  57.9%   819 2832s
  7263  3876    4.00000  127 2477    8.00000    3.36456  57.9%   819 2843s
  7265  3877    4.19906   74 2357    8.00000    3.36456  57.9%   819 2863s
  7266  3878    4.00000  109 2053    8.00000    3.36456  57.9%   818 2865s
  7267  3879    6.00000  226 1904    8.00000    3.36456  57.9%   818 2885s
  7269  3880    5.00000  231 2514    8.00000    3.36456  57.9%   818 2902s
  7271  3881    5.50000  212 1855    8.00000    3.36456  57.9%   818 2919s
  7272  3882    4.00000  122 2320    8.00000    3.36456  57.9%   818 2938s
  7274  3883    3.92292   44 1766    8.00000    3.36456  57.9%   818 2955s
  7276  3885    6.00000  236 1810    8.00000    3.36456  57.9%   817 2975s
  7277  3885    4.00000   83 1810    8.00000    3.36456  57.9%   817 2987s
  7278  3886    4.50000  131 1810    8.00000    3.36456  57.9%   817 2993s
  7279  3890    3.36456   43 1432    8.00000    3.36456  57.9%   864 3031s
  7283  3890    3.36456   44 2739    8.00000    3.36456  57.9%   868 3059s
  7285  3892    3.36456   45 1296    8.00000    3.36456  57.9%   869 3065s
  7287  3893    3.36456   45 3021    8.00000    3.36456  57.9%   872 3075s
  7291  3896    3.36456   46 3002    8.00000    3.36456  57.9%   876 3086s
  7293  3895    3.36456   47 1015    8.00000    3.36456  57.9%   877 3090s
  7295  3898    3.67099   47 2754    8.00000    3.36456  57.9%   879 3097s
  7297  3898    3.36456   48 1071    8.00000    3.36456  57.9%   880 3109s
  7301  3900    3.36456   49  887    8.00000    3.36456  57.9%   884 3120s
  7305  3903    3.36456   50 1007    8.00000    3.36456  57.9%   886 3130s
  7309  3906    3.36456   51  931    8.00000    3.36456  57.9%   889 3140s
  7313  3908    3.36456   52  866    8.00000    3.36456  57.9%   891 3150s
  7317  3911    3.36456   53  798    8.00000    3.36456  57.9%   894 3160s
  7321  3914    3.36456   54  764    8.00000    3.36456  57.9%   897 3170s
  7325  3916    3.36456   55  787    8.00000    3.36456  57.9%   899 3179s
  7329  3919    3.36456   56  763    8.00000    3.36456  57.9%   901 3188s
  7333  3922    3.36456   57  762    8.00000    3.36456  57.9%   903 3192s
  7337  3924    3.36456   58  743    8.00000    3.36456  57.9%   906 3199s
  7341  3927    3.36456   59  893    8.00000    3.36456  57.9%   908 3205s
  7347  3931    3.36456   60  756    8.00000    3.36456  57.9%   911 3210s
  7351  3934    3.36456   61  741    8.00000    3.36456  57.9%   913 3216s
  7355  3936    3.36456   62  712    8.00000    3.36456  57.9%   915 3223s
  7361  3940    3.36456   63  719    8.00000    3.36456  57.9%   919 3229s
  7365  3943    3.36456   64  719    8.00000    3.36456  57.9%   921 3237s
  7373  3946    3.36456   66  716    8.00000    3.36456  57.9%   925 3244s
  7379  3954    3.36456   67 2745    8.00000    3.36456  57.9%   929 3251s
  7383  3955    3.36456   68  705    8.00000    3.36456  57.9%   931 3259s
  7391  3960    3.36456   70  662    8.00000    3.36456  57.9%   935 3271s
  7399  3964    3.36456   72 1282    8.00000    3.36456  57.9%   939 3282s
  7409  3972    3.36456   74  640    8.00000    3.36456  57.9%   943 3292s
  7417  3976    3.36456   76  889    8.00000    3.36456  57.9%   947 3299s
  7425  3981    3.36456   78  870    8.00000    3.36456  57.9%   951 3312s
  7433  3986    3.36456   80  796    8.00000    3.36456  57.9%   955 3323s
  7443  3992    3.36456   82  804    8.00000    3.36456  57.9%   960 3335s
  7452  3998    3.36456   84  703    8.00000    3.36456  57.9%   964 3344s
  7461  4007    4.22541   86 2610    8.00000    3.36456  57.9%   970 3358s
  7467  4009    3.36456   88  943    8.00000    3.36456  57.9%   973 3370s
  7475  4013    3.36456   90  844    8.00000    3.36456  57.9%   977 3384s
  7484  4021    3.36456   92  930    8.00000    3.36456  57.9%   982 3395s
  7493  4026    3.36456   94  845    8.00000    3.36456  57.9%   986 3412s
  7505  4032    3.36456   97  918    8.00000    3.36456  57.9%   992 3422s
  7517  4044    3.37469   99 2367    8.00000    3.36456  57.9%   998 3440s
  7527  4048    3.36456  101  869    8.00000    3.36456  57.9%  1002 3451s
  7540  4060    3.36456  104 1330    8.00000    3.36456  57.9%  1007 3470s
  7554  4066    3.36456  107 1166    8.00000    3.36456  57.9%  1013 3485s
  7569  4077    3.36456  110 1066    8.00000    3.36456  57.9%  1019 3503s
  7585  4086    3.36456  113 1007    8.00000    3.36456  57.9%  1025 3517s
  7605  4100    3.36456  117  986    8.00000    3.36456  57.9%  1031 3535s
  7626  4104    3.36456  121 1406    8.00000    3.36456  57.9%  1037 3550s
  7666  4119    3.36456   47 2948    8.00000    3.36456  57.9%  1039 3570s
  7686  4129    3.50000   50 2735    8.00000    3.36456  57.9%  1044 3585s
  7709  4139    3.50000   53 2026    8.00000    3.36456  57.9%  1050 3600s

Cutting planes:
  Gomory: 1
  Zero half: 35

Explored 7731 nodes (8152131 simplex iterations) in 3600.02 seconds
Thread count was 4 (of 4 available processors)

Solution count 5: 8 9 11 ... 210

Time limit reached
Best objective 8.000000000000e+00, best bound 4.000000000000e+00, gap 50.0000%
Warning: Q constraint 0 doesn't have a name
