
Gurobi 8.1.1 (win64) logging started 11/25/19 21:50:39

Changed value of parameter LogFile to logs/full/qp/full-07-15-2.log
   Prev: gurobi.log  Default: 
Changed value of parameter LogToConsole to 0
   Prev: 1  Min: 0  Max: 1  Default: 1
Changed value of parameter TimeLimit to 3600.0
   Prev: 1e+100  Min: 0.0  Max: 1e+100  Default: 1e+100
Optimize a model with 1 rows, 483 columns and 1 nonzeros
Model has 18 quadratic constraints
Variable types: 0 continuous, 483 integer (483 binary)
Coefficient statistics:
  Matrix range     [1e+00, 1e+00]
  QMatrix range    [1e+00, 1e+00]
  Objective range  [1e+00, 1e+00]
  Bounds range     [1e+00, 1e+00]
  RHS range        [1e+00, 1e+00]
  QRHS range       [1e+00, 2e+00]
Found heuristic solution: objective 483.0000000
Presolve removed 1 rows and 1 columns
Presolve time: 0.29s
Presolved: 0 rows, 482 columns, 0 nonzeros
Variable types: 0 continuous, 482 integer (482 binary)

Root relaxation: objective 1.000000e+00, 0 iterations, 0.03 seconds

    Nodes    |    Current Node    |     Objective Bounds      |     Work
 Expl Unexpl |  Obj  Depth IntInf | Incumbent    BestBd   Gap | It/Node Time

     0     0    2.87500    0    3  483.00000    2.87500  99.4%     -    0s
H    0     0                       9.0000000    2.87500  68.1%     -    0s
     0     0    2.87500    0    3    9.00000    2.87500  68.1%     -    0s
     0     2    2.87500    0    3    9.00000    2.87500  68.1%     -    0s
   261   157    4.66667   85    2    9.00000    3.00000  66.7%   1.4    5s
   416   248    4.66667  127    2    9.00000    3.00000  66.7%   1.4   10s
   528   319    4.66667  163    2    9.00000    3.00000  66.7%   1.4   15s
   656   389    4.66667  207    2    9.00000    3.00000  66.7%   1.4   20s
   794   480    4.66667  243    2    9.00000    3.00000  66.7%   1.4   25s
   891   542    4.66667  281    2    9.00000    3.00000  66.7%   1.4   30s
  1002   615    4.66667  316    2    9.00000    3.00000  66.7%   1.4   35s
  1101   677    4.66667  347    2    9.00000    3.00000  66.7%   1.3   40s
  1177   720    4.66667  370    2    9.00000    3.00000  66.7%   1.3   45s
  1227   755    4.66667  388    2    9.00000    3.00000  66.7%   1.3   50s
  1332   839    5.00000   77    3    9.00000    3.00000  66.7%   1.3   98s
  1334   840    5.00000  218 5379    9.00000    3.11135  65.4%   1.3  236s
  1336   843    5.00000  205    3    9.00000    3.11135  65.4%  66.0  322s
  1338   844    5.00000  344 5555    9.00000    3.11135  65.4%  65.9  352s
  1339   845    6.00000  261 2465    9.00000    4.00000  55.6%  65.8  378s
  1340   846    6.00000  211 2586    9.00000    4.00000  55.6%  65.8  391s
  1341   846    6.00000  287 2456    9.00000    4.00000  55.6%  65.7  472s
  1342   847    5.00000  109 6066    9.00000    4.00431  55.5%  65.7  490s
  1343   848    5.00000   49 6314    9.00000    4.01369  55.4%  65.6  495s
  1345   849    5.00000  387 6337    9.00000    4.01369  55.4%  65.5  502s
  1346   850    6.00000  282 6393    9.00000    4.01369  55.4%  65.5  506s
  1348   851    7.00000   47 6383    9.00000    4.01369  55.4%  65.4  511s
  1350   852    5.00000  184 6367    9.00000    4.01369  55.4%  65.3  515s
  1353   856    7.00000   24    3    9.00000    4.01369  55.4%   366  521s
H 1354   814                       8.0000000    4.01369  49.8%   366  547s
  1356   815    6.00000  298 6895    8.00000    4.01369  49.8%   365  569s
  1357   816    5.00000  304 6598    8.00000    4.01540  49.8%   365  580s
  1358   816    5.00000  123 5287    8.00000    4.04700  49.4%   364  595s
  1360   818    5.00000  275 6283    8.00000    4.10932  48.6%   364  616s
  1362   819    6.00000  295 5760    8.00000    4.11133  48.6%   363  620s
  1364   820    6.00000  193 5509    8.00000    4.11630  48.5%   363  625s
  1365   821    6.00000   35 5129    8.00000    4.14418  48.2%   363  635s
  1367   822    4.14418    2 5124    8.00000    4.14418  48.2%   362  643s
  1368   823    5.00000  262 5124    8.00000    4.14418  48.2%   362  646s
  1369   824    5.00000  138 5123    8.00000    4.14418  48.2%   361  650s
  1371   825    6.00000  373 5123    8.00000    4.14418  48.2%   361  655s
  1372   826    5.00000  352 5123    8.00000    4.14418  48.2%   361  829s
  1373   829    4.15292   32 4792    8.00000    4.14418  48.2%   550  841s
  1375   831    4.15427   33 4860    8.00000    4.15427  48.1%   561  846s
  1377   832    4.33312   33 4629    8.00000    4.15517  48.1%   582  852s
  1379   833    4.26211   34 4772    8.00000    4.15534  48.1%   608  858s
  1381   835    4.16798   34 5082    8.00000    4.16798  47.9%   613  870s
  1383   837    4.16831   35 5003    8.00000    4.16831  47.9%   652  875s
  1386   837    4.16896   36 5025    8.00000    4.16896  47.9%   671  885s
  1389   837    4.17510   37 5128    8.00000    4.16978  47.9%   725  897s
  1392   841    4.47679   37 3443    8.00000    4.17511  47.8%   771  905s
  1395   841    4.19570   38 5305    8.00000    4.17511  47.8%   801  918s
  1398   845    4.17707   38 5130    8.00000    4.17707  47.8%   839  931s
  1403   847    4.17895   40 5103    8.00000    4.17895  47.8%   882  944s
  1407   849    4.19931   41 5232    8.00000    4.17898  47.8%   944  956s
  1410   853    4.18387   41 4980    8.00000    4.18387  47.7%   977  973s
  1415   855    4.18732   43 4774    8.00000    4.18732  47.7%  1030  980s
  1419   858    4.18750   44 4726    8.00000    4.18750  47.7%  1063  996s
  1425   861    4.28771   46 4512    8.00000    4.18764  47.7%  1140 1014s
  1428   865    4.19097   46 4945    8.00000    4.19097  47.6%  1171 1027s
  1433   867    4.20432   48 4631    8.00000    4.19574  47.6%  1227 1035s
  1437   870    4.20742   49 4491    8.00000    4.19574  47.6%  1262 1051s
  1441   873    4.20899   50 4502    8.00000    4.19574  47.6%  1339 1064s
  1445   875    4.21109   51 4335    8.00000    4.19574  47.6%  1388 1086s
  1449   878    4.21115   52 4348    8.00000    4.19574  47.6%  1438 1103s
  1457   883    4.21414   55 3917    8.00000    4.19574  47.6%  1503 1117s
  1463   887    4.21737   57 4029    8.00000    4.19574  47.6%  1576 1131s
  1467   890    4.21857   58 3481    8.00000    4.19574  47.6%  1612 1151s
  1473   894    4.21873   59 3459    8.00000    4.19574  47.6%  1700 1170s
  1477   897    4.21873   60 3459    8.00000    4.19574  47.6%  1773 1183s
  1481   899    4.22201   61 3329    8.00000    4.19574  47.6%  1828 1202s
  1487   903    4.23258   62 3108    8.00000    4.19574  47.6%  1890 1222s
  1495   909    4.23540   64 2867    8.00000    4.19574  47.6%  1958 1238s
  1499   911    4.23543   65 2865    8.00000    4.19574  47.6%  2002 1263s
  1505   915    4.23552   66 2954    8.00000    4.19574  47.6%  2087 1282s
  1511   919    4.51262   67 3117    8.00000    4.19574  47.6%  2193 1299s
  1521   926    4.24432   70 2853    8.00000    4.19574  47.6%  2251 1322s
  1529   931    4.25411   72 2627    8.00000    4.19574  47.6%  2353 1341s
  1537   937    4.25683   74 2318    8.00000    4.19574  47.6%  2415 1364s
  1545   942    4.25831   75 2550    8.00000    4.19574  47.6%  2485 1388s
  1551   946    4.26117   76 2515    8.00000    4.19574  47.6%  2556 1412s
  1555   949    4.26788   77 2519    8.00000    4.19574  47.6%  2611 1445s
  1565   955    4.28182   80 2704    8.00000    4.19574  47.6%  2702 1476s
  1569   958    4.28222   81 2542    8.00000    4.19574  47.6%  2755 1504s
  1577   963    4.28554   83 3004    8.00000    4.19574  47.6%  2852 1534s
  1583   967    4.28870   85 2445    8.00000    4.19574  47.6%  2940 1572s
  1595   975    4.29859   88 3105    8.00000    4.19574  47.6%  3059 1611s
  1601   978    4.29859   89 3105    8.00000    4.19574  47.6%  3156 1642s
  1612   988    4.31109   92 2188    8.00000    4.19574  47.6%  3258 1689s
  1623   994    4.31347   94 2168    8.00000    4.19574  47.6%  3378 1728s
  1631   999    4.31394   95 2169    8.00000    4.19574  47.6%  3447 1761s
  1641  1006    4.31950   98 2206    8.00000    4.19574  47.6%  3545 1804s
  1657  1019    4.33255  102 2288    8.00000    4.19574  47.6%  3654 1864s
  1669  1027    4.33291  103 2488    8.00000    4.19574  47.6%  3742 1901s
  1685  1035    4.34396  108 3710    8.00000    4.19574  47.6%  3874 1939s
  1701  1046    4.34713  111 3674    8.00000    4.19574  47.6%  3973 1987s
  1717  1057    4.34945  115 2097    8.00000    4.19574  47.6%  4064 2039s
  1739  1071    4.35796  123 2118    8.00000    4.19574  47.6%  4213 2092s
  1749  1078    4.35939  125 2072    8.00000    4.19574  47.6%  4288 2141s
  1779  1098    4.37256  133 1975    8.00000    4.19574  47.6%  4419 2192s
  1805  1115    4.38770  141 1809    8.00000    4.19574  47.6%  4548 2244s
  1835  1135    4.39917  149 2031    8.00000    4.19574  47.6%  4663 2295s
  1873  1161    4.41047  158 2458    8.00000    4.19574  47.6%  4784 2352s
  1907  1183    4.41533  168 1956    8.00000    4.19574  47.6%  4842 2437s
  1959  1222    4.42554  183 1454    8.00000    4.19574  47.6%  4933 2493s
  2027  1263    4.43885  205 1756    8.00000    4.19574  47.6%  4992 2544s
  2111  1319    4.45341  230 1341    8.00000    4.19574  47.6%  5030 2604s
  2185  1369    4.47640  251 1982    8.00000    4.19574  47.6%  5059 2658s
  2313  1452    4.54877  292 1167    8.00000    4.19574  47.6%  4981 2814s
  2393  1511    6.03951  305 1309    8.00000    4.19574  47.6%  4914 2870s
  2585  1635    4.96763  357 1229    8.00000    4.19574  47.6%  4718 2907s
  2829  1761    5.86357  418  848    8.00000    4.19933  47.5%  4417 2957s
  3071  1782    4.26554   44 4584    8.00000    4.19933  47.5%  4185 3000s
  3133  1797    4.27193   48 4494    8.00000    4.19933  47.5%  4175 3050s
  3193  1836    4.28739   55 4554    8.00000    4.19933  47.5%  4190 3099s
  3254  1871    4.30179   62 4384    8.00000    4.19933  47.5%  4201 3151s
  3394  1923    4.31286   67 4306    8.00000    4.19933  47.5%  4135 3203s
  3457  1963    4.34425   77 4366    8.00000    4.19933  47.5%  4151 3255s
  3586  2048    4.40784   91 3841    8.00000    4.19933  47.5%  4085 3311s
  3799  2149    4.78400  142 3113    8.00000    4.19933  47.5%  3961 3600s

Cutting planes:
  Gomory: 4
  MIR: 1
  StrongCG: 1

Explored 3850 nodes (15178363 simplex iterations) in 3600.03 seconds
Thread count was 4 (of 4 available processors)

Solution count 3: 8 9 483 

Time limit reached
Best objective 8.000000000000e+00, best bound 5.000000000000e+00, gap 37.5000%
Warning: Q constraint 0 doesn't have a name
