
Gurobi 8.1.1 (win64) logging started 11/25/19 08:36:41

Changed value of parameter LogFile to logs/full/qp/full-05-15-1.log
   Prev: gurobi.log  Default: 
Changed value of parameter LogToConsole to 0
   Prev: 1  Min: 0  Max: 1  Default: 1
Changed value of parameter TimeLimit to 3600.0
   Prev: 1e+100  Min: 0.0  Max: 1e+100  Default: 1e+100
Optimize a model with 1 rows, 183 columns and 1 nonzeros
Model has 10 quadratic constraints
Variable types: 0 continuous, 183 integer (183 binary)
Coefficient statistics:
  Matrix range     [1e+00, 1e+00]
  QMatrix range    [1e+00, 1e+00]
  Objective range  [1e+00, 1e+00]
  Bounds range     [1e+00, 1e+00]
  RHS range        [1e+00, 1e+00]
  QRHS range       [1e+00, 1e+00]
Found heuristic solution: objective 183.0000000
Presolve removed 1 rows and 1 columns
Presolve time: 0.03s
Presolved: 0 rows, 182 columns, 0 nonzeros
Variable types: 0 continuous, 182 integer (182 binary)

Root relaxation: objective 1.000000e+00, 0 iterations, 0.00 seconds

    Nodes    |    Current Node    |     Objective Bounds      |     Work
 Expl Unexpl |  Obj  Depth IntInf | Incumbent    BestBd   Gap | It/Node Time

     0     0    2.00000    0    2  183.00000    2.00000  98.9%     -    0s
     0     0    2.00000    0    2  183.00000    2.00000  98.9%     -    0s
     0     0    2.00000    0    2  183.00000    2.00000  98.9%     -    0s
H    0     0                       6.0000000    2.00000  66.7%     -    0s
     0     2    2.00000    0    2    6.00000    2.00000  66.7%     -    0s
   616   231    2.00000   96    2    6.00000    2.00000  66.7%   1.4    5s
  1003   303    4.00000  116    2    6.00000    3.00000  50.0%   1.3   11s
  1377   520    5.00000  136    2    6.00000    3.00000  50.0%   1.3   16s
  1603   623    3.00000  114    -    6.00000    3.00000  50.0%   1.3   20s
  1853   740    4.00000  129    -    6.00000    3.00000  50.0%   1.3   26s
  2038   834    4.00000  129    -    6.00000    3.00000  50.0%   1.2   32s
  2235   933    4.00000  129    -    6.00000    3.00000  50.0%   1.2   37s
  2335   976    3.00000  116    -    6.00000    3.00000  50.0%   1.2   41s
  2490  1091    3.00000  112    -    6.00000    3.00000  50.0%   1.2   47s
  2703  1271    3.00000   74    2    6.00000    3.00000  50.0%   1.2   66s
  2705  1272    3.00000    6 1730    6.00000    3.00000  50.0%   1.2   74s
  2707  1275    4.00000   62    2    6.00000    3.00000  50.0%   4.8  125s
  2712  1278    4.00000  105 1696    6.00000    3.00000  50.0%   4.8  130s
  2718  1282    4.00000   90 1282    6.00000    3.00000  50.0%   4.8  135s
  2726  1288    3.00000  104  990    6.00000    3.00000  50.0%   4.8  140s
  2731  1291    5.00000  113  866    6.00000    3.00000  50.0%   4.8  173s
  2734  1296    3.00000   26  838    6.00000    3.00000  50.0%  21.0  254s
  2736  1297    3.00000   27  871    6.00000    3.00000  50.0%  24.0  256s
  2738  1299    3.31315   27 1578    6.00000    3.00000  50.0%  26.6  262s
  2742  1301    3.28868   28 1728    6.00000    3.00000  50.0%  30.8  265s
  2747  1304    3.00000   30  809    6.00000    3.00000  50.0%  34.4  270s
  2758  1310    3.00000   33  746    6.00000    3.00000  50.0%  43.6  277s
  2762  1313    3.00000   34  897    6.00000    3.00000  50.0%  47.5  280s
  2774  1321    3.00000   37  755    6.00000    3.00000  50.0%  58.3  286s
  2783  1328    3.00000   39  767    6.00000    3.00000  50.0%  64.5  290s
  2798  1337    3.00000   42  731    6.00000    3.00000  50.0%  72.6  295s
  2809  1344    3.35923   44 1429    6.00000    3.00000  50.0%  79.4  300s
  2824  1354    3.00000   48  778    6.00000    3.00000  50.0%  87.7  306s
  2836  1362    3.00000   51  758    6.00000    3.00000  50.0%  94.8  311s
  2852  1372    3.00000   55  776    6.00000    3.00000  50.0%   103  316s
  2870  1385    3.00000   59  735    6.00000    3.00000  50.0%   111  322s
  2880  1391    3.00000   61  725    6.00000    3.00000  50.0%   115  325s
  2902  1406    3.00000   66  707    6.00000    3.00000  50.0%   124  331s
  2916  1413    3.00000   69  724    6.00000    3.00000  50.0%   128  386s
  2918  1419    3.58892   69 1054    6.00000    3.00000  50.0%   129  391s
  2948  1437    3.00000   76  704    6.00000    3.00000  50.0%   138  398s
  2972  1452    3.00000   82  654    6.00000    3.00000  50.0%   143  401s
  3061  1506    3.94828  103  577    6.00000    3.00000  50.0%   151  406s
  3179  1528     cutoff  135         6.00000    3.28047  45.3%   155  413s
  3202  1524     cutoff   33         6.00000    3.28874  45.2%   159  416s
  3214  1522    4.30793   35 1581    6.00000    3.28874  45.2%   172  423s
  3220  1523    4.28596   36 1615    6.00000    3.28874  45.2%   177  426s
  3227  1522    3.50000   38 1039    6.00000    3.28874  45.2%   182  430s
  3241  1524    3.50000   41  970    6.00000    3.28874  45.2%   195  438s
  3253  1524    3.50371   43 1029    6.00000    3.28874  45.2%   202  442s
  3279  1518    3.51930   45  991    6.00000    3.28874  45.2%   208  468s
  3281  1520    4.36323   45 1389    6.00000    3.28874  45.2%   209  475s
  3302  1522    3.55295   48  940    6.00000    3.28874  45.2%   214  483s
  3313  1526    3.56411   51  980    6.00000    3.28874  45.2%   219  490s
  3330  1535    3.59067   56  959    6.00000    3.28874  45.2%   225  498s
  3352  1550    3.60196   60  943    6.00000    3.28874  45.2%   231  507s
  3386  1568    3.61321   64  890    6.00000    3.28874  45.2%   236  514s
  3394  1575    4.55202   65 1055    6.00000    3.28874  45.2%   237  519s
  3415  1579    3.65908   73  970    6.00000    3.28874  45.2%   243  524s
  3442  1594    4.00000   80  649    6.00000    3.28874  45.2%   247  532s
  3453  1594    4.00000   84  602    6.00000    3.28874  45.2%   250  542s
  3497  1615    4.07435   93  605    6.00000    3.28874  45.2%   252  549s
  3549  1612     cutoff  114         6.00000    3.31318  44.8%   253  558s
  3613  1594    3.36284   30 1685    6.00000    3.31318  44.8%   257  564s
  3658  1618    3.50000   34  958    6.00000    3.31318  44.8%   261  570s
  3680  1617    3.51163   41 1078    6.00000    3.31318  44.8%   267  576s
  3707  1629    3.58499   54  983    6.00000    3.31318  44.8%   271  583s
  3807  1674    4.07657   90  676    6.00000    3.31944  44.7%   274  592s
  3893  1703    3.50000   33 1110    6.00000    3.31944  44.7%   277  598s
  3940  1730    3.51055   45  975    6.00000    3.31944  44.7%   281  606s
  4027  1778    4.00000   81  608    6.00000    3.32363  44.6%   283  614s
  4106  1818    4.50000   37  943    6.00000    3.32363  44.6%   287  621s
  4190  1852    4.62825   67  930    6.00000    3.32534  44.6%   290  629s
  4269  1894    3.51748   49 1025    6.00000    3.32837  44.5%   294  637s
  4342  1934    3.50000   39  996    6.00000    3.32837  44.5%   299  645s
  4387  1955    3.67654   68  996    6.00000    3.33208  44.5%   305  654s
  4510  2009    4.50000   42  907    6.00000    3.33208  44.5%   307  670s
  4512  2010    4.50000   43  918    6.00000    3.33208  44.5%   307  679s
  4600  2043    4.53580   59 1046    6.00000    3.33570  44.4%   310  688s
  4700  2089    4.50000   46  955    6.00000    3.33841  44.4%   313  698s
  4795  2137    4.50000   40  945    6.00000    3.33866  44.4%   317  708s
  4907  2197    4.50000   33 1166    6.00000    3.34064  44.3%   321  720s
  4943  2212    4.50000   43  996    6.00000    3.34356  44.3%   322  731s
  5040  2251    4.50000   46  931    6.00000    3.34426  44.3%   326  747s
  5156  2301    3.50000   36  979    6.00000    3.34428  44.3%   328  758s
  5240  2352    3.62742   65 1020    6.00000    3.34518  44.2%   333  772s
  5359  2391    4.50226   45  982    6.00000    3.34615  44.2%   338  785s
  5543  2470    4.55108   57  920    6.00000    3.34953  44.2%   339  797s
  5665  2530    4.50033   52  985    6.00000    3.35095  44.2%   342  811s
  5795  2595    3.57111   58 1010    6.00000    3.35478  44.1%   345  825s
  5976  2677    4.54377   58  945    6.00000    3.35705  44.0%   347  840s
  6087  2731    4.50000   43  981    6.00000    3.35930  44.0%   351  856s
  6241  2800    4.50000   50  882    6.00000    3.36798  43.9%   354  872s
  6430  2896    4.50000   51  889    6.00000    3.37255  43.8%   356  918s
  6432  2892     cutoff   52         6.00000    3.37877  43.7%   357  945s
  6529  2923    3.59908   63 1044    6.00000    3.38606  43.6%   361  988s
  6673  3004    4.39460   48 1404    6.00000    3.39249  43.5%   364 1031s
  6828  3121    4.52460   53  925    6.00000    3.39286  43.5%   366 1056s
  7047  3293    4.50000   51  947    6.00000    3.40476  43.3%   368 1076s
  7243  3451    4.50000   49    2    6.00000    3.41360  43.1%   372 1085s
  7246  3453    4.50000   48 1732    6.00000    3.41360  43.1%   371 1092s
  7248  3454    4.58299   56 1649    6.00000    3.41360  43.1%   371 1096s
  7253  3458    5.00000   76  975    6.00000    3.41360  43.1%   371 1101s
  7259  3462    4.50000   44 1134    6.00000    3.41360  43.1%   371 1105s
  7262  3467    3.41360   38 1077    6.00000    3.41360  43.1%   375 1113s
  7266  3469    3.41360   39 1702    6.00000    3.41360  43.1%   376 1118s
  7270  3472    3.41360   40 1688    6.00000    3.41360  43.1%   378 1122s
  7272  3474    3.41360   41  880    6.00000    3.41360  43.1%   378 1125s
  7275  3471 infeasible   42         6.00000    3.41360  43.1%   381 1135s
  7282  3476    3.41360   44  874    6.00000    3.41360  43.1%   383 1143s
  7286  3480    3.41360   45  864    6.00000    3.41360  43.1%   384 1146s
  7292  3481    3.41360   47  846    6.00000    3.41360  43.1%   385 1152s
  7296  3481    3.41360   48  845    6.00000    3.41360  43.1%   387 1155s
  7304  3489    3.41360   50  836    6.00000    3.41360  43.1%   389 1163s
  7308  3491    3.41360   51  828    6.00000    3.41360  43.1%   390 1166s
  7316  3495    3.41360   53  811    6.00000    3.41360  43.1%   392 1172s
  7324  3500    3.41360   55  727    6.00000    3.41360  43.1%   394 1178s
  7328  3503    3.41360   56  735    6.00000    3.41360  43.1%   395 1181s
  7337  3510    3.41360   58  723    6.00000    3.41360  43.1%   397 1186s
  7340  3510    3.41360   59  798    6.00000    3.41360  43.1%   398 1191s
  7347  3516    3.41360   61  797    6.00000    3.41360  43.1%   399 1195s
  7359  3521    3.41360   64  787    6.00000    3.41360  43.1%   402 1202s
  7365  3528    4.38989   65 1304    6.00000    3.41360  43.1%   403 1207s
  7372  3529    3.41360   67  775    6.00000    3.41360  43.1%   405 1211s
  7386  3537    3.41529   70 1329    6.00000    3.41360  43.1%   408 1219s
  7392  3539    3.41360   72  685    6.00000    3.41360  43.1%   409 1224s
  7400  3542    3.41360   74  596    6.00000    3.41360  43.1%   410 1228s
  7407  3541    3.42759   75 1239    6.00000    3.41360  43.1%   412 1233s
  7421  3548    3.41360   78  742    6.00000    3.41360  43.1%   414 1238s
  7438  3551    3.41360   80  733    6.00000    3.41360  43.1%   415 1244s
  7459  3561    3.41360   83  748    6.00000    3.41360  43.1%   417 1249s
  7470  3563    3.41360   86  741    6.00000    3.41360  43.1%   418 1254s
  7480  3571    3.41360   89  670    6.00000    3.41360  43.1%   420 1261s
  7493  3575    3.41360   93  547    6.00000    3.41360  43.1%   422 1266s
  7505  3584    3.41360   97  742    6.00000    3.41360  43.1%   424 1272s
  7522  3591    3.41360  103  730    6.00000    3.41360  43.1%   426 1278s
  7539  3600    3.41360  109  714    6.00000    3.41360  43.1%   428 1285s
  7558  3612    3.41360  116  688    6.00000    3.41360  43.1%   430 1292s
  7578  3616    3.76005  123  883    6.00000    3.41360  43.1%   432 1298s
  7597  3630    3.41360  130  664    6.00000    3.41360  43.1%   434 1305s
  7623  3637    3.41360  140  601    6.00000    3.41360  43.1%   435 1315s
  7655  3654    3.50000  152  493    6.00000    3.41360  43.1%   436 1321s
  7685  3660    3.50000  164  365    6.00000    3.41360  43.1%   438 1329s
  7721  3664    3.50000  178  483    6.00000    3.41360  43.1%   439 1336s
  7765  3664    3.50000  196  455    6.00000    3.41360  43.1%   440 1343s
  7824  3664    4.50000  220  395    6.00000    3.41360  43.1%   440 1354s
  7866  3661 infeasible   45         6.00000    3.41360  43.1%   441 1367s
  7883  3659    3.50000   45 1101    6.00000    3.41360  43.1%   442 1376s
  7911  3667    3.50000   59 1095    6.00000    3.41360  43.1%   444 1384s
  7954  3683 infeasible   42         6.00000    3.41360  43.1%   446 1399s
  7984  3688    3.50000   48 1034    6.00000    3.41360  43.1%   447 1408s
  8029  3698    3.50000   65 1020    6.00000    3.41360  43.1%   449 1424s
  8063  3695    3.50000   54 1070    6.00000    3.41360  43.1%   449 1440s
  8101  3707    4.24099   41 1586    6.00000    3.41360  43.1%   450 1450s
  8177  3739    3.50000   53 1282    6.00000    3.41360  43.1%   449 1460s
  8231  3749    5.00000   58 1199    6.00000    3.41360  43.1%   450 1474s
  8329  3792 infeasible   44         6.00000    3.41360  43.1%   449 1491s
  8381  3805    3.50174   70 1052    6.00000    3.41360  43.1%   449 1511s
  8477  3848    3.52363   51 1629    6.00000    3.41360  43.1%   447 1521s
  8596  3907 infeasible  117         6.00000    3.41360  43.1%   445 1536s
  8652  3911    3.50483   66 1110    6.00000    3.41360  43.1%   445 1553s
  8769  3957 infeasible   61         6.00000    3.41360  43.1%   444 1573s
  8794  3961    3.52156   70 1028    6.00000    3.41360  43.1%   445 1585s
  8911  4008    4.00315  117  645    6.00000    3.41360  43.1%   444 1601s
  9023  4055    4.00000   95  625    6.00000    3.41360  43.1%   443 1623s
  9115  4081 infeasible   71         6.00000    3.41360  43.1%   443 1647s
  9223  4124    4.00000   88  636    6.00000    3.41360  43.1%   442 1662s
  9351  4181    3.50000   75 1119    6.00000    3.41536  43.1%   441 1678s
  9482  4218 infeasible   75         6.00000    3.41836  43.0%   440 1702s
  9568  4234    4.71397  106  922    6.00000    3.42971  42.8%   441 1723s
  9744  4309    3.50000   70 1211    6.00000    3.45353  42.4%   439 1744s
  9839  4339    3.50086   79 1163    6.00000    3.45659  42.4%   439 1762s
 10058  4427    5.00000   82  480    6.00000    3.48288  42.0%   436 1780s
 10229  4485     cutoff  116         6.00000    3.48399  41.9%   436 1812s
 10352  4500    4.00953  108  634    6.00000    3.50000  41.7%   436 1848s
 10492  4537     cutoff   57         6.00000    3.50000  41.7%   437 1892s
 10571  4541    5.00000   76  728    6.00000    3.50000  41.7%   438 1920s
 10736  4587    4.50000   66 1273    6.00000    3.50000  41.7%   441 1960s
 10870  4606    4.51517   76  981    6.00000    3.50000  41.7%   443 2004s
 10993  4618    5.00000   82  716    6.00000    3.50000  41.7%   445 2036s
 11136  4650    5.00000   80  733    6.00000    3.50000  41.7%   447 2072s
 11353  4718    4.50000   63 1264    6.00000    3.50000  41.7%   447 2110s
 11521  4760    5.00000   70  703    6.00000    3.50000  41.7%   449 2147s
 11717  4817    4.50000   46  876    6.00000    3.50000  41.7%   450 2186s
 11962  4876    4.50167   64 1004    6.00000    3.50000  41.7%   450 2232s
 12197  4935    4.50000   69  798    6.00000    3.50000  41.7%   451 2277s
 12405  4979    4.52397   78  927    6.00000    3.50000  41.7%   453 2323s
 12597  5008    4.50000   69  998    6.00000    3.50000  41.7%   456 2367s
 12831  5065    4.50156   65 1008    6.00000    3.50000  41.7%   457 2412s
 13055  5117     cutoff   67         6.00000    3.50000  41.7%   459 2460s
 13305  5176    4.50000   74  831    6.00000    3.50000  41.7%   459 2504s
 13556  5208    4.50000   67  969    6.00000    3.50000  41.7%   461 2551s
 13762  5244     cutoff   65         6.00000    3.50000  41.7%   463 2595s
 14004  5279    4.50000   52 1254    6.00000    3.50000  41.7%   465 2642s
 14230  5335    4.29242   62 1420    6.00000    3.50000  41.7%   466 2686s
 14423  5377    4.50000   67  872    6.00000    3.50000  41.7%   468 2726s
 14725  5462    4.00000  103    2    6.00000    3.50284  41.6%   466 2936s
 14727  5463    4.50000   61 1784    6.00000    3.50284  41.6%   466 2941s
 14729  5465    4.50000  112 1078    6.00000    3.50284  41.6%   466 2945s
 14733  5467    4.25853   42 1389    6.00000    3.50284  41.6%   466 2956s
 14735  5469    4.50000   59 1326    6.00000    3.50284  41.6%   466 2962s
 14737  5470    4.00000   99 1235    6.00000    3.50284  41.6%   466 2970s
 14739  5471    4.51242   74 1263    6.00000    3.50284  41.6%   466 2977s
 14741  5473    5.00000   77 1179    6.00000    3.50284  41.6%   465 2986s
 14743  5474    4.50000  127 1283    6.00000    3.50284  41.6%   465 2993s
 14744  5475    4.50966   74 1296    6.00000    3.50284  41.6%   465 2995s
 14745  5475    4.50000   66 1297    6.00000    3.50284  41.6%   465 3002s
 14747  5477    5.00000  102 1313    6.00000    3.50284  41.6%   465 3010s
 14749  5478    5.00000  102 1218    6.00000    3.50284  41.6%   465 3019s
 14750  5479    4.50000   67 1333    6.00000    3.50284  41.6%   465 3020s
 14751  5479    4.30893   61 1282    6.00000    3.50284  41.6%   465 3030s
 14753  5481    4.63717  114 1329    6.00000    3.50284  41.6%   465 3039s
 14754  5481    4.00000  104 1241    6.00000    3.50284  41.6%   465 3040s
 14755  5482    4.51575   70 1252    6.00000    3.50284  41.6%   465 3047s
 14757  5483    5.00000   88 1265    6.00000    3.50284  41.6%   465 3055s
 14759  5485    4.00000   76 1332    6.00000    3.50284  41.6%   465 3064s
 14760  5485    5.00000   68 1291    6.00000    3.50284  41.6%   465 3065s
 14761  5486    5.00000   80 1284    6.00000    3.50284  41.6%   465 3072s
 14763  5487    4.00000   99 1320    6.00000    3.50284  41.6%   465 3082s
 14765  5489    4.50000   58 1313    6.00000    3.50284  41.6%   465 3091s
 14767  5490    4.50000  111 1289    6.00000    3.50284  41.6%   465 3101s
 14769  5491    4.62219   93 1350    6.00000    3.50284  41.6%   465 3111s
 14771  5493    4.00000   68 1178    6.00000    3.50284  41.6%   465 3120s
 14773  5494    4.50000   63 1208    6.00000    3.50284  41.6%   464 3129s
 14774  5495    4.50000  219 1239    6.00000    3.50284  41.6%   464 3130s
 14775  5495    4.50000   59 1241    6.00000    3.50284  41.6%   464 3138s
 14777  5497    4.50000   63 1198    6.00000    3.50284  41.6%   464 3148s
 14779  5498    4.59756   96 1282    6.00000    3.50284  41.6%   464 3157s
 14781  5499    4.50000   64 1312    6.00000    3.50284  41.6%   464 3167s
 14783  5501    4.73460  123 1345    6.00000    3.50284  41.6%   464 3176s
 14785  5502    4.50000   57 1346    6.00000    3.50284  41.6%   464 3185s
 14787  5503    5.00000  103 1316    6.00000    3.50284  41.6%   464 3194s
 14788  5504    4.50000   61 1312    6.00000    3.50284  41.6%   464 3196s
 14789  5505    5.00000   86 1351    6.00000    3.50284  41.6%   464 3204s
 14790  5505    5.00000   70 1212    6.00000    3.50284  41.6%   464 3205s
 14791  5506    4.67353   77 1294    6.00000    3.50284  41.6%   464 3214s
 14792  5507    4.00000   78 1239    6.00000    3.50284  41.6%   464 3216s
 14793  5507    4.00000   73 1244    6.00000    3.50284  41.6%   464 3222s
 14795  5509    5.00000   76 1338    6.00000    3.50284  41.6%   464 3233s
 14797  5510    4.50780   88 1265    6.00000    3.50284  41.6%   464 3241s
 14799  5511    5.00000   88 1264    6.00000    3.50284  41.6%   464 3252s
 14801  5513    4.50224   71 1339    6.00000    3.50284  41.6%   464 3260s
 14803  5514    4.36801   64 1262    6.00000    3.50284  41.6%   463 3270s
 14805  5515    4.50000   49 1277    6.00000    3.50284  41.6%   463 3280s
 14807  5517    4.50000   60 1286    6.00000    3.50284  41.6%   463 3290s
 14809  5518    5.00000   92 1248    6.00000    3.50284  41.6%   463 3300s
 14811  5519    4.27017   45 1302    6.00000    3.50284  41.6%   463 3310s
 14813  5521    5.00000   80 1269    6.00000    3.50284  41.6%   463 3319s
 14814  5521    5.00000   74 1219    6.00000    3.50284  41.6%   463 3321s
 14815  5522    4.00000  100 1248    6.00000    3.50284  41.6%   463 3328s
 14816  5523    3.51476   81 1270    6.00000    3.50284  41.6%   463 3330s
 14817  5523    5.00000   78 1240    6.00000    3.50284  41.6%   463 3338s
 14819  5525    4.50000   72 1309    6.00000    3.50284  41.6%   463 3347s
 14821  5526    5.00000   87 1275    6.00000    3.50284  41.6%   463 3357s
 14822  5527    3.51789   62 1278    6.00000    3.50284  41.6%   463 3360s
 14823  5527    4.00000  112 1280    6.00000    3.50284  41.6%   463 3366s
 14825  5529    4.00000  103 1194    6.00000    3.50284  41.6%   463 3376s
 14827  5530    4.50000   61 1252    6.00000    3.50284  41.6%   463 3386s
 14829  5531    4.50000  112 1289    6.00000    3.50284  41.6%   463 3394s
 14830  5532    4.51782   70 1380    6.00000    3.50284  41.6%   463 3396s
 14831  5533    5.00000  146 1357    6.00000    3.50284  41.6%   463 3405s
 14833  5534    4.25853   42 1208    6.00000    3.50284  41.6%   463 3415s
 14835  5535    4.50000   59 1327    6.00000    3.50284  41.6%   462 3424s
 14836  5536    4.50970   74 1333    6.00000    3.50284  41.6%   462 3426s
 14837  5537    4.00000   99 1336    6.00000    3.50284  41.6%   462 3435s
 14839  5538    4.51242   74 1292    6.00000    3.50284  41.6%   462 3444s
 14840  5539    5.00000   62 1308    6.00000    3.50284  41.6%   462 3446s
 14841  5539    5.00000   77 1313    6.00000    3.50284  41.6%   462 3454s
 14842  5540    4.50168   67 1233    6.00000    3.50284  41.6%   462 3456s
 14843  5541    4.50000  127 1251    6.00000    3.50284  41.6%   462 3463s
 14844  5541    4.50966   74 1342    6.00000    3.50284  41.6%   462 3465s
 14845  5542    4.50000   66 1356    6.00000    3.50284  41.6%   462 3473s
 14846  5543    4.50000   68 1289    6.00000    3.50284  41.6%   462 3475s
 14847  5543    5.00000  102 1282    6.00000    3.50284  41.6%   462 3482s
 14848  5544    4.51427  207 1278    6.00000    3.50284  41.6%   462 3485s
 14849  5545    5.00000  102 1266    6.00000    3.50284  41.6%   462 3492s
 14851  5546    4.30893   61 1200    6.00000    3.50284  41.6%   462 3502s
 14852  5547    4.50000   56 1324    6.00000    3.50284  41.6%   462 3505s
 14853  5547    4.63717  114 1296    6.00000    3.50284  41.6%   462 3513s
 14855  5549    4.51575   70 1249    6.00000    3.50284  41.6%   462 3522s
 14857  5550    5.00000   88 1249    6.00000    3.50284  41.6%   462 3531s
 14859  5551    4.00000   76 1321    6.00000    3.50284  41.6%   462 3541s
 14861  5553    5.00000   80 1288    6.00000    3.50284  41.6%   462 3551s
 14863  5554    4.00000   99 1315    6.00000    3.50284  41.6%   462 3561s
 14865  5555    4.50000   58 1291    6.00000    3.50284  41.6%   462 3570s
 14867  5557    4.50000  111 1289    6.00000    3.50284  41.6%   462 3580s
 14869  5558    4.62219   93 1316    6.00000    3.50284  41.6%   461 3590s

Cutting planes:
  Gomory: 57
  Flow cover: 49
  Zero half: 73
  Mod-K: 20

Explored 14870 nodes (7007514 simplex iterations) in 3600.03 seconds
Thread count was 4 (of 4 available processors)

Solution count 2: 6 183 

Time limit reached
Best objective 6.000000000000e+00, best bound 4.000000000000e+00, gap 33.3333%
Warning: Q constraint 0 doesn't have a name
