
Gurobi 8.1.1 (win64) logging started 11/25/19 08:13:32

Changed value of parameter LogFile to logs/full/qp/full-05-15-0.log
   Prev: gurobi.log  Default: 
Changed value of parameter LogToConsole to 0
   Prev: 1  Min: 0  Max: 1  Default: 1
Changed value of parameter TimeLimit to 3600.0
   Prev: 1e+100  Min: 0.0  Max: 1e+100  Default: 1e+100
Optimize a model with 1 rows, 123 columns and 1 nonzeros
Model has 10 quadratic constraints
Variable types: 0 continuous, 123 integer (123 binary)
Coefficient statistics:
  Matrix range     [1e+00, 1e+00]
  QMatrix range    [1e+00, 1e+00]
  Objective range  [1e+00, 1e+00]
  Bounds range     [1e+00, 1e+00]
  RHS range        [1e+00, 1e+00]
  QRHS range       [1e+00, 1e+00]
Found heuristic solution: objective 123.0000000
Presolve removed 1 rows and 1 columns
Presolve time: 0.10s
Presolved: 0 rows, 122 columns, 0 nonzeros
Variable types: 0 continuous, 122 integer (122 binary)

Root relaxation: objective 1.000000e+00, 0 iterations, 0.00 seconds

    Nodes    |    Current Node    |     Objective Bounds      |     Work
 Expl Unexpl |  Obj  Depth IntInf | Incumbent    BestBd   Gap | It/Node Time

     0     0    2.00000    0    2  123.00000    2.00000  98.4%     -    0s
     0     0    2.00000    0    2  123.00000    2.00000  98.4%     -    0s
     0     0    2.00000    0    2  123.00000    2.00000  98.4%     -    0s
H    0     0                      50.0000000    2.00000  96.0%     -    0s
H    0     0                      35.0000000    2.00000  94.3%     -    0s
     0     2    2.00000    0    2   35.00000    2.00000  94.3%     -    0s
H   51    22                       8.0000000    2.00000  75.0%   1.4    0s
H  101    39                       7.0000000    2.00000  71.4%   1.5    0s
H  247   114                       6.0000000    2.00000  66.7%   1.5    1s
   774   314    5.00000   86    -    6.00000    2.00000  66.7%   1.4    5s
  1214   455    3.00000   74    -    6.00000    2.00000  66.7%   1.3   10s
  1509   515    5.00000   83    -    6.00000    3.00000  50.0%   1.3   15s
  1819   665    5.00000   83    -    6.00000    3.00000  50.0%   1.3   20s
  2062   768    3.00000   32    2    6.00000    3.00000  50.0%   1.3   25s
  2382   923    5.00000   83    -    6.00000    3.00000  50.0%   1.3   31s
  2555  1030    5.00000   85    -    6.00000    3.00000  50.0%   1.3   35s
  2677  1159    4.00000   40    2    6.00000    3.00000  50.0%   1.3   46s
  2679  1160    3.00000   42 1164    6.00000    3.00000  50.0%   1.3   50s
  2681  1163    4.50000   75    2    6.00000    3.00000  50.0%   3.4   59s
H 2682  1105                       5.0000000    3.00000  40.0%   3.4   64s
  2683  1105    5.00000   55 1118    5.00000    3.00000  40.0%   3.4   66s
  2685  1107    4.00000   41  670    5.00000    3.00000  40.0%   3.4   72s
  2687  1108    3.00000   17  746    5.00000    3.00000  40.0%   3.4   76s
  2688  1109    5.00000   78  570    5.00000    3.00000  40.0%   3.4   88s
  2689  1109    4.00000   50  570    5.00000    3.00000  40.0%   3.4   90s
  2690  1110    3.00000   59  493    5.00000    3.00000  40.0%   3.4  104s
  2691  1111    4.00000   66  441    5.00000    3.00000  40.0%   3.4  106s
  2692  1111    3.00000   31  469    5.00000    3.00000  40.0%   3.4  120s
  2694  1113    3.00000   69  536    5.00000    3.00000  40.0%   3.4  137s
  2696  1114    4.00000   27  647    5.00000    3.00000  40.0%   3.4  154s
  2697  1115    5.00000   55  622    5.00000    3.00000  40.0%   3.4  156s
  2698  1115    4.33333   76  449    5.00000    3.00000  40.0%   3.4  170s
  2700  1117    3.00000   27  467    5.00000    3.00000  40.0%   3.4  183s
  2701  1117    4.00000   27  411    5.00000    3.00000  40.0%   3.4  185s
  2702  1118    4.00000   13  613    5.00000    3.00000  40.0%   3.4  265s
  2703  1119    4.00000   11  613    5.00000    3.00000  40.0%   3.4  275s
  2704  1119    4.00000   72  613    5.00000    3.00000  40.0%   3.4  293s
  2705  1123    3.00000   28  594    5.00000    3.00000  40.0%  33.8  496s
  2707  1124    3.00000   29  615    5.00000    3.00000  40.0%  35.5  501s
  2709  1124    3.24590   29 1053    5.00000    3.00000  40.0%  37.2  509s
  2711  1125    3.00000   30  614    5.00000    3.00000  40.0%  37.3  511s
  2713  1122     cutoff   30         5.00000    3.00000  40.0%  38.4  516s
  2715  1125    3.00000   31  604    5.00000    3.00000  40.0%  38.5  522s
  2718  1124    3.00000   32  598    5.00000    3.00000  40.0%  40.9  527s
  2722  1126    3.00000   33  589    5.00000    3.00000  40.0%  42.8  533s
  2726  1122    3.00000   34  566    5.00000    3.00000  40.0%  44.2  537s
  2731  1123    3.00000   35  546    5.00000    3.00000  40.0%  45.5  544s
  2736  1123    3.00000   36  487    5.00000    3.00000  40.0%  47.0  546s
  2741  1124    3.28265   36  936    5.00000    3.00000  40.0%  48.7  550s
  2751  1123    3.29405   37  967    5.00000    3.00000  40.0%  51.0  559s
  2756  1121    3.00000   38  413    5.00000    3.00000  40.0%  51.2  563s
  2764  1120    3.00000   39  381    5.00000    3.00000  40.0%  52.7  569s
  2772  1120    3.00000   40  382    5.00000    3.00000  40.0%  53.6  573s
  2780  1119    3.00000   41  345    5.00000    3.00000  40.0%  54.6  578s
  2788  1118    3.00000   42  316    5.00000    3.00000  40.0%  56.1  582s
  2798  1115    3.00000   43  388    5.00000    3.00000  40.0%  57.6  587s
  2806  1115    3.38793   43  821    5.00000    3.00000  40.0%  58.9  592s
  2813  1114    3.00000   44  410    5.00000    3.00000  40.0%  59.2  596s
  2841  1108    3.00000   46  350    5.00000    3.00000  40.0%  61.2  604s
  2855  1105    3.00000   47  344    5.00000    3.00000  40.0%  62.4  608s
  2873  1102    3.00000   48  309    5.00000    3.00000  40.0%  63.6  629s
  2884  1099    3.00000   49  315    5.00000    3.00000  40.0%  64.7  633s
  2905  1095    3.00000   50  345    5.00000    3.00000  40.0%  65.4  644s
  2914  1091    3.00000   51  349    5.00000    3.00000  40.0%  66.0  648s
  2939  1084     cutoff   52         5.00000    3.00000  40.0%  67.3  664s
  2943  1088    3.51613   53  693    5.00000    3.00000  40.0%  67.8  671s
  2957  1083    3.00000   55  363    5.00000    3.00000  40.0%  68.9  678s
  2965  1081    3.00000   57  343    5.00000    3.00000  40.0%  70.8  688s
  2974  1082    3.60804   58  616    5.00000    3.00000  40.0%  72.4  695s
  2986  1075    3.00000   60  359    5.00000    3.00000  40.0%  74.5  704s
  3001  1075    3.00000   63  340    5.00000    3.00000  40.0%  76.4  727s
  3004  1077    3.66327   63  568    5.00000    3.00000  40.0%  77.0  743s
  3025  1067    3.00000   65  292    5.00000    3.00000  40.0%  78.2  764s
  3036  1067    3.00377   67  408    5.00000    3.00377  39.9%  80.0  793s
  3073  1060    3.01423   72  395    5.00000    3.01423  39.7%  80.7  801s
  3138  1041    3.03542   86  490    5.00000    3.03542  39.3%  81.0  858s
  3141  1039     cutoff   86         5.00000    3.06740  38.7%  81.0  866s
  3170  1036    3.12271   96  429    5.00000    3.12271  37.5%  82.3  874s
  3205  1032    3.24118  109  342    5.00000    3.24118  35.2%  83.3  883s
  3265  1020     cutoff  134         5.00000    3.24592  35.1%  83.2  890s
  3338  1010    3.96899  163  210    5.00000    3.27280  34.5%  82.8  901s
  3373  1014    3.38028   34  798    5.00000    3.27518  34.5%  83.9  935s
  3375  1017    3.39310   35  816    5.00000    3.27518  34.5%  84.3  942s
  3387  1023    3.45079   41  806    5.00000    3.27518  34.5%  85.2  951s
  3407  1036    3.52970   52  781    5.00000    3.27518  34.5%  86.2  960s
  3433  1052    3.66748   64  603    5.00000    3.27518  34.5%  86.8  968s
  3472  1072    3.88701   83  461    5.00000    3.27778  34.4%  87.2  978s
  3501  1073    3.40897   40  767    5.00000    3.28438  34.3%  89.0  987s
  3511  1073    3.46704   44  770    5.00000    3.28438  34.3%  90.8  996s
  3535  1071    3.51835   51  744    5.00000    3.28438  34.3%  91.9 1005s
  3576  1070    3.63798   64  655    5.00000    3.28438  34.3%  92.7 1016s
  3641  1063    3.98261   86  395    5.00000    3.28767  34.2%  93.1 1029s
  3672  1057    3.43142   42  729    5.00000    3.30381  33.9%  94.7 1040s
  3713  1052    3.52129   51  653    5.00000    3.30381  33.9%  95.8 1052s
  3768  1040    3.73626   70  571    5.00000    3.31250  33.7%  96.8 1067s
  3831  1042    3.43182   41  720    5.00000    3.33158  33.4%  97.8 1079s
  3866  1057    3.61681   58  683    5.00000    3.33158  33.4%  98.8 1092s
  3923  1092    3.98073   87  386    5.00000    3.35135  33.0%  99.5 1105s
  3960  1101    3.57562   56  710    5.00000    3.35135  33.0%   101 1119s
  4023  1127    3.92343   84  485    5.00000    3.35135  33.0%   101 1135s
  4072  1125    3.59211   55  628    5.00000    3.39767  32.0%   103 1150s
  4141  1126    3.94155   82  473    5.00000    3.39831  32.0%   104 1166s
  4218  1106    3.61964   59  659    5.00000    3.42460  31.5%   105 1183s
  4311  1104    3.50212   49  697    5.00000    3.43207  31.4%   105 1199s
  4360  1094    3.79707   73  548    5.00000    3.43651  31.3%   106 1216s
  4439  1117    3.55427   53  676    5.00000    3.48052  30.4%   107 1235s
  4441  1119    3.55520   54  669    5.00000    3.48052  30.4%   107 1258s
  4485  1113    3.74846   68  614    5.00000    3.48323  30.3%   108 1276s
  4582  1112     cutoff   49         5.00000    3.53457  29.3%   108 1297s
  4700  1083    3.66796   60  592    5.00000    3.59236  28.2%   109 1313s
  4816  1044     cutoff   59         5.00000    3.65645  26.9%   108 1330s
  4917  1015     cutoff   68         5.00000    3.69000  26.2%   108 1339s
  4987   970     cutoff   74         5.00000    3.76572  24.7%   107 1342s
  5071   858     cutoff   76         5.00000    3.84421  23.1%   106 1348s
  5123   803     cutoff   81         5.00000    3.88564  22.3%   105 1352s
  5172   746     cutoff   81         5.00000    3.91057  21.8%   104 1355s
  5307   578     cutoff   84         5.00000    4.00000  20.0%   102 1361s
  5391   466     cutoff   72         5.00000    4.00000  20.0%   101 1367s
  5433   410     cutoff   67         5.00000    4.00000  20.0%   101 1370s
  5517   298     cutoff   59         5.00000    4.00000  20.0%   100 1378s
  5559   242     cutoff   61         5.00000    4.00000  20.0%   100 1381s
  5601   186     cutoff   57         5.00000    4.00000  20.0%   100 1385s

Cutting planes:
  Gomory: 1
  Flow cover: 17
  Zero half: 30

Explored 5675 nodes (566000 simplex iterations) in 1388.00 seconds
Thread count was 4 (of 4 available processors)

Solution count 7: 5 6 7 ... 123

Optimal solution found (tolerance 1.00e-04)
Best objective 5.000000000000e+00, best bound 5.000000000000e+00, gap 0.0000%
Warning: Q constraint 0 doesn't have a name
