
Gurobi 8.1.1 (win64) logging started 11/25/19 16:50:34

Changed value of parameter LogFile to logs/full/qp/full-06-30-0.log
   Prev: gurobi.log  Default: 
Changed value of parameter LogToConsole to 0
   Prev: 1  Min: 0  Max: 1  Default: 1
Changed value of parameter TimeLimit to 3600.0
   Prev: 1e+100  Min: 0.0  Max: 1e+100  Default: 1e+100
Optimize a model with 1 rows, 509 columns and 1 nonzeros
Model has 14 quadratic constraints
Variable types: 0 continuous, 509 integer (509 binary)
Coefficient statistics:
  Matrix range     [1e+00, 1e+00]
  QMatrix range    [1e+00, 1e+00]
  Objective range  [1e+00, 1e+00]
  Bounds range     [1e+00, 1e+00]
  RHS range        [1e+00, 1e+00]
  QRHS range       [1e+00, 2e+00]
Found heuristic solution: objective 509.0000000
Presolve removed 1 rows and 1 columns
Presolve time: 0.01s
Presolved: 0 rows, 508 columns, 0 nonzeros
Variable types: 0 continuous, 508 integer (508 binary)

Root relaxation: objective 1.000000e+00, 0 iterations, 0.00 seconds

    Nodes    |    Current Node    |     Objective Bounds      |     Work
 Expl Unexpl |  Obj  Depth IntInf | Incumbent    BestBd   Gap | It/Node Time

     0     0    2.50000    0    1  509.00000    2.50000   100%     -    0s
H    0     0                       8.0000000    2.50000  68.8%     -    0s
     0     0    2.50000    0    1    8.00000    2.50000  68.8%     -    0s
     0     2    2.50000    0    1    8.00000    2.50000  68.8%     -    0s
H  300   299                       7.0000000    2.50000  64.3%   1.0    0s
   954   935    2.66667  205    1    7.00000    2.66667  61.9%   1.0   14s
   956   936    3.05134  260 6529    7.00000    3.05134  56.4%   1.0   24s
   958   939    4.00000  319    1    7.00000    3.05134  56.4%  43.4   26s
   960   940    3.05145  118 6382    7.00000    3.05145  56.4%  43.3   38s
   961   941    3.50485  277 3523    7.00000    3.50485  49.9%  43.2   45s
   963   942    4.00000  260 2045    7.00000    3.52338  49.7%  43.1   53s
   964   943    4.00000  327 4720    7.00000    3.52352  49.7%  43.1   60s
   969   946    3.52437   91 5029    7.00000    3.52437  49.7%  42.9   67s
   971   948    3.52437  403 4925    7.00000    3.52437  49.7%  42.8   71s
   972   951    3.52998   28 4891    7.00000    3.52437  49.7%   143   81s
   974   953    3.54778   29 4790    7.00000    3.53000  49.6%   172   90s
   976   954    4.05025   29 6388    7.00000    3.54778  49.3%   193   97s
   978   955    4.05303   30 6092    7.00000    3.54779  49.3%   212  102s
   980   957    3.55453   30 5136    7.00000    3.55453  49.2%   222  106s
   982   960    3.55498   31 4797    7.00000    3.55498  49.2%   227  116s
   986   956    3.55641   32 4587    7.00000    3.55641  49.2%   276  123s
   989   960    4.05372   32 5932    7.00000    3.55641  49.2%   323  135s
   992   960    3.55643   33 4577    7.00000    3.55643  49.2%   338  145s
   995   964    3.55770   34 5258    7.00000    3.55770  49.2%   375  152s
  1000   962    3.55965   35 5202    7.00000    3.55770  49.2%   399  163s
  1002   967    4.05493   35 5485    7.00000    3.55967  49.1%   428  174s
  1004   965    3.56626   36 5011    7.00000    3.56626  49.1%   456  186s
  1010   967    3.58066   37 4784    7.00000    3.58066  48.8%   488  201s
  1014   969    3.58111   38 4516    7.00000    3.58111  48.8%   525  208s
  1018   972    3.58116   39 4502    7.00000    3.58116  48.8%   545  215s
  1022   973    3.58119   40 4459    7.00000    3.58119  48.8%   583  224s
  1028   977    3.58710   42 2771    7.00000    3.58710  48.8%   611  235s
  1034   979    3.58925   43 2274    7.00000    3.58925  48.7%   641  243s
  1038   980    3.59924   44 4221    7.00000    3.58928  48.7%   682  252s
  1041   985    4.06860   44 4368    7.00000    3.59932  48.6%   709  262s
  1045   985    4.07060   45 4873    7.00000    3.60822  48.5%   738  274s
  1052   988    3.61120   47 3874    7.00000    3.61120  48.4%   770  282s
  1059   996    4.07750   48 4603    7.00000    3.61542  48.4%   799  291s
  1066   995    3.61546   50 4514    7.00000    3.61546  48.4%   828  300s
  1075  1004    3.64429   51 4789    7.00000    3.64429  47.9%   859  308s
  1081  1006    3.65610   53 4917    7.00000    3.65610  47.8%   886  323s
  1085  1010    4.08319   54 4561    7.00000    3.71373  46.9%   926  333s
  1096  1016    3.72023   57 4122    7.00000    3.72023  46.9%   948  345s
  1106  1021    3.76401   59 4221    7.00000    3.76401  46.2%   977  355s
  1114  1028    3.77199   61 4280    7.00000    3.77199  46.1%  1000  368s
  1126  1032    3.79326   64 3748    7.00000    3.79326  45.8%  1024  380s
  1136  1037    3.79845   67 3595    7.00000    3.79845  45.7%  1057  390s
  1146  1043    3.84166   69 3605    7.00000    3.84166  45.1%  1094  400s
  1154  1043    4.10714   70 3305    7.00000    3.84166  45.1%  1142  409s
  1168  1054    3.86856   73 4049    7.00000    3.86856  44.7%  1164  422s
  1180  1057    4.11107   76 3243    7.00000    3.87269  44.7%  1201  436s
  1187  1062    3.89292   78  467    7.00000    3.89292  44.4%  1232  448s
  1202  1066    3.89540   80 1333    7.00000    3.89540  44.4%  1275  459s
  1209  1067    4.10852   82 3220    7.00000    3.89676  44.3%  1337  476s
  1219  1075    3.90082   84 1327    7.00000    3.90082  44.3%  1358  495s
  1246  1086    3.90576   87 4021    7.00000    3.90576  44.2%  1388  514s
  1264  1086    3.90614   89 1324    7.00000    3.90614  44.2%  1423  531s
  1300  1102    3.90869   92 3460    7.00000    3.90869  44.2%  1432  553s
  1334  1119    3.90978   95 3396    7.00000    3.90978  44.1%  1453  571s
  1362  1133    3.91018   98 3372    7.00000    3.91018  44.1%  1470  589s
  1402  1154    3.91091  100 3241    7.00000    3.91091  44.1%  1473  609s
  1438  1173    3.91213  103 3320    7.00000    3.91213  44.1%  1482  632s
  1473  1194    4.14292  105 2680    7.00000    3.91273  44.1%  1501  656s
  1504  1210    3.91301  108 4662    7.00000    3.91301  44.1%  1514  676s
  1556  1235    3.91411  111 4450    7.00000    3.91411  44.1%  1514  701s
  1602  1251    3.91507  115 3295    7.00000    3.91507  44.1%  1525  723s
  1628  1267    3.91767  119 4267    7.00000    3.91767  44.0%  1551  745s
  1674  1289    3.91921  123 4299    7.00000    3.91921  44.0%  1562  768s
  1746  1325    3.91978  127 4208    7.00000    3.91978  44.0%  1552  793s
  1832  1358    3.92132  132 4118    7.00000    3.92132  44.0%  1534  814s
  1931  1402    3.92609  138 3923    7.00000    3.92609  43.9%  1502  831s
  2040  1420    3.94143  144 3731    7.00000    3.94143  43.7%  1455  848s
  2160  1402    4.21897  150 3003    7.00000    3.95152  43.5%  1404  880s
  2242  1389    4.22397  156 2751    7.00000    3.96279  43.4%  1399  901s
  2264  1403    4.50181  163 3801    7.00000    3.97654  43.2%  1422  924s
  2285  1416    4.00000  169  635    7.00000    4.00000  42.9%  1441  949s
  2309  1434    4.00000  175  564    7.00000    4.00000  42.9%  1465  976s
  2341  1452    4.00000  183 1847    7.00000    4.00000  42.9%  1491 1004s
  2374  1476    4.00000  191  953    7.00000    4.00000  42.9%  1513 1034s
  2425  1509    4.00000  202  681    7.00000    4.00000  42.9%  1530 1062s
  2473  1543    4.00000  210 1820    7.00000    4.00000  42.9%  1548 1091s
  2531  1579    4.00000  222 1529    7.00000    4.00000  42.9%  1561 1122s
  2594  1623    4.00000  234 1411    7.00000    4.00000  42.9%  1573 1152s
  2683  1682    4.00000  248 1143    7.00000    4.00000  42.9%  1575 1184s
  2778  1742    4.00000  261 1024    7.00000    4.00000  42.9%  1574 1215s
  2888  1800    4.00000  278 1081    7.00000    4.00000  42.9%  1569 1247s
  3162  1850    4.17507  319 1085    7.00000    4.05031  42.1%  1488 1280s
  3514  1871    5.73168  429  588    7.00000    4.05255  42.1%  1374 1308s
  3560  1887    4.06601   36 4717    7.00000    4.05255  42.1%  1386 1336s
  3633  1930    4.12449   58 5248    7.00000    4.05255  42.1%  1388 1370s
  3802  2039    4.24016   97 3754    7.00000    4.05255  42.1%  1359 1403s
  3905  2128    4.64593  183 1878    7.00000    4.05372  42.1%  1357 1439s
  4140  2302    5.05612   34 5794    7.00000    4.05372  42.1%  1315 1472s
  4217  2375    5.11791   60 3883    7.00000    4.05372  42.1%  1320 1508s
  4385  2531    5.32138  117 3174    7.00000    4.05482  42.1%  1304 1547s
  4547  2679    4.06873   38 5506    7.00000    4.05482  42.1%  1291 1587s
  4647  2776    4.15939   72 4217    7.00000    4.05482  42.1%  1297 1634s
  4962  3036    4.45456  142 2832    7.00000    4.05488  42.1%  1250 1684s
  5214  3240    4.06897   40 5000    7.00000    4.05488  42.1%  1218 1736s
  5367  3390    4.19996   85 4411    7.00000    4.05488  42.1%  1213 1786s
  5556  3569    4.68749  180 2363    7.00000    4.05493  42.1%  1205 1839s
  5813  3771    5.06532   41 5706    7.00000    4.05493  42.1%  1183 1902s
  6099  4025    5.18109   81 3207    7.00000    4.05493  42.1%  1162 1961s
  6248  4165    5.85743  200 1934    7.00000    4.05564  42.1%  1165 2028s
  6393  4298    4.34367   84 5140    7.00000    4.05564  42.1%  1166 2090s
  6562  4454    4.50390  138 3798    7.00000    4.05564  42.1%  1164 2149s
  6799  4670    5.71474  296 1344    7.00000    4.05624  42.1%  1152 2210s
  6986  4803    5.09526   51 4653    7.00000    4.05624  42.1%  1150 2265s
  7090  4905    5.30434  116 3293    7.00000    4.05682  42.0%  1159 2325s
  7323  5114    4.07912   44 5235    7.00000    4.05682  42.0%  1153 2371s
  7449  5235    4.23238   95 3769    7.00000    4.05682  42.0%  1159 2416s
  7773  5539     cutoff  295         7.00000    4.05744  42.0%  1140 2460s
  8025  5733    5.11736   61 5088    7.00000    4.05746  42.0%  1130 2501s
  8199  5901    5.43075  139 2375    7.00000    4.05786  42.0%  1130 2542s
  8402  6068    5.07301   42 4706    7.00000    4.05829  42.0%  1128 2581s
  8509  6167    5.22961   96 3733    7.00000    4.05901  42.0%  1136 2637s
  8765  6402    4.20097   36 5986    7.00000    4.05929  42.0%  1129 2684s
  8877  6510    4.32569   85 5034    7.00000    4.05929  42.0%  1133 2730s
  8982  6612    4.51743  131 4009    7.00000    4.05929  42.0%  1141 2776s
  9335  6886    5.57137  269 1503    7.00000    4.06177  42.0%  1123 2816s
  9471  6965    5.12721   64 4251    7.00000    4.06177  42.0%  1126 2857s
  9655  7141    5.54286  155  604    7.00000    4.06217  42.0%  1125 2903s
  9858  7298    4.30347   70 5310    7.00000    4.06234  42.0%  1122 2954s
  9966  7399    4.50787  126 3945    7.00000    4.06234  42.0%  1130 2998s
 10134  7545    4.68367  164 3063    7.00000    4.06265  42.0%  1126 3042s
 10391  7728    5.07690   49 5090    7.00000    4.06265  42.0%  1118 3085s
 10575  7906    5.23742  101 2164    7.00000    4.06265  42.0%  1119 3127s
 10896  8112    4.08092   47 4726    7.00000    4.06265  42.0%  1107 3167s
 11014  8229    4.21127   93 3438    7.00000    4.06265  42.0%  1111 3210s
 11242  8422    4.91072  204 1663    7.00000    4.06314  42.0%  1107 3251s
 11498  8611    5.10411   59 4225    7.00000    4.06314  42.0%  1100 3297s
 11696  8772    5.34335  126 3027    7.00000    4.06314  42.0%  1098 3340s
 11891  8930    4.09311   55 4839    7.00000    4.06314  42.0%  1097 3385s
 12026  9062    4.26874  110 2109    7.00000    4.06314  42.0%  1100 3434s
 12297  9264    4.97812  215 1572    7.00000    4.06471  41.9%  1094 3476s
 12535  9470    5.11429   61 4606    7.00000    4.06471  41.9%  1089 3518s
 12721  9624    5.24677  108 2933    7.00000    4.06493  41.9%  1089 3560s
 12911  9793    4.27359   47 5768    7.00000    4.06493  41.9%  1087 3600s

Cutting planes:
  Gomory: 3
  Zero half: 16

Explored 13087 nodes (14197564 simplex iterations) in 3600.02 seconds
Thread count was 4 (of 4 available processors)

Solution count 3: 7 8 509 

Time limit reached
Best objective 7.000000000000e+00, best bound 5.000000000000e+00, gap 28.5714%
Warning: Q constraint 0 doesn't have a name
