
Gurobi 8.1.1 (win64) logging started 11/25/19 13:40:57

Changed value of parameter LogFile to logs/full/qp/full-05-30-2.log
   Prev: gurobi.log  Default: 
Changed value of parameter LogToConsole to 0
   Prev: 1  Min: 0  Max: 1  Default: 1
Changed value of parameter TimeLimit to 3600.0
   Prev: 1e+100  Min: 0.0  Max: 1e+100  Default: 1e+100
Optimize a model with 1 rows, 355 columns and 1 nonzeros
Model has 10 quadratic constraints
Variable types: 0 continuous, 355 integer (355 binary)
Coefficient statistics:
  Matrix range     [1e+00, 1e+00]
  QMatrix range    [1e+00, 1e+00]
  Objective range  [1e+00, 1e+00]
  Bounds range     [1e+00, 1e+00]
  RHS range        [1e+00, 1e+00]
  QRHS range       [1e+00, 1e+00]
Found heuristic solution: objective 355.0000000
Presolve removed 1 rows and 1 columns
Presolve time: 0.00s
Presolved: 0 rows, 354 columns, 0 nonzeros
Variable types: 0 continuous, 354 integer (354 binary)

Root relaxation: objective 1.000000e+00, 0 iterations, 0.00 seconds

    Nodes    |    Current Node    |     Objective Bounds      |     Work
 Expl Unexpl |  Obj  Depth IntInf | Incumbent    BestBd   Gap | It/Node Time

     0     0    2.00000    0    2  355.00000    2.00000  99.4%     -    0s
H    0     0                      13.0000000    2.00000  84.6%     -    0s
     0     0    2.00000    0    2   13.00000    2.00000  84.6%     -    0s
H    0     0                      12.0000000    2.00000  83.3%     -    0s
H    0     0                      10.0000000    2.00000  80.0%     -    0s
H    0     2                       9.0000000    2.00000  77.8%     -    0s
     0     2    2.00000    0    2    9.00000    2.00000  77.8%     -    0s
H  127    55                       8.0000000    2.00000  75.0%   1.3    0s
H  279   116                       6.0000000    2.00000  66.7%   1.3    2s
   411   180    2.00000  109    -    6.00000    2.00000  66.7%   1.2    5s
   659   304    2.00000  162    -    6.00000    2.00000  66.7%   1.3   10s
   838   398    2.00000  211    2    6.00000    2.00000  66.7%   1.3   15s
H  942   465                       5.0000000    2.00000  60.0%   1.3   18s
  1005   427    3.00000  215    2    5.00000    2.00000  60.0%   1.3   20s
  1148   426    3.00000  159    2    5.00000    2.00000  60.0%   1.3   26s
  1248   440    3.00000  150    2    5.00000    2.00000  60.0%   1.3   31s
  1364   487    4.00000  255    -    5.00000    2.00000  60.0%   1.3   35s
  1375   485    4.00000  255    -    5.00000    3.00000  40.0%   1.3   40s
  1479   454    4.00000  255    -    5.00000    3.00000  40.0%   1.3   45s
  1564   488    4.00000  255    -    5.00000    3.00000  40.0%   1.3   52s
  1675   511    4.00000  255    -    5.00000    3.00000  40.0%   1.3   60s
  1788   541    4.00000  255    -    5.00000    3.00000  40.0%   1.3   68s
  1880   584    4.00000  255    -    5.00000    3.00000  40.0%   1.4   76s
  2052   680    4.00000  255    -    5.00000    3.00000  40.0%   1.3   83s
  2168   729    4.00000  255    -    5.00000    3.00000  40.0%   1.3   92s
  2232   758    4.00000  255    -    5.00000    3.00000  40.0%   1.3  100s
  2320   782    3.00000   55    2    5.00000    3.00000  40.0%   1.3  110s
  2428   813    4.00000  197    2    5.00000    3.00000  40.0%   1.3  120s
  2534   851    4.00000  217    2    5.00000    3.00000  40.0%   1.3  130s
  2669   918    4.00000  223    2    5.00000    3.00000  40.0%   1.3  140s
  2773   959    4.00000  227    -    5.00000    3.00000  40.0%   1.3  151s
  2925  1050    4.00000  178    2    5.00000    3.00000  40.0%   1.3  162s
  3054  1100    3.00000  199    2    5.00000    3.00000  40.0%   1.3  175s
  3155  1136    3.00000  161    2    5.00000    3.00000  40.0%   1.3  186s
  3233  1161    4.00000  208    2    5.00000    3.00000  40.0%   1.3  198s
  3360  1231    3.00000  222    2    5.00000    3.00000  40.0%   1.3  210s
  3472  1281    4.00000  227    -    5.00000    3.00000  40.0%   1.3  222s
  3589  1336    4.00000  227    -    5.00000    3.00000  40.0%   1.3  234s
  3701  1433    4.00000  216    -    5.00000    3.00000  40.0%   1.3  235s
  3706  1386    4.00000  227    4    5.00000    3.00000  40.0%   1.3  247s
  3872  1494    3.00000  182    2    5.00000    3.00000  40.0%   1.3  256s
  3936  1524    4.00000  227    -    5.00000    3.00000  40.0%   1.3  273s
  4089  1590    3.00000  230    -    5.00000    3.00000  40.0%   1.3  287s
  4353  1880    3.00000  140    2    5.00000    3.00000  40.0%   1.3  366s
  4355  1881    3.00000  198 3386    5.00000    3.00000  40.0%   1.3  402s
  4357  1884    3.00000   76    2    5.00000    3.00000  40.0%   5.4  661s
  4359  1885    4.00000   84 3482    5.00000    3.00000  40.0%   5.4  670s
  4360  1886    3.00000  181 2401    5.00000    3.00000  40.0%   5.4  677s
  4361  1887    4.00000   61 3241    5.00000    3.00000  40.0%   5.4  682s
  4362  1887    3.00000  104 3278    5.00000    3.00000  40.0%   5.4  686s
  4363  1888    3.00000  189 2201    5.00000    3.00000  40.0%   5.4  693s
  4364  1889    4.00000   80 2771    5.00000    3.00000  40.0%   5.4  695s
  4366  1890    3.00000   46 2658    5.00000    3.00000  40.0%   5.4  702s
  4367  1891    3.00000  188 2645    5.00000    3.00000  40.0%   5.4  705s
  4369  1892    3.00000  174 2969    5.00000    3.00000  40.0%   5.4  711s
  4370  1893    3.00000   65 2888    5.00000    3.00000  40.0%   5.4  715s
  4372  1894    3.00000   79 2940    5.00000    3.00000  40.0%   5.4  720s
  4374  1895    3.00000  152 2940    5.00000    3.00000  40.0%   5.4  728s
  4375  1899    3.00000   28 1935    5.00000    3.00000  40.0%  24.9  741s
  4377  1900    3.00000   29 1850    5.00000    3.00000  40.0%  30.2  747s
  4379  1900    3.31573   29 3042    5.00000    3.00000  40.0%  34.7  772s
  4383  1900    3.35787   30 3223    5.00000    3.00000  40.0%  40.2  784s
  4385  1902    3.00000   31 1543    5.00000    3.00000  40.0%  43.4  794s
  4389  1900    3.00000   32 1480    5.00000    3.00000  40.0%  50.2  804s
  4393  1899    3.00000   33 1457    5.00000    3.00000  40.0%  57.1  834s
  4397  1900    3.00000   34 1425    5.00000    3.00000  40.0%  64.5  844s
  4401  1900    3.00000   35 1418    5.00000    3.00000  40.0%  70.9  853s
  4405  1901    3.00000   36 1380    5.00000    3.00000  40.0%  77.4  862s
  4409  1898    3.00000   37 1379    5.00000    3.00000  40.0%  84.0  871s
  4413  1896    3.00000   38 1424    5.00000    3.00000  40.0%  91.2  881s
  4417  1898    3.00000   39 1423    5.00000    3.00000  40.0%  97.3  895s
  4420  1899    3.00000   40 1422    5.00000    3.00000  40.0%   101  902s
  4424  1896    3.00000   41 1421    5.00000    3.00000  40.0%   106  911s
  4430  1893    3.00000   42 1432    5.00000    3.00000  40.0%   111  919s
  4433  1892    3.00000   43 1431    5.00000    3.00000  40.0%   117  928s
  4437  1890    3.00000   44 1430    5.00000    3.00000  40.0%   123  936s
  4441  1889    3.00000   45 1384    5.00000    3.00000  40.0%   129  944s
  4445  1890    3.00000   46 1395    5.00000    3.00000  40.0%   135  953s
  4449  1890    3.00000   47 1416    5.00000    3.00000  40.0%   141  964s
  4453  1891    3.00000   48 1406    5.00000    3.00000  40.0%   148  974s
  4457  1888    3.00000   49 1405    5.00000    3.00000  40.0%   154  982s
  4461  1887    3.00000   50 1392    5.00000    3.00000  40.0%   161  993s
  4466  1891    3.33413   51 3058    5.00000    3.00000  40.0%   171 1004s
  4469  1890    3.00000   52 1373    5.00000    3.00000  40.0%   174 1019s
  4475  1891    3.00000   54 1473    5.00000    3.00000  40.0%   185 1029s
  4480  1888    3.00000   55 1472    5.00000    3.00000  40.0%   191 1044s
  4487  1888    3.00000   57 1431    5.00000    3.00000  40.0%   202 1058s
  4493  1890    3.00000   58 1430    5.00000    3.00000  40.0%   211 1074s
  4501  1889    3.00000   60 1410    5.00000    3.00000  40.0%   222 1093s
  4509  1886    3.00000   62 1449    5.00000    3.00000  40.0%   233 1110s
  4517  1890    3.00000   64 1358    5.00000    3.00000  40.0%   245 1128s
  4525  1889    3.00000   66 1311    5.00000    3.00000  40.0%   256 1147s
  4533  1891    3.00000   68 1150    5.00000    3.00000  40.0%   267 1163s
  4542  1891    3.00000   70 1149    5.00000    3.00000  40.0%   277 1180s
  4551  1892    3.00000   72 1078    5.00000    3.00000  40.0%   287 1197s
  4561  1894    3.37730   74 2755    5.00000    3.00000  40.0%   300 1216s
  4570  1894    3.00000   76  648    5.00000    3.00000  40.0%   308 1234s
  4579  1895    3.00000   78 1732    5.00000    3.00000  40.0%   319 1256s
  4591  1897    3.00000   81 1480    5.00000    3.00000  40.0%   330 1278s
  4603  1899    3.00000   84 1444    5.00000    3.00000  40.0%   342 1300s
  4615  1901    3.00000   87 1405    5.00000    3.00000  40.0%   353 1320s
  4627  1905    3.00000   90 1376    5.00000    3.00000  40.0%   363 1341s
  4642  1906    3.00000   93 1326    5.00000    3.00000  40.0%   375 1368s
  4658  1905    3.00000   97 1372    5.00000    3.00000  40.0%   388 1395s
  4674  1906    3.00000  101 1298    5.00000    3.00000  40.0%   402 1418s
  4697  1909    3.00000  105 1272    5.00000    3.00000  40.0%   415 1453s
  4738  1918    3.00000  109 1223    5.00000    3.00000  40.0%   424 1476s
  4759  1935    3.00000  113 1321    5.00000    3.00000  40.0%   435 1504s
  4785  1941    3.00000  117 1268    5.00000    3.00000  40.0%   445 1533s
  4812  1958    3.00000  122 1184    5.00000    3.00000  40.0%   459 1565s
  4866  1985    3.00000  127 1230    5.00000    3.00000  40.0%   469 1592s
  4926  2019    3.00000  132 1185    5.00000    3.00000  40.0%   476 1621s
  4958  2028    3.00000  137 1196    5.00000    3.00000  40.0%   487 1649s
  4984  2041    3.00000  143 1138    5.00000    3.00000  40.0%   501 1677s
  5000  2049    3.00000  147 1066    5.00000    3.00000  40.0%   509 1708s
  5044  2066    3.00000  154  875    5.00000    3.00000  40.0%   521 1736s
  5126  2115    3.00000  161  959    5.00000    3.00000  40.0%   526 1766s
  5180  2132    3.00000  169  784    5.00000    3.00000  40.0%   538 1798s
  5222  2147 infeasible  182         5.00000    3.29187  34.2%   552 1836s
  5262  2154    3.50000  194  591    5.00000    3.29187  34.2%   562 1869s
  5315  2157    3.50000  212  494    5.00000    3.29187  34.2%   575 1913s
  5371  2166    3.50000  230  721    5.00000    3.29187  34.2%   588 1946s
  5430  2167    3.50000  249  337    5.00000    3.31875  33.6%   597 1981s
  5502  2166     cutoff  272         5.00000    3.32640  33.5%   607 2019s
  5595  2166    3.50000   52 1669    5.00000    3.33418  33.3%   612 2054s
  5641  2199    3.50000   76 1800    5.00000    3.33418  33.3%   620 2095s
  5791  2273    4.00000  155 1038    5.00000    3.33488  33.3%   618 2135s
  5904  2319    3.50000   68 1816    5.00000    3.34116  33.2%   622 2174s
  5944  2348    3.50000   91 1614    5.00000    3.34116  33.2%   631 2215s
  6049  2388    4.00000  148  911    5.00000    3.35358  32.9%   632 2279s
  6239  2496    3.50000   84 1705    5.00000    3.35602  32.9%   628 2318s
  6280  2512    4.00000  107 1376    5.00000    3.35803  32.8%   637 2366s
  6392  2571    3.50000   40 1920    5.00000    3.35803  32.8%   641 2418s
  6502  2629    3.50000   62 1759    5.00000    3.35803  32.8%   648 2468s
  6546  2656    3.50000   83 1730    5.00000    3.35803  32.8%   658 2518s
  6646  2703    4.00000  159  978    5.00000    3.35925  32.8%   663 2598s
  6777  2767    3.50000   40 1838    5.00000    3.36308  32.7%   667 2651s
  6825  2793    3.50000   67 1779    5.00000    3.36314  32.7%   679 2711s
  7031  2897     cutoff  163         5.00000    3.36502  32.7%   678 2789s
  7073  2912    3.50000   80 1750    5.00000    3.36502  32.7%   690 2849s
  7248  2990    4.00000  154  908    5.00000    3.36897  32.6%   691 2917s
  7382  3065    3.50000   92 1784    5.00000    3.37042  32.6%   695 2980s
  7526  3125    3.50000   62 1646    5.00000    3.37161  32.6%   700 3071s
  7658  3175    3.50000   89 1944    5.00000    3.38079  32.4%   706 3140s
  7784  3232    3.50000   57 2704    5.00000    3.38486  32.3%   714 3213s
  7924  3292    3.50000   81 2355    5.00000    3.38512  32.3%   721 3289s
  8135  3395     cutoff   56         5.00000    3.39163  32.2%   722 3402s
  8202  3412    3.50000   61 1634    5.00000    3.39257  32.1%   735 3481s
  8359  3478    4.00000  100 1417    5.00000    3.39720  32.1%   743 3574s
  8573  3594    3.50000   67 2557    5.00000    3.40045  32.0%   745 3600s

Cutting planes:
  Gomory: 2
  Zero half: 32

Explored 8637 nodes (6443501 simplex iterations) in 3600.02 seconds
Thread count was 4 (of 4 available processors)

Solution count 8: 5 6 8 ... 355

Time limit reached
Best objective 5.000000000000e+00, best bound 4.000000000000e+00, gap 20.0000%
Warning: Q constraint 0 doesn't have a name
