
Gurobi 8.1.1 (win64) logging started 11/25/19 12:39:57

Changed value of parameter LogFile to logs/full/qp/full-05-30-0.log
   Prev: gurobi.log  Default: 
Changed value of parameter LogToConsole to 0
   Prev: 1  Min: 0  Max: 1  Default: 1
Changed value of parameter TimeLimit to 3600.0
   Prev: 1e+100  Min: 0.0  Max: 1e+100  Default: 1e+100
Optimize a model with 1 rows, 247 columns and 1 nonzeros
Model has 10 quadratic constraints
Variable types: 0 continuous, 247 integer (247 binary)
Coefficient statistics:
  Matrix range     [1e+00, 1e+00]
  QMatrix range    [1e+00, 1e+00]
  Objective range  [1e+00, 1e+00]
  Bounds range     [1e+00, 1e+00]
  RHS range        [1e+00, 1e+00]
  QRHS range       [1e+00, 1e+00]
Found heuristic solution: objective 247.0000000
Presolve removed 1 rows and 1 columns
Presolve time: 0.39s
Presolved: 0 rows, 246 columns, 0 nonzeros
Variable types: 0 continuous, 246 integer (246 binary)

Root relaxation: objective 1.000000e+00, 0 iterations, 0.10 seconds

    Nodes    |    Current Node    |     Objective Bounds      |     Work
 Expl Unexpl |  Obj  Depth IntInf | Incumbent    BestBd   Gap | It/Node Time

     0     0    2.00000    0    2  247.00000    2.00000  99.2%     -    0s
H    0     0                      10.0000000    2.00000  80.0%     -    0s
     0     0    2.00000    0    2   10.00000    2.00000  80.0%     -    0s
H    0     0                       9.0000000    2.00000  77.8%     -    0s
H    0     2                       8.0000000    2.00000  75.0%     -    0s
     0     2    2.00000    0    2    8.00000    2.00000  75.0%     -    0s
H   98    41                       7.0000000    2.00000  71.4%   1.3    1s
H  292   127                       6.0000000    2.00000  66.7%   1.3    3s
   424   193    2.00000  101    -    6.00000    2.00000  66.7%   1.3    5s
   741   305    3.00000  118    -    6.00000    2.00000  66.7%   1.3   10s
   984   278    4.00000  169    -    6.00000    3.00000  50.0%   1.4   17s
  1168   347    4.00000  169    -    6.00000    3.00000  50.0%   1.4   22s
  1271   388    4.00000  169    -    6.00000    3.00000  50.0%   1.4   25s
  1429   433    4.00000  169    -    6.00000    3.00000  50.0%   1.4   34s
  1523   472    4.00000  169    -    6.00000    3.00000  50.0%   1.4   38s
  1622   532    4.00000  169    -    6.00000    3.00000  50.0%   1.4   42s
  1694   582    3.00000   47    2    6.00000    3.00000  50.0%   1.4   45s
  1893   738    4.00000  159    2    6.00000    3.00000  50.0%   1.4   50s
  2066   926    4.00000  112    2    6.00000    3.00000  50.0%   1.3   71s
  2068   927    3.00000   69 2308    6.00000    3.00000  50.0%   1.3   88s
  2070   930    4.00000  136    2    6.00000    3.00000  50.0%   9.3  156s
  2072   931    4.00000   42 2502    6.00000    3.00000  50.0%   9.3  161s
  2075   933    4.00000   73 1505    6.00000    3.00000  50.0%   9.3  166s
  2078   935    4.00000   90 1843    6.00000    3.00000  50.0%   9.3  171s
  2081   937    3.00000  142 1943    6.00000    3.00000  50.0%   9.2  176s
  2086   941    5.00000  169 1967    6.00000    3.00000  50.0%   9.2  180s
  2088   945    3.00000   25 1967    6.00000    3.00000  50.0%  32.2  186s
  2092   948    3.23340   26 2455    6.00000    3.00000  50.0%  42.1  190s
  2098   952    3.00000   28 1607    6.00000    3.00000  50.0%  55.2  195s
  2102   952    3.00000   29 1603    6.00000    3.00000  50.0%  63.9  202s
  2106   955    3.00000   30 1598    6.00000    3.00000  50.0%  71.8  205s
  2114   960    3.00000   32 1466    6.00000    3.00000  50.0%  84.7  213s
  2118   963    3.00000   33 1452    6.00000    3.00000  50.0%  92.5  218s
  2122   966    3.00000   34 1416    6.00000    3.00000  50.0%  99.4  222s
  2126   967    3.00000   35 1441    6.00000    3.00000  50.0%   106  227s
  2131   973    3.00000   36 1443    6.00000    3.00000  50.0%   111  230s
  2140   978    3.00000   38 1390    6.00000    3.00000  50.0%   127  237s
  2144   980    3.00000   39 1424    6.00000    3.00000  50.0%   133  240s
  2154   987    3.00000   41 1416    6.00000    3.00000  50.0%   147  246s
  2164   994    3.00000   43 1340    6.00000    3.00000  50.0%   160  252s
  2168   992    3.00000   44 1364    6.00000    3.00000  50.0%   165  255s
  2181  1001    3.00000   46 1270    6.00000    3.00000  50.0%   178  262s
  2185  1005    3.00000   47 1257    6.00000    3.00000  50.0%   184  265s
  2198  1012    3.00000   49 1307    6.00000    3.00000  50.0%   196  271s
  2216  1023    3.00000   51 1287    6.00000    3.00000  50.0%   207  277s
  2227  1031    3.37671   52 1869    6.00000    3.00000  50.0%   216  280s
  2238  1041    3.38604   53 1864    6.00000    3.00000  50.0%   221  287s
  2252  1046    3.00000   55 1471    6.00000    3.00000  50.0%   226  290s
  2264  1058    3.41176   56 1778    6.00000    3.00000  50.0%   233  295s
  2291  1069    3.00000   60 1709    6.00000    3.00000  50.0%   245  303s
  2304  1075    3.00000   62 1444    6.00000    3.00000  50.0%   253  307s
  2320  1070     cutoff   65         6.00000    3.00000  50.0%   261  326s
  2326  1069 infeasible   65         6.00000    3.00000  50.0%   268  333s
  2335  1070    4.41912   64 1746    6.00000    3.00000  50.0%   278  340s
  2343  1065 infeasible   66         6.00000    3.00000  50.0%   288  347s
  2351  1068    4.44186   68 1669    6.00000    3.00000  50.0%   300  356s
  2359  1069    4.47187   70 1680    6.00000    3.00000  50.0%   311  369s
  2372  1070    3.54545   75 1582    6.00000    3.00000  50.0%   322  376s
  2384  1076    4.00000   79 1104    6.00000    3.00000  50.0%   335  383s
  2394  1077    4.00000   82 1078    6.00000    3.00000  50.0%   347  390s
  2404  1079    4.00000   85  957    6.00000    3.00000  50.0%   359  397s
  2415  1084    4.64663   88 1394    6.00000    3.00000  50.0%   372  404s
  2426  1086    4.00000   92  784    6.00000    3.00000  50.0%   383  412s
  2440  1094    4.00000   97  853    6.00000    3.00000  50.0%   395  419s
  2456  1097    4.00000  103  835    6.00000    3.00000  50.0%   408  427s
  2477  1102    4.00000  111  876    6.00000    3.00000  50.0%   420  435s
  2500  1104    4.00000  120  907    6.00000    3.00000  50.0%   432  444s
  2544  1097    4.50000  139  715    6.00000    3.00000  50.0%   441  452s
  2578  1087    4.50000  153  508    6.00000    3.00000  50.0%   450  459s
  2636  1069    5.00000  176  507    6.00000    3.00000  50.0%   455  470s
  2714  1051    3.00000   75 1150    6.00000    3.00000  50.0%   459  478s
  2770  1075    3.50000  116  578    6.00000    3.00000  50.0%   464  495s
  2959  1113    4.02083  116  773    6.00000    3.00000  50.0%   464  511s
  3136  1162     cutoff  174         6.00000    3.00000  50.0%   461  524s
  3357  1216    5.00000  115  748    6.00000    3.00000  50.0%   452  538s
  3574  1284    4.00000  106  777    6.00000    3.00000  50.0%   441  551s
  3811  1372    4.00000  103  826    6.00000    3.00000  50.0%   429  564s
  4044  1451    4.50000  141  612    6.00000    3.00000  50.0%   418  575s
  4278  1526     cutoff  173         6.00000    3.00000  50.0%   409  588s
  4494  1615     cutoff  172         6.00000    3.00000  50.0%   400  599s
  4678  1686     cutoff  158         6.00000    3.00000  50.0%   395  610s
  4816  1736    4.00000   95  748    6.00000    3.00000  50.0%   394  622s
  5034  1847    4.00000  104  930    6.00000    3.00000  50.0%   387  635s
  5204  1964    3.54256   75 1598    6.00000    3.00000  50.0%   385  645s
  5386  2101    4.00000   94 1038    6.00000    3.00000  50.0%   382  682s
  5518  2201    4.00000   83 1211    6.00000    3.00000  50.0%   380  697s
  5748  2363    4.00000   85  994    6.00000    3.00000  50.0%   375  713s
  5971  2542     cutoff  178         6.00000    3.00000  50.0%   370  729s
  6066  2609    4.00121  110  994    6.00000    3.00000  50.0%   373  747s
  6299  2777    4.00000   98  792    6.00000    3.00000  50.0%   369  766s
  6489  2918    4.00000  100 1010    6.00000    3.00000  50.0%   367  785s
  6644  3021    3.51132   81 1625    6.00000    3.00000  50.0%   368  803s
  6801  3135    3.50000   70 1480    6.00000    3.00564  49.9%   370  821s
  6991  3229    4.00000  106  933    6.00000    3.08917  48.5%   370  839s
  7202  3383    3.50000   37 1752    6.00000    3.23960  46.0%   368  855s
  7249  3428    3.50000   62 1487    6.00000    3.26174  45.6%   372  877s
  7386  3536    4.50000   37 1677    6.00000    3.26271  45.6%   374  900s
  7454  3583    3.50000   40 1913    6.00000    3.26271  45.6%   377  919s
  7549  3661    3.50000   69 1459    6.00000    3.26316  45.6%   379  958s
  7699  3768    4.22105   30 2323    6.00000    3.26504  45.6%   382  977s
  7770  3824    4.50000   69 1487    6.00000    3.26630  45.6%   385  995s
  7837  3882    3.50000   61 1587    6.00000    3.26630  45.6%   389 1016s
  7920  3945    4.00000  116  834    6.00000    3.26686  45.6%   392 1059s
  8147  4125    3.27174   33 2311    6.00000    3.27061  45.5%   391 1081s
  8198  4162    3.50000   55 1363    6.00000    3.27174  45.5%   395 1113s
  8281  4229    3.46901   34 2226    6.00000    3.27968  45.3%   400 1150s
  8396  4306    4.50000   37 2077    6.00000    3.28413  45.3%   402 1173s
  8480  4379    4.50000   34 1989    6.00000    3.28413  45.3%   405 1193s
  8631  4494    4.50179   77 1595    6.00000    3.28447  45.3%   407 1225s
  8750  4567    3.50000   44 1851    6.00000    3.29111  45.1%   409 1244s
  8827  4633    4.50000   30 1795    6.00000    3.29235  45.1%   413 1281s
  8883  4677    4.50000   63 1399    6.00000    3.29524  45.1%   416 1299s
  8962  4736 infeasible   47         6.00000    3.29842  45.0%   421 1330s
  9012  4777    4.50000   65 1356    6.00000    3.29861  45.0%   423 1350s
  9107  4851    3.50000   64 1398    6.00000    3.30000  45.0%   426 1376s
  9203  4932    4.50000   58 1182    6.00000    3.30287  45.0%   428 1396s
  9286  4990 infeasible   63         6.00000    3.30435  44.9%   432 1429s
  9351  5035    4.50000   69 1397    6.00000    3.30497  44.9%   436 1448s
  9435  5098    3.50000   61 1443    6.00000    3.30709  44.9%   440 1480s
  9518  5163 infeasible   48         6.00000    3.31053  44.8%   443 1519s
  9581  5207    4.50000   65 1374    6.00000    3.31875  44.7%   447 1547s
  9716  5295    4.50000   48 1647    6.00000    3.32222  44.6%   449 1571s
  9815  5374    4.50000   66 1284    6.00000    3.33333  44.4%   452 1594s
  9932  5463    3.50000   55 1454    6.00000    3.33424  44.4%   455 1619s
 10023  5534    3.50000   53 1573    6.00000    3.33553  44.4%   458 1643s
 10127  5612    4.50000   61 1343    6.00000    3.33853  44.4%   461 1680s
 10218  5671    4.50000   56 1244    6.00000    3.34345  44.3%   464 1715s
 10291  5711    4.50000   53 1407    6.00000    3.35343  44.1%   468 1751s
 10380  5774    3.50000   52 1622    6.00000    3.36755  43.9%   473 1779s
 10494  5859    3.50000   66 1465    6.00000    3.37584  43.7%   475 1803s
 10690  5995 infeasible  119         6.00000    3.38616  43.6%   475 1844s
 10778  6043    4.50000   60 1433    6.00000    3.40851  43.2%   479 1869s
 10942  6158     cutoff  127         6.00000    3.41176  43.1%   480 1913s
 11016  6192    3.50498   67 1604    6.00000    3.42162  43.0%   485 1938s
 11170  6277 infeasible   67         6.00000    3.43333  42.8%   488 1994s
 11281  6351     cutoff   66         6.00000    3.45388  42.4%   489 2018s
 11523  6527    4.50000   59 1459    6.00000    3.46697  42.2%   487 2071s
 11636  6611    4.50762   76 1520    6.00000    3.50000  41.7%   490 2101s
 11852  6768    4.50000   55 1675    6.00000    3.50000  41.7%   489 2143s
 12007  6897 infeasible   46         6.00000    3.50000  41.7%   492 2177s
 12154  6989    4.50000   64 1367    6.00000    3.50000  41.7%   495 2209s
 12445  7188    4.51066  148  643    6.00000    3.50000  41.7%   494 2254s
 12649  7300    4.50000   71 1311    6.00000    3.50000  41.7%   494 2296s
 13025  7531    4.50000  144  534    6.00000    3.50000  41.7%   490 2333s
 13357  7724    4.50000   73 1326    6.00000    3.50000  41.7%   487 2365s
 13642  7880    4.50000   38 1708    6.00000    3.50000  41.7%   486 2402s
 13873  8020    4.21758  129  828    6.00000    3.50000  41.7%   485 2450s
 14131  8172    4.50000   61 1482    6.00000    3.50000  41.7%   484 2478s
 14300  8291    4.50000   65 1464    6.00000    3.50000  41.7%   486 2515s
 14426  8387    4.50416   71 1592    6.00000    3.50000  41.7%   489 2557s
 14545  8465    3.57074   74    2    6.00000    3.50000  41.7%   493 2874s
 14547  8466    4.50000   56 2450    6.00000    3.50000  41.7%   493 2881s
 14548  8467    4.50000   70 1575    6.00000    3.50000  41.7%   493 2885s
 14551  8469    4.50000  131 1608    6.00000    3.50000  41.7%   492 2890s
 14553  8470    4.00000  103 1896    6.00000    3.50000  41.7%   492 2895s
 14555  8472    4.50000   63 1949    6.00000    3.50000  41.7%   492 2905s
 14556  8472    5.00000   82 1700    6.00000    3.50000  41.7%   492 2911s
 14559  8474    5.00000  160 1802    6.00000    3.50000  41.7%   492 2922s
 14561  8476    4.00000  108 1611    6.00000    3.50000  41.7%   492 2925s
 14562  8476    3.50000   49 1535    6.00000    3.50000  41.7%   492 2933s
 14563  8477    4.50000   43 1748    6.00000    3.50000  41.7%   492 2935s
 14564  8478    3.50000   38 1791    6.00000    3.50000  41.7%   492 2945s
 14566  8479    4.50000   48 1621    6.00000    3.50000  41.7%   492 2955s
 14568  8480    5.00000  176 1492    6.00000    3.50000  41.7%   492 2967s
 14570  8482    4.50000  138 1660    6.00000    3.50000  41.7%   492 2978s
 14571  8482    5.00000  160 1743    6.00000    3.50000  41.7%   492 2980s
 14572  8483    4.50000   44 1692    6.00000    3.50000  41.7%   492 2991s
 14574  8484    4.50000  131 1734    6.00000    3.50000  41.7%   492 3001s
 14576  8486    4.00000  116 1639    6.00000    3.50000  41.7%   492 3013s
 14577  8486    4.50434   77 1821    6.00000    3.50000  41.7%   492 3016s
 14578  8487    5.00000  152 1806    6.00000    3.50000  41.7%   492 3025s
 14580  8488    5.00000  166 1565    6.00000    3.50000  41.7%   491 3037s
 14582  8490    5.00000  157 1586    6.00000    3.50000  41.7%   491 3048s
 14583  8490    4.50434   77 1762    6.00000    3.50000  41.7%   491 3051s
 14584  8491    5.00000  159 1760    6.00000    3.50000  41.7%   491 3060s
 14586  8492    4.50000   68 1559    6.00000    3.50000  41.7%   491 3073s
 14587  8493    5.00000  168 1613    6.00000    3.50000  41.7%   491 3076s
 14588  8494    4.50000   54 1639    6.00000    3.50000  41.7%   491 3084s
 14589  8494    3.90975  107 1728    6.00000    3.50000  41.7%   491 3088s
 14590  8495    5.00000  173 1622    6.00000    3.50000  41.7%   491 3096s
 14592  8496    4.50000   44 1807    6.00000    3.50000  41.7%   491 3107s
 14594  8498    5.00000  156 1506    6.00000    3.50000  41.7%   491 3119s
 14595  8498    3.50000   53 1685    6.00000    3.50000  41.7%   491 3122s
 14596  8499    4.50000  135 1785    6.00000    3.50000  41.7%   491 3132s
 14597  8500    4.50000  147 1767    6.00000    3.50000  41.7%   491 3135s
 14598  8500    5.00000  156 1682    6.00000    3.50000  41.7%   491 3144s
 14599  8501    4.50000  126 1659    6.00000    3.50000  41.7%   491 3148s
 14600  8502    4.00000   81 1641    6.00000    3.50000  41.7%   491 3157s
 14601  8502    4.00000   92 1742    6.00000    3.50000  41.7%   491 3161s
 14602  8503    4.50000   66 1758    6.00000    3.50000  41.7%   491 3170s
 14604  8504    4.50000   48 1699    6.00000    3.50000  41.7%   491 3183s
 14605  8505    5.00000  107 1682    6.00000    3.50000  41.7%   491 3187s
 14606  8506    5.00000   83 1705    6.00000    3.50000  41.7%   491 3196s
 14607  8506    3.50000   67 1647    6.00000    3.50000  41.7%   491 3200s
 14608  8507    4.50000   52 1662    6.00000    3.50000  41.7%   491 3210s
 14610  8508    5.00000  110 1757    6.00000    3.50000  41.7%   490 3224s
 14611  8509    4.50328  144 1731    6.00000    3.50000  41.7%   490 3236s
 14612  8510    3.69770   53 1749    6.00000    3.50000  41.7%   490 3240s
 14613  8510    4.45161   71 1735    6.00000    3.50000  41.7%   490 3250s
 14614  8511    4.50000  142 1717    6.00000    3.50000  41.7%   490 3255s
 14615  8512    5.00000  159 1736    6.00000    3.50000  41.7%   490 3263s
 14616  8512    5.00000  162 1781    6.00000    3.50000  41.7%   490 3267s
 14617  8513    5.00000  104 1793    6.00000    3.50000  41.7%   490 3277s
 14618  8514    4.00000   98 1702    6.00000    3.50000  41.7%   490 3281s
 14619  8514    4.50000   65 1674    6.00000    3.50000  41.7%   490 3290s
 14620  8515    4.50000   57 1710    6.00000    3.50000  41.7%   490 3296s
 14621  8516    4.36444   60 1712    6.00000    3.50000  41.7%   490 3305s
 14622  8516    5.00000  169 1753    6.00000    3.50000  41.7%   490 3310s
 14623  8517    4.50000   62 1734    6.00000    3.50000  41.7%   490 3320s
 14624  8518    4.50000  136 1713    6.00000    3.50000  41.7%   490 3326s
 14625  8518    4.00000  124 1714    6.00000    3.50000  41.7%   490 3334s
 14626  8519    4.91643  110 1693    6.00000    3.50000  41.7%   490 3339s
 14627  8520    4.00000  103 1695    6.00000    3.50000  41.7%   490 3348s
 14628  8520    5.00000  153 1856    6.00000    3.50000  41.7%   490 3352s
 14629  8521    4.51816   80 1825    6.00000    3.50000  41.7%   490 3363s
 14630  8522    4.50000   49 1798    6.00000    3.50000  41.7%   490 3367s
 14631  8522    4.50000   66 1769    6.00000    3.50000  41.7%   490 3377s
 14632  8523    3.98445  114 1807    6.00000    3.50000  41.7%   490 3382s
 14633  8524    4.50000  131 1802    6.00000    3.50000  41.7%   490 3391s
 14634  8524    4.00000  111 1813    6.00000    3.50000  41.7%   490 3396s
 14635  8525    4.51145   70 1801    6.00000    3.50000  41.7%   490 3404s
 14636  8526    4.50000  112 1706    6.00000    3.50000  41.7%   490 3408s
 14637  8526    5.00000   90 1688    6.00000    3.50000  41.7%   490 3417s
 14638  8527    5.00000  108 1768    6.00000    3.50000  41.7%   490 3422s
 14639  8528    4.50321   74 1756    6.00000    3.50000  41.7%   489 3432s
 14640  8528    5.00000   89 1704    6.00000    3.50000  41.7%   489 3436s
 14641  8529    4.07818  123 1702    6.00000    3.50000  41.7%   489 3446s
 14643  8530    4.50000  136 1749    6.00000    3.50000  41.7%   489 3459s
 14644  8531    5.00000  162 1801    6.00000    3.50000  41.7%   489 3464s
 14645  8532    3.57074   74 1831    6.00000    3.50000  41.7%   489 3473s
 14646  8532    4.50000   57 1759    6.00000    3.50000  41.7%   489 3479s
 14647  8533    4.50000   56 1720    6.00000    3.50000  41.7%   489 3488s
 14648  8534    4.50000   70 1722    6.00000    3.50000  41.7%   489 3493s
 14649  8534    3.50000   65 1722    6.00000    3.50000  41.7%   489 3503s
 14650  8535    4.00000  157 1668    6.00000    3.50000  41.7%   489 3507s
 14651  8536    4.50000  131 1726    6.00000    3.50000  41.7%   489 3517s
 14652  8536    3.50000   43 1718    6.00000    3.50000  41.7%   489 3522s
 14653  8537    4.00000  103 1702    6.00000    3.50000  41.7%   489 3532s
 14654  8538    5.00000   94 1711    6.00000    3.50000  41.7%   489 3536s
 14655  8538    4.50000   63 1715    6.00000    3.50000  41.7%   489 3546s
 14656  8539    5.00000   82 1708    6.00000    3.50000  41.7%   489 3552s
 14657  8540    5.00000   81 1725    6.00000    3.50000  41.7%   489 3561s
 14658  8540    4.50000   73 1784    6.00000    3.50000  41.7%   489 3565s
 14659  8541    5.00000  160 1788    6.00000    3.50000  41.7%   489 3574s
 14660  8542    4.50000   47 1732    6.00000    3.50000  41.7%   489 3580s
 14661  8542    4.00000  108 1732    6.00000    3.50000  41.7%   489 3587s
 14662  8543    3.50000   49 1788    6.00000    3.50000  41.7%   489 3593s

Cutting planes:
  Gomory: 31
  Flow cover: 2
  Zero half: 91
  Mod-K: 129

Explored 14662 nodes (7362156 simplex iterations) in 3600.08 seconds
Thread count was 4 (of 4 available processors)

Solution count 6: 6 7 8 ... 247

Time limit reached
Best objective 6.000000000000e+00, best bound 4.000000000000e+00, gap 33.3333%
Warning: Q constraint 0 doesn't have a name
