
Gurobi 8.1.1 (win64) logging started 11/25/19 09:36:41

Changed value of parameter LogFile to logs/full/qp/full-05-15-2.log
   Prev: gurobi.log  Default: 
Changed value of parameter LogToConsole to 0
   Prev: 1  Min: 0  Max: 1  Default: 1
Changed value of parameter TimeLimit to 3600.0
   Prev: 1e+100  Min: 0.0  Max: 1e+100  Default: 1e+100
Optimize a model with 1 rows, 171 columns and 1 nonzeros
Model has 10 quadratic constraints
Variable types: 0 continuous, 171 integer (171 binary)
Coefficient statistics:
  Matrix range     [1e+00, 1e+00]
  QMatrix range    [1e+00, 1e+00]
  Objective range  [1e+00, 1e+00]
  Bounds range     [1e+00, 1e+00]
  RHS range        [1e+00, 1e+00]
  QRHS range       [1e+00, 1e+00]
Found heuristic solution: objective 171.0000000
Presolve removed 1 rows and 1 columns
Presolve time: 0.01s
Presolved: 0 rows, 170 columns, 0 nonzeros
Variable types: 0 continuous, 170 integer (170 binary)

Root relaxation: objective 1.000000e+00, 0 iterations, 0.00 seconds

    Nodes    |    Current Node    |     Objective Bounds      |     Work
 Expl Unexpl |  Obj  Depth IntInf | Incumbent    BestBd   Gap | It/Node Time

     0     0    2.00000    0    2  171.00000    2.00000  98.8%     -    0s
H    0     0                      11.0000000    2.00000  81.8%     -    0s
     0     0    2.00000    0    2   11.00000    2.00000  81.8%     -    0s
     0     0    2.00000    0    2   11.00000    2.00000  81.8%     -    0s
H    0     0                       8.0000000    2.00000  75.0%     -    0s
     0     2    2.00000    0    2    8.00000    2.00000  75.0%     -    0s
H  134    45                       6.0000000    2.00000  66.7%   1.4    0s
   807   277    5.00000  131    -    6.00000    3.00000  50.0%   1.3    5s
  1255   472    3.00000   95    2    6.00000    3.00000  50.0%   1.3   10s
  1579   651    5.00000  128    -    6.00000    3.00000  50.0%   1.3   16s
  1785   751     cutoff  128         6.00000    3.00000  50.0%   1.3   20s
  1962   836    5.00000  128    -    6.00000    3.00000  50.0%   1.3   25s
  2185  1049    4.00000   88    2    6.00000    3.00000  50.0%   1.2   37s
  2187  1050    5.00000  112 1629    6.00000    3.00000  50.0%   1.2   43s
  2189  1053    3.00000   53    2    6.00000    3.00000  50.0%   4.8  129s
  2191  1054    3.00000  101 1763    6.00000    3.00000  50.0%   4.7  132s
  2193  1056    4.00000  107 1320    6.00000    3.00000  50.0%   4.7  135s
  2196  1058    4.00000   12 1287    6.00000    3.00000  50.0%   4.7  140s
  2199  1060    4.00000   59 1228    6.00000    3.00000  50.0%   4.7  148s
  2201  1061    3.00000   34 1264    6.00000    3.00000  50.0%   4.7  153s
  2203  1062    3.00000   14 1250    6.00000    3.00000  50.0%   4.7  158s
  2205  1064    4.00000  105 1196    6.00000    3.00000  50.0%   4.7  162s
  2207  1065    3.00000   49 1279    6.00000    3.00000  50.0%   4.7  166s
  2208  1066    4.00000   97 1279    6.00000    3.00000  50.0%   4.7  170s
  2210  1070    3.00000   22 1253    6.00000    3.00000  50.0%  41.7  181s
  2218  1075    3.24725   24 1714    6.00000    3.00000  50.0%  51.1  186s
  2227  1076    3.25725   26 1630    6.00000    3.00000  50.0%  57.9  191s
  2239  1079    3.27382   28 1544    6.00000    3.00000  50.0%  64.2  196s
  2250  1079    3.00000   30  555    6.00000    3.00000  50.0%  70.2  200s
  2268  1085    3.00000   34  519    6.00000    3.00000  50.0%  79.9  205s
  2282  1092    3.00000   37  552    6.00000    3.00000  50.0%  87.4  210s
  2304  1101    3.00000   41  395    6.00000    3.00000  50.0%   100  215s
  2322  1107    3.41216   44 1334    6.00000    3.00000  50.0%   108  220s
  2350  1115    3.00000   50  545    6.00000    3.00000  50.0%   118  226s
  2374  1125    3.00000   54  542    6.00000    3.00000  50.0%   124  230s
  2420  1133    3.01855   61  642    6.00000    3.01855  49.7%   133  235s
  2453  1142    3.02700   68  617    6.00000    3.02700  49.6%   139  240s
  2518  1152    3.07080   78  606    6.00000    3.07080  48.8%   147  247s
  2527  1155    3.07902   81  604    6.00000    3.07902  48.7%   150  250s
  2564  1159    3.09779   89  639    6.00000    3.09779  48.4%   156  255s
  2635  1155    3.12642   99  633    6.00000    3.12642  47.9%   161  260s
  2740  1141    3.19583  109  624    6.00000    3.19583  46.7%   162  266s
  2801  1156     cutoff  125         6.00000    3.24218  46.0%   168  273s
  2858  1166     cutoff   25         6.00000    3.25293  45.8%   169  276s
  2954  1227    3.61542   51  969    6.00000    3.25293  45.8%   171  282s
  3029  1249    3.72689   83  860    6.00000    3.25363  45.8%   170  285s
  3111  1282    3.58626   44 1155    6.00000    3.25736  45.7%   174  293s
  3155  1311    3.67892   72 1002    6.00000    3.25736  45.7%   175  296s
  3239  1357     cutoff   98         6.00000    3.26134  45.6%   175  300s
  3301  1370    3.54757   38  884    6.00000    3.26944  45.5%   177  306s
  3345  1394    3.65819   67  957    6.00000    3.27746  45.4%   178  310s
  3482  1468    4.63237   52  900    6.00000    3.27746  45.4%   180  317s
  3596  1494    4.82335   85  816    6.00000    3.27856  45.4%   179  321s
  3647  1510    4.50000   37  804    6.00000    3.27856  45.4%   182  325s
  3730  1552    5.00000   91  468    6.00000    3.28138  45.3%   182  330s
  3776  1576    4.26765   29 1568    6.00000    3.29406  45.1%   184  336s
  3843  1604    4.60629   46 1032    6.00000    3.29406  45.1%   186  341s
  3897  1628    4.78670   77  962    6.00000    3.29893  45.0%   189  346s
  4023  1672    3.59559   44 1196    6.00000    3.30307  44.9%   189  351s
  4105  1713    3.86581   95  938    6.00000    3.31416  44.8%   190  357s
  4175  1740    3.66157   55  996    6.00000    3.33370  44.4%   192  363s
  4273  1798    3.53211   39  848    6.00000    3.33370  44.4%   192  369s
  4329  1820    4.45470   57 1228    6.00000    3.33370  44.4%   196  375s
  4399  1852    4.59748   70 1107    6.00000    3.33370  44.4%   198  382s
  4526  1878    4.21189  106  600    6.00000    3.35323  44.1%   198  389s
  4669  1926    3.80323   77  941    6.00000    3.35644  44.1%   198  396s
  4783  1977    3.81544   80  878    6.00000    3.38305  43.6%   199  403s
  4905  2030    3.83921   82  866    6.00000    3.41216  43.1%   200  410s
  5090  2089    3.65595   58  949    6.00000    3.42479  42.9%   199  419s
  5237  2149    3.66026   60  857    6.00000    3.45553  42.4%   199  426s
  5355  2201    3.79206   74  939    6.00000    3.49385  41.8%   200  435s
  5475  2278     cutoff   30         6.00000    3.50000  41.7%   202  445s
  5608  2385    4.69317   84  883    6.00000    3.50000  41.7%   203  453s
  5735  2474     cutoff   49         6.00000    3.50000  41.7%   205  464s
  5854  2558    4.61529   48 1069    6.00000    3.50602  41.6%   207  474s
  5986  2653    4.54738   45 1011    6.00000    3.51092  41.5%   209  484s
  6133  2748    3.51747  135  442    6.00000    3.51747  41.4%   210  496s
  6344  2879    4.21965   94  578    6.00000    3.52240  41.3%   210  507s
  6530  2994    4.68142   64  880    6.00000    3.52313  41.3%   210  517s
  6736  3146    4.78681   80  935    6.00000    3.53614  41.1%   211  530s
  6944  3306    4.57828   48  961    6.00000    3.54118  41.0%   212  542s
  7113  3446    4.76739   83  950    6.00000    3.54207  41.0%   213  556s
  7320  3606    4.59960   61    2    6.00000    3.54321  40.9%   214  562s
  7323  3608    4.50000   34 1417    6.00000    3.54321  40.9%   214  567s
  7327  3611    4.00000   85 1138    6.00000    3.54321  40.9%   214  570s
  7330  3613    3.80391   79 1160    6.00000    3.54321  40.9%   214  575s
  7333  3615    4.67099   68 1119    6.00000    3.54321  40.9%   213  582s
  7335  3616    4.08555  110 1183    6.00000    3.54321  40.9%   213  586s
  7337  3617    4.65385  134 1169    6.00000    3.54321  40.9%   213  591s
  7339  3619    4.66667   56 1169    6.00000    3.54321  40.9%   213  595s
  7340  3622    3.54321   31 1064    6.00000    3.54321  40.9%   224  603s
  7344  3625    3.67194   32 1419    6.00000    3.54321  40.9%   225  606s
  7354  3628    3.54321   35  863    6.00000    3.54321  40.9%   228  611s
  7362  3633    3.54321   37  857    6.00000    3.54321  40.9%   229  615s
  7374  3641    3.54321   40  670    6.00000    3.54321  40.9%   232  621s
  7386  3649    3.54321   43  679    6.00000    3.54321  40.9%   234  625s
  7404  3661    3.54321   47  662    6.00000    3.54321  40.9%   236  631s
  7420  3670    3.54321   50  616    6.00000    3.54321  40.9%   238  635s
  7452  3687    3.54321   54  574    6.00000    3.54321  40.9%   240  640s
  7473  3696    3.54321   58 1228    6.00000    3.54321  40.9%   243  646s
  7488  3704    3.54321   62  574    6.00000    3.54321  40.9%   244  650s
  7522  3718    3.54321   68  533    6.00000    3.54321  40.9%   247  656s
  7548  3725    3.54321   73  528    6.00000    3.54321  40.9%   249  661s
  7576  3737    3.54321   79  353    6.00000    3.54321  40.9%   251  666s
  7606  3742    3.54321   85  586    6.00000    3.54321  40.9%   254  670s
  7666  3763    3.54321   96  579    6.00000    3.54321  40.9%   259  676s
  7730  3772    3.54321  105  588    6.00000    3.54321  40.9%   261  680s
  7857  3751 infeasible  128         6.00000    3.54321  40.9%   263  686s
  7923  3728    5.00000  158  451    6.00000    3.54321  40.9%   265  695s
  7942  3724    3.54321   36 1630    6.00000    3.54321  40.9%   266  708s
  7950  3727    3.54321   38 1165    6.00000    3.54321  40.9%   268  712s
  7977  3741    3.54321   53 1018    6.00000    3.54321  40.9%   268  715s
  8004  3757    3.54321   66  918    6.00000    3.54321  40.9%   269  723s
  8026  3774    3.54321   75 1114    6.00000    3.54321  40.9%   269  726s
  8115  3817    4.00000  106  613    6.00000    3.54321  40.9%   268  730s
  8310  3885    4.50000   37 1293    6.00000    3.54321  40.9%   266  736s
  8386  3916    4.50000   70 1051    6.00000    3.54321  40.9%   266  742s
  8447  3938    5.00000   78  953    6.00000    3.54321  40.9%   267  746s
* 8514  3375             141       5.0000000    3.54321  29.1%   266  746s
  8551  3362     cutoff  120         5.00000    3.54321  29.1%   266  753s
  8579  3355 infeasible   47         5.00000    3.54321  29.1%   268  757s
  8607  3343    3.82881   44  623    5.00000    3.54321  29.1%   269  766s
  8630  3329    4.00000   44  554    5.00000    3.54321  29.1%   270  776s
  8660  3311    3.81013   50  633    5.00000    3.54321  29.1%   271  785s
  8694  3300    4.00000   52  573    5.00000    3.54321  29.1%   273  791s
  8724  3282    3.92136   55  583    5.00000    3.54321  29.1%   274  798s
  8758  3259 infeasible   64         5.00000    3.54321  29.1%   276  807s
  8793  3234    4.00000   70  535    5.00000    3.54321  29.1%   278  814s
  8818  3213     cutoff   45         5.00000    3.54321  29.1%   282  822s
  8832  3200    3.54321  110  760    5.00000    3.54321  29.1%   289  832s
  8888  3168    3.54321  134  549    5.00000    3.54321  29.1%   292  843s
  8973  3118     cutoff   51         5.00000    3.54321  29.1%   296  852s
  8995  3092     cutoff   54         5.00000    3.54321  29.1%   302  860s
  9014  3070     cutoff   55         5.00000    3.54321  29.1%   309  868s
  9060  3045 infeasible   88         5.00000    3.55002  29.0%   311  879s
  9148  3008    4.00000   99  728    5.00000    3.64249  27.2%   311  890s
  9215  2976    3.81725   94  952    5.00000    3.70991  25.8%   312  902s
  9298  2969    3.86436   97  929    5.00000    3.86436  22.7%   312  913s
  9364  2960    4.00000   53  674    5.00000    4.00000  20.0%   311  925s
  9435  2936     cutoff   71         5.00000    4.00000  20.0%   316  936s
  9473  2883 infeasible  111         5.00000    4.00000  20.0%   324  948s
  9513  2828 infeasible   99         5.00000    4.00000  20.0%   329  954s
  9555  2772     cutoff  118         5.00000    4.00000  20.0%   334  961s
  9597  2719     cutoff  114         5.00000    4.00000  20.0%   339  975s
  9636  2671     cutoff   42         5.00000    4.00000  20.0%   347  982s

Cutting planes:
  Gomory: 1
  Flow cover: 4
  Zero half: 24

Explored 9671 nodes (3404137 simplex iterations) in 982.69 seconds
Thread count was 4 (of 4 available processors)

Solution count 5: 5 6 8 ... 171

Optimal solution found (tolerance 1.00e-04)
Best objective 5.000000000000e+00, best bound 5.000000000000e+00, gap 0.0000%
Warning: Q constraint 0 doesn't have a name
