
Gurobi 8.1.1 (win64) logging started 11/25/19 19:50:35

Changed value of parameter LogFile to logs/full/qp/full-07-15-0.log
   Prev: gurobi.log  Default: 
Changed value of parameter LogToConsole to 0
   Prev: 1  Min: 0  Max: 1  Default: 1
Changed value of parameter TimeLimit to 3600.0
   Prev: 1e+100  Min: 0.0  Max: 1e+100  Default: 1e+100
Optimize a model with 1 rows, 333 columns and 1 nonzeros
Model has 20 quadratic constraints
Variable types: 0 continuous, 333 integer (333 binary)
Coefficient statistics:
  Matrix range     [1e+00, 1e+00]
  QMatrix range    [1e+00, 1e+00]
  Objective range  [1e+00, 1e+00]
  Bounds range     [1e+00, 1e+00]
  RHS range        [1e+00, 1e+00]
  QRHS range       [1e+00, 2e+00]
Found heuristic solution: objective 333.0000000
Presolve removed 1 rows and 1 columns
Presolve time: 0.01s
Presolved: 0 rows, 332 columns, 0 nonzeros
Variable types: 0 continuous, 332 integer (332 binary)

Root relaxation: objective 1.000000e+00, 0 iterations, 0.00 seconds

    Nodes    |    Current Node    |     Objective Bounds      |     Work
 Expl Unexpl |  Obj  Depth IntInf | Incumbent    BestBd   Gap | It/Node Time

     0     0    2.50000    0    1  333.00000    2.50000  99.2%     -    0s
H    0     0                      11.0000000    2.50000  77.3%     -    0s
H    0     0                      10.0000000    2.50000  75.0%     -    0s
     0     0    2.50000    0    1   10.00000    2.50000  75.0%     -    0s
     0     2    2.50000    0    1   10.00000    2.50000  75.0%     -    0s
   551   538    2.66667  145    1   10.00000    2.66667  73.3%   1.0   34s
   553   539    3.00671   83 5754   10.00000    3.00671  69.9%   1.0   43s
   555   542    4.00000  266    1   10.00000    3.00671  69.9%  67.3   46s
   557   543    4.00000  154 5833   10.00000    3.00673  69.9%  67.0   54s
H  557   515                       9.0000000    3.38160  62.4%  67.0   59s
   558   516    3.38160  244 3678    9.00000    3.38160  62.4%  66.9   66s
   561   518    4.00000  144 3638    9.00000    3.59694  60.0%  66.5   70s
   568   523    3.61060   42 5191    9.00000    3.61060  59.9%  65.7   75s
   575   527    3.61256    2 4076    9.00000    3.61256  59.9%  64.9   80s
   577   532    3.61378   28 3244    9.00000    3.61378  59.8%   233   98s
   579   533    3.61709   29 4282    9.00000    3.61477  59.8%   284  100s
   585   537    4.00341   30 2962    9.00000    3.61826  59.8%   338  111s
   587   540    3.61903   31 4289    9.00000    3.61903  59.8%   348  122s
   591   539    3.61973   32 4990    9.00000    3.61973  59.8%   409  131s
   595   542    3.62075   33 4928    9.00000    3.62075  59.8%   470  140s
   599   543    3.62228   34 4751    9.00000    3.62228  59.8%   511  146s
   604   548    3.62928   35 5214    9.00000    3.62270  59.7%   540  155s
   606   549    4.01469   35 2936    9.00000    3.62939  59.7%   557  164s
   608   551    3.64232   36 4468    9.00000    3.64232  59.5%   560  168s
   611   552    3.64613   37 3865    9.00000    3.64613  59.5%   580  173s
   615   555    3.65070   38 3780    9.00000    3.65070  59.4%   618  177s
   621   559    3.65994   39 2614    9.00000    3.65994  59.3%   638  182s
   627   563    3.66423   40 2473    9.00000    3.66423  59.3%   663  192s
   633   565    3.66541   41 2862    9.00000    3.66466  59.3%   739  200s
   635   570    4.02133   41 3869    9.00000    3.66542  59.3%   753  205s
   639   571    3.67023   42 2510    9.00000    3.67023  59.2%   761  211s
   647   576    3.67814   44 2690    9.00000    3.67814  59.1%   791  217s
   655   582    3.68102   45 2772    9.00000    3.68102  59.1%   811  221s
   663   585    3.69147   46 2592    9.00000    3.68110  59.1%   826  230s
   665   590    4.03158   46 2744    9.00000    3.69386  59.0%   836  237s
   675   595    3.70075   48 2111    9.00000    3.70075  58.9%   852  243s
   685   602    3.70435   50 2508    9.00000    3.70435  58.8%   876  248s
   697   610    3.71730   52 2768    9.00000    3.71730  58.7%   891  252s
   707   615    3.73251   54 2742    9.00000    3.73251  58.5%   903  258s
   710   618    3.73374   55 2641    9.00000    3.73374  58.5%   910  268s
   712   621    4.02198   55 2019    9.00000    3.73557  58.5%   920  273s
   725   628    3.75947   58 2934    9.00000    3.75947  58.2%   929  278s
   739   638    3.76063   61 2865    9.00000    3.76063  58.2%   943  284s
   755   647    3.78286   65 2554    9.00000    3.78286  58.0%   961  289s
   772   660    4.04103   68 1921    9.00000    3.78732  57.9%   973  294s
   788   671    4.02899   72 1456    9.00000    3.79330  57.9%   988  302s
   807   682    3.80943   76 2190    9.00000    3.80943  57.7%  1004  307s
   822   696    4.04286   78 1681    9.00000    3.84352  57.3%  1024  313s
   841   706    3.86589   82 4015    9.00000    3.86589  57.0%  1036  319s
   857   715    3.87464   86 2423    9.00000    3.87464  56.9%  1057  326s
   876   730    4.03783   91 1089    9.00000    3.89363  56.7%  1085  333s
   903   749    3.89677   97 2886    9.00000    3.89677  56.7%  1106  340s
   937   769    3.90053  104 3711    9.00000    3.90053  56.7%  1129  346s
   958   785    3.90461  109 3567    9.00000    3.90461  56.6%  1142  353s
   987   803    3.91080  117 1689    9.00000    3.91080  56.5%  1162  360s
  1029   831    3.91681  127 1490    9.00000    3.91681  56.5%  1170  368s
  1077   863    3.93406  141 1709    9.00000    3.93406  56.3%  1176  375s
  1119   891    3.96748  155 1867    9.00000    3.96748  55.9%  1182  384s
  1153   915    3.99111  165  869    9.00000    3.99111  55.7%  1196  392s
  1210   955    4.02480  175  731    9.00000    4.00376  55.5%  1186  401s
  1297  1009    4.08736  190 1050    9.00000    4.00376  55.5%  1156  411s
  1424  1083    4.46188  217  601    9.00000    4.00376  55.5%  1094  419s
  1552  1140    7.90244  259  265    9.00000    4.00455  55.5%  1032  431s
  1575  1152    4.02077   34 3897    9.00000    4.00455  55.5%  1042  442s
  1583  1149    4.02468   36 1648    9.00000    4.00455  55.5%  1063  449s
  1595  1156    4.03625   40 4597    9.00000    4.00455  55.5%  1080  457s
  1612  1168    5.02985   45 1396    9.00000    4.00455  55.5%  1097  463s
  1633  1184    5.04190   51 1173    9.00000    4.00455  55.5%  1112  469s
  1658  1200    4.08049   60 2958    9.00000    4.00455  55.5%  1124  475s
  1693  1222    4.09264   69 2501    9.00000    4.00455  55.5%  1130  483s
  1732  1252    5.09957   82  923    9.00000    4.00455  55.5%  1133  490s
  1783  1283    4.21672  103 2072    9.00000    4.00455  55.5%  1128  551s
  1867  1340    4.34943  131 1552    9.00000    4.00455  55.5%  1111  560s
  1986  1421    4.52632  171 1584    9.00000    4.00455  55.5%  1083  572s
  2073  1468    4.85076  205 1198    9.00000    4.00457  55.5%  1058  582s
  2231  1584    4.02851   39 3663    9.00000    4.00457  55.5%  1020  593s
  2353  1701    4.21354   89 1934    9.00000    4.00457  55.5%  1000  604s
  2554  1882    4.90047  187 1352    9.00000    4.00590  55.5%   956  621s
  2720  1999    4.20714   36 5987    9.00000    4.00790  55.5%   931  632s
  2808  2086    4.25195   50 5381    9.00000    4.00790  55.5%   932  646s
  2929  2199    4.28970   62 4933    9.00000    4.00790  55.5%   919  659s
  3040  2288    4.40175   87 4051    9.00000    4.00790  55.5%   910  672s
  3136  2378    4.66229  119 2918    9.00000    4.00790  55.5%   911  688s
  3329  2560    5.48777  178 1411    9.00000    4.00799  55.5%   890  704s
  3432  2629    6.13978   40 5431    9.00000    4.00801  55.5%   893  720s
  3463  2636    7.17433   50 5003    9.00000    4.00801  55.5%   908  741s
  3494  2636     cutoff   62         9.00000    4.00801  55.5%   927  758s
  3556  2637     cutoff   83         9.00000    4.00801  55.5%   937  774s
  3647  2638     cutoff  118         9.00000    4.01070  55.4%   938  791s
  3768  2644    4.04247   46 4739    9.00000    4.01070  55.4%   937  809s
  3925  2722    4.34849  128 2213    9.00000    4.01097  55.4%   928  830s
  4118  2863    4.20244   40 5765    9.00000    4.01455  55.4%   910  850s
  4330  3066    4.28696   64 4823    9.00000    4.01455  55.4%   897  870s
  4468  3200    4.43432   89 3759    9.00000    4.01455  55.4%   900  891s
  4642  3360    5.13009  152 1897    9.00000    4.01587  55.4%   898  914s
  4954  3622    4.05301   46 3619    9.00000    4.01625  55.4%   873  940s
  5040  3706    4.27851  103 2403    9.00000    4.01652  55.4%   878  963s
  5259  3910    4.09821   69 2530    9.00000    4.01691  55.4%   870  993s
  5560  4197    4.35635   38 5409    9.00000    4.01765  55.4%   856 1016s
  5643  4279    4.45390   72 3929    9.00000    4.01765  55.4%   865 1041s
  5817  4440    4.85703  136 2301    9.00000    4.01824  55.4%   869 1070s
  6167  4754    5.07625   60 2363    9.00000    4.01834  55.4%   850 1094s
  6375  4954    5.02133   38 2180    9.00000    4.01834  55.4%   850 1117s
  6586  5145    5.32660  116 2087    9.00000    4.01919  55.3%   848 1147s
  6940  5455    5.02966   42 2839    9.00000    4.01924  55.3%   833 1170s
  7009  5520    5.23624   88 2225    9.00000    4.01962  55.3%   838 1197s
  7165  5668    5.01792   36 3338    9.00000    4.01962  55.3%   835 1221s
  7231  5725    7.14193   44 5290    9.00000    4.01962  55.3%   844 1251s
  7366  5852    7.02941   48 1337    9.00000    4.01962  55.3%   848 1327s
H 7382  5229                       8.0000000    4.01962  49.8%   858 1327s
  7383  5239     cutoff   50         8.00000    4.02005  49.7%   858 1353s
  7477  5321    6.16867   88 2531    8.00000    4.02051  49.7%   867 1378s
  7691  5508    4.19365   93 1482    8.00000    4.02062  49.7%   866 1404s
  7942  5755    4.23718   42 5629    8.00000    4.02062  49.7%   863 1432s
  8123  5920    4.37233   79 4255    8.00000    4.02062  49.7%   863 1458s
  8323  6095    4.95088  144 2140    8.00000    4.02062  49.7%   863 1523s
  8429  6193    6.27275  197  905    8.00000    4.02106  49.7%   860 1548s
  8676  6422    5.60333  156 1661    8.00000    4.02140  49.7%   856 1572s
  8900  6634    5.09352   63 2474    8.00000    4.02160  49.7%   853 1596s
  9151  6858    4.05256   48 3424    8.00000    4.02198  49.7%   852 1621s
  9493  7169    4.86714  173 1487    8.00000    4.02205  49.7%   844 1649s
  9705  7365    4.34190   76 4401    8.00000    4.02208  49.7%   841 1674s
  9810  7463    4.67805  129 2391    8.00000    4.02208  49.7%   844 1701s
 10002  7643    5.23750   53 4982    8.00000    4.02221  49.7%   845 1727s
 10183  7812    6.31772   78 3656    8.00000    4.02223  49.7%   842 1756s
 10342  7964    4.22458   43 5537    8.00000    4.02226  49.7%   844 1782s
 10516  8125    4.39012   85 4122    8.00000    4.02226  49.7%   844 1808s
 10638  8245    5.24388  162 1781    8.00000    4.02264  49.7%   846 1833s
 10806  8366    4.35700   49 4979    8.00000    4.02264  49.7%   845 1859s
 10917  8453    4.47208   86 4000    8.00000    4.02264  49.7%   847 1885s
 11036  8564    5.05230  150 1986    8.00000    4.02288  49.7%   851 1913s
 11227  8742    5.08953   65 2327    8.00000    4.02326  49.7%   850 1939s
 11484  8981    5.24617   61 3052    8.00000    4.02326  49.7%   848 1965s
 11607  9071     cutoff   77         8.00000    4.02326  49.7%   851 1992s
 11750  9124     cutoff  125         8.00000    4.02368  49.7%   854 2019s
 11951  9253    5.19102   94 1839    8.00000    4.02371  49.7%   853 2045s
 12197  9469    5.05378   47 1705    8.00000    4.02425  49.7%   851 2071s
 12410  9660    6.47336  204  949    8.00000    4.02451  49.7%   849 2102s
 12672  9877    4.09224   62 3441    8.00000    4.02459  49.7%   846 2129s
 12863 10061    6.90390  223  575    8.00000    4.02479  49.7%   846 2154s
 12957 10143    5.32722   77 3996    8.00000    4.02479  49.7%   850 2181s
 13091 10271    5.62198  120 2663    8.00000    4.02528  49.7%   851 2208s
 13237 10394    6.04338   64 3125    8.00000    4.02531  49.7%   853 2236s
 13416 10558    4.36011   41 5692    8.00000    4.02582  49.7%   854 2263s
 13449 10574    4.43356   61 5026    8.00000    4.02582  49.7%   860 2291s
 13517 10622    4.60906  104 3258    8.00000    4.02582  49.7%   865 2439s
 13519 10624    4.61227  105 3115    8.00000    4.02582  49.7%   865 2470s
 13637 10708    6.16280  192 1021    8.00000    4.02622  49.7%   868 2497s
 13797 10805    5.32154  117 2218    8.00000    4.02622  49.7%   871 2524s
 14075 10944    5.14711   80 2712    8.00000    4.02632  49.7%   866 2551s
 14398 11234    5.08060   58 3087    8.00000    4.02632  49.7%   862 2581s
 14704 11524    5.00000   68    1    8.00000    4.02632  49.7%   859 2972s
 14706 11525    6.95895  208 5955    8.00000    4.02632  49.7%   858 2984s
 14707 11526    5.95290  186 4867    8.00000    4.02632  49.7%   858 2988s
 14708 11527    4.31610  116 4457    8.00000    4.02632  49.7%   858 2997s
 14709 11527    5.00000   93 4439    8.00000    4.02632  49.7%   858 3003s
 14710 11528    4.54497  154 2714    8.00000    4.02632  49.7%   858 3062s
 14711 11529    5.17904  159 2654    8.00000    4.02632  49.7%   858 3071s
 14712 11529    5.42270  157 4567    8.00000    4.02632  49.7%   858 3125s
 14713 11530    5.25660  194 4502    8.00000    4.02632  49.7%   858 3133s
 14714 11531    4.98156  180 4415    8.00000    4.02632  49.7%   858 3169s
 14715 11531    5.26582  156 4404    8.00000    4.02632  49.7%   858 3179s
 14716 11532    4.71619  162 4913    8.00000    4.02632  49.7%   858 3222s
 14717 11533    5.49240  101 1537    8.00000    4.02632  49.7%   858 3264s
 14718 11533    6.81351  186 1537    8.00000    4.02632  49.7%   858 3302s
 14719 11537    4.02632   39 1504    8.00000    4.02632  49.7%   886 3347s
 14723 11540    4.02632   40 4810    8.00000    4.02632  49.7%   890 3363s
 14725 11541    4.02632   41 4823    8.00000    4.02632  49.7%   890 3365s
 14727 11542    4.02632   41 5034    8.00000    4.02632  49.7%   891 3376s
 14737 11547    4.02632   44 3316    8.00000    4.02632  49.7%   891 3380s
 14745 11550    4.02632   46 3666    8.00000    4.02632  49.7%   891 3390s
 14749 11555    4.02632   47 3629    8.00000    4.02632  49.7%   892 3398s
 14761 11563    4.02632   51 3473    8.00000    4.02632  49.7%   892 3401s
 14769 11568    4.02632   53 3391    8.00000    4.02632  49.7%   892 3407s
 14775 11570    4.02632   55 2977    8.00000    4.02632  49.7%   893 3418s
 14777 11575    5.00000   55 3333    8.00000    4.02632  49.7%   893 3422s
 14797 11586    4.02632   62 3253    8.00000    4.02632  49.7%   892 3433s
 14806 11594    5.00000   65 3175    8.00000    4.02632  49.7%   892 3436s
 14817 11600    4.02632   70 3104    8.00000    4.02632  49.7%   892 3440s
 14831 11608    4.02632   75 3586    8.00000    4.02632  49.7%   892 3447s
 14841 11616    4.02632   79 2606    8.00000    4.02632  49.7%   892 3452s
 14851 11623    4.02632   83 2787    8.00000    4.02632  49.7%   892 3456s
 14859 11626    4.02632   85 2811    8.00000    4.02632  49.7%   893 3471s
 14867 11634    4.02632   87 2629    8.00000    4.02632  49.7%   894 3479s
 14871 11636    4.02632   88 2629    8.00000    4.02632  49.7%   895 3482s
 14879 11642    4.02632   90 3170    8.00000    4.02632  49.7%   896 3488s
 14889 11646    4.02632   92 3101    8.00000    4.02632  49.7%   897 3495s
 14901 11656    4.02632   96 3334    8.00000    4.02632  49.7%   897 3503s
 14911 11663    4.02632   99 2668    8.00000    4.02632  49.7%   898 3509s
 14923 11669    4.02931  102 2661    8.00000    4.02632  49.7%   899 3518s
 14925 11674    5.02000  102 2235    8.00000    4.02632  49.7%   899 3523s
 14935 11679    4.02987  105 2182    8.00000    4.02632  49.7%   900 3528s
 14945 11685    4.03430  108 1984    8.00000    4.02632  49.7%   902 3537s
 14958 11695    4.03642  111 1884    8.00000    4.02632  49.7%   902 3544s
 14961 11697    4.03642  112 1875    8.00000    4.02632  49.7%   903 3550s
 14966 11701    4.04938  114 1875    8.00000    4.02632  49.7%   904 3555s
 14981 11710    4.06816  119 2029    8.00000    4.02632  49.7%   906 3565s
 14997 11720    4.09261  125 1748    8.00000    4.02632  49.7%   908 3570s
 15013 11730    4.11122  129 1708    8.00000    4.02632  49.7%   910 3587s
 15034 11745    5.10662  134 2043    8.00000    4.02632  49.7%   910 3600s

Cutting planes:
  Gomory: 2
  Zero half: 1

Explored 15062 nodes (13710674 simplex iterations) in 3600.01 seconds
Thread count was 4 (of 4 available processors)

Solution count 5: 8 9 10 ... 333

Time limit reached
Best objective 8.000000000000e+00, best bound 5.000000000000e+00, gap 37.5000%
Warning: Q constraint 0 doesn't have a name
