
Gurobi 8.1.1 (win64) logging started 11/25/19 15:40:57

Changed value of parameter LogFile to logs/full/qp/full-06-15-1.log
   Prev: gurobi.log  Default: 
Changed value of parameter LogToConsole to 0
   Prev: 1  Min: 0  Max: 1  Default: 1
Changed value of parameter TimeLimit to 3600.0
   Prev: 1e+100  Min: 0.0  Max: 1e+100  Default: 1e+100
Optimize a model with 1 rows, 298 columns and 1 nonzeros
Model has 13 quadratic constraints
Variable types: 0 continuous, 298 integer (298 binary)
Coefficient statistics:
  Matrix range     [1e+00, 1e+00]
  QMatrix range    [1e+00, 1e+00]
  Objective range  [1e+00, 1e+00]
  Bounds range     [1e+00, 1e+00]
  RHS range        [1e+00, 1e+00]
  QRHS range       [1e+00, 2e+00]
Found heuristic solution: objective 298.0000000
Presolve removed 1 rows and 1 columns
Presolve time: 0.01s
Presolved: 0 rows, 297 columns, 0 nonzeros
Variable types: 0 continuous, 297 integer (297 binary)

Root relaxation: objective 1.000000e+00, 0 iterations, 0.00 seconds

    Nodes    |    Current Node    |     Objective Bounds      |     Work
 Expl Unexpl |  Obj  Depth IntInf | Incumbent    BestBd   Gap | It/Node Time

     0     0    2.75000    0    2  298.00000    2.75000  99.1%     -    0s
H    0     0                      15.0000000    2.75000  81.7%     -    0s
H    0     0                      14.0000000    2.75000  80.4%     -    0s
     0     0    2.75000    0    2   14.00000    2.75000  80.4%     -    0s
H    0     0                      12.0000000    2.75000  77.1%     -    0s
     0     2    2.75000    0    3   12.00000    2.75000  77.1%     -    0s
H   31    16                      11.0000000    3.00000  72.7%   1.7    0s
H   69    33                      10.0000000    3.00000  70.0%   1.7    0s
H  138    60                       9.0000000    3.00000  66.7%   1.9    0s
H  309   161                       8.0000000    3.00000  62.5%   2.0    3s
   467   257    6.00000  118    -    8.00000    3.00000  62.5%   2.0    5s
   768   440    5.00000  217    -    8.00000    3.00000  62.5%   2.0   10s
  1048   585    3.75000   28    3    8.00000    3.00000  62.5%   1.9   15s
  1229   698    5.00000  130    2    8.00000    3.00000  62.5%   1.9   30s
  1231   699    4.00000   14 2952    8.00000    3.13071  60.9%   1.9   51s
  1233   702    6.00000   20    2    8.00000    3.13071  60.9%  15.9   84s
  1235   703    5.00000  121 2942    8.00000    3.13073  60.9%  15.9   88s
  1236   704    6.00000   12 3211    8.00000    4.01229  49.8%  15.9   94s
  1237   705    4.05744   21 2892    8.00000    4.05744  49.3%  15.9   95s
  1242   708    6.00000  130 2752    8.00000    4.27283  46.6%  15.8  100s
H 1243   673                       6.0000000    4.29951  28.3%  15.8  101s
  1249   677    5.00000  164 2030    6.00000    4.31284  28.1%  15.7  105s
  1255   681    6.00000  181 2029    6.00000    4.31284  28.1%  15.7  111s
  1262   686    4.31724   28 2347    6.00000    4.31724  28.0%  80.0  115s
  1272   687    4.55244   30 2272    6.00000    4.31968  28.0%   111  121s
  1277   687    4.51590   31 2312    6.00000    4.34915  27.5%   137  125s
  1287   688    4.34985   34 2115    6.00000    4.34985  27.5%   152  130s
  1293   688    4.34991   36 2035    6.00000    4.34991  27.5%   167  135s
  1300   686    4.35044   38 2014    6.00000    4.35044  27.5%   194  141s
  1312   688    4.36271   41 1781    6.00000    4.36271  27.3%   218  146s
  1316   686    4.36309   42 1785    6.00000    4.36309  27.3%   230  150s
  1320   684    4.36315   43 1797    6.00000    4.36315  27.3%   241  155s
  1331   694    4.36462   47 1686    6.00000    4.36462  27.3%   278  160s
  1341   694    4.36567   50 1614    6.00000    4.36563  27.2%   292  165s
  1357   696    4.36675   53 1577    6.00000    4.36675  27.2%   311  172s
  1363   698    4.36771   55 1438    6.00000    4.36771  27.2%   333  175s
  1382   698    4.37114   59 1312    6.00000    4.37114  27.1%   356  182s
  1393   694    4.37225   61 1300    6.00000    4.37225  27.1%   378  189s
  1403   694    4.37359   64 1308    6.00000    4.37359  27.1%   390  197s
  1405   693     cutoff   64         6.00000    4.37359  27.1%   403  203s
  1408   695    4.37620   65 1402    6.00000    4.37620  27.1%   408  207s
  1417   691    4.37875   67 1910    6.00000    4.37875  27.0%   440  211s
  1436   683    4.38380   69 1082    6.00000    4.38380  26.9%   446  215s
  1464   678     cutoff   74         6.00000    4.39410  26.8%   468  233s
  1475   675    4.98562   75 1654    6.00000    4.39729  26.7%   473  237s
  1490   672    4.40171   79 1427    6.00000    4.40171  26.6%   481  240s
  1544   656    4.41375   85 1121    6.00000    4.41375  26.4%   492  247s
  1568   648     cutoff   89         6.00000    4.41757  26.4%   500  251s
  1603   639    4.42614   93 1095    6.00000    4.42614  26.2%   504  255s
  1687   618    4.44205  101  971    6.00000    4.44205  26.0%   511  263s
  1725   633    4.46616  106 1246    6.00000    4.46616  25.6%   516  267s
  1767   641    4.49167  113  940    6.00000    4.49167  25.1%   518  271s
  1817   643    4.51136  121  855    6.00000    4.51136  24.8%   519  278s
  1870   639    4.53066  129  843    6.00000    4.52122  24.6%   524  284s
  1889   640    4.60500  138  777    6.00000    4.56090  24.0%   535  288s
  1934   641    4.94810  150  878    6.00000    4.56360  23.9%   538  293s
  2003   653    4.80615  169  729    6.00000    4.56360  23.9%   536  303s
  2005   652     cutoff  169         6.00000    4.56360  23.9%   536  308s
  2077   660    5.00000  185  614    6.00000    4.56360  23.9%   533  313s
  2107   652     cutoff  193         6.00000    4.56362  23.9%   541  318s
  2166   649    4.64930   55 1838    6.00000    4.56440  23.9%   542  323s
  2237   658    4.79323   90 1418    6.00000    4.56440  23.9%   545  329s
  2309   657     cutoff  114         6.00000    4.57532  23.7%   546  335s
  2400   645    4.68129   79 1955    6.00000    4.57954  23.7%   542  340s
  2492   657    4.95825  128  510    6.00000    4.58321  23.6%   538  346s
  2578   654    4.65350   56 2452    6.00000    4.58321  23.6%   537  352s
  2693   658    4.77032   85 1748    6.00000    4.58321  23.6%   531  372s
  2746   675    4.90065  111 1301    6.00000    4.59084  23.5%   534  379s
  2834   704    4.67138   52 1866    6.00000    4.59680  23.4%   534  385s
  2921   742    4.84712  102 1392    6.00000    4.59948  23.3%   536  392s
  3017   786    4.72429   74 1338    6.00000    4.60264  23.3%   538  399s
  3146   842     cutoff   38         6.00000    4.60995  23.2%   533  406s
  3244   875    4.75517   83 1625    6.00000    4.61471  23.1%   535  415s
  3342   922     cutoff   46         6.00000    4.61587  23.1%   539  423s
  3429   929    4.92418  117 1100    6.00000    4.62208  23.0%   539  431s
  3483   894     cutoff   51         6.00000    4.64475  22.6%   546  436s
  3525   852     cutoff   56         6.00000    4.65784  22.4%   551  441s
  3567   824     cutoff   54         6.00000    4.66908  22.2%   555  455s
  3617   798     cutoff   38         6.00000    4.67705  22.0%   558  465s
  3656   757     cutoff   81         6.00000    4.68727  21.9%   564  471s
  3698   720     cutoff   67         6.00000    4.70145  21.6%   567  482s
  3737   677     cutoff   29         6.00000    4.71150  21.5%   574  490s
  3780   635     cutoff   68         6.00000    4.72127  21.3%   578  497s
  3822   593     cutoff   78         6.00000    4.73246  21.1%   580  500s
  3864   551     cutoff   80         6.00000    4.74755  20.9%   580  505s
  3948   467     cutoff   88         6.00000    4.77237  20.5%   584  512s
  3990   425     cutoff   89         6.00000    4.78792  20.2%   583  516s
  4074   350     cutoff   92         6.00000    4.81468  19.8%   580  543s
  4109   320     cutoff   31         6.00000    4.82500  19.6%   582  553s
  4141   278     cutoff  100         6.00000    4.83047  19.5%   587  559s
  4183   236     cutoff  105         6.00000    4.84599  19.2%   588  562s
  4267   152     cutoff  110         6.00000    4.87298  18.8%   584  566s
  4362    72     cutoff  130         6.00000    4.90458  18.3%   576  571s
  4446     0     cutoff   78         6.00000    4.98460  16.9%   571  575s

Cutting planes:
  Gomory: 3
  MIR: 2
  Flow cover: 3
  Zero half: 4

Explored 4476 nodes (2549334 simplex iterations) in 575.73 seconds
Thread count was 4 (of 4 available processors)

Solution count 9: 6 8 9 ... 298

Optimal solution found (tolerance 1.00e-04)
Best objective 6.000000000000e+00, best bound 6.000000000000e+00, gap 0.0000%
Warning: Q constraint 0 doesn't have a name
