
Gurobi 8.1.1 (win64) logging started 11/23/19 18:15:35

Changed value of parameter LogFile to logs/full/feas/full-07-30-0.log
   Prev: gurobi.log  Default: 
Changed value of parameter LogToConsole to 0
   Prev: 1  Min: 0  Max: 1  Default: 1
Changed value of parameter TimeLimit to 3600.0
   Prev: 1e+100  Min: 0.0  Max: 1e+100  Default: 1e+100
Optimize a model with 4641 rows, 2220 columns and 17850 nonzeros
Variable types: 0 continuous, 2220 integer (2205 binary)
Coefficient statistics:
  Matrix range     [1e+00, 6e+02]
  Objective range  [1e+00, 1e+00]
  Bounds range     [1e+00, 1e+00]
  RHS range        [1e+00, 6e+02]
Presolve time: 0.12s
Presolved: 4641 rows, 2220 columns, 17850 nonzeros
Variable types: 0 continuous, 2220 integer (2205 binary)

Root relaxation: objective 1.050000e+02, 259 iterations, 0.01 seconds

    Nodes    |    Current Node    |     Objective Bounds      |     Work
 Expl Unexpl |  Obj  Depth IntInf | Incumbent    BestBd   Gap | It/Node Time

     0     0  105.00000    0   97          -  105.00000      -     -    0s
     0     0  105.00000    0  159          -  105.00000      -     -    0s
     0     0  105.00000    0   93          -  105.00000      -     -    0s
     0     0  105.00000    0   97          -  105.00000      -     -    0s
     0     0  105.00000    0   93          -  105.00000      -     -    0s
     0     2  105.00000    0   87          -  105.00000      -     -    1s
  3194  3064  350.00000  933  130          -  111.86889      -   3.7    5s
  3230  3088 1499.00000 1056  134          -  113.67978      -   3.7   10s
  3260  3109  350.00000  897  151          -  113.84425      -  16.0   15s
  3291  3129  208.00000  454  192          -  114.19986      -  15.9   20s
  3325  3154  214.00000  827  190          -  114.28271      -  26.6   25s
  3352  3172  684.00000  949  149          -  114.65989      -  26.4   30s
  3384  3193  231.00000  623  165          -  114.96713      -  26.1   35s
  3416  3214 1024.00000 1217  171          -  115.43204      -  25.9   40s
  3440  3230  208.00000  494  177          -  115.86059      -  25.7   45s
  3474  3255  542.00000 1103  143          -  116.05619      -  59.5   50s
  3506  3277  132.00000  544  159          -  116.22333      -  63.7   55s
  3539  3299 1213.00000 1218  165          -  116.88336      -  63.1   60s
  3574  3324  542.00000 1103  149          -  117.51132      -  74.1   65s
  3606  3346  132.00000  544  141          -  117.78474      -  77.1   70s
  3644  3373  213.00000  416  141          -  118.00685      -  80.9   75s
  3680  3398  119.39190  215  112          -  119.39190      -  84.5   80s
  3718  3425 1301.00000 1046  119          -  119.75844      -  90.0   85s
  3760  3456  350.00000  897   93          -  120.20675      -  98.9   90s
  3782  3470  213.00000  423  106          -  120.20675      -  98.3   96s
  5068  3611  158.97515  188   47          -  158.97515      -  78.3  100s
  7644  3987  168.00000  237   33          -  158.97515      -  55.4  105s
* 9293  3652             426     315.0000000  158.97515  49.5%  46.5  106s
H 9389  3447                     313.0000000  158.97515  49.2%  46.1  107s
H 9394  3270                     310.0000000  158.97515  48.7%  46.1  107s
* 9437  2970             318     273.0000000  158.97515  41.8%  46.1  109s
* 9438  2780             318     266.0000000  158.97515  40.2%  46.1  109s
* 9450  2615             321     261.0000000  158.97515  39.1%  46.0  109s
  9528  2567  232.00000  214   50  261.00000  158.97515  39.1%  45.9  110s
 10430  2714  204.00000  297   93  261.00000  159.00000  39.1%  42.5  118s
 10438  2719  159.00000  355   45  261.00000  159.00000  39.1%  42.5  120s
 10521  2732  165.00000  136   34  261.00000  165.00000  36.8%  43.3  125s
H11078  2621                     246.0000000  165.00000  32.9%  42.3  129s
 11249  2622  165.00000  177   41  246.00000  165.00000  32.9%  42.0  130s
H12607  2867                     238.0000000  165.00000  30.7%  39.3  134s
 12611  2864     cutoff  241       238.00000  165.00000  30.7%  39.3  135s
H13479  2927                     237.0000000  165.00000  30.4%  38.7  138s
H13482  2795                     236.0000000  165.00000  30.1%  38.7  138s
 13962  3002     cutoff  303       236.00000  165.00000  30.1%  38.3  140s
H14615  2447                     222.0000000  165.00000  25.7%  37.3  140s
H16827  3351                     221.0000000  165.00000  25.3%  34.0  144s
 16837  3357     cutoff  496       221.00000  165.00000  25.3%  34.0  145s
 19940  5377  192.00000  321   34  221.00000  165.00000  25.3%  30.8  150s
 20798  6036  202.00000  253   93  221.00000  165.00000  25.3%  29.8  172s
 20806  6041  202.00000  289   56  221.00000  165.00000  25.3%  29.8  175s
 20816  6048  207.00000  344   59  221.00000  166.58612  24.6%  29.8  180s
 20827  6055  210.00000  417  128  221.00000  167.37055  24.3%  29.8  185s
 20839  6063  192.00000  370   94  221.00000  167.62752  24.2%  29.7  190s
 20851  6071  194.00000  364  151  221.00000  167.70329  24.1%  29.7  195s
 20872  6085  201.00000  406  114  221.00000  168.10381  23.9%  29.7  200s
 20886  6095  183.00000  205  117  221.00000  168.38030  23.8%  29.7  205s
 20894  6100  216.00000  295  146  221.00000  168.43076  23.8%  29.7  210s
 20907  6109  206.00000  307  130  221.00000  168.82520  23.6%  29.6  215s
 20930  6124  208.00000  314  175  221.00000  169.10124  23.5%  29.6  220s
 20964  6147  174.00000  336  137  221.00000  171.52419  22.4%  29.6  226s
 20976  6155  182.00000  311   67  221.00000  175.57110  20.6%  29.5  230s
 20987  6162  177.35654  413   58  221.00000  177.35654  19.7%  29.5  235s
 21000  6171  178.81936  245   57  221.00000  178.81936  19.1%  29.5  240s
 21017  6182  203.00000  307   79  221.00000  179.86374  18.6%  29.5  245s
 21042  6199  194.00000  398   72  221.00000  180.84271  18.2%  29.5  250s
H21045  5886                     213.0000000  181.00004  15.0%  29.5  252s
 21056  5893  181.81779  453   74  213.00000  181.81779  14.6%  29.4  255s
 21072  5904  201.00000  406   54  213.00000  182.53521  14.3%  29.4  260s
 21098  5921  202.00000  253   86  213.00000  184.22967  13.5%  29.4  265s
 21124  5938  185.33187  366   76  213.00000  185.33187  13.0%  29.3  270s
 21152  5957  210.00000  356   73  213.00000  186.65383  12.4%  29.3  275s
 21173  5971  187.45613  370   76  213.00000  187.45613  12.0%  29.3  281s
 21203  5991  207.00000  353   66  213.00000  188.21262  11.6%  29.2  285s
 21226  6008  203.00000  370   93  213.00000  188.86830  11.3%  34.3  290s
 21276  6041  196.19418  311   61  213.00000  196.19418  7.89%  34.2  295s
 21345  6087  198.68594  418   65  213.00000  198.68594  6.72%  34.1  300s
 21385  6114  200.53785  241   42  213.00000  200.53785  5.85%  34.0  305s
 21439  6150  202.37764  370   74  213.00000  202.37764  4.99%  34.0  310s
 21476  6175  202.49327  311   80  213.00000  202.49327  4.93%  33.9  315s
 21540  6217  203.87532  382   70  213.00000  203.87532  4.28%  33.8  320s
 21572  6239  204.03755  406  129  213.00000  204.03755  4.21%  33.8  325s
 21593  6253  204.06653  229  102  213.00000  204.06653  4.19%  33.7  330s
 21622  6272  204.11740  318   58  213.00000  204.11740  4.17%  33.7  335s
 21654  6293  204.29923  324   65  213.00000  204.29923  4.08%  33.6  340s
 21696  6321  204.64329  355   64  213.00000  204.64329  3.92%  33.6  345s

Cutting planes:
  Implied bound: 24
  MIR: 10
  Flow cover: 23
  GUB cover: 2

Explored 21885 nodes (810757 simplex iterations) in 348.38 seconds
Thread count was 4 (of 4 available processors)

Solution count 10: 213 221 222 ... 273

Optimal solution found (tolerance 1.00e-04)
Best objective 2.130000000000e+02, best bound 2.130000000000e+02, gap 0.0000%

Gurobi 8.1.1 (win64) logging started 11/23/19 18:21:24

Changed value of parameter LogFile to logs/full/feas/full-07-30-0.log
   Prev: gurobi.log  Default: 
Changed value of parameter LogToConsole to 0
   Prev: 1  Min: 0  Max: 1  Default: 1
Changed value of parameter TimeLimit to 3600.0
   Prev: 1e+100  Min: 0.0  Max: 1e+100  Default: 1e+100
Optimize a model with 2441 rows, 1166 columns and 9350 nonzeros
Variable types: 0 continuous, 1166 integer (1155 binary)
Coefficient statistics:
  Matrix range     [1e+00, 6e+02]
  Objective range  [1e+00, 1e+00]
  Bounds range     [1e+00, 1e+00]
  RHS range        [1e+00, 6e+02]
Presolve time: 0.05s
Presolved: 2441 rows, 1166 columns, 9350 nonzeros
Variable types: 0 continuous, 1166 integer (1155 binary)

Root relaxation: objective 5.500000e+01, 206 iterations, 0.01 seconds

    Nodes    |    Current Node    |     Objective Bounds      |     Work
 Expl Unexpl |  Obj  Depth IntInf | Incumbent    BestBd   Gap | It/Node Time

     0     0   55.00000    0  135          -   55.00000      -     -    0s
     0     0   55.00000    0  192          -   55.00000      -     -    0s
     0     0   55.37997    0  144          -   55.37997      -     -    0s
     0     0   59.54078    0  149          -   59.54078      -     -    0s
     0     0   59.54078    0  151          -   59.54078      -     -    0s
     0     0   61.95944    0  108          -   61.95944      -     -    0s
     0     0   61.95944    0  100          -   61.95944      -     -    0s
     0     0   63.02332    0  106          -   63.02332      -     -    0s
     0     0   63.02332    0  110          -   63.02332      -     -    0s
     0     0   63.58889    0  118          -   63.58889      -     -    0s
     0     0   63.58889    0  120          -   63.58889      -     -    0s
     0     0   63.77009    0  118          -   63.77009      -     -    0s
     0     0   63.77009    0  124          -   63.77009      -     -    0s
     0     0   64.33995    0  147          -   64.33995      -     -    0s
     0     0   64.37961    0  146          -   64.37961      -     -    0s
     0     0   64.37961    0  144          -   64.37961      -     -    0s
     0     0   64.40317    0  138          -   64.40317      -     -    0s
     0     0   64.40317    0  144          -   64.40317      -     -    0s
     0     0   64.46356    0  109          -   64.46356      -     -    0s
     0     0   64.46356    0  107          -   64.46356      -     -    0s
     0     0   64.49871    0  139          -   64.49871      -     -    0s
     0     0   64.49871    0  107          -   64.49871      -     -    0s
H    0     0                     304.0000000   64.49871  78.8%     -    0s
     0     2   64.49871    0   97  304.00000   64.49871  78.8%     -    0s
  1116   912  123.00000   50   84  304.00000  120.00000  60.5%  27.6    5s
H 3201  1748                     298.0000000  121.00000  59.4%  33.0    8s
  5251  3256  279.00000  126   40  298.00000  121.00000  59.4%  22.2   10s
 11257  8150  245.00000  216   53  298.00000  121.00000  59.4%  13.8   15s
 14925 10805  239.00000   50  107  298.00000  121.00000  59.4%  12.3   32s
 14944 10818  213.00000  232   48  298.00000  121.00000  59.4%  12.3   35s
 14972 10824  121.00000   27   49  298.00000  121.00000  59.4%  13.1   40s
 15072 10864  121.00000   44   50  298.00000  121.00000  59.4%  14.1   45s
 15635 10928  251.00000   61   72  298.00000  121.00000  59.4%  15.3   50s
 16713 11402  236.00000  105   42  298.00000  123.00000  58.7%  15.6   55s
*16822 10879              70     293.0000000  123.00000  58.0%  15.7   55s
 22189 13370  237.00000   65   56  293.00000  134.90845  54.0%  14.1   60s
 28204 15836 infeasible   92       293.00000  140.00000  52.2%  13.1   65s
 33441 17246  167.00000   60   85  293.00000  143.06721  51.2%  12.9   70s
 38782 18386  203.00000  134   34  293.00000  149.00000  49.1%  12.6   75s
 45204 20642  151.00000   64   42  293.00000  151.00000  48.5%  12.1   80s
 51396 24614     cutoff   87       293.00000  152.00000  48.1%  12.0   86s
 57840 29357 infeasible  212       293.00000  153.00000  47.8%  11.4   90s
 61094 31273  235.00000   81   59  293.00000  154.04542  47.4%  11.6   95s
 65897 34145  192.00000  185   65  293.00000  155.00000  47.1%  11.4  100s
 72202 37916  263.00000  136   25  293.00000  157.00000  46.4%  11.2  105s
 79486 42869     cutoff   98       293.00000  159.00000  45.7%  10.9  110s
 84556 45909  222.00000  186   50  293.00000  160.00000  45.4%  10.8  115s
*89467 48840             138     290.0000000  160.00000  44.8%  10.7  119s
 90287 49272  193.00000  145   43  290.00000  161.00000  44.5%  10.7  120s
 95815 53222  231.73767  110   53  290.00000  161.00000  44.5%  10.5  125s
 102288 56608     cutoff  206       290.00000  163.00000  43.8%  10.4  130s
 107593 60016  193.00000   83   60  290.00000  164.00000  43.4%  10.4  135s
 112575 63050  192.00000  125   54  290.00000  164.00000  43.4%  10.4  140s
 117679 65871  183.93684  104   58  290.00000  165.00000  43.1%  10.3  145s
H119735 56034                     263.0000000  165.00000  37.3%  10.3  146s
 122626 57323  215.00000   96   41  263.00000  166.00000  36.9%  10.3  150s
 125050 58687  184.00000  145  107  263.00000  166.00000  36.9%  10.2  166s
 125065 58697  260.00000  102  133  263.00000  166.00000  36.9%  10.2  170s
 125078 58706  202.00000  108  163  263.00000  166.00000  36.9%  10.2  175s
 125098 58719  247.00000  213  270  263.00000  166.00000  36.9%  10.2  180s
 125118 58732  210.00000   92  308  263.00000  166.00000  36.9%  10.2  185s
 125137 58745  167.58824   95  216  263.00000  166.00000  36.9%  10.2  190s
 125154 58756  210.00000  113  277  263.00000  166.00000  36.9%  10.2  195s
 125170 58767  239.00000  184  263  263.00000  166.00000  36.9%  10.2  200s
 125192 58782  208.00000   75  325  263.00000  166.00000  36.9%  10.2  205s
 125199 58785  166.00000   36  144  263.00000  166.00000  36.9%  10.5  210s
 125219 58786  227.00000   41   46  263.00000  166.00000  36.9%  10.5  215s
 125325 58813  166.00000   61   96  263.00000  166.00000  36.9%  10.6  220s
 125582 58845  166.00000   89   46  263.00000  166.00000  36.9%  10.9  225s
 125815 58931  248.00000  157   53  263.00000  166.00000  36.9%  11.2  230s
 126476 59051  166.00000   82   62  263.00000  166.00000  36.9%  11.5  235s
H127070 56088                     230.0000000  166.00000  27.8%  11.6  238s
 128316 56444  166.00000   96   59  230.00000  166.00000  27.8%  11.6  240s
 132321 57955  166.00000   83   67  230.00000  166.00000  27.8%  11.7  246s
 136871 59639  201.00000  137   40  230.00000  166.00000  27.8%  11.8  250s
 139832 60322  175.00000   78  189  230.00000  166.00000  27.8%  11.9  255s
 139853 60336  174.00000   98  268  230.00000  166.00000  27.8%  11.9  260s
 139874 60350  215.00000  120  233  230.00000  166.00000  27.8%  11.9  265s
 139895 60364  186.00000  122  245  230.00000  166.00000  27.8%  11.9  270s
 139910 60374  184.00000   72  281  230.00000  166.00000  27.8%  11.9  275s
 139931 60388  189.00000  110  292  230.00000  166.00000  27.8%  11.9  280s
 139946 60398  223.00000  169  257  230.00000  166.00000  27.8%  11.9  285s
 139968 60413  197.00000   93  241  230.00000  166.00000  27.8%  11.9  290s
 139984 60423  193.00000  104  251  230.00000  166.00000  27.8%  11.9  295s
H139987 57401                     229.0000000  166.00000  27.5%  12.0  298s
 140000 57402  166.00000   51  212  229.00000  166.00000  27.5%  12.0  300s
 140050 57396 infeasible   59       229.00000  166.00000  27.5%  12.1  305s
 140254 57432  199.00000   84   39  229.00000  166.00000  27.5%  12.2  311s
 140516 57511  178.00000  120   47  229.00000  166.00000  27.5%  12.4  315s
 140959 57598  170.00000  101   39  229.00000  166.00000  27.5%  12.5  320s
 143419 58413     cutoff  157       229.00000  166.00000  27.5%  12.6  325s
 144474 58642  166.00000  107   57  229.00000  166.00000  27.5%  12.7  330s
 148809 59769  166.00000   88   57  229.00000  166.00000  27.5%  12.7  335s
 152662 60701  166.00000   89  121  229.00000  166.00000  27.5%  12.8  340s
 154860 61129  179.00000  160   48  229.00000  166.00000  27.5%  12.9  345s
 158742 62077  167.00000  112   37  229.00000  166.00000  27.5%  13.0  350s
 162318 62778     cutoff  140       229.00000  166.00000  27.5%  13.1  355s
 166036 63198  208.00000   97   35  229.00000  166.00000  27.5%  13.2  360s
 169647 63658  173.33572  121   63  229.00000  166.00000  27.5%  13.3  365s
 171291 63982  179.00000  172   47  229.00000  166.00000  27.5%  13.4  370s
 174767 64456  209.00000  183   45  229.00000  166.00000  27.5%  13.4  375s
 177978 64749  181.00000   81   53  229.00000  166.03133  27.5%  13.6  380s
 181833 65238  198.00000  111   41  229.00000  168.00000  26.6%  13.6  385s
 185331 65577 infeasible  103       229.00000  169.00000  26.2%  13.7  390s
 189517 66220  173.00000  104   40  229.00000  170.00000  25.8%  13.8  395s
 192534 66611 infeasible  176       229.00000  170.00000  25.8%  13.9  400s
 197106 67318 infeasible  122       229.00000  171.00000  25.3%  13.9  405s
 200494 67652  190.00000  111   35  229.00000  172.00000  24.9%  14.0  410s
 203933 68118  207.92000  109   44  229.00000  172.00000  24.9%  14.0  415s
 207379 68209  181.00000  153   37  229.00000  173.00000  24.5%  14.1  420s
 209374 68544     cutoff  162       229.00000  173.00000  24.5%  14.1  426s
 210348 68746 infeasible   81       229.00000  173.00000  24.5%  14.1  430s
 215040 69506  176.34762  116   69  229.00000  174.00000  24.0%  14.1  435s
*215181 66390             140     228.0000000  174.00000  23.7%  14.1  435s
 218810 66761  177.00000  121   41  228.00000  174.00000  23.7%  14.1  440s
 222150 66489  181.00000  135   57  228.00000  175.00000  23.2%  14.2  445s
*222942 63572             121     227.0000000  175.00000  22.9%  14.2  446s
*224154 60921             113     226.0000000  175.00000  22.6%  14.3  448s
 224750 60912  181.00000  109   44  226.00000  175.00000  22.6%  14.3  450s
 228402 61715  175.00000  131   48  226.00000  175.00000  22.6%  14.4  455s
 232368 61957 infeasible  205       226.00000  175.00000  22.6%  14.4  460s
 235545 61939 infeasible   87       226.00000  176.00000  22.1%  14.5  465s
 238319 62018  196.00000  138   33  226.00000  176.00000  22.1%  14.6  470s
 242327 61967     cutoff  124       226.00000  176.00000  22.1%  14.7  475s
 243033 61999  224.00000  147  107  226.00000  176.00000  22.1%  14.6  522s
 243049 62010  215.00000   95  190  226.00000  176.00000  22.1%  14.6  525s
 243073 62026  191.00000  146  222  226.00000  176.00000  22.1%  14.6  530s
 243097 62042  221.00000  214  235  226.00000  176.00000  22.1%  14.6  535s
 243121 62058  214.00000  145  216  226.00000  176.00000  22.1%  14.6  540s
 243132 62065  176.00000   58  185  226.00000  176.00000  22.1%  14.7  545s
 243181 62068  176.00000   67   77  226.00000  176.00000  22.1%  14.7  550s
 243393 62099  176.00000  100   59  226.00000  176.00000  22.1%  14.8  555s
 243876 62146  187.00000   91   42  226.00000  176.00000  22.1%  14.9  560s
 246158 62600     cutoff  147       226.00000  176.00000  22.1%  14.9  565s
 250972 63900  176.00000   93   33  226.00000  176.00000  22.1%  14.9  570s
 257476 65756 infeasible   93       226.00000  176.00000  22.1%  14.9  575s
 262171 66736 infeasible  106       226.00000  176.00000  22.1%  14.9  580s
 266442 67466 infeasible  108       226.00000  176.00000  22.1%  14.9  585s
 270910 68167  201.31789  103   40  226.00000  176.00000  22.1%  14.9  590s
 274332 68571  195.21377  107   48  226.00000  176.00000  22.1%  14.9  595s
 279770 69657  176.00000   71   43  226.00000  176.00000  22.1%  14.9  600s
 285412 70873  217.00000  116   28  226.00000  176.00000  22.1%  14.9  605s
 290652 71912  184.00000  191   52  226.00000  176.00000  22.1%  14.9  610s
 294911 72159  176.00000  125   50  226.00000  176.00000  22.1%  14.9  615s
 300019 72722  192.00000  144   70  226.00000  176.00000  22.1%  15.0  620s
 304018 73019  179.86984  117   58  226.00000  176.00000  22.1%  15.0  625s
 304980 72993  195.00000   93   42  226.00000  176.00000  22.1%  15.0  630s
 310140 73082  183.00000  126   39  226.00000  176.00000  22.1%  15.0  635s
 314473 73604 infeasible  149       226.00000  176.00000  22.1%  15.0  640s
 320135 74768 infeasible   96       226.00000  176.00000  22.1%  14.9  645s
 323717 74848  191.00000  160   52  226.00000  176.00000  22.1%  14.9  650s
 328303 74488  189.00000   95   53  226.00000  176.00000  22.1%  14.9  655s
*330052 70833             118     224.0000000  176.00000  21.4%  14.9  658s
*330758 67517             144     223.0000000  176.00000  21.1%  14.9  659s
 331127 67545  189.00000  147  107  223.00000  176.00000  21.1%  14.9  710s
 331160 67567  207.00000  164  181  223.00000  176.00000  21.1%  14.9  715s
 331185 67584  208.00000  157  193  223.00000  176.00000  21.1%  14.9  720s
 331204 67595  176.00000   67  169  223.00000  176.00000  21.1%  15.0  725s
 331283 67610  176.00000   78   60  223.00000  176.00000  21.1%  15.0  730s
H331453 64227                     217.0000000  176.00000  18.9%  15.1  734s
 331491 64224  176.00000   99  163  217.00000  176.00000  18.9%  15.1  735s
 332327 64449 infeasible  178       217.00000  176.00000  18.9%  15.2  740s
 335165 64916 infeasible   94       217.00000  176.00000  18.9%  15.2  745s
H335470 61702                     216.0000000  176.00000  18.5%  15.2  745s
 340400 62769 infeasible   96       216.00000  176.00000  18.5%  15.2  750s
 346977 64474     cutoff  142       216.00000  176.00000  18.5%  15.1  755s
H348312 61757                     215.0000000  176.00000  18.1%  15.1  757s
 351397 62393  176.00000   79   70  215.00000  176.00000  18.1%  15.1  760s
 352958 62765  188.00000  109  185  215.00000  176.00000  18.1%  15.1  765s
 352985 62783  176.00000  112  203  215.00000  176.00000  18.1%  15.1  770s
 353005 62796  190.00000  101  175  215.00000  176.00000  18.1%  15.1  775s
 353031 62814  192.00000  114  194  215.00000  176.00000  18.1%  15.1  781s
 353044 62822  176.00000   96  207  215.00000  176.00000  18.1%  15.1  785s
 353063 62835  176.00000   92  185  215.00000  176.00000  18.1%  15.1  790s
 353084 62849  183.00000   87  165  215.00000  176.00000  18.1%  15.1  795s
 353103 62862  186.00000   88  204  215.00000  176.00000  18.1%  15.1  800s
 353117 62871  176.00000   97  207  215.00000  176.00000  18.1%  15.1  805s
 353126 62878  176.00000   80  179  215.00000  176.00000  18.1%  15.2  810s
 353166 62874  176.00000   86   42  215.00000  176.00000  18.1%  15.2  815s
 353250 62884  176.00000   96   89  215.00000  176.00000  18.1%  15.2  820s
 353477 62932  189.00000  114   54  215.00000  176.00000  18.1%  15.3  825s
 353891 62981  190.27937  177   58  215.00000  176.00000  18.1%  15.3  830s
 354848 63011  176.00000   93   51  215.00000  176.00000  18.1%  15.4  835s
 356601 63269     cutoff  108       215.00000  176.00000  18.1%  15.4  840s
 358605 63564  176.00000  116   53  215.00000  176.00000  18.1%  15.5  845s
 360480 64096     cutoff  142       215.00000  176.00000  18.1%  15.5  850s
 361263 64359  177.00000  130   45  215.00000  176.00000  18.1%  15.5  856s
*361386 60956             136     208.0000000  176.00000  15.4%  15.5  857s
 361866 60942  176.00000   88   79  208.00000  176.00000  15.4%  15.6  860s
 363783 60887  176.00000  136   60  208.00000  176.00000  15.4%  15.7  865s
 365999 60850  185.00000  104   45  208.00000  176.00000  15.4%  15.7  870s
 367840 60824  198.00000  137  107  208.00000  176.00000  15.4%  15.8  931s
 367866 60841  195.00000  149  207  208.00000  176.00000  15.4%  15.8  935s
 367876 60850  176.00000   94  191  208.00000  176.00000  15.4%  15.8  940s
 367905 60849  176.00000  101  160  208.00000  176.00000  15.4%  15.8  945s
 367973 60843  176.00000  107   55  208.00000  176.00000  15.4%  15.8  950s
*368142 57782             138     202.0000000  176.00000  12.9%  15.9  954s
*368148 54889             142     200.0000000  176.00000  12.0%  15.9  954s
 368224 54892  176.00000  134   52  200.00000  176.00000  12.0%  15.9  955s
 368794 54887 infeasible  161       200.00000  176.00000  12.0%  15.9  960s
 369928 54976  176.00000  128   65  200.00000  176.00000  12.0%  16.0  965s
 371124 54974  176.00000  164   75  200.00000  176.00000  12.0%  16.0  970s
 372898 55024     cutoff  124       200.00000  176.00000  12.0%  16.1  975s
 374799 54371     cutoff  127       200.00000  176.00000  12.0%  16.2  980s
 375333 54185     cutoff  156       200.00000  176.00000  12.0%  16.2  985s
 376367 53537  185.00000  139   35  200.00000  176.00000  12.0%  16.3  990s
 378326 52324  188.00000  145   37  200.00000  185.00000  7.50%  16.3  995s
*380237 48046             145     199.0000000  199.00000  0.00%  16.4  999s

Cutting planes:
  Gomory: 66
  Implied bound: 59
  MIR: 38
  StrongCG: 1
  Flow cover: 48
  Zero half: 2

Explored 380254 nodes (6243373 simplex iterations) in 999.67 seconds
Thread count was 4 (of 4 available processors)

Solution count 10: 199 200 202 ... 226

Optimal solution found (tolerance 1.00e-04)
Best objective 1.990000000000e+02, best bound 1.990000000000e+02, gap 0.0000%

Gurobi 8.1.1 (win64) logging started 11/23/19 18:38:04

Changed value of parameter LogFile to logs/full/feas/full-07-30-0.log
   Prev: gurobi.log  Default: 
Changed value of parameter LogToConsole to 0
   Prev: 1  Min: 0  Max: 1  Default: 1
Changed value of parameter TimeLimit to 3600.0
   Prev: 1e+100  Min: 0.0  Max: 1e+100  Default: 1e+100
Optimize a model with 1605 rows, 765 columns and 6120 nonzeros
Variable types: 0 continuous, 765 integer (756 binary)
Coefficient statistics:
  Matrix range     [1e+00, 6e+02]
  Objective range  [1e+00, 1e+00]
  Bounds range     [1e+00, 1e+00]
  RHS range        [1e+00, 6e+02]
Presolve time: 0.02s
Presolved: 1605 rows, 765 columns, 6120 nonzeros
Variable types: 0 continuous, 765 integer (756 binary)

Root relaxation: objective 3.600000e+01, 229 iterations, 0.00 seconds

    Nodes    |    Current Node    |     Objective Bounds      |     Work
 Expl Unexpl |  Obj  Depth IntInf | Incumbent    BestBd   Gap | It/Node Time

     0     0   36.00000    0  180          -   36.00000      -     -    0s
     0     0   39.35951    0  165          -   39.35951      -     -    0s
     0     0   45.66056    0  141          -   45.66056      -     -    0s
     0     0   45.66056    0  141          -   45.66056      -     -    0s
     0     0   45.88159    0  128          -   45.88159      -     -    0s
     0     0   45.88159    0  132          -   45.88159      -     -    0s
     0     0   46.28934    0  147          -   46.28934      -     -    0s
     0     0   46.29055    0  144          -   46.29055      -     -    0s
     0     0   46.51806    0  147          -   46.51806      -     -    0s
     0     0   46.51806    0  151          -   46.51806      -     -    0s
     0     0   46.55065    0  179          -   46.55065      -     -    0s
     0     0   46.55200    0  177          -   46.55200      -     -    0s
     0     0   46.55638    0  152          -   46.55638      -     -    0s
     0     0   46.55638    0  142          -   46.55638      -     -    0s
     0     2   46.55638    0  120          -   46.55638      -     -    0s
  4393  2405 infeasible  328               -  105.00000      -  16.2    5s
 20896 15584  406.00000   86   52          -  107.00000      -   8.5   14s
 24958 19108  474.00000  193   41          -  107.00000      -   7.9   15s
 44980 35704  409.00000  187   43          -  110.00000      -   6.7   20s
H63147 25811                     300.0000000  115.00000  61.7%   6.3   24s
H63323 24909                     291.0000000  115.00000  60.5%   6.3   24s
 63338 24912  215.00000  107   62  291.00000  115.00000  60.5%   6.3   25s
H63516 24347                     285.0000000  115.00000  59.6%   6.3   25s
 71801 28632 infeasible  178       285.00000  124.00000  56.5%   6.8   30s
H76407 30451                     282.0000000  126.46390  55.2%   7.1   32s
 83375 34257  143.00000  110   46  282.00000  131.00000  53.5%   7.3   35s
 93816 39773     cutoff  142       282.00000  135.00000  52.1%   7.6   40s
 105790 47125     cutoff  129       282.00000  136.00000  51.8%   7.8   45s
 116627 53592  165.00000   88   58  282.00000  137.00000  51.4%   8.0   50s
 125546 58542  162.04330   80   57  282.00000  138.00000  51.1%   8.2   55s
 133196 63085     cutoff  168       282.00000  139.00000  50.7%   8.4   60s
 138360 65892  139.00000  148  102  282.00000  139.00000  50.7%   8.5   65s
 145377 69360  192.00000   98   55  282.00000  140.00000  50.4%   8.7   70s
 150656 72350 infeasible  110       282.00000  141.00000  50.0%   8.8   75s
 158867 76244  148.00000  141   52  282.00000  141.29686  49.9%   8.9   80s
 168124 81381 infeasible  134       282.00000  143.00000  49.3%   9.0   85s
 175488 84762  163.00000   88   48  282.00000  143.48435  49.1%   9.2   90s
 184528 89654  180.00000   62   81  282.00000  144.00000  48.9%   9.3   95s
 193268 94427  159.00000  183   81  282.00000  145.00000  48.6%   9.3  100s
 200838 97811  210.00000   61   40  282.00000  146.00000  48.2%   9.4  105s
 206784 99978 infeasible   39       282.00000  147.00000  47.9%   9.5  110s
 215223 104054  240.00000   73   30  282.00000  148.00000  47.5%   9.6  115s
 220791 106514  157.00000   92   52  282.00000  149.00000  47.2%   9.6  120s
 227945 109785  164.00000   60   33  282.00000  150.00000  46.8%   9.7  125s
 237190 114071  164.00000  116   98  282.00000  150.61784  46.6%   9.6  130s
 246796 118964 infeasible   93       282.00000  151.00000  46.5%   9.6  135s
 252687 121370  186.00000   93   35  282.00000  152.00000  46.1%   9.6  140s
 258431 123092 infeasible  115       282.00000  153.00000  45.7%   9.7  145s
 267273 126826  161.09671  104   34  282.00000  154.00000  45.4%   9.7  150s
 276098 130276 infeasible   69       282.00000  155.00000  45.0%   9.6  155s
 283997 133422  263.03937   74   82  282.00000  155.00000  45.0%   9.7  160s
 291814 136275 infeasible  228       282.00000  156.00000  44.7%   9.6  165s
 300307 140012 infeasible   62       282.00000  157.00000  44.3%   9.6  170s
 308889 142949 infeasible  154       282.00000  158.00000  44.0%   9.6  175s
 317017 146956 infeasible  104       282.00000  158.00000  44.0%   9.6  180s
 324245 149474  178.00000   88   29  282.00000  159.00000  43.6%   9.6  185s
 332410 152860  223.00000   67   45  282.00000  159.00000  43.6%   9.5  191s
 333233 153255  173.00000  138  142  282.00000  159.00000  43.6%   9.5  217s
 333252 153268  212.00000   98   95  282.00000  159.00000  43.6%   9.5  220s
 333296 153297  249.00000  198  117  282.00000  159.00000  43.6%   9.5  225s
 333305 153299  159.00000   28  109  282.00000  159.00000  43.6%   9.6  231s
 333313 153295  177.52483   29  199  282.00000  159.00000  43.6%   9.7  235s
 333338 153292  177.65992   36  195  282.00000  159.00000  43.6%   9.7  240s
 333567 153376  185.67543   72  105  282.00000  159.00000  43.6%   9.7  245s
 334156 153666  188.00000  147   59  282.00000  159.00000  43.6%   9.8  250s
 336976 155024  159.00000   61  121  282.00000  159.00000  43.6%   9.9  255s
H340975 149263                     257.0000000  159.00000  38.1%  10.1  259s
 341203 149383  159.00000  136  160  257.00000  159.00000  38.1%  10.1  260s
 347001 152552  224.00000  100   37  257.00000  159.00000  38.1%  10.2  265s
 354256 156432  159.00000   79  142  257.00000  159.00000  38.1%  10.3  271s
 354284 156451  159.00000  273  145  257.00000  159.00000  38.1%  10.3  275s
 354297 156459  159.00000   40  144  257.00000  159.00000  38.1%  10.3  281s
 354310 156456  159.00000   49  145  257.00000  159.00000  38.1%  10.3  285s
 354353 156459 infeasible   55       257.00000  159.00000  38.1%  10.3  290s
 354587 156550  159.00000   73   53  257.00000  159.00000  38.1%  10.4  295s
 355284 156730  159.00000  104  135  257.00000  159.00000  38.1%  10.5  300s
 357404 157652  159.00000  270  115  257.00000  159.00000  38.1%  10.6  305s
 359985 158824     cutoff  215       257.00000  159.00000  38.1%  10.8  310s
 362225 159878     cutoff  344       257.00000  159.00000  38.1%  11.0  315s
 367070 162082  159.00000  326   75  257.00000  159.00000  38.1%  11.1  320s
 371649 164664  200.55892  184   89  257.00000  159.00000  38.1%  11.3  325s
 375796 166711  159.00000  143   96  257.00000  159.00000  38.1%  11.5  330s
 380201 168599  159.00000  219   80  257.00000  159.00000  38.1%  11.6  335s
 384908 171047     cutoff  136       257.00000  159.00000  38.1%  11.8  340s
 388203 172453 infeasible  270       257.00000  159.00000  38.1%  12.0  345s
 391052 173968  159.00000  284  107  257.00000  159.00000  38.1%  12.1  350s
 395938 176255  159.00000  244  127  257.00000  159.00000  38.1%  12.3  355s
 399816 178060  160.00000  116   64  257.00000  159.00000  38.1%  12.4  360s
 404737 180155  227.00000  236   51  257.00000  159.00000  38.1%  12.6  365s
 408296 181433  159.00000  178   51  257.00000  159.00000  38.1%  12.7  370s
 412586 182804  165.00000  173   51  257.00000  159.00000  38.1%  12.8  375s
 417278 184515  159.00000  153   78  257.00000  159.00000  38.1%  12.9  380s
 422188 186657  159.00000  172  102  257.00000  159.00000  38.1%  13.0  385s
 425852 188104  159.00000  136   94  257.00000  159.00000  38.1%  13.1  390s
 431290 190347  159.00000  156  131  257.00000  159.00000  38.1%  13.2  395s
 435784 192150  197.00000  106   35  257.00000  159.00000  38.1%  13.3  400s
 439666 193735  159.00000  418   49  257.00000  159.00000  38.1%  13.4  405s
 443869 195138  159.00000  176   52  257.00000  159.00000  38.1%  13.4  410s
 448183 196328  209.00000  165   35  257.00000  159.00000  38.1%  13.5  415s
 451651 197449  169.02857  193   58  257.00000  159.00000  38.1%  13.6  420s
 458339 199926  181.16279  174   54  257.00000  159.00000  38.1%  13.7  425s
 462058 200888 infeasible  392       257.00000  159.00000  38.1%  13.7  430s
 465555 201832  200.00000  346   46  257.00000  159.00000  38.1%  13.8  435s
 470855 203679  168.00000  282   52  257.00000  159.00000  38.1%  13.9  440s
 473633 204724  159.00000  130   88  257.00000  159.00000  38.1%  14.0  445s
 478088 206253  196.00000  277   31  257.00000  159.00000  38.1%  14.1  450s
 480389 207204 infeasible  204       257.00000  159.00000  38.1%  14.1  455s
 486322 209324  185.00000  392   63  257.00000  159.00000  38.1%  14.2  460s
 490702 211286  159.00000  277   71  257.00000  159.00000  38.1%  14.2  465s
 495484 212987  165.00000  367   43  257.00000  159.00000  38.1%  14.3  470s
 501203 215250 infeasible  134       257.00000  159.00000  38.1%  14.3  475s
 505323 216489  159.00000  156   64  257.00000  159.00000  38.1%  14.4  480s
 510235 217931  161.75137  238   39  257.00000  159.00000  38.1%  14.5  485s
 513203 218921  159.00000  177   41  257.00000  159.00000  38.1%  14.5  490s
 517616 220441 infeasible  354       257.00000  159.00000  38.1%  14.6  495s
 522391 222349  162.00000  289   59  257.00000  159.00000  38.1%  14.6  500s
 528111 224493  231.77941  229   45  257.00000  159.00000  38.1%  14.7  505s
 532804 225810     cutoff  311       257.00000  159.00000  38.1%  14.7  510s
 536506 227170     cutoff  277       257.00000  159.00000  38.1%  14.8  515s
 541144 228870     cutoff  253       257.00000  159.00000  38.1%  14.8  520s
 545623 230512 infeasible  376       257.00000  159.00000  38.1%  14.9  525s
 550233 231854 infeasible  395       257.00000  159.00000  38.1%  14.9  530s
 553952 233276     cutoff  101       257.00000  159.00000  38.1%  15.0  535s
 558299 234776  159.00000  281   49  257.00000  159.00000  38.1%  15.0  540s
 562720 236386  159.00000  267   83  257.00000  159.00000  38.1%  15.1  545s
 566623 237738  166.00000  217   55  257.00000  159.00000  38.1%  15.2  550s
 572468 240136  221.00000  238   51  257.00000  159.00000  38.1%  15.2  555s
 576479 241844  159.00000  319   94  257.00000  159.00000  38.1%  15.2  562s
 577570 242213     cutoff  154       257.00000  159.00000  38.1%  15.3  565s
 582331 243401     cutoff  346       257.00000  159.00000  38.1%  15.3  570s
 585603 244025  159.00000  192   70  257.00000  159.00000  38.1%  15.4  575s
 590256 245578  172.00000  250   55  257.00000  159.00000  38.1%  15.4  580s
 595483 247718 infeasible  248       257.00000  159.00000  38.1%  15.5  585s
 599739 248995  186.00000  222   44  257.00000  159.00000  38.1%  15.5  590s
 604081 249539  200.76667  282   45  257.00000  159.00000  38.1%  15.6  595s
 607353 250325  159.00000  276   44  257.00000  159.00000  38.1%  15.6  600s
 610880 251298  159.00000  154   65  257.00000  159.00000  38.1%  15.6  605s
 615324 252806  159.00000  383   54  257.00000  159.00000  38.1%  15.7  610s
 620612 254989     cutoff  287       257.00000  159.00000  38.1%  15.7  615s
 625558 255780  159.00000   98   44  257.00000  159.00000  38.1%  15.7  620s
 630938 257525     cutoff  220       257.00000  159.00000  38.1%  15.8  625s
 636188 258865 infeasible  159       257.00000  159.00000  38.1%  15.8  630s
 639789 259383  200.82849  358   54  257.00000  159.00000  38.1%  15.8  635s
 643535 260080  192.00000  314   50  257.00000  159.00000  38.1%  15.9  640s
 648094 261190 infeasible  355       257.00000  159.00000  38.1%  16.0  645s
 649841 260827 infeasible  197       257.00000  159.00000  38.1%  16.0  650s
 653561 261281 infeasible  142       257.00000  159.00000  38.1%  16.0  655s
 658784 263085  161.00000  162   38  257.00000  159.00000  38.1%  16.0  660s
 663461 264296     cutoff  155       257.00000  159.00000  38.1%  16.1  665s
 668713 265753 infeasible  294       257.00000  159.00000  38.1%  16.1  670s
 672361 266327  159.00000  262   49  257.00000  159.00000  38.1%  16.2  675s
 679280 268206  211.17778  258   42  257.00000  159.00000  38.1%  16.2  680s
 685243 270136  159.00000  257   56  257.00000  159.00000  38.1%  16.2  685s
 691876 272401  207.00000  271   36  257.00000  159.00000  38.1%  16.2  690s
 698635 274688 infeasible  171       257.00000  159.00000  38.1%  16.3  695s
 702075 275288 infeasible  223       257.00000  159.00000  38.1%  16.3  700s
 708517 276902  159.00000  309   52  257.00000  159.00000  38.1%  16.3  705s
 715020 279053     cutoff  153       257.00000  159.00000  38.1%  16.3  710s
 721432 281040 infeasible  223       257.00000  159.00000  38.1%  16.3  715s
 724545 282175  159.00000  122   54  257.00000  159.00000  38.1%  16.3  720s
 730871 283937     cutoff  199       257.00000  159.00000  38.1%  16.4  725s
 737877 286155     cutoff  288       257.00000  159.00000  38.1%  16.4  730s
 745065 288249  174.00000  369   42  257.00000  159.00000  38.1%  16.4  735s
 751990 289780  173.87011  239   68  257.00000  159.00000  38.1%  16.4  740s
 758556 292017     cutoff  396       257.00000  159.00000  38.1%  16.4  745s
 764604 293601  187.00000  242   47  257.00000  159.00000  38.1%  16.4  750s
 771264 295768 infeasible  218       257.00000  159.00000  38.1%  16.4  755s
 775182 296958     cutoff  219       257.00000  159.00000  38.1%  16.5  760s
 780757 297851 infeasible  307       257.00000  159.00000  38.1%  16.5  765s
 786421 299360  159.00000  287   85  257.00000  159.00000  38.1%  16.5  770s
 793899 302515  235.15385  357   47  257.00000  159.00000  38.1%  16.5  775s
 799302 304302  168.48960  219   52  257.00000  159.00000  38.1%  16.5  780s
 805865 306061     cutoff  337       257.00000  159.00000  38.1%  16.5  785s
 808975 307113  188.00000  249   40  257.00000  159.00000  38.1%  16.5  790s
 814820 308427 infeasible  279       257.00000  159.00000  38.1%  16.6  795s
 819421 309736  192.00000  320   44  257.00000  159.00000  38.1%  16.6  800s
 825908 312619  159.00000  292   69  257.00000  159.00000  38.1%  16.6  805s
 831885 316676 infeasible  334       257.00000  159.00000  38.1%  16.6  810s
 837631 319913 infeasible  218       257.00000  159.00000  38.1%  16.6  815s
 843087 323122  159.00000  173   70  257.00000  159.00000  38.1%  16.6  820s
 850296 328343  159.00000  255   46  257.00000  159.00000  38.1%  16.6  825s
 856104 332152  168.00000  266   50  257.00000  159.00000  38.1%  16.6  830s
 861460 335493  161.00000  296   42  257.00000  159.00000  38.1%  16.7  835s
 867453 338829     cutoff  194       257.00000  159.00000  38.1%  16.7  840s
 872223 341748  203.00000  129   38  257.00000  159.00000  38.1%  16.7  845s
 877428 345095  196.00000  209   52  257.00000  159.00000  38.1%  16.7  850s
 883464 348508  159.00000  351   48  257.00000  159.00000  38.1%  16.7  855s
 887314 350489 infeasible  158       257.00000  159.00000  38.1%  16.7  860s
 893093 353666 infeasible  333       257.00000  159.00000  38.1%  16.7  865s
 898907 357084 infeasible  173       257.00000  159.00000  38.1%  16.7  870s
 904779 360879  206.00000  304   55  257.00000  159.00000  38.1%  16.7  875s
 910885 365141  229.16481  284   51  257.00000  159.00000  38.1%  16.7  880s
 914992 366901 infeasible  179       257.00000  159.00000  38.1%  16.8  885s
 921226 370657 infeasible  197       257.00000  159.00000  38.1%  16.8  890s
 926699 374332  171.00000  154   58  257.00000  159.00000  38.1%  16.8  895s
 931877 377847     cutoff  393       257.00000  159.00000  38.1%  16.8  900s
 937273 381067 infeasible  181       257.00000  159.00000  38.1%  16.8  905s
 940426 382423     cutoff  170       257.00000  159.00000  38.1%  16.8  910s
 946378 385982  168.00027  216   56  257.00000  159.00000  38.1%  16.8  915s
 952508 390220 infeasible  197       257.00000  159.00000  38.1%  16.8  920s
 957995 393949  176.00000  247   46  257.00000  159.00000  38.1%  16.8  925s
 964778 398545  159.00000  162   48  257.00000  159.00000  38.1%  16.8  930s
 970629 402928 infeasible  307       257.00000  159.00000  38.1%  16.8  935s
 976136 405964  202.00000  167   64  257.00000  159.00000  38.1%  16.8  940s
 983321 410189 infeasible  375       257.00000  159.00000  38.1%  16.8  945s
 990694 415909 infeasible  108       257.00000  159.00000  38.1%  16.8  950s
 996454 419925  159.00000  349   45  257.00000  159.00000  38.1%  16.8  955s
 1001710 422685  195.00000  234   54  257.00000  159.00000  38.1%  16.8  960s
 1007287 425827  194.57660  299   52  257.00000  159.00000  38.1%  16.8  965s
 1008407 426171  159.00000  113   35  257.00000  159.00000  38.1%  16.8  970s
 1014568 429962  160.00000  267   57  257.00000  159.00000  38.1%  16.8  975s
 1020584 434051 infeasible  267       257.00000  159.00000  38.1%  16.8  980s
 1025840 437758  159.00000  209   60  257.00000  159.00000  38.1%  16.8  985s
 1031482 441002  202.00000  192   36  257.00000  159.00000  38.1%  16.8  990s
 1037462 444853  159.00000  150   54  257.00000  159.00000  38.1%  16.8  995s
 1042687 448096 infeasible  191       257.00000  159.00000  38.1%  16.8 1000s
 1047815 451019  159.00000  167   67  257.00000  159.00000  38.1%  16.8 1005s
 1054813 455190  218.13063  238   51  257.00000  159.00000  38.1%  16.8 1010s
 1059983 457726  218.00000  136   36  257.00000  159.00000  38.1%  16.8 1015s
 1065605 461372 infeasible  349       257.00000  159.00000  38.1%  16.8 1020s
 1070840 464650  173.00000  262   45  257.00000  159.00000  38.1%  16.8 1025s
 1077264 468735 infeasible  370       257.00000  159.00000  38.1%  16.8 1030s
 1083196 472859 infeasible  316       257.00000  159.00000  38.1%  16.8 1035s
 1088193 476015 infeasible  338       257.00000  159.00000  38.1%  16.8 1040s
 1094756 480775  159.00000  114   46  257.00000  159.00000  38.1%  16.8 1045s
 1101240 485296  159.00000  257   41  257.00000  159.00000  38.1%  16.8 1050s
 1107466 489492  183.80473  273   64  257.00000  159.00000  38.1%  16.8 1055s
 1111588 491455  185.63110  159   55  257.00000  159.00000  38.1%  16.8 1061s
 1114265 492990     cutoff  275       257.00000  159.00000  38.1%  16.8 1065s
 1121548 497842 infeasible  273       257.00000  159.00000  38.1%  16.8 1070s
 1128018 501432     cutoff  230       257.00000  159.00000  38.1%  16.8 1075s
 1131741 503553  163.52969  351   68  257.00000  159.00000  38.1%  16.8 1080s
 1137061 506296  221.00000  112   34  257.00000  159.00000  38.1%  16.8 1085s
 1142744 509616  194.00000  117   50  257.00000  159.00000  38.1%  16.8 1090s
 1148614 512784  159.00000  132   53  257.00000  159.00000  38.1%  16.8 1095s
 1156303 517460  180.38757  287   52  257.00000  159.00000  38.1%  16.8 1100s
 1162000 520788  175.00000  334   49  257.00000  159.00000  38.1%  16.8 1105s
 1168107 524981  177.00000  318   60  257.00000  159.00000  38.1%  16.9 1110s
 1174473 528260  209.18963  193   62  257.00000  159.00000  38.1%  16.9 1115s
 1181389 532016  212.06172  173   54  257.00000  159.00000  38.1%  16.9 1120s
 1188073 536403  219.00000  137   24  257.00000  159.00000  38.1%  16.8 1125s
 1193779 540004 infeasible  278       257.00000  159.00000  38.1%  16.8 1130s
 1197486 542069  207.00000  299   51  257.00000  159.00000  38.1%  16.8 1135s
 1202304 545020  164.00000  362   41  257.00000  159.00000  38.1%  16.8 1140s
 1208380 548800  161.00000  126   55  257.00000  159.00000  38.1%  16.8 1145s
 1214231 552451  159.00000  344   41  257.00000  159.00000  38.1%  16.8 1150s
 1220773 556336  201.00000  396   47  257.00000  159.00000  38.1%  16.8 1155s
 1226393 559277     cutoff  176       257.00000  159.00000  38.1%  16.8 1160s
 1232106 562536  216.97195  177   70  257.00000  159.00000  38.1%  16.8 1165s
 1237078 565468  176.27016  355   61  257.00000  159.00000  38.1%  16.8 1170s
 1243550 568411  159.00000  168   45  257.00000  159.00000  38.1%  16.8 1175s
 1249679 571575  196.00000  331   42  257.00000  159.00000  38.1%  16.8 1180s
 1252823 573030  160.00000  252   38  257.00000  159.00000  38.1%  16.8 1185s
 1259753 576753  170.00000  300   43  257.00000  159.00000  38.1%  16.8 1190s
 1266352 579857     cutoff  401       257.00000  159.00000  38.1%  16.8 1195s
 1273116 583282 infeasible  321       257.00000  159.00000  38.1%  16.8 1200s
 1278452 586445  220.00000  159   38  257.00000  159.00000  38.1%  16.8 1205s
 1285823 590593 infeasible  215       257.00000  159.00000  38.1%  16.8 1210s
 1291896 594103  203.00000  352   36  257.00000  159.00000  38.1%  16.8 1215s
 1298134 596175 infeasible  226       257.00000  159.00000  38.1%  16.8 1220s
 1306008 600505 infeasible  200       257.00000  159.00000  38.1%  16.8 1225s
 1312979 604156  207.00000  336   44  257.00000  159.00000  38.1%  16.8 1230s
 1319863 607608 infeasible  290       257.00000  159.00000  38.1%  16.8 1235s
 1323140 608505 infeasible  266       257.00000  159.00000  38.1%  16.8 1240s
 1328651 610481  195.00000  354   39  257.00000  159.00000  38.1%  16.8 1245s
 1335841 613737 infeasible  266       257.00000  159.00000  38.1%  16.8 1250s
 1341693 617258  232.00000  268   35  257.00000  159.00000  38.1%  16.8 1255s
 1349362 621691  227.10073   65   56  257.00000  159.00000  38.1%  16.8 1260s
 1354485 622858 infeasible  217       257.00000  159.00000  38.1%  16.8 1265s
 1360954 625919  202.00000  181   42  257.00000  159.00000  38.1%  16.8 1270s
 1368468 630251 infeasible  134       257.00000  159.00000  38.1%  16.7 1275s
 1374849 633415     cutoff  324       257.00000  159.00000  38.1%  16.7 1280s
 1380972 636628 infeasible  197       257.00000  159.00000  38.1%  16.7 1285s
 1385973 639270  192.00000  269   30  257.00000  159.00000  38.1%  16.7 1290s
 1390246 641116 infeasible  301       257.00000  159.00000  38.1%  16.7 1295s
 1396935 644423  234.00000  173   39  257.00000  159.00000  38.1%  16.7 1300s
 1401469 647193 infeasible  291       257.00000  159.00000  38.1%  16.7 1306s
 1403047 647751  222.00000  256   41  257.00000  159.00000  38.1%  16.7 1310s
 1410501 652046  168.30068  238   58  257.00000  159.00000  38.1%  16.7 1315s
 1415930 654564 infeasible  135       257.00000  159.00000  38.1%  16.7 1320s
 1421872 657109  165.00000  173   38  257.00000  159.00000  38.1%  16.7 1325s
 1429356 660943  163.00000  133   34  257.00000  159.00000  38.1%  16.7 1330s
 1435714 663860  159.00000  121   51  257.00000  159.00000  38.1%  16.7 1335s
 1442748 667143  176.00000  210   36  257.00000  159.00000  38.1%  16.7 1340s
 1448894 669935     cutoff  298       257.00000  159.00000  38.1%  16.7 1345s
 1455719 673393 infeasible  118       257.00000  159.00000  38.1%  16.7 1350s
 1462208 675824  202.00000  211   38  257.00000  159.00000  38.1%  16.7 1355s
 1468469 679572     cutoff  173       257.00000  159.00000  38.1%  16.7 1360s
 1474810 682711 infeasible  364       257.00000  159.00000  38.1%  16.7 1365s
 1481120 685660     cutoff  217       257.00000  159.00000  38.1%  16.7 1370s
 1487784 689368  224.00000  108   39  257.00000  159.00000  38.1%  16.6 1375s
 1494364 693019  159.00000   93   44  257.00000  159.00000  38.1%  16.6 1380s
 1500889 696007  178.00000  278   41  257.00000  159.00000  38.1%  16.6 1385s
 1505376 698066 infeasible  219       257.00000  159.00000  38.1%  16.6 1390s
 1507749 698700  206.00000  205   33  257.00000  159.00000  38.1%  16.6 1395s
 1515190 702679 infeasible  292       257.00000  159.00000  38.1%  16.6 1400s
 1521203 705311 infeasible  177       257.00000  159.00000  38.1%  16.6 1405s
 1527935 708628  159.00000  173   63  257.00000  159.00000  38.1%  16.6 1410s
 1533453 711273 infeasible  405       257.00000  159.00000  38.1%  16.6 1415s
 1539485 714289 infeasible  254       257.00000  159.00000  38.1%  16.6 1420s
 1545253 717462 infeasible  393       257.00000  159.00000  38.1%  16.6 1425s
 1549615 717770  214.60657  309   54  257.00000  159.00000  38.1%  16.6 1430s
 1555029 719987  220.12700  294   53  257.00000  159.00000  38.1%  16.6 1435s
 1561560 723561 infeasible  231       257.00000  159.00000  38.1%  16.6 1440s
 1568835 727035 infeasible  270       257.00000  159.00000  38.1%  16.6 1445s
 1575362 730258  175.00000  258   40  257.00000  159.00000  38.1%  16.6 1450s
 1582041 733617 infeasible  280       257.00000  159.00000  38.1%  16.6 1455s
 1588624 736618 infeasible  377       257.00000  159.00000  38.1%  16.6 1460s
 1594408 739192 infeasible  226       257.00000  159.00000  38.1%  16.6 1465s
 1600518 742428 infeasible  183       257.00000  159.00000  38.1%  16.6 1470s
 1605740 744950  237.00000  347   40  257.00000  159.00000  38.1%  16.6 1475s
 1612395 748633  186.00000  379   52  257.00000  159.00000  38.1%  16.6 1480s
 1617599 750332 infeasible  162       257.00000  159.00000  38.1%  16.6 1485s
 1624377 754329  175.00000  133   39  257.00000  159.00000  38.1%  16.6 1490s
 1632428 758615  187.00000  172   45  257.00000  159.00000  38.1%  16.6 1495s
 1640272 762854  179.00000  154   41  257.00000  159.00000  38.1%  16.6 1500s
 1646265 766014 infeasible  280       257.00000  159.00000  38.1%  16.5 1505s
 1652432 768702  184.00000  105   35  257.00000  159.00000  38.1%  16.5 1510s
 1659423 771769  196.72941  332   50  257.00000  159.00000  38.1%  16.5 1515s
 1664831 773465  169.00000  273   53  257.00000  159.00000  38.1%  16.5 1520s
 1672012 777174 infeasible  295       257.00000  159.00000  38.1%  16.5 1525s
 1675453 778438  209.00000  196   35  257.00000  159.00000  38.1%  16.5 1530s
 1681917 781229  194.26519  247   51  257.00000  159.00000  38.1%  16.5 1535s
 1688331 784691  159.00000  172   41  257.00000  159.00000  38.1%  16.5 1540s
 1693717 785919  159.00000  135   43  257.00000  159.00000  38.1%  16.5 1545s
 1701067 789219     cutoff  248       257.00000  159.00000  38.1%  16.5 1550s
 1707901 792892  167.00000  144   48  257.00000  159.00000  38.1%  16.5 1555s
 1713860 794924  164.00000  168   38  257.00000  159.00000  38.1%  16.5 1560s
 1719766 797129  182.00000  146   39  257.00000  159.00000  38.1%  16.5 1565s
 1726295 799576  177.00000  390   51  257.00000  159.00000  38.1%  16.5 1570s
 1732323 801962  194.00000  227   39  257.00000  159.00000  38.1%  16.5 1575s
 1738864 804760 infeasible  152       257.00000  159.00000  38.1%  16.5 1580s
 1744383 807125  159.00000  351   52  257.00000  159.00000  38.1%  16.5 1585s
 1748990 808986 infeasible  264       257.00000  159.00000  38.1%  16.5 1590s
 1756361 812701 infeasible  240       257.00000  159.00000  38.1%  16.5 1595s
 1761099 813412 infeasible  207       257.00000  159.00000  38.1%  16.5 1600s
 1769011 817045 infeasible  231       257.00000  159.00000  38.1%  16.5 1605s
 1776820 821208 infeasible  145       257.00000  159.00000  38.1%  16.4 1610s
 1783184 823962     cutoff  285       257.00000  159.00000  38.1%  16.4 1615s
 1786326 825121     cutoff  212       257.00000  159.00000  38.1%  16.4 1620s
 1789725 826201 infeasible  290       257.00000  159.00000  38.1%  16.4 1625s
 1797463 829613     cutoff  264       257.00000  159.00000  38.1%  16.4 1630s
 1803623 832415 infeasible  268       257.00000  159.00000  38.1%  16.4 1635s
 1810724 835604 infeasible  390       257.00000  159.00000  38.1%  16.4 1640s
 1817742 838752  168.00000  275   44  257.00000  159.00000  38.1%  16.4 1645s
 1824158 841535  180.00000  292   42  257.00000  159.00000  38.1%  16.4 1650s
 1831319 845018 infeasible  169       257.00000  159.00000  38.1%  16.4 1655s
 1836964 847222 infeasible  322       257.00000  159.00000  38.1%  16.4 1660s
 1843265 849858  196.97297  198   46  257.00000  159.00000  38.1%  16.4 1665s
 1850787 852927 infeasible  395       257.00000  159.00000  38.1%  16.4 1670s
 1857505 856216  172.00000  222   34  257.00000  159.00000  38.1%  16.3 1675s
 1864029 859080  226.74419  179   46  257.00000  159.00000  38.1%  16.3 1680s
H1868265 699154                     223.0000000  159.00000  28.7%  16.3 1682s
 1870366 699580 infeasible  130       223.00000  159.00000  28.7%  16.3 1685s
 1873581 700633  202.00000  366  142  223.00000  159.00000  28.7%  16.3 1716s
 1873616 700656  162.00000  178  251  223.00000  159.00000  28.7%  16.3 1720s
 1873654 700682  214.00000  194  211  223.00000  159.00000  28.7%  16.3 1725s
 1873700 700712  173.46813  374  179  223.00000  159.00000  28.7%  16.3 1730s
 1873732 700734  168.00000  153  181  223.00000  159.00000  28.7%  16.3 1735s
 1873745 700733  159.00000   56  150  223.00000  159.00000  28.7%  16.3 1740s
 1873787 700730  159.00000   61   63  223.00000  159.00000  28.7%  16.4 1745s
 1873928 700743  159.00000   80   60  223.00000  159.00000  28.7%  16.4 1750s
 1874304 700840  159.00000  129   65  223.00000  159.00000  28.7%  16.4 1755s
 1874965 701013  181.00000  205   64  223.00000  159.00000  28.7%  16.4 1760s
 1876050 701353  159.00000  358   68  223.00000  159.00000  28.7%  16.4 1765s
 1876541 701488  187.00000  109   57  223.00000  159.00000  28.7%  16.5 1772s
 1876760 701537  185.00000  117   79  223.00000  159.00000  28.7%  16.5 1775s
 1878640 702444  159.00000  134   82  223.00000  159.00000  28.7%  16.5 1780s
 1880042 703095  159.00000  136   65  223.00000  159.00000  28.7%  16.6 1785s
 1881006 703471  173.00000  219   63  223.00000  159.00000  28.7%  16.6 1790s
 1883017 704326  176.79019  155   80  223.00000  159.00000  28.7%  16.6 1795s
 1883807 704467  181.00000   94   54  223.00000  159.00000  28.7%  16.7 1800s
 1885887 705298  159.00000   93   60  223.00000  159.00000  28.7%  16.7 1805s
 1886827 705533  170.00000   72   49  223.00000  159.00000  28.7%  16.8 1811s
 1888776 706204  168.00000  132   55  223.00000  159.00000  28.7%  16.8 1816s
 1890119 706392  164.00099  116   85  223.00000  159.00000  28.7%  16.9 1820s
 1892435 707051  170.00000  150   53  223.00000  159.00000  28.7%  16.9 1825s
 1893858 707543  179.29816  131   91  223.00000  159.00000  28.7%  16.9 1830s
 1894986 707724  163.00000  117   58  223.00000  159.00000  28.7%  17.0 1835s
 1896075 707819  159.00000   83   59  223.00000  159.00000  28.7%  17.0 1841s
 1897520 707849     cutoff  100       223.00000  159.00000  28.7%  17.1 1845s
 1897674 707779 infeasible  110       223.00000  159.00000  28.7%  17.1 1850s
 1898162 707681  213.25673  192   48  223.00000  159.00000  28.7%  17.1 1855s
 1899216 707589  176.00000  158   89  223.00000  159.00000  28.7%  17.2 1860s
 1900096 707653  194.25751  146   68  223.00000  159.00000  28.7%  17.2 1865s
 1900920 707478 infeasible  111       223.00000  159.00000  28.7%  17.3 1871s
 1902238 707521  173.00000   93   51  223.00000  159.00000  28.7%  17.3 1876s
 1902817 707385  177.95071  236  107  223.00000  159.00000  28.7%  17.4 1880s
 1903596 707536  180.00000  117   46  223.00000  159.00000  28.7%  17.4 1886s
 1904081 707501  167.00000   99   43  223.00000  159.00000  28.7%  17.4 1890s
 1905102 707511  188.00000  121   44  223.00000  159.00000  28.7%  17.5 1895s
 1905569 707420  167.00000  111   63  223.00000  159.00000  28.7%  17.5 1901s
 1907329 707800  201.00000  105   39  223.00000  159.00000  28.7%  17.5 1907s
 1908590 707983  184.00000  117   66  223.00000  159.00000  28.7%  17.6 1911s
 1908924 707977  183.00000  102   73  223.00000  159.00000  28.7%  17.6 1916s
 1909826 708137  196.00000  110   39  223.00000  159.00000  28.7%  17.6 1920s
 1910633 707906 infeasible  120       223.00000  159.00000  28.7%  17.7 1926s
 1911870 708159 infeasible  124       223.00000  159.00000  28.7%  17.7 1930s
 1913346 708402  183.00000   95   43  223.00000  159.00000  28.7%  17.8 1936s
 1913734 708352  174.00000   84   75  223.00000  159.00000  28.7%  17.8 1940s
 1914814 708440 infeasible   88       223.00000  159.00000  28.7%  17.8 1946s
 1916034 708785  198.43500   91   39  223.00000  159.00000  28.7%  17.9 1950s
 1916634 708574  197.00000  130   44  223.00000  159.00000  28.7%  17.9 1957s
 1916877 708524 infeasible  268       223.00000  159.00000  28.7%  17.9 1960s
 1917422 708428     cutoff  224       223.00000  159.00000  28.7%  18.0 1966s
 1918320 708561  172.00000  118   44  223.00000  159.00000  28.7%  18.0 1970s
 1918535 708596  186.00000   77   48  223.00000  159.00000  28.7%  18.0 1975s
 1919169 708603  159.00000  138   61  223.00000  159.00000  28.7%  18.0 1981s
 1919782 708601  166.00000  231   81  223.00000  159.00000  28.7%  18.0 1986s
 1921024 708572  159.00000   72   53  223.00000  159.00000  28.7%  18.1 1991s
 1921467 708480  208.00000  108   29  223.00000  159.00000  28.7%  18.1 1996s
 1922594 708689  170.29823  144   69  223.00000  159.00000  28.7%  18.1 2001s
 1923911 708834  180.12879   90   55  223.00000  159.00000  28.7%  18.2 2005s
 1924618 708738  168.00000  302   79  223.00000  159.00000  28.7%  18.2 2011s
 1925185 708661 infeasible  159       223.00000  160.00000  28.3%  18.2 2015s
 1926423 708948  177.00000  143   37  223.00000  160.00000  28.3%  18.3 2020s
 1927392 708860  161.00000  107   63  223.00000  160.00000  28.3%  18.3 2026s
 1928320 708821  178.16667  134   47  223.00000  160.00000  28.3%  18.3 2030s
 1929220 708538  180.00000   87   43  223.00000  160.00000  28.3%  18.4 2037s
 1929673 708378     cutoff   90       223.00000  161.00000  27.8%  18.4 2041s
 1930113 708176  177.23656  121   43  223.00000  161.00000  27.8%  18.4 2045s
 1930910 707856 infeasible  100       223.00000  161.00000  27.8%  18.5 2052s
 1931968 707856  177.00000  133   70  223.00000  161.00000  27.8%  18.5 2057s
 1932513 707634 infeasible  135       223.00000  161.01408  27.8%  18.6 2060s
 1933210 707372  199.00000  123   42  223.00000  162.00000  27.4%  18.6 2066s
 1933838 707379  207.06757  138   62  223.00000  162.00000  27.4%  18.6 2072s
 1934339 707189  167.00000  160   67  223.00000  162.00000  27.4%  18.6 2077s
 1934906 706986     cutoff  119       223.00000  162.00000  27.4%  18.7 2081s
 1935168 706905  176.01559  117   47  223.00000  162.00000  27.4%  18.7 2085s
 1935825 706689 infeasible  137       223.00000  162.00000  27.4%  18.7 2091s
 1936313 706588  169.00000  159   58  223.00000  162.35436  27.2%  18.8 2096s
 1936933 706584  175.26087   71   84  223.00000  163.00000  26.9%  18.8 2102s
 1938629 706984  178.00000   94   42  223.00000  163.00000  26.9%  18.8 2107s
 1939313 707019     cutoff  217       223.00000  163.00000  26.9%  18.9 2111s
 1940551 707158  178.48252  155   76  223.00000  163.00000  26.9%  18.9 2116s
 1941021 706987 infeasible  152       223.00000  163.00000  26.9%  18.9 2121s
 1941443 706918  179.00000  127   36  223.00000  163.40610  26.7%  19.0 2125s
 1942256 706674  192.00000   99   33  223.00000  164.00000  26.5%  19.0 2131s
 1942950 706269 infeasible  150       223.00000  164.00000  26.5%  19.0 2136s
 1943592 705878  184.00000  216   67  223.00000  164.00000  26.5%  19.1 2141s
 1944086 705674  165.01629  113   92  223.00000  164.01654  26.4%  19.1 2146s
 1944278 705626  165.00000  117   62  223.00000  164.57424  26.2%  19.1 2152s
 1944695 705413 infeasible   93       223.00000  165.00000  26.0%  19.2 2156s
 1945199 705240  198.00000  104   41  223.00000  165.00000  26.0%  19.2 2161s
 1946434 705055     cutoff  115       223.00000  165.00000  26.0%  19.2 2167s
 1946798 704956  170.11594  141   70  223.00000  165.00000  26.0%  19.3 2170s
 1947717 704773  178.00000  126   54  223.00000  165.00000  26.0%  19.3 2178s
 1948958 704980  201.52699  102   63  223.00000  165.00000  26.0%  19.3 2180s
 1949613 704793     cutoff  133       223.00000  165.03965  26.0%  19.4 2186s
 1950071 704538     cutoff  117       223.00000  166.00000  25.6%  19.4 2191s
 1950971 704359  178.00000  123   40  223.00000  166.00000  25.6%  19.5 2195s
 1951523 704124  167.00000  187   60  223.00000  166.00000  25.6%  19.5 2200s
 1952274 703728     cutoff  182       223.00000  166.00000  25.6%  19.5 2207s
 1952548 703633  188.00000  131   62  223.00000  166.00000  25.6%  19.6 2210s
 1953156 703404  203.75874  126   54  223.00000  166.00000  25.6%  19.6 2216s
 1953616 703203 infeasible  139       223.00000  167.00000  25.1%  19.6 2220s
 1954261 702996 infeasible  134       223.00000  167.00000  25.1%  19.7 2225s
 1955206 702610  181.00000  118   31  223.00000  167.00000  25.1%  19.7 2231s
 1956104 702556  177.00000  138   58  223.00000  167.00000  25.1%  19.8 2236s
 1956871 702460 infeasible  151       223.00000  167.00000  25.1%  19.8 2240s
 1957696 702193  180.00000   97   33  223.00000  168.00000  24.7%  19.8 2246s
 1958527 702060 infeasible   89       223.00000  168.00000  24.7%  19.9 2251s
 1959451 701877  214.77336  122   98  223.00000  168.00000  24.7%  19.9 2255s
 1960206 701473  217.19149  194   63  223.00000  168.00000  24.7%  20.0 2261s
 1960660 701364 infeasible  114       223.00000  168.00000  24.7%  20.0 2265s
 1961211 701266  197.00000   83   38  223.00000  169.00000  24.2%  20.0 2270s
 1963146 701277     cutoff   84       223.00000  169.00000  24.2%  20.1 2276s
 1963842 700842 infeasible  127       223.00000  169.00000  24.2%  20.1 2280s
 1964221 700626  174.00000  156   66  223.00000  169.00000  24.2%  20.1 2286s
 1964724 700297 infeasible  282       223.00000  170.00000  23.8%  20.2 2290s
 1965555 699897  204.25000  142   41  223.00000  170.00000  23.8%  20.2 2295s
 1966260 699464  199.64249  129   56  223.00000  170.00000  23.8%  20.2 2300s
 1966997 699031     cutoff  174       223.00000  170.00000  23.8%  20.3 2305s
 1967907 698383  200.00000  101   35  223.00000  171.00000  23.3%  20.3 2311s
 1968532 697955 infeasible  168       223.00000  171.00000  23.3%  20.3 2315s
 1969111 697643  176.29115  131   92  223.00000  171.01429  23.3%  20.4 2320s
 1969528 697305  172.00000  140   60  223.00000  172.00000  22.9%  20.4 2325s
 1970061 697029  201.00000  122   46  223.00000  172.00000  22.9%  20.4 2330s
 1970864 696630     cutoff  206       223.00000  172.00000  22.9%  20.5 2335s
 1971529 696281  180.44702  198   61  223.00000  172.00000  22.9%  20.5 2341s
 1972157 695938  181.00000  107   48  223.00000  173.00000  22.4%  20.5 2346s
 1972761 695739     cutoff   82       223.00000  173.00000  22.4%  20.6 2352s
 1973222 695509  196.07215  159   52  223.00000  173.00000  22.4%  20.6 2355s
 1973728 695263 infeasible  133       223.00000  173.00000  22.4%  20.6 2361s
 1974424 694764     cutoff  180       223.00000  174.00000  22.0%  20.7 2366s
 1975231 694667  195.00000   88   48  223.00000  174.00000  22.0%  20.7 2375s
 1975817 694340 infeasible  103       223.00000  174.00000  22.0%  20.7 2381s
 1976456 693929     cutoff  167       223.00000  174.00000  22.0%  20.8 2386s
 1977103 693619  217.32916  142   72  223.00000  174.00000  22.0%  20.8 2391s
 1977803 693431 infeasible  114       223.00000  174.00000  22.0%  20.8 2397s
 1978391 693298  188.00000  142   48  223.00000  174.00000  22.0%  20.9 2400s
 1979295 692897  210.40184  116   75  223.00000  175.00000  21.5%  20.9 2407s
 1979835 692608  179.00000   73   30  223.00000  175.00000  21.5%  20.9 2411s
 1980570 692346     cutoff  113       223.00000  175.00000  21.5%  21.0 2415s
 1981343 691946  187.00000  142   46  223.00000  175.00000  21.5%  21.0 2421s
 1981813 691686  178.00000  183   67  223.00000  175.00000  21.5%  21.0 2425s
 1982747 691348  204.00000  146   42  223.00000  175.00391  21.5%  21.1 2431s
 1983222 691113     cutoff   94       223.00000  176.00000  21.1%  21.1 2435s
 1984084 690730 infeasible   80       223.00000  176.00000  21.1%  21.2 2442s
 1984617 690496  186.74747  129   42  223.00000  176.00000  21.1%  21.2 2445s
 1985316 690134  176.00000   91   47  223.00000  176.00000  21.1%  21.2 2451s
 1986049 689715     cutoff  122       223.00000  176.00000  21.1%  21.3 2457s
 1986541 689518 infeasible  110       223.00000  176.00412  21.1%  21.3 2460s
 1987066 689300     cutoff  143       223.00000  177.00000  20.6%  21.3 2465s
 1988085 688933 infeasible  133       223.00000  177.00000  20.6%  21.4 2471s
 1988540 688716  192.04864   99   52  223.00000  177.00000  20.6%  21.4 2476s
 1989360 688484  181.00000  103   53  223.00000  177.00000  20.6%  21.4 2481s
 1989921 688250     cutoff   88       223.00000  177.00000  20.6%  21.4 2485s
 1990771 687908 infeasible  206       223.00000  177.91262  20.2%  21.5 2490s
 1991214 687728 infeasible  110       223.00000  178.00000  20.2%  21.5 2495s
 1992144 687428 infeasible  104       223.00000  178.00000  20.2%  21.5 2501s
 1992792 687199 infeasible   83       223.00000  178.00000  20.2%  21.6 2505s
 1993799 686930  186.00000  107   52  223.00000  178.00000  20.2%  21.6 2510s
 1994556 686536 infeasible  126       223.00000  178.00000  20.2%  21.6 2516s
 1995455 686201 infeasible  157       223.00000  178.32633  20.0%  21.7 2520s
 1996775 685876     cutoff  121       223.00000  179.00000  19.7%  21.7 2525s
 1997384 685611  191.00000  102   37  223.00000  179.00000  19.7%  21.7 2530s
 1998302 685249     cutoff  106       223.00000  179.00000  19.7%  21.8 2536s
 1999074 684840 infeasible  148       223.00000  179.00000  19.7%  21.8 2540s
 1999814 684462  198.00000  144   53  223.00000  179.00000  19.7%  21.8 2546s
 2000396 684262 infeasible  135       223.00000  179.00000  19.7%  21.9 2550s
 2001280 683689  180.00000  119   28  223.00000  180.00000  19.3%  21.9 2556s
 2002929 683516  185.00000  109   33  223.00000  180.00000  19.3%  21.9 2561s
 2004041 683150  186.00000  117   37  223.00000  180.00000  19.3%  21.9 2565s
 2004711 682812  186.00710  233   54  223.00000  180.00000  19.3%  22.0 2570s
 2005567 682367     cutoff  102       223.00000  180.00000  19.3%  22.0 2582s
 2005979 682114 infeasible  111       223.00000  180.00000  19.3%  22.0 2585s
 2006658 681742 infeasible  155       223.00000  180.00000  19.3%  22.1 2590s
 2007234 681392 infeasible  106       223.00000  181.00000  18.8%  22.1 2595s
 2008237 681071 infeasible  117       223.00000  181.00000  18.8%  22.1 2601s
 2008780 680831  194.00000  103   30  223.00000  181.00000  18.8%  22.1 2605s
 2009872 680391 infeasible  107       223.00000  181.00000  18.8%  22.2 2612s
 2010970 680287  184.00000  168   45  223.00000  181.00000  18.8%  22.2 2615s
 2011698 679908 infeasible  176       223.00000  181.00000  18.8%  22.2 2620s
 2012515 679481 infeasible   96       223.00000  182.00000  18.4%  22.2 2626s
 2013160 679216  211.51310  103   51  223.00000  182.00000  18.4%  22.3 2630s
 2014476 678939 infeasible  103       223.00000  182.00000  18.4%  22.3 2636s
 2015796 678736 infeasible  120       223.00000  182.00000  18.4%  22.3 2640s
 2016711 678219     cutoff  150       223.00000  182.00000  18.4%  22.3 2646s
 2017397 677866  187.00000   94   48  223.00000  182.00000  18.4%  22.4 2651s
 2018080 677418     cutoff  170       223.00000  183.00000  17.9%  22.4 2656s
 2018815 676987  187.00000  119   32  223.00000  183.00000  17.9%  22.4 2660s
 2019675 676397  186.70588  157   49  223.00000  183.00000  17.9%  22.5 2665s
 2020517 675888     cutoff  268       223.00000  183.00000  17.9%  22.5 2671s
 2021204 675490 infeasible  188       223.00000  183.00000  17.9%  22.5 2676s
 2021862 675103  202.00000  119   46  223.00000  183.00000  17.9%  22.5 2680s
 2022610 674550     cutoff  134       223.00000  184.00000  17.5%  22.6 2685s
 2023378 674116  186.00000  101   53  223.00000  184.00000  17.5%  22.6 2690s
 2024145 673573  220.93520  132   66  223.00000  184.00000  17.5%  22.6 2696s
 2024806 673169  184.00000   98   54  223.00000  184.00000  17.5%  22.6 2700s
 2025810 672618 infeasible   83       223.00000  185.00000  17.0%  22.7 2706s
 2026570 672222 infeasible   98       223.00000  185.00000  17.0%  22.7 2711s
 2027010 671991 infeasible   87       223.00000  185.00000  17.0%  22.7 2715s
 2028168 671315  187.00000  112   52  223.00000  185.00000  17.0%  22.7 2721s
 2028848 670898     cutoff   87       223.00000  185.00000  17.0%  22.8 2726s
 2029654 670386 infeasible   93       223.00000  186.00000  16.6%  22.8 2730s
 2030857 669682 infeasible   99       223.00000  186.00000  16.6%  22.8 2735s
 2031809 669112 infeasible   71       223.00000  186.00000  16.6%  22.9 2741s
 2032535 668696 infeasible  115       223.00000  186.00000  16.6%  22.9 2745s
 2033375 668210 infeasible  121       223.00000  187.00000  16.1%  22.9 2750s
 2033767 667974  199.00000   83   31  223.00000  187.00000  16.1%  22.9 2759s
 2033903 667860  203.00000  148   34  223.00000  187.00000  16.1%  22.9 2760s
 2034995 667157     cutoff  178       223.00000  187.00000  16.1%  23.0 2765s
 2035619 666805  208.05887  108   71  223.00000  187.00000  16.1%  23.0 2775s
 2036064 666481 infeasible  169       223.00000  187.00000  16.1%  23.0 2780s
 2036924 665981  195.00000  116   24  223.00000  188.00000  15.7%  23.0 2785s
 2037969 665426 infeasible  164       223.00000  188.00000  15.7%  23.1 2790s
 2038809 664891  212.13260  129   36  223.00000  188.00000  15.7%  23.1 2796s
 2039684 664392  205.11429  118   39  223.00000  189.00000  15.2%  23.1 2800s
 2040905 663688 infeasible  138       223.00000  189.00000  15.2%  23.1 2806s
 2041838 663014  193.30337  150   55  223.00000  189.00000  15.2%  23.2 2810s
 2042765 662416  206.42857  147   63  223.00000  190.00000  14.8%  23.2 2816s
 2043579 661894     cutoff  105       223.00000  190.00000  14.8%  23.2 2820s
 2044582 661218 infeasible  123       223.00000  190.00000  14.8%  23.2 2826s
 2045568 660512  197.00000  105   35  223.00000  191.00000  14.3%  23.3 2830s
 2046796 659684  195.00000   92   38  223.00000  191.00000  14.3%  23.3 2835s
 2047571 659137     cutoff  142       223.00000  191.00000  14.3%  23.3 2840s
 2049007 658253     cutoff  139       223.00000  192.00000  13.9%  23.3 2846s
 2050100 657527  196.00000  128   53  223.00000  192.00000  13.9%  23.4 2850s
 2051092 656852     cutoff  273       223.00000  193.00000  13.5%  23.4 2855s
 2052188 656314  195.00000  121   34  223.00000  193.00000  13.5%  23.4 2860s
 2053097 655635 infeasible  146       223.00000  193.00000  13.5%  23.4 2865s
 2054174 654822     cutoff  106       223.00000  194.00000  13.0%  23.5 2870s
 2055281 654012     cutoff  119       223.00000  194.00000  13.0%  23.5 2875s
 2056424 653332  214.27521  104   45  223.00000  195.00000  12.6%  23.5 2881s
 2057375 652784  211.00000  124   31  223.00000  195.00000  12.6%  23.5 2885s
 2058424 652003     cutoff   98       223.00000  196.00000  12.1%  23.6 2890s
 2059724 651036  208.07928   97   68  223.00000  196.00000  12.1%  23.6 2895s
 2061119 649977     cutoff  130       223.00000  197.00000  11.7%  23.6 2900s
 2062129 649407  203.00000   82   27  223.00000  197.00000  11.7%  23.6 2907s
 2062778 649022  211.00000   84   30  223.00000  197.00000  11.7%  23.6 2910s
 2063856 648302  212.00000  167   36  223.00000  198.00000  11.2%  23.6 2915s
 2064666 647785  216.18584  149   47  223.00000  198.00000  11.2%  23.7 2920s
 2065821 646983     cutoff  126       223.00000  199.00000  10.8%  23.7 2925s
 2066872 646308     cutoff  119       223.00000  199.00000  10.8%  23.7 2930s
 2068235 645077 infeasible  136       223.00000  200.00000  10.3%  23.7 2935s
 2069186 644445     cutoff  223       223.00000  200.00000  10.3%  23.7 2940s
 2070518 643418  201.00000  136   42  223.00000  201.00000  9.87%  23.7 2945s
 2071807 642424  202.00000  139   27  223.00000  202.00000  9.42%  23.8 2950s
 2072918 641599     cutoff  144       223.00000  202.00000  9.42%  23.8 2955s
 2074415 640287     cutoff  175       223.00000  203.00000  8.97%  23.8 2960s
 2075832 639042  212.14286  144   52  223.00000  204.00000  8.52%  23.8 2965s
 2077045 638219     cutoff  105       223.00000  205.00000  8.07%  23.8 2970s
 2078310 637174 infeasible  167       223.00000  206.00000  7.62%  23.8 2975s
 2080405 635284  212.00000  107   24  223.00000  208.00000  6.73%  23.8 2980s
 2082806 632836 infeasible  137       223.00000  212.00000  4.93%  23.9 2985s

Cutting planes:
  Gomory: 27
  Implied bound: 60
  Clique: 3
  MIR: 315
  StrongCG: 1
  Flow cover: 1378
  Zero half: 27
  Mod-K: 1

Explored 2085066 nodes (49767042 simplex iterations) in 2988.75 seconds
Thread count was 4 (of 4 available processors)

Solution count 6: 223 257 282 ... 300

Optimal solution found (tolerance 1.00e-04)
Best objective 2.230000000000e+02, best bound 2.230000000000e+02, gap 0.0000%

Gurobi 8.1.1 (win64) logging started 11/23/19 19:27:53

Changed value of parameter LogFile to logs/full/feas/full-07-30-0.log
   Prev: gurobi.log  Default: 
Changed value of parameter LogToConsole to 0
   Prev: 1  Min: 0  Max: 1  Default: 1
Changed value of parameter TimeLimit to 3600.0
   Prev: 1e+100  Min: 0.0  Max: 1e+100  Default: 1e+100
Optimize a model with 1253 rows, 596 columns and 4760 nonzeros
Variable types: 0 continuous, 596 integer (588 binary)
Coefficient statistics:
  Matrix range     [1e+00, 6e+02]
  Objective range  [1e+00, 1e+00]
  Bounds range     [1e+00, 1e+00]
  RHS range        [1e+00, 6e+02]
Presolve time: 0.01s
Presolved: 1253 rows, 596 columns, 4760 nonzeros
Variable types: 0 continuous, 596 integer (588 binary)

Root relaxation: objective 2.800000e+01, 280 iterations, 0.00 seconds

    Nodes    |    Current Node    |     Objective Bounds      |     Work
 Expl Unexpl |  Obj  Depth IntInf | Incumbent    BestBd   Gap | It/Node Time

     0     0   28.00000    0  215          -   28.00000      -     -    0s
     0     0   36.36610    0  146          -   36.36610      -     -    0s
     0     0   39.57634    0  140          -   39.57634      -     -    0s
     0     0   40.74187    0  208          -   40.74187      -     -    0s
     0     0   40.80138    0  192          -   40.80138      -     -    0s
     0     0   41.95575    0  183          -   41.95575      -     -    0s
     0     0   43.82785    0  242          -   43.82785      -     -    0s
     0     0   43.96876    0  218          -   43.96876      -     -    0s
     0     0   43.97718    0  226          -   43.97718      -     -    0s
     0     0   44.16103    0  228          -   44.16103      -     -    0s
     0     0   44.18863    0  236          -   44.18863      -     -    0s
     0     0   44.28313    0  236          -   44.28313      -     -    0s
     0     0   44.31514    0  243          -   44.31514      -     -    0s
     0     0   44.31554    0  242          -   44.31554      -     -    0s
     0     0   44.36694    0  296          -   44.36694      -     -    0s
     0     0   44.36694    0  295          -   44.36694      -     -    0s
     0     0   44.48024    0  296          -   44.48024      -     -    0s
     0     0   44.48024    0  273          -   44.48024      -     -    0s
H    0     0                     258.0000000   44.48024  82.8%     -    0s
     0     2   44.48024    0  258  258.00000   44.48024  82.8%     -    0s
   770   572  149.00000  154  147  258.00000   70.50589  72.7%  41.0    5s
   876   624  170.00000   45   99  258.00000  108.00000  58.1%  75.9   10s
  1287   765  114.66137   72  132  258.00000  108.00000  58.1%  81.3   15s
  2260  1241  118.00000  144   66  258.00000  109.00000  57.8%  67.2   20s
H 3400  2204                     254.0000000  110.00000  56.7%  54.0   22s
  4583  2997 infeasible  130       254.00000  110.03346  56.7%  46.6   26s
  6853  4780  160.00000  262   49  254.00000  112.00000  55.9%  40.5   30s
 10290  7359     cutoff  127       254.00000  113.00000  55.5%  33.5   35s
 12174  8637  132.00000  153   56  254.00000  113.06097  55.5%  33.7   40s
 14837 10587 infeasible  150       254.00000  114.00000  55.1%  32.7   45s
H16297 11654                     252.0000000  115.00000  54.4%  32.3   49s
 16299 11658  188.36342  165   61  252.00000  115.00000  54.4%  32.3   50s
 18082 13070  132.01621   71  117  252.00000  115.00000  54.4%  32.3   55s
 20234 14716  161.43296   59   53  252.00000  115.00000  54.4%  33.2   60s
 20649 15087  181.24242  260  273  252.00000  115.00000  54.4%  33.2   76s
 20669 15100  187.77627  231  154  252.00000  115.00000  54.4%  33.2   80s
 20678 15106  134.00000  146  180  252.00000  115.00000  54.4%  33.2   85s
 20689 15114  138.00000  163  175  252.00000  115.00000  54.4%  33.2   90s
 20700 15121  192.00000   62  178  252.00000  115.00000  54.4%  33.1   95s
 20712 15129  191.00000   84  177  252.00000  115.00000  54.4%  33.1  100s
 20728 15140  166.00000   37  166  252.00000  115.37844  54.2%  33.1  105s
 20741 15148  122.00000  155  141  252.00000  119.26528  52.7%  33.1  111s
 20754 15157  155.73624  200  151  252.00000  122.39995  51.4%  33.1  115s
 20764 15164  134.00000  101  150  252.00000  123.69032  50.9%  33.0  120s
 20778 15173  134.00000  146  163  252.00000  126.00391  50.0%  33.0  125s
 20787 15179  139.77073  179  143  252.00000  127.38620  49.4%  33.0  130s
 20799 15187  154.00000  136  160  252.00000  128.88226  48.9%  33.0  135s
 20809 15194  185.00000  238  156  252.00000  129.62506  48.6%  33.0  140s
 20817 15199  130.01281  180  173  252.00000  130.01281  48.4%  33.0  145s
 20826 15205  208.00000  156  161  252.00000  130.44798  48.2%  32.9  150s
 20843 15216  174.00000  329  132  252.00000  139.29681  44.7%  32.9  156s
 20858 15226  142.58636  149  161  252.00000  142.58636  43.4%  32.9  160s
 20873 15236  145.74136  154  151  252.00000  145.74136  42.2%  32.9  165s
 20889 15247  149.63474  163  150  252.00000  149.63474  40.6%  32.8  170s
 20904 15257  220.00000  147  163  252.00000  152.45379  39.5%  32.8  175s
 20913 15263  172.00000  172  166  252.00000  154.52773  38.7%  32.8  180s
 20925 15271  225.00000  217  157  252.00000  156.48197  37.9%  32.8  185s
 20931 15275  157.10711  185  160  252.00000  157.10711  37.7%  32.8  190s
 20940 15281  157.85975  107  149  252.00000  157.85975  37.4%  32.8  195s
 20951 15288  158.70577  185  171  252.00000  158.70577  37.0%  32.7  200s
 20966 15293  166.28498   29   96  252.00000  159.29741  36.8%  35.9  205s
 21002 15297  170.04628   33   77  252.00000  159.38083  36.8%  36.2  210s
 21067 15325  167.00000   40   77  252.00000  159.38083  36.8%  36.5  215s
 21148 15360  167.25577   46   82  252.00000  159.38083  36.8%  36.9  222s
 21184 15379  167.56405   49   92  252.00000  159.38083  36.8%  37.0  226s
 21301 15422 infeasible   58       252.00000  159.38083  36.8%  37.6  230s
 21503 15498  170.00000   89   78  252.00000  159.38083  36.8%  38.7  235s
 21919 15666  196.00000  178   48  252.00000  159.38083  36.8%  40.9  240s
 22557 15884  169.00000  101   92  252.00000  160.02637  36.5%  43.3  245s
 23044 16096  168.03999   91   93  252.00000  161.00000  36.1%  45.6  250s
 23655 16394  176.00000   79   61  252.00000  161.00000  36.1%  48.2  255s
 24090 16547  188.00000  198   64  252.00000  161.00000  36.1%  51.2  260s
 24764 16773  177.01122   43   62  252.00000  161.44535  35.9%  53.8  266s
 25564 17030 infeasible   54       252.00000  162.00000  35.7%  55.6  275s
 26088 17214  181.17578  100   75  252.00000  162.00000  35.7%  57.9  281s
 26508 17316  166.11297   55  100  252.00000  162.00000  35.7%  60.2  285s
 28631 18204  198.00000   78   55  252.00000  162.00000  35.7%  62.3  291s
 29201 18383 infeasible   69       252.00000  162.00000  35.7%  63.9  301s
 29397 18414  207.72897   64   59  252.00000  162.00000  35.7%  65.0  305s
 29844 18483  180.00000   57   44  252.00000  163.00000  35.3%  66.7  310s
 31599 19216  172.00000   86  273  252.00000  163.00000  35.3%  67.7  323s
 31610 19223  208.00000   72  151  252.00000  163.00000  35.3%  67.7  325s
 31621 19231  199.00000  110  162  252.00000  163.00000  35.3%  67.7  330s
 31632 19238  164.00000  175  155  252.00000  163.00000  35.3%  67.6  335s
 31642 19245  212.10102  121  160  252.00000  163.00000  35.3%  67.6  340s
 31653 19252  219.01190  228  153  252.00000  163.00000  35.3%  67.6  345s
 31664 19259  168.00000   51  161  252.00000  163.00000  35.3%  67.6  350s
 31674 19266  197.00000   97  167  252.00000  163.00000  35.3%  67.6  355s
 31684 19273  186.00000   74  163  252.00000  163.00000  35.3%  67.5  360s
 31695 19280  222.00000   70  164  252.00000  163.26746  35.2%  67.5  365s
 31705 19287  172.00000   92  171  252.00000  163.54587  35.1%  67.5  370s
 31715 19293  233.00000   64  161  252.00000  163.73593  35.0%  67.5  375s
 31723 19299  241.44538   44  163  252.00000  163.82677  35.0%  67.4  380s
 31733 19305  182.00000  187  172  252.00000  163.95153  34.9%  67.4  385s
 31744 19313  182.00000  141  177  252.00000  164.12206  34.9%  67.4  390s
 31754 19319  218.00000   69  165  252.00000  164.20855  34.8%  67.4  395s
 31762 19325  197.00000   83  176  252.00000  164.27087  34.8%  67.4  400s
 31772 19331  215.00000  171  170  252.00000  164.34329  34.8%  67.3  405s
 31782 19338  185.00000  229  164  252.00000  164.44972  34.7%  67.3  410s
 31792 19345  175.00000   75  174  252.00000  164.55634  34.7%  67.3  415s
 31800 19350  225.00000  208  171  252.00000  164.61722  34.7%  67.3  420s
 31810 19360  164.71322   39  157  252.00000  164.71322  34.6%  68.2  427s
 31816 19363  164.73288   41  153  252.00000  164.73288  34.6%  68.2  430s
 31837 19365  164.90871   44  154  252.00000  164.90098  34.6%  68.4  437s
 31865 19375  164.93184   46  146  252.00000  164.93184  34.6%  68.6  440s
 31939 19395  165.03968   53  135  252.00000  165.03952  34.5%  68.9  445s
 31975 19412  165.06019   55  134  252.00000  165.04286  34.5%  69.1  451s
 32007 19422  165.07166   57  135  252.00000  165.07166  34.5%  69.3  457s
 32071 19452  165.22448   62  130  252.00000  165.20466  34.4%  69.6  464s
 32084 19452  167.16162   62  109  252.00000  165.20466  34.4%  69.6  465s
 32479 19588  166.64206   87  108  252.00000  165.20466  34.4%  71.4  472s
 32751 19705  167.56475  104   98  252.00000  165.20466  34.4%  72.0  475s
 33020 19812  171.34257  124   89  252.00000  165.20466  34.4%  72.6  482s
 33134 19875  172.14180  134   89  252.00000  165.20466  34.4%  72.7  488s
 33274 19935  172.86029  139   92  252.00000  165.20466  34.4%  72.7  490s
 33930 20242  176.78423  191   75  252.00000  165.20466  34.4%  73.7  495s
 34531 20409     cutoff   78       252.00000  166.40753  34.0%  74.5  500s
 35184 20614  209.00000  121   52  252.00000  166.65827  33.9%  75.4  506s
 35728 20795  201.57703   87   66  252.00000  166.91747  33.8%  76.1  511s
 35993 20860  176.00000   64   48  252.00000  166.98258  33.7%  76.8  515s
 36555 21048  179.00000   65   45  252.00000  167.22141  33.6%  77.8  521s
 36938 21111  191.00000  101   62  252.00000  167.46909  33.5%  78.5  526s
 37420 21245  181.00000   84   62  252.00000  167.59901  33.5%  79.3  530s
 37975 21352  239.84314   95   22  252.00000  167.75017  33.4%  80.1  535s
 38738 21548  171.00000  106   77  252.00000  168.03109  33.3%  80.9  541s
 39840 21643     cutoff  127       252.00000  168.32850  33.2%  81.4  547s
 40100 21620  194.00000   85   32  252.00000  168.44157  33.2%  81.9  550s
 40552 21650  181.02819   80   67  252.00000  168.68156  33.1%  83.2  556s
 41688 22013  169.45858   58  118  252.00000  169.00000  32.9%  82.5  560s
 42212 22044     cutoff   64       252.00000  169.33843  32.8%  83.7  566s
 42530 22046  194.39040   84   88  252.00000  169.41932  32.8%  84.2  570s
 44093 22442 infeasible   76       252.00000  169.74649  32.6%  83.9  576s
 44641 22436  179.00000   98   41  252.00000  170.00000  32.5%  85.1  582s
 45321 22437  211.67875  174   52  252.00000  170.07503  32.5%  86.1  588s
 46508 22778  238.20950   77   62  252.00000  170.19828  32.5%  85.4  591s
 46981 22759  222.00134  130   54  252.00000  170.41218  32.4%  86.3  596s
 47212 22767 infeasible   85       252.00000  170.59644  32.3%  86.7  600s
 47614 22714     cutoff   69       252.00000  171.00000  32.1%  87.7  605s
 48462 22834  187.84536   71   64  252.00000  171.17956  32.1%  88.2  612s
 48666 22785  187.00000   74   29  252.00000  171.31112  32.0%  88.7  615s
 49141 22727  218.15320   90   57  252.00000  171.61001  31.9%  89.5  621s
 49631 22655  180.00000   91   81  252.00000  171.88464  31.8%  90.5  627s
 50433 22675  225.15477   79   48  252.00000  172.07549  31.7%  91.1  632s
 50724 22607  246.17843   77   55  252.00000  172.20452  31.7%  91.5  635s
 51243 22571  197.00000   73   52  252.00000  172.45953  31.6%  92.4  641s
 51471 22523     cutoff   94       252.00000  172.52717  31.5%  92.9  645s
 52271 22620  180.20850   77   73  252.00000  172.72987  31.5%  93.3  652s
 52623 22652  174.42721   77   76  252.00000  172.89576  31.4%  93.6  656s
 53935 22870  191.00000   68   39  252.00000  173.12205  31.3%  93.3  662s
 54500 22831  217.00544   82   47  252.00000  173.34790  31.2%  94.0  668s
 55365 23073  175.57828   56   80  252.00000  173.59965  31.1%  93.5  671s
 55592 23049 infeasible   80       252.00000  173.72898  31.1%  93.9  675s
 56089 22939  180.28584   61   77  252.00000  173.99161  31.0%  94.7  681s
 56806 22861  189.25798  126   65  252.00000  174.46391  30.8%  95.4  686s
 57030 22810  200.00000   92   48  252.00000  174.65036  30.7%  95.6  690s
 57630 22719  186.05483   88   82  252.00000  175.00000  30.6%  96.3  696s
 58910 22962 infeasible  120       252.00000  175.00000  30.6%  96.1  701s
 59359 22836 infeasible   67       252.00000  175.53238  30.3%  96.8  706s
 59833 22699  181.35141  131   65  252.00000  175.84975  30.2%  97.6  712s
 60103 22653 infeasible   88       252.00000  175.93272  30.2%  97.9  715s
 60852 22581  187.00000   83   50  252.00000  176.05326  30.1%  98.4  721s
 61457 22446  215.46641   87   58  252.00000  176.42909  30.0%  99.0  726s
 61953 22264     cutoff  133       252.00000  176.82987  29.8%   100  732s
 62382 22133  204.83946   68   51  252.00000  177.00000  29.8%   100  736s
 62794 22005  201.00000   88   33  252.00000  177.00000  29.8%   100  740s
 63570 21820 infeasible   98       252.00000  177.00000  29.8%   101  746s
 64174 21697     cutoff   92       252.00000  177.33613  29.6%   102  752s
 64455 21651  200.00000   73   33  252.00000  177.48425  29.6%   102  755s
 65064 21478 infeasible   58       252.00000  177.91379  29.4%   103  761s
 65353 21399 infeasible   69       252.00000  178.00000  29.4%   103  765s
 66069 21262  193.00000   78   39  252.00000  178.19296  29.3%   104  771s
 66769 21112  181.26596  110   65  252.00000  178.57807  29.1%   104  778s
 67044 21062     cutoff   81       252.00000  178.78064  29.1%   104  781s
 67480 20921 infeasible  118       252.00000  179.00000  29.0%   105  785s
 68322 20645 infeasible  117       252.00000  179.00000  29.0%   105  792s
 68640 20546 infeasible  102       252.00000  179.19838  28.9%   105  796s
 68983 20453  189.02904   78   58  252.00000  179.49346  28.8%   106  801s
 69689 20269 infeasible  105       252.00000  180.00000  28.6%   106  809s
 70042 20148  195.45581   98   45  252.00000  180.00000  28.6%   107  813s
 70324 20062  220.71148   66   55  252.00000  180.30374  28.5%   107  816s
 70981 19844  235.92713   94   46  252.00000  180.92238  28.2%   107  822s
 72378 19802 infeasible  107       252.00000  181.00000  28.2%   106  827s
 72692 19698  204.06963   82   58  252.00000  181.04938  28.2%   106  830s
 73381 19473     cutoff   58       252.00000  181.37130  28.0%   107  836s
 73686 19348  192.00000   87   42  252.00000  181.37130  28.0%   107  840s
 74249 19098     cutoff   68       252.00000  182.00000  27.8%   107  847s
 74588 18994  223.05755   73   50  252.00000  182.01811  27.8%   108  850s
 75235 18724 infeasible   58       252.00000  182.74335  27.5%   108  855s
 75744 18455 infeasible  111       252.00000  183.00000  27.4%   108  861s
 76562 18257  194.00000  111   35  252.00000  183.00000  27.4%   109  867s
 76923 18189 infeasible   84       252.00000  183.15902  27.3%   109  870s
 77543 17953  185.50918  139   83  252.00000  183.63827  27.1%   110  876s
 78169 17663     cutoff   57       252.00000  184.00000  27.0%   110  883s
 78522 17499  195.00000   75   34  252.00000  184.00000  27.0%   110  886s
 79203 17230 infeasible   74       252.00000  184.81802  26.7%   110  891s
 79541 17120  226.15895   61   49  252.00000  185.00000  26.6%   110  895s
 80370 16879     cutoff   64       252.00000  185.00000  26.6%   111  901s
 80712 16786  207.06613   92   61  252.00000  185.24689  26.5%   111  905s
 81412 16742  211.00000  146   36  252.00000  185.41056  26.4%   111  911s
 82284 16544  188.00000   55   60  252.00000  186.00000  26.2%   111  918s
 82750 16538 infeasible  109       252.00000  186.00000  26.2%   111  921s
 83166 16533 infeasible   61       252.00000  186.00000  26.2%   112  925s
 83873 16375 infeasible   97       252.00000  186.33422  26.1%   112  931s
 84436 16111  218.86554   84   51  252.00000  186.75735  25.9%   112  935s
 85205 15880 infeasible   62       252.00000  187.00000  25.8%   112  943s
 86318 15896 infeasible   69       252.00000  187.00000  25.8%   111  946s
 87139 15642  217.00000   62   35  252.00000  187.49216  25.6%   112  951s
 87825 15425  244.31373   77   38  252.00000  187.97277  25.4%   112  957s
 88264 15302     cutoff   64       252.00000  188.00000  25.4%   112  960s
 89247 15148 infeasible   81       252.00000  188.00000  25.4%   112  966s
 89902 14922     cutoff  186       252.00000  188.55979  25.2%   112  972s
 90322 15015  206.00000   92   51  252.00000  188.70389  25.1%   112  975s
 91970 15315  200.38203   90   61  252.00000  188.90053  25.0%   111  982s
 92678 15320     cutoff  139       252.00000  189.00000  25.0%   111  988s
 93140 15363  190.00000  111   61  252.00000  189.00000  25.0%   111  990s
 93879 15405  200.00000   77   28  252.00000  189.39017  24.8%   112  995s
 94557 15387  198.00000  125   39  252.00000  189.74880  24.7%   112 1001s
 95129 15353  191.00000   85   51  252.00000  190.00000  24.6%   112 1006s
 96158 15471  203.52969  102   53  252.00000  190.00000  24.6%   112 1012s
 97124 16030  204.00000   68   40  252.00000  190.00000  24.6%   111 1015s
 97760 16056 infeasible   88       252.00000  190.27365  24.5%   112 1020s
 98678 16070  217.06632   87   50  252.00000  190.89798  24.2%   112 1027s
 99328 16004     cutoff   78       252.00000  191.00000  24.2%   112 1031s
 100096 16020  227.78824  107   47  252.00000  191.00000  24.2%   112 1037s
 100492 16058  194.42458   58   51  252.00000  191.00000  24.2%   112 1040s
 101207 16066 infeasible   91       252.00000  191.22733  24.1%   112 1045s
 101835 16053 infeasible  102       252.00000  191.67451  23.9%   112 1050s
 102482 16064 infeasible  101       252.00000  192.00000  23.8%   112 1055s
 103265 16127 infeasible   85       252.00000  192.00000  23.8%   112 1062s
 104013 16144 infeasible   74       252.00000  192.04545  23.8%   112 1066s
 104720 16124 infeasible  148       252.00000  192.68663  23.5%   112 1072s
 105330 16081  212.00000   82   37  252.00000  193.00000  23.4%   112 1075s
 105927 15989 infeasible   95       252.00000  193.00000  23.4%   112 1080s
 106774 16007  201.00000  149   32  252.00000  193.00000  23.4%   112 1086s
 107426 15960  199.95717   72   58  252.00000  193.48140  23.2%   112 1090s
 108131 15942  194.00000   75   36  252.00000  194.00000  23.0%   112 1095s
 109002 15986  208.00000   77   36  252.00000  194.00000  23.0%   112 1101s
 109392 15996     cutoff  104       252.00000  194.10000  23.0%   112 1108s
 109547 15947     cutoff  146       252.00000  194.14726  23.0%   112 1110s
 110257 15775  245.49567  106   57  252.00000  195.00000  22.6%   112 1116s
 111078 15732 infeasible   71       252.00000  195.00000  22.6%   112 1121s
 111798 15671 infeasible  108       252.00000  195.00000  22.6%   112 1126s
 112499 15644  200.49544   91   52  252.00000  195.35939  22.5%   112 1131s
 113082 15576 infeasible  190       252.00000  195.93257  22.2%   112 1136s
 114036 15608  206.32542   61   42  252.00000  196.00000  22.2%   112 1141s
 114776 15553     cutoff  101       252.00000  196.00000  22.2%   112 1148s
 115188 15520 infeasible   71       252.00000  196.00000  22.2%   112 1150s
 116122 15438 infeasible   66       252.00000  196.59605  22.0%   112 1156s
 117010 15207  201.47037   57   35  252.00000  197.00000  21.8%   112 1161s
 117994 15089     cutoff   96       252.00000  197.00000  21.8%   112 1167s
 118413 15102  197.00000   51   46  252.00000  197.00000  21.8%   112 1170s
 119146 15132  208.41585   99   51  252.00000  197.00000  21.8%   112 1175s
 120301 15198 infeasible  139       252.00000  197.83603  21.5%   112 1182s
 120928 15128 infeasible  167       252.00000  198.00000  21.4%   112 1185s
 121597 15034  211.00000   92   32  252.00000  198.00000  21.4%   112 1191s
 122297 14961  250.04153   97   53  252.00000  198.22432  21.3%   112 1195s
 123147 14832     cutoff  106       252.00000  198.90851  21.1%   112 1200s
 123939 14787  210.00000   72   34  252.00000  199.00000  21.0%   112 1205s
 124733 14775     cutoff   96       252.00000  199.00000  21.0%   111 1210s
 125829 14768 infeasible   50       252.00000  199.39875  20.9%   112 1216s
 126392 14704 infeasible   92       252.00000  199.99014  20.6%   112 1220s
 127354 14590 infeasible   84       252.00000  200.00000  20.6%   111 1226s
 127991 14561  249.27402  105   34  252.00000  200.00000  20.6%   111 1230s
 128833 14452  225.50437   82   60  252.00000  200.55147  20.4%   111 1235s
 129823 14388 infeasible  112       252.00000  201.00000  20.2%   111 1241s
 130455 14301     cutoff   91       252.00000  201.00000  20.2%   111 1245s
 131403 14160 infeasible   62       252.00000  201.33333  20.1%   111 1251s
 132121 13991  223.00000  132   35  252.00000  202.00000  19.8%   111 1255s
 132844 13968 infeasible   98       252.00000  202.00000  19.8%   111 1260s
 133269 14034  218.00000   82   45  252.00000  202.00000  19.8%   111 1265s
 133798 13950  208.00000   67   37  252.00000  202.07453  19.8%   111 1270s
 134919 13778     cutoff   88       252.00000  203.00000  19.4%   111 1275s
 135935 13515  215.00000   73   33  252.00000  203.00000  19.4%   110 1282s
 136672 13482  214.00000   98   42  252.00000  203.00000  19.4%   110 1286s
 137340 13461  236.87804  103   47  252.00000  203.57323  19.2%   110 1290s
 138314 13308     cutoff   90       252.00000  204.00000  19.0%   110 1295s
 139563 13130 infeasible   99       252.00000  204.76973  18.7%   110 1300s
 140645 12905     cutoff  101       252.00000  205.00000  18.7%   110 1306s
 141495 12842  230.00000   60   34  252.00000  205.16000  18.6%   110 1311s
 141925 12798     cutoff   69       252.00000  205.47619  18.5%   110 1315s
 142990 12474  224.00000   77   31  252.00000  206.00000  18.3%   109 1321s
 143999 12404  212.00000   76   39  252.00000  206.00000  18.3%   109 1326s
 144758 12463  206.06404   92   67  252.00000  206.06404  18.2%   109 1330s
 145909 12350  207.73341   72   66  252.00000  206.99417  17.9%   109 1336s
 146318 12408  207.00000  108   39  252.00000  207.00000  17.9%   109 1340s
 147254 12331  215.00000  113   35  252.00000  207.00000  17.9%   109 1345s
 148637 12366 infeasible   98       252.00000  207.57143  17.6%   109 1351s
 149512 12285  208.00000   71   32  252.00000  208.00000  17.5%   108 1355s
 150739 12288  208.00000   75   39  252.00000  208.00000  17.5%   108 1361s
 151691 12281     cutoff  111       252.00000  208.72303  17.2%   108 1365s
 152898 12079     cutoff   70       252.00000  209.00000  17.1%   108 1371s
 154035 12028 infeasible  101       252.00000  209.00000  17.1%   107 1376s
 154954 11908  235.65035   52   43  252.00000  209.73016  16.8%   107 1380s
 156123 11602     cutoff   72       252.00000  210.00000  16.7%   107 1385s
 157373 11525 infeasible   89       252.00000  210.00000  16.7%   107 1390s
 158847 11292     cutoff   64       252.00000  211.00000  16.3%   106 1396s
 159873 11260  225.00000   85   31  252.00000  211.00000  16.3%   106 1400s
 160956 11285     cutoff   89       252.00000  211.00000  16.3%   106 1405s
 162257 11197 infeasible  107       252.00000  211.84988  15.9%   106 1410s
 163508 10925  218.00000   85   36  252.00000  212.00000  15.9%   105 1415s
 164711 10728  215.02941   83   30  252.00000  212.49125  15.7%   105 1420s
 165974 10497 infeasible   95       252.00000  213.00000  15.5%   105 1425s
 167120 10312  221.33874   88   35  252.00000  213.25000  15.4%   105 1430s
 168444 10124 infeasible   63       252.00000  214.00000  15.1%   104 1438s
 168823  9988 infeasible   73       252.00000  214.00000  15.1%   104 1441s
 170008  9815  220.06232   91   39  252.00000  214.11140  15.0%   104 1445s
 171213  9518  220.00000   78   28  252.00000  215.00000  14.7%   104 1450s
 172148  9473  227.30769   81   35  252.00000  215.00000  14.7%   104 1455s
 173765  9267  218.80000   76   34  252.00000  216.00000  14.3%   103 1460s
 175332  8938  227.00000   96   39  252.00000  216.30280  14.2%   103 1465s
 176572  8643  240.73067   95   40  252.00000  217.00000  13.9%   103 1470s
 177827  8530  230.00000   82   22  252.00000  217.00000  13.9%   102 1475s
 178875  8295     cutoff  108       252.00000  218.00000  13.5%   102 1480s
 179790  8218  219.00000   67   36  252.00000  218.00000  13.5%   102 1485s
 181391  7940     cutoff   68       252.00000  219.00000  13.1%   102 1490s
 182543  7611  232.00000  121   33  252.00000  219.00000  13.1%   101 1495s
 184001  7280  222.00000   78   22  252.00000  220.00000  12.7%   101 1500s
 185158  7163  228.64292   94   78  252.00000  220.00000  12.7%   101 1505s
 186222  6857 infeasible   86       252.00000  221.00000  12.3%   100 1510s
 187730  6495  226.53846   67   25  252.00000  222.00000  11.9%   100 1516s
 188613  6367     cutoff   73       252.00000  222.00000  11.9%   100 1520s
 190162  6020     cutoff   77       252.00000  223.00000  11.5%  99.5 1526s
 191506  5777 infeasible   70       252.00000  223.94771  11.1%  99.2 1530s
 193266  5249     cutoff   70       252.00000  225.00000  10.7%  98.7 1535s
 194816  4884     cutoff   72       252.00000  225.84831  10.4%  98.3 1540s
 196177  4466  230.44058   71   54  252.00000  226.79238  10.0%  98.0 1545s
 197852  3927 infeasible   73       252.00000  228.00000  9.52%  97.6 1550s
 199768  3172 infeasible  100       252.00000  229.59794  8.89%  97.1 1555s
 201638  2438 infeasible  109       252.00000  231.24180  8.24%  96.5 1560s
 203665  1415 infeasible   74       252.00000  235.00000  6.75%  95.9 1565s
 206139     0 infeasible   86       252.00000  249.00000  1.19%  95.2 1570s

Cutting planes:
  Implied bound: 49
  Clique: 6
  MIR: 557
  StrongCG: 3
  Flow cover: 689
  Inf proof: 38

Explored 206193 nodes (19619752 simplex iterations) in 1570.06 seconds
Thread count was 4 (of 4 available processors)

Solution count 3: 252 254 258 

Optimal solution found (tolerance 1.00e-04)
Best objective 2.520000000000e+02, best bound 2.520000000000e+02, gap 0.0000%
