
Gurobi 8.1.1 (win64) logging started 11/23/19 16:22:25

Changed value of parameter LogFile to logs/full/feas/full-07-15-1.log
   Prev: gurobi.log  Default: 
Changed value of parameter LogToConsole to 0
   Prev: 1  Min: 0  Max: 1  Default: 1
Changed value of parameter TimeLimit to 3600.0
   Prev: 1e+100  Min: 0.0  Max: 1e+100  Default: 1e+100
Optimize a model with 4641 rows, 2220 columns and 17850 nonzeros
Variable types: 0 continuous, 2220 integer (2205 binary)
Coefficient statistics:
  Matrix range     [1e+00, 4e+02]
  Objective range  [1e+00, 1e+00]
  Bounds range     [1e+00, 1e+00]
  RHS range        [1e+00, 5e+02]
Presolve time: 0.09s
Presolved: 4641 rows, 2220 columns, 17850 nonzeros
Variable types: 0 continuous, 2220 integer (2205 binary)

Root relaxation: objective 1.050000e+02, 226 iterations, 0.01 seconds

    Nodes    |    Current Node    |     Objective Bounds      |     Work
 Expl Unexpl |  Obj  Depth IntInf | Incumbent    BestBd   Gap | It/Node Time

     0     0  105.00000    0   64          -  105.00000      -     -    0s
     0     0  105.00000    0  149          -  105.00000      -     -    0s
     0     0  105.00000    0   69          -  105.00000      -     -    0s
     0     0  105.00000    0   73          -  105.00000      -     -    0s
     0     0  105.00000    0   73          -  105.00000      -     -    0s
     0     2  105.00000    0   65          -  105.00000      -     -    0s
  3489  3207  225.00000  759  176          -  106.57163      -   3.9    5s
  3540  3243  120.00000  128   99          -  109.53015      -  11.8   10s
  3937  3388  111.59318   58   91          -  111.59318      -  16.2   15s
  8880  4238  183.00000  744   32          -  140.00000      -  14.0   20s
 10910  5147  161.00000  341   36          -  140.00000      -  12.5   25s
H13677  3549                     228.0000000  140.00000  38.6%  10.8   26s
H14702  3833                     226.0000000  140.00000  38.1%  10.4   26s
H14905  3719                     220.0000000  140.00000  36.4%  10.3   27s
H14992  3629                     215.0000000  140.00000  34.9%  10.3   27s
H15082  3316                     211.0000000  140.00000  33.6%  10.2   28s
 17856  5592  146.00000  444   42  211.00000  140.00000  33.6%   9.2   30s
 21330  7913  207.00000  455   73  211.00000  140.00000  33.6%   8.7   56s
H21334  7520                     210.0000000  140.00000  33.3%   8.7   58s
 21339  7523  159.00000  444   38  210.00000  140.00000  33.3%   8.7   60s
H21346  7151                     208.0000000  140.00000  32.7%   8.7   64s
 21349  7153  177.00000  449   43  208.00000  140.00000  32.7%   8.7   65s
 21377  7171  149.00000  442   59  208.00000  140.00000  32.7%   8.7   70s
 21390  7180  184.00000  423   39  208.00000  140.00000  32.7%   8.7   75s
H21399  6826                     204.0000000  140.00000  31.4%   8.6   77s
 21409  6833  149.00000  440   43  204.00000  140.00000  31.4%   8.6   80s
H21414  6492                     175.0000000  140.00000  20.0%   8.6   81s
 21423  6498  170.00000  461   39  175.00000  140.00000  20.0%   8.6   85s
H21427  6175                     171.0000000  140.00000  18.1%   8.6   87s
 21435  6180  171.00000  443   42  171.00000  140.00000  18.1%   8.6   90s
 21448  6189  144.00000  465   47  171.00000  140.00000  18.1%   8.6   95s
 21459  6196  160.00000  271   32  171.00000  140.00000  18.1%   8.6  100s
 21498  6223  142.65673  551  144  171.00000  142.65673  16.6%  10.4  105s
H21508  5917                     170.0000000  143.31706  15.7%  10.4  106s
 21543  5940  170.00000  405   78  170.00000  145.38959  14.5%  10.4  110s
H21556  5650                     167.0000000  146.29672  12.4%  10.4  111s
H21556  5366                     165.0000000  146.29672  11.3%  10.4  111s
 21604  5398  165.00000  784   72  165.00000  150.95792  8.51%  10.4  115s
H21604  5126                     163.0000000  151.20634  7.24%  10.4  115s
 21662  5166  161.00004  448   67  163.00000  161.00004  1.23%  11.2  120s

Cutting planes:
  Gomory: 1
  Cover: 5
  Implied bound: 15
  Clique: 11
  MIR: 11
  StrongCG: 1
  Flow cover: 30
  Zero half: 3

Explored 21665 nodes (265217 simplex iterations) in 120.35 seconds
Thread count was 4 (of 4 available processors)

Solution count 10: 163 165 167 ... 211

Optimal solution found (tolerance 1.00e-04)
Best objective 1.630000000000e+02, best bound 1.630000000000e+02, gap 0.0000%

Gurobi 8.1.1 (win64) logging started 11/23/19 16:24:25

Changed value of parameter LogFile to logs/full/feas/full-07-15-1.log
   Prev: gurobi.log  Default: 
Changed value of parameter LogToConsole to 0
   Prev: 1  Min: 0  Max: 1  Default: 1
Changed value of parameter TimeLimit to 3600.0
   Prev: 1e+100  Min: 0.0  Max: 1e+100  Default: 1e+100
Optimize a model with 2441 rows, 1166 columns and 9350 nonzeros
Variable types: 0 continuous, 1166 integer (1155 binary)
Coefficient statistics:
  Matrix range     [1e+00, 4e+02]
  Objective range  [1e+00, 1e+00]
  Bounds range     [1e+00, 1e+00]
  RHS range        [1e+00, 5e+02]
Presolve time: 0.04s
Presolved: 2441 rows, 1166 columns, 9350 nonzeros
Variable types: 0 continuous, 1166 integer (1155 binary)

Root relaxation: objective 5.500000e+01, 192 iterations, 0.00 seconds

    Nodes    |    Current Node    |     Objective Bounds      |     Work
 Expl Unexpl |  Obj  Depth IntInf | Incumbent    BestBd   Gap | It/Node Time

     0     0   55.00000    0  109          -   55.00000      -     -    0s
     0     0   55.00000    0  144          -   55.00000      -     -    0s
     0     0   55.00000    0  111          -   55.00000      -     -    0s
     0     0   55.00000    0  111          -   55.00000      -     -    0s
     0     2   55.00000    0  106          -   55.00000      -     -    0s
  1240  1190  122.19096  313  120          -   65.49724      -   5.7    5s
  1298  1229   66.22404  171  120          -   66.22404      -   5.5   10s
  1383  1285  225.00000  352  129          -   68.53985      -   5.1   15s
  1487  1356  114.00000  337  127          -   70.85195      -   117   20s
  1553  1402   73.45485  149  131          -   73.45485      -   126   25s
  1669  1479   76.48971  253  139          -   76.48971      -   117   30s
  1818  1578   82.48896   35   89          -   82.48896      -   108   35s
  1944  1665  261.00000  502   71          -   86.46568      -   162   40s
  2074  1757  114.00000  405   64          -   88.49187      -   167   45s
  2186  1834   90.47828  291  104          -   90.47828      -   170   50s
  2300  1911   91.33127   21   87          -   91.33127      -   168   55s
  2438  2005   93.97626  178   79          -   93.97626      -   172   60s
  5403  3055   94.00000  326   51          -   94.00000      -  87.2   65s
H13812  7327                     187.0000000   94.00000  49.7%  37.1   67s
H14744  8033                     185.0000000   94.00000  49.2%  35.1   69s
 14831  8139  109.00000  217   66  185.00000   94.00000  49.2%  34.9   70s
 17331  9870 infeasible  586       185.00000   94.00000  49.2%  31.0   75s
 20789 12597  153.00000  708  111  185.00000   94.00000  49.2%  26.8   85s
 20812 12612  102.00000  418  218  185.00000   94.29088  49.0%  26.8   90s
 20851 12638  119.00000  287  231  185.00000   94.68285  48.8%  26.7   95s
 20887 12662  161.28764  372  317  185.00000   94.86829  48.7%  26.7  100s
 20926 12688   99.00000  355  202  185.00000   95.36587  48.5%  26.7  105s
 20951 12705  119.00000  287  218  185.00000   95.87824  48.2%  26.6  110s
 21009 12744  159.10758  583  354  185.00000   96.80459  47.7%  26.5  115s
 21071 12785  124.00000  452  389  185.00000   97.53574  47.3%  26.5  120s
 21128 12823  129.00000  366  405  185.00000   98.38309  46.8%  26.4  125s
 21167 12849  157.37500  327  388  185.00000   98.92715  46.5%  26.3  130s
 21201 12872  154.00000  417  437  185.00000   99.38132  46.3%  26.3  135s
 21222 12886  114.00000  386  365  185.00000   99.66717  46.1%  26.3  140s
 21257 12909  175.00000  318  362  185.00000  100.23297  45.8%  26.2  146s
 21285 12928  117.82606  367  343  185.00000  100.74494  45.5%  26.2  150s
 21310 12944  101.14374  247  354  185.00000  101.14374  45.3%  26.2  155s
 21339 12964  103.00000  406  345  185.00000  101.41927  45.2%  26.1  160s
 21369 12984  142.00000  387  359  185.00000  101.77374  45.0%  26.1  165s
 21392 12999  102.08435  233  316  185.00000  102.08435  44.8%  26.1  170s
 21414 13014  108.00000  523  328  185.00000  102.41104  44.6%  26.0  175s
 21443 13033  134.00000  322  367  185.00000  102.78324  44.4%  26.0  180s
 21468 13050  114.00000  567  335  185.00000  103.11764  44.3%  26.0  185s
 21479 13057  173.00000  319  304  185.00000  103.46447  44.1%  26.0  190s
 21510 13078  103.95260  247  308  185.00000  103.95260  43.8%  25.9  196s
 21531 13092  104.45053  467  305  185.00000  104.45053  43.5%  25.9  200s
 21557 13109  175.00000  318  314  185.00000  104.65832  43.4%  25.9  205s
 21586 13128  122.59453  254  308  185.00000  105.04620  43.2%  25.8  210s
 21604 13140  157.00000  583  322  185.00000  105.38664  43.0%  25.8  216s
 21626 13155  105.64941  355  313  185.00000  105.64941  42.9%  25.8  220s
 21651 13172  119.00000  287  348  185.00000  105.90156  42.8%  25.8  225s
 21673 13186  122.00000  439  336  185.00000  106.08506  42.7%  25.7  230s
 21691 13198  170.00000  483  293  185.00000  106.30758  42.5%  25.7  236s
 21710 13211  106.47657  247  339  185.00000  106.47657  42.4%  25.7  240s
 21729 13224  123.00000  458  298  185.00000  106.98501  42.2%  25.7  245s
 21758 13243  132.00000  333  281  185.00000  107.53137  41.9%  25.6  250s
 21781 13258  135.00000  465  302  185.00000  108.11478  41.6%  25.6  255s
 21802 13272  108.73894  524  299  185.00000  108.73894  41.2%  25.6  260s
 21832 13292  109.34987  386  295  185.00000  109.34987  40.9%  25.5  265s
 21861 13312  109.90744  400  332  185.00000  109.90744  40.6%  25.5  270s
 21875 13321  134.43750  485  318  185.00000  110.29831  40.4%  25.5  275s
 21898 13337  177.00000  555  259  185.00000  110.51522  40.3%  33.7  280s
 21920 13352  111.15653  567  242  185.00000  111.15653  39.9%  33.7  285s
 21946 13369  131.12551  229  239  185.00000  111.67894  39.6%  33.6  290s
 21978 13391  183.00000  333  256  185.00000  112.31552  39.3%  33.6  295s
 22007 13410  112.76375  375  258  185.00000  112.76375  39.0%  33.5  300s
 22042 13433  114.00000  353  248  185.00000  113.04828  38.9%  33.5  306s
 22067 13450  157.37500  327  261  185.00000  113.25654  38.8%  33.4  310s
 22095 13469  117.00000  373  249  185.00000  113.48903  38.7%  33.4  315s
 22127 13490  119.00000  348  268  185.00000  113.68992  38.5%  33.3  320s
 22155 13509  113.92694  409  239  185.00000  113.92694  38.4%  33.3  325s
 22177 13523  134.00000  415  291  185.00000  114.14507  38.3%  33.3  330s
 22204 13541  157.00000  583  296  185.00000  114.35590  38.2%  33.2  335s
 22227 13557  119.00000  348  271  185.00000  114.53606  38.1%  33.2  340s
 22253 13574  114.77420  234  281  185.00000  114.77420  38.0%  33.2  345s
 22290 13599  115.04652  479  285  185.00000  115.04652  37.8%  33.1  350s
 22317 13617  143.00000  500  287  185.00000  115.21121  37.7%  33.1  355s
 22341 13633  115.32778  460  299  185.00000  115.32778  37.7%  33.0  360s
 22361 13646  115.41604  400  294  185.00000  115.41604  37.6%  33.0  365s
 22383 13661  115.51396  284  310  185.00000  115.51396  37.6%  33.0  370s
 22402 13673  115.60631  524  310  185.00000  115.60631  37.5%  32.9  375s
 22415 13682  115.67199  400  302  185.00000  115.67199  37.5%  32.9  380s
 22438 13697  115.74268  303  293  185.00000  115.74268  37.4%  32.9  385s
 22460 13712  115.83530  404  290  185.00000  115.83530  37.4%  32.8  391s
 22477 13723  134.00000  415  304  185.00000  115.87456  37.4%  32.8  395s
 22498 13737  177.00000  555  278  185.00000  115.95126  37.3%  32.8  400s
 22520 13752  116.01774  567  305  185.00000  116.01774  37.3%  32.8  405s
 22534 13761  116.05886  294  298  185.00000  116.05886  37.3%  32.7  410s
 22554 13775  161.00000  542  321  185.00000  116.10002  37.2%  32.7  415s
 22561 13779  116.12306  400  306  185.00000  116.12306  37.2%  32.7  420s
 22576 13789  116.16654  260  308  185.00000  116.16654  37.2%  32.7  425s
 22591 13799  170.00000  483  324  185.00000  116.21815  37.2%  32.7  430s
 22607 13810  116.25304  375  320  185.00000  116.25304  37.2%  32.6  435s
 22618 13817  148.00000  481  322  185.00000  116.27827  37.1%  32.6  440s
 22629 13825  123.00000  458  318  185.00000  116.29903  37.1%  32.6  445s
 22641 13833  116.31609  460  319  185.00000  116.31609  37.1%  32.6  451s
 22648 13837  116.32824  471  312  185.00000  116.32824  37.1%  32.6  456s
 22654 13841  161.00000  542  316  185.00000  116.33633  37.1%  32.6  460s
 22666 13850  116.34750  191   74  185.00000  116.34750  37.1%  37.4  465s
 22688 13866  167.00000  553  176  185.00000  116.34750  37.1%  37.6  470s
 22713 13883  174.43750  427  189  185.00000  116.34750  37.1%  37.6  475s
 22747 13906  144.79070  441  197  185.00000  116.34750  37.1%  37.5  480s
 22775 13924  134.43750  485  225  185.00000  116.34750  37.1%  37.4  485s
 22810 13948  116.34750  247  239  185.00000  116.34750  37.1%  37.4  490s
 22833 13963  138.00000  576  233  185.00000  116.34750  37.1%  37.4  495s
 22862 13982  116.34750  406  239  185.00000  116.34750  37.1%  37.3  500s
 22886 13998  122.59453  254  241  185.00000  116.34750  37.1%  37.3  505s
 22909 14014  159.10758  583  239  185.00000  116.34750  37.1%  37.2  510s
 22926 14025  116.34750  355  256  185.00000  116.34750  37.1%  37.2  515s
 22941 14035  116.34750  460  260  185.00000  116.34750  37.1%  37.2  520s
 22952 14042  117.00000  403  260  185.00000  116.34750  37.1%  37.2  525s
 22964 14050  128.00000  438  263  185.00000  116.34750  37.1%  37.1  530s
 22975 14058  134.43750  485  257  185.00000  116.34750  37.1%  37.1  535s
 22989 14067  153.00000  708  259  185.00000  116.34750  37.1%  37.1  540s
 23004 14077  157.00000  583  245  185.00000  116.34750  37.1%  37.1  545s
 23029 14094  123.00000  458  247  185.00000  116.34750  37.1%  37.0  550s
 23048 14106  116.34750  471  259  185.00000  116.34750  37.1%  37.0  555s
 23072 14122  119.00000  458  272  185.00000  116.34750  37.1%  37.0  560s
 23084 14130  164.00000  624  261  185.00000  116.34786  37.1%  36.9  565s
 23101 14142  154.00000  417  260  185.00000  116.36982  37.1%  36.9  570s
 23123 14156  142.00000  570  269  185.00000  116.39160  37.1%  36.9  575s
 23144 14170  164.00000  551  273  185.00000  116.42254  37.1%  36.9  580s
 23153 14176  116.44492  234  264  185.00000  116.44492  37.1%  36.8  585s
 23172 14189  119.00000  458  270  185.00000  116.46682  37.0%  36.8  590s
 23185 14198  117.82606  367  272  185.00000  116.47929  37.0%  36.8  595s
 23198 14206  177.00000  555  271  185.00000  116.49042  37.0%  36.8  600s
 23208 14213  116.50113  376  258  185.00000  116.50113  37.0%  36.8  605s
 23217 14219  143.00000  500  263  185.00000  116.50708  37.0%  36.7  610s
 23225 14224  116.51238  374  263  185.00000  116.51238  37.0%  36.7  615s
 23239 14234  116.52525  406  265  185.00000  116.52525  37.0%  36.7  621s
 23243 14236  134.00000  322  274  185.00000  116.52863  37.0%  36.7  628s
 23244 14239  116.53270  217  243  185.00000  116.53270  37.0%  38.9  633s
 23246 14239  116.54093  218  237  185.00000  116.54093  37.0%  38.9  636s
 23253 14242  116.56140  220  238  185.00000  116.56140  37.0%  39.1  640s
 23265 14242  127.17743  221   88  185.00000  116.56757  37.0%  39.4  645s
 23277 14244  123.43108  222   95  185.00000  116.56954  37.0%  39.4  650s
H23304 13521                     172.0000000  116.57033  32.2%  39.6  652s
 23333 13526  125.88870  225   55  172.00000  116.59505  32.2%  39.8  655s
H23337 12840                     171.0000000  116.59505  31.8%  39.8  655s
*23347 12176             226     139.0000000  116.59578  16.1%  39.8  655s
 24075 12226  122.00000  328   55  139.00000  120.00000  13.7%  41.0  660s

Cutting planes:
  Gomory: 1
  Implied bound: 2
  MIR: 108
  Flow cover: 169

Explored 25036 nodes (1052552 simplex iterations) in 661.95 seconds
Thread count was 4 (of 4 available processors)

Solution count 5: 139 171 172 ... 187

Optimal solution found (tolerance 1.00e-04)
Best objective 1.390000000000e+02, best bound 1.390000000000e+02, gap 0.0000%

Gurobi 8.1.1 (win64) logging started 11/23/19 16:35:27

Changed value of parameter LogFile to logs/full/feas/full-07-15-1.log
   Prev: gurobi.log  Default: 
Changed value of parameter LogToConsole to 0
   Prev: 1  Min: 0  Max: 1  Default: 1
Changed value of parameter TimeLimit to 3600.0
   Prev: 1e+100  Min: 0.0  Max: 1e+100  Default: 1e+100
Optimize a model with 1605 rows, 765 columns and 6120 nonzeros
Variable types: 0 continuous, 765 integer (756 binary)
Coefficient statistics:
  Matrix range     [1e+00, 4e+02]
  Objective range  [1e+00, 1e+00]
  Bounds range     [1e+00, 1e+00]
  RHS range        [1e+00, 5e+02]
Presolve time: 0.01s
Presolved: 1605 rows, 765 columns, 6120 nonzeros
Variable types: 0 continuous, 765 integer (756 binary)

Root relaxation: objective 3.600000e+01, 197 iterations, 0.00 seconds

    Nodes    |    Current Node    |     Objective Bounds      |     Work
 Expl Unexpl |  Obj  Depth IntInf | Incumbent    BestBd   Gap | It/Node Time

     0     0   36.00000    0  145          -   36.00000      -     -    0s
     0     0   36.00000    0  158          -   36.00000      -     -    0s
     0     0   39.12661    0  154          -   39.12661      -     -    0s
     0     0   41.54772    0  115          -   41.54772      -     -    0s
     0     0   41.54772    0  109          -   41.54772      -     -    0s
     0     0   42.27271    0  114          -   42.27271      -     -    0s
     0     0   42.27271    0  116          -   42.27271      -     -    0s
     0     0   42.82448    0  121          -   42.82448      -     -    0s
     0     0   42.87535    0  126          -   42.87535      -     -    0s
     0     0   43.35873    0  123          -   43.35873      -     -    0s
     0     0   43.35873    0  123          -   43.35873      -     -    0s
     0     0   44.28559    0  141          -   44.28559      -     -    0s
     0     0   44.28559    0  132          -   44.28559      -     -    0s
     0     0   44.50068    0  109          -   44.50068      -     -    0s
     0     0   44.53577    0  101          -   44.53577      -     -    0s
     0     0   44.56191    0  126          -   44.56191      -     -    0s
     0     0   44.56191    0  127          -   44.56191      -     -    0s
     0     0   45.37315    0  145          -   45.37315      -     -    0s
     0     0   45.39609    0  150          -   45.39609      -     -    0s
     0     0   45.39609    0  155          -   45.39609      -     -    0s
     0     0   45.39609    0  156          -   45.39609      -     -    0s
     0     0   45.42040    0  136          -   45.42040      -     -    0s
     0     0   45.42040    0  122          -   45.42040      -     -    0s
     0     0   45.43974    0  136          -   45.43974      -     -    0s
     0     0   45.43974    0  110          -   45.43974      -     -    0s
     0     2   45.43974    0  103          -   45.43974      -     -    0s
 11033  7815 infeasible  256               -   77.00000      -  13.1    5s
 20841 15643  104.76000  213   59          -   79.00000      -  10.0   11s
 46620 37825  334.00000  263   30          -   81.23490      -   6.9   15s
 72817 58233  509.00000  350   31          -   84.02090      -   6.6   20s
 97491 75500  214.00000  209   40          -   88.08063      -   6.8   25s
H106177 44498                     266.0000000   90.00000  66.2%   6.9   26s
 113207 47605  192.00000  144   34  266.00000   91.00000  65.8%   7.1   30s
 127134 54652  248.00000  238   33  266.00000   94.00000  64.7%   7.3   35s
 141876 62549   96.49285  136   97  266.00000   96.00000  63.9%   7.6   40s
 156720 70263  102.00000  162   51  266.00000   98.14806  63.1%   7.9   45s
 170996 78618  136.00000  142   43  266.00000  100.00000  62.4%   8.0   50s
 185147 85777  235.00000  113   53  266.00000  101.31818  61.9%   8.3   55s
 198742 93277  194.35730  221   74  266.00000  103.00000  61.3%   8.4   60s
 208031 98279  155.00000   50  110  266.00000  103.00000  61.3%   8.4   71s
 208050 98294  103.00000   24  132  266.00000  103.00000  61.3%   8.5   76s
 208055 98298  103.00000   26  140  266.00000  103.00000  61.3%   8.5   80s
 208081 98304  103.00000   29  211  266.00000  103.00000  61.3%   8.6   85s
 208180 98346  103.00000   37  101  266.00000  103.00000  61.3%   8.8   90s
 208435 98496  103.00000   55   94  266.00000  103.00000  61.3%   9.0   95s
 209812 99219  135.00000  160   39  266.00000  103.00000  61.3%   9.2  101s
 215731 101959  142.00000  140   36  266.00000  103.00000  61.3%   9.3  105s
 221622 104599  112.00000   73   70  266.00000  103.00000  61.3%   9.5  110s
 228481 107830  103.00000   56  115  266.00000  103.00000  61.3%   9.6  115s
 235553 111442  118.00000   71   86  266.00000  103.00000  61.3%   9.8  120s
H241843 107776                     221.0000000  103.00000  53.4%   9.9  124s
 242030 107797 infeasible  311       221.00000  103.00000  53.4%   9.9  125s
H249167 105093                     212.0000000  103.00000  51.4%  10.1  131s
 249185 105107  103.00000   39  118  212.00000  103.00000  51.4%  10.2  136s
 249200 105107  103.00000   42   87  212.00000  103.00000  51.4%  10.2  140s
 249255 105113  181.81950   46  168  212.00000  103.00000  51.4%  10.3  145s
 249428 105155  103.00000   59   83  212.00000  103.00000  51.4%  10.5  150s
 250392 105594  103.00000  128   89  212.00000  103.00000  51.4%  10.9  155s
 252205 106370  103.00000  226   80  212.00000  103.00000  51.4%  11.2  160s
 257189 108938 infeasible  310       212.00000  103.00000  51.4%  11.5  165s
H262894 105903                     211.0000000  103.00000  51.2%  11.7  169s
 262925 105924  104.00000  268   86  211.00000  103.00000  51.2%  11.7  170s
 269950 109368     cutoff  209       211.00000  103.00000  51.2%  11.8  175s
 270789 109800  103.00000  183  110  211.00000  103.00000  51.2%  11.8  203s
 270800 109807  210.00000  297  114  211.00000  103.00000  51.2%  11.8  205s
 270815 109816  150.91422   52  194  211.00000  103.00000  51.2%  11.9  211s
 270833 109815  111.80194   54  231  211.00000  103.00000  51.2%  11.9  215s
 270918 109844  103.00000   61   75  211.00000  103.00000  51.2%  12.0  220s
 271052 109892  144.00000   73  108  211.00000  103.00000  51.2%  12.2  225s
 271369 110043  147.00000  114  113  211.00000  103.00000  51.2%  12.5  230s
 272275 110364  176.00000  277   61  211.00000  103.00000  51.2%  12.8  236s
 274318 111147  103.00000   81  145  211.00000  103.00000  51.2%  12.9  240s
 281167 114489  103.00000  237   62  211.00000  103.00000  51.2%  13.1  245s
 290017 118206  103.00000  150   50  211.00000  103.00000  51.2%  13.3  250s
 297292 121155 infeasible  237       211.00000  103.00000  51.2%  13.4  255s
 303926 123987  114.00000   89   57  211.00000  103.00000  51.2%  13.5  260s
 310917 127215  103.00000  331   48  211.00000  103.00000  51.2%  13.7  265s
 318629 129913 infeasible  330       211.00000  103.00000  51.2%  13.9  270s
 324557 131973  132.74138  262   54  211.00000  103.00000  51.2%  14.1  275s
 329811 133768 infeasible  198       211.00000  103.00000  51.2%  14.2  280s
 338948 136807  166.00000  277   40  211.00000  103.00000  51.2%  14.3  285s
 344634 138539 infeasible  347       211.00000  103.00000  51.2%  14.5  290s
 349460 140034  134.00000  103   68  211.00000  103.00000  51.2%  14.6  295s
 355688 142228 infeasible  265       211.00000  103.00000  51.2%  14.7  300s
 364982 144275  125.00000   98   37  211.00000  103.00000  51.2%  14.8  305s
 372622 146356 infeasible  210       211.00000  103.00000  51.2%  14.8  310s
 379867 148075 infeasible  320       211.00000  103.00000  51.2%  14.9  315s
 390163 151254  146.00000  216   34  211.00000  103.00000  51.2%  14.9  320s
 398048 153483  158.00000  112   43  211.00000  103.00000  51.2%  15.0  325s
 401604 153940  132.68715  216   58  211.00000  103.00000  51.2%  15.1  330s
 410708 156009  164.00000  204   31  211.00000  103.00000  51.2%  15.1  335s
 420045 159211 infeasible  245       211.00000  103.00000  51.2%  15.1  340s
 429386 162112  144.00000  189   41  211.00000  103.00000  51.2%  15.1  345s
 437801 164892 infeasible  284       211.00000  103.00000  51.2%  15.1  350s
H440881 155839                     200.0000000  103.00000  48.5%  15.1  352s
H442312 150185                     199.0000000  103.00000  48.2%  15.2  353s
 445201 150851 infeasible  197       199.00000  103.00000  48.2%  15.2  355s
H447890 142835                     194.0000000  103.00000  46.9%  15.2  358s
 448348 142854 infeasible  347       194.00000  103.00000  46.9%  15.2  360s
 456164 144241  160.97071  296   52  194.00000  104.00000  46.4%  15.3  365s
 460172 145586  160.00000  375  110  194.00000  104.00000  46.4%  15.3  406s
H460177 138309                     192.0000000  104.00000  45.8%  15.3  406s
 460185 138316  104.00000   61  106  192.00000  104.00000  45.8%  15.3  410s
H460186 131399                     190.0000000  104.00000  45.3%  15.3  410s
 460211 131402  104.00000   65  102  190.00000  104.00000  45.3%  15.3  416s
 460328 131437  104.00000   74   96  190.00000  104.00000  45.3%  15.4  420s
 461012 131738  104.00000   99   64  190.00000  104.00000  45.3%  15.5  425s
 464075 133035  104.00000  169   56  190.00000  104.00000  45.3%  15.6  430s
 467480 134579  110.00000  187   68  190.00000  104.00000  45.3%  15.7  435s
 472922 137360  104.00000  251   95  190.00000  104.00000  45.3%  15.7  440s
 478555 138728 infeasible  292       190.00000  104.00000  45.3%  15.7  445s
 482664 139687  120.60871  273   51  190.00000  104.00000  45.3%  15.8  450s
 490159 142274  104.00000  187   81  190.00000  104.00000  45.3%  15.9  455s
 495037 143687  104.00000  165   64  190.00000  104.00000  45.3%  15.9  460s
 500143 145195  118.00000  131   49  190.00000  104.00000  45.3%  16.0  465s
H501006 131871                     162.0000000  104.00000  35.8%  16.0  466s
 503083 132214  132.00000  303  110  162.00000  104.00000  35.8%  16.0  470s
 503092 132218  104.00000   76  101  162.00000  104.00000  35.8%  16.0  475s
 503144 132218  104.00000   84   98  162.00000  104.00000  35.8%  16.0  480s
 503369 132260  104.00000  112   88  162.00000  104.00000  35.8%  16.1  485s
 504238 132556  104.00000  180   84  162.00000  104.00000  35.8%  16.2  490s
 507330 133519  142.64166  111  130  162.00000  104.00000  35.8%  16.3  495s
*510645 127947             205     160.0000000  104.00000  35.0%  16.3  497s
H510819 120721                     141.0000000  104.00000  26.2%  16.3  497s
 513841 121598  107.00000  135   54  141.00000  104.00000  26.2%  16.3  500s
 519040 122876  113.00000  108   46  141.00000  104.00000  26.2%  16.4  505s
 524177 124296  140.00000  129  110  141.00000  104.00000  26.2%  16.4  541s
 524199 124301 infeasible   89       141.00000  104.00000  26.2%  16.4  545s
 524316 124323  104.00000  111  112  141.00000  104.00000  26.2%  16.5  550s
 525950 125061  115.55956  258   45  141.00000  104.00000  26.2%  16.5  555s
 528298 125956  122.95654  130   49  141.00000  104.00000  26.2%  16.6  560s
 534400 127661 infeasible  285       141.00000  104.00000  26.2%  16.6  565s
 540563 129136     cutoff  257       141.00000  104.00000  26.2%  16.6  570s
 544402 129233     cutoff  127       141.00000  104.00000  26.2%  16.7  575s
 545795 129572     cutoff  102       141.00000  104.00000  26.2%  16.7  580s
 545855 129560  119.00000  110   73  141.00000  104.00000  26.2%  16.7  585s
 546299 129637  128.00000  173   68  141.00000  104.00000  26.2%  16.8  590s
 548853 130453  104.00000  244   62  141.00000  104.00000  26.2%  16.9  595s
 554834 132280  104.00000  204   40  141.00000  104.00000  26.2%  16.9  600s
 564762 135518  134.12473  215   47  141.00000  104.00000  26.2%  16.9  605s
 573127 138002 infeasible  191       141.00000  104.00000  26.2%  16.9  610s
 584519 141541  125.00000  164   33  141.00000  104.00000  26.2%  16.9  615s
 595746 144856  104.00000  172   85  141.00000  104.00000  26.2%  16.9  620s
 605529 147004 infeasible  269       141.00000  104.00000  26.2%  16.9  625s
 612684 149205  116.00000  139   38  141.00000  104.00000  26.2%  16.9  630s
 620305 151509  128.00000  171   52  141.00000  104.00000  26.2%  16.9  635s
 628147 153691  108.41998  224   68  141.00000  104.00000  26.2%  16.9  640s
 634936 155211 infeasible  206       141.00000  104.00000  26.2%  16.9  645s
 641426 156340  116.00000  198   33  141.00000  104.00000  26.2%  16.9  650s
 649114 157140  126.17073  205   33  141.00000  104.00000  26.2%  16.9  655s
 657430 158456  115.00000  164   41  141.00000  104.00000  26.2%  16.9  660s
 666896 160871  125.00000  176   45  141.00000  104.00000  26.2%  16.9  665s
 674851 162462  124.00000  155   41  141.00000  104.39769  26.0%  17.0  670s
 680715 162500  125.00000  199   34  141.00000  105.00000  25.5%  17.0  675s
 684485 163187 infeasible  211       141.00000  105.00000  25.5%  17.0  680s
 688908 163546 infeasible  235       141.00000  105.00000  25.5%  17.0  685s
 695475 163024 infeasible  213       141.00000  106.00000  24.8%  17.0  690s
 701969 162333 infeasible  197       141.00000  106.00000  24.8%  17.1  695s
 708068 161340 infeasible  232       141.00000  107.00000  24.1%  17.1  700s
 715480 161638 infeasible  205       141.00000  107.16912  24.0%  17.1  705s
 722205 160442  126.00000  163   42  141.00000  108.00000  23.4%  17.2  710s
 724466 160431  118.00000  215   44  141.00000  108.00000  23.4%  17.2  715s
 729872 158721     cutoff  293       141.00000  108.75863  22.9%  17.3  720s
 734894 156882 infeasible  197       141.00000  109.00000  22.7%  17.3  725s
 742036 156319     cutoff  208       141.00000  109.00000  22.7%  17.4  730s
 748748 154833 infeasible  307       141.00000  110.00000  22.0%  17.4  735s
 756189 153695  118.00000  190   37  141.00000  110.00000  22.0%  17.5  740s
 760348 152600  121.00000  160   36  141.00000  110.53961  21.6%  17.5  745s
 765914 150376 infeasible  204       141.00000  111.00000  21.3%  17.6  750s
 771802 149260 infeasible  193       141.00000  111.00000  21.3%  17.6  755s
 779917 147713 infeasible  176       141.00000  112.00000  20.6%  17.6  760s
 785216 146331  112.00000  187   49  141.00000  112.00000  20.6%  17.6  765s
 790496 144249 infeasible  239       141.00000  112.30229  20.4%  17.7  770s
 795393 141605 infeasible  276       141.00000  113.00000  19.9%  17.7  775s
 801132 139667 infeasible  193       141.00000  113.00000  19.9%  17.7  780s
 805991 136779  114.00000  180   32  141.00000  114.00000  19.1%  17.8  785s
 810153 135126  129.00000  182   31  141.00000  114.00000  19.1%  17.9  790s
 813916 133069     cutoff  138       141.00000  114.00000  19.1%  17.9  795s
 818826 130269 infeasible  257       141.00000  115.00000  18.4%  18.0  800s
 823602 127119 infeasible  191       141.00000  115.00000  18.4%  18.0  805s
 829491 123268  120.00000  140   28  141.00000  116.00000  17.7%  18.0  810s
 834011 120620 infeasible  199       141.00000  116.00000  17.7%  18.1  815s
 839323 118115  122.00000  139   60  141.00000  116.00000  17.7%  18.1  820s
 844221 115542 infeasible  186       141.00000  117.00000  17.0%  18.1  825s
 848083 113037 infeasible  265       141.00000  117.00000  17.0%  18.2  830s
 851664 111039  138.00000  164   41  141.00000  117.00000  17.0%  18.2  835s
 856450 106840     cutoff  210       141.00000  118.00000  16.3%  18.2  840s
 860299 104456 infeasible  203       141.00000  118.00000  16.3%  18.3  845s
 864466 101864 infeasible  269       141.00000  118.00000  16.3%  18.3  850s
 868708 98204 infeasible  175       141.00000  119.00000  15.6%  18.3  855s
 870899 96057  136.07143  130   38  141.00000  119.00000  15.6%  18.4  860s
 874830 93323 infeasible  259       141.00000  119.33846  15.4%  18.4  865s
 880056 89417  138.00000  185   35  141.00000  120.00000  14.9%  18.4  870s
 881027 88608 infeasible  212       141.00000  120.00000  14.9%  18.4  875s
 884463 85990 infeasible  185       141.00000  120.00000  14.9%  18.5  880s
 888641 82285  126.00000  187   48  141.00000  121.00000  14.2%  18.5  885s
 892930 78975 infeasible  215       141.00000  121.00000  14.2%  18.5  890s
 897320 75612 infeasible  168       141.00000  122.00000  13.5%  18.5  895s
 901844 71680 infeasible  260       141.00000  122.00000  13.5%  18.6  900s
 906041 67652 infeasible  203       141.00000  123.00000  12.8%  18.6  905s
 909450 64434 infeasible  266       141.00000  123.00000  12.8%  18.6  910s
 913998 59331     cutoff  219       141.00000  124.00000  12.1%  18.6  915s
 916904 56538 infeasible  203       141.00000  124.00000  12.1%  18.7  920s
 921938 50768 infeasible  223       141.00000  125.00000  11.3%  18.7  925s
 926591 45363 infeasible  190       141.00000  126.00000  10.6%  18.7  930s
 929297 42203  126.00000  227   36  141.00000  126.00000  10.6%  18.7  935s
 933686 37220 infeasible  255       141.00000  127.00000  9.93%  18.7  940s
 938444 33061  137.45854  177   28  141.00000  128.00000  9.22%  18.7  945s
 943177 29199  133.72619  243   42  141.00000  128.00000  9.22%  18.7  950s
 950737 22287 infeasible  202       141.00000  130.00000  7.80%  18.7  956s
 955272 18337 infeasible  193       141.00000  131.00000  7.09%  18.7  960s
 963791 10383 infeasible  160       141.00000  134.00000  4.96%  18.6  965s

Cutting planes:
  Learned: 2
  Gomory: 11
  MIR: 10
  StrongCG: 2
  Flow cover: 63

Explored 974364 nodes (18119780 simplex iterations) in 969.70 seconds
Thread count was 4 (of 4 available processors)

Solution count 10: 141 160 162 ... 212

Optimal solution found (tolerance 1.00e-04)
Best objective 1.410000000000e+02, best bound 1.410000000000e+02, gap 0.0000%

Gurobi 8.1.1 (win64) logging started 11/23/19 16:51:37

Changed value of parameter LogFile to logs/full/feas/full-07-15-1.log
   Prev: gurobi.log  Default: 
Changed value of parameter LogToConsole to 0
   Prev: 1  Min: 0  Max: 1  Default: 1
Changed value of parameter TimeLimit to 3600.0
   Prev: 1e+100  Min: 0.0  Max: 1e+100  Default: 1e+100
Optimize a model with 1253 rows, 596 columns and 4760 nonzeros
Variable types: 0 continuous, 596 integer (588 binary)
Coefficient statistics:
  Matrix range     [1e+00, 4e+02]
  Objective range  [1e+00, 1e+00]
  Bounds range     [1e+00, 1e+00]
  RHS range        [1e+00, 5e+02]
Presolve time: 0.02s
Presolved: 1253 rows, 596 columns, 4760 nonzeros
Variable types: 0 continuous, 596 integer (588 binary)

Root relaxation: objective 2.800000e+01, 246 iterations, 0.00 seconds

    Nodes    |    Current Node    |     Objective Bounds      |     Work
 Expl Unexpl |  Obj  Depth IntInf | Incumbent    BestBd   Gap | It/Node Time

     0     0   28.00000    0  173          -   28.00000      -     -    0s
     0     0   29.66464    0  176          -   29.66464      -     -    0s
     0     0   34.58793    0  191          -   34.58793      -     -    0s
     0     0   34.78845    0  162          -   34.78845      -     -    0s
     0     0   34.78942    0  161          -   34.78942      -     -    0s
     0     0   36.29815    0  136          -   36.29815      -     -    0s
     0     0   36.29815    0  129          -   36.29815      -     -    0s
     0     0   37.04844    0  170          -   37.04844      -     -    0s
     0     0   37.04844    0  165          -   37.04844      -     -    0s
     0     0   38.23271    0  147          -   38.23271      -     -    0s
     0     0   38.23271    0  145          -   38.23271      -     -    0s
     0     0   38.36703    0  265          -   38.36703      -     -    0s
     0     0   38.44714    0  270          -   38.44714      -     -    0s
     0     0   38.44989    0  273          -   38.44989      -     -    0s
     0     0   38.50096    0  222          -   38.50096      -     -    0s
     0     0   38.51554    0  224          -   38.51554      -     -    0s
     0     0   38.51916    0  225          -   38.51916      -     -    0s
     0     0   38.52705    0  226          -   38.52705      -     -    0s
     0     0   38.52705    0  200          -   38.52705      -     -    0s
     0     2   38.52705    0  189          -   38.52705      -     -    0s
  4024  2413   88.00000  130  117          -   70.02340      -  27.4    5s
 21190 16416  126.00000  272   53          -   76.00000      -  12.3   16s
 24946 19641 infeasible  559               -   76.00000      -  11.5   20s
 31970 25695 1085.13753  402   64          -   76.10200      -  10.3   25s
 43847 34499  103.00000  195   64          -   78.00000      -   9.9   30s
 63223 50621 infeasible  161               -   80.00000      -   9.5   35s
 75548 59151   94.00000  272   65          -   81.00000      -   9.3   40s
 89448 67376  313.00000  211   44          -   81.00000      -   9.0   45s
 102265 75386  262.00000  265   50          -   82.00000      -   8.8   50s
 118126 86043   88.00000  233   68          -   83.00000      -   8.9   55s
 134284 95579 2837.49933  787   50          -   84.00000      -   8.9   60s
 140700 96483 infeasible 2636               -   84.00000      -   8.8   65s
 149093 97830 infeasible 5217               -   84.00000      -   8.8   70s
 160083 102060  936.49466  437   69          -   84.00000      -   8.7   75s
H165569 100953                    11045.000000   84.00000  99.2%   8.6   77s
H165669 49689                     197.0000000   84.00000  57.4%   8.6   77s
 166471 49886 infeasible  179       197.00000   85.00000  56.9%   8.7   80s
 169785 50938 infeasible  145       197.00000   86.00000  56.3%   9.0   85s
 178188 55129   95.00000   72  108  197.00000   88.00000  55.3%   9.6   90s
 182448 56635 infeasible  273       197.00000   89.00000  54.8%  10.0   95s
 188890 59339  106.00000  224   74  197.00000   90.00000  54.3%  10.5  100s
 196489 62373   95.20378  259   67  197.00000   92.00000  53.3%  10.9  105s
 205154 65931  112.00000  192   47  197.00000   93.00000  52.8%  11.3  110s
 212582 68195  115.00000  121   68  197.00000   94.00000  52.3%  11.5  115s
 218723 70756   98.00000  154   65  197.00000   95.00000  51.8%  11.8  120s
 227159 74898  126.00000  164   38  197.00000   96.00000  51.3%  12.1  125s
 236534 79595   96.00000  190   73  197.00000   96.00000  51.3%  12.3  130s
 240504 81782 infeasible  217       197.00000   96.49220  51.0%  12.5  135s
 249050 84739 infeasible   94       197.00000   97.00000  50.8%  12.6  140s
 255609 87305  153.00000  187   38  197.00000   98.00000  50.3%  12.8  145s
 263512 91307  116.00000  115   50  197.00000   98.00000  50.3%  13.0  150s
 273174 96554   99.00000   97   45  197.00000   99.00000  49.7%  13.0  155s
 282646 101041 infeasible  285       197.00000   99.00000  49.7%  13.1  160s
 283766 101781  190.07692  251  200  197.00000   99.00000  49.7%  13.1  180s
 283816 101814  168.00000  307  163  197.00000   99.00000  49.7%  13.1  185s
H283836 96727                     189.0000000   99.00000  47.6%  13.2  192s
 283937 96739   99.00000   39  148  189.00000   99.00000  47.6%  13.2  195s
 284222 96853 infeasible   56       189.00000   99.00000  47.6%  13.3  200s
 285131 97214   99.00000  130  102  189.00000   99.00000  47.6%  13.5  205s
 286858 97615  110.12715  151   99  189.00000   99.00000  47.6%  13.8  210s
 288930 98522   99.00000   90   72  189.00000   99.00000  47.6%  14.0  215s
 293024 100548  100.00000  119   68  189.00000   99.00000  47.6%  14.1  220s
 297754 102760  137.57599  169   53  189.00000   99.00000  47.6%  14.2  225s
 299627 103625  108.00000  100   51  189.00000   99.00000  47.6%  14.3  230s
 303419 105128  128.00000  239   46  189.00000   99.00000  47.6%  14.4  235s
 307279 106834  121.18972  174   76  189.00000   99.00000  47.6%  14.5  240s
 311902 108653  112.00000  112   89  189.00000   99.00000  47.6%  14.6  245s
 314237 109522  114.00000   61   41  189.00000   99.00000  47.6%  14.8  250s
 316916 110458  115.20831  133   89  189.00000   99.00000  47.6%  14.9  255s
 322033 112604  116.00000  192   45  189.00000   99.00000  47.6%  15.0  260s
 324503 113703  102.00000  198   69  189.00000   99.00000  47.6%  15.1  265s
 326749 114746  119.29870  177   52  189.00000   99.00000  47.6%  15.2  270s
 330322 116314  115.00000   75   40  189.00000   99.00000  47.6%  15.4  275s
 334943 117982     cutoff  129       189.00000   99.00000  47.6%  15.4  280s
 338805 119596 infeasible  146       189.00000   99.00000  47.6%  15.5  285s
 342491 121322  112.00000  152   43  189.00000   99.00000  47.6%  15.6  290s
 344707 122306  107.00000  185   55  189.00000   99.00000  47.6%  15.7  295s
 347866 123731  125.69795  210   59  189.00000   99.00000  47.6%  15.8  300s
 351891 125353  113.00000  170   44  189.00000   99.00000  47.6%  15.9  305s
 355691 126806  110.00000  113   60  189.00000   99.00000  47.6%  16.0  310s
 359023 128092  113.00000  182   45  189.00000   99.00000  47.6%  16.0  315s
 362176 129353  119.16995  195   57  189.00000   99.00000  47.6%  16.1  320s
 364382 130004  103.00000  164   56  189.00000   99.00000  47.6%  16.2  326s
 366360 130849 infeasible  206       189.00000   99.00000  47.6%  16.2  330s
 369969 132465  124.00000  103   34  189.00000   99.00000  47.6%  16.3  335s
 374831 134390 infeasible  198       189.00000   99.00000  47.6%  16.3  340s
 378578 135876  183.51094  150   56  189.00000   99.00000  47.6%  16.4  345s
 382898 137225   99.00000  123   60  189.00000   99.00000  47.6%  16.4  350s
 387506 138907  114.00000  114   71  189.00000   99.00000  47.6%  16.5  355s
 389665 139813 infeasible  237       189.00000   99.00000  47.6%  16.6  360s
 391902 140660  115.00000  113   48  189.00000   99.00000  47.6%  16.7  365s
 394142 141400  129.68679  211   63  189.00000   99.00000  47.6%  16.8  370s
 397362 142583 infeasible  242       189.00000   99.00000  47.6%  16.9  375s
 402178 144674 infeasible  122       189.00000   99.00000  47.6%  16.9  380s
 406719 146145     cutoff  111       189.00000   99.00000  47.6%  17.0  385s
 410083 147295 infeasible  112       189.00000   99.00000  47.6%  17.0  390s
 410504 147429  115.15487  136   60  189.00000   99.00000  47.6%  17.0  395s
 414062 148724 infeasible  211       189.00000   99.00000  47.6%  17.1  400s
 417336 149914  111.00000  201   46  189.00000   99.00000  47.6%  17.1  405s
 420617 150968  103.00000  102   52  189.00000   99.00000  47.6%  17.2  410s
 423182 151925  116.00000  176   49  189.00000   99.00000  47.6%  17.3  415s
 427034 153179  101.00000  127   81  189.00000   99.00000  47.6%  17.4  420s
 430924 154318  113.43544  142   47  189.00000   99.00000  47.6%  17.4  425s
 435978 155935  119.00000  164   58  189.00000   99.00000  47.6%  17.4  430s
 439927 157295  151.27874  188   60  189.00000   99.00000  47.6%  17.4  435s
 443979 158463 infeasible  175       189.00000   99.00000  47.6%  17.5  440s
 447576 159828  115.01418  119   79  189.00000   99.00000  47.6%  17.5  445s
 451186 161048 infeasible  213       189.00000   99.00000  47.6%  17.5  450s
 455030 162574  120.47619  215   62  189.00000   99.00000  47.6%  17.6  455s
 457909 163697  143.00000  113   65  189.00000   99.00000  47.6%  17.6  462s
 458186 163750  130.19034  157   54  189.00000   99.00000  47.6%  17.7  465s
 461364 164932 infeasible  212       189.00000   99.00000  47.6%  17.7  470s
 464865 166077  112.00000  219   66  189.00000   99.00000  47.6%  17.8  475s
 467821 167231  107.32396  205   49  189.00000   99.14351  47.5%  17.9  480s
 471552 168604  121.19064  160   50  189.00000  100.00000  47.1%  17.9  485s
 474834 169742  121.42914  142   63  189.00000  100.00000  47.1%  18.0  490s
 476519 170383  103.00000  117   51  189.00000  100.00000  47.1%  18.0  495s
 481449 172104 infeasible  201       189.00000  100.00000  47.1%  18.0  500s
 486123 173839  105.00000  124   50  189.00000  100.00000  47.1%  18.0  505s
 491082 175783  148.00000  212   36  189.00000  100.00000  47.1%  18.0  510s
 495319 177227  170.00866  136   48  189.00000  100.00000  47.1%  18.0  515s
 499898 179061  124.55922  112   67  189.00000  100.00000  47.1%  18.0  520s
 503233 180173  103.09579  159   71  189.00000  100.00000  47.1%  18.0  525s
 506079 181134  121.86659  135   68  189.00000  100.00000  47.1%  18.0  530s
 510881 182761  168.39817  176   50  189.00000  100.00000  47.1%  18.1  535s
 513666 183607  160.19384  201   49  189.00000  100.00000  47.1%  18.1  540s
 516981 184797  123.64341  251   47  189.00000  100.00000  47.1%  18.1  545s
 520005 185635     cutoff  239       189.00000  100.00000  47.1%  18.2  550s
 521297 186000  116.08435  141   55  189.00000  100.00000  47.1%  18.2  555s
 523858 186922  144.97622  156   55  189.00000  100.00000  47.1%  18.3  560s
 527536 188327  131.00000  139   55  189.00000  100.00000  47.1%  18.3  565s
 531296 189804 infeasible  101       189.00000  100.00000  47.1%  18.4  570s
 534262 191033  109.76064  162   46  189.00000  100.01851  47.1%  18.4  575s
 540143 192728  122.78632  131   47  189.00000  101.00000  46.6%  18.4  580s
 545592 194386  113.03122  177   49  189.00000  101.00000  46.6%  18.4  585s
 550265 195565  140.05970  210   44  189.00000  101.00000  46.6%  18.4  590s
 554690 196983  128.18762  189   49  189.00000  101.00000  46.6%  18.4  595s
 559480 198730  135.00000  145   42  189.00000  101.00000  46.6%  18.4  600s
 564821 200398  115.00000  171   55  189.00000  101.00000  46.6%  18.4  605s
 569296 201719  105.00000  157   59  189.00000  101.00000  46.6%  18.5  610s
 574134 203298  116.00000  143   45  189.00000  101.00000  46.6%  18.5  615s
 578586 206490  110.00000  191   63  189.00000  101.00000  46.6%  18.5  620s
 582596 209263 infeasible  191       189.00000  101.00000  46.6%  18.5  625s
 587596 212639     cutoff  215       189.00000  101.00000  46.6%  18.5  630s
 591084 215088  117.54935   76   65  189.00000  101.00000  46.6%  18.6  635s
 595494 218208  134.71963  216   57  189.00000  101.00000  46.6%  18.6  640s
 599297 221138 infeasible  179       189.00000  101.00000  46.6%  18.6  645s
 602660 223836  127.87850   86   95  189.00000  101.00000  46.6%  18.7  652s
 603973 224828  119.65555  147   88  189.00000  101.00000  46.6%  18.7  655s
 607231 227252  113.00000   99  108  189.00000  101.00000  46.6%  18.8  660s
 611145 230320  112.00000  155   79  189.00000  101.00000  46.6%  18.8  665s
 615088 232476 infeasible  207       189.00000  101.28523  46.4%  18.9  670s
 619759 235309  106.00000  136   37  189.00000  102.00000  46.0%  18.9  675s
 625135 238483  127.00000  130   34  189.00000  102.00000  46.0%  18.9  680s
 628953 240548  112.18182  152   60  189.00000  102.00000  46.0%  18.9  685s
 633604 243470 infeasible  156       189.00000  102.00000  46.0%  18.9  690s
 639007 246783  118.10274  153   63  189.00000  102.00000  46.0%  18.9  695s
 643844 250083  103.00000  133   65  189.00000  102.00000  46.0%  18.9  700s
 648128 253056  111.00000  136   51  189.00000  102.00000  46.0%  18.9  705s
 653256 256215 infeasible   79       189.00000  102.00000  46.0%  18.9  710s
 657640 258983  120.00000  174   43  189.00000  102.00000  46.0%  18.9  715s
 661695 261465  120.00000  152   63  189.00000  102.00000  46.0%  18.9  720s
 666859 264814  126.00000  197   28  189.00000  102.00000  46.0%  18.9  725s
 669328 266326  114.74568  207   62  189.00000  102.00000  46.0%  19.0  730s
 672966 268773     cutoff  208       189.00000  102.00000  46.0%  19.0  735s
 677197 271384  134.29586  160   76  189.00000  102.00000  46.0%  19.0  740s
 680619 273743  132.00000  222   43  189.00000  102.00000  46.0%  19.0  745s
 684395 276421 infeasible  238       189.00000  102.00000  46.0%  19.1  750s
 688043 278984  149.00000  128   45  189.00000  102.00000  46.0%  19.1  755s
 690768 281042  117.14565  118   87  189.00000  102.00000  46.0%  19.1  760s
 693478 283137     cutoff  104       189.00000  102.00000  46.0%  19.2  765s
 696584 285660  161.00000  107   39  189.00000  102.00000  46.0%  19.2  770s
 700233 287438  134.33838  152   58  189.00000  102.25186  45.9%  19.3  775s
 702527 288642  142.00000  135   53  189.00000  103.00000  45.5%  19.3  781s
H702531 286825                     187.0000000  103.00000  44.9%  19.3  781s
 705671 288804  152.53719  118   64  187.00000  103.00000  44.9%  19.3  785s
H706936 289218                     185.0000000  103.00000  44.3%  19.3  786s
 711555 292519  107.00000  108   43  185.00000  103.00000  44.3%  19.2  790s
 713061 293627  143.00000  135  200  185.00000  103.00000  44.3%  19.2  817s
 713082 293641  153.00000   85  172  185.00000  103.00000  44.3%  19.2  820s
 713141 293643  164.98272   44   95  185.00000  103.00000  44.3%  19.3  825s
 713456 293723  103.00000   65   95  185.00000  103.00000  44.3%  19.3  830s
 714892 294305     cutoff  116       185.00000  103.00000  44.3%  19.4  835s
 717285 295266 infeasible   95       185.00000  103.00000  44.3%  19.5  840s
 719743 296316 infeasible  177       185.00000  103.00000  44.3%  19.7  846s
H719747 281603                     179.0000000  103.00000  42.5%  19.7  846s
 720562 281924  103.00000  223   49  179.00000  103.00000  42.5%  19.7  850s
 722997 283017  113.00000  100   44  179.00000  103.00000  42.5%  19.8  855s
 727407 285090  103.00000  193   82  179.00000  103.00000  42.5%  19.9  860s
 729412 285939  152.09187  155   52  179.00000  103.00000  42.5%  20.0  865s
 732491 287370  120.00000  109   49  179.00000  103.00000  42.5%  20.1  870s
 735393 288461  103.00000  122   75  179.00000  103.00000  42.5%  20.2  875s
 737421 289402  133.00000  188   51  179.00000  103.00000  42.5%  20.4  880s
 739717 290217  116.00000  104   44  179.00000  103.00000  42.5%  20.5  885s
 741783 291117  113.00000  134   60  179.00000  103.00000  42.5%  20.6  890s
 743832 292016  139.23487   97   76  179.00000  103.00000  42.5%  20.7  896s
 745769 292840  144.60390  196   58  179.00000  103.00000  42.5%  20.8  900s
 747711 293279  160.00000   86   39  179.00000  103.00000  42.5%  20.9  905s
 749084 293881     cutoff  200       179.00000  103.00000  42.5%  21.0  910s
 749948 294199  113.00000  134   46  179.00000  103.00000  42.5%  21.1  915s
 751440 294664  112.61883   76   71  179.00000  103.00000  42.5%  21.2  920s
 754219 295882  106.00000  214   47  179.00000  103.00000  42.5%  21.2  925s
 758364 297503  147.16667  141   45  179.00000  103.00000  42.5%  21.3  930s
 761796 298692  164.97467  221   52  179.00000  103.00000  42.5%  21.4  935s
 763760 299276 infeasible  117       179.00000  103.00000  42.5%  21.4  942s
 764833 299628  124.90842  192   62  179.00000  103.00000  42.5%  21.5  945s
 767094 300416  158.16859  221   54  179.00000  103.00000  42.5%  21.6  950s
 768988 301013 infeasible  122       179.00000  103.00000  42.5%  21.7  955s
 771749 302126  160.72708  156   61  179.00000  103.00000  42.5%  21.8  960s
 773716 302605 infeasible  176       179.00000  103.00000  42.5%  22.0  965s
 775598 303104  124.63992  185   62  179.00000  103.00000  42.5%  22.1  970s
 777829 303881 infeasible  223       179.00000  103.00000  42.5%  22.1  975s
 779773 304446  103.00000  183   79  179.00000  103.00000  42.5%  22.2  980s
 781446 304857  103.00000   82   50  179.00000  103.00000  42.5%  22.4  985s
 782595 305160     cutoff  198       179.00000  103.00000  42.5%  22.4  990s
 785022 305730  103.00000  144   55  179.00000  103.00000  42.5%  22.5  995s
 786810 306375  103.00000  161   57  179.00000  103.00000  42.5%  22.6 1000s
 788939 307134 infeasible  113       179.00000  103.00000  42.5%  22.7 1005s
 792529 308509     cutoff  114       179.00000  103.00000  42.5%  22.7 1010s
 794770 309285  106.00000  132   45  179.00000  103.00000  42.5%  22.8 1015s
 797180 310247 infeasible  165       179.00000  103.00000  42.5%  23.0 1020s
 798529 310680  103.00000  156   81  179.00000  103.00000  42.5%  23.0 1025s
 800098 311342  133.67912  218   55  179.00000  103.00000  42.5%  23.1 1030s
 801844 311765  113.00000  160   52  179.00000  103.00000  42.5%  23.3 1035s
 805041 312539  121.71384  151   73  179.00000  103.00000  42.5%  23.4 1040s
 807634 313269  126.00000  101   36  179.00000  103.00000  42.5%  23.4 1045s
 809886 314003  106.85579  102   73  179.00000  103.00000  42.5%  23.5 1050s
 811868 314613  134.21277  212   50  179.00000  103.00000  42.5%  23.6 1055s
 813628 314975  105.00000  179   57  179.00000  103.00000  42.5%  23.7 1060s
 815686 315503  153.99190  168   65  179.00000  103.00000  42.5%  23.8 1065s
 816783 315882  106.00000  131   72  179.00000  103.00000  42.5%  23.9 1070s
 818177 316293     cutoff  111       179.00000  103.00000  42.5%  24.0 1075s
 819317 316616  121.18322  163   77  179.00000  103.00000  42.5%  24.1 1083s
 819394 316635  104.00000   88   59  179.00000  103.00000  42.5%  24.1 1087s
 820384 316856  131.86957  148   56  179.00000  103.00000  42.5%  24.2 1090s
 822032 317251  157.04702  199   66  179.00000  103.00000  42.5%  24.3 1095s
 824349 317836  117.00000  118   40  179.00000  103.00000  42.5%  24.4 1100s
 828520 319484  129.28976  106  101  179.00000  103.00000  42.5%  24.5 1105s
 830980 320121  125.62065  163   49  179.00000  103.00000  42.5%  24.6 1110s
 833231 320793 infeasible  156       179.00000  103.00000  42.5%  24.7 1115s
 835909 321563  103.00000  119   76  179.00000  103.00000  42.5%  24.8 1120s
 838719 322683  150.48676  186   43  179.00000  103.00000  42.5%  24.9 1125s
 840195 323056  115.00000  174   43  179.00000  103.00000  42.5%  24.9 1130s
 841998 323537  122.00000   99   50  179.00000  103.00000  42.5%  25.0 1136s
 843457 323999  107.00000  119   52  179.00000  103.00000  42.5%  25.0 1140s
 845087 324449 infeasible  230       179.00000  103.00000  42.5%  25.1 1145s
 845771 324570  110.83102  166   48  179.00000  103.00000  42.5%  25.2 1150s
 847305 325010  105.00000  162   70  179.00000  103.00000  42.5%  25.2 1156s
 848481 325396  117.00394  199   99  179.00000  103.00000  42.5%  25.3 1160s
 850009 325833  136.00000   90   38  179.00000  103.00000  42.5%  25.4 1165s
 852266 326457  116.00000  172   60  179.00000  103.00000  42.5%  25.5 1170s
 854375 326883  139.00000  196   46  179.00000  103.00000  42.5%  25.5 1175s
 856409 327608  115.44595   96   38  179.00000  103.00000  42.5%  25.6 1180s
 858368 327766  103.00000   78   59  179.00000  103.00000  42.5%  25.6 1185s
 860674 328502  118.66318  136   53  179.00000  103.00000  42.5%  25.7 1190s
 864133 329513  109.20749  156   89  179.00000  103.00000  42.5%  25.7 1195s
 865946 329892  113.77647   89   98  179.00000  103.00000  42.5%  25.8 1200s
 867217 330283  167.00000   68   44  179.00000  103.00000  42.5%  25.8 1205s
 870334 331513  122.00000  209   48  179.00000  103.00000  42.5%  25.9 1210s
 872291 332115  103.00000  169   81  179.00000  103.00000  42.5%  25.9 1215s
 874664 332749  115.00000  163   53  179.00000  103.00000  42.5%  26.0 1220s
 877054 333542  121.00000  116   50  179.00000  103.00000  42.5%  26.1 1225s
 878198 333820 infeasible  211       179.00000  103.00000  42.5%  26.1 1230s
 880536 334329  119.00000   78   43  179.00000  103.00000  42.5%  26.2 1235s
 882699 335009 infeasible  132       179.00000  103.00000  42.5%  26.2 1240s
 883533 335165  110.00000  160   83  179.00000  103.00000  42.5%  26.3 1245s
 885799 335849 infeasible  200       179.00000  103.00000  42.5%  26.4 1250s
 887707 336531  108.46484  228   54  179.00000  103.00000  42.5%  26.5 1255s
 888100 336611  106.00000  210  101  179.00000  103.00000  42.5%  26.5 1260s
 889426 336848  116.30560  183   77  179.00000  103.00000  42.5%  26.6 1265s
 891008 337372  110.92902  174   69  179.00000  103.00000  42.5%  26.6 1270s
 892133 337644  118.00000  143   51  179.00000  103.00000  42.5%  26.7 1275s
 894647 338578 infeasible   97       179.00000  103.00000  42.5%  26.8 1280s
 895715 338849  139.41689  145   65  179.00000  103.00000  42.5%  26.9 1285s
 896124 338937  110.18760  115  118  179.00000  103.00000  42.5%  26.9 1290s
 896928 339026  109.39245   94   53  179.00000  103.00000  42.5%  27.0 1295s
 898509 339192  104.00000  149   65  179.00000  103.00000  42.5%  27.1 1300s
 899679 339397 infeasible   97       179.00000  103.00000  42.5%  27.1 1305s
 901243 339554  113.41205  108   49  179.00000  103.00000  42.5%  27.2 1310s
 904769 340670  124.00000  118   33  179.00000  103.00000  42.5%  27.2 1316s
 907099 341118 infeasible  174       179.00000  103.00000  42.5%  27.3 1320s
 909183 341621  105.00000  115   58  179.00000  103.00000  42.5%  27.3 1325s
 912363 342470  103.00000  148   77  179.00000  103.00000  42.5%  27.3 1330s
 915993 343728  152.00000  132   34  179.00000  103.00000  42.5%  27.4 1335s
 918564 344541  135.96000  128   48  179.00000  103.00000  42.5%  27.4 1340s
 920708 345058  125.07874  160   46  179.00000  103.00000  42.5%  27.5 1345s
 922676 345546  107.00000  163   48  179.00000  103.00000  42.5%  27.5 1350s
 925117 345969  103.00000  161   69  179.00000  103.00000  42.5%  27.5 1355s
 926865 346343 infeasible  158       179.00000  103.00000  42.5%  27.6 1360s
 929028 346807  151.66638  186   71  179.00000  103.00000  42.5%  27.7 1365s
 931134 347459  105.00000  114   52  179.00000  103.00000  42.5%  27.7 1370s
 932811 347865  108.00000  193   40  179.00000  103.00000  42.5%  27.8 1375s
 935030 348562  131.00000  146   39  179.00000  103.00000  42.5%  27.8 1380s
 937141 349150 infeasible  155       179.00000  103.00000  42.5%  27.9 1385s
 939243 349881  107.00000  189   60  179.00000  103.00000  42.5%  27.9 1390s
 941013 350484  157.89117  191   68  179.00000  103.00000  42.5%  28.0 1396s
 941926 350727  118.73493  155   63  179.00000  103.00000  42.5%  28.1 1400s
 943580 351155  128.00000   96   30  179.00000  103.00000  42.5%  28.2 1405s
 944626 351316  103.00000  163  146  179.00000  103.00000  42.5%  28.3 1410s
 945423 351490  103.00000  172  107  179.00000  103.00000  42.5%  28.4 1415s
 947208 351954  103.00000  125   69  179.00000  103.00000  42.5%  28.5 1420s
 949148 352197  109.00000  118   72  179.00000  103.00000  42.5%  28.6 1425s
 949653 352288  117.00000  239   90  179.00000  103.00000  42.5%  28.6 1430s
 951579 352306 infeasible  162       179.00000  103.00000  42.5%  28.7 1435s
 954279 352975     cutoff  112       179.00000  103.00000  42.5%  28.8 1440s
 956547 353436  120.00000  125   44  179.00000  103.00000  42.5%  28.8 1445s
 958377 353958  104.00000  117   42  179.00000  103.00000  42.5%  28.9 1450s
 960340 354533     cutoff  192       179.00000  103.00000  42.5%  28.9 1455s
 962518 355216  166.03776  186   55  179.00000  103.00000  42.5%  28.9 1460s
 965169 355509  103.00000  179   73  179.00000  103.00000  42.5%  29.0 1465s
 967200 356067  111.00000   92   43  179.00000  103.00000  42.5%  29.0 1470s
 969984 356831 infeasible  215       179.00000  103.00000  42.5%  29.1 1475s
 972433 357584 infeasible  196       179.00000  103.00000  42.5%  29.1 1480s
 975065 358170 infeasible  170       179.00000  103.00000  42.5%  29.1 1485s
 976555 358464 infeasible  219       179.00000  103.00000  42.5%  29.2 1490s
 979477 359424  109.00000   99   54  179.00000  103.00000  42.5%  29.2 1495s
 982439 360005 infeasible  117       179.00000  103.00000  42.5%  29.3 1500s
 984504 360516  109.00000  141   50  179.00000  103.00000  42.5%  29.3 1505s
 986639 361016 infeasible  196       179.00000  103.00000  42.5%  29.3 1510s
 988534 361329  111.36339  170   64  179.00000  103.00000  42.5%  29.4 1515s
 989830 361612  115.21856  149  111  179.00000  103.00000  42.5%  29.4 1520s
 992026 362196  115.00000  142   64  179.00000  103.00000  42.5%  29.5 1525s
 993400 362402  113.00000  171   60  179.00000  103.00000  42.5%  29.6 1530s
 995334 362900  109.00000  165   59  179.00000  103.00000  42.5%  29.6 1535s
 997098 363360  156.94363  162   50  179.00000  103.00000  42.5%  29.7 1540s
 998355 363603 infeasible  216       179.00000  103.00000  42.5%  29.7 1545s
 999467 363867  127.50000   60   51  179.00000  103.00000  42.5%  29.8 1550s
 999661 363905  112.00000  156   71  179.00000  103.00000  42.5%  29.8 1555s
 999946 363949 infeasible  134       179.00000  103.00000  42.5%  29.9 1561s
 1001219 364408  125.00000  203   55  179.00000  103.00000  42.5%  29.9 1565s
 1002819 364722  131.75505  195   61  179.00000  103.00000  42.5%  30.0 1571s
 1003823 364808 infeasible  182       179.00000  103.00000  42.5%  30.0 1575s
 1005651 364920  138.48749  214   82  179.00000  103.00000  42.5%  30.1 1580s
 1007052 365030  111.41244  189   63  179.00000  103.00000  42.5%  30.1 1585s
 1009847 365749  118.00000  134   34  179.00000  103.00000  42.5%  30.1 1590s
 1012951 366340  105.00000   97   52  179.00000  103.00000  42.5%  30.1 1595s
 1015655 366939  145.00000  121   41  179.00000  103.00000  42.5%  30.2 1600s
 1018045 367598  116.00000   75   54  179.00000  103.00000  42.5%  30.2 1605s
 1020455 368236  144.48075  152   44  179.00000  103.00000  42.5%  30.2 1610s
 1022723 368765 infeasible  127       179.00000  103.00000  42.5%  30.3 1615s
 1025420 369449     cutoff  192       179.00000  103.00000  42.5%  30.3 1620s
 1027711 370075  116.00000  148   43  179.00000  103.00000  42.5%  30.3 1625s
 1029695 370527  151.00000  114   32  179.00000  103.00000  42.5%  30.4 1630s
 1032605 371344 infeasible  147       179.00000  103.00000  42.5%  30.4 1635s
 1034221 371551  103.00000  155   55  179.00000  103.00000  42.5%  30.4 1640s
 1036183 371941 infeasible  168       179.00000  103.00000  42.5%  30.5 1645s
 1038167 372039 infeasible  126       179.00000  103.00000  42.5%  30.5 1650s
 1039845 372363 infeasible  190       179.00000  103.00000  42.5%  30.6 1655s
 1041467 372587  115.00000  168   40  179.00000  103.00000  42.5%  30.6 1660s
 1044734 373483 infeasible  191       179.00000  103.00000  42.5%  30.6 1667s
 1045104 373473 infeasible   96       179.00000  103.00000  42.5%  30.6 1670s
 1047103 373982  103.00000  190   64  179.00000  103.00000  42.5%  30.7 1675s
 1049344 374615 infeasible  130       179.00000  103.00000  42.5%  30.7 1680s
 1051067 375051  110.00000  146   73  179.00000  103.00000  42.5%  30.8 1685s
 1053019 375399 infeasible  140       179.00000  103.00000  42.5%  30.8 1690s
 1054525 375612  122.00000  146   36  179.00000  103.00000  42.5%  30.9 1695s
 1056665 376173  110.07497  185  120  179.00000  103.00000  42.5%  30.9 1700s
 1057640 376185  122.06464   73   55  179.00000  103.00000  42.5%  31.0 1705s
 1058992 376406 infeasible  146       179.00000  103.00000  42.5%  31.0 1710s
 1060296 376559  124.00000  127   43  179.00000  103.00000  42.5%  31.1 1715s
 1061896 376990  122.92635  135   63  179.00000  103.00000  42.5%  31.2 1720s
 1062944 377192  115.00000   90   66  179.00000  103.00000  42.5%  31.2 1725s
 1064014 377551 infeasible   61       179.00000  103.00000  42.5%  31.3 1730s
 1065546 378172 infeasible  188       179.00000  103.00000  42.5%  31.3 1735s
 1067442 378944  113.27273  108   67  179.00000  103.00000  42.5%  31.4 1740s
 1067654 378992  116.00000  114   85  179.00000  103.00000  42.5%  31.4 1746s
 1068146 379033  110.00000  200   76  179.00000  103.00000  42.5%  31.4 1750s
 1069576 379142  107.00000  118   66  179.00000  103.00000  42.5%  31.5 1755s
 1070880 379366  162.00000  181   39  179.00000  103.00000  42.5%  31.6 1760s
 1072085 379343     cutoff  108       179.00000  103.00000  42.5%  31.6 1765s
 1073031 379379  105.00000  207   76  179.00000  103.00000  42.5%  31.7 1770s
 1074691 379485 infeasible  201       179.00000  103.00000  42.5%  31.7 1775s
 1076021 379617  136.00000   87   44  179.00000  103.00000  42.5%  31.8 1780s
 1077600 380247 infeasible  148       179.00000  103.00000  42.5%  31.8 1785s
 1078568 380336  134.00000  109   41  179.00000  103.00000  42.5%  31.9 1790s
 1080988 380743 infeasible  109       179.00000  103.00000  42.5%  31.9 1795s
 1083160 380946     cutoff  100       179.00000  103.00000  42.5%  32.0 1800s
 1086139 381631 infeasible  178       179.00000  103.00000  42.5%  32.0 1805s
 1088421 381766  133.00000  120   50  179.00000  103.00000  42.5%  32.0 1810s
 1091004 382032  112.30798  120   94  179.00000  103.00000  42.5%  32.1 1815s
 1092207 381968  134.80989  208   69  179.00000  103.00000  42.5%  32.1 1820s
 1094410 382225 infeasible  107       179.00000  103.00000  42.5%  32.1 1825s
 1096216 382339  112.15579  150   86  179.00000  103.00000  42.5%  32.2 1830s
 1098806 382641 infeasible  178       179.00000  103.00000  42.5%  32.2 1835s
 1100441 382828  104.00000  122   53  179.00000  103.00000  42.5%  32.2 1840s
 1102693 383081  114.00000  159   38  179.00000  103.00000  42.5%  32.3 1845s
 1105304 383593 infeasible  186       179.00000  103.00000  42.5%  32.3 1852s
 1105476 383477  142.00000  131   41  179.00000  103.00000  42.5%  32.3 1855s
 1107088 383573  111.00000  107   47  179.00000  103.00000  42.5%  32.3 1860s
 1108958 383799  138.67717  132   54  179.00000  103.00000  42.5%  32.4 1865s
 1110996 384164  138.00000  124   37  179.00000  103.00000  42.5%  32.4 1870s
 1113032 384374  108.00000  183   53  179.00000  103.00000  42.5%  32.4 1875s
 1115055 384595  112.00000  114   53  179.00000  103.00000  42.5%  32.5 1880s
 1116406 384588 infeasible  140       179.00000  103.00000  42.5%  32.5 1885s
 1117570 384649  144.00000  118   30  179.00000  103.00000  42.5%  32.6 1890s
 1118556 384661 infeasible  169       179.00000  103.00000  42.5%  32.6 1896s
 1119202 384571 infeasible  165       179.00000  103.00000  42.5%  32.7 1900s
 1120775 384676  119.00000  131   51  179.00000  103.00000  42.5%  32.7 1905s
 1121903 384824  135.00000  158   44  179.00000  103.00000  42.5%  32.8 1910s
 1123481 385021  126.96026  157   63  179.00000  103.00000  42.5%  32.8 1915s
 1124307 384954  133.69613  132   45  179.00000  103.00000  42.5%  32.9 1920s
 1125709 385187     cutoff  219       179.00000  103.00000  42.5%  32.9 1925s
 1126613 385323  114.00000  139   61  179.00000  103.00000  42.5%  33.0 1930s
 1127465 385508  154.13075  214   54  179.00000  103.00000  42.5%  33.1 1935s
 1128565 385704  141.00000  130   54  179.00000  103.00000  42.5%  33.1 1941s
 1129056 385704  116.00805  187   47  179.00000  103.00000  42.5%  33.2 1947s
 1129506 385601  123.00000  148   40  179.00000  103.00000  42.5%  33.2 1951s
 1130858 385731  118.00000  231   76  179.00000  103.00000  42.5%  33.3 1956s
 1131865 385551 infeasible  139       179.00000  103.00000  42.5%  33.3 1960s
 1133252 385390  105.00000  135   68  179.00000  103.00000  42.5%  33.4 1965s
 1134393 385293     cutoff  164       179.00000  103.00000  42.5%  33.4 1970s
 1135645 385329  103.00000  188   70  179.00000  103.00000  42.5%  33.5 1975s
H1136355 370270                     173.0000000  103.00000  40.5%  33.5 1976s
 1137916 370242  136.00000  186   51  173.00000  103.00000  40.5%  33.5 1980s
 1139323 370167  109.00000  163   42  173.00000  103.00000  40.5%  33.5 1985s
 1141108 370176  122.00000  130   41  173.00000  103.00000  40.5%  33.5 1990s
 1143109 370004 infeasible  135       173.00000  103.00000  40.5%  33.6 1995s
 1145975 370255  130.57768  116   57  173.00000  103.00000  40.5%  33.6 2000s
 1147662 370256  113.19607  145   70  173.00000  103.00000  40.5%  33.6 2005s
 1149752 370362  136.00000  122   45  173.00000  103.00000  40.5%  33.6 2010s
 1152475 370422     cutoff  187       173.00000  103.00000  40.5%  33.7 2015s
 1153789 370241  108.00000  133   57  173.00000  103.00000  40.5%  33.7 2020s
 1155807 370349 infeasible  164       173.00000  103.00000  40.5%  33.8 2025s
 1157859 370237  110.82012   98   83  173.00000  103.00000  40.5%  33.8 2030s
 1159700 370463 infeasible  211       173.00000  103.00000  40.5%  33.8 2035s
 1161361 370487 infeasible  190       173.00000  103.00000  40.5%  33.9 2040s
 1162701 370505  133.30048   94   47  173.00000  103.00000  40.5%  33.9 2045s
 1164136 370383  106.74670  143   76  173.00000  103.00000  40.5%  34.0 2050s
 1164846 370271  110.00000  154   43  173.00000  103.00000  40.5%  34.0 2055s
 1166465 370160  120.00000  182   57  173.00000  103.00000  40.5%  34.0 2061s
 1167704 370012 infeasible  149       173.00000  103.00000  40.5%  34.1 2065s
 1169003 369975 infeasible  145       173.00000  103.00000  40.5%  34.1 2070s
 1170153 369803     cutoff  255       173.00000  103.00000  40.5%  34.2 2075s
 1171562 369856 infeasible  149       173.00000  103.00000  40.5%  34.2 2080s
 1172911 369789  125.00000   66   32  173.00000  103.00000  40.5%  34.2 2085s
 1174731 369690     cutoff  212       173.00000  103.00000  40.5%  34.3 2091s
 1175953 369531 infeasible  201       173.00000  103.00000  40.5%  34.3 2095s
 1176872 369366 infeasible  153       173.00000  103.00000  40.5%  34.4 2103s
 1177023 369319  153.20089  170   47  173.00000  103.00000  40.5%  34.4 2105s
 1178283 369554 infeasible  181       173.00000  103.00000  40.5%  34.5 2110s
 1179291 369539  103.00000  145   71  173.00000  103.00000  40.5%  34.5 2115s
 1180108 369493     cutoff  157       173.00000  103.00000  40.5%  34.6 2120s
 1181294 369479  106.00000   60   61  173.00000  103.00000  40.5%  34.6 2126s
 1182116 369562  142.00000  175   67  173.00000  103.00000  40.5%  34.7 2130s
 1183030 369626  133.00000   92   36  173.00000  103.00000  40.5%  34.8 2135s
 1184711 369810  156.18170   70   70  173.00000  103.04444  40.4%  34.8 2142s
 1184863 369735  144.09075  184   55  173.00000  103.04444  40.4%  34.8 2145s
 1185886 369288 infeasible  191       173.00000  103.23077  40.3%  34.9 2150s
 1187077 369089  104.57961  213   87  173.00000  103.36174  40.3%  34.9 2155s
 1188317 368830  119.95970  147   72  173.00000  103.65750  40.1%  34.9 2160s
 1189570 368628 infeasible  123       173.00000  103.98684  39.9%  35.0 2165s
 1190860 368659 infeasible   66       173.00000  104.00000  39.9%  35.1 2170s
 1192671 368514  104.00000   94   39  173.00000  104.00000  39.9%  35.1 2175s
 1194935 368549 infeasible   67       173.00000  104.00000  39.9%  35.1 2180s
 1196404 368344  106.00000  120   60  173.00000  104.00000  39.9%  35.1 2185s
 1197317 368331  113.00000   85   36  173.00000  104.00000  39.9%  35.1 2191s
 1198280 368316  132.78284  100   44  173.00000  104.00000  39.9%  35.2 2195s
 1200253 368295  113.00000  141   52  173.00000  104.00000  39.9%  35.2 2201s
 1202202 368370 infeasible  196       173.00000  104.00000  39.9%  35.2 2205s
 1204020 368105  129.86971  202   49  173.00000  104.00000  39.9%  35.3 2210s
 1205205 367968  130.00000  188   48  173.00000  104.00000  39.9%  35.3 2215s
 1207320 367865  134.00000   78   34  173.00000  104.00000  39.9%  35.4 2221s
 1209011 368197  127.95821  129   59  173.00000  104.00000  39.9%  35.4 2226s
 1210059 367980  109.00000   85   44  173.00000  104.00000  39.9%  35.4 2230s
 1211717 367961 infeasible  173       173.00000  104.00000  39.9%  35.5 2235s
 1213970 367797 infeasible  225       173.00000  104.00000  39.9%  35.5 2240s
 1215321 367641  130.00000   95   49  173.00000  104.00000  39.9%  35.5 2245s
 1216687 367695     cutoff   91       173.00000  104.00000  39.9%  35.5 2251s
 1217724 367561  132.00000  130   44  173.00000  104.00000  39.9%  35.6 2255s
 1218677 367297  119.82845   98   52  173.00000  104.00000  39.9%  35.6 2260s
 1219780 367135  123.00000  188   51  173.00000  104.00000  39.9%  35.7 2265s
 1221460 367018  104.00000   89   58  173.00000  104.00000  39.9%  35.7 2270s
 1223040 366971  164.00000  109   32  173.00000  104.00000  39.9%  35.7 2275s
 1224704 366930  105.00000   81   58  173.00000  104.00000  39.9%  35.8 2281s
 1225521 366827  127.00000  174   50  173.00000  104.00000  39.9%  35.8 2285s
 1227271 366639 infeasible  123       173.00000  104.00000  39.9%  35.9 2290s
 1228399 366441  120.96027  157   63  173.00000  104.00000  39.9%  35.9 2295s
 1229169 366199 infeasible   89       173.00000  104.00000  39.9%  36.0 2301s
 1230279 366350  113.34730  168   66  173.00000  104.00000  39.9%  36.0 2305s
 1231280 366175  116.00000  161   86  173.00000  104.00000  39.9%  36.1 2310s
 1232057 366299  122.72050  158   81  173.00000  104.00000  39.9%  36.1 2317s
 1232541 366307  132.00000  169   41  173.00000  104.00000  39.9%  36.2 2321s
 1233773 366422  155.53208  137   56  173.00000  104.00000  39.9%  36.2 2325s
 1235041 366490  144.80577  190   63  173.00000  104.00000  39.9%  36.3 2331s
 1235985 366419  113.84967  149   76  173.00000  104.01681  39.9%  36.3 2335s
 1237157 366024 infeasible  119       173.00000  104.10407  39.8%  36.4 2341s
 1238274 365674  118.09673  180   58  173.00000  104.24233  39.7%  36.4 2345s
 1239373 365431  105.00000   98   41  173.00000  104.39824  39.7%  36.5 2350s
 1240653 365121     cutoff   97       173.00000  104.69147  39.5%  36.5 2355s
 1241707 364826 infeasible  140       173.00000  105.00000  39.3%  36.5 2360s
 1242797 364541 infeasible  116       173.00000  105.00000  39.3%  36.6 2365s
 1245248 364397  112.00000  195   65  173.00000  105.00000  39.3%  36.6 2370s
 1246701 364259  122.00000  138   52  173.00000  105.00000  39.3%  36.6 2375s
 1248209 364006  147.00000  188   37  173.00000  105.00000  39.3%  36.6 2380s
 1249685 363592 infeasible  115       173.00000  105.00000  39.3%  36.7 2385s
 1251372 363495  141.00000  138   36  173.00000  105.00000  39.3%  36.7 2390s
 1252487 363362  111.02214  116   71  173.00000  105.00000  39.3%  36.7 2395s
 1254111 363288     cutoff  155       173.00000  105.00000  39.3%  36.8 2400s
 1255537 362985     cutoff  137       173.00000  105.00000  39.3%  36.8 2405s
 1257446 362778  132.00000   93   43  173.00000  105.00000  39.3%  36.8 2411s
H1257508 331291                     158.0000000  105.00000  33.5%  36.8 2411s
 1258736 331198 infeasible   95       158.00000  105.00000  33.5%  36.9 2416s
 1259262 330763  111.00000  135   56  158.00000  105.00000  33.5%  36.9 2420s
 1260247 330459  154.00000  159  200  158.00000  105.00000  33.5%  36.9 2462s
 1260272 330476  116.00000  156  135  158.00000  105.00000  33.5%  36.9 2465s
 1260338 330498  113.00000   58   58  158.00000  105.00000  33.5%  37.0 2470s
 1260477 330534  105.00000   74  100  158.00000  105.00000  33.5%  37.0 2475s
 1260707 330558  107.19358  108   85  158.00000  105.00000  33.5%  37.0 2480s
 1260847 330561  134.83425  124   62  158.00000  105.00000  33.5%  37.0 2485s
 1261392 330746  105.00000   74  123  158.00000  105.00000  33.5%  37.0 2490s
 1264063 331995  111.19499   73  105  158.00000  105.00000  33.5%  37.0 2497s
 1265018 332330  112.37927   80   66  158.00000  105.00000  33.5%  37.0 2500s
 1267409 333333  143.00000  140   33  158.00000  105.00000  33.5%  37.1 2505s
 1269819 334254  122.55767  127   84  158.00000  105.00000  33.5%  37.1 2510s
 1270461 334476 infeasible  110       158.00000  105.00000  33.5%  37.1 2515s
 1272534 335076     cutoff  131       158.00000  105.00000  33.5%  37.2 2520s
 1274753 335856  129.39912   92   64  158.00000  105.00000  33.5%  37.2 2525s
 1276015 336202 infeasible  115       158.00000  105.00000  33.5%  37.3 2530s
 1276774 336304  117.70779  119   69  158.00000  105.00000  33.5%  37.3 2535s
 1277840 336648  130.05000   85   61  158.00000  105.00000  33.5%  37.3 2540s
 1279102 336975  105.00000   97  126  158.00000  105.00000  33.5%  37.4 2545s
 1279493 337120  119.33356   96   78  158.00000  105.00000  33.5%  37.4 2550s
 1280062 337115  105.00000   58  108  158.00000  105.00000  33.5%  37.4 2555s
 1281449 337344  107.99618  120  105  158.00000  105.00000  33.5%  37.5 2560s
 1282552 337515  134.18432  100   64  158.00000  105.00000  33.5%  37.5 2566s
 1283752 337734  120.12352   73   87  158.00000  105.00000  33.5%  37.6 2570s
 1284666 337793  137.01044  100   60  158.00000  105.00000  33.5%  37.7 2575s
 1286363 338107  138.45418  175   72  158.00000  105.00000  33.5%  37.7 2580s
 1287391 338233  107.00000  121   87  158.00000  105.00000  33.5%  37.8 2585s
 1288152 338298  142.39130  112   60  158.00000  105.00000  33.5%  37.8 2590s
 1289533 338449  125.04348  103   87  158.00000  105.00000  33.5%  37.9 2596s
 1291051 338729     cutoff   67       158.00000  105.00000  33.5%  37.9 2601s
 1292432 339021  116.40223  113  101  158.00000  105.00000  33.5%  38.0 2605s
 1293290 338995  140.29132   93   56  158.00000  105.00000  33.5%  38.0 2610s
 1294712 339121 infeasible   83       158.00000  105.00000  33.5%  38.0 2615s
 1295341 339000  115.10459  131  123  158.00000  105.00000  33.5%  38.1 2620s
 1296594 339060 infeasible  154       158.00000  105.00000  33.5%  38.2 2626s
 1297228 339024  110.58534  135   92  158.00000  105.00000  33.5%  38.2 2630s
 1298477 339200  118.44165  186   58  158.00000  105.00000  33.5%  38.3 2636s
 1299520 339085  141.50161  121   57  158.00000  105.00000  33.5%  38.3 2641s
 1300915 339293  117.50727  184   98  158.00000  105.00000  33.5%  38.4 2645s
 1302427 339423     cutoff  159       158.00000  105.09281  33.5%  38.4 2650s
 1303297 339288  146.00000  121   37  158.00000  105.31450  33.3%  38.5 2656s
 1304269 339261 infeasible  155       158.00000  105.61298  33.2%  38.5 2660s
 1306556 339763  114.00000  123   57  158.00000  105.93160  33.0%  38.5 2665s
 1307232 339602  131.41058  145   53  158.00000  106.07810  32.9%  38.6 2670s
 1308631 339660  151.50045  146   80  158.00000  106.45692  32.6%  38.7 2675s
 1309565 339568  116.14736  100   94  158.00000  106.77787  32.4%  38.7 2681s
 1310755 339811  112.52555  139   94  158.00000  106.93452  32.3%  38.7 2686s
 1311394 339613  126.30731  113   65  158.00000  107.07097  32.2%  38.8 2691s
 1312522 339646  116.00000  117   71  158.00000  107.31445  32.1%  38.8 2695s
 1314008 339673 infeasible  101       158.00000  107.67192  31.9%  38.9 2700s
 1314790 339409  117.08511   65   36  158.00000  107.91503  31.7%  38.9 2705s
 1315545 339147     cutoff   78       158.00000  108.00000  31.6%  39.0 2711s
 1316370 339132  142.22462  138   52  158.00000  108.16617  31.5%  39.1 2715s
 1317568 339160  126.53394  160   69  158.00000  108.37761  31.4%  39.1 2720s
 1318102 338895  113.79346   73  105  158.00000  108.61609  31.3%  39.1 2725s
 1318762 338667  110.10196  142   83  158.00000  108.95159  31.0%  39.2 2730s
 1319738 338570  118.83578   91   62  158.00000  109.00000  31.0%  39.2 2735s
 1321443 338649  141.99279  141   49  158.00000  109.25536  30.9%  39.3 2741s
 1322429 338654  130.61424   80   81  158.00000  109.41624  30.7%  39.3 2746s
 1322861 338442 infeasible  126       158.00000  109.55768  30.7%  39.3 2750s
 1323471 338181  128.27070   85   70  158.00000  109.84021  30.5%  39.4 2755s
 1324070 337910  132.00000  110   36  158.00000  110.00000  30.4%  39.4 2760s
 1325057 337540 infeasible   63       158.00000  110.28731  30.2%  39.5 2766s
 1326463 337468  127.69076  206   67  158.00000  110.55521  30.0%  39.5 2771s
 1327926 337372  128.46064  109   64  158.00000  110.84106  29.8%  39.6 2775s
 1328645 337090 infeasible  111       158.00000  111.00000  29.7%  39.6 2780s
 1329324 336745  130.82033  207   84  158.00000  111.31913  29.5%  39.7 2785s
 1329790 336654  148.86689  130   43  158.00000  111.48929  29.4%  39.7 2790s
 1331176 336443 infeasible  129       158.00000  111.87769  29.2%  39.8 2796s
 1331940 336136 infeasible  130       158.00000  112.00000  29.1%  39.8 2801s
 1332853 336116  133.91016  167   57  158.00000  112.03073  29.1%  39.8 2805s
 1334180 335722     cutoff  120       158.00000  112.57816  28.7%  39.9 2811s
 1335176 335204 infeasible  119       158.00000  113.00000  28.5%  39.9 2816s
 1336184 334950  135.00000  192   48  158.00000  113.06938  28.4%  40.0 2821s
 1337234 334602  127.76797  190   61  158.00000  113.39130  28.2%  40.0 2826s
 1338100 334213 infeasible  161       158.00000  113.63935  28.1%  40.1 2831s
 1338842 333876  136.00000   68   35  158.00000  113.95234  27.9%  40.1 2836s
 1340756 333792 infeasible  113       158.00000  114.00000  27.8%  40.1 2840s
 1340978 333719 infeasible  118       158.00000  114.00000  27.8%  40.2 2845s
 1341688 333473 infeasible   69       158.00000  114.13215  27.8%  40.2 2850s
 1342813 333020  125.00000  157   51  158.00000  114.43390  27.6%  40.3 2856s
 1344047 332790  124.61175  145   45  158.00000  114.69711  27.4%  40.3 2861s
 1344815 332416  125.02986   76   38  158.00000  114.89949  27.3%  40.3 2865s
 1345729 332073 infeasible  139       158.00000  115.00000  27.2%  40.4 2870s
 1347309 331976  127.00000  166   41  158.00000  115.09904  27.2%  40.4 2875s
 1348189 331561  147.41057  149   51  158.00000  115.43995  26.9%  40.5 2880s
 1349323 331024     cutoff   99       158.00000  115.91344  26.6%  40.5 2886s
 1350171 330628  138.00000  135   44  158.00000  116.00000  26.6%  40.6 2891s
 1351349 330287  136.00000  146   56  158.00000  116.11030  26.5%  40.6 2895s
 1352155 329885  117.92309  197   66  158.00000  116.42563  26.3%  40.6 2900s
 1353607 329669  147.96304  173   50  158.00000  116.66969  26.2%  40.7 2905s
 1354384 329296  130.00000  146   36  158.00000  117.00000  25.9%  40.7 2910s
 1355650 328737 infeasible  108       158.00000  117.13964  25.9%  40.8 2916s
 1356458 328399  141.44162  161   39  158.00000  117.46546  25.7%  40.8 2920s
 1357157 328064 infeasible  142       158.00000  117.64000  25.5%  40.8 2926s
 1357899 327702 infeasible  108       158.00000  118.00000  25.3%  40.9 2930s
 1359033 327196  131.00000  164   48  158.00000  118.03999  25.3%  40.9 2936s
 1360037 326642  131.00000  188   36  158.00000  118.45882  25.0%  40.9 2941s
 1361029 326068  140.05768   88   42  158.00000  118.95366  24.7%  41.0 2945s
 1361761 325662  130.00000   69   26  158.00000  119.00000  24.7%  41.0 2950s
 1362925 325131  124.04239  138   65  158.00000  119.31302  24.5%  41.1 2955s
 1364076 324425  122.73173  125   59  158.00000  119.86569  24.1%  41.1 2961s
 1364856 323885 infeasible  117       158.00000  120.00000  24.1%  41.1 2966s
 1365837 323294 infeasible  108       158.00000  120.22511  23.9%  41.2 2971s
 1366586 322868  141.12261  145   43  158.00000  120.56161  23.7%  41.2 2975s
 1367339 322593     cutoff  186       158.00000  120.84263  23.5%  41.2 2983s
 1367352 322503  136.78706  196   54  158.00000  120.84767  23.5%  41.2 2985s
 1368616 321781  132.00000   97   27  158.00000  121.00000  23.4%  41.3 2990s
 1369493 321277  131.43116  128   47  158.00000  121.12451  23.3%  41.3 2996s
 1370205 320952 infeasible  151       158.00000  121.37261  23.2%  41.4 3000s
 1371342 320262 infeasible   80       158.00000  121.95565  22.8%  41.4 3005s
 1372308 319698     cutoff   97       158.00000  122.00000  22.8%  41.4 3010s
 1373455 318999  132.79803  219   63  158.00000  122.32459  22.6%  41.5 3015s
 1374424 318452  139.74090  178   61  158.00000  122.73675  22.3%  41.5 3020s
 1375284 317870 infeasible  108       158.00000  123.00000  22.2%  41.5 3025s
 1376653 317170  133.19572  149   51  158.00000  123.29560  22.0%  41.6 3030s
 1377632 316608     cutoff  191       158.00000  123.72882  21.7%  41.6 3035s
 1378958 315655  130.00000  187   39  158.00000  124.00000  21.5%  41.6 3040s
 1380070 314918  137.46576  181   77  158.00000  124.31396  21.3%  41.7 3046s
 1381004 314386  126.50249  153   75  158.00000  124.72681  21.1%  41.7 3050s
 1382008 313771     cutoff  106       158.00000  125.00000  20.9%  41.7 3055s
 1383029 313163 infeasible  103       158.00000  125.15368  20.8%  41.8 3060s
 1384313 312433     cutoff  161       158.00000  125.70641  20.4%  41.8 3065s
 1385902 311684     cutoff  130       158.00000  126.00000  20.3%  41.8 3071s
 1387019 311161  136.95238  163   43  158.00000  126.32652  20.0%  41.9 3075s
 1387989 310644 infeasible  182       158.00000  126.71146  19.8%  41.9 3080s
 1389218 309820 infeasible  179       158.00000  127.00000  19.6%  41.9 3085s
 1390899 309023  138.74490  109   44  158.00000  127.53622  19.3%  41.9 3090s
 1392141 308218  150.46348  170   47  158.00000  128.00000  19.0%  42.0 3095s
 1393154 307520 infeasible  171       158.00000  128.03153  19.0%  42.0 3100s
 1394530 306641  138.93976  181   68  158.00000  128.57724  18.6%  42.0 3105s
 1395891 305677 infeasible  137       158.00000  129.00000  18.4%  42.0 3110s
 1397251 304803 infeasible   93       158.00000  129.39116  18.1%  42.0 3115s
 1398477 303979  129.98133  149   66  158.00000  129.98133  17.7%  42.1 3120s
 1399793 303042 infeasible  142       158.00000  130.12334  17.6%  42.1 3125s
 1400967 302246     cutoff  180       158.00000  130.76849  17.2%  42.1 3130s
 1402375 301289 infeasible   94       158.00000  131.00000  17.1%  42.1 3135s
 1403195 300662     cutoff  124       158.00000  131.43826  16.8%  42.1 3140s
 1404726 299460     cutoff  180       158.00000  132.00000  16.5%  42.2 3145s
 1406296 298310 infeasible  126       158.00000  132.76846  16.0%  42.2 3150s
 1407766 297056  138.71527  123   60  158.00000  133.15395  15.7%  42.2 3155s
 1409216 295986 infeasible  107       158.00000  134.00000  15.2%  42.2 3160s
 1410602 294919  140.56148  188   66  158.00000  134.45025  14.9%  42.2 3165s
 1412471 293524 infeasible  121       158.00000  135.00000  14.6%  42.2 3170s
 1413744 292637 infeasible  222       158.00000  135.56923  14.2%  42.2 3175s
 1414815 291754 infeasible   93       158.00000  136.00000  13.9%  42.2 3181s
 1415849 290972  138.06030  186   67  158.00000  136.39559  13.7%  42.3 3185s
 1417755 289515  137.14509  112   67  158.00000  137.13860  13.2%  42.3 3190s
 1419674 287817 infeasible  121       158.00000  138.00000  12.7%  42.3 3195s
 1421249 286453 infeasible  130       158.00000  139.00000  12.0%  42.3 3200s
 1422538 285464     cutoff  158       158.00000  139.50851  11.7%  42.3 3205s
 1424343 283940 infeasible  146       158.00000  140.53788  11.1%  42.3 3210s
 1425768 282695     cutoff  159       158.00000  141.39130  10.5%  42.3 3216s
 1427258 281115 infeasible  118       158.00000  142.31807  9.93%  42.3 3220s
 1429688 278814     cutoff  141       158.00000  144.26845  8.69%  42.3 3225s
 1432410 276081  147.11236  131   38  158.00000  147.00000  6.96%  42.3 3230s
 1435936 271971     cutoff   79       158.00000  156.00000  1.27%  42.2 3235s

Cutting planes:
  Gomory: 62
  Implied bound: 144
  MIR: 211
  StrongCG: 1
  Flow cover: 765
  Inf proof: 3
  Zero half: 56

Explored 1436073 nodes (60654658 simplex iterations) in 3235.15 seconds
Thread count was 4 (of 4 available processors)

Solution count 8: 158 173 179 ... 11045

Optimal solution found (tolerance 1.00e-04)
Best objective 1.580000000000e+02, best bound 1.580000000000e+02, gap 0.0000%
