
Gurobi 8.1.1 (win64) logging started 11/23/19 17:45:33

Changed value of parameter LogFile to logs/full/feas/full-07-15-2.log
   Prev: gurobi.log  Default: 
Changed value of parameter LogToConsole to 0
   Prev: 1  Min: 0  Max: 1  Default: 1
Changed value of parameter TimeLimit to 3600.0
   Prev: 1e+100  Min: 0.0  Max: 1e+100  Default: 1e+100
Optimize a model with 4008 rows, 1905 columns and 15330 nonzeros
Variable types: 0 continuous, 1905 integer (1890 binary)
Coefficient statistics:
  Matrix range     [1e+00, 5e+02]
  Objective range  [1e+00, 1e+00]
  Bounds range     [1e+00, 1e+00]
  RHS range        [1e+00, 5e+02]
Presolve time: 0.11s
Presolved: 4008 rows, 1905 columns, 15330 nonzeros
Variable types: 0 continuous, 1905 integer (1890 binary)

Root relaxation: objective 1.050000e+02, 204 iterations, 0.01 seconds

    Nodes    |    Current Node    |     Objective Bounds      |     Work
 Expl Unexpl |  Obj  Depth IntInf | Incumbent    BestBd   Gap | It/Node Time

     0     0  105.00000    0   76          -  105.00000      -     -    0s
     0     0  105.00000    0  156          -  105.00000      -     -    0s
     0     0  105.00000    0   69          -  105.00000      -     -    0s
     0     0  105.00000    0   73          -  105.00000      -     -    0s
     0     0  105.00000    0   73          -  105.00000      -     -    0s
     0     2  105.00000    0   73          -  105.00000      -     -    0s
  3110  2518  105.00000   80   72          -  105.00000      -   4.6    5s
 10410  5664  156.00000 1009   44          -  106.70115      -   5.2   13s
H14192  3192                     230.0000000  110.00000  52.2%   4.6   14s
H14449  2675                     205.0000000  110.00000  46.3%   4.6   14s
 15013  2846  121.00000   73   53  205.00000  110.00000  46.3%   4.5   15s
 20748  6520  172.00000  369   73  205.00000  133.00000  35.1%   4.6   35s
H20752  6196                     204.0000000  136.50000  33.1%   4.6   36s
 20759  6200  187.00000   55   72  204.00000  142.47358  30.2%   4.6   40s
 20767  6206  196.00000  138   90  204.00000  144.43469  29.2%   4.6   46s
 20774  6210  147.00000  137  118  204.00000  145.13584  28.9%   4.6   50s
 20781  6215  146.10621  304  109  204.00000  146.10621  28.4%   4.6   55s
 20788  6220  171.00000  224  105  204.00000  147.79757  27.6%   4.6   60s
H20790  5910                     197.0000000  148.71638  24.5%   4.6   62s
H20794  5616                     196.0000000  149.80156  23.6%   4.6   64s
 20796  5617  167.00000  357   73  196.00000  149.93771  23.5%   4.6   65s
 20805  5623  196.00000  545   86  196.00000  150.92202  23.0%   4.6   70s
 20812  5628  182.00000  664   97  196.00000  151.37440  22.8%   4.6   75s
 20819  5632  151.62451  217  106  196.00000  151.62451  22.6%   4.6   80s
 20827  5638  196.00000  542   92  196.00000  151.88885  22.5%   4.6   85s
 20834  5642  172.00000  245  113  196.00000  152.20255  22.3%   4.6   90s
 20840  5646  196.00000  207  116  196.00000  152.36175  22.3%   4.6   95s
 20847  5651  152.51804  258  111  196.00000  152.51804  22.2%   4.6  100s
 20854  5656  164.00000  479  128  196.00000  152.71757  22.1%   4.6  105s
 20861  5660  160.00000  183  100  196.00000  153.17974  21.8%   4.6  111s
H20866  5379                     185.0000000  153.30698  17.1%   4.6  115s
 20875  5385  185.00000  286   89  185.00000  153.72299  16.9%   4.6  120s
 20883  5390  185.00000  502   73  185.00000  154.17863  16.7%   4.6  125s
 20925  5418  185.00000  271  125  185.00000  154.78911  16.3%   4.6  130s
 20933  5423  175.00000  403   82  185.00000  155.10217  16.2%   4.6  135s
 20940  5428  185.00000  207  137  185.00000  155.57051  15.9%   4.6  140s
 20949  5434  162.00000  137   86  185.00000  155.96667  15.7%   4.6  145s
 20994  5464  165.00000  134  127  185.00000  156.33517  15.5%   4.6  150s
H21036  5213                     183.0000000  156.55679  14.4%   4.6  154s
 21041  5216  166.00000  369  113  183.00000  156.56046  14.4%   4.6  155s
 21061  5231  160.00000  183   92  183.00000  156.89526  14.3%   6.8  160s
 21119  5269  157.52921  217  115  183.00000  157.52921  13.9%   6.7  165s
 21184  5313  183.00000  520   96  183.00000  158.02540  13.6%   6.7  170s
 21264  5366  173.00000  182   87  183.00000  158.33319  13.5%   6.7  175s
 21312  5398  182.00000  664   81  183.00000  158.50239  13.4%   6.7  180s
 21395  5453  182.00000  392  120  183.00000  159.19814  13.0%   6.6  185s
 21452  5491  183.00000  464   97  183.00000  159.46558  12.9%   6.6  190s
 21485  5513  159.55443  226  102  183.00000  159.55443  12.8%   6.6  195s
 21518  5535  174.00000   93  111  183.00000  159.77075  12.7%   6.6  200s
 21547  5555  159.90662  258  120  183.00000  159.90662  12.6%   6.6  205s
 21574  5573  160.01904  137   80  183.00000  160.01904  12.6%   6.6  210s
 21602  5591  183.00000  547   99  183.00000  160.20973  12.5%   6.6  215s
 21654  5626  164.00000  479  124  183.00000  160.39616  12.4%   6.6  220s
 21679  5643  183.00000  109  105  183.00000  160.42979  12.3%   6.6  225s
 21698  5655  160.46926  783   99  183.00000  160.46926  12.3%   6.6  230s
 21712  5665  182.00000  664  100  183.00000  160.57907  12.3%   6.6  235s
 21733  5679  175.00000  403  114  183.00000  160.62819  12.2%   6.5  240s
 21763  5699  160.69272  436  100  183.00000  160.69272  12.2%   6.5  245s
 21831  5715  170.10038   48   46  183.00000  161.47470  11.8%   9.1  250s
*22530  5393              78     181.0000000  164.00000  9.39%   9.4  253s
 23184  5179 infeasible   60       181.00000  168.00000  7.18%   9.8  255s
*23422  4762              64     177.0000000  169.00000  4.52%   9.9  255s

Cutting planes:
  Implied bound: 1
  MIR: 21
  StrongCG: 1
  Flow cover: 46

Explored 23712 nodes (247583 simplex iterations) in 255.70 seconds
Thread count was 4 (of 4 available processors)

Solution count 9: 177 181 183 ... 230

Optimal solution found (tolerance 1.00e-04)
Best objective 1.770000000000e+02, best bound 1.770000000000e+02, gap 0.0000%

Gurobi 8.1.1 (win64) logging started 11/23/19 17:49:48

Changed value of parameter LogFile to logs/full/feas/full-07-15-2.log
   Prev: gurobi.log  Default: 
Changed value of parameter LogToConsole to 0
   Prev: 1  Min: 0  Max: 1  Default: 1
Changed value of parameter TimeLimit to 3600.0
   Prev: 1e+100  Min: 0.0  Max: 1e+100  Default: 1e+100
Optimize a model with 2108 rows, 1001 columns and 8030 nonzeros
Variable types: 0 continuous, 1001 integer (990 binary)
Coefficient statistics:
  Matrix range     [1e+00, 5e+02]
  Objective range  [1e+00, 1e+00]
  Bounds range     [1e+00, 1e+00]
  RHS range        [1e+00, 5e+02]
Presolve time: 0.02s
Presolved: 2108 rows, 1001 columns, 8030 nonzeros
Variable types: 0 continuous, 1001 integer (990 binary)

Root relaxation: objective 5.500000e+01, 195 iterations, 0.00 seconds

    Nodes    |    Current Node    |     Objective Bounds      |     Work
 Expl Unexpl |  Obj  Depth IntInf | Incumbent    BestBd   Gap | It/Node Time

     0     0   55.00000    0  123          -   55.00000      -     -    0s
     0     0   55.00000    0  154          -   55.00000      -     -    0s
     0     0   55.00000    0  108          -   55.00000      -     -    0s
     0     0   55.20675    0  153          -   55.20675      -     -    0s
     0     0   55.21888    0  153          -   55.21888      -     -    0s
     0     0   59.19494    0  179          -   59.19494      -     -    0s
     0     0   59.19494    0  183          -   59.19494      -     -    0s
     0     0   59.22216    0  100          -   59.22216      -     -    0s
     0     0   59.22216    0  103          -   59.22216      -     -    0s
     0     0   59.22216    0  108          -   59.22216      -     -    0s
     0     0   59.22216    0  112          -   59.22216      -     -    0s
     0     0   59.55358    0  173          -   59.55358      -     -    0s
     0     0   59.98669    0  170          -   59.98669      -     -    0s
     0     0   59.99220    0  181          -   59.99220      -     -    0s
     0     0   59.99220    0  186          -   59.99220      -     -    0s
     0     0   60.87388    0  137          -   60.87388      -     -    0s
     0     0   61.04326    0  129          -   61.04326      -     -    0s
     0     0   61.16329    0  125          -   61.16329      -     -    0s
     0     0   61.16329    0  133          -   61.16329      -     -    0s
     0     0   61.29396    0  161          -   61.29396      -     -    0s
     0     0   61.29396    0  170          -   61.29396      -     -    0s
     0     0   61.30179    0  181          -   61.30179      -     -    0s
     0     0   61.30179    0  118          -   61.30179      -     -    0s
     0     2   61.30179    0  107          -   61.30179      -     -    0s
H  878   734                     219.0000000   95.00000  56.6%  12.4    2s
  1441  1012   98.00000   84   82  219.00000   95.00000  56.6%  25.3    5s
 10795  7901  192.00000  227   45  219.00000  100.00000  54.3%  12.4   10s
 21447 15720  176.00000  187  118  219.00000  101.00000  53.9%   9.6   25s
 21475 15739  168.00000  111   48  219.00000  101.00000  53.9%   9.6   30s
 21494 15744  147.00000   41   86  219.00000  101.00000  53.9%  10.2   35s
 22063 15986 infeasible   86       219.00000  106.00000  51.6%  11.6   40s
 27499 17865 infeasible  131       219.00000  114.00000  47.9%  12.1   46s
*27999 17179             192     218.0000000  114.00000  47.7%  12.2   47s
 32404 18918 infeasible  131       218.00000  115.00000  47.2%  11.7   50s
 40446 22019 infeasible  147       218.00000  115.00000  47.2%  11.7   55s
 49466 25213  154.00000  135   32  218.00000  117.00000  46.3%  11.2   60s
 58328 28059  139.00000  126   53  218.00000  117.16810  46.3%  11.2   65s
*58747 27291             158     217.0000000  118.00000  45.6%  11.2   65s
 63861 29349  157.00000  127   50  217.00000  118.00000  45.6%  11.1   70s
 74116 36310 infeasible  135       217.00000  119.00000  45.2%  10.9   75s
 82844 42115  175.00000  156   40  217.00000  120.00000  44.7%  10.9   80s
 91029 47513  155.00000  173   35  217.00000  120.00000  44.7%  11.0   85s
 96417 50893 infeasible  149       217.00000  121.00000  44.2%  10.9   90s
*104744 55446             246     214.0000000  122.00000  43.0%  10.7   93s
 105406 55923  134.00000  168   37  214.00000  122.00000  43.0%  10.7   95s
 115940 62262  177.00000  127   44  214.00000  122.00000  43.0%  10.5  100s
*119035 63646             201     210.0000000  123.00000  41.4%  10.5  101s
 124605 67054  133.00000  146   37  210.00000  123.00000  41.4%  10.5  105s
 132109 71013 infeasible  122       210.00000  124.00000  41.0%  10.5  110s
 141216 76279  144.00000  113   35  210.00000  124.17257  40.9%  10.4  115s
 150022 81784 infeasible  189       210.00000  125.00000  40.5%  10.3  120s
 157128 86197  153.00000  154  118  210.00000  125.00000  40.5%  10.3  140s
 157156 86216  128.00000  144  161  210.00000  125.00000  40.5%  10.3  145s
 157179 86231  151.00000  177  160  210.00000  125.00000  40.5%  10.3  150s
 157199 86244  204.00000  142  128  210.00000  125.00000  40.5%  10.3  155s
 157220 86258  159.00000  152  147  210.00000  125.00000  40.5%  10.3  160s
 157235 86268  191.00000  151  173  210.00000  125.00000  40.5%  10.3  165s
 157247 86276  158.00000  133  162  210.00000  125.00000  40.5%  10.3  170s
 157268 86287  125.00000   50  122  210.00000  125.00000  40.5%  10.4  175s
 157594 86398  125.00000   81   49  210.00000  125.00000  40.5%  10.5  180s
 159326 86909  129.00000   92   65  210.00000  125.00000  40.5%  10.6  185s
 163097 88150  146.54926   99   49  210.00000  125.00000  40.5%  10.6  190s
 167427 89146  186.00000   74   31  210.00000  132.00000  37.1%  10.6  195s
 178171 92637  154.00000   89   44  210.00000  135.00000  35.7%  10.3  200s
*185179 89714             123     201.0000000  137.00000  31.8%  10.2  203s
*186412 85421             130     197.0000000  137.00000  30.5%  10.2  203s
 188682 86116  145.00000  118   27  197.00000  137.00000  30.5%  10.2  205s
*191082 81792              95     192.0000000  137.00000  28.6%  10.2  206s
 199074 83441 infeasible   80       192.00000  138.00000  28.1%  10.1  210s
 209540 85886 infeasible  130       192.00000  140.00000  27.1%  10.0  215s
 219390 88188  145.00000  107   36  192.00000  141.00000  26.6%   9.9  220s
 228746 89825 infeasible   97       192.00000  142.00000  26.0%   9.8  225s
*235509 84902             108     186.0000000  143.00000  23.1%   9.8  228s
 238269 85270  144.00000   98   30  186.00000  143.00000  23.1%   9.7  230s
 244305 86286  149.00000   95   26  186.00000  144.00000  22.6%   9.7  235s
*245081 81677             102     184.0000000  144.00000  21.7%   9.7  235s
*249384 75370             102     180.0000000  144.00000  20.0%   9.7  237s
 252756 75438  147.00000   93   33  180.00000  144.00000  20.0%   9.7  240s
 261610 75582 infeasible  108       180.00000  145.00000  19.4%   9.6  245s
*264469 66061              97     174.0000000  146.00000  16.1%   9.6  246s
*267695 59508             100     171.0000000  146.00000  14.6%   9.6  248s
 270261 59004  146.16000   80   38  171.00000  146.00000  14.6%   9.6  250s
*274037 53060             106     170.0000000  147.00000  13.5%   9.6  254s
 274999 52552  154.00000   90   31  170.00000  147.00000  13.5%   9.7  255s
*277831 41884              85     166.0000000  148.00000  10.8%   9.7  258s
*277837 35979              89     164.0000000  148.00000  9.76%   9.7  258s
 279380 34326 infeasible   75       164.00000  149.00000  9.15%   9.7  260s
 283811 30071 infeasible   99       164.00000  150.86667  8.01%   9.8  265s
*286776 22653              82     163.0000000  152.00000  6.75%   9.8  269s
 287431 21886 infeasible  112       163.00000  152.00000  6.75%   9.8  270s
 293666 13973 infeasible  107       163.00000  155.00000  4.91%   9.8  275s
 301297  5306 infeasible   72       163.00000  159.61364  2.08%   9.7  280s

Cutting planes:
  Gomory: 63
  Implied bound: 38
  MIR: 23
  StrongCG: 1
  Flow cover: 52
  Zero half: 1

Explored 306689 nodes (2961145 simplex iterations) in 282.73 seconds
Thread count was 4 (of 4 available processors)

Solution count 10: 163 164 166 ... 192

Optimal solution found (tolerance 1.00e-04)
Best objective 1.630000000000e+02, best bound 1.630000000000e+02, gap 0.0000%

Gurobi 8.1.1 (win64) logging started 11/23/19 17:54:31

Changed value of parameter LogFile to logs/full/feas/full-07-15-2.log
   Prev: gurobi.log  Default: 
Changed value of parameter LogToConsole to 0
   Prev: 1  Min: 0  Max: 1  Default: 1
Changed value of parameter TimeLimit to 3600.0
   Prev: 1e+100  Min: 0.0  Max: 1e+100  Default: 1e+100
Optimize a model with 1386 rows, 657 columns and 5256 nonzeros
Variable types: 0 continuous, 657 integer (648 binary)
Coefficient statistics:
  Matrix range     [1e+00, 5e+02]
  Objective range  [1e+00, 1e+00]
  Bounds range     [1e+00, 1e+00]
  RHS range        [1e+00, 5e+02]
Presolve time: 0.02s
Presolved: 1386 rows, 657 columns, 5256 nonzeros
Variable types: 0 continuous, 657 integer (648 binary)

Root relaxation: objective 3.600000e+01, 213 iterations, 0.00 seconds

    Nodes    |    Current Node    |     Objective Bounds      |     Work
 Expl Unexpl |  Obj  Depth IntInf | Incumbent    BestBd   Gap | It/Node Time

     0     0   36.00000    0  153          -   36.00000      -     -    0s
     0     0   36.00000    0  171          -   36.00000      -     -    0s
     0     0   40.09467    0  128          -   40.09467      -     -    0s
     0     0   42.32185    0  252          -   42.32185      -     -    0s
     0     0   42.43348    0  200          -   42.43348      -     -    0s
     0     0   42.43348    0  202          -   42.43348      -     -    0s
     0     0   43.19304    0  210          -   43.19304      -     -    0s
     0     0   43.19304    0  191          -   43.19304      -     -    0s
     0     0   44.44316    0  113          -   44.44316      -     -    0s
     0     0   44.44316    0  109          -   44.44316      -     -    0s
     0     0   44.83004    0  125          -   44.83004      -     -    0s
     0     0   45.16688    0  167          -   45.16688      -     -    0s
     0     0   45.20167    0  133          -   45.20167      -     -    0s
     0     0   45.20167    0  127          -   45.20167      -     -    0s
     0     0   45.32347    0   99          -   45.32347      -     -    0s
     0     0   45.32347    0   98          -   45.32347      -     -    0s
     0     0   45.78401    0  178          -   45.78401      -     -    0s
     0     0   45.78401    0  167          -   45.78401      -     -    0s
     0     0   45.86120    0  127          -   45.86120      -     -    0s
     0     0   45.87560    0  127          -   45.87560      -     -    0s
     0     0   45.87560    0  131          -   45.87560      -     -    0s
     0     0   46.69258    0  126          -   46.69258      -     -    0s
     0     0   46.74354    0  121          -   46.74354      -     -    0s
     0     0   46.74354    0  134          -   46.74354      -     -    0s
     0     0   46.78169    0  125          -   46.78169      -     -    0s
     0     0   46.78169    0  126          -   46.78169      -     -    0s
     0     0   46.78169    0  123          -   46.78169      -     -    0s
     0     0   46.78169    0  107          -   46.78169      -     -    0s
     0     2   46.78169    0  105          -   46.78169      -     -    0s
 10398  7908  110.00000  133   61          -   82.00000      -   9.2    5s
 20681 16927  327.00000  261   46          -   83.00000      -   7.1   10s
H26384 21878                    5590.0000000   83.00000  98.5%   6.5   12s
H26988 16822                     244.0000000   83.00000  66.0%   6.5   13s
 30881 19572  117.00000  192   39  244.00000   84.00000  65.6%   6.8   15s
 31777 19991   84.00000   95   79  244.00000   84.00000  65.6%   8.8   20s
 39786 23046     cutoff  107       244.00000   84.00000  65.6%  10.0   25s
 49663 26205  121.00000  174   58  244.00000   89.00000  63.5%  10.9   30s
 60283 28261  155.00000  157   43  244.00000   98.00000  59.8%  11.2   35s
 70063 30004     cutoff  154       244.00000  102.00000  58.2%  11.3   40s
 77702 32033     cutoff  178       244.00000  103.00000  57.8%  11.3   45s
H85263 20846                     182.0000000  104.00000  42.9%  11.3   48s
 85846 20873  105.57685  107   71  182.00000  104.00000  42.9%  11.3   50s
 94290 23638  135.00000  137   50  182.00000  106.00000  41.8%  11.6   55s
 103379 26673  112.00000  128   41  182.00000  108.00000  40.7%  11.9   60s
 113050 30251 infeasible  112       182.00000  110.00000  39.6%  12.0   65s
 122144 33724  116.00000   71   89  182.00000  112.00000  38.5%  12.1   70s
 130678 36482 infeasible  164       182.00000  114.00000  37.4%  12.1   75s
 137979 39185  127.00000   93   48  182.00000  115.00000  36.8%  12.1   80s
 144501 41596     cutoff  118       182.00000  116.00000  36.3%  12.2   85s
 152515 45156  145.78553  157   39  182.00000  117.00000  35.7%  12.2   90s
 158012 47266  154.00000   92   65  182.00000  117.00000  35.7%  12.4   95s
 167979 51358  135.00000   91   33  182.00000  118.00000  35.2%  12.4  100s
 177022 55100  123.00000  134   49  182.00000  119.00000  34.6%  12.5  105s
 185339 58481  129.49226  144   50  182.00000  120.00000  34.1%  12.6  110s
 192954 61513  144.00000  161   28  182.00000  120.00000  34.1%  12.6  115s
 199900 63631 infeasible  111       182.00000  121.00000  33.5%  12.6  120s
 208804 66590 infeasible  123       182.00000  122.00000  33.0%  12.6  125s
 218003 69384  163.00000  160   29  182.00000  123.00000  32.4%  12.6  130s
 226431 71369 infeasible  127       182.00000  124.00000  31.9%  12.5  135s
 235031 74016 infeasible  109       182.00000  124.00000  31.9%  12.4  140s
 240293 75396 infeasible  132       182.00000  125.00000  31.3%  12.4  145s
 246693 77215  155.00000  154   33  182.00000  126.00000  30.8%  12.4  150s
 256099 80239 infeasible  137       182.00000  126.00000  30.8%  12.3  155s
 262934 82350 infeasible   75       182.00000  127.00000  30.2%  12.3  160s
 272594 85194  132.00000  105  107  182.00000  127.00000  30.2%  12.3  185s
 272621 85207  127.00000   42  146  182.00000  127.00000  30.2%  12.3  190s
 272710 85229  127.00000   49  178  182.00000  127.00000  30.2%  12.3  195s
 273773 85509  164.00000  164  115  182.00000  127.00000  30.2%  12.6  200s
*274381 81410             107     181.0000000  127.00000  29.8%  12.6  201s
H278234 78936                     175.0000000  127.00000  27.4%  12.6  204s
 278354 79098  127.00000   67  106  175.00000  127.00000  27.4%  12.6  205s
 289585 83640  127.00000  155   80  175.00000  127.00000  27.4%  12.6  210s
 294406 85212  127.00000   47  157  175.00000  127.00000  27.4%  12.6  215s
 294438 85216  127.00000   53  169  175.00000  127.00000  27.4%  12.6  220s
 294680 85273  127.00000   74   71  175.00000  127.00000  27.4%  12.7  225s
 298300 86246  155.00000  110   34  175.00000  127.00000  27.4%  13.0  230s
 299680 86425     cutoff   94       175.00000  127.00000  27.4%  13.1  235s
 305031 87190  149.91228  193   46  175.00000  127.00000  27.4%  13.2  240s
 310221 87989  137.89071   91   58  175.00000  127.00000  27.4%  13.4  245s
 316011 88595  127.00000   95   53  175.00000  127.00000  27.4%  13.6  250s
 321831 88565  132.00000  108   53  175.00000  127.00000  27.4%  13.7  255s
 326001 88385  127.00000  103   63  175.00000  127.00000  27.4%  13.9  260s
*326826 84027              90     174.0000000  127.00000  27.0%  13.9  261s
 329834 84081 infeasible  109       174.00000  127.00000  27.0%  14.0  265s
 334471 84139  127.00000   82   36  174.00000  127.00000  27.0%  14.1  270s
 341301 84419  138.00000   69   38  174.00000  127.00000  27.0%  14.2  275s
 346797 84430 infeasible  159       174.00000  127.00000  27.0%  14.3  280s
 353998 84267  156.00000   80   28  174.00000  127.00000  27.0%  14.4  285s
 358162 84156 infeasible   96       174.00000  127.00000  27.0%  14.4  290s
 366055 83711  129.00000   80   62  174.00000  129.00000  25.9%  14.5  295s
 372385 83269     cutoff   85       174.00000  131.00000  24.7%  14.5  300s
 378660 82425  137.00000   80   39  174.00000  132.00000  24.1%  14.6  305s
 387210 81332  164.00000  119   38  174.00000  133.65789  23.2%  14.6  310s
 396144 80337 infeasible  106       174.00000  135.00000  22.4%  14.6  315s
 404714 79320     cutoff   95       174.00000  136.00000  21.8%  14.6  320s
 414020 78067     cutoff  103       174.00000  137.00000  21.3%  14.6  325s
 418657 77269 infeasible   90       174.00000  138.00000  20.7%  14.5  331s
H421114 64166                     160.0000000  139.00000  13.1%  14.6  334s
 421412 63800 infeasible  119       160.00000  139.00000  13.1%  14.6  335s
 425714 58965 infeasible   97       160.00000  141.00000  11.9%  14.6  340s
 430775 52766 infeasible   89       160.00000  144.00000  10.0%  14.7  345s
 438543 42888 infeasible  129       160.00000  149.00000  6.88%  14.7  350s
 451544 25702 infeasible  111       160.00000  158.00000  1.25%  14.5  355s

Cutting planes:
  Gomory: 10
  MIR: 8
  StrongCG: 10
  Flow cover: 1

Explored 452809 nodes (6579070 simplex iterations) in 355.45 seconds
Thread count was 4 (of 4 available processors)

Solution count 7: 160 174 175 ... 5590

Optimal solution found (tolerance 1.00e-04)
Best objective 1.600000000000e+02, best bound 1.600000000000e+02, gap 0.0000%

Gurobi 8.1.1 (win64) logging started 11/23/19 18:00:27

Changed value of parameter LogFile to logs/full/feas/full-07-15-2.log
   Prev: gurobi.log  Default: 
Changed value of parameter LogToConsole to 0
   Prev: 1  Min: 0  Max: 1  Default: 1
Changed value of parameter TimeLimit to 3600.0
   Prev: 1e+100  Min: 0.0  Max: 1e+100  Default: 1e+100
Optimize a model with 1082 rows, 512 columns and 4088 nonzeros
Variable types: 0 continuous, 512 integer (504 binary)
Coefficient statistics:
  Matrix range     [1e+00, 5e+02]
  Objective range  [1e+00, 1e+00]
  Bounds range     [1e+00, 1e+00]
  RHS range        [1e+00, 5e+02]
Presolve time: 0.02s
Presolved: 1082 rows, 512 columns, 4088 nonzeros
Variable types: 0 continuous, 512 integer (504 binary)

Root relaxation: objective 2.800000e+01, 265 iterations, 0.00 seconds

    Nodes    |    Current Node    |     Objective Bounds      |     Work
 Expl Unexpl |  Obj  Depth IntInf | Incumbent    BestBd   Gap | It/Node Time

     0     0   28.00000    0  183          -   28.00000      -     -    0s
     0     0   31.23317    0  191          -   31.23317      -     -    0s
     0     0   35.33616    0  225          -   35.33616      -     -    0s
     0     0   35.33616    0  219          -   35.33616      -     -    0s
     0     0   35.89059    0  199          -   35.89059      -     -    0s
     0     0   36.42222    0  187          -   36.42222      -     -    0s
     0     0   36.54146    0  194          -   36.54146      -     -    0s
     0     0   36.67792    0  198          -   36.67792      -     -    0s
     0     0   36.73416    0  196          -   36.73416      -     -    0s
     0     0   36.87567    0  197          -   36.87567      -     -    0s
     0     0   36.90004    0  200          -   36.90004      -     -    0s
     0     0   36.90635    0  202          -   36.90635      -     -    0s
     0     0   36.90715    0  204          -   36.90715      -     -    0s
     0     0   37.63060    0  186          -   37.63060      -     -    0s
     0     0   37.74133    0  194          -   37.74133      -     -    0s
     0     0   37.76948    0  197          -   37.76948      -     -    0s
     0     0   37.78542    0  202          -   37.78542      -     -    0s
     0     0   37.80218    0  200          -   37.80218      -     -    0s
     0     0   37.81554    0  203          -   37.81554      -     -    0s
     0     0   37.81721    0  203          -   37.81721      -     -    0s
     0     0   38.19122    0  256          -   38.19122      -     -    0s
     0     0   38.24232    0  258          -   38.24232      -     -    0s
     0     0   38.28742    0  256          -   38.28742      -     -    0s
     0     0   38.31212    0  255          -   38.31212      -     -    0s
     0     0   38.32756    0  251          -   38.32756      -     -    0s
     0     0   38.34278    0  253          -   38.34278      -     -    0s
     0     0   38.37064    0  247          -   38.37064      -     -    0s
     0     0   38.37195    0  246          -   38.37195      -     -    0s
     0     0   38.75002    0  275          -   38.75002      -     -    0s
     0     0   38.78946    0  260          -   38.78946      -     -    0s
     0     0   38.79253    0  262          -   38.79253      -     -    0s
     0     0   38.93507    0  227          -   38.93507      -     -    0s
     0     0   39.03445    0  236          -   39.03445      -     -    0s
     0     0   39.04529    0  234          -   39.04529      -     -    0s
     0     0   39.05978    0  244          -   39.05978      -     -    0s
     0     0   39.06535    0  243          -   39.06535      -     -    0s
     0     0   39.44588    0  290          -   39.44588      -     -    0s
     0     0   39.50732    0  245          -   39.50732      -     -    0s
     0     0   39.52673    0  235          -   39.52673      -     -    0s
     0     0   39.54697    0  244          -   39.54697      -     -    0s
     0     0   39.55291    0  296          -   39.55291      -     -    0s
     0     0   40.15082    0  222          -   40.15082      -     -    0s
     0     0   40.36033    0  280          -   40.36033      -     -    0s
     0     0   40.38806    0  289          -   40.38806      -     -    0s
     0     0   40.40748    0  277          -   40.40748      -     -    0s
     0     0   40.42413    0  245          -   40.42413      -     -    0s
     0     0   40.42610    0  293          -   40.42610      -     -    0s
     0     0   40.50294    0  243          -   40.50294      -     -    0s
     0     0   40.58689    0  230          -   40.58689      -     -    0s
     0     0   40.64304    0  231          -   40.64304      -     -    0s
     0     0   40.66485    0  239          -   40.66485      -     -    0s
     0     0   40.76718    0  241          -   40.76718      -     -    0s
     0     0   40.80037    0  236          -   40.80037      -     -    0s
     0     0   40.80986    0  242          -   40.80986      -     -    0s
     0     0   40.99931    0  240          -   40.99931      -     -    0s
     0     0   41.07027    0  287          -   41.07027      -     -    0s
     0     0   41.12082    0  239          -   41.12082      -     -    0s
     0     0   41.12651    0  250          -   41.12651      -     -    0s
     0     0   41.45566    0  227          -   41.45566      -     -    0s
     0     0   41.56962    0  230          -   41.56962      -     -    0s
     0     0   41.62872    0  229          -   41.62872      -     -    0s
     0     0   41.64731    0  238          -   41.64731      -     -    0s
     0     0   41.65402    0  238          -   41.65402      -     -    0s
     0     0   41.84330    0  241          -   41.84330      -     -    0s
     0     0   41.99001    0  237          -   41.99001      -     -    0s
     0     0   42.03743    0  234          -   42.03743      -     -    0s
     0     0   42.11220    0  276          -   42.11220      -     -    0s
     0     0   42.14235    0  232          -   42.14235      -     -    0s
     0     0   42.15009    0  236          -   42.15009      -     -    0s
     0     0   43.26792    0  255          -   43.26792      -     -    1s
     0     0   43.60251    0  261          -   43.60251      -     -    1s
     0     0   43.80647    0  278          -   43.80647      -     -    1s
     0     0   43.86722    0  278          -   43.86722      -     -    1s
     0     0   43.88602    0  282          -   43.88602      -     -    1s
     0     0   43.89348    0  283          -   43.89348      -     -    1s
     0     0   44.05124    0  272          -   44.05124      -     -    1s
     0     0   44.15623    0  229          -   44.15623      -     -    1s
     0     0   44.18808    0  233          -   44.18808      -     -    1s
     0     0   44.19887    0  232          -   44.19887      -     -    1s
     0     0   44.36301    0  225          -   44.36301      -     -    1s
     0     0   44.46336    0  214          -   44.46336      -     -    1s
     0     0   44.50638    0  228          -   44.50638      -     -    1s
     0     0   44.51433    0  229          -   44.51433      -     -    1s
     0     0   44.55833    0  272          -   44.55833      -     -    1s
     0     0   44.61055    0  232          -   44.61055      -     -    1s
     0     0   44.62200    0  225          -   44.62200      -     -    1s
     0     0   44.68276    0  267          -   44.68276      -     -    1s
     0     0   44.68276    0  255          -   44.68276      -     -    1s
     0     2   44.68276    0  255          -   44.68276      -     -    1s
   820   639  124.00000   13  161          -   60.49905      -  21.7    5s
   994   739  106.00000   18   53          -   84.96208      -  35.7   10s
 10533  7163  264.45751   74   48          -   92.00000      -  17.6   15s
 20792 15352  197.00000  102   34          -   94.00000      -  14.1   22s
 30557 23001  228.00000  121   39          -   95.77142      -  13.0   25s
 50042 37953  192.00000   49   67          -   98.00000      -  12.2   30s
 68585 51487 infeasible   76               -  100.00000      -  11.9   35s
H77265 29153                     206.0000000  101.00000  51.0%  11.7   37s
H77967 29348                     204.0000000  101.00000  50.5%  11.8   37s
H78175 28705                     201.0000000  101.00000  49.8%  11.8   37s
 80556 29978  114.00000   34   54  201.00000  102.00000  49.3%  12.1   40s
 84104 31435  138.00000   55  255  201.00000  103.00000  48.8%  12.6   50s
 84160 31471  103.00000   26  100  201.00000  103.00000  48.8%  12.7   55s
 84517 31595  103.00000   50   93  201.00000  103.00000  48.8%  13.1   60s
 85495 31941  103.00000   99   85  201.00000  103.00000  48.8%  13.6   65s
 88022 33093  103.00000   59   65  201.00000  103.00000  48.8%  14.4   70s
 91005 34457  150.00000   73   46  201.00000  103.00000  48.8%  14.9   75s
 93984 35723  110.00000   64   46  201.00000  103.00000  48.8%  15.6   80s
 97271 37005  110.36712  116   63  201.00000  103.00000  48.8%  16.3   85s
 101771 38759  129.28776  151   59  201.00000  103.00000  48.8%  17.1   91s
 104104 39720 infeasible  111       201.00000  103.00000  48.8%  17.6   95s
 107879 41035  119.00000   76   63  201.00000  103.00000  48.8%  18.1  100s
 111011 42563 infeasible  140       201.00000  103.00000  48.8%  18.7  105s
 112994 43428 infeasible  117       201.00000  103.00000  48.8%  19.3  110s
H113235 41812                     199.0000000  103.00000  48.2%  19.3  110s
 116349 42950  104.55426   61   61  199.00000  103.00000  48.2%  19.9  115s
 119714 44278     cutoff   97       199.00000  103.00000  48.2%  20.4  120s
H120291 42764                     198.0000000  103.00000  48.0%  20.5  120s
 122732 43701  118.00000  109   61  198.00000  103.00000  48.0%  20.9  125s
 126268 44888  154.30574   99   53  198.00000  103.00000  48.0%  21.4  130s
 129261 45945     cutoff  135       198.00000  103.00000  48.0%  21.8  135s
 132544 47020 infeasible   78       198.00000  103.37149  47.8%  22.3  140s
 134986 47614  132.00000  128   41  198.00000  103.97426  47.5%  22.7  145s
 139124 49001  123.00000   81   37  198.00000  104.00000  47.5%  23.1  150s
 143135 50325  126.35436  103   72  198.00000  104.06497  47.4%  23.5  155s
 146196 51304  115.33491  118   67  198.00000  104.82485  47.1%  24.2  160s
 150548 53063 infeasible  148       198.00000  105.00000  47.0%  24.6  165s
 153555 54033  140.00000   59   56  198.00000  105.00000  47.0%  25.2  170s
 156568 54952  115.00000   86   50  198.00000  105.16709  46.9%  25.7  175s
 159842 55930  156.00000   96   44  198.00000  106.00000  46.5%  26.1  180s
 163674 57272  127.00000  102   39  198.00000  106.00000  46.5%  26.5  185s
 167489 58536 infeasible  122       198.00000  106.00000  46.5%  26.9  190s
 170173 59535  114.74990  139   80  198.00000  106.00000  46.5%  27.4  195s
 173784 61989     cutoff  100       198.00000  106.38317  46.3%  27.7  200s
 176743 63979  148.00000  125   53  198.00000  106.91966  46.0%  28.0  205s
 179921 66163 infeasible  147       198.00000  107.00000  46.0%  28.3  210s
 182347 67670  146.57299  172   61  198.00000  107.00000  46.0%  28.6  215s
 185385 69897  128.32068  131   49  198.00000  107.01334  46.0%  29.0  220s
 187856 71332  128.00000  111   49  198.00000  107.62153  45.6%  29.2  225s
 190530 73004  160.17235   86   55  198.00000  108.00000  45.5%  29.4  230s
 193693 74952  140.00000   94   52  198.00000  108.00000  45.5%  29.6  235s
 196750 76902  154.95467   91   54  198.00000  108.00000  45.5%  29.8  240s
 199034 78433  166.28895  158   64  198.00000  108.00000  45.5%  30.1  245s
 201658 80096  132.34999   77   62  198.00000  108.15193  45.4%  30.3  250s
 204876 82109  144.00000  152   39  198.00000  108.63320  45.1%  30.4  255s
 208493 84247 infeasible  126       198.00000  109.00000  44.9%  30.5  260s
 211165 85659 infeasible   99       198.00000  109.00000  44.9%  30.7  265s
 213803 87251  128.00000  114   60  198.00000  109.00000  44.9%  30.8  270s
 217099 89368 infeasible   71       198.00000  109.00000  44.9%  31.0  275s
H217183 80305                     174.0000000  109.00000  37.4%  31.0  275s
 218463 80810  155.31987   97   69  174.00000  109.00000  37.4%  31.3  280s
 219803 81446 infeasible  111       174.00000  109.23801  37.2%  31.5  285s
 222333 82362 infeasible   61       174.00000  110.00000  36.8%  31.7  290s
 223763 82671  118.00000  114   44  174.00000  110.00000  36.8%  32.0  295s
 225585 83090  124.28571  117   44  174.00000  110.00000  36.8%  32.4  300s
 227896 84124  167.46667  117   47  174.00000  110.08287  36.7%  32.7  305s
H228583 78354                     166.0000000  110.17402  33.6%  32.8  306s
 229295 78318  141.13333  107   36  166.00000  110.66592  33.3%  32.9  310s
 231068 78553 infeasible   88       166.00000  111.00000  33.1%  33.2  315s
H232533 78179                     165.0000000  111.00000  32.7%  33.5  319s
 232629 78148     cutoff  106       165.00000  111.00000  32.7%  33.5  320s
 234585 78450  136.00000   93   39  165.00000  111.40045  32.5%  33.7  325s
 236646 78703 infeasible   90       165.00000  112.00000  32.1%  34.0  330s
 238250 79186 infeasible  111       165.00000  112.00000  32.1%  34.2  335s
 241081 80257  142.13468   36   54  165.00000  112.00000  32.1%  34.4  340s
 243780 80585 infeasible   70       165.00000  113.00000  31.5%  34.6  345s
 245176 80876 infeasible  115       165.00000  113.00000  31.5%  34.8  351s
 245932 80894  129.00000  103   38  165.00000  113.00000  31.5%  34.9  355s
 248846 81871  139.75985  105   54  165.00000  113.00000  31.5%  35.3  360s
 251510 82330 infeasible  119       165.00000  113.89423  31.0%  35.4  365s
 253379 82230 infeasible  161       165.00000  114.00000  30.9%  35.7  371s
 254953 82066 infeasible   82       165.00000  114.12514  30.8%  36.0  375s
 256918 81794 infeasible   85       165.00000  115.00000  30.3%  36.2  380s
 258867 81755  132.00000  122   46  165.00000  115.00000  30.3%  36.4  385s
 261066 82315     cutoff  119       165.00000  115.00000  30.3%  36.7  390s
 263241 82458 infeasible  136       165.00000  115.65293  29.9%  36.8  395s
 265670 82729  134.00000   75   49  165.00000  116.00000  29.7%  37.0  400s
 267512 83305 infeasible  103       165.00000  116.00000  29.7%  37.1  406s
 268397 83115 infeasible   67       165.00000  116.00000  29.7%  37.3  410s
 270103 83124 infeasible  155       165.00000  116.19491  29.6%  37.5  415s
 271966 82711 infeasible   60       165.00000  117.00000  29.1%  37.8  420s
 273373 82605     cutoff  118       165.00000  117.00000  29.1%  37.9  425s
 275076 82649  143.97564  122   55  165.00000  117.00000  29.1%  38.2  430s
 277050 82710     cutoff   56       165.00000  117.65535  28.7%  38.3  435s
 279065 83142  149.81769   80   36  165.00000  118.00000  28.5%  38.4  440s
 281715 83978  151.44071   78   63  165.00000  118.00000  28.5%  38.6  445s
 283645 84180 infeasible   67       165.00000  118.00000  28.5%  38.7  450s
 285786 84853 infeasible  112       165.00000  118.23446  28.3%  38.8  456s
 286860 84421 infeasible  138       165.00000  118.81814  28.0%  39.0  460s
 288740 84238  129.00000  100   41  165.00000  119.00000  27.9%  39.1  465s
 290432 84077  119.00000   52   52  165.00000  119.00000  27.9%  39.4  471s
 292168 84183 infeasible  130       165.00000  119.26015  27.7%  39.6  475s
 293880 83952     cutoff  104       165.00000  120.00000  27.3%  39.7  480s
 295268 83348  123.00000   55   35  165.00000  120.00000  27.3%  39.9  485s
 297169 83344     cutoff  119       165.00000  120.00000  27.3%  40.0  490s
 299166 83435 infeasible   77       165.00000  120.06220  27.2%  40.2  495s
 301165 83229  125.79631  129   72  165.00000  120.88844  26.7%  40.3  500s
 303103 83237 infeasible   97       165.00000  121.00000  26.7%  40.4  506s
 304164 82843  130.17936   83   48  165.00000  121.00000  26.7%  40.5  510s
 305841 83130  133.00000  117   47  165.00000  121.00000  26.7%  40.6  515s
 307737 82631  132.12359  137   55  165.00000  121.79261  26.2%  40.8  520s
 309580 82441  124.96840  105   44  165.00000  122.00000  26.1%  40.9  525s
 311388 82429 infeasible  122       165.00000  122.00000  26.1%  41.0  530s
 313282 82195     cutoff  112       165.00000  122.02970  26.0%  41.2  535s
 315238 81556 infeasible  153       165.00000  122.99540  25.5%  41.3  540s
 317136 81297 infeasible   90       165.00000  123.00000  25.5%  41.4  545s
 318299 81092     cutoff  101       165.00000  123.00000  25.5%  41.5  550s
 319797 81087 infeasible   91       165.00000  123.00000  25.5%  41.6  556s
 321689 80441 infeasible  119       165.00000  123.72274  25.0%  41.7  560s
 323524 80250 infeasible  120       165.00000  124.00000  24.8%  41.8  565s
 323944 80090  139.00000  128   46  165.00000  124.00000  24.8%  41.8  570s
 325335 79737  129.00000   54   35  165.00000  124.00000  24.8%  42.0  575s
 326969 79320  145.65917  108   58  165.00000  124.11302  24.8%  42.2  580s
 328904 78466  137.62007  114   51  165.00000  125.00000  24.2%  42.3  585s
 330442 78039     cutoff  141       165.00000  125.00000  24.2%  42.4  590s
 332009 77678 infeasible  117       165.00000  125.00000  24.2%  42.6  595s
 333832 77879 infeasible  125       165.00000  125.14876  24.2%  42.7  600s
 335955 77330 infeasible  153       165.00000  126.00000  23.6%  42.7  605s
 338129 77162 infeasible  108       165.00000  126.00000  23.6%  42.8  610s
 340012 76948 infeasible  101       165.00000  126.00000  23.6%  42.9  615s
 342448 76661 infeasible  165       165.00000  126.57292  23.3%  42.9  620s
 344326 76253 infeasible  117       165.00000  127.00000  23.0%  43.0  625s
 346228 75674 infeasible   97       165.00000  127.00000  23.0%  43.1  630s
 348392 75710  138.12312   71   57  165.00000  127.00000  23.0%  43.2  635s
 350502 75535 infeasible  119       165.00000  127.50839  22.7%  43.3  640s
 352612 74547 infeasible   90       165.00000  128.00000  22.4%  43.3  645s
 354416 74190  145.86086   74   47  165.00000  128.00000  22.4%  43.4  650s
 356095 73873 infeasible  144       165.00000  128.00000  22.4%  43.5  655s
 358367 73391 infeasible  155       165.00000  128.68838  22.0%  43.6  660s
 360234 72531     cutoff   63       165.00000  129.00000  21.8%  43.7  665s
 361890 71988 infeasible  127       165.00000  129.00000  21.8%  43.8  670s
 363317 71949     cutoff   84       165.00000  129.00000  21.8%  44.0  675s
 365603 71481 infeasible  136       165.00000  129.89596  21.3%  44.0  680s
 367535 70566 infeasible   75       165.00000  130.00000  21.2%  44.0  685s
 369414 70016 infeasible  125       165.00000  130.00000  21.2%  44.1  690s
 370898 69739     cutoff  186       165.00000  130.01165  21.2%  44.3  695s
 373183 68798  147.00000   74   35  165.00000  131.00000  20.6%  44.3  700s
 375186 68288 infeasible   88       165.00000  131.00000  20.6%  44.3  705s
 376833 67845 infeasible  116       165.00000  131.00000  20.6%  44.5  710s
 378809 67106     cutoff  115       165.00000  131.53117  20.3%  44.5  715s
 381427 65524 infeasible   90       165.00000  132.00000  20.0%  44.5  720s
 383232 64929     cutoff  112       165.00000  132.00000  20.0%  44.6  725s
 384603 64509  141.81344   95   58  165.00000  132.00000  20.0%  44.7  730s
 387258 62922     cutoff  106       165.00000  133.00000  19.4%  44.7  735s
 389262 62078 infeasible   73       165.00000  133.00000  19.4%  44.7  740s
 391032 61423 infeasible  127       165.00000  133.00000  19.4%  44.9  745s
 393209 60377 infeasible  112       165.00000  133.82340  18.9%  44.9  750s
 395374 59419 infeasible   86       165.00000  134.00000  18.8%  44.9  755s
 397295 58790  136.00000  121   44  165.00000  134.00000  18.8%  45.0  762s
 398070 58413 infeasible   96       165.00000  134.13919  18.7%  45.1  765s
 400639 56969  135.00000   60   44  165.00000  135.00000  18.2%  45.1  770s
 402652 56286  142.00000  109   31  165.00000  135.00000  18.2%  45.1  775s
 404652 55493 infeasible  129       165.00000  135.37123  18.0%  45.2  780s
 407250 53895  136.00000   69   37  165.00000  136.00000  17.6%  45.2  785s
 409387 53116 infeasible  174       165.00000  136.00000  17.6%  45.2  790s
 411404 52035     cutoff  172       165.00000  136.62891  17.2%  45.3  795s
 413690 50913 infeasible  106       165.00000  137.00000  17.0%  45.3  800s
 415913 49842 infeasible   93       165.00000  137.16912  16.9%  45.4  805s
 417386 49018     cutoff  124       165.00000  137.97854  16.4%  45.4  810s
 419663 47911 infeasible  125       165.00000  138.00000  16.4%  45.4  815s
 421725 47017 infeasible   67       165.00000  138.25857  16.2%  45.5  820s
 424063 45990  162.16125   93   37  165.00000  139.00000  15.8%  45.5  825s
 426399 44882     cutoff  171       165.00000  139.01203  15.8%  45.5  830s
 429644 42724  146.68247  122   42  165.00000  140.00000  15.2%  45.4  835s
 431721 41722 infeasible   74       165.00000  140.00000  15.2%  45.5  840s
 434606 40071 infeasible   77       165.00000  141.00000  14.5%  45.4  845s
 436961 38807 infeasible  125       165.00000  141.00420  14.5%  45.5  850s
 439939 36999 infeasible  129       165.00000  142.00000  13.9%  45.4  855s
 442832 35213 infeasible  113       165.00000  143.00000  13.3%  45.4  860s
 445047 34028  157.00000  124   33  165.00000  143.00000  13.3%  45.4  865s
 447470 32351     cutoff  125       165.00000  144.00000  12.7%  45.4  870s
 450492 30275 infeasible   97       165.00000  145.00000  12.1%  45.3  875s
 453551 28190     cutoff   64       165.00000  146.00000  11.5%  45.3  880s
 456485 26110 infeasible   86       165.00000  147.00000  10.9%  45.2  885s
 460649 22957  160.00000  101   33  165.00000  148.00000  10.3%  45.1  890s
 465001 19462     cutoff  123       165.00000  150.00000  9.09%  45.0  895s
 470501 14641 infeasible   98       165.00000  153.00000  7.27%  44.7  900s
 478329  7081     cutoff  114       165.00000  158.00000  4.24%  44.3  905s

Cutting planes:
  Gomory: 5
  Implied bound: 34
  MIR: 155
  StrongCG: 2
  Flow cover: 502
  Inf proof: 78
  Zero half: 1

Explored 485523 nodes (21280048 simplex iterations) in 908.32 seconds
Thread count was 4 (of 4 available processors)

Solution count 8: 165 166 174 ... 206

Optimal solution found (tolerance 1.00e-04)
Best objective 1.650000000000e+02, best bound 1.650000000000e+02, gap 0.0000%
