
Gurobi 8.1.1 (win64) logging started 11/27/19 10:38:54

Changed value of parameter LogFile to logs/drand/qp/drand-05-075-0.log
   Prev: gurobi.log  Default: 
Changed value of parameter LogToConsole to 0
   Prev: 1  Min: 0  Max: 1  Default: 1
Changed value of parameter TimeLimit to 3600.0
   Prev: 1e+100  Min: 0.0  Max: 1e+100  Default: 1e+100
Optimize a model with 1 rows, 176 columns and 1 nonzeros
Model has 5 quadratic constraints
Variable types: 0 continuous, 176 integer (176 binary)
Coefficient statistics:
  Matrix range     [1e+00, 1e+00]
  QMatrix range    [1e+00, 1e+00]
  Objective range  [1e+00, 1e+00]
  Bounds range     [1e+00, 1e+00]
  RHS range        [1e+00, 1e+00]
  QRHS range       [1e+00, 1e+00]
Found heuristic solution: objective 176.0000000
Presolve removed 1 rows and 1 columns
Presolve time: 0.04s
Presolved: 0 rows, 175 columns, 0 nonzeros
Variable types: 0 continuous, 175 integer (175 binary)

Root relaxation: objective 1.000000e+00, 0 iterations, 0.00 seconds

    Nodes    |    Current Node    |     Objective Bounds      |     Work
 Expl Unexpl |  Obj  Depth IntInf | Incumbent    BestBd   Gap | It/Node Time

     0     0    2.00000    0    2  176.00000    2.00000  98.9%     -    0s
H    0     0                       7.0000000    2.00000  71.4%     -    0s
     0     0    2.00000    0    2    7.00000    2.00000  71.4%     -    0s
     0     0    2.00000    0    2    7.00000    2.00000  71.4%     -    0s
H    0     0                       5.0000000    2.00000  60.0%     -    0s
     0     2    2.00000    0    2    5.00000    2.00000  60.0%     -    0s
  1075   361    4.00000   43    2    5.00000    3.00000  40.0%   1.5    5s
  1615   552    3.00000   62    -    5.00000    3.00000  40.0%   1.5   10s
  1985   800    3.00000   66    4    5.00000    3.00000  40.0%   1.4   15s
  2231   962    3.00000   57    2    5.00000    3.00000  40.0%   1.4   23s
  2233   963    3.00000   32  843    5.00000    3.00000  40.0%   1.4   25s
  2235   966    4.00000   49    2    5.00000    3.00000  40.0%   2.5   30s
  2237   967    3.50000   56  776    5.00000    3.00000  40.0%   2.5   35s
  2239   969    3.00000   45  544    5.00000    3.00000  40.0%   2.5   40s
  2241   970    3.00000   48  485    5.00000    3.00000  40.0%   2.5   49s
  2242   971    4.00000   46  461    5.00000    3.00000  40.0%   2.5   50s
  2243   971    4.00000   49  480    5.00000    3.00000  40.0%   2.5   57s
  2244   972    3.00000   27  465    5.00000    3.00000  40.0%   2.5   60s
  2245   973    3.00000   38  445    5.00000    3.00000  40.0%   2.5   66s
  2246   973    3.00000   40  550    5.00000    3.00000  40.0%   2.5   73s
  2247   974    4.00000   35  503    5.00000    3.00000  40.0%   2.5   77s
  2248   975    3.00000   34  561    5.00000    3.00000  40.0%   2.5   84s
  2249   975    4.00000   31  597    5.00000    3.00106  40.0%   2.5   88s
  2250   976    4.00000   39  553    5.00000    3.01733  39.7%   2.5   90s
  2253   978    3.50000   79  564    5.00000    3.02994  39.4%   2.5   95s
  2254   979    3.04088   48  598    5.00000    3.04088  39.2%   2.5  130s
  2256   980    3.50000   71  598    5.00000    3.04088  39.2%   2.5  138s
  2257   984    3.04212   28  591    5.00000    3.04212  39.2%  12.0  157s
  2261   984    3.55324   29  603    5.00000    3.04482  39.1%  13.9  164s
  2263   986    3.04636   30  572    5.00000    3.04636  39.1%  14.0  165s
  2265   985    3.57182   30  680    5.00000    3.04636  39.1%  15.9  175s
  2271   985    3.05042   32  478    5.00000    3.05042  39.0%  17.0  182s
  2279   986    3.05054   34  463    5.00000    3.05054  39.0%  18.9  188s
  2283   988    3.05209   35  461    5.00000    3.05209  39.0%  20.5  191s
  2288   987    3.05224   36  453    5.00000    3.05224  39.0%  21.6  227s
  2291   989    3.57617   36  675    5.00000    3.05278  38.9%  22.6  231s
  2303   987    3.05637   38  446    5.00000    3.05637  38.9%  24.4  237s
  2310   987    3.05932   39  433    5.00000    3.05932  38.8%  25.2  242s
  2325   986    3.06113   41  429    5.00000    3.06113  38.8%  27.4  247s
  2344   983    3.06281   43  391    5.00000    3.06281  38.7%  29.8  251s
  2367   979    3.07166   45  395    5.00000    3.07166  38.6%  32.1  256s
  2396   971    3.07217   47  399    5.00000    3.07217  38.6%  33.6  260s
  2433   967    3.08136   50  382    5.00000    3.08136  38.4%  35.7  265s
  2449   972    3.10141   53  407    5.00000    3.10141  38.0%  39.2  271s
  2467   980    3.10848   56  364    5.00000    3.10848  37.8%  41.4  276s
  2481   989    3.11281   58  355    5.00000    3.11281  37.7%  42.9  282s
  2503   996    3.12282   61  323    5.00000    3.12282  37.5%  44.7  293s
  2514  1002    3.13136   63  327    5.00000    3.13136  37.4%  45.7  296s
  2532  1009    3.14664   68  323    5.00000    3.14664  37.1%  48.1  302s
  2545  1018    3.18997   71  294    5.00000    3.18997  36.2%  49.6  306s
  2578  1038    3.21405   81  236    5.00000    3.21405  35.7%  52.2  313s
  2602  1039    3.23746   85  194    5.00000    3.23746  35.3%  53.6  318s
  2633  1045    3.32877   94  214    5.00000    3.32877  33.4%  54.7  322s
  2679  1035    3.59774  113  231    5.00000    3.51467  29.7%  55.1  327s
  2726  1033    3.52701   35  528    5.00000    3.51491  29.7%  55.4  331s
  2751  1038    3.57355   46  380    5.00000    3.51491  29.7%  56.4  335s
  2831  1065     cutoff   33         5.00000    3.54688  29.1%  58.3  344s
  2847  1064    3.63158   42  615    5.00000    3.55737  28.9%  59.6  349s
  2864  1075    3.69101   49  565    5.00000    3.55737  28.9%  60.8  353s
  2896  1094    3.80983   61  482    5.00000    3.55737  28.9%  62.1  358s
  2932  1101     cutoff   81         5.00000    3.56224  28.8%  63.2  372s
  2944  1102     cutoff   41         5.00000    3.56526  28.7%  64.2  377s
  2972  1107    3.70210   54  496    5.00000    3.57072  28.6%  65.6  383s
  3018  1131    3.58889   45  592    5.00000    3.57621  28.5%  66.6  389s
  3042  1142    3.76454   58  491    5.00000    3.57621  28.5%  68.2  397s
  3057  1151    3.93452   72  406    5.00000    3.57691  28.5%  68.5  403s
  3094  1167    3.65434   45  566    5.00000    3.57691  28.5%  70.0  409s
  3118  1171    3.79480   59  462    5.00000    3.57818  28.4%  71.0  417s
  3162  1191    3.61887   35  645    5.00000    3.57818  28.4%  72.7  425s
  3198  1205    3.71572   48  597    5.00000    3.57818  28.4%  74.3  432s
  3239  1182    3.93574   69  473    5.00000    3.58008  28.4%  76.2  439s
  3296  1168     cutoff   38         5.00000    3.61016  27.8%  77.5  447s
  3329  1158    3.70634   50  511    5.00000    3.61776  27.6%  79.2  455s
  3376  1153     cutoff   45         5.00000    3.62329  27.5%  81.2  463s
  3417  1143     cutoff   49         5.00000    3.63033  27.4%  82.6  472s
  3470  1154    3.82468   62  455    5.00000    3.63639  27.3%  84.7  503s
  3472  1116     cutoff   62         5.00000    3.63742  27.3%  84.8  511s
  3535  1100     cutoff   50         5.00000    3.65045  27.0%  86.4  521s
  3604  1069     cutoff   73         5.00000    3.66481  26.7%  88.3  530s
  3673  1028     cutoff   52         5.00000    3.68056  26.4%  89.4  537s
  3734   980     cutoff   54         5.00000    3.70415  25.9%  90.1  545s
  3794   931     cutoff   47         5.00000    3.72386  25.5%  90.8  552s
  3850   889     cutoff   53         5.00000    3.74477  25.1%  90.9  563s
  3927   852     cutoff   56         5.00000    3.75298  24.9%  91.3  568s
  3985   810     cutoff   56         5.00000    3.77732  24.5%  91.0  579s
  4073   765     cutoff   64         5.00000    3.79194  24.2%  91.3  583s
  4130   714     cutoff   60         5.00000    3.81258  23.7%  90.8  586s
  4223   604     cutoff   60         5.00000    3.84554  23.1%  89.8  591s
  4285   551     cutoff   67         5.00000    3.86336  22.7%  89.2  595s
  4396   435     cutoff   72         5.00000    3.89457  22.1%  88.3  600s
  4485   321     cutoff   68         5.00000    3.92647  21.5%  87.5  605s

Cutting planes:
  Gomory: 3
  Flow cover: 4
  Zero half: 88

Explored 4633 nodes (398944 simplex iterations) in 609.56 seconds
Thread count was 4 (of 4 available processors)

Solution count 3: 5 7 176 

Optimal solution found (tolerance 1.00e-04)
Best objective 5.000000000000e+00, best bound 5.000000000000e+00, gap 0.0000%
Warning: Q constraint 0 doesn't have a name
