
Gurobi 8.1.1 (win64) logging started 11/27/19 15:19:07

Changed value of parameter LogFile to logs/drand/qp/drand-07-075-1.log
   Prev: gurobi.log  Default: 
Changed value of parameter LogToConsole to 0
   Prev: 1  Min: 0  Max: 1  Default: 1
Changed value of parameter TimeLimit to 3600.0
   Prev: 1e+100  Min: 0.0  Max: 1e+100  Default: 1e+100
Optimize a model with 1 rows, 293 columns and 1 nonzeros
Model has 7 quadratic constraints
Variable types: 0 continuous, 293 integer (293 binary)
Coefficient statistics:
  Matrix range     [1e+00, 1e+00]
  QMatrix range    [1e+00, 1e+00]
  Objective range  [1e+00, 1e+00]
  Bounds range     [1e+00, 1e+00]
  RHS range        [1e+00, 1e+00]
  QRHS range       [1e+00, 1e+00]
Found heuristic solution: objective 293.0000000
Presolve removed 1 rows and 1 columns
Presolve time: 0.00s
Presolved: 0 rows, 292 columns, 0 nonzeros
Variable types: 0 continuous, 292 integer (292 binary)

Root relaxation: objective 1.000000e+00, 0 iterations, 0.00 seconds

    Nodes    |    Current Node    |     Objective Bounds      |     Work
 Expl Unexpl |  Obj  Depth IntInf | Incumbent    BestBd   Gap | It/Node Time

     0     0    2.00000    0    2  293.00000    2.00000  99.3%     -    0s
H    0     0                      10.0000000    2.00000  80.0%     -    0s
     0     0    2.00000    0    2   10.00000    2.00000  80.0%     -    0s
     0     0    2.00000    0    2   10.00000    2.00000  80.0%     -    0s
H    0     0                       8.0000000    2.00000  75.0%     -    0s
     0     2    2.00000    0    2    8.00000    2.00000  75.0%     -    0s
   624   253    2.00000  136    -    8.00000    2.00000  75.0%   1.7    5s
   922   307    5.00000  157    2    8.00000    2.00000  75.0%   1.7   10s
  1199   438    5.50000  187    3    8.00000    2.00000  75.0%   1.7   15s
  1390   452    3.00000   54    2    8.00000    2.00000  75.0%   1.7   20s
  1568   471    4.00000   37    2    8.00000    3.00000  62.5%   1.7   26s
  1673   504    3.00000  125    2    8.00000    3.00000  62.5%   1.7   30s
  1883   583    3.00000  141    2    8.00000    3.00000  62.5%   1.7   38s
  1991   630    3.00000   35    2    8.00000    3.00000  62.5%   1.7   42s
  2105   685    4.00000  151    2    8.00000    3.00000  62.5%   1.7   45s
  2266   824    4.00000  116    -    8.00000    3.00000  62.5%   1.7   50s
  2582  1085    3.00000   46    2    8.00000    3.00000  62.5%   1.7   70s
  2584  1086    3.00000   57 1933    8.00000    3.00000  62.5%   1.7   82s
  2586  1089    3.00000   47    2    8.00000    3.00000  62.5%   5.5  154s
  2588  1090    4.00000   11 1919    8.00000    3.00000  62.5%   5.5  156s
  2591  1092    4.00000   28 1322    8.00000    3.00000  62.5%   5.4  160s
  2593  1094    4.00000   59 1187    8.00000    3.00000  62.5%   5.4  166s
  2595  1095    3.00000  132 1348    8.00000    3.00000  62.5%   5.4  171s
  2597  1096    4.00000   65 1240    8.00000    3.00000  62.5%   5.4  177s
  2599  1098    3.00000  127 1328    8.00000    3.00000  62.5%   5.4  183s
  2601  1099    4.00000  133 1303    8.00000    3.00000  62.5%   5.4  190s
  2602  1100    3.00000   92 1303    8.00000    3.00000  62.5%   5.4  196s
H 2602  1044                       7.0000000    3.00000  57.1%   5.4  201s
  2603  1044    4.00000   49 1303    7.00000    3.00000  57.1%   5.4  210s
  2604  1048    3.00000   25 1247    7.00000    3.00000  57.1%  39.9  221s
  2610  1052    3.00000   27 1109    7.00000    3.00000  57.1%  45.2  225s
  2617  1056    3.30134   28 1859    7.00000    3.00000  57.1%  53.4  232s
  2623  1060    3.31418   29 1836    7.00000    3.00000  57.1%  59.4  237s
  2629  1064    3.31748   30 1801    7.00000    3.00000  57.1%  64.3  242s
  2635  1068    3.32771   31 1755    7.00000    3.00000  57.1%  71.3  247s
  2638  1069    3.00000   32  874    7.00000    3.00000  57.1%  73.1  250s
  2646  1074    3.00000   34  809    7.00000    3.00000  57.1%  79.1  256s
  2654  1079    3.00000   36  701    7.00000    3.00000  57.1%  84.7  261s
  2662  1085    3.00000   38  654    7.00000    3.00000  57.1%  91.5  266s
  2672  1091    3.00000   40  609    7.00000    3.00000  57.1%   100  272s
  2680  1096    3.00000   42  621    7.00000    3.00000  57.1%   106  276s
  2691  1105    3.00000   44  591    7.00000    3.00000  57.1%   113  282s
  2696  1107    3.00000   45  606    7.00000    3.00000  57.1%   117  285s
  2708  1115    3.00000   47  616    7.00000    3.00000  57.1%   125  292s
  2716  1121    3.00000   49  608    7.00000    3.00000  57.1%   131  298s
  2722  1124    3.00000   50  637    7.00000    3.00000  57.1%   135  301s
  2729  1130    4.38738   51 1360    7.00000    3.00000  57.1%   140  306s
  2736  1134    3.00000   53  634    7.00000    3.00000  57.1%   144  310s
  2753  1146    3.00000   57  621    7.00000    3.00000  57.1%   154  319s
  2762  1151    3.00000   59  623    7.00000    3.00000  57.1%   159  324s
  2772  1157    3.00000   61  603    7.00000    3.00000  57.1%   165  330s
  2790  1170    3.00000   65  655    7.00000    3.00000  57.1%   176  339s
  2802  1178    3.00000   67  630    7.00000    3.00000  57.1%   181  344s
  2812  1185    3.00000   69  624    7.00000    3.00000  57.1%   188  348s
  2824  1193    3.00000   71  613    7.00000    3.00000  57.1%   194  354s
  2836  1199    3.00000   73  626    7.00000    3.00000  57.1%   199  360s
  2842  1209    3.47113   74 1227    7.00000    3.00000  57.1%   202  366s
  2856  1214    3.00000   77  592    7.00000    3.00000  57.1%   208  374s
  2870  1222    3.00000   80  594    7.00000    3.00000  57.1%   214  381s
  2883  1233    3.00000   82  627    7.00000    3.00000  57.1%   219  388s
  2902  1245    3.00000   85  629    7.00000    3.00000  57.1%   225  397s
  2916  1254    3.00000   87  617    7.00000    3.00000  57.1%   230  405s
  2944  1273    3.00000   91  575    7.00000    3.00000  57.1%   237  412s
  2972  1291    3.00000   94  582    7.00000    3.00000  57.1%   243  421s
  2992  1306    3.00000   97  596    7.00000    3.00000  57.1%   247  431s
  3013  1320    3.00000  100  641    7.00000    3.00000  57.1%   252  440s
  3048  1341    3.00000  105  672    7.00000    3.00000  57.1%   260  450s
  3071  1359    3.00000  107  706    7.00000    3.00000  57.1%   264  458s
  3104  1376    3.00000  111  694    7.00000    3.00000  57.1%   270  469s
  3128  1388    3.00000  116  724    7.00000    3.00000  57.1%   276  479s
  3171  1403    3.00000  121  733    7.00000    3.00000  57.1%   280  487s
  3238  1426    3.00000  126  656    7.00000    3.00000  57.1%   282  498s
  3310  1420    3.00000  130  706    7.00000    3.00000  57.1%   282  508s
  3387  1419    3.00000  133  748    7.00000    3.00000  57.1%   280  519s
  3401  1418    3.00477  135  856    7.00000    3.00477  57.1%   284  530s
  3423  1433    3.03465  143  808    7.00000    3.03465  56.6%   293  542s
  3431  1438    3.03828  145  825    7.00000    3.03828  56.6%   296  552s
  3457  1455    3.08591  154  742    7.00000    3.08591  55.9%   304  564s
  3496  1485    4.89735  168  682    7.00000    3.14493  55.1%   312  574s
  3531  1505    3.17718  182  642    7.00000    3.17718  54.6%   319  587s
  3579  1537    3.23512  201  647    7.00000    3.23512  53.8%   326  598s
  3639  1577    3.38433  225  541    7.00000    3.29474  52.9%   332  610s
  3707  1621    3.69808  253  503    7.00000    3.29474  52.9%   338  622s
  3784  1664    5.07451  284  468    7.00000    3.29731  52.9%   342  636s
  3915  1722    3.32394   28 1764    7.00000    3.31410  52.7%   343  650s
  3951  1742    3.33654   33 1718    7.00000    3.31410  52.7%   351  665s
  3985  1762    3.36143   39 1712    7.00000    3.31410  52.7%   360  682s
  4010  1779    4.35533   42 1641    7.00000    3.31410  52.7%   367  696s
  4050  1807    4.39000   49 1466    7.00000    3.31410  52.7%   376  712s
  4091  1832    3.43726   57 1512    7.00000    3.31410  52.7%   386  728s
  4142  1869    3.47284   65 1381    7.00000    3.31410  52.7%   393  744s
  4210  1913    5.47846   76 1112    7.00000    3.31410  52.7%   402  761s
  4300  1956    3.62362   92 1148    7.00000    3.31410  52.7%   407  778s
  4490  2002    3.72013  109 1115    7.00000    3.31410  52.7%   404  805s
  4582  2061    3.92249  131  876    7.00000    3.31410  52.7%   409  822s
  4771  2179    5.21443  163  683    7.00000    3.31410  52.7%   406  844s
  4911  2208    4.69109  195  441    7.00000    3.31749  52.6%   403  866s
  5036  2246    4.40152   40 1595    7.00000    3.31749  52.6%   402  894s
  5198  2349    4.95447  118  917    7.00000    3.31858  52.6%   400  914s
  5419  2417    4.37687   44 1576    7.00000    3.32005  52.6%   396  933s
  5546  2491    5.77237  109  810    7.00000    3.32774  52.5%   400  954s
  5724  2558     cutoff   51         7.00000    3.32857  52.4%   399  976s
  5918  2665    5.72656   92 1109    7.00000    3.33058  52.4%   399 1002s
  6061  2757    4.43638   51 1501    7.00000    3.33110  52.4%   396 1036s
  6272  2955    5.17796  131  797    7.00000    3.33249  52.4%   394 1061s
  6550  3121    5.63464   78  994    7.00000    3.33436  52.4%   389 1087s
  6805  3303    4.48620  166  590    7.00000    3.33475  52.4%   385 1113s
  7110  3593    4.06032  111  804    7.00000    3.33894  52.3%   381 1148s
  7376  3833    3.41893   45 1488    7.00000    3.34048  52.3%   377 1178s
  7561  4007    3.51054   60 1420    7.00000    3.34048  52.3%   380 1208s
  7788  4188    3.88429   93  895    7.00000    3.34048  52.3%   382 1240s
  8008  4391    5.82987  126  750    7.00000    3.34048  52.3%   383 1270s
  8257  4598    4.99932  176  441    7.00000    3.36226  52.0%   381 1324s
  8444  4747    4.49983   62 1309    7.00000    3.36337  52.0%   380 1352s
  8761  5003     cutoff   72         7.00000    3.36879  51.9%   377 1381s
  9108  5250    5.26168  134  737    7.00000    3.37567  51.8%   373 1408s
  9397  5517    5.65620  153  536    7.00000    3.38203  51.7%   371 1438s
  9691  5749    4.32528   37 1712    7.00000    3.38753  51.6%   369 1464s
  9947  5988    5.61417   79  838    7.00000    3.38770  51.6%   368 1492s
 10108  6134    4.42534   50 1535    7.00000    3.38770  51.6%   369 1519s
 10235  6253    4.54225   65 1213    7.00000    3.38770  51.6%   373 1546s
 10536  6507    4.93217  102  932    7.00000    3.38903  51.6%   371 1573s
 10843  6689    5.53165   64 1359    7.00000    3.38984  51.6%   369 1599s
 11111  6903    4.70000   78 1056    7.00000    3.39226  51.5%   368 1624s
 11327  7108    4.45679   55 1367    7.00000    3.39411  51.5%   369 1650s
 11591  7357    3.48839   54 1437    7.00000    3.39754  51.5%   368 1676s
 11880  7633    5.55127  207  448    7.00000    3.39816  51.5%   366 1701s
 12074  7808    5.14714  120  752    7.00000    3.39975  51.4%   366 1727s
 12304  7983    5.50000   63 1324    7.00000    3.40122  51.4%   367 1755s
 12534  8112    4.65619   75 1123    7.00000    3.40131  51.4%   366 1781s
 12826  8368    5.62443   72 1231    7.00000    3.40256  51.4%   365 1806s
 13007  8525    4.57210  150  633    7.00000    3.40272  51.4%   367 1831s
 13189  8688    4.85416   94  878    7.00000    3.40343  51.4%   367 1856s
 13483  8841    4.67846   76 1116    7.00000    3.40494  51.4%   365 1880s
 13732  9075    4.63117   73 1194    7.00000    3.40709  51.3%   365 1904s
 13977  9294    5.14213  124  703    7.00000    3.40859  51.3%   364 1928s
 14280  9449    5.16031  121  727    7.00000    3.40917  51.3%   363 1952s
 14469  9576    4.99236  104  756    7.00000    3.41025  51.3%   364 1977s
 14749  9839    5.83242  119    2    7.00000    3.41080  51.3%   362 2380s
 14751  9840    4.39697  135 1932    7.00000    3.41080  51.3%   362 2385s
 14752  9841    4.81992   89 1250    7.00000    3.41080  51.3%   362 2391s
 14754  9842    5.25825  235 1288    7.00000    3.41080  51.3%   362 2395s
 14756  9844    4.53257   67 1194    7.00000    3.41080  51.3%   362 2410s
 14758  9845    4.63098  110 1125    7.00000    3.41080  51.3%   362 2473s
 14759  9846    4.37320   34 1083    7.00000    3.41080  51.3%   362 2484s
 14760  9846    5.27660  134 1083    7.00000    3.41080  51.3%   362 2504s
 14761  9850    3.41080   36  984    7.00000    3.41080  51.3%   367 2660s
 14763  9851    3.41080   37  925    7.00000    3.41080  51.3%   367 2688s
 14765  9853    3.50368   37 1230    7.00000    3.41080  51.3%   368 2789s
 14767  9854    3.41080   38  872    7.00000    3.41080  51.3%   368 2791s
 14769  9855    3.49046   38 1367    7.00000    3.41080  51.3%   369 2919s
 14771  9859    3.41080   39  844    7.00000    3.41080  51.3%   369 2942s
 14775  9857    3.41080   40  842    7.00000    3.41080  51.3%   370 2958s
 14779  9860    3.41080   41  832    7.00000    3.41080  51.3%   370 3026s
 14783  9862    3.41080   42  801    7.00000    3.41080  51.3%   371 3037s
 14788  9867    3.41080   43  750    7.00000    3.41080  51.3%   372 3050s
 14793  9869    3.41080   44  783    7.00000    3.41080  51.3%   373 3062s
 14801  9874    3.41080   46  910    7.00000    3.41080  51.3%   374 3069s
 14808  9878    3.41080   48 1239    7.00000    3.41080  51.3%   376 3079s
 14817  9879     cutoff   50         7.00000    3.41080  51.3%   377 3088s
 14829  9889    4.00000   53  916    7.00000    3.41080  51.3%   378 3098s
 14841  9888    4.00000   56  882    7.00000    3.41080  51.3%   379 3104s
 14850  9899    4.00000   58  896    7.00000    3.41080  51.3%   380 3112s
 14858  9894 infeasible   59         7.00000    3.41080  51.3%   381 3122s
 14869  9897    4.00000   62  807    7.00000    3.41080  51.3%   382 3136s
 14879  9900    4.00000   65  773    7.00000    3.41080  51.3%   383 3146s
 14885  9897    4.43013   66 1428    7.00000    3.41080  51.3%   383 3156s
 14893  9895    4.00000   69  616    7.00000    3.41080  51.3%   384 3171s
 14903  9893    4.00000   72  733    7.00000    3.41080  51.3%   385 3189s
 14916  9890 infeasible   76         7.00000    3.41080  51.3%   386 3203s
 14928  9887 infeasible   79         7.00000    3.41080  51.3%   387 3224s
 14939  9882    4.00000   83  610    7.00000    3.41080  51.3%   388 3239s
 14949  9883    4.00000   86  612    7.00000    3.41080  51.3%   388 3249s
 14966  9875    4.00000   90  583    7.00000    3.41080  51.3%   390 3259s
 14990  9872    4.00000   95  612    7.00000    3.41080  51.3%   391 3272s
 15028  9858 infeasible  103         7.00000    3.41080  51.3%   392 3282s
 15061  9847 infeasible  111         7.00000    3.41080  51.3%   394 3301s
 15075  9843 infeasible  112         7.00000    3.41080  51.3%   394 3324s
 15114  9829 infeasible  120         7.00000    3.41080  51.3%   395 3343s
 15161  9815     cutoff  131         7.00000    3.41080  51.3%   395 3370s
 15210  9801 infeasible  143         7.00000    3.41080  51.3%   395 3389s
 15271  9782 infeasible  157         7.00000    3.41080  51.3%   395 3406s
 15304  9779    4.00000   49 1484    7.00000    3.41080  51.3%   397 3417s
 15314  9778    4.00000   52  905    7.00000    3.41080  51.3%   399 3430s
 15326  9786    4.00000   55  833    7.00000    3.41080  51.3%   402 3442s
 15340  9795    4.00000   59  797    7.00000    3.41080  51.3%   405 3456s
 15356  9806    4.00000   63  644    7.00000    3.41080  51.3%   408 3470s
 15374  9818    4.00000   68  635    7.00000    3.41080  51.3%   411 3488s
 15382  9822    4.00000   69  642    7.00000    3.41080  51.3%   412 3502s
 15405  9835    4.56918   74 1404    7.00000    3.49163  50.1%   415 3515s
 15430  9850    4.00000   81  709    7.00000    3.49163  50.1%   419 3527s
 15455  9869    4.00000   87  804    7.00000    3.49163  50.1%   422 3542s
 15480  9884    4.00000   93  814    7.00000    3.49163  50.1%   425 3555s
 15514  9911    4.00489  101  903    7.00000    3.49163  50.1%   429 3570s
 15560  9936    4.50000  114  555    7.00000    3.49163  50.1%   432 3584s
 15616  9973    4.50000  130  420    7.00000    3.49163  50.1%   437 3599s
 15678 10012    4.50000  148  422    7.00000    3.49163  50.1%   440 3600s

Cutting planes:
  Gomory: 3
  Zero half: 23
  Mod-K: 7

Explored 15680 nodes (6905609 simplex iterations) in 3600.01 seconds
Thread count was 4 (of 4 available processors)

Solution count 4: 7 8 10 293 

Time limit reached
Best objective 7.000000000000e+00, best bound 4.000000000000e+00, gap 42.8571%
Warning: Q constraint 0 doesn't have a name
