
Gurobi 8.1.1 (win64) logging started 11/28/19 02:00:40

Changed value of parameter LogFile to logs/drand/qp/drand-10-110-2.log
   Prev: gurobi.log  Default: 
Changed value of parameter LogToConsole to 0
   Prev: 1  Min: 0  Max: 1  Default: 1
Changed value of parameter TimeLimit to 3600.0
   Prev: 1e+100  Min: 0.0  Max: 1e+100  Default: 1e+100
Optimize a model with 1 rows, 532 columns and 1 nonzeros
Model has 10 quadratic constraints
Variable types: 0 continuous, 532 integer (532 binary)
Coefficient statistics:
  Matrix range     [1e+00, 1e+00]
  QMatrix range    [1e+00, 1e+00]
  Objective range  [1e+00, 1e+00]
  Bounds range     [1e+00, 1e+00]
  RHS range        [1e+00, 1e+00]
  QRHS range       [1e+00, 1e+00]
Found heuristic solution: objective 532.0000000
Presolve removed 1 rows and 1 columns
Presolve time: 0.01s
Presolved: 0 rows, 531 columns, 0 nonzeros
Variable types: 0 continuous, 531 integer (531 binary)

Root relaxation: objective 1.000000e+00, 0 iterations, 0.00 seconds

    Nodes    |    Current Node    |     Objective Bounds      |     Work
 Expl Unexpl |  Obj  Depth IntInf | Incumbent    BestBd   Gap | It/Node Time

     0     0    2.00000    0    2  532.00000    2.00000   100%     -    0s
H    0     0                      12.0000000    2.00000  83.3%     -    0s
     0     0    2.00000    0    2   12.00000    2.00000  83.3%     -    0s
     0     2    2.00000    0    2   12.00000    2.00000  83.3%     -    0s
H   29    16                      11.0000000    2.00000  81.8%   1.4    0s
H   30    16                      10.0000000    2.00000  80.0%   1.4    0s
   305   138    2.00000   71    2   10.00000    2.00000  80.0%   1.3    5s
H  421   204                       9.0000000    2.00000  77.8%   1.3    7s
   481   229    2.00000  114    -    9.00000    2.00000  77.8%   1.3   10s
   643   299    2.00000  153    2    9.00000    2.00000  77.8%   1.3   15s
   762   363    2.00000  182    -    9.00000    2.00000  77.8%   1.3   20s
   883   427    2.00000  208    -    9.00000    2.00000  77.8%   1.3   26s
   988   473    2.00000  236    2    9.00000    2.00000  77.8%   1.3   32s
  1055   506    2.00000  253    2    9.00000    2.00000  77.8%   1.3   35s
  1175   564    2.00000  283    2    9.00000    2.00000  77.8%   1.3   41s
  1251   600    2.00000  302    2    9.00000    2.00000  77.8%   1.3   45s
  1361   649    4.00000  332    -    9.00000    2.00000  77.8%   1.3   50s
  1461   775    4.00000    2    2    9.00000    2.00000  77.8%   1.3   96s
  1463   776    3.00000  120 5008    9.00000    2.25055  75.0%   1.3  181s
  1465   779    2.25055  108    2    9.00000    2.25055  75.0%  42.2  208s
  1467   780    3.00000   41 4833    9.00000    2.25349  75.0%  42.2  227s
  1468   781    3.00000  188 4006    9.00000    3.00000  66.7%  42.1  252s
  1469   782    3.00000  218 3425    9.00000    3.00000  66.7%  42.1  278s
  1470   782    6.00000  350 3324    9.00000    3.00000  66.7%  42.1  280s
  1471   783    3.00000  143 3702    9.00000    3.00000  66.7%  42.1  303s
  1472   784    3.00000  300 3640    9.00000    3.00000  66.7%  42.0  306s
  1473   784    3.00000  242 3348    9.00000    3.00000  66.7%  42.0  326s
  1475   786    3.00000   67 3120    9.00000    3.00000  66.7%  41.9  352s
  1477   787    3.00000   86 2985    9.00000    3.00000  66.7%  41.9  376s
  1479   788    3.00000  239 2991    9.00000    3.00000  66.7%  41.8  398s
  1480   789    3.00000  223 2863    9.00000    3.00000  66.7%  41.8  425s
  1481   790    3.00000   23 2863    9.00000    3.00000  66.7%  41.8  464s
  1483   792    3.00000  216    2    9.00000    3.00000  66.7%   403  486s
  1485   793    4.00000  315 4820    9.00000    3.00000  66.7%   402  506s
  1486   794    3.00000    4 4143    9.00000    3.00000  66.7%   402  517s
  1487   795    3.00000   52 3485    9.00000    3.00000  66.7%   402  521s
  1488   795    3.00000   54 3788    9.00000    3.00000  66.7%   402  540s
  1490   797    6.00000  385 3532    9.00000    3.00000  66.7%   401  568s
  1491   797    3.00000   56 3457    9.00000    3.00000  66.7%   401  570s
  1492   798    3.00000   83 3418    9.00000    3.00000  66.7%   400  598s
  1493   799    3.00000  102 3065    9.00000    3.00000  66.7%   400  621s
  1494   799    3.00000  151 3235    9.00000    3.00000  66.7%   400  648s
  1495   800    6.00000  357 3321    9.00000    3.00000  66.7%   400  671s
  1496   801    3.00000   46 3321    9.00000    3.00000  66.7%   399  690s
  1497   801    3.50000  328 3321    9.00000    3.00000  66.7%   399  700s
  1498   805    3.00000   38 3108    9.00000    3.00000  66.7%   713  766s
  1500   806    3.00000   39 3094    9.00000    3.00000  66.7%   745  773s
  1502   808    3.68492   39 3621    9.00000    3.00000  66.7%   771  781s
  1506   810    3.29280   40 4291    9.00000    3.00000  66.7%   803  791s
  1508   813    3.00000   41 3039    9.00000    3.00000  66.7%   815  804s
  1511   810    3.00000   42 3024    9.00000    3.00000  66.7%   841  815s
  1515   813    3.00000   43 3017    9.00000    3.00000  66.7%   861  827s
  1518   814    3.00000   44 3003    9.00000    3.00000  66.7%   899  841s
  1522   819    3.00000   45 2988    9.00000    3.00000  66.7%   941  856s
  1526   820    3.00000   46 2911    9.00000    3.00000  66.7%   984  866s
  1530   822    3.00000   47 2843    9.00000    3.00000  66.7%  1013  879s
  1534   825    3.00000   48 2843    9.00000    3.00000  66.7%  1049  890s
  1538   826    3.00000   49 2842    9.00000    3.00000  66.7%  1078  900s
  1542   827    3.00000   50 2841    9.00000    3.00000  66.7%  1104  911s
  1546   828    3.00000   51 2840    9.00000    3.00000  66.7%  1132  927s
  1550   833    3.00000   52 2839    9.00000    3.00000  66.7%  1153  936s
  1554   834    3.00000   53 2826    9.00000    3.00000  66.7%  1185  946s
  1558   838    3.00000   54 2814    9.00000    3.00000  66.7%  1213  956s
  1562   839    3.00000   55 2800    9.00000    3.00000  66.7%  1238  966s
  1566   841    3.00000   56 2819    9.00000    3.00000  66.7%  1264  981s
  1572   845    3.00000   57 2790    9.00000    3.00000  66.7%  1300  991s
  1576   848    3.00000   58 2789    9.00000    3.00000  66.7%  1329 1001s
  1580   851    3.00000   59 2788    9.00000    3.00000  66.7%  1357 1012s
  1584   853    3.00000   60 2777    9.00000    3.00000  66.7%  1391 1026s
  1590   857    3.00000   61 2774    9.00000    3.00000  66.7%  1424 1037s
  1596   860    3.00000   62 2758    9.00000    3.00000  66.7%  1456 1052s
  1603   867    3.70964   63 3153    9.00000    3.00000  66.7%  1506 1071s
  1610   870    3.00000   65 2525    9.00000    3.00000  66.7%  1545 1086s
  1617   876    3.27807   66 4228    9.00000    3.00000  66.7%  1596 1105s
  1624   879    3.00000   68 2357    9.00000    3.00000  66.7%  1630 1121s
  1631   884    3.34622   69 4014    9.00000    3.00000  66.7%  1676 1136s
  1638   887    3.00000   71 1658    9.00000    3.00000  66.7%  1706 1150s
  1646   895    3.00000   73 1625    9.00000    3.00000  66.7%  1745 1165s
  1654   898    3.00000   75 1623    9.00000    3.00000  66.7%  1785 1182s
  1662   903    3.00000   77 1599    9.00000    3.00000  66.7%  1829 1198s
  1670   909    3.00000   79 1466    9.00000    3.00000  66.7%  1872 1219s
  1680   915    3.00000   81 1395    9.00000    3.00000  66.7%  1922 1240s
  1692   923    3.00000   84 1316    9.00000    3.00000  66.7%  1974 1264s
  1702   930    3.00000   86 1309    9.00000    3.00000  66.7%  2028 1285s
  1714   938    3.00000   89 1147    9.00000    3.00000  66.7%  2076 1307s
  1726   946    3.00000   92 1174    9.00000    3.00000  66.7%  2126 1328s
  1738   954    3.00000   95 1118    9.00000    3.00000  66.7%  2176 1354s
  1752   963    3.00000   99 1094    9.00000    3.00000  66.7%  2230 1379s
  1766   975    3.00000  102 1106    9.00000    3.00000  66.7%  2282 1405s
  1782   983    3.00000  106 1106    9.00000    3.00000  66.7%  2343 1432s
  1798   996    3.00000  110 1105    9.00000    3.00000  66.7%  2404 1461s
  1816  1006    3.00000  115 1102    9.00000    3.00000  66.7%  2465 1490s
  1836  1019    3.00000  120 1107    9.00000    3.00000  66.7%  2529 1520s
  1856  1033    3.00000  125 1094    9.00000    3.00000  66.7%  2595 1551s
  1876  1046    3.00000  130 1100    9.00000    3.00000  66.7%  2661 1580s
  1896  1057    3.00000  135 1228    9.00000    3.00000  66.7%  2720 1612s
  1921  1077    3.46365  140 3427    9.00000    3.00000  66.7%  2784 1644s
  1946  1092    3.02672  146 1348    9.00000    3.02672  66.4%  2834 1676s
  1976  1110    3.50000  154  987    9.00000    3.25466  63.8%  2877 1709s
  2011  1135    3.68575  163 2480    9.00000    3.25466  63.8%  2917 1745s
  2050  1160    3.50000  174  818    9.00000    3.25466  63.8%  2954 1779s
  2090  1191    3.50000  185  746    9.00000    3.25466  63.8%  2994 1815s
  2128  1212    3.50000  195  826    9.00000    3.25466  63.8%  3040 1851s
  2174  1242    3.50000  208  691    9.00000    3.25466  63.8%  3076 1888s
  2232  1281    4.00000  226 1124    9.00000    3.25466  63.8%  3098 1925s
  2284  1315    4.00000  240  959    9.00000    3.25466  63.8%  3131 1964s
  2350  1359    4.00000  259 1008    9.00000    3.25466  63.8%  3145 2003s
  2424  1408    4.00000  280 1012    9.00000    3.25466  63.8%  3151 2042s
  2506  1463    4.00000  302  904    9.00000    3.25466  63.8%  3148 2082s
  2596  1511    4.00000  325  838    9.00000    3.25466  63.8%  3139 2138s
  2702  1571    4.00000  352  852    9.00000    3.25466  63.8%  3131 2186s
  2799  1618    4.00000  384  719    9.00000    3.25627  63.8%  3112 2230s
  3028  1705    4.25200   43 4952    9.00000    3.25627  63.8%  2940 2274s
  3154  1780    4.00000   68 3325    9.00000    3.25627  63.8%  2849 2324s
  3440  1951    4.00000  202 2222    9.00000    3.25627  63.8%  2654 2364s
  3626  2073    4.50000  299 1526    9.00000    3.25627  63.8%  2564 2401s
  3932  2280    5.45157  498  673    9.00000    3.25911  63.8%  2404 2449s
  4077  2398    4.00000   80 1531    9.00000    3.25952  63.8%  2357 2488s
  4425  2740    4.50000  165  921    9.00000    3.25952  63.8%  2209 2526s
  4937  3179    5.00000  444  809    9.00000    3.26238  63.8%  2019 2565s
  5095  3320    4.00000   86 1407    9.00000    3.26238  63.8%  1981 2603s
  5279  3505    4.50000  209 1664    9.00000    3.26238  63.8%  1939 2645s
  5612  3816    5.00000  399  846    9.00000    3.27059  63.7%  1857 2692s
  6262  4392    3.50000   47 4081    9.00000    3.27108  63.7%  1706 2734s
  6304  4428    4.00000   62 1297    9.00000    3.27108  63.7%  1716 2779s
  6457  4582    4.50000  165 1745    9.00000    3.27108  63.7%  1700 2820s
  6864  4974    5.00606  408  648    9.00000    3.27554  63.6%  1627 2861s
  7160  5248    4.00000   50 4027    9.00000    3.27554  63.6%  1584 2903s
  7305  5382    4.00000  157 2414    9.00000    3.27554  63.6%  1568 2944s
  7422  5504    4.00000  213 1153    9.00000    3.27554  63.6%  1566 2986s
  7618  5680    5.00000  292  935    9.00000    3.27811  63.6%  1550 3036s
  7989  6039    3.53316   60 2273    9.00000    3.27811  63.6%  1505 3075s
  8135  6171    4.00000  117 1212    9.00000    3.27811  63.6%  1499 3115s
  8445  6484    4.50000  305 1185    9.00000    3.27811  63.6%  1461 3152s
  8675  6692    5.22420  458  849    9.00000    3.27969  63.6%  1444 3196s
  8934  6927    4.00000   72 3461    9.00000    3.28026  63.6%  1419 3234s
  9077  7069    4.00000  170 2409    9.00000    3.28026  63.6%  1403 3273s
  9242  7228    5.45756  230 2848    9.00000    3.28026  63.6%  1394 3311s
  9524  7503    5.50000  450 1057    9.00000    3.28702  63.5%  1368 3350s
  9802  7732    3.53896   61 2573    9.00000    3.28702  63.5%  1347 3392s
  9891  7807    4.00000  124 2918    9.00000    3.28702  63.5%  1349 3434s
 10054  7970    4.00000  207 1201    9.00000    3.28702  63.5%  1338 3473s
 10343  8249    5.00000  330  955    9.00000    3.29637  63.4%  1319 3512s
 10948  8774    3.51047   55 2207    9.00000    3.29637  63.4%  1266 3555s
 10991  8797    4.00000   77 3159    9.00000    3.29637  63.4%  1273 3591s
 11123  8925    4.00000  138 1248    9.00000    3.29637  63.4%  1271 3600s

Cutting planes:
  Gomory: 2
  Flow cover: 1
  Zero half: 16
  Mod-K: 12

Explored 11172 nodes (14180314 simplex iterations) in 3600.02 seconds
Thread count was 4 (of 4 available processors)

Solution count 5: 9 10 11 ... 532

Time limit reached
Best objective 9.000000000000e+00, best bound 4.000000000000e+00, gap 55.5556%
Warning: Q constraint 0 doesn't have a name
