
Gurobi 8.1.1 (win64) logging started 11/27/19 18:19:08

Changed value of parameter LogFile to logs/drand/qp/drand-07-110-1.log
   Prev: gurobi.log  Default: 
Changed value of parameter LogToConsole to 0
   Prev: 1  Min: 0  Max: 1  Default: 1
Changed value of parameter TimeLimit to 3600.0
   Prev: 1e+100  Min: 0.0  Max: 1e+100  Default: 1e+100
Optimize a model with 1 rows, 389 columns and 1 nonzeros
Model has 7 quadratic constraints
Variable types: 0 continuous, 389 integer (389 binary)
Coefficient statistics:
  Matrix range     [1e+00, 1e+00]
  QMatrix range    [1e+00, 1e+00]
  Objective range  [1e+00, 1e+00]
  Bounds range     [1e+00, 1e+00]
  RHS range        [1e+00, 1e+00]
  QRHS range       [1e+00, 1e+00]
Found heuristic solution: objective 389.0000000
Presolve removed 1 rows and 1 columns
Presolve time: 0.00s
Presolved: 0 rows, 388 columns, 0 nonzeros
Variable types: 0 continuous, 388 integer (388 binary)

Root relaxation: objective 1.000000e+00, 0 iterations, 0.00 seconds

    Nodes    |    Current Node    |     Objective Bounds      |     Work
 Expl Unexpl |  Obj  Depth IntInf | Incumbent    BestBd   Gap | It/Node Time

     0     0    2.00000    0    2  389.00000    2.00000  99.5%     -    0s
H    0     0                       9.0000000    2.00000  77.8%     -    0s
     0     0    2.00000    0    2    9.00000    2.00000  77.8%     -    0s
H    0     0                       8.0000000    2.00000  75.0%     -    0s
     0     2    2.00000    0    2    8.00000    2.00000  75.0%     -    0s
   491   223    2.00000  114    2    8.00000    2.00000  75.0%   1.3    5s
   775   364    2.00000  175    -    8.00000    2.00000  75.0%   1.3   10s
   987   442    4.00000  253    -    8.00000    2.00000  75.0%   1.3   15s
  1248   489     cutoff  286         8.00000    2.00000  75.0%   1.3   20s
  1348   493    3.00000  110    2    8.00000    3.00000  62.5%   1.3   25s
  1610   547    4.00000  196    2    8.00000    3.00000  62.5%   1.3   33s
  1744   597    3.00000  197    2    8.00000    3.00000  62.5%   1.3   36s
  1840   633    4.00000  211    2    8.00000    3.00000  62.5%   1.4   41s
  2095   815    3.00000  214    2    8.00000    3.00000  62.5%   1.4   47s
  2165   807    4.00000  229    2    8.00000    3.00000  62.5%   1.4   53s
  2294   837    4.00000  230    2    8.00000    3.00000  62.5%   1.4   58s
  2378   893    4.00000  248    2    8.00000    3.00000  62.5%   1.4   65s
  2472   929    4.00000  245    2    8.00000    3.00000  62.5%   1.4   70s
  2688  1083    4.16667  250    3    8.00000    3.00000  62.5%   1.4   75s
  2819  1149    5.00000  275    -    8.00000    3.00000  62.5%   1.4   81s
  2921  1166    4.00000  198    2    8.00000    3.00000  62.5%   1.4   88s
  3011  1208    7.00000  277    -    8.00000    3.00000  62.5%   1.4   94s
  3178  1291    7.00000  277    -    8.00000    3.00000  62.5%   1.3  102s
  3294  1351    7.00000  281    2    8.00000    3.00000  62.5%   1.4  110s
  3512  1590    4.16667  253    2    8.00000    3.00000  62.5%   1.3  144s
  3514  1591    5.00000  255 2629    8.00000    3.00000  62.5%   1.3  166s
  3516  1594    4.00000  123    2    8.00000    3.00000  62.5%   5.4  272s
  3518  1595    6.00000  266 2773    8.00000    3.00000  62.5%   5.4  278s
  3519  1596    3.00000  178 1962    8.00000    3.00000  62.5%   5.4  282s
  3520  1597    4.00000  135 2198    8.00000    3.00000  62.5%   5.4  286s
  3522  1598    4.00000  114 1995    8.00000    3.00000  62.5%   5.4  290s
  3523  1599    6.50000  277 2461    8.00000    3.00000  62.5%   5.4  295s
  3526  1601    7.00000  281 1926    8.00000    3.00000  62.5%   5.4  300s
  3530  1603    5.00000  238 2056    8.00000    3.00000  62.5%   5.4  306s
  3532  1605    5.00000  253 2055    8.00000    3.00000  62.5%   5.4  311s
  3533  1608    3.00000   23 2021    8.00000    3.00000  62.5%  21.6  317s
  3537  1611    3.40098   24 2149    8.00000    3.00000  62.5%  27.1  321s
  3541  1614    3.33972   25 2385    8.00000    3.00000  62.5%  32.2  326s
  3546  1616    3.38189   26 2268    8.00000    3.00000  62.5%  39.9  334s
  3549  1616    3.00000   27 1951    8.00000    3.00000  62.5%  42.3  338s
  3552  1620    3.00000   28 1951    8.00000    3.00000  62.5%  45.5  342s
  3555  1621    3.00000   29 1945    8.00000    3.00000  62.5%  50.7  346s
  3559  1624    3.00000   30 1942    8.00000    3.00000  62.5%  55.7  351s
  3567  1629    3.00000   32 1933    8.00000    3.00000  62.5%  64.7  359s
  3571  1632    3.00000   33 1903    8.00000    3.00000  62.5%  69.9  363s
  3575  1634    3.00000   34 1897    8.00000    3.00000  62.5%  74.7  367s
  3579  1637    3.00000   35 1891    8.00000    3.00000  62.5%  79.9  372s
  3583  1640    3.00000   36 1913    8.00000    3.00000  62.5%  85.0  376s
  3587  1642    3.00000   37 1772    8.00000    3.00000  62.5%  90.0  381s
  3591  1645    3.00000   38 1856    8.00000    3.00000  62.5%  94.9  386s
  3595  1648    3.00000   39 1807    8.00000    3.00000  62.5%   100  391s
  3599  1650    3.00000   40 1814    8.00000    3.00000  62.5%   106  395s
  3603  1653    3.00000   41 1815    8.00000    3.00000  62.5%   111  400s
  3615  1661    3.00000   43 1796    8.00000    3.00000  62.5%   121  408s
  3619  1664    3.00000   44 1780    8.00000    3.00000  62.5%   126  412s
  3625  1668    3.00000   45 1770    8.00000    3.00000  62.5%   131  416s
  3631  1671    3.00000   46 1768    8.00000    3.00000  62.5%   136  422s
  3638  1677    3.00000   48 1697    8.00000    3.00000  62.5%   142  426s
  3643  1680    3.00000   49 1691    8.00000    3.00000  62.5%   148  430s
  3647  1682    3.00000   50 1702    8.00000    3.00000  62.5%   153  435s
  3653  1686    3.00000   51 1678    8.00000    3.00000  62.5%   158  442s
  3661  1691    3.00000   53 1591    8.00000    3.00000  62.5%   165  447s
  3670  1699    3.37233   54 2106    8.00000    3.00000  62.5%   173  454s
  3677  1702    3.00000   56 1525    8.00000    3.00000  62.5%   178  462s
  3687  1709    3.00000   58 1504    8.00000    3.00000  62.5%   185  469s
  3699  1717    3.00000   60 1556    8.00000    3.00000  62.5%   193  476s
  3707  1721    3.00000   62 1544    8.00000    3.00000  62.5%   200  481s
  3718  1731    4.33369   64 1877    8.00000    3.00000  62.5%   209  488s
  3729  1737    3.00000   66 1492    8.00000    3.00000  62.5%   214  494s
  3739  1744    3.00000   68 1524    8.00000    3.00000  62.5%   221  502s
  3751  1752    3.00000   71 1533    8.00000    3.00000  62.5%   231  510s
  3763  1760    3.00000   73 1350    8.00000    3.00000  62.5%   240  519s
  3777  1768    3.00000   76 1421    8.00000    3.00000  62.5%   250  527s
  3790  1781    3.00000   79 1377    8.00000    3.00000  62.5%   260  537s
  3805  1788    3.00000   83 1501    8.00000    3.00000  62.5%   270  545s
  3819  1797    3.00000   86 1431    8.00000    3.00000  62.5%   280  553s
  3835  1808    3.00000   89 1441    8.00000    3.00000  62.5%   288  562s
  3851  1818    3.00000   92 1386    8.00000    3.00000  62.5%   298  571s
  3867  1831    3.00000   95 1318    8.00000    3.00000  62.5%   308  581s
  3887  1842    3.00000   99 1307    8.00000    3.00000  62.5%   319  592s
  3911  1858    3.00000  104 1275    8.00000    3.00000  62.5%   329  603s
  3933  1873    3.00000  109 1333    8.00000    3.00000  62.5%   339  614s
  3955  1888    3.00000  113 1291    8.00000    3.00000  62.5%   348  626s
  3983  1905    3.00000  119 1353    8.00000    3.00000  62.5%   360  638s
  4002  1920    3.00000  123 1304    8.00000    3.00000  62.5%   368  649s
  4031  1938    3.00000  129 1284    8.00000    3.00000  62.5%   378  661s
  4061  1960    3.00000  135 1319    8.00000    3.00000  62.5%   390  674s
  4095  1981    3.00000  142 1326    8.00000    3.00000  62.5%   403  687s
  4135  2008    3.00000  149 1313    8.00000    3.00000  62.5%   415  701s
  4175  2034    3.00000  157 1177    8.00000    3.00000  62.5%   426  714s
  4223  2066    3.00000  165 1200    8.00000    3.00000  62.5%   436  728s
  4279  2106    3.00000  174 1226    8.00000    3.00000  62.5%   446  742s
  4337  2142    3.00000  184 1184    8.00000    3.00000  62.5%   456  758s
  4415  2195    3.00000  195 1178    8.00000    3.00000  62.5%   464  773s
  4530  2271    3.00000  208 1128    8.00000    3.00000  62.5%   468  788s
  4662  2358    3.05836  224 1113    8.00000    3.05836  61.8%   468  801s
  4831  2453    4.24384  251  916    8.00000    3.28898  58.9%   464  816s
  5022  2544    5.55649  307  612    8.00000    3.28898  58.9%   459  829s
  5208  2660    6.58889  382  324    8.00000    3.28996  58.9%   453  846s
  5369  2720    3.36064   54 2047    8.00000    3.33004  58.4%   450  861s
  5455  2778    4.38398   61 1950    8.00000    3.33004  58.4%   453  876s
  5581  2846    4.45145   72 1725    8.00000    3.33004  58.4%   452  893s
  5813  2871    3.63780   97 1440    8.00000    3.33004  58.4%   444  909s
  5940  2958    5.05483  142 1043    8.00000    3.33004  58.4%   445  926s
  6117  3062    5.79825  203  638    8.00000    3.33974  58.3%   439  947s
  6518  3179    3.44360   73 2032    8.00000    3.34470  58.2%   421  964s
  6598  3232    3.69468  106 1618    8.00000    3.34470  58.2%   424  982s
  6744  3330    5.75336  190  853    8.00000    3.34681  58.2%   423 1003s
  7093  3485    3.41983   50 2337    8.00000    3.34681  58.2%   410 1022s
  7236  3547    3.64813   95 1643    8.00000    3.34681  58.2%   411 1044s
  7375  3640    4.17948  142 1099    8.00000    3.34681  58.2%   412 1065s
  7677  3765    5.23746  212  614    8.00000    3.35911  58.0%   404 1085s
  7871  3855    5.41216   65 1832    8.00000    3.35911  58.0%   404 1108s
  8115  4002     cutoff  159         8.00000    3.35946  58.0%   400 1130s
  8325  4040    4.49457   72 1956    8.00000    3.35971  58.0%   400 1154s
  8570  4266    6.66753  183  825    8.00000    3.36063  58.0%   396 1176s
  8872  4449    4.51671   86 1866    8.00000    3.36218  58.0%   394 1200s
  9049  4616    6.35722  165  891    8.00000    3.36410  57.9%   394 1223s
  9379  4824    4.43117   75 1960    8.00000    3.36861  57.9%   389 1247s
  9575  5006    5.30004  161  896    8.00000    3.36965  57.9%   388 1269s
  9927  5235    4.47380   80 1945    8.00000    3.36971  57.9%   383 1290s
 10004  5312    4.90094  127 1249    8.00000    3.36995  57.9%   388 1313s
 10303  5540    4.34138   60 2177    8.00000    3.36995  57.9%   385 1335s
 10468  5643    4.60591   97 1595    8.00000    3.36995  57.9%   387 1358s
 10755  5913    6.93333  199  546    8.00000    3.37647  57.8%   383 1381s
 10995  6032    3.55588   89 1787    8.00000    3.37775  57.8%   381 1402s
 11178  6209    4.54110  172  851    8.00000    3.37974  57.8%   381 1424s
 11519  6424    4.46654   79 1818    8.00000    3.37987  57.8%   376 1445s
 11707  6602    5.03323  142 1162    8.00000    3.38093  57.7%   376 1470s
 11991  6792    3.43956   54 2116    8.00000    3.38190  57.7%   374 1491s
 12170  6954    3.95322  128 1185    8.00000    3.38247  57.7%   373 1515s
 12529  7205    3.43010   28 2478    8.00000    3.38285  57.7%   368 1536s
 12651  7327    3.60213   85 1847    8.00000    3.38285  57.7%   369 1558s
 12913  7524    5.46493  184  703    8.00000    3.38527  57.7%   367 1579s
 13137  7687    4.36284   53 2214    8.00000    3.38527  57.7%   365 1601s
 13353  7886    4.78564  110 1416    8.00000    3.38527  57.7%   364 1622s
 13619  8078     cutoff  233         8.00000    3.38651  57.7%   361 1643s
 13825  8254    3.63798  101 1635    8.00000    3.38651  57.7%   360 1664s
 14075  8451    6.00000  208  540    8.00000    3.38838  57.6%   358 1684s
 14260  8589    4.42575   60 2132    8.00000    3.38838  57.6%   358 1705s
 14500  8816    6.76923  263    2    8.00000    3.38838  57.6%   357 2048s
 14502  8817    5.83423  194 2741    8.00000    3.38838  57.6%   356 2061s
 14503  8818    3.79481  116 1823    8.00000    3.38838  57.6%   356 2066s
 14505  8819    5.06829  144 1963    8.00000    3.38838  57.6%   356 2073s
 14507  8821    3.44305   67 1992    8.00000    3.38838  57.6%   356 2079s
 14508  8821    6.65415  200 1863    8.00000    3.38838  57.6%   356 2081s
 14509  8822    3.40784   55 1956    8.00000    3.38838  57.6%   356 2097s
 14510  8823    5.14434  318 1838    8.00000    3.38838  57.6%   356 2100s
 14511  8823    6.34496  215 1913    8.00000    3.38838  57.6%   356 2113s
 14512  8824    4.58606   91 1776    8.00000    3.38838  57.6%   356 2116s
 14513  8825    6.63636  223 1763    8.00000    3.38838  57.6%   356 2129s
 14514  8825    4.39078   66 1867    8.00000    3.38838  57.6%   356 2133s
 14515  8826    5.30831  161 1874    8.00000    3.38838  57.6%   356 2142s
 14516  8827    4.94458  318 1728    8.00000    3.38838  57.6%   356 2145s
 14517  8827    4.16058  146 1705    8.00000    3.38838  57.6%   356 2157s
 14518  8828    6.08676  151 1883    8.00000    3.38838  57.6%   356 2161s
 14519  8829    5.81116  198 1874    8.00000    3.38838  57.6%   356 2175s
 14521  8830    5.91179  197 1807    8.00000    3.38838  57.6%   356 2192s
 14522  8831    5.17868  262 1963    8.00000    3.38838  57.6%   356 2196s
 14523  8831    5.62260  348 1922    8.00000    3.38838  57.6%   356 2209s
 14524  8832    5.21799  155 1814    8.00000    3.38838  57.6%   356 2213s
 14525  8833    3.49038   71 1783    8.00000    3.38838  57.6%   356 2224s
 14526  8833    4.95289  124 1875    8.00000    3.38838  57.6%   356 2229s
 14527  8834    4.34241   40 1906    8.00000    3.38838  57.6%   356 2242s
 14528  8835    4.27495   25 2011    8.00000    3.38838  57.6%   356 2248s
 14529  8835    5.14951  149 2010    8.00000    3.38838  57.6%   356 2260s
 14531  8837    4.74249  114 1928    8.00000    3.38838  57.6%   356 2280s
 14532  8837    5.34602   50 1833    8.00000    3.38838  57.6%   356 2285s
 14533  8838    3.61778   89 1843    8.00000    3.38838  57.6%   356 2298s
 14534  8839    5.77739  108 1840    8.00000    3.38838  57.6%   356 2301s
 14535  8839    6.40117  219 1861    8.00000    3.38838  57.6%   356 2314s
 14536  8840    6.76974  220 1891    8.00000    3.38838  57.6%   356 2319s
 14537  8841    4.38968   57 1851    8.00000    3.38838  57.6%   356 2331s
 14538  8841    5.33978   58 1865    8.00000    3.38838  57.6%   356 2336s
 14539  8842    4.41344   69 1747    8.00000    3.38838  57.6%   356 2347s
 14540  8843    6.31956  217 1865    8.00000    3.38838  57.6%   356 2352s
 14541  8843    7.00000  239 1842    8.00000    3.38838  57.6%   355 2363s
 14542  8844    6.49732  176 1868    8.00000    3.38838  57.6%   355 2367s
 14543  8845    3.44775   40 1884    8.00000    3.38838  57.6%   355 2380s
 14544  8845    4.91135  128 1856    8.00000    3.38838  57.6%   355 2385s
 14545  8846    4.70077  111 1803    8.00000    3.38838  57.6%   355 2397s
 14546  8847    4.10577  141 1781    8.00000    3.38838  57.6%   355 2401s
 14547  8847    3.46819   71 1772    8.00000    3.38838  57.6%   355 2415s
 14549  8849    5.40605  107 1826    8.00000    3.38838  57.6%   355 2431s
 14550  8849    6.09107  324 1751    8.00000    3.38838  57.6%   355 2436s
 14551  8850    6.12598  149 1731    8.00000    3.38838  57.6%   355 2448s
 14552  8851    5.18987  142 1771    8.00000    3.38838  57.6%   355 2452s
 14553  8851    5.47637  172 1742    8.00000    3.38838  57.6%   355 2465s
 14555  8853    4.42541  273 1895    8.00000    3.38838  57.6%   355 2482s
 14556  8853    5.44256  172 1790    8.00000    3.38838  57.6%   355 2487s
 14557  8854    6.28602  216 1778    8.00000    3.38838  57.6%   355 2502s
 14558  8855    3.94919  222 1687    8.00000    3.38838  57.6%   355 2520s
 14560  8856    3.74065  112 1874    8.00000    3.38838  57.6%   355 2538s
 14561  8857    5.34906  170 1855    8.00000    3.38838  57.6%   355 2542s
 14562  8857    5.79782  194 1837    8.00000    3.38838  57.6%   355 2555s
 14563  8858    6.83241  192 1874    8.00000    3.38838  57.6%   355 2562s
 14564  8859    4.74910  115 1870    8.00000    3.38838  57.6%   355 2575s
 14565  8859    5.77173  185 1794    8.00000    3.38838  57.6%   355 2582s
 14566  8860    6.27629  219 1815    8.00000    3.38838  57.6%   355 2595s
 14567  8861    4.30672  157 1826    8.00000    3.38838  57.6%   355 2600s
 14568  8861    4.34915   80 1841    8.00000    3.38838  57.6%   355 2614s
 14569  8862    3.61681   99 1812    8.00000    3.38838  57.6%   355 2620s
 14570  8863    6.92943  207 1823    8.00000    3.38838  57.6%   355 2630s
 14571  8863    5.90439  124 1703    8.00000    3.38838  57.6%   355 2635s
 14572  8864    4.93177  129 1753    8.00000    3.38838  57.6%   355 2646s
 14573  8865    5.87027  197 1821    8.00000    3.38838  57.6%   355 2652s
 14574  8865    4.66067  106 1857    8.00000    3.38838  57.6%   355 2665s
 14575  8866    3.45642   57 1810    8.00000    3.38838  57.6%   355 2671s
 14576  8867    5.76674  186 1728    8.00000    3.38838  57.6%   355 2685s
 14577  8867    4.73674  111 1853    8.00000    3.38838  57.6%   355 2691s
 14578  8868    5.36535  174 1865    8.00000    3.38838  57.6%   355 2703s
 14579  8869    5.98504  201 1781    8.00000    3.38838  57.6%   355 2710s
 14580  8869    6.02638  218 1751    8.00000    3.38838  57.6%   355 2723s
 14581  8870    5.70633  246 1823    8.00000    3.38838  57.6%   355 2729s
 14582  8871    6.45223  161 1863    8.00000    3.38838  57.6%   354 2741s
 14583  8871    6.10361  151 1759    8.00000    3.38838  57.6%   354 2746s
 14584  8872    3.68760  102 1761    8.00000    3.38838  57.6%   354 2757s
 14585  8873    3.75960  195 1843    8.00000    3.38838  57.6%   354 2762s
 14586  8873    5.30472  158 1861    8.00000    3.38838  57.6%   354 2775s
 14587  8874    3.77428  113 1715    8.00000    3.38838  57.6%   354 2780s
 14588  8875    4.46809   76 1732    8.00000    3.38838  57.6%   354 2794s
 14589  8875    4.53225   74 1854    8.00000    3.38838  57.6%   354 2799s
 14590  8876    5.47799  168 1941    8.00000    3.38838  57.6%   354 2811s
 14591  8877    4.11741  148 1981    8.00000    3.38838  57.6%   354 2817s
 14592  8877    4.95961  135 1938    8.00000    3.38838  57.6%   354 2828s
 14593  8878    6.84375  223 1807    8.00000    3.38838  57.6%   354 2833s
 14594  8879    3.52600   86 1750    8.00000    3.38838  57.6%   354 2844s
 14595  8879    6.34815  212 1686    8.00000    3.38838  57.6%   354 2849s
 14596  8880    3.56859   89 1737    8.00000    3.38838  57.6%   354 2861s
 14597  8881    4.24051  151 1820    8.00000    3.38838  57.6%   354 2868s
 14598  8881    6.69231  253 1845    8.00000    3.38838  57.6%   354 2879s
 14599  8882    4.97897  201 1935    8.00000    3.38838  57.6%   354 2885s
 14600  8883    6.76923  263 1803    8.00000    3.38838  57.6%   354 2897s
 14601  8883    4.86924  117 1770    8.00000    3.38838  57.6%   354 2903s
 14602  8884    5.83423  194 1798    8.00000    3.38838  57.6%   354 2915s
 14603  8885    3.79481  116 1805    8.00000    3.38838  57.6%   354 2920s
 14604  8885    5.52713  185 1769    8.00000    3.38838  57.6%   354 2932s
 14605  8886    5.06829  144 1866    8.00000    3.38838  57.6%   354 2938s
 14606  8887    5.36364  224 1861    8.00000    3.38838  57.6%   354 2950s
 14607  8887    3.44305   67 1790    8.00000    3.38838  57.6%   354 2956s
 14608  8888    6.65415  200 1823    8.00000    3.38838  57.6%   354 2968s
 14609  8889    3.40784   55 1808    8.00000    3.38838  57.6%   354 2974s
 14610  8889    5.14434  318 1794    8.00000    3.38838  57.6%   354 2989s
 14611  8890    6.34496  215 1966    8.00000    3.38838  57.6%   354 2995s
 14612  8891    4.58606   91 1966    8.00000    3.38838  57.6%   354 3006s
H14612  8444                       7.0000000    3.38838  51.6%   354 3013s
 14614  8445    4.39078   66 1897    7.00000    3.38838  51.6%   354 3027s
 14615  8446    5.30831  161 1914    7.00000    3.38838  51.6%   354 3033s
 14616  8446    4.94458  318 1882    7.00000    3.38838  51.6%   354 3047s
 14617  8447    4.16058  146 1870    7.00000    3.38838  51.6%   354 3064s
 14618  8448    6.08676  151 1841    7.00000    3.38838  51.6%   354 3072s
 14619  8448    5.81116  198 1849    7.00000    3.38838  51.6%   354 3088s
 14620  8449    4.98990  138 1863    7.00000    3.38838  51.6%   354 3106s
 14621  8450    5.91179  197 1884    7.00000    3.38838  51.6%   354 3119s
 14622  8450    5.17868  262 1907    7.00000    3.38838  51.6%   354 3131s
 14623  8451    5.62260  348 1888    7.00000    3.38838  51.6%   354 3137s
 14624  8452    5.21799  155 1834    7.00000    3.38838  51.6%   353 3150s
 14625  8452    3.49038   71 1877    7.00000    3.38838  51.6%   353 3172s
 14626  8453    4.95289  124 1798    7.00000    3.38838  51.6%   353 3185s
 14627  8454    4.34241   40 1778    7.00000    3.38838  51.6%   353 3198s
 14628  8454    4.27495   25 1886    7.00000    3.38838  51.6%   353 3222s
 14629  8455    5.14951  149 1938    7.00000    3.38838  51.6%   353 3234s
 14630  8456    5.15038  144 1958    7.00000    3.38838  51.6%   353 3247s
 14631  8456    4.74249  114 1910    7.00000    3.38838  51.6%   353 3258s
 14632  8457    5.34602   50 1914    7.00000    3.38838  51.6%   353 3271s
 14633  8458    3.61778   89 1907    7.00000    3.38838  51.6%   353 3283s
 14634  8458    5.77739  108 1913    7.00000    3.38838  51.6%   353 3295s
 14635  8459    6.40117  219 1797    7.00000    3.38838  51.6%   353 3306s
 14636  8460    6.76974  220 1777    7.00000    3.38838  51.6%   353 3319s
 14637  8460    4.38968   57 1842    7.00000    3.38838  51.6%   353 3342s
 14638  8461    5.33978   58 1916    7.00000    3.38838  51.6%   353 3351s
 14639  8462    4.41344   69 1950    7.00000    3.38838  51.6%   353 3362s
 14640  8462    6.31956  217 1916    7.00000    3.38838  51.6%   353 3374s
 14641  8463    7.00000  239 1945    7.00000    3.38838  51.6%   353 3388s
 14642  8464    6.49732  176 1870    7.00000    3.38838  51.6%   353 3409s
 14643  8464    3.44775   40 1860    7.00000    3.38838  51.6%   353 3420s
 14644  8465    4.91135  128 1844    7.00000    3.38838  51.6%   353 3435s
 14645  8466    4.70077  111 1828    7.00000    3.38838  51.6%   353 3448s
 14646  8466    4.10577  141 1840    7.00000    3.38838  51.6%   353 3463s
 14647  8467    3.46819   71 1827    7.00000    3.38838  51.6%   353 3475s
 14648  8468    5.05888  144 1843    7.00000    3.38838  51.6%   353 3482s
 14649  8468    5.40605  107 1821    7.00000    3.38838  51.6%   353 3496s
 14650  8469    6.09107  324 1805    7.00000    3.38838  51.6%   353 3503s
 14651  8470    6.12598  149 1814    7.00000    3.38838  51.6%   353 3518s
 14652  8470    5.18987  142 1938    7.00000    3.38838  51.6%   353 3526s
 14653  8471    5.47637  172 1925    7.00000    3.38838  51.6%   353 3541s
 14654  8472    4.61728   99 1878    7.00000    3.38838  51.6%   353 3547s
 14655  8472    4.42541  273 1862    7.00000    3.38838  51.6%   353 3562s
 14656  8473    5.44256  172 1876    7.00000    3.38838  51.6%   353 3581s
 14657  8474    6.28602  216 1869    7.00000    3.38838  51.6%   353 3595s

Cutting planes:
  Gomory: 53
  Zero half: 59
  Mod-K: 104

Explored 14657 nodes (5535529 simplex iterations) in 3600.12 seconds
Thread count was 4 (of 4 available processors)

Solution count 4: 7 8 9 389 

Time limit reached
Best objective 7.000000000000e+00, best bound 4.000000000000e+00, gap 42.8571%
Warning: Q constraint 0 doesn't have a name
