
Gurobi 8.1.1 (win64) logging started 11/27/19 21:00:34

Changed value of parameter LogFile to logs/drand/qp/drand-10-075-0.log
   Prev: gurobi.log  Default: 
Changed value of parameter LogToConsole to 0
   Prev: 1  Min: 0  Max: 1  Default: 1
Changed value of parameter TimeLimit to 3600.0
   Prev: 1e+100  Min: 0.0  Max: 1e+100  Default: 1e+100
Optimize a model with 1 rows, 379 columns and 1 nonzeros
Model has 10 quadratic constraints
Variable types: 0 continuous, 379 integer (379 binary)
Coefficient statistics:
  Matrix range     [1e+00, 1e+00]
  QMatrix range    [1e+00, 1e+00]
  Objective range  [1e+00, 1e+00]
  Bounds range     [1e+00, 1e+00]
  RHS range        [1e+00, 1e+00]
  QRHS range       [1e+00, 1e+00]
Found heuristic solution: objective 379.0000000
Presolve removed 1 rows and 1 columns
Presolve time: 0.14s
Presolved: 0 rows, 378 columns, 0 nonzeros
Variable types: 0 continuous, 378 integer (378 binary)

Root relaxation: objective 1.000000e+00, 0 iterations, 0.08 seconds

    Nodes    |    Current Node    |     Objective Bounds      |     Work
 Expl Unexpl |  Obj  Depth IntInf | Incumbent    BestBd   Gap | It/Node Time

     0     0    2.00000    0    2  379.00000    2.00000  99.5%     -    0s
H    0     0                      11.0000000    2.00000  81.8%     -    0s
     0     0    2.00000    0    2   11.00000    2.00000  81.8%     -    0s
H    0     0                       8.0000000    2.00000  75.0%     -    0s
     0     2    2.00000    0    2    8.00000    2.00000  75.0%     -    0s
   372   164    2.00000   90    2    8.00000    2.00000  75.0%   1.3    5s
   617   290    2.00000  150    -    8.00000    2.00000  75.0%   1.3   10s
   821   387    2.00000  200    2    8.00000    2.00000  75.0%   1.3   15s
   952   430    2.00000  231    -    8.00000    2.00000  75.0%   1.3   20s
  1128   503    7.00000  262    -    8.00000    2.00000  75.0%   1.3   26s
  1272   473    7.00000  268    2    8.00000    2.00000  75.0%   1.3   32s
  1319   478    7.00000  269    2    8.00000    2.00000  75.0%   1.3   35s
  1405   478    7.00000  270    2    8.00000    3.00000  62.5%   1.3   40s
  1542   508    7.00000  271    2    8.00000    3.00000  62.5%   1.3   45s
  1666   555    7.00000  272    2    8.00000    3.00000  62.5%   1.3   52s
  1789   617     cutoff  277         8.00000    3.00000  62.5%   1.3   57s
  1912   653    5.00000  247    -    8.00000    3.00000  62.5%   1.4   64s
  2028   698    5.00000  247    -    8.00000    3.00000  62.5%   1.4   69s
  2132   764    7.00000  281    -    8.00000    3.00000  62.5%   1.4   75s
  2217   815    7.00000  281    -    8.00000    3.00000  62.5%   1.4   80s
  2438   986    3.00000  236    -    8.00000    3.00000  62.5%   1.4   91s
  2582  1121    3.00000  125    2    8.00000    3.00000  62.5%   1.4  127s
  2584  1122    6.00000  274 3550    8.00000    3.00000  62.5%   1.4  153s
  2586  1125    7.00000  284    2    8.00000    3.00000  62.5%  10.1  290s
  2588  1126    3.00000  166 4101    8.00000    3.00000  62.5%  10.1  301s
  2589  1127    4.00000  137 2794    8.00000    3.00000  62.5%  10.1  306s
  2591  1128    4.00000   73 3366    8.00000    3.00000  62.5%  10.1  312s
  2593  1130    4.00000   40 3485    8.00000    3.00000  62.5%  10.1  318s
  2594  1130    3.00000  208 3283    8.00000    3.00000  62.5%  10.1  320s
  2596  1132    5.00000  250 3026    8.00000    3.00000  62.5%  10.1  326s
  2598  1133    7.00000  261 3968    8.00000    3.00000  62.5%  10.1  333s
  2600  1134    4.00000   78 3926    8.00000    3.00000  62.5%  10.1  338s
  2601  1135    3.00000   15 3909    8.00000    3.00000  62.5%  10.1  340s
  2603  1136    4.00000  237 3730    8.00000    3.00000  62.5%  10.1  345s
  2604  1137    6.66667  245 3952    8.00000    3.00000  62.5%  10.1  350s
  2605  1138    6.00000  276 3857    8.00000    3.00000  62.5%  10.1  355s
  2607  1139    4.00000   73 3452    8.00000    3.00000  62.5%  10.1  361s
  2610  1141    6.50000  257 3208    8.00000    3.00000  62.5%  10.0  371s
  2611  1145    3.00000   27 3953    8.00000    3.00000  62.5%  69.9  380s
  2615  1147    3.49191   28 3912    8.00000    3.00000  62.5%  82.0  393s
  2617  1149    3.00000   29 3001    8.00000    3.00000  62.5%  93.4  400s
  2619  1150    3.41734   29 3797    8.00000    3.00000  62.5%   101  410s
  2621  1153    3.00000   30 2981    8.00000    3.00000  62.5%   109  421s
  2625  1152    3.00000   31 2965    8.00000    3.00000  62.5%   122  431s
  2629  1155    3.00000   32 2964    8.00000    3.00000  62.5%   135  442s
  2633  1157    3.00000   33 2980    8.00000    3.00000  62.5%   149  452s
  2637  1160    3.00000   34 2981    8.00000    3.00000  62.5%   161  462s
  2641  1163    3.00000   35 2969    8.00000    3.00000  62.5%   172  473s
  2645  1165    3.00000   36 2938    8.00000    3.00000  62.5%   184  485s
  2649  1168    3.00000   37 2864    8.00000    3.00000  62.5%   198  495s
  2653  1171    3.00000   38 2822    8.00000    3.00000  62.5%   210  504s
  2657  1173    3.00000   39 2810    8.00000    3.00000  62.5%   222  513s
  2661  1176    3.00000   40 2825    8.00000    3.00000  62.5%   233  519s
  2665  1179    3.00000   41 2823    8.00000    3.00000  62.5%   245  528s
  2669  1181    3.00000   42 2787    8.00000    3.00000  62.5%   256  536s
  2673  1184    3.00000   43 2790    8.00000    3.00000  62.5%   268  546s
  2677  1186    3.00000   44 2783    8.00000    3.00000  62.5%   280  553s
  2682  1191    3.00000   45 2697    8.00000    3.00000  62.5%   290  561s
  2685  1192    3.00000   46 2695    8.00000    3.00000  62.5%   302  569s
  2689  1194    3.00000   47 2687    8.00000    3.00000  62.5%   313  576s
  2694  1199    3.00000   48 2692    8.00000    3.00000  62.5%   324  588s
  2699  1201    3.00000   49 2677    8.00000    3.00000  62.5%   339  595s
  2703  1204    3.00000   50 2688    8.00000    3.00000  62.5%   350  606s
  2709  1207    3.00000   51 2682    8.00000    3.00000  62.5%   363  616s
  2716  1214    3.43739   52 3467    8.00000    3.00000  62.5%   382  632s
  2723  1217    3.00000   54 2630    8.00000    3.00000  62.5%   395  644s
  2731  1223    3.00000   56 2416    8.00000    3.00000  62.5%   415  656s
  2739  1228    3.00000   58 2389    8.00000    3.00000  62.5%   432  669s
  2747  1233    3.00000   60 2367    8.00000    3.00000  62.5%   452  680s
  2755  1239    3.00000   62 2337    8.00000    3.00000  62.5%   469  691s
  2763  1244    3.00000   64 2312    8.00000    3.00000  62.5%   487  703s
  2771  1249    3.00000   66 2320    8.00000    3.00000  62.5%   503  715s
  2781  1256    3.00000   68 2133    8.00000    3.00000  62.5%   521  729s
  2793  1264    3.00000   71 2145    8.00000    3.00000  62.5%   543  744s
  2805  1272    3.00000   74 2129    8.00000    3.00000  62.5%   567  758s
  2817  1280    3.00000   77 2010    8.00000    3.00000  62.5%   587  773s
  2829  1288    3.00000   80 1946    8.00000    3.00000  62.5%   607  790s
  2843  1297    3.00000   84 1688    8.00000    3.00000  62.5%   631  808s
  2859  1308    3.00000   88 1683    8.00000    3.00000  62.5%   656  824s
  2875  1319    3.00000   92 1311    8.00000    3.00000  62.5%   679  841s
  2891  1331    3.00000   96 1361    8.00000    3.00000  62.5%   703  857s
  2907  1342    3.00000  100 1474    8.00000    3.00000  62.5%   725  877s
  2925  1352    3.00000  104 1364    8.00000    3.00000  62.5%   748  894s
  2945  1365    3.00000  109 1425    8.00000    3.00000  62.5%   772  914s
  2965  1379    3.00000  113 1339    8.00000    3.00000  62.5%   796  932s
  2987  1393    3.00000  118 1175    8.00000    3.00000  62.5%   822  955s
  3005  1405    3.00000  123 1085    8.00000    3.00000  62.5%   842  975s
  3029  1420    3.00000  129  996    8.00000    3.00000  62.5%   866  996s
  3056  1440    3.61280  135 2451    8.00000    3.00000  62.5%   891 1017s
  3083  1457    3.00000  141 2021    8.00000    3.00000  62.5%   911 1040s
  3119  1481    3.00000  149 1989    8.00000    3.00000  62.5%   935 1064s
  3155  1507    3.00000  157 1910    8.00000    3.00000  62.5%   956 1087s
  3203  1537    3.00000  167 1701    8.00000    3.00000  62.5%   976 1111s
  3273  1585    3.00000  178 1715    8.00000    3.00000  62.5%   991 1136s
  3354  1639    3.00000  189 1645    8.00000    3.00000  62.5%  1004 1159s
  3443  1697    3.00000  201 1756    8.00000    3.00000  62.5%  1013 1185s
  3591  1797    3.22629  233 1578    8.00000    3.22629  59.7%  1003 1207s
  3766  1911    3.54476  271 1460    8.00000    3.36106  58.0%   984 1226s
  3998  2037    4.14569  329 1199    8.00000    3.36106  58.0%   948 1248s
  4221  2072    6.00000  389  411    8.00000    3.36314  58.0%   920 1273s
  4313  2081    5.25581   33 3852    8.00000    3.36314  58.0%   928 1294s
  4324  2086    4.50000   36 2865    8.00000    3.36314  58.0%   947 1319s
  4340  2096    4.50000   40 2715    8.00000    3.36314  58.0%   973 1346s
  4354  2106    4.50000   43 2672    8.00000    3.36314  58.0%   997 1371s
  4370  2116    4.50000   47 2680    8.00000    3.36314  58.0%  1023 1397s
  4384  2126    4.50000   51 2706    8.00000    3.36314  58.0%  1048 1421s
  4396  2134    4.50000   54 2582    8.00000    3.36314  58.0%  1068 1446s
  4408  2142    4.50000   57 2527    8.00000    3.36314  58.0%  1089 1470s
  4422  2150    4.50000   61 2419    8.00000    3.36314  58.0%  1110 1497s
  4439  2163    5.37684   65 3388    8.00000    3.36314  58.0%  1134 1521s
  4452  2169    4.50000   69 2378    8.00000    3.36314  58.0%  1153 1545s
  4468  2184    5.38104   73 3249    8.00000    3.36314  58.0%  1175 1573s
  4484  2192    4.50000   78 2402    8.00000    3.36314  58.0%  1196 1603s
  4502  2202    4.50000   83 2346    8.00000    3.36314  58.0%  1220 1628s
  4520  2217    5.41886   88 3081    8.00000    3.36314  58.0%  1240 1654s
  4539  2232    4.50000   94 2550    8.00000    3.36314  58.0%  1260 1685s
  4564  2246    4.50466  102 2663    8.00000    3.36314  58.0%  1282 1715s
  4602  2272    4.51823  113 2691    8.00000    3.36314  58.0%  1305 1743s
  4649  2293    5.52776  126 2485    8.00000    3.36314  58.0%  1326 1775s
  4704  2311    6.50000  141 1407    8.00000    3.36314  58.0%  1340 1805s
  4764  2301    6.50000  159 1136    8.00000    3.36314  58.0%  1350 1879s
  4848  2272 infeasible  184         8.00000    3.36314  58.0%  1351 1997s
  4935  2244    6.50000  204 1052    8.00000    3.36314  58.0%  1345 2145s
  5008  2220 infeasible  220         8.00000    3.36822  57.9%  1339 2311s
  5066  2202    3.50000   35 3295    8.00000    3.36822  57.9%  1333 2458s
  5097  2207    3.50000   49 2782    8.00000    3.36822  57.9%  1336 2523s
  5133  2231    3.50000   61 2516    8.00000    3.36822  57.9%  1339 2575s
  5162  2251    3.50000   73 2622    8.00000    3.36822  57.9%  1347 2639s
  5216  2278    3.50000   86 2849    8.00000    3.36822  57.9%  1350 2717s
  5449  2409    4.00000  159 1391    8.00000    3.36822  57.9%  1314 2757s
  5623  2513    5.00000  283  693    8.00000    3.37002  57.9%  1300 2801s
  5837  2601    3.50000   73 2754    8.00000    3.37002  57.9%  1276 2847s
  6102  2744    3.50000   88 2681    8.00000    3.37002  57.9%  1246 2892s
  6230  2861    4.00000  167 1638    8.00000    3.37390  57.8%  1240 2941s
  6355  2964    3.50000   63 2648    8.00000    3.37390  57.8%  1240 3003s
  6622  3194    3.50092   86 2819    8.00000    3.37491  57.8%  1217 3058s
  6718  3278    4.50000   71 2559    8.00000    3.37500  57.8%  1220 3120s
  6868  3410    3.50000   51 2676    8.00000    3.37500  57.8%  1219 3178s
  7108  3609    3.50000   75 2767    8.00000    3.37500  57.8%  1201 3241s
  7236  3721    3.39322   64    2    8.00000    3.37500  57.8%  1202 3261s
  7238  3722    6.00000  253 3839    8.00000    3.37500  57.8%  1202 3270s
  7239  3723    4.52250  114 3543    8.00000    3.37500  57.8%  1202 3278s
  7240  3724    6.01744  266 2983    8.00000    3.37500  57.8%  1201 3280s
  7242  3725    6.56084  388 3243    8.00000    3.37500  57.8%  1201 3289s
  7243  3726    4.01499  204 3198    8.00000    3.37500  57.8%  1201 3291s
  7244  3726    4.70304  161 2708    8.00000    3.37500  57.8%  1201 3296s
  7245  3727    4.00000  114 2876    8.00000    3.37500  57.8%  1201 3315s
  7247  3728    4.00729  201 2875    8.00000    3.37500  57.8%  1200 3335s
  7249  3730    4.71516  163 2689    8.00000    3.37500  57.8%  1200 3354s
  7250  3730    3.50000   68 2639    8.00000    3.37500  57.8%  1200 3356s
  7251  3731    4.38712   69 2744    8.00000    3.37500  57.8%  1200 3375s
  7253  3732    5.36051  339 2548    8.00000    3.37500  57.8%  1199 3393s
  7254  3733    5.78776  354 2548    8.00000    3.37500  57.8%  1199 3404s
  7255  3734    4.00000  175 2548    8.00000    3.37500  57.8%  1199 3412s
  7256  3737    3.37500   37 2337    8.00000    3.37500  57.8%  1246 3464s
  7258  3737    3.37500   38 2331    8.00000    3.37500  57.8%  1249 3497s
  7260  3738    3.37500   38 3645    8.00000    3.37500  57.8%  1252 3509s
  7262  3739    3.37500   39 2315    8.00000    3.37500  57.8%  1253 3512s
  7264  3741    3.39512   39 3589    8.00000    3.37500  57.8%  1256 3523s
  7266  3744    3.37500   40 2305    8.00000    3.37500  57.8%  1258 3534s
  7270  3745    3.37500   41 2292    8.00000    3.37500  57.8%  1262 3544s
  7274  3745    3.37500   42 2269    8.00000    3.37500  57.8%  1266 3551s
  7278  3748    3.37500   43 2405    8.00000    3.37500  57.8%  1268 3560s
  7286  3748 infeasible   45         8.00000    3.37500  57.8%  1272 3592s
  7289  3747 infeasible   46         8.00000    3.37500  57.8%  1276 3600s

Cutting planes:
  Gomory: 1
  MIR: 1
  Zero half: 43

Explored 7291 nodes (9302985 simplex iterations) in 3600.01 seconds
Thread count was 4 (of 4 available processors)

Solution count 3: 8 11 379 

Time limit reached
Best objective 8.000000000000e+00, best bound 4.000000000000e+00, gap 50.0000%
Warning: Q constraint 0 doesn't have a name
