
Gurobi 8.1.1 (win64) logging started 11/27/19 11:37:15

Changed value of parameter LogFile to logs/drand/qp/drand-05-110-0.log
   Prev: gurobi.log  Default: 
Changed value of parameter LogToConsole to 0
   Prev: 1  Min: 0  Max: 1  Default: 1
Changed value of parameter TimeLimit to 3600.0
   Prev: 1e+100  Min: 0.0  Max: 1e+100  Default: 1e+100
Optimize a model with 1 rows, 290 columns and 1 nonzeros
Model has 5 quadratic constraints
Variable types: 0 continuous, 290 integer (290 binary)
Coefficient statistics:
  Matrix range     [1e+00, 1e+00]
  QMatrix range    [1e+00, 1e+00]
  Objective range  [1e+00, 1e+00]
  Bounds range     [1e+00, 1e+00]
  RHS range        [1e+00, 1e+00]
  QRHS range       [1e+00, 1e+00]
Found heuristic solution: objective 290.0000000
Presolve removed 1 rows and 1 columns
Presolve time: 0.00s
Presolved: 0 rows, 289 columns, 0 nonzeros
Variable types: 0 continuous, 289 integer (289 binary)

Root relaxation: objective 1.000000e+00, 0 iterations, 0.00 seconds

    Nodes    |    Current Node    |     Objective Bounds      |     Work
 Expl Unexpl |  Obj  Depth IntInf | Incumbent    BestBd   Gap | It/Node Time

     0     0    2.00000    0    2  290.00000    2.00000  99.3%     -    0s
H    0     0                       8.0000000    2.00000  75.0%     -    0s
     0     0    2.00000    0    2    8.00000    2.00000  75.0%     -    0s
     0     0    2.00000    0    2    8.00000    2.00000  75.0%     -    0s
H    0     0                       6.0000000    2.00000  66.7%     -    0s
     0     2    2.00000    0    2    6.00000    2.00000  66.7%     -    0s
   790   315    3.25000  141    3    6.00000    2.00000  66.7%   1.5    5s
  1359   492    4.00000  203    -    6.00000    3.00000  50.0%   1.5   10s
  1845   705    4.00000  215    4    6.00000    3.00000  50.0%   1.5   15s
  2147   792    4.00000   89    -    6.00000    3.00000  50.0%   1.5   20s
  2398   874    3.00000   84    -    6.00000    3.00000  50.0%   1.5   25s
  2640   968    5.00000  110    2    6.00000    3.00000  50.0%   1.5   32s
  2738   999    5.00000  111    2    6.00000    3.00000  50.0%   1.5   35s
  2984  1138    5.00000  113    2    6.00000    3.00000  50.0%   1.5   41s
  3204  1252    5.00000  115    2    6.00000    3.00000  50.0%   1.5   48s
  3308  1294    4.00000   77    -    6.00000    3.00000  50.0%   1.5   53s
  3398  1325    3.00000   88    -    6.00000    3.00000  50.0%   1.5   58s
  3512  1332    3.00000   89    -    6.00000    3.00000  50.0%   1.5   62s
  3574  1370    3.00000   88    -    6.00000    3.00000  50.0%   1.5   67s
  3721  1459    3.00000   90    -    6.00000    3.00000  50.0%   1.5   72s
  3902  1663    4.00000   27    2    6.00000    3.00000  50.0%   1.5   89s
  3904  1664    5.00000  129 1407    6.00000    3.00000  50.0%   1.5   96s
  3906  1667    4.00000   74    2    6.00000    3.00000  50.0%   2.8  108s
  3908  1668    4.00000   65 1394    6.00000    3.00000  50.0%   2.8  120s
  3909  1669    3.00000   33  917    6.00000    3.00000  50.0%   2.8  127s
  3910  1670    3.25000  129  937    6.00000    3.00000  50.0%   2.8  131s
  3911  1670    3.25000  112 1131    6.00000    3.00000  50.0%   2.8  137s
  3912  1671    3.50000  189 1132    6.00000    3.00000  50.0%   2.8  140s
  3913  1672    3.00000   55  984    6.00000    3.00000  50.0%   2.8  145s
  3914  1672    3.00000   90 1033    6.00000    3.00000  50.0%   2.8  150s
  3916  1674    4.00000   60 1124    6.00000    3.00000  50.0%   2.8  157s
  3917  1674    4.00000  203 1146    6.00000    3.00000  50.0%   2.8  160s
  3918  1675    4.00000   91 1187    6.00000    3.00000  50.0%   2.8  168s
  3919  1676    5.00000  190 1179    6.00000    3.00000  50.0%   2.8  173s
  3920  1676    4.00000   16 1187    6.00000    3.00000  50.0%   2.8  179s
  3921  1677    4.00000   29 1169    6.00000    3.00000  50.0%   2.8  184s
  3922  1678    4.00000  200 1126    6.00000    3.00000  50.0%   2.8  188s
  3923  1678    4.00000   85 1128    6.00000    3.00000  50.0%   2.8  191s
  3924  1679    5.00000  132 1064    6.00000    3.00000  50.0%   2.8  197s
  3925  1680    3.00000   50 1065    6.00000    3.00000  50.0%   2.8  200s
  3926  1680    4.00000   46 1200    6.00000    3.00000  50.0%   2.8  208s
  3927  1681    4.00000   69 1171    6.00000    3.00000  50.0%   2.8  212s
  3928  1682    3.00000   70 1069    6.00000    3.00000  50.0%   2.8  218s
  3929  1682    4.00000   75 1069    6.00000    3.00000  50.0%   2.8  221s
  3930  1683    3.25000  155 1069    6.00000    3.00000  50.0%   2.8  231s
  3931  1687    3.00000   24 1061    6.00000    3.00000  50.0%   5.6  256s
  3935  1689    3.54464   25 1212    6.00000    3.00000  50.0%   7.7  278s
  3937  1691    3.00000   26  995    6.00000    3.00000  50.0%   8.6  283s
  3939  1692    3.57340   26 1215    6.00000    3.00000  50.0%   9.4  300s
  3941  1694    3.00000   27 1000    6.00000    3.00000  50.0%  10.0  307s
  3944  1694    3.54594   27 1172    6.00000    3.00000  50.0%  12.0  318s
  3947  1695    3.00000   28  962    6.00000    3.00000  50.0%  13.0  328s
  3951  1698    3.00000   29  963    6.00000    3.00000  50.0%  14.8  336s
  3955  1701    3.00000   30  957    6.00000    3.00000  50.0%  16.5  352s
  3959  1703    3.00000   31  957    6.00000    3.00000  50.0%  17.9  359s
  3963  1706    3.00000   32  961    6.00000    3.00000  50.0%  19.5  379s
  3967  1709    3.00000   33  961    6.00000    3.00000  50.0%  21.0  386s
  3971  1711    3.00000   34  961    6.00000    3.00000  50.0%  22.5  410s
  3975  1714    3.00000   35  855    6.00000    3.00000  50.0%  24.6  422s
  3979  1717    3.00000   36  864    6.00000    3.00000  50.0%  26.4  440s
  3983  1719    3.00000   37  858    6.00000    3.00000  50.0%  27.7  450s
  3989  1722    3.00000   38  871    6.00000    3.00000  50.0%  29.7  469s
  3994  1728    3.00000   39  859    6.00000    3.00000  50.0%  31.2  480s
  3999  1730    3.00000   40  856    6.00000    3.00000  50.0%  32.7  500s
  4005  1733    3.00000   41  873    6.00000    3.00000  50.0%  34.5  513s
  4012  1740    3.00000   42  846    6.00000    3.00000  50.0%  36.7  524s
  4019  1743    3.00000   43  827    6.00000    3.00000  50.0%  38.8  543s
  4025  1747    3.00000   44  852    6.00000    3.00000  50.0%  40.4  554s
  4035  1753    3.00000   45  838    6.00000    3.00000  50.0%  42.3  566s
  4045  1761    3.00000   46  789    6.00000    3.00000  50.0%  44.4  577s
  4059  1765    3.00000   47  826    6.00000    3.00000  50.0%  46.1  589s
  4073  1773    3.00000   48  774    6.00000    3.00000  50.0%  48.3  600s
  4090  1782    3.00000   49  767    6.00000    3.00000  50.0%  50.2  612s
  4108  1791    3.58213   50 1015    6.00000    3.00000  50.0%  52.8  629s
  4127  1800    3.00000   52  745    6.00000    3.00000  50.0%  54.7  646s
  4151  1817    3.00000   54  772    6.00000    3.00000  50.0%  56.8  664s
  4178  1821    3.00000   56  774    6.00000    3.00000  50.0%  58.6  680s
  4207  1835    3.00000   58  719    6.00000    3.00000  50.0%  60.1  696s
  4239  1829    3.00000   60  685    6.00000    3.00000  50.0%  61.7  710s
  4274  1820    3.00000   62  683    6.00000    3.00000  50.0%  62.9  722s
  4313  1811    3.00000   64  698    6.00000    3.00000  50.0%  63.7  734s
  4356  1804    3.00000   66  663    6.00000    3.00000  50.0%  64.6  747s
  4372  1804    3.00000   68  681    6.00000    3.00000  50.0%  66.8  761s
  4383  1810    3.00000   70  649    6.00000    3.00000  50.0%  69.3  775s
  4395  1818    3.00000   72  665    6.00000    3.00000  50.0%  71.9  788s
  4407  1827    3.00000   74  659    6.00000    3.00000  50.0%  74.1  804s
  4422  1836    3.00000   76  644    6.00000    3.00000  50.0%  75.7  822s
  4442  1849    3.00000   79  647    6.00000    3.00000  50.0%  77.9  838s
  4456  1859    3.00000   81  625    6.00000    3.00000  50.0%  80.4  857s
  4486  1874    3.00000   84  627    6.00000    3.00000  50.0%  82.7  877s
  4523  1884    3.00000   87  618    6.00000    3.00000  50.0%  84.9  897s
  4589  1867    3.00000   90  585    6.00000    3.00000  50.0%  86.2  914s
  4661  1851    3.00000   93  621    6.00000    3.00000  50.0%  87.0  936s
  4704  1852    3.00000   97  589    6.00000    3.00000  50.0%  88.5  957s
  4729  1863    3.00000  101  622    6.00000    3.00000  50.0%  90.2  978s
  4761  1880    3.00000  106  654    6.00000    3.00000  50.0%  91.8  998s
  4788  1896    3.97943  114  550    6.00000    3.04127  49.3%  93.3 1021s
  4825  1920    4.05439  127  502    6.00000    3.10485  48.3%  94.7 1047s
  4886  1958    4.38281  149  434    6.00000    3.47937  42.0%  95.5 1078s
  4967  1996    3.92297  176  296    6.00000    3.52830  41.2%  95.7 1108s
  5128  1982    4.79661  228  181    6.00000    3.52851  41.2%  94.2 1130s
  5168  1977    3.60090   39  994    6.00000    3.54597  40.9%  96.1 1156s
  5196  1994    3.73058   53  814    6.00000    3.54597  40.9%  97.3 1182s
  5237  2020    3.92088   72  731    6.00000    3.54597  40.9%  97.9 1211s
  5298  2039     cutoff  104         6.00000    3.54687  40.9%  98.8 1240s
  5377  2038    3.58101   35 1045    6.00000    3.55007  40.8%  99.3 1268s
  5408  2057    3.66480   46  878    6.00000    3.55007  40.8%   100 1296s
  5442  2074    3.88394   66  786    6.00000    3.55007  40.8%   102 1327s
  5484  2093     cutoff   81         6.00000    3.56109  40.6%   103 1362s
  5606  2129    4.51832   30 1153    6.00000    3.56109  40.6%   104 1394s
  5642  2145    4.59479   42  919    6.00000    3.56109  40.6%   105 1431s
  5718  2173    4.83821   65  915    6.00000    3.56114  40.6%   106 1469s
  5795  2183    3.60737   43 1019    6.00000    3.56212  40.6%   107 1506s
  5847  2216    3.79031   63  704    6.00000    3.56212  40.6%   108 1543s
  5899  2237    4.26529   97  601    6.00000    3.56476  40.6%   110 1587s
  5996  2255    4.52252   30 1222    6.00000    3.56476  40.6%   110 1628s
  6037  2272    4.69149   51  788    6.00000    3.56958  40.5%   113 1671s
  6103  2299    4.53614   39 1080    6.00000    3.57067  40.5%   114 1716s
  6157  2328    4.73802   59  865    6.00000    3.57306  40.4%   115 1762s
  6232  2361    4.62860   43  884    6.00000    3.57306  40.4%   117 1808s
  6282  2383    4.93061   68  550    6.00000    3.57350  40.4%   119 1858s
  6345  2406    4.67232   57  778    6.00000    3.57647  40.4%   121 1908s
  6400  2431    4.55479   37  953    6.00000    3.57647  40.4%   123 1958s
  6465  2461    4.89877   68  890    6.00000    3.57711  40.4%   125 2015s
  6602  2482    4.53325   40 1033    6.00000    3.57797  40.4%   126 2071s
  6673  2519     cutoff   77         6.00000    3.57895  40.4%   127 2131s
  6773  2527    4.93543   64  595    6.00000    3.58148  40.3%   129 2189s
  6851  2551    4.71434   50  782    6.00000    3.58252  40.3%   131 2254s
  6930  2585    3.73739   65  762    6.00000    3.58252  40.3%   133 2319s
  7038  2606     cutoff  113         6.00000    3.58333  40.3%   135 2387s
  7148  2625     cutoff   63         6.00000    3.58389  40.3%   137 2458s
  7248  2662    4.14748   89  528    6.00000    3.58447  40.3%   139 2594s
  7398  2686    4.73243   51  850    6.00000    3.58513  40.2%   140 2673s
  7525  2733    4.90613   80  768    6.00000    3.58636  40.2%   142 2752s
  7664  2771     cutoff  118         6.00000    3.58677  40.2%   143 2839s
  7870  2803    4.66751   49  829    6.00000    3.58794  40.2%   144 2928s
  8036  2836    4.58903   56  827    6.00000    3.58873  40.2%   145 3017s
  8152  2878    4.78295   67 1002    6.00000    3.59048  40.2%   147 3111s
  8346  2893    4.57268   39  973    6.00000    3.59322  40.1%   148 3204s
  8469  2938    4.96121   82  750    6.00000    3.59353  40.1%   150 3303s
  8588  2985    4.12802   85  766    6.00000    3.59534  40.1%   152 3409s
  8787  3018    4.56997   38  966    6.00000    3.59701  40.0%   154 3518s
  8961  3061    4.61839   60  880    6.00000    3.59773  40.0%   155 3600s

Cutting planes:
  Gomory: 5
  MIR: 1
  Zero half: 18

Explored 9076 nodes (1425383 simplex iterations) in 3600.08 seconds
Thread count was 4 (of 4 available processors)

Solution count 3: 6 8 290 

Time limit reached
Best objective 6.000000000000e+00, best bound 4.000000000000e+00, gap 33.3333%
Warning: Q constraint 0 doesn't have a name
