
Gurobi 8.1.1 (win64) logging started 11/27/19 16:19:07

Changed value of parameter LogFile to logs/drand/qp/drand-07-075-2.log
   Prev: gurobi.log  Default: 
Changed value of parameter LogToConsole to 0
   Prev: 1  Min: 0  Max: 1  Default: 1
Changed value of parameter TimeLimit to 3600.0
   Prev: 1e+100  Min: 0.0  Max: 1e+100  Default: 1e+100
Optimize a model with 1 rows, 256 columns and 1 nonzeros
Model has 7 quadratic constraints
Variable types: 0 continuous, 256 integer (256 binary)
Coefficient statistics:
  Matrix range     [1e+00, 1e+00]
  QMatrix range    [1e+00, 1e+00]
  Objective range  [1e+00, 1e+00]
  Bounds range     [1e+00, 1e+00]
  RHS range        [1e+00, 1e+00]
  QRHS range       [1e+00, 1e+00]
Found heuristic solution: objective 256.0000000
Presolve removed 1 rows and 1 columns
Presolve time: 0.00s
Presolved: 0 rows, 255 columns, 0 nonzeros
Variable types: 0 continuous, 255 integer (255 binary)

Root relaxation: objective 1.000000e+00, 0 iterations, 0.00 seconds

    Nodes    |    Current Node    |     Objective Bounds      |     Work
 Expl Unexpl |  Obj  Depth IntInf | Incumbent    BestBd   Gap | It/Node Time

     0     0    2.00000    0    2  256.00000    2.00000  99.2%     -    0s
H    0     0                      10.0000000    2.00000  80.0%     -    0s
     0     0    2.00000    0    2   10.00000    2.00000  80.0%     -    0s
     0     0    2.00000    0    2   10.00000    2.00000  80.0%     -    0s
H    0     0                       9.0000000    2.00000  77.8%     -    0s
     0     2    2.00000    0    2    9.00000    2.00000  77.8%     -    0s
H   88    21                       8.0000000    2.00000  75.0%   1.4    0s
H  100    36                       7.0000000    2.00000  71.4%   1.5    0s
   570   225    2.00000   93    2    7.00000    2.00000  71.4%   1.4    5s
   940   323    6.00000  143    2    7.00000    3.00000  57.1%   1.3   10s
  1307   427    6.00000  147    2    7.00000    3.00000  57.1%   1.4   15s
  1673   613    6.00000  153    2    7.00000    3.00000  57.1%   1.4   21s
  1875   685    3.00000   94    2    7.00000    3.00000  57.1%   1.3   26s
  2050   784    3.00000  119    2    7.00000    3.00000  57.1%   1.3   31s
  2302   924    3.00000  125    2    7.00000    3.00000  57.1%   1.3   36s
  2496  1143    4.00000   74    2    7.00000    3.00000  57.1%   1.3   47s
  2498  1144    4.00000   39 1681    7.00000    3.00000  57.1%   1.3   55s
  2500  1147    3.00000   28    2    7.00000    3.00000  57.1%   4.5  109s
  2502  1148    3.00000   19 1814    7.00000    3.00000  57.1%   4.5  112s
  2504  1150    3.00000   61 1565    7.00000    3.00000  57.1%   4.5  115s
  2510  1154    5.00000  132 1179    7.00000    3.00000  57.1%   4.5  120s
  2515  1157    3.00000   84 1454    7.00000    3.00000  57.1%   4.5  125s
  2520  1160    3.00000  101 1170    7.00000    3.00000  57.1%   4.5  130s
  2523  1165    3.00000   24 1319    7.00000    3.00000  57.1%  17.0  135s
  2527  1168    3.35145   25 1645    7.00000    3.00000  57.1%  23.6  141s
  2533  1173    3.00000   27 1147    7.00000    3.00000  57.1%  30.5  145s
  2541  1175    3.00000   29 1236    7.00000    3.00000  57.1%  38.9  150s
  2553  1183    3.00000   32 1130    7.00000    3.00000  57.1%  48.0  157s
  2561  1189    3.00000   34 1164    7.00000    3.00000  57.1%  55.8  161s
  2569  1194    3.00000   36 1096    7.00000    3.00000  57.1%  63.0  165s
  2581  1202    3.00000   39 1070    7.00000    3.00000  57.1%  73.3  171s
  2589  1207    3.00000   41  952    7.00000    3.00000  57.1%  79.2  176s
  2599  1213    3.00000   43  994    7.00000    3.00000  57.1%  86.1  180s
  2615  1225    3.00000   47  920    7.00000    3.00000  57.1%  95.5  187s
  2623  1230    3.00000   49  909    7.00000    3.00000  57.1%   101  190s
  2648  1248    3.00000   55  861    7.00000    3.00000  57.1%   112  197s
  2664  1258    3.00000   59  843    7.00000    3.00000  57.1%   120  202s
  2675  1265    3.00000   62  816    7.00000    3.00000  57.1%   124  205s
  2697  1278    3.00000   67  834    7.00000    3.00000  57.1%   133  211s
  2719  1294    3.00000   72  865    7.00000    3.00000  57.1%   142  218s
  2731  1302    3.00000   75  885    7.00000    3.00000  57.1%   147  222s
  2745  1311    3.00000   78  807    7.00000    3.00000  57.1%   151  225s
  2775  1331    3.00000   84  757    7.00000    3.00000  57.1%   161  230s
  2815  1358    3.00000   91  832    7.00000    3.00000  57.1%   173  236s
  2881  1402    3.00000  100  758    7.00000    3.00000  57.1%   183  241s
  2979  1463    3.06143  114  803    7.00000    3.06143  56.3%   191  247s
  3124  1508    4.29514  137  652    7.00000    3.33564  52.3%   191  253s
  3188  1538    3.88244  162  531    7.00000    3.33564  52.3%   194  256s
  3298  1588    3.38969   31 1551    7.00000    3.34946  52.2%   199  262s
  3308  1593    3.40259   33 1548    7.00000    3.34946  52.2%   204  266s
  3337  1613    4.38983   39 1462    7.00000    3.34946  52.2%   216  272s
  3352  1621    3.45098   42 1425    7.00000    3.34946  52.2%   220  275s
  3401  1655    3.52318   51 1270    7.00000    3.34946  52.2%   232  282s
  3429  1674    3.57880   58 1163    7.00000    3.34946  52.2%   236  286s
  3538  1739    3.78186   78  953    7.00000    3.34946  52.2%   245  294s
  3634  1795    3.95899   96  815    7.00000    3.34946  52.2%   247  298s
* 3705  1489             160       6.0000000    3.34946  44.2%   248  298s
  3737  1473    4.23529  114  692    6.00000    3.34946  44.2%   248  304s
  3800  1467     cutoff  136         6.00000    3.35022  44.2%   247  310s
  3874  1491    3.47642   44 1345    6.00000    3.35287  44.1%   248  315s
  3917  1516    3.69559   64 1083    6.00000    3.35287  44.1%   251  320s
  4015  1572    4.52117  122  621    6.00000    3.35314  44.1%   250  326s
  4063  1572    3.50000   31 1198    6.00000    3.35412  44.1%   253  332s
  4092  1589    3.50000   40 1262    6.00000    3.35412  44.1%   256  338s
  4132  1613    3.58063   53 1144    6.00000    3.35412  44.1%   259  344s
  4165  1628    4.00000   77  670    6.00000    3.35412  44.1%   261  351s
  4212  1653    4.50000  119  433    6.00000    3.35526  44.1%   262  358s
  4263  1678    4.50000   30 1239    6.00000    3.35526  44.1%   265  364s
  4323  1711    4.50000   42 1189    6.00000    3.35526  44.1%   266  372s
  4429  1763    5.00000   84  637    6.00000    3.36877  43.9%   264  382s
  4457  1773    3.50000   35 1218    6.00000    3.36877  43.9%   267  391s
  4498  1790 infeasible   52         6.00000    3.36877  43.9%   269  399s
  4572  1834     cutoff   98         6.00000    3.37231  43.8%   268  410s
  4649  1871    4.56507   34 1649    6.00000    3.37722  43.7%   269  421s
  4700  1885    3.50000   40 1079    6.00000    3.37722  43.7%   272  431s
  4741  1894    4.00000   61  834    6.00000    3.37722  43.7%   276  442s
  4823  1926    4.63410  127  453    6.00000    3.38909  43.5%   276  454s
  4855  1927     cutoff   39         6.00000    3.39034  43.5%   282  474s
  4875  1931    3.52211   51 1219    6.00000    3.39034  43.5%   287  487s
  4916  1948    4.00000   85  706    6.00000    3.39271  43.5%   289  504s
  4989  1986    4.34185   33 1561    6.00000    3.40162  43.3%   291  517s
  5013  1981    3.50000   41 1237    6.00000    3.40162  43.3%   297  529s
  5027  1991    3.50399   47 1242    6.00000    3.40162  43.3%   301  539s
  5094  2024    4.06087   93  778    6.00000    3.40252  43.3%   306  550s
  5194  2054    4.00000   58 1048    6.00000    3.40506  43.2%   311  561s
  5297  2106 infeasible   45         6.00000    3.40506  43.2%   314  575s
  5411  2154    4.50000  115  498    6.00000    3.40506  43.2%   317  593s
  5450  2173 infeasible  140         6.00000    3.40629  43.2%   317  605s
  5542  2166    5.00000   69  668    6.00000    3.41176  43.1%   323  618s
  5600  2188    3.50283   40 1337    6.00000    3.41260  43.1%   328  632s
  5713  2233 infeasible  129         6.00000    3.41419  43.1%   330  646s
  5830  2294 infeasible   70         6.00000    3.41483  43.1%   332  664s
  5910  2337    4.00000   62  803    6.00000    3.41872  43.0%   337  681s
  6056  2449    3.50423   48 1263    6.00000    3.42107  43.0%   338  701s
  6177  2544    3.59718   37 1609    6.00000    3.42142  43.0%   341  721s
  6218  2560     cutoff   42         6.00000    3.42142  43.0%   349  741s
  6266  2565    3.50650   48 1280    6.00000    3.42142  43.0%   358  765s
  6317  2575    3.53488   54 1216    6.00000    3.42142  43.0%   364  782s
  6439  2599    4.00000   67  770    6.00000    3.42142  43.0%   372  803s
  6530  2628    4.85247   83  930    6.00000    3.42142  43.0%   381  826s
  6662  2656    5.00000  127  417    6.00000    3.42548  42.9%   389  851s
  6728  2666    3.54023   62 1166    6.00000    3.43533  42.7%   393  873s
  6945  2829    3.53726   58 1188    6.00000    3.43733  42.7%   392  897s
  7124  2962    4.50000   42 1193    6.00000    3.44313  42.6%   391  918s
  7298  3091 infeasible   46         6.00000    3.44650  42.6%   394  947s
  7449  3169    3.62500   34 1627    6.00000    3.46113  42.3%   399  981s
  7531  3175    3.53779   58 1181    6.00000    3.46930  42.2%   406 1009s
  7767  3315    4.68529   46 1237    6.00000    3.48760  41.9%   407 1039s
  7941  3382    4.44425   53 1378    6.00000    3.49875  41.7%   413 1074s
  7975  3365     cutoff   42         6.00000    3.50000  41.7%   419 1117s
  8004  3340     cutoff   47         6.00000    3.50000  41.7%   433 1159s
  8039  3317 infeasible   37         6.00000    3.50000  41.7%   449 1200s
  8151  3367     cutoff   37         6.00000    3.50000  41.7%   458 1249s
  8180  3352 infeasible   46         6.00000    3.50611  41.6%   471 1284s
  8263  3356    4.00000   76  734    6.00000    3.51025  41.5%   480 1321s
  8378  3407     cutoff   50         6.00000    3.51178  41.5%   482 1356s
  8451  3389     cutoff   70         6.00000    3.51621  41.4%   491 1390s
  8540  3373    4.82442   56 1356    6.00000    3.52055  41.3%   500 1429s
  8631  3377     cutoff   54         6.00000    3.52333  41.3%   507 1467s
  8707  3368     cutoff   59         6.00000    3.52638  41.2%   514 1509s
  8775  3365     cutoff   56         6.00000    3.52817  41.2%   516 1549s
  8863  3362    4.92520   72 1214    6.00000    3.53319  41.1%   522 1592s
  8994  3377    4.02463  110  760    6.00000    3.53703  41.0%   527 1631s
  9143  3409    4.52994   73 1183    6.00000    3.54175  41.0%   531 1672s
  9272  3430    4.51202   61 1031    6.00000    3.54594  40.9%   536 1710s
  9427  3427    4.55004   78 1212    6.00000    3.55159  40.8%   539 1750s
  9621  3502    4.53001   63 1161    6.00000    3.55830  40.7%   540 1785s
  9877  3655 infeasible   89         6.00000    3.55945  40.7%   534 1818s
 10163  3820    4.53247   66 1112    6.00000    3.56409  40.6%   530 1855s
 10342  3843    4.00000   83  825    6.00000    3.57824  40.4%   534 1889s
 10691  4066 infeasible   38         6.00000    3.58813  40.2%   529 1916s
 10974  4207    4.00000   83  720    6.00000    3.59167  40.1%   527 1948s
 11131  4259    4.50000  122  499    6.00000    3.59330  40.1%   533 1980s
 11389  4323    4.41163   40 1501    6.00000    3.60075  40.0%   533 2011s
 11621  4407    4.00000   90  671    6.00000    3.63797  39.4%   534 2041s
 11994  4646    4.00000   97  768    6.00000    3.67305  38.8%   528 2072s
 12314  4823    4.00000  107  692    6.00000    3.68976  38.5%   525 2099s
 12650  5013 infeasible  148         6.00000    3.71111  38.1%   521 2129s
 12853  5071    4.00000   87  683    6.00000    3.71111  38.1%   522 2157s
 13054  5127    5.00000  141  395    6.00000    3.71639  38.1%   526 2186s
 13387  5232    4.10606  116  737    6.00000    3.73757  37.7%   522 2213s
 13717  5409    4.00000  106  656    6.00000    3.76106  37.3%   518 2243s
 13996  5471    4.00006  107  690    6.00000    3.77351  37.1%   516 2272s
 14395  5600     cutoff   95         6.00000    3.83233  36.1%   510 2298s
 14757  5753    4.02528   95    2    6.00000    3.87636  35.4%   504 2616s
 14759  5754    4.55319   66 1800    6.00000    3.87636  35.4%   504 2620s
 14761  5756    4.50000  127 1356    6.00000    3.87636  35.4%   504 2625s
 14764  5758    4.02122  112 1452    6.00000    3.87636  35.4%   504 2631s
 14766  5759    4.68149   77 1438    6.00000    3.87636  35.4%   504 2648s
 14767  5760    4.53852   63 1352    6.00000    3.87636  35.4%   504 2651s
 14768  5760    4.00000   51 1350    6.00000    3.87636  35.4%   504 2659s
 14769  5761    4.88764   85 1413    6.00000    3.87636  35.4%   504 2662s
 14770  5762    4.50000  128 1404    6.00000    3.87636  35.4%   504 2669s
 14771  5762    4.02202  110 1306    6.00000    3.87636  35.4%   504 2671s
 14772  5763    4.52104   56 1344    6.00000    3.87636  35.4%   504 2679s
 14773  5764    4.50000   45 1337    6.00000    3.87636  35.4%   504 2681s
 14774  5764    4.05651   87 1317    6.00000    3.87636  35.4%   504 2689s
 14775  5765    4.90782   94 1314    6.00000    3.87636  35.4%   504 2691s
 14776  5766    4.59203  100 1375    6.00000    3.87636  35.4%   504 2700s
 14778  5767    4.85787   75 1311    6.00000    3.87636  35.4%   504 2711s
 14780  5768    5.00000   70 1305    6.00000    3.87636  35.4%   504 2721s
 14782  5770    4.54856   65 1299    6.00000    3.87636  35.4%   504 2729s
 14783  5770    4.50453   53 1260    6.00000    3.87636  35.4%   504 2732s
 14784  5771    4.50000  114 1266    6.00000    3.87636  35.4%   504 2740s
 14785  5772    5.00000  137 1296    6.00000    3.87636  35.4%   503 2745s
 14786  5772    4.50000  119 1336    6.00000    3.87636  35.4%   503 2753s
 14787  5773    4.55411  134 1352    6.00000    3.87636  35.4%   503 2755s
 14788  5774    4.50000  101 1353    6.00000    3.87636  35.4%   503 2762s
 14790  5775    4.02857   94 1371    6.00000    3.87636  35.4%   503 2770s
 14791  5776    4.00000   97 1290    6.00000    3.87636  35.4%   503 2775s
 14792  5776    4.51711   70 1361    6.00000    3.87636  35.4%   503 2783s
 14793  5777    5.00000   95 1306    6.00000    3.87636  35.4%   503 2785s
 14794  5778    4.38776   36 1300    6.00000    3.87636  35.4%   503 2792s
 14796  5779    5.00000  130 1300    6.00000    3.87636  35.4%   503 2801s
 14798  5780    4.31039   30 1296    6.00000    3.87636  35.4%   503 2811s
 14800  5782    4.50000  106 1343    6.00000    3.87636  35.4%   503 2822s
 14802  5783    4.54335   64 1318    6.00000    3.87636  35.4%   503 2829s
 14803  5784    4.50000  108 1318    6.00000    3.87636  35.4%   503 2836s
 14804  5784    4.61834   50 1321    6.00000    3.87636  35.4%   503 2842s
 14806  5786    4.00000   93 1268    6.00000    3.87636  35.4%   503 2851s
 14808  5787    4.39209   41 1342    6.00000    3.87636  35.4%   503 2861s
 14810  5788    4.50945  121 1321    6.00000    3.87636  35.4%   503 2869s
 14811  5789    4.56289   81 1359    6.00000    3.87636  35.4%   503 2871s
 14812  5790    4.00000   64 1330    6.00000    3.87636  35.4%   503 2878s
 14813  5790    4.81316  127 1350    6.00000    3.87636  35.4%   503 2888s
 14814  5791    4.21164  134 1295    6.00000    3.87636  35.4%   503 2890s
 14815  5792    4.88542  108 1282    6.00000    3.87636  35.4%   502 2897s
 14817  5793    4.11594  100 1355    6.00000    3.87636  35.4%   502 2907s
 14819  5794    4.00000  103 1315    6.00000    3.87636  35.4%   502 2916s
 14820  5795    4.00000  101 1282    6.00000    3.87636  35.4%   502 2922s
 14821  5796    4.76447   81 1299    6.00000    3.87636  35.4%   502 2928s
 14822  5796    4.50000  106 1287    6.00000    3.87636  35.4%   502 2931s
 14823  5797    4.57978   82 1314    6.00000    3.87636  35.4%   502 2938s
 14824  5798    4.52546   91 1307    6.00000    3.87636  35.4%   502 2940s
 14825  5798    4.00000   61 1283    6.00000    3.87636  35.4%   502 2947s
 14827  5800    4.00000   83 1320    6.00000    3.87636  35.4%   502 2957s
 14829  5801    5.00000   80 1301    6.00000    3.87636  35.4%   502 2968s
 14830  5802    4.00000   97 1299    6.00000    3.87636  35.4%   502 2970s
 14831  5802    5.00000   81 1320    6.00000    3.87636  35.4%   502 2978s
 14832  5803    5.00000  143 1305    6.00000    3.87636  35.4%   502 2980s
 14833  5804    4.53731  121 1336    6.00000    3.87636  35.4%   502 2987s
 14835  5805    4.50000  129 1342    6.00000    3.87636  35.4%   502 2994s
 14836  5806    4.00000   67 1338    6.00000    3.87636  35.4%   502 2997s
 14837  5806    4.51461   54 1330    6.00000    3.87636  35.4%   502 3004s
 14838  5807    4.00000   54 1330    6.00000    3.87636  35.4%   502 3007s
 14839  5808    4.45440   64 1326    6.00000    3.87636  35.4%   502 3012s
 14840  5808    4.55343   76 1374    6.00000    3.87636  35.4%   502 3019s
 14841  5809    4.00000   54 1317    6.00000    3.87636  35.4%   502 3026s
 14843  5810    4.00000  108 1290    6.00000    3.87636  35.4%   502 3036s
 14845  5812    4.50000  125 1310    6.00000    3.87636  35.4%   501 3045s
 14847  5813    4.50000  108 1304    6.00000    3.87636  35.4%   501 3056s
 14849  5814    4.03577  111 1329    6.00000    3.87636  35.4%   501 3066s
 14851  5816    4.31881  139 1353    6.00000    3.87636  35.4%   501 3075s
 14853  5817    4.00000   66 1330    6.00000    3.87636  35.4%   501 3086s
 14855  5818    4.50000  116 1366    6.00000    3.87636  35.4%   501 3096s
 14857  5820    4.02528   95 1348    6.00000    3.87636  35.4%   501 3104s
 14858  5820    4.00000   63 1349    6.00000    3.87636  35.4%   501 3107s
 14859  5821    4.55319   66 1334    6.00000    3.87636  35.4%   501 3115s
 14861  5822    4.50000  127 1353    6.00000    3.87636  35.4%   501 3123s
 14863  5824    4.04580  110 1308    6.00000    3.87636  35.4%   501 3132s
 14864  5824    4.02122  112 1379    6.00000    3.87636  35.4%   501 3135s
 14865  5825    4.51885   61 1376    6.00000    3.87636  35.4%   501 3143s
 14866  5826    4.68149   77 1300    6.00000    3.87636  35.4%   501 3150s
 14867  5826    4.53852   63 1290    6.00000    3.87636  35.4%   501 3156s
 14869  5828    4.88764   85 1328    6.00000    3.87636  35.4%   501 3166s
 14871  5829    4.02202  110 1373    6.00000    3.87636  35.4%   501 3177s
 14873  5830    4.50000   45 1314    6.00000    3.87636  35.4%   501 3186s
 14875  5832    4.90782   94 1262    6.00000    3.87636  35.4%   500 3195s
 14877  5833    4.94203  111 1290    6.00000    3.87636  35.4%   500 3205s
 14879  5834    4.50000  127 1321    6.00000    3.87636  35.4%   500 3216s
 14881  5836    4.00000   79 1351    6.00000    3.87636  35.4%   500 3227s
 14883  5837    4.50453   53 1355    6.00000    3.87636  35.4%   500 3236s
 14885  5838    5.00000  137 1310    6.00000    3.87636  35.4%   500 3245s
 14887  5840    4.55411  134 1333    6.00000    3.87636  35.4%   500 3254s
 14888  5840    4.50000  101 1290    6.00000    3.87636  35.4%   500 3256s
 14889  5841    4.58592   59 1348    6.00000    3.87636  35.4%   500 3264s
 14890  5842    4.02857   94 1327    6.00000    3.87636  35.4%   500 3270s
 14891  5842    4.00000   97 1327    6.00000    3.87636  35.4%   500 3277s
 14892  5843    4.51711   70 1332    6.00000    3.87636  35.4%   500 3280s
 14893  5844    5.00000   95 1313    6.00000    3.87636  35.4%   500 3289s
 14894  5844    4.38776   36 1292    6.00000    3.87636  35.4%   500 3292s
 14895  5845    4.00000   87 1328    6.00000    3.87636  35.4%   500 3300s
 14897  5846    4.51997   68 1331    6.00000    3.87636  35.4%   500 3310s
 14899  5848    4.00000   91 1342    6.00000    3.87636  35.4%   500 3321s
 14901  5849    4.00000   95 1327    6.00000    3.87636  35.4%   500 3331s
 14902  5850    4.54335   64 1388    6.00000    3.87636  35.4%   500 3335s
 14903  5850    4.50000  108 1365    6.00000    3.87636  35.4%   500 3343s
 14904  5851    4.61834   50 1314    6.00000    3.87636  35.4%   499 3345s
 14905  5852    4.87906  143 1354    6.00000    3.87636  35.4%   499 3353s
 14906  5852    4.00000   93 1306    6.00000    3.87636  35.4%   499 3357s
 14907  5853    4.52557   60 1317    6.00000    3.87636  35.4%   499 3364s
 14908  5854    4.39209   41 1385    6.00000    3.87636  35.4%   499 3367s
 14909  5854    4.53033  122 1383    6.00000    3.87636  35.4%   499 3375s
 14910  5855    4.50945  121 1334    6.00000    3.87636  35.4%   499 3390s
 14912  5856    4.00000   64 1348    6.00000    3.87636  35.4%   499 3400s
 14914  5858    4.21164  134 1341    6.00000    3.87636  35.4%   499 3409s
 14915  5858    4.88542  108 1306    6.00000    3.87636  35.4%   499 3411s
 14916  5859    5.00000  146 1310    6.00000    3.87636  35.4%   499 3419s
 14917  5860    4.11594  100 1343    6.00000    3.87636  35.4%   499 3421s
 14918  5860    4.50000  104 1337    6.00000    3.87636  35.4%   499 3430s
 14920  5862    4.00000  101 1353    6.00000    3.87636  35.4%   499 3440s
 14922  5863    4.50000  106 1339    6.00000    3.87636  35.4%   499 3450s
 14924  5864    4.52546   91 1287    6.00000    3.87636  35.4%   499 3460s
 14926  5866    5.00000   85 1351    6.00000    3.87636  35.4%   499 3470s
 14928  5867    4.03307   89 1355    6.00000    3.87636  35.4%   499 3480s
 14929  5868    5.00000   80 1405    6.00000    3.87636  35.4%   499 3486s
 14930  5868    4.00000   97 1422    6.00000    3.87636  35.4%   499 3495s
 14932  5870    5.00000  143 1404    6.00000    3.87636  35.4%   499 3506s
 14934  5871    4.00000   93 1312    6.00000    3.87636  35.4%   498 3515s
 14935  5872    4.50000  129 1366    6.00000    3.87636  35.4%   498 3525s
 14937  5873    4.51461   54 1391    6.00000    3.87636  35.4%   498 3534s
 14938  5874    4.00000   54 1382    6.00000    3.87636  35.4%   498 3536s
 14939  5874    4.45440   64 1389    6.00000    3.87636  35.4%   498 3544s
 14940  5875    4.55343   76 1341    6.00000    3.87636  35.4%   498 3546s
 14941  5876    4.00000   54 1336    6.00000    3.87636  35.4%   498 3553s
 14942  5876    5.00000  129 1354    6.00000    3.87636  35.4%   498 3555s
 14943  5877    4.00000  108 1347    6.00000    3.87636  35.4%   498 3562s
 14945  5878    4.50000  125 1302    6.00000    3.87636  35.4%   498 3570s
 14947  5880    4.50000  108 1350    6.00000    3.87636  35.4%   498 3582s
 14948  5880    4.46057   44 1347    6.00000    3.87636  35.4%   498 3592s
 14949  5881    4.03577  111 1395    6.00000    3.87636  35.4%   498 3595s

Cutting planes:
  Gomory: 66
  MIR: 1
  Flow cover: 5
  Zero half: 21
  Mod-K: 40

Explored 14949 nodes (7695886 simplex iterations) in 3600.03 seconds
Thread count was 4 (of 4 available processors)

Solution count 6: 6 7 8 ... 256

Time limit reached
Best objective 6.000000000000e+00, best bound 4.000000000000e+00, gap 33.3333%
Warning: Q constraint 0 doesn't have a name
