
Gurobi 8.1.1 (win64) logging started 11/27/19 23:00:35

Changed value of parameter LogFile to logs/drand/qp/drand-10-075-2.log
   Prev: gurobi.log  Default: 
Changed value of parameter LogToConsole to 0
   Prev: 1  Min: 0  Max: 1  Default: 1
Changed value of parameter TimeLimit to 3600.0
   Prev: 1e+100  Min: 0.0  Max: 1e+100  Default: 1e+100
Optimize a model with 1 rows, 378 columns and 1 nonzeros
Model has 10 quadratic constraints
Variable types: 0 continuous, 378 integer (378 binary)
Coefficient statistics:
  Matrix range     [1e+00, 1e+00]
  QMatrix range    [1e+00, 1e+00]
  Objective range  [1e+00, 1e+00]
  Bounds range     [1e+00, 1e+00]
  RHS range        [1e+00, 1e+00]
  QRHS range       [1e+00, 1e+00]
Found heuristic solution: objective 378.0000000
Presolve removed 1 rows and 1 columns
Presolve time: 0.00s
Presolved: 0 rows, 377 columns, 0 nonzeros
Variable types: 0 continuous, 377 integer (377 binary)

Root relaxation: objective 1.000000e+00, 0 iterations, 0.00 seconds

    Nodes    |    Current Node    |     Objective Bounds      |     Work
 Expl Unexpl |  Obj  Depth IntInf | Incumbent    BestBd   Gap | It/Node Time

     0     0    2.00000    0    2  378.00000    2.00000  99.5%     -    0s
H    0     0                      14.0000000    2.00000  85.7%     -    0s
     0     0    2.00000    0    2   14.00000    2.00000  85.7%     -    0s
H    0     0                      10.0000000    2.00000  80.0%     -    0s
     0     2    2.00000    0    2   10.00000    2.00000  80.0%     -    0s
H   56    27                       9.0000000    2.00000  77.8%   1.3    0s
   428   193    2.00000  105    -    9.00000    2.00000  77.8%   1.3    5s
   648   311    2.00000  156    -    9.00000    2.00000  77.8%   1.3   10s
   844   401    2.00000  207    -    9.00000    2.00000  77.8%   1.2   16s
  1015   481    4.00000  242    -    9.00000    2.00000  77.8%   1.3   20s
  1212   590    7.50000  309    1    9.00000    2.00000  77.8%   1.2   25s
  1347   556    8.00000  314    -    9.00000    2.00000  77.8%   1.2   31s
  1467   558    8.00000  314    -    9.00000    3.00000  66.7%   1.2   38s
  1589   575    8.00000  314    -    9.00000    3.00000  66.7%   1.2   43s
  1694   616    8.00000  314    -    9.00000    3.00000  66.7%   1.2   48s
  1834   685    8.00000  314    -    9.00000    3.00000  66.7%   1.2   54s
  1931   720    8.00000  314    -    9.00000    3.00000  66.7%   1.2   58s
  2055   806    8.00000  314    -    9.00000    3.00000  66.7%   1.2   63s
  2143   823    8.00000  314    -    9.00000    3.00000  66.7%   1.2   69s
  2243   846    8.00000  314    -    9.00000    3.00000  66.7%   1.2   76s
  2345   891    8.00000  314    -    9.00000    3.00000  66.7%   1.2   83s
  2531  1005    4.00000  102    -    9.00000    3.00000  66.7%   1.2   93s
  2655  1037    4.00000  221    2    9.00000    3.00000  66.7%   1.2  102s
  2761  1105    4.00000  232    2    9.00000    3.00000  66.7%   1.2  108s
  2877  1190    5.00000  290    -    9.00000    3.00000  66.7%   1.2  118s
  2988  1215    4.00000  162    2    9.00000    3.00000  66.7%   1.2  130s
  3197  1444    3.00000  169    2    9.00000    3.00000  66.7%   1.2  183s
  3199  1445    6.00000  269 3706    9.00000    3.00000  66.7%   1.2  217s
  3201  1448    3.00000   94    2    9.00000    3.00000  66.7%   7.8  398s
  3203  1449    3.00000  114 3692    9.00000    3.00000  66.7%   7.8  402s
H 3203  1376                       8.0000000    3.00000  62.5%   7.8  408s
  3205  1378    3.00000  170 2973    8.00000    3.00000  62.5%   7.8  411s
  3206  1378    3.00000  191 2622    8.00000    3.00000  62.5%   7.8  416s
  3208  1380    7.00000  303 3255    8.00000    3.00000  62.5%   7.8  421s
  3210  1381    4.00000    6 3209    8.00000    3.00000  62.5%   7.8  425s
  3211  1382    3.00000   23 2984    8.00000    3.00000  62.5%   7.8  431s
  3213  1383    3.00000  186 3026    8.00000    3.00000  62.5%   7.8  438s
  3214  1384    5.00000  237 3018    8.00000    3.00000  62.5%   7.8  453s
  3216  1385    4.00000   39 2592    8.00000    3.00000  62.5%   7.8  456s
  3219  1387    4.00000   54 2731    8.00000    3.00000  62.5%   7.8  460s
  3222  1389    4.66667  279 2534    8.00000    3.00000  62.5%   7.8  482s
  3223  1393    3.00000   26 2591    8.00000    3.00000  62.5%  44.0  490s
  3227  1395    3.33910   27 3063    8.00000    3.00000  62.5%  56.5  501s
  3231  1398    3.35291   28 2960    8.00000    3.00000  62.5%  69.1  510s
  3235  1401    3.31322   29 2886    8.00000    3.00000  62.5%  80.0  519s
  3237  1399    3.00000   30 2468    8.00000    3.00000  62.5%  86.0  524s
  3240  1403    3.40432   30 2807    8.00000    3.00000  62.5%  98.1  534s
  3243  1404    3.00000   31 2398    8.00000    3.00000  62.5%   102  604s
  3247  1407    3.00000   32 2355    8.00000    3.00000  62.5%   112  617s
  3251  1409    3.00000   33 2315    8.00000    3.00000  62.5%   126  625s
  3255  1412    3.00000   34 2285    8.00000    3.00000  62.5%   134  635s
  3259  1415    3.00000   35 2318    8.00000    3.00000  62.5%   148  645s
  3263  1417    3.00000   36 2169    8.00000    3.00000  62.5%   160  654s
  3267  1420    3.00000   37 2107    8.00000    3.00000  62.5%   172  663s
  3271  1423    3.00000   38 2314    8.00000    3.00000  62.5%   183  674s
  3275  1425    3.00000   39 2215    8.00000    3.00000  62.5%   194  683s
  3281  1428    3.00000   40 2196    8.00000    3.00000  62.5%   206  691s
  3286  1433    3.00000   41 2206    8.00000    3.00000  62.5%   214  699s
  3290  1436    3.00000   42 2214    8.00000    3.00000  62.5%   224  710s
  3295  1439    3.00000   43 2231    8.00000    3.00000  62.5%   237  717s
  3301  1442    3.00000   44 2230    8.00000    3.00000  62.5%   248  724s
  3306  1447    3.00000   45 2224    8.00000    3.00000  62.5%   256  735s
  3313  1451    3.00000   47 2238    8.00000    3.00000  62.5%   272  743s
  3319  1455    3.00000   48 2303    8.00000    3.00000  62.5%   283  752s
  3325  1459    3.00000   49 2228    8.00000    3.00000  62.5%   294  764s
  3333  1464    3.00000   51 2230    8.00000    3.00000  62.5%   310  775s
  3341  1469    3.00000   53 2295    8.00000    3.00000  62.5%   324  787s
  3349  1475    3.00000   55 2357    8.00000    3.00000  62.5%   340  796s
  3355  1479    3.00000   56 2459    8.00000    3.00000  62.5%   351  807s
  3361  1483    3.00000   57 2440    8.00000    3.00000  62.5%   364  820s
  3369  1488    3.00000   59 2424    8.00000    3.00000  62.5%   380  832s
  3379  1495    3.00000   61 2416    8.00000    3.00000  62.5%   396  843s
  3387  1500    3.00000   63 2347    8.00000    3.00000  62.5%   410  858s
  3397  1507    3.00000   65 2377    8.00000    3.00000  62.5%   427  874s
  3405  1512    3.00000   67 2350    8.00000    3.00000  62.5%   443  890s
  3415  1519    3.00000   69 2362    8.00000    3.00000  62.5%   460  904s
  3427  1527    3.00000   71 2272    8.00000    3.00000  62.5%   477  920s
  3439  1535    3.00000   73 2209    8.00000    3.00000  62.5%   496  935s
  3451  1543    3.00000   75 2022    8.00000    3.00000  62.5%   512  950s
  3463  1551    3.00000   77 2163    8.00000    3.00000  62.5%   526  970s
  3477  1562    3.00000   80 2123    8.00000    3.00000  62.5%   544  988s
  3491  1569    3.00000   83 2026    8.00000    3.00000  62.5%   563 1003s
  3505  1579    3.00000   85 2002    8.00000    3.00000  62.5%   577 1021s
  3519  1588    3.00000   88 1893    8.00000    3.00000  62.5%   593 1041s
  3537  1600    3.00000   91 1835    8.00000    3.00000  62.5%   610 1061s
  3555  1611    3.00000   94 1820    8.00000    3.00000  62.5%   629 1083s
  3574  1628    3.00000   98 1875    8.00000    3.00000  62.5%   649 1111s
  3597  1640    3.00000  102 1858    8.00000    3.00000  62.5%   669 1135s
  3625  1659    3.00000  107 1822    8.00000    3.00000  62.5%   690 1157s
  3653  1677    3.00000  111 1762    8.00000    3.00000  62.5%   710 1184s
  3687  1702    3.00000  116 1757    8.00000    3.00000  62.5%   729 1208s
  3723  1724    3.00000  122 1704    8.00000    3.00000  62.5%   752 1236s
  3765  1751    3.00000  128 1726    8.00000    3.00000  62.5%   771 1260s
  3822  1790    3.00000  134 1675    8.00000    3.00000  62.5%   786 1286s
  3870  1823    3.00000  138 1698    8.00000    3.00000  62.5%   797 1309s
  3947  1873    3.00000  144 1631    8.00000    3.00000  62.5%   806 1336s
  4025  1926    3.00000  152 1623    8.00000    3.00000  62.5%   817 1367s
  4122  1989    3.00000  160 1658    8.00000    3.00000  62.5%   822 1390s
  4229  2047    3.00000  168 1586    8.00000    3.00000  62.5%   823 1455s
  4323  2079    3.75084  173 1755    8.00000    3.00000  62.5%   817 1485s
  4390  2075    3.00000  182 1546    8.00000    3.00000  62.5%   834 1512s
  4422  2096    3.00000  192 1546    8.00000    3.00000  62.5%   855 1542s
  4468  2127    3.00000  205 1460    8.00000    3.00000  62.5%   878 1571s
  4528  2166    3.00000  224 1333    8.00000    3.00000  62.5%   893 1600s
  4637  2241    4.27054  260 1064    8.00000    3.29137  58.9%   894 1637s
  4725  2296    3.71741  283  790    8.00000    3.29137  58.9%   890 1667s
  4929  2427    5.61934  357  385    8.00000    3.29376  58.8%   876 1705s
  5117  2464    3.32005   45 2994    8.00000    3.31323  58.6%   867 1739s
  5218  2517    3.35505   54 2860    8.00000    3.31323  58.6%   877 1815s
  5270  2541    4.39702   66 2556    8.00000    3.31323  58.6%   883 1851s
  5436  2580    3.54158   86 2116    8.00000    3.31323  58.6%   881 1888s
  5602  2686    4.78178  118 1770    8.00000    3.31323  58.6%   879 1923s
  5804  2798    5.88119  154 1323    8.00000    3.31323  58.6%   872 1963s
  6004  2895    5.68556  202  949    8.00000    3.31323  58.6%   866 2001s
  6177  2995    6.80257  239  640    8.00000    3.31734  58.5%   858 2086s
  6433  3069    3.51207   77 2400    8.00000    3.31734  58.5%   843 2129s
  6677  3145    4.34150  172 1044    8.00000    3.31734  58.5%   837 2173s
  6990  3290     cutoff  280         8.00000    3.32522  58.4%   821 2231s
  7091  3311    4.24809   34 3302    8.00000    3.32789  58.4%   826 2277s
  7269  3315    3.81482  114    2    8.00000    3.32789  58.4%   836 2465s
  7271  3316    5.18127  162 3691    8.00000    3.32789  58.4%   836 2473s
  7272  3317    4.68523  187 2389    8.00000    3.32789  58.4%   836 2483s
  7273  3318    5.75324  238 2580    8.00000    3.32789  58.4%   836 2488s
  7274  3318    5.27953   46 2543    8.00000    3.32789  58.4%   836 2490s
  7275  3319    6.31341  387 2902    8.00000    3.32789  58.4%   836 2497s
  7276  3320    5.43014   80 2747    8.00000    3.32789  58.4%   836 2500s
  7278  3321    5.81012  141 2518    8.00000    3.32789  58.4%   835 2506s
  7282  3327    3.32789   38 2755    8.00000    3.32789  58.4%   845 2522s
  7284  3328    3.32789   39 2806    8.00000    3.32789  58.4%   847 2526s
  7286  3329    3.45607   39 3107    8.00000    3.32789  58.4%   852 2541s
  7290  3332    3.33690   40 2926    8.00000    3.32789  58.4%   857 2554s
  7292  3334    3.32789   41 2730    8.00000    3.32789  58.4%   859 2559s
  7295  3334    3.46925   41 3116    8.00000    3.32789  58.4%   864 2572s
  7298  3334    3.32789   42 2411    8.00000    3.32789  58.4%   865 2579s
  7301  3338    3.34290   42 2946    8.00000    3.32789  58.4%   870 2590s
  7304  3339    3.32789   43 2607    8.00000    3.32789  58.4%   872 2603s
  7308  3342    3.32789   44 2362    8.00000    3.32789  58.4%   877 2612s
  7312  3345    3.32789   45 2770    8.00000    3.32789  58.4%   882 2622s
  7316  3347    3.32789   46 2711    8.00000    3.32789  58.4%   887 2630s
  7320  3350    3.32789   47 2571    8.00000    3.32789  58.4%   892 2640s
  7324  3353    3.32789   48 2529    8.00000    3.32789  58.4%   896 2650s
  7328  3355    3.32789   49 2521    8.00000    3.32789  58.4%   900 2659s
  7332  3358    3.32789   50 2519    8.00000    3.32789  58.4%   905 2667s
  7336  3361    3.32789   51 2528    8.00000    3.32789  58.4%   910 2674s
  7340  3363    3.32789   52 2531    8.00000    3.32789  58.4%   914 2686s
  7344  3366    3.32789   53 2545    8.00000    3.32789  58.4%   918 2697s
  7350  3369    3.32789   54 2507    8.00000    3.32789  58.4%   923 2703s
  7355  3374    3.32789   55 2497    8.00000    3.32789  58.4%   927 2717s
  7360  3377    3.32789   56 2481    8.00000    3.32789  58.4%   932 2731s
  7366  3380    3.32789   57 2500    8.00000    3.32789  58.4%   938 2745s
  7369  3384    3.50416   57 2626    8.00000    3.32789  58.4%   942 2757s
  7374  3386    3.32789   58 2461    8.00000    3.32789  58.4%   945 2769s
  7380  3390    3.32789   59 2309    8.00000    3.32789  58.4%   950 2779s
  7386  3394    3.32789   60 2271    8.00000    3.32789  58.4%   954 2790s
  7392  3398    3.32789   61 2268    8.00000    3.32789  58.4%   959 2804s
  7398  3402    3.32789   62 2199    8.00000    3.32789  58.4%   964 2816s
  7404  3406    3.32789   63 2198    8.00000    3.32789  58.4%   969 2826s
  7410  3410    3.32789   64 2159    8.00000    3.32789  58.4%   974 2844s
  7418  3415    3.32789   66 2119    8.00000    3.32789  58.4%   981 2866s
  7426  3419    3.32789   67 2086    8.00000    3.32789  58.4%   987 2910s
  7428  3424    3.41223   67 2593    8.00000    3.32789  58.4%   989 2925s
  7436  3427    3.32789   69 2090    8.00000    3.32789  58.4%   994 2939s
  7446  3434    3.32789   71 2109    8.00000    3.32789  58.4%  1001 2953s
  7456  3441    3.32789   73 2093    8.00000    3.32789  58.4%  1009 2971s
  7468  3449    3.32789   76 2065    8.00000    3.32789  58.4%  1016 2985s
  7478  3455    3.32789   78 2058    8.00000    3.32789  58.4%  1023 3003s
  7492  3465    3.32789   81 2048    8.00000    3.32789  58.4%  1031 3021s
  7506  3474    3.32789   84 2045    8.00000    3.32789  58.4%  1040 3040s
  7520  3485    3.32789   87 2095    8.00000    3.32789  58.4%  1049 3059s
  7534  3492    3.32789   90 2213    8.00000    3.32789  58.4%  1056 3078s
  7549  3504    3.42125   93 2394    8.00000    3.32789  58.4%  1067 3098s
  7562  3511    3.32789   95 2159    8.00000    3.32789  58.4%  1072 3122s
  7578  3522    3.32789   98 2051    8.00000    3.32789  58.4%  1082 3148s
  7590  3530    3.32789  100 2100    8.00000    3.32789  58.4%  1089 3172s
  7610  3543    3.32789  104 1992    8.00000    3.32789  58.4%  1100 3198s
  7626  3554    3.32789  106 2006    8.00000    3.32789  58.4%  1107 3222s
  7646  3569    3.32789  110 1977    8.00000    3.32789  58.4%  1116 3249s
  7662  3578    3.32789  113 1900    8.00000    3.32789  58.4%  1124 3274s
  7682  3591    3.32789  117 2037    8.00000    3.32789  58.4%  1134 3306s
  7704  3606    3.32789  120 2158    8.00000    3.32789  58.4%  1144 3337s
  7730  3623    3.32789  125 2056    8.00000    3.32789  58.4%  1156 3371s
  7754  3641    3.32789  128 2062    8.00000    3.32789  58.4%  1165 3403s
  7790  3663    3.32789  133 2072    8.00000    3.32789  58.4%  1177 3435s
  7828  3689    3.32789  138 2045    8.00000    3.32789  58.4%  1187 3467s
  7868  3715    3.32789  144 2078    8.00000    3.32789  58.4%  1200 3502s
  7906  3740    3.32789  149 2033    8.00000    3.32789  58.4%  1210 3538s
  7951  3771    3.51336  154 2219    8.00000    3.32789  58.4%  1222 3580s
  7993  3797    3.32789  159 1973    8.00000    3.32789  58.4%  1230 3600s

Cutting planes:
  Gomory: 3
  Zero half: 40

Explored 8023 nodes (9912000 simplex iterations) in 3600.02 seconds
Thread count was 4 (of 4 available processors)

Solution count 5: 8 9 10 ... 378

Time limit reached
Best objective 8.000000000000e+00, best bound 4.000000000000e+00, gap 50.0000%
Warning: Q constraint 0 doesn't have a name
