
Gurobi 8.1.1 (win64) logging started 11/27/19 17:19:07

Changed value of parameter LogFile to logs/drand/qp/drand-07-110-0.log
   Prev: gurobi.log  Default: 
Changed value of parameter LogToConsole to 0
   Prev: 1  Min: 0  Max: 1  Default: 1
Changed value of parameter TimeLimit to 3600.0
   Prev: 1e+100  Min: 0.0  Max: 1e+100  Default: 1e+100
Optimize a model with 1 rows, 389 columns and 1 nonzeros
Model has 7 quadratic constraints
Variable types: 0 continuous, 389 integer (389 binary)
Coefficient statistics:
  Matrix range     [1e+00, 1e+00]
  QMatrix range    [1e+00, 1e+00]
  Objective range  [1e+00, 1e+00]
  Bounds range     [1e+00, 1e+00]
  RHS range        [1e+00, 1e+00]
  QRHS range       [1e+00, 1e+00]
Found heuristic solution: objective 389.0000000
Presolve removed 1 rows and 1 columns
Presolve time: 0.00s
Presolved: 0 rows, 388 columns, 0 nonzeros
Variable types: 0 continuous, 388 integer (388 binary)

Root relaxation: objective 1.000000e+00, 0 iterations, 0.00 seconds

    Nodes    |    Current Node    |     Objective Bounds      |     Work
 Expl Unexpl |  Obj  Depth IntInf | Incumbent    BestBd   Gap | It/Node Time

     0     0    2.00000    0    2  389.00000    2.00000  99.5%     -    0s
H    0     0                      10.0000000    2.00000  80.0%     -    0s
     0     0    2.00000    0    2   10.00000    2.00000  80.0%     -    0s
H    0     2                       8.0000000    2.00000  75.0%     -    0s
     0     2    2.00000    0    2    8.00000    2.00000  75.0%     -    0s
H   67    30                       7.0000000    2.00000  71.4%   1.5    0s
   470   177    2.00000   76    -    7.00000    2.00000  71.4%   1.6    5s
   706   272    2.00000   99    2    7.00000    2.00000  71.4%   1.5   10s
   917   359    2.00000  122    2    7.00000    2.00000  71.4%   1.5   15s
  1075   442    2.00000  157    2    7.00000    2.00000  71.4%   1.5   20s
  1212   501    3.50000  192    1    7.00000    2.00000  71.4%   1.5   25s
  1406   634    4.00000  251    -    7.00000    2.00000  71.4%   1.5   30s
  1489   724    3.00000   28    2    7.00000    2.00000  71.4%   1.5   45s
  1491   725    4.00000  217 2651    7.00000    2.31875  66.9%   1.5   66s
  1493   728    3.00000   23    2    7.00000    2.31875  66.9%   7.4   99s
  1495   729    4.00000  229 2746    7.00000    2.32390  66.8%   7.3  104s
  1496   730    3.00000   74 2162    7.00000    3.00000  57.1%   7.3  117s
  1497   731    3.00000   71 1946    7.00000    3.00000  57.1%   7.3  123s
  1498   731    3.00000  145 1879    7.00000    3.00000  57.1%   7.3  130s
  1499   732    3.00000  103 1968    7.00000    3.00000  57.1%   7.3  136s
  1501   733    4.00000   36 1895    7.00000    3.00000  57.1%   7.3  144s
  1502   734    3.00000  175 1842    7.00000    3.00000  57.1%   7.3  145s
  1503   735    4.00000  247 1868    7.00000    3.00000  57.1%   7.3  150s
  1505   736    3.00000   11 1893    7.00000    3.00000  57.1%   7.3  157s
  1506   737    3.00000   91 1893    7.00000    3.00000  57.1%   7.3  161s
  1510   740    5.00000   82 2672    7.00000    3.00000  57.1%  84.6  168s
  1511   741    3.00000   30 2108    7.00000    3.00000  57.1%  84.6  170s
  1513   742    5.50000  260 1786    7.00000    3.00000  57.1%  84.5  180s
  1515   744    3.00000  167 1812    7.00000    3.00000  57.1%  84.3  187s
  1517   745    3.50000  223 1778    7.00000    3.00000  57.1%  84.2  194s
  1518   746    4.00000   51 1597    7.00000    3.00000  57.1%  84.2  195s
  1519   746    3.00000  129 1716    7.00000    3.00000  57.1%  84.1  202s
  1520   747    3.00000   79 1820    7.00000    3.00000  57.1%  84.1  209s
  1521   748    6.00000  256 1820    7.00000    3.00000  57.1%  84.0  215s
  1522   748    3.00000  154 1820    7.00000    3.00000  57.1%  84.0  220s
  1523   752    3.00000   39 1784    7.00000    3.00000  57.1%   150  233s
  1527   755    3.34361   40 2547    7.00000    3.00000  57.1%   159  237s
  1531   757    3.42966   41 1869    7.00000    3.00000  57.1%   170  240s
  1537   758    3.00000   43 1637    7.00000    3.00000  57.1%   183  248s
  1542   764    3.33959   44 2525    7.00000    3.00000  57.1%   198  253s
  1545   765    3.00000   45 1642    7.00000    3.00000  57.1%   201  255s
  1553   770    3.00000   47 1634    7.00000    3.00000  57.1%   216  261s
  1557   773    3.00000   48 1603    7.00000    3.00000  57.1%   222  265s
  1565   778    3.00000   50 1493    7.00000    3.00000  57.1%   239  272s
  1569   781    3.00000   51 1492    7.00000    3.00000  57.1%   246  275s
  1579   787    3.00000   53 1365    7.00000    3.00000  57.1%   257  283s
  1585   790    3.00000   54 1349    7.00000    3.00000  57.1%   262  286s
  1593   796    3.00000   56 1206    7.00000    3.00000  57.1%   277  292s
  1598   801    3.00000   57 1160    7.00000    3.00000  57.1%   282  296s
  1610   808    3.00000   59 1098    7.00000    3.00000  57.1%   292  301s
  1621   815    3.00000   61 1044    7.00000    3.00000  57.1%   303  307s
  1627   817    3.00000   62 1034    7.00000    3.00000  57.1%   312  310s
  1641   830    3.37249   64 2207    7.00000    3.00000  57.1%   323  316s
  1656   840    3.39027   66 2224    7.00000    3.00000  57.1%   333  323s
  1665   845    3.00000   68 1012    7.00000    3.00000  57.1%   337  327s
  1675   850    3.00000   70 1013    7.00000    3.00000  57.1%   344  332s
  1686   860    3.00000   72  974    7.00000    3.00000  57.1%   351  337s
  1697   866    3.00000   74  970    7.00000    3.00000  57.1%   358  341s
  1707   873    3.00000   76  944    7.00000    3.00000  57.1%   367  345s
  1719   881    3.00000   78  948    7.00000    3.00000  57.1%   373  350s
  1751   904    3.00000   82  908    7.00000    3.00000  57.1%   386  360s
  1769   913    3.00000   85  901    7.00000    3.00000  57.1%   394  365s
  1808   941    3.60177   90 1558    7.00000    3.00000  57.1%   407  375s
  1825   951    3.00000   93  853    7.00000    3.00000  57.1%   415  381s
  1849   966    3.00000   96  905    7.00000    3.00000  57.1%   422  386s
  1872   984    3.00000   99  906    7.00000    3.00000  57.1%   428  392s
  1889   994    3.00000  102  852    7.00000    3.00000  57.1%   436  397s
  1909  1006    3.00000  105 1023    7.00000    3.00000  57.1%   444  404s
  1932  1023    3.00000  109  948    7.00000    3.00000  57.1%   452  410s
  1958  1043    3.54254  112 1653    7.00000    3.00000  57.1%   459  417s
  1979  1056    3.00000  116  948    7.00000    3.00000  57.1%   466  423s
  2003  1070    3.00000  120  995    7.00000    3.00000  57.1%   475  431s
  2027  1086    3.00000  125 1023    7.00000    3.00000  57.1%   483  437s
  2069  1114    3.00000  130  971    7.00000    3.00000  57.1%   490  443s
  2111  1141    3.00322  135 1071    7.00000    3.00322  57.1%   499  449s
  2162  1177    3.02251  142 1037    7.00000    3.02251  56.8%   507  455s
  2213  1202    3.03167  150 1055    7.00000    3.03167  56.7%   515  461s
  2283  1239    3.04930  158 1032    7.00000    3.04930  56.4%   518  467s
  2378  1251    3.07349  167  989    7.00000    3.07349  56.1%   515  473s
  2482  1288    3.08468  176  991    7.00000    3.08468  55.9%   507  478s
  2598  1283    3.91682  185 1257    7.00000    3.10479  55.6%   496  484s
  2635  1288    3.11927  194  978    7.00000    3.11927  55.4%   505  491s
  2667  1310    3.13890  205  978    7.00000    3.13890  55.2%   516  497s
  2709  1335    3.16673  219  948    7.00000    3.16673  54.8%   525  504s
  2758  1371    5.01524  236  978    7.00000    3.23797  53.7%   534  511s
  2853  1420    3.55013  270  687    7.00000    3.32663  52.5%   533  517s
  2973  1484    4.39312  314  506    7.00000    3.32877  52.4%   527  526s
  3141  1517    3.35017   45 2525    7.00000    3.33962  52.3%   512  535s
  3190  1529    3.36317   49 2420    7.00000    3.33962  52.3%   518  543s
  3261  1569    3.37559   53 2367    7.00000    3.33962  52.3%   523  552s
  3364  1575    3.39250   58 2246    7.00000    3.33962  52.3%   525  561s
  3500  1562    3.42308   65 2065    7.00000    3.33962  52.3%   519  572s
  3562  1605    4.45260   73 1989    7.00000    3.33962  52.3%   523  581s
  3667  1669    4.52599   85 1829    7.00000    3.33962  52.3%   521  591s
  3843  1765    3.62126   99 1660    7.00000    3.33962  52.3%   513  601s
  3905  1827    4.69878  113 1570    7.00000    3.33962  52.3%   521  611s
  3991  1911    3.83036  131 1319    7.00000    3.33962  52.3%   527  621s
  4097  2012    4.92718  146 1367    7.00000    3.33962  52.3%   525  633s
  4241  2091    4.11813  168 1086    7.00000    3.33962  52.3%   524  644s
  4346  2185    5.42092  201  963    7.00000    3.33962  52.3%   528  655s
  4513  2314    5.13811  240  638    7.00000    3.34074  52.3%   525  668s
  4720  2408    3.45073   69 2021    7.00000    3.34163  52.3%   519  681s
  4804  2491    3.70065  110 1448    7.00000    3.34163  52.3%   522  695s
  4965  2640    4.61893  208  819    7.00000    3.34608  52.2%   519  708s
  5191  2802    4.32982   48 2606    7.00000    3.34608  52.2%   511  723s
  5325  2885    4.57806   92 1720    7.00000    3.34608  52.2%   511  738s
  5475  3027    5.26837  179  944    7.00000    3.34872  52.2%   511  754s
  5740  3221    4.59024   95 1680    7.00000    3.35012  52.1%   501  770s
  5904  3369     cutoff  197         7.00000    3.35443  52.1%   500  788s
  6112  3554    4.54088   89 1857    7.00000    3.35443  52.1%   495  805s
  6350  3738    5.58571  224  941    7.00000    3.35660  52.0%   490  824s
  6539  3904    4.57444   93 1740    7.00000    3.35660  52.0%   490  844s
  6838  4099    3.40874   61 2197    7.00000    3.35713  52.0%   483  864s
  7027  4279    4.03998  145 1148    7.00000    3.35739  52.0%   481  883s
  7349  4508    4.25884   55 2148    7.00000    3.35794  52.0%   474  902s
  7637  4770    5.11307  173  898    7.00000    3.35870  52.0%   467  920s
  7837  4928    3.71620  109 1468    7.00000    3.35870  52.0%   465  938s
  8140  5203    5.22457  238  501    7.00000    3.35931  52.0%   458  956s
  8319  5342    4.41819   85 1778    7.00000    3.36025  52.0%   458  974s
  8682  5616    4.34947   58 2043    7.00000    3.36216  52.0%   450  991s
  8913  5834    5.64760  215  809    7.00000    3.36253  52.0%   446 1008s
  9111  5974    4.43398   91 1729    7.00000    3.36535  51.9%   444 1026s
  9346  6174    4.38650   58 2202    7.00000    3.36535  51.9%   442 1043s
  9565  6345    4.84010  125 1341    7.00000    3.36693  51.9%   440 1060s
  9775  6539    4.43880   75 1965    7.00000    3.36693  51.9%   440 1075s
  9941  6667    4.84120  123 1388    7.00000    3.36712  51.9%   443 1092s
 10199  6832    3.41095   58 2081    7.00000    3.36762  51.9%   439 1109s
 10442  7043    3.88586  130 1299    7.00000    3.36762  51.9%   436 1126s
 10676  7223    5.82554  253  594    7.00000    3.36893  51.9%   434 1143s
 10902  7415    4.67388  110 1490    7.00000    3.36964  51.9%   432 1159s
 11104  7606    5.67247  213  884    7.00000    3.36979  51.9%   431 1176s
 11306  7759    3.74193  113 1391    7.00000    3.37026  51.9%   430 1193s
 11611  8023    4.78606  209  730    7.00000    3.37073  51.8%   426 1210s
 11802  8129    4.45799   76 1955    7.00000    3.37073  51.8%   426 1226s
 12081  8375    5.47727  199  891    7.00000    3.37252  51.8%   423 1243s
 12250  8516    3.66787  104 1457    7.00000    3.37252  51.8%   423 1260s
 12525  8757    4.58392  199  891    7.00000    3.37284  51.8%   420 1275s
 12749  8890    3.47889   85 1864    7.00000    3.37284  51.8%   420 1291s
 12982  9071    4.24642  167 1003    7.00000    3.37408  51.8%   418 1306s
 13227  9230    4.41270   71 2077    7.00000    3.37408  51.8%   417 1323s
 13401  9368    4.87852  132 1218    7.00000    3.37438  51.8%   417 1339s
 13664  9606    4.47192   79 1894    7.00000    3.37438  51.8%   415 1355s
 13824  9742    4.98977  140 1253    7.00000    3.37500  51.8%   416 1373s
 14115  9976    4.42136   67 2087    7.00000    3.37553  51.8%   413 1389s
 14245 10103    4.89842  133 1200    7.00000    3.37581  51.8%   414 1404s
 14521 10322    4.41306   65 2033    7.00000    3.37581  51.8%   413 1420s
 14684 10424    4.90944  139    2    7.00000    3.37581  51.8%   413 1628s
 14686 10425    4.17917  163 2739    7.00000    3.37581  51.8%   413 1632s
 14687 10426    4.62591   98 1557    7.00000    3.37581  51.8%   413 1635s
 14689 10427    5.37169  181 1535    7.00000    3.37581  51.8%   413 1647s
 14690 10428    4.48778  200 1620    7.00000    3.37581  51.8%   413 1655s
 14691 10429    4.89779  132 1649    7.00000    3.37581  51.8%   413 1664s
 14692 10429    4.94344  133 1708    7.00000    3.37581  51.8%   413 1670s
 14693 10430    4.84259  131 1846    7.00000    3.37581  51.8%   413 1679s
 14694 10431    5.60577  206 1811    7.00000    3.37581  51.8%   413 1685s
 14695 10431    3.64045  101 1668    7.00000    3.37581  51.8%   413 1695s
 14696 10432    3.42645   58 1691    7.00000    3.37581  51.8%   413 1701s
 14697 10433    4.51939   87 1825    7.00000    3.37581  51.8%   413 1710s
 14698 10433    4.90944  139 1811    7.00000    3.37581  51.8%   413 1716s
 14699 10434    5.14928  175 1771    7.00000    3.37581  51.8%   413 1724s
 14700 10435    5.02358  149 1793    7.00000    3.37581  51.8%   413 1730s
 14701 10435    3.47417   78 1741    7.00000    3.37581  51.8%   413 1740s
 14702 10436    5.59170  109 1825    7.00000    3.37581  51.8%   413 1747s
 14703 10437    4.81878  122 1720    7.00000    3.37581  51.8%   413 1756s
 14704 10437    5.56447  110 1712    7.00000    3.37581  51.8%   412 1765s
 14705 10438    5.12500  154 1676    7.00000    3.37581  51.8%   412 1774s
 14706 10439    5.68306  222 1779    7.00000    3.37581  51.8%   412 1781s
 14707 10439    5.50394  189 1763    7.00000    3.37581  51.8%   412 1789s
 14708 10440    4.62852  100 1728    7.00000    3.37581  51.8%   412 1797s
 14709 10441    4.64933  103 1825    7.00000    3.37581  51.8%   412 1805s
 14710 10441    5.62821  226 1839    7.00000    3.37581  51.8%   412 1812s
 14711 10442    4.62831  281 1782    7.00000    3.37581  51.8%   412 1823s
 14712 10443    4.67584  125 1781    7.00000    3.37581  51.8%   412 1829s
 14713 10443    5.01835  143 1770    7.00000    3.37581  51.8%   412 1839s
 14714 10444    4.41124   65 1812    7.00000    3.37581  51.8%   412 1845s
 14715 10445    4.88372  247 1816    7.00000    3.37581  51.8%   412 1854s
 14716 10445    3.52769   83 1813    7.00000    3.37581  51.8%   412 1860s
 14717 10446    5.47180  203 1886    7.00000    3.37581  51.8%   412 1871s
 14718 10447    5.93475  143 1891    7.00000    3.37581  51.8%   412 1876s
 14719 10447    4.39239  199 1830    7.00000    3.37581  51.8%   412 1886s
 14720 10448    3.63567  103 1713    7.00000    3.37581  51.8%   412 1893s
 14721 10449    5.03262  163 1808    7.00000    3.37581  51.8%   412 1905s
 14722 10449    5.26026  180 1837    7.00000    3.37581  51.8%   412 1911s
 14723 10450    5.03655  146 1788    7.00000    3.37581  51.8%   412 1920s
 14724 10451    4.48013   77 1779    7.00000    3.37581  51.8%   412 1927s
 14725 10451    4.62120   96 1810    7.00000    3.37581  51.8%   412 1937s
 14726 10452    4.94344  133 1819    7.00000    3.37581  51.8%   412 1944s
 14727 10453    5.67066  187 1856    7.00000    3.37581  51.8%   412 1959s
 14728 10453    5.55556  207 1804    7.00000    3.37581  51.8%   412 1969s
 14729 10454    4.80902  137 1833    7.00000    3.37581  51.8%   412 1974s
 14730 10455    4.57999  112 1879    7.00000    3.37581  51.8%   412 1984s
 14731 10455    5.32553  196 1877    7.00000    3.37581  51.8%   412 1989s
 14732 10456    5.58708  217 1834    7.00000    3.37581  51.8%   412 2001s
 14733 10457    4.26531  185 1873    7.00000    3.37581  51.8%   412 2007s
 14734 10457    5.52574  212 1874    7.00000    3.37581  51.8%   412 2018s
 14735 10458    3.45012   92 1871    7.00000    3.37581  51.8%   412 2025s
 14736 10459    5.27876  181 1878    7.00000    3.37581  51.8%   412 2036s
 14737 10459    4.42838   71 1890    7.00000    3.37581  51.8%   412 2044s
 14738 10460    5.14155  168 1823    7.00000    3.37581  51.8%   412 2054s
 14739 10461    3.45982   74 1877    7.00000    3.37581  51.8%   412 2062s
 14740 10461    4.92170  155 2000    7.00000    3.37581  51.8%   411 2081s
 14741 10462    3.67713  103 1865    7.00000    3.37581  51.8%   411 2092s
 14742 10463    4.37656   54 1870    7.00000    3.37581  51.8%   411 2099s
 14743 10463    5.32143  197 1884    7.00000    3.37581  51.8%   411 2113s
 14744 10464    5.60000  222 1874    7.00000    3.37581  51.8%   411 2120s
 14745 10465    4.82419  216 1881    7.00000    3.37581  51.8%   411 2135s
 14746 10465    5.47593   87 1812    7.00000    3.37581  51.8%   411 2145s
 14747 10466    4.51841   99 1862    7.00000    3.37581  51.8%   411 2166s
 14748 10467    4.61818   99 1898    7.00000    3.37581  51.8%   411 2181s
 14749 10467    4.86354  142 1831    7.00000    3.37581  51.8%   411 2190s
 14750 10468    4.74372  119 1861    7.00000    3.37581  51.8%   411 2204s
 14751 10469    5.64847  221 1879    7.00000    3.37581  51.8%   411 2213s
 14752 10469    5.68434  112 1931    7.00000    3.37581  51.8%   411 2229s
 14753 10470    5.56633  214 1945    7.00000    3.37581  51.8%   411 2238s
 14754 10471    4.96491  132 1838    7.00000    3.37581  51.8%   411 2254s
 14755 10471    4.87678  132 1844    7.00000    3.37581  51.8%   411 2260s
 14756 10472    4.78616  130 1870    7.00000    3.37581  51.8%   411 2274s
 14757 10473    5.94191  195 1874    7.00000    3.37581  51.8%   411 2280s
 14758 10473    3.78658  133 1819    7.00000    3.37581  51.8%   411 2296s
 14759 10474    5.56031  211 1789    7.00000    3.37581  51.8%   411 2303s
 14760 10475    4.94316  200 1918    7.00000    3.37581  51.8%   411 2319s
 14761 10475    4.35325   54 1892    7.00000    3.37581  51.8%   411 2327s
 14762 10476    3.45575   67 1870    7.00000    3.37581  51.8%   411 2339s
 14763 10477    4.95282  135 1845    7.00000    3.37581  51.8%   411 2346s
 14764 10477    4.49206   81 1950    7.00000    3.37581  51.8%   411 2360s
 14765 10478    4.69231  105 1918    7.00000    3.37581  51.8%   411 2368s
 14766 10479    4.45320  183 1912    7.00000    3.37581  51.8%   411 2390s
 14767 10479    5.59038  215 1839    7.00000    3.37581  51.8%   411 2405s
 14768 10480    3.39687   55 1937    7.00000    3.37581  51.8%   411 2412s
 14769 10481    4.91564  145 1928    7.00000    3.37581  51.8%   411 2426s
 14770 10481    4.59355   96 1856    7.00000    3.37581  51.8%   411 2435s
 14771 10482    4.95164  137 1836    7.00000    3.37581  51.8%   411 2452s
 14772 10483    5.90273  247 1880    7.00000    3.37581  51.8%   411 2462s
 14773 10483    5.37886  189 1929    7.00000    3.37581  51.8%   411 2476s
 14774 10484    5.04290  281 1872    7.00000    3.37581  51.8%   411 2486s
 14775 10485    5.46835  209 1895    7.00000    3.37581  51.8%   410 2502s
 14776 10485    4.65394  202 1880    7.00000    3.37581  51.8%   410 2511s
 14777 10486    4.81164  120 1897    7.00000    3.37581  51.8%   410 2529s
 14778 10487    4.47636   79 1876    7.00000    3.37581  51.8%   410 2539s
 14779 10487    5.17647  164 1845    7.00000    3.37581  51.8%   410 2554s
 14780 10488    5.19421  154 1916    7.00000    3.37581  51.8%   410 2563s
 14781 10489    4.33741   73 1915    7.00000    3.37581  51.8%   410 2582s
 14782 10489    5.25376  179 1896    7.00000    3.37581  51.8%   410 2592s
 14783 10490    5.41255  192 1950    7.00000    3.37581  51.8%   410 2609s
 14784 10491    4.90944  139 1929    7.00000    3.37581  51.8%   410 2619s
 14785 10491    4.36505   67 1892    7.00000    3.37581  51.8%   410 2637s
 14786 10492    4.17917  163 1897    7.00000    3.37581  51.8%   410 2644s
 14787 10493    4.62591   98 1963    7.00000    3.37581  51.8%   410 2662s
 14788 10493    4.06763  156 1958    7.00000    3.37581  51.8%   410 2672s
 14789 10494    5.37169  181 1857    7.00000    3.37581  51.8%   410 2691s
 14790 10495    4.48778  200 1865    7.00000    3.37581  51.8%   410 2700s
 14791 10495    4.89779  132 1816    7.00000    3.37581  51.8%   410 2718s
 14792 10496    4.94344  133 1886    7.00000    3.37581  51.8%   410 2728s
 14793 10497    4.84259  131 1876    7.00000    3.37581  51.8%   410 2744s
 14794 10497    5.60577  206 1870    7.00000    3.37581  51.8%   410 2752s
 14795 10498    3.64045  101 1966    7.00000    3.37581  51.8%   410 2767s
 14796 10499    3.42645   58 1963    7.00000    3.37581  51.8%   410 2775s
 14797 10499    4.51939   87 1884    7.00000    3.37581  51.8%   410 2792s
 14798 10500    4.90944  139 1832    7.00000    3.37581  51.8%   410 2802s
 14799 10501    5.14928  175 1954    7.00000    3.37581  51.8%   410 2817s
 14800 10501    5.02358  149 1956    7.00000    3.37581  51.8%   410 2825s
 14801 10502    3.47417   78 1888    7.00000    3.37581  51.8%   410 2842s
 14802 10503    5.59170  109 1873    7.00000    3.37581  51.8%   410 2848s
 14803 10503    4.81878  122 1822    7.00000    3.37581  51.8%   410 2862s
 14804 10504    5.56447  110 1904    7.00000    3.37581  51.8%   410 2869s
 14805 10505    5.12500  154 1876    7.00000    3.37581  51.8%   410 2883s
 14806 10505    5.68306  222 1909    7.00000    3.37581  51.8%   410 2892s
 14807 10506    5.50394  189 1902    7.00000    3.37581  51.8%   410 2908s
 14808 10507    4.62852  100 1876    7.00000    3.37581  51.8%   410 2916s
 14809 10507    4.64933  103 1908    7.00000    3.37581  51.8%   410 2934s
 14810 10508    5.62821  226 1951    7.00000    3.37581  51.8%   410 2945s
 14811 10509    4.62831  281 2010    7.00000    3.37581  51.8%   410 2961s
 14812 10509    4.67584  125 1952    7.00000    3.37581  51.8%   409 2970s
 14813 10510    5.01835  143 1866    7.00000    3.37581  51.8%   409 2988s
 14814 10511    4.41124   65 1854    7.00000    3.37581  51.8%   409 2995s
 14815 10511    4.88372  247 1920    7.00000    3.37581  51.8%   409 3011s
 14816 10512    3.52769   83 1927    7.00000    3.37581  51.8%   409 3018s
 14817 10513    5.47180  203 1888    7.00000    3.37581  51.8%   409 3031s
 14818 10513    5.93475  143 1853    7.00000    3.37581  51.8%   409 3042s
 14819 10514    4.39239  199 1853    7.00000    3.37581  51.8%   409 3058s
 14820 10515    3.63567  103 1853    7.00000    3.37581  51.8%   409 3067s
 14821 10515    5.03262  163 1880    7.00000    3.37581  51.8%   409 3082s
 14822 10516    5.26026  180 1886    7.00000    3.37581  51.8%   409 3093s
 14823 10517    5.03655  146 1934    7.00000    3.37581  51.8%   409 3108s
 14824 10517    4.48013   77 1963    7.00000    3.37581  51.8%   409 3118s
 14825 10518    4.62120   96 1831    7.00000    3.37581  51.8%   409 3134s
 14826 10519    4.94344  133 1826    7.00000    3.37581  51.8%   409 3142s
 14827 10519    5.67066  187 1834    7.00000    3.37581  51.8%   409 3159s
 14828 10520    5.55556  207 1794    7.00000    3.37581  51.8%   409 3167s
 14829 10521    4.80902  137 1856    7.00000    3.37581  51.8%   409 3182s
 14830 10521    4.57999  112 1858    7.00000    3.37581  51.8%   409 3191s
 14831 10522    5.32553  196 1916    7.00000    3.37581  51.8%   409 3210s
 14832 10523    5.58708  217 1931    7.00000    3.37581  51.8%   409 3221s
 14833 10523    4.26531  185 1910    7.00000    3.37581  51.8%   409 3239s
 14834 10524    5.52574  212 1895    7.00000    3.37581  51.8%   409 3249s
 14835 10525    3.45012   92 1916    7.00000    3.37581  51.8%   409 3265s
 14836 10525    5.27876  181 1944    7.00000    3.37581  51.8%   409 3275s
 14837 10526    4.42838   71 1885    7.00000    3.37581  51.8%   409 3293s
 14838 10527    5.14155  168 1849    7.00000    3.37581  51.8%   409 3303s
 14839 10527    3.45982   74 1909    7.00000    3.37581  51.8%   409 3321s
 14840 10528    4.92170  155 1896    7.00000    3.37581  51.8%   409 3331s
 14841 10529    3.67713  103 1994    7.00000    3.37581  51.8%   409 3351s
 14842 10529    4.37656   54 1989    7.00000    3.37581  51.8%   409 3360s
 14843 10530    5.32143  197 1999    7.00000    3.37581  51.8%   409 3380s
 14844 10531    5.60000  222 1947    7.00000    3.37581  51.8%   409 3389s
 14845 10531    4.82419  216 1972    7.00000    3.37581  51.8%   409 3407s
 14846 10532    5.47593   87 1868    7.00000    3.37581  51.8%   409 3418s
 14847 10533    4.51841   99 2017    7.00000    3.37581  51.8%   409 3437s
 14848 10533    4.61818   99 1990    7.00000    3.37581  51.8%   408 3449s
 14849 10534    4.86354  142 1963    7.00000    3.37581  51.8%   408 3467s
 14850 10535    4.74372  119 1961    7.00000    3.37581  51.8%   408 3480s
 14851 10535    5.64847  221 1957    7.00000    3.37581  51.8%   408 3503s
 14852 10536    5.68434  112 1932    7.00000    3.37581  51.8%   408 3524s
 14853 10537    5.56633  214 1867    7.00000    3.37581  51.8%   408 3536s
 14854 10537    4.96491  132 1993    7.00000    3.37581  51.8%   408 3556s
 14855 10538    4.87678  132 1977    7.00000    3.37581  51.8%   408 3571s
 14856 10539    4.78616  130 1942    7.00000    3.37581  51.8%   408 3590s

Cutting planes:
  Gomory: 68
  Zero half: 74
  Mod-K: 187

Explored 14856 nodes (6550146 simplex iterations) in 3600.04 seconds
Thread count was 4 (of 4 available processors)

Solution count 4: 7 8 10 389 

Time limit reached
Best objective 7.000000000000e+00, best bound 4.000000000000e+00, gap 42.8571%
Warning: Q constraint 0 doesn't have a name
