
Gurobi 8.1.1 (win64) logging started 11/27/19 10:53:50

Changed value of parameter LogFile to logs/drand/qp/drand-05-075-2.log
   Prev: gurobi.log  Default: 
Changed value of parameter LogToConsole to 0
   Prev: 1  Min: 0  Max: 1  Default: 1
Changed value of parameter TimeLimit to 3600.0
   Prev: 1e+100  Min: 0.0  Max: 1e+100  Default: 1e+100
Optimize a model with 1 rows, 252 columns and 1 nonzeros
Model has 5 quadratic constraints
Variable types: 0 continuous, 252 integer (252 binary)
Coefficient statistics:
  Matrix range     [1e+00, 1e+00]
  QMatrix range    [1e+00, 1e+00]
  Objective range  [1e+00, 1e+00]
  Bounds range     [1e+00, 1e+00]
  RHS range        [1e+00, 1e+00]
  QRHS range       [1e+00, 1e+00]
Found heuristic solution: objective 252.0000000
Presolve removed 1 rows and 1 columns
Presolve time: 0.00s
Presolved: 0 rows, 251 columns, 0 nonzeros
Variable types: 0 continuous, 251 integer (251 binary)

Root relaxation: objective 1.000000e+00, 0 iterations, 0.00 seconds

    Nodes    |    Current Node    |     Objective Bounds      |     Work
 Expl Unexpl |  Obj  Depth IntInf | Incumbent    BestBd   Gap | It/Node Time

     0     0    2.00000    0    2  252.00000    2.00000  99.2%     -    0s
H    0     0                       8.0000000    2.00000  75.0%     -    0s
     0     0    2.00000    0    2    8.00000    2.00000  75.0%     -    0s
     0     0    2.00000    0    2    8.00000    2.00000  75.0%     -    0s
H    0     0                       6.0000000    2.00000  66.7%     -    0s
     0     2    2.00000    0    2    6.00000    2.00000  66.7%     -    0s
   673   253    2.00000  100    2    6.00000    2.00000  66.7%   1.7    5s
  1281   411    5.00000  139    2    6.00000    3.00000  50.0%   1.6   10s
  1736   623     cutoff  150         6.00000    3.00000  50.0%   1.6   15s
  2186   941    4.00000   54    2    6.00000    3.00000  50.0%   1.5   26s
  2188   942    3.00000   94 1217    6.00000    3.00000  50.0%   1.5   30s
  2190   945    5.00000  132    2    6.00000    3.00000  50.0%   3.8   35s
H 2191   898                       5.0000000    3.00000  40.0%   3.8   47s
  2193   899    3.00000   15 1005    5.00000    3.00000  40.0%   3.8   54s
  2194   900    3.00000   24 1050    5.00000    3.00000  40.0%   3.8   58s
  2195   900    4.00000   14 1044    5.00000    3.00000  40.0%   3.8   60s
  2196   901    3.00000  106 1025    5.00000    3.00000  40.0%   3.8   65s
  2198   902    4.00000  110 1009    5.00000    3.00000  40.0%   3.8   73s
  2199   903    4.00000   10  985    5.00000    3.00000  40.0%   3.8   76s
  2201   904    4.00000   76 1001    5.00000    3.00000  40.0%   3.8   82s
  2203   906    4.00000  108  951    5.00000    3.00000  40.0%   3.8   89s
  2204   906    3.00000   98  942    5.00000    3.00000  40.0%   3.8   92s
  2205   907    5.00000  116  878    5.00000    3.00000  40.0%   3.8   96s
  2207   908    4.00000   39  950    5.00000    3.00000  40.0%   3.8  106s
  2209   910    3.00000   42  890    5.00000    3.00000  40.0%   3.8  115s
  2211   911    4.00000   26  890    5.00000    3.00000  40.0%   3.8  245s
  2213   912    3.00000   52  890    5.00000    3.00000  40.0%   3.8  288s
  2214   914    3.00000   24  834    5.00000    3.00000  40.0%  15.4  309s
  2216   915    3.00000   25  807    5.00000    3.00000  40.0%  17.7  353s
  2218   917    3.00000   26  794    5.00000    3.00000  40.0%  19.2  355s
  2220   916    3.53470   26  902    5.00000    3.00000  40.0%  21.1  387s
  2224   918    3.53976   27  891    5.00000    3.00000  40.0%  23.4  398s
  2227   919    3.00000   28  783    5.00000    3.00000  40.0%  23.6  406s
  2231   916    3.00000   29  778    5.00000    3.00000  40.0%  25.7  415s
  2234   918    3.00000   30  772    5.00000    3.00000  40.0%  29.8  427s
  2239   918    3.00000   31  766    5.00000    3.00000  40.0%  31.2  434s
  2244   918    3.00000   32  757    5.00000    3.00000  40.0%  33.2  443s
  2250   918    3.00000   33  746    5.00000    3.00000  40.0%  34.7  449s
  2256   918    3.00000   34  725    5.00000    3.00000  40.0%  36.9  460s
  2260   920    3.00000   35  719    5.00000    3.00000  40.0%  38.7  465s
  2267   919    3.00000   36  714    5.00000    3.00000  40.0%  40.7  471s
  2275   918    3.00000   37  704    5.00000    3.00000  40.0%  43.0  479s
  2284   917    3.00000   38  703    5.00000    3.00000  40.0%  45.8  489s
  2290   917    3.00000   39  689    5.00000    3.00000  40.0%  47.3  495s
  2300   915    3.00000   40  688    5.00000    3.00000  40.0%  49.8  502s
  2310   915    3.51895   40  908    5.00000    3.00000  40.0%  51.9  507s
  2321   911    3.00000   41  638    5.00000    3.00000  40.0%  52.2  514s
  2331   910    3.00000   42  634    5.00000    3.00000  40.0%  53.9  520s
  2345   907    3.00000   43  653    5.00000    3.00000  40.0%  56.4  528s
  2361   903    3.00000   44  645    5.00000    3.00000  40.0%  58.7  534s
  2378   900    3.00000   45  641    5.00000    3.00000  40.0%  60.9  541s
  2393   895    3.00000   46  637    5.00000    3.00000  40.0%  63.4  642s
  2396   898    3.78322   46  846    5.00000    3.00000  40.0%  65.2  652s
  2412   901    3.00000   47  634    5.00000    3.00000  40.0%  65.7  672s
  2420   906    3.00000   48  629    5.00000    3.00000  40.0%  68.2  678s
  2437   918    3.00000   49  614    5.00000    3.00000  40.0%  70.4  705s
  2449   923    3.00000   50  613    5.00000    3.00000  40.0%  72.2  716s
  2472   936    3.00000   52  558    5.00000    3.00000  40.0%  75.8  723s
  2501   938    3.50498   53  847    5.00000    3.00000  40.0%  78.9  734s
  2530   943    3.00000   55  481    5.00000    3.00000  40.0%  80.8  750s
  2540   950    3.53509   55  831    5.00000    3.00000  40.0%  83.2  761s
  2558   961    3.00000   57  551    5.00000    3.00000  40.0%  85.9  771s
  2577   975    3.00000   59  579    5.00000    3.00000  40.0%  89.3  781s
  2618   998    3.00000   61  516    5.00000    3.00000  40.0%  92.1  792s
  2652  1006    3.00000   63  465    5.00000    3.00000  40.0%  95.2  802s
  2673  1020    3.00000   65  460    5.00000    3.00000  40.0%  98.8  814s
  2718  1042    3.00000   68  464    5.00000    3.00000  40.0%   102  841s
  2728  1046    3.00000   69  450    5.00000    3.00000  40.0%   103  854s
  2753  1059    3.00000   72  457    5.00000    3.00000  40.0%   107  864s
  2804  1086    3.62834   74  727    5.00000    3.00000  40.0%   111  877s
  2828  1091    3.00000   77  434    5.00000    3.00000  40.0%   112  898s
  2835  1095    3.67246   77  697    5.00000    3.00000  40.0%   114  910s
  2857  1090    3.00000   80  414    5.00000    3.00000  40.0%   117  923s
  2903  1080    3.00000   83  490    5.00000    3.00000  40.0%   120  936s
  2981  1059    3.00000   87  498    5.00000    3.00000  40.0%   122  950s
  2999  1065    3.98119   90  539    5.00000    3.01084  39.8%   124  963s
  3040  1081    3.06881  101  316    5.00000    3.06881  38.6%   127  989s
  3070  1102    3.84308  101  516    5.00000    3.06881  38.6%   127 1027s
  3072  1093    3.08245  102  288    5.00000    3.08245  38.4%   127 1047s
  3133  1112    3.17925  119  434    5.00000    3.17925  36.4%   128 1061s
  3209  1106    3.47189  152  190    5.00000    3.47189  30.6%   129 1078s
  3302  1091    3.52591   34  902    5.00000    3.51221  29.8%   128 1095s
  3356  1118    3.61029   51  805    5.00000    3.51221  29.8%   129 1111s
  3411  1129    3.75890   75  599    5.00000    3.52084  29.6%   130 1130s
  3478  1159    3.58285   45  786    5.00000    3.52084  29.6%   132 1148s
  3527  1164    3.70557   66  703    5.00000    3.52590  29.5%   134 1167s
  3596  1197     cutoff   55         5.00000    3.52863  29.4%   136 1260s
  3601  1198    3.56537   33  894    5.00000    3.52863  29.4%   137 1281s
  3662  1228    3.64599   54  752    5.00000    3.52863  29.4%   138 1301s
  3723  1255    3.92378   92  549    5.00000    3.53255  29.3%   141 1323s
  3807  1293    3.71015   79  665    5.00000    3.53411  29.3%   142 1348s
  3855  1306    3.57196   34  782    5.00000    3.53676  29.3%   144 1373s
  3893  1308    3.69822   56  739    5.00000    3.53745  29.3%   148 1397s
  3959  1332     cutoff   38         5.00000    3.54122  29.2%   150 1421s
  4071  1331     cutoff  101         5.00000    3.54192  29.2%   151 1451s
  4110  1318    3.58602   42  807    5.00000    3.54277  29.1%   152 1478s
  4171  1315    3.72166   64  698    5.00000    3.54344  29.1%   154 1515s
  4237  1307    3.57243   47  806    5.00000    3.54344  29.1%   155 1543s
  4312  1294    3.71512   72  702    5.00000    3.54344  29.1%   157 1573s
  4381  1299    3.58326   61  776    5.00000    3.54572  29.1%   160 1605s
  4489  1347    3.57284   45  792    5.00000    3.55245  29.0%   162 1637s
  4583  1358    3.80270   81  638    5.00000    3.55784  28.8%   165 1670s
  4680  1344     cutoff   52         5.00000    3.56680  28.7%   167 1695s
  4722  1288     cutoff   46         5.00000    3.58034  28.4%   170 1715s
  4764  1254    3.59736   64  782    5.00000    3.58985  28.2%   172 1766s
  4786  1226    3.60801   65  759    5.00000    3.59003  28.2%   174 1851s
  4808  1208    3.61044   66  765    5.00000    3.59083  28.2%   174 1892s
  4920  1212    3.67803   72  702    5.00000    3.60007  28.0%   177 1932s
  5054  1239    3.96377   99  483    5.00000    3.60761  27.8%   178 1962s
  5180  1267     cutoff   58         5.00000    3.61640  27.7%   178 1984s
  5254  1251     cutoff   68         5.00000    3.62558  27.5%   179 2014s
  5362  1282     cutoff   70         5.00000    3.63229  27.4%   178 2073s
  5386  1239    3.64748   72  700    5.00000    3.63331  27.3%   179 2098s
  5462  1222     cutoff   72         5.00000    3.64543  27.1%   179 2119s
  5537  1202     cutoff   65         5.00000    3.65427  26.9%   178 2126s
  5579  1160     cutoff   60         5.00000    3.66232  26.8%   178 2134s
  5621  1118     cutoff   83         5.00000    3.67117  26.6%   177 2152s
  5737  1096     cutoff   69         5.00000    3.67857  26.4%   176 2170s
  5830  1090     cutoff   74         5.00000    3.68668  26.3%   176 2176s
  5914  1006     cutoff   79         5.00000    3.70548  25.9%   175 2184s
  5956   964     cutoff   76         5.00000    3.71389  25.7%   174 2189s
  5998   922     cutoff   75         5.00000    3.72310  25.5%   173 2209s
  6109   902     cutoff   88         5.00000    3.73214  25.4%   172 2213s
  6151   864     cutoff   77         5.00000    3.74060  25.2%   171 2253s
  6191   833     cutoff   69         5.00000    3.74962  25.0%   171 2295s
  6294   837     cutoff   30         5.00000    3.75547  24.9%   171 2321s
  6391   856     cutoff   93         5.00000    3.76990  24.6%   171 2366s
  6482   856    3.87767   58  730    5.00000    3.77217  24.6%   172 2415s
  6660   853     cutoff   35         5.00000    3.79125  24.2%   172 2426s
  6715   816     cutoff   82         5.00000    3.79899  24.0%   171 2446s
  6783   795     cutoff  100         5.00000    3.80704  23.9%   173 2450s
  6825   753     cutoff   83         5.00000    3.81498  23.7%   172 2466s
  6925   739     cutoff   98         5.00000    3.82099  23.6%   171 2475s
  6977   700     cutoff   91         5.00000    3.82870  23.4%   171 2522s
  7042   674     cutoff   76         5.00000    3.83461  23.3%   170 2530s
  7095   632     cutoff   84         5.00000    3.84289  23.1%   169 2543s
  7176   606     cutoff   79         5.00000    3.85047  23.0%   168 2549s
  7218   564     cutoff   97         5.00000    3.85749  22.9%   168 2557s
  7274   532     cutoff  104         5.00000    3.86901  22.6%   167 2561s
  7367   448     cutoff  110         5.00000    3.88514  22.3%   166 2571s
  7481   376     cutoff   91         5.00000    3.90225  22.0%   164 2580s
  7589   301     cutoff   93         5.00000    3.91965  21.6%   163 2585s
  7717   175     cutoff   78         5.00000    3.94324  21.1%   161 2595s
  7865    52     cutoff  124         5.00000    3.97468  20.5%   158 2602s

Cutting planes:
  Gomory: 2
  MIR: 2
  Flow cover: 1
  Zero half: 116

Explored 7966 nodes (1248872 simplex iterations) in 2604.39 seconds
Thread count was 4 (of 4 available processors)

Solution count 4: 5 6 8 252 

Optimal solution found (tolerance 1.00e-04)
Best objective 5.000000000000e+00, best bound 5.000000000000e+00, gap 0.0000%
Warning: Q constraint 0 doesn't have a name
