
Gurobi 8.1.1 (win64) logging started 11/27/19 22:00:34

Changed value of parameter LogFile to logs/drand/qp/drand-10-075-1.log
   Prev: gurobi.log  Default: 
Changed value of parameter LogToConsole to 0
   Prev: 1  Min: 0  Max: 1  Default: 1
Changed value of parameter TimeLimit to 3600.0
   Prev: 1e+100  Min: 0.0  Max: 1e+100  Default: 1e+100
Optimize a model with 1 rows, 345 columns and 1 nonzeros
Model has 10 quadratic constraints
Variable types: 0 continuous, 345 integer (345 binary)
Coefficient statistics:
  Matrix range     [1e+00, 1e+00]
  QMatrix range    [1e+00, 1e+00]
  Objective range  [1e+00, 1e+00]
  Bounds range     [1e+00, 1e+00]
  RHS range        [1e+00, 1e+00]
  QRHS range       [1e+00, 1e+00]
Found heuristic solution: objective 345.0000000
Presolve removed 1 rows and 1 columns
Presolve time: 0.01s
Presolved: 0 rows, 344 columns, 0 nonzeros
Variable types: 0 continuous, 344 integer (344 binary)

Root relaxation: objective 1.000000e+00, 0 iterations, 0.00 seconds

    Nodes    |    Current Node    |     Objective Bounds      |     Work
 Expl Unexpl |  Obj  Depth IntInf | Incumbent    BestBd   Gap | It/Node Time

     0     0    2.00000    0    2  345.00000    2.00000  99.4%     -    0s
H    0     0                      13.0000000    2.00000  84.6%     -    0s
     0     0    2.00000    0    2   13.00000    2.00000  84.6%     -    0s
H    0     0                      12.0000000    2.00000  83.3%     -    0s
     0     2    2.00000    0    2   12.00000    2.00000  83.3%     -    0s
H   29    13                      11.0000000    2.00000  81.8%   1.4    0s
H  116    48                      10.0000000    2.00000  80.0%   1.7    0s
H  600   444                       9.0000000    2.00000  77.8%   1.3    4s
   619   459    5.00000  189    2    9.00000    2.00000  77.8%   1.3   11s
   621   460    3.00000  177 3162    9.00000    2.25751  74.9%   1.3   21s
   623   463    5.00000  188    2    9.00000    2.25751  74.9%  30.4   25s
   626   465    3.00000   93 2235    9.00000    2.51474  72.1%  30.2   33s
   627   466    4.00000  203 1964    9.00000    2.58453  71.3%  30.2   35s
   632   469    5.00000   23 1965    9.00000    2.62746  70.8%  30.0   40s
   635   471    5.00000   19 2333    9.00000    2.64725  70.6%  29.8   45s
   639   474    5.00000  187 2353    9.00000    2.65122  70.5%  29.6   52s
   641   475    5.00000   92 2309    9.00000    2.65258  70.5%  29.5   55s
   644   477    3.00000  182 2208    9.00000    2.65394  70.5%  29.4   60s
   647   479    5.00000   20 2294    9.00000    2.65533  70.5%  29.3   66s
H  648   455                       8.0000000    2.65588  66.8%  29.2   70s
   651   457    3.00000  173 2342    8.00000    2.65637  66.8%  29.1   75s
   653   458    3.00000  152 2390    8.00000    2.65679  66.8%  29.0   80s
   657   461    5.00000  209 2202    8.00000    2.65751  66.8%  28.8   89s
   658   461    5.50000  205 2494    8.00000    2.65753  66.8%  28.8   90s
   662   464    3.00000   98 2430    8.00000    2.65810  66.8%  28.6   95s
   665   466    3.00000  164 2215    8.00000    2.65860  66.8%  28.5  100s
   668   468    3.00000   61 2228    8.00000    2.65886  66.8%  28.3  105s
   671   470    3.00000  145 2390    8.00000    2.65925  66.8%  28.2  110s
   673   471    5.00000  106 2539    8.00000    2.65949  66.8%  28.1  116s
   675   473    3.00000  157 2543    8.00000    2.65975  66.8%  28.1  124s
   676   473    6.00000  210 2567    8.00000    2.65978  66.8%  28.0  125s
   679   475    5.00000  114 2414    8.00000    2.66020  66.7%  27.9  131s
   682   477    5.00000  103 2580    8.00000    2.66036  66.7%  27.8  135s
   688   482    3.00000  164 3188    8.00000    2.66051  66.7%   251  142s
   689   483    5.00000   65 2189    8.00000    2.66051  66.7%   251  146s
   691   484    5.00000   57 2132    8.00000    2.66051  66.7%   250  153s
   692   485    3.00000  140 2075    8.00000    2.66051  66.7%   250  156s
   693   486    5.00000  144 2240    8.00000    2.66051  66.7%   249  163s
   694   486    5.00000   64 2522    8.00000    2.66051  66.7%   249  166s
   695   487    3.00000  112 2564    8.00000    2.66073  66.7%   248  171s
   697   488    4.00000    3 2327    8.00000    2.66098  66.7%   248  176s
   699   490    3.00000  192 2596    8.00000    2.66122  66.7%   247  181s
   701   491    5.00000  192 2291    8.00000    2.66149  66.7%   246  187s
   703   492    3.00000   20 2636    8.00000    2.66179  66.7%   246  193s
   705   494    3.00000   33 2672    8.00000    2.66202  66.7%   245  200s
   707   495    3.00000  120 2585    8.00000    2.66229  66.7%   244  206s
   709   496    5.00000  102 2663    8.00000    2.66259  66.7%   244  215s
   711   498    6.50000  213 2644    8.00000    2.66278  66.7%   243  220s
   713   499    5.00000  190 2289    8.00000    2.66299  66.7%   242  225s
   715   500    3.00000   87 2585    8.00000    2.66316  66.7%   242  230s
   720   505    3.00000   97 3184    8.00000    2.66316  66.7%   376  235s
   722   507    5.00000  105 2172    8.00000    2.66316  66.7%   375  242s
   723   507    5.00000  188 2166    8.00000    2.66316  66.7%   374  246s
   725   509    3.00000  174 2626    8.00000    2.66316  66.7%   373  255s
   727   510    4.00000  203 2574    8.00000    2.66328  66.7%   372  269s
   728   511    3.00000   12 2695    8.00000    2.66333  66.7%   372  272s
   729   511    5.00000   69 2383    8.00000    2.66364  66.7%   371  276s
   731   513    5.00000   69 2613    8.00000    2.66394  66.7%   370  282s
   733   514    3.00000  195 2360    8.00000    2.66423  66.7%   369  288s
   734   515    5.00000  198 2587    8.00000    2.66428  66.7%   369  290s
   736   516    5.00000   29 2699    8.00000    2.66461  66.7%   368  296s
   737   517    3.00000  170 2733    8.00000    2.66492  66.7%   367  300s
   739   518    5.00000  187 2436    8.00000    2.66527  66.7%   366  305s
   741   519    5.00000   92 2701    8.00000    2.66553  66.7%   365  314s
   742   520    5.50000  205 2747    8.00000    2.66555  66.7%   365  316s
   743   521    5.00000  145 2414    8.00000    2.66572  66.7%   364  320s
   748   525    5.00000   49 3190    8.00000    2.66572  66.7%   482  326s
   749   526    5.00000   51 2265    8.00000    2.66572  66.7%   482  330s
   751   527    3.00000  173 2238    8.00000    2.66572  66.7%   481  337s
   752   528    3.00000  145 2071    8.00000    2.66572  66.7%   480  341s
   753   529    3.00000  152 2620    8.00000    2.66572  66.7%   479  348s
   754   529    3.00000  148 2600    8.00000    2.66572  66.7%   479  351s
   755   530    5.00000  200 2560    8.00000    2.66607  66.7%   478  360s
   757   531    5.00000  209 2709    8.00000    2.66667  66.7%   477  366s
   759   533    3.00000   57 2487    8.00000    2.66733  66.7%   475  373s
   760   533    3.00000   41 2730    8.00000    2.66739  66.7%   475  375s
   762   535    3.00000   98 2726    8.00000    2.66792  66.7%   474  381s
   763   535    3.00000  122 2678    8.00000    2.66830  66.6%   473  385s
   765   537    3.00000  164 2663    8.00000    2.66870  66.6%   472  392s
   767   538    5.00000  105 2591    8.00000    2.66909  66.6%   471  401s
   769   539    5.00000  127 2662    8.00000    2.66968  66.6%   469  408s
   770   540    4.00000    5 2667    8.00000    2.66969  66.6%   469  410s
   772   541    5.00000  156 2494    8.00000    2.67009  66.6%   467  416s
   773   542    5.00000  106 2602    8.00000    2.67047  66.6%   467  420s
   775   543    3.00000  157 2765    8.00000    2.67098  66.6%   466  428s
   776   544    6.00000  210 2764    8.00000    2.67102  66.6%   465  430s
   778   545    5.00000   39 2703    8.00000    2.67139  66.6%   464  435s
   781   547    6.50000  213 2701    8.00000    2.67222  66.6%   462  449s
   782   548    5.00000  103 2718    8.00000    2.67228  66.6%   462  450s
   784   549    3.00000   77 2709    8.00000    2.67274  66.6%   460  456s
   786   551    3.00000   83 2676    8.00000    2.67317  66.6%   459  461s
   788   552    3.00000  164 2669    8.00000    2.67357  66.6%   458  466s
   789   553    5.00000   65 2707    8.00000    2.67390  66.6%   457  473s
   791   554    5.00000   57 2493    8.00000    2.67429  66.6%   456  478s
   792   555    3.00000  140 2464    8.00000    2.67438  66.6%   456  480s
   794   556    5.00000   64 2770    8.00000    2.67485  66.6%   455  485s
   796   557    3.00000   25 2652    8.00000    2.67533  66.6%   453  491s
   797   558    4.00000    3 2617    8.00000    2.67564  66.6%   453  495s
   799   559    3.00000  192 2585    8.00000    2.67605  66.5%   452  500s
   801   561    5.00000  192 2632    8.00000    2.67634  66.5%   451  505s
   803   562    3.00000   20 2553    8.00000    2.67674  66.5%   449  511s
   805   563    3.00000   33 2742    8.00000    2.67704  66.5%   448  517s
   807   565    3.00000  120 2815    8.00000    2.67736  66.5%   447  523s
   810   568    3.00000  174    2    8.00000    2.67736  66.5%   684  525s
   813   570    5.00000  190 2755    8.00000    2.67736  66.5%   681  537s
   814   571    3.00000  116 2220    8.00000    2.67736  66.5%   681  540s
   816   572    3.00000   63 2257    8.00000    2.67736  66.5%   679  548s
   817   573    5.00000  111 2530    8.00000    2.67736  66.5%   678  556s
   818   573    3.00000  144 2799    8.00000    2.67736  66.5%   677  560s
   819   574    5.00000  189 2666    8.00000    2.67736  66.5%   676  566s
   820   575    3.00000   97 2822    8.00000    2.67736  66.5%   676  571s
   821   575    3.00000  177 2793    8.00000    2.67800  66.5%   675  577s
   822   576    5.00000  105 2776    8.00000    2.67806  66.5%   674  580s
   823   577    5.00000  188 2732    8.00000    2.67872  66.5%   673  588s
   824   577    5.00000  177 2709    8.00000    2.67882  66.5%   672  591s
   825   578    3.00000  174 2800    8.00000    2.67927  66.5%   671  596s
   826   579    3.00000   93 2768    8.00000    2.67941  66.5%   671  600s
   827   579    4.00000  203 2794    8.00000    2.67981  66.5%   670  605s
   829   581    5.00000   69 2647    8.00000    2.68023  66.5%   668  614s
   830   581    4.50000  204 2644    8.00000    2.68032  66.5%   667  617s
   831   582    5.00000   69 2872    8.00000    2.68069  66.5%   667  622s
   832   583    5.00000   23 2868    8.00000    2.68075  66.5%   666  626s
   833   583    3.00000  195 2816    8.00000    2.68100  66.5%   665  641s
   835   585    5.00000   19 2569    8.00000    2.68137  66.5%   663  650s
   837   586    3.00000  170 2731    8.00000    2.68164  66.5%   662  658s
   838   587    5.00000   85 2730    8.00000    2.68164  66.5%   661  660s
   843   591    5.00000  145 2860    8.00000    2.68164  66.5%   793  668s
   844   592    3.00000  182 2081    8.00000    2.68164  66.5%   792  671s
   845   592    5.00000  155 2455    8.00000    2.68164  66.5%   791  677s
   846   593    3.00000   95 2253    8.00000    2.68164  66.5%   790  680s
   847   594    5.00000   20 2430    8.00000    2.68164  66.5%   789  685s
   849   595    5.00000   51 2548    8.00000    2.68164  66.5%   787  703s
   850   596    3.00000  153 2859    8.00000    2.68164  66.5%   786  707s
   851   596    3.00000  173 2864    8.00000    2.68329  66.5%   785  713s
   852   597    3.00000  145 2872    8.00000    2.68354  66.5%   784  716s
   853   598    3.00000  152 2690    8.00000    2.68428  66.4%   784  722s
   854   598    3.00000  148 2639    8.00000    2.68458  66.4%   783  726s
   855   599    5.00000  200 2869    8.00000    2.68522  66.4%   782  731s
   856   600    3.00000   25 2876    8.00000    2.68537  66.4%   781  735s
   857   600    5.00000  209 2695    8.00000    2.68592  66.4%   780  740s
   859   602    3.00000   57 2643    8.00000    2.68669  66.4%   778  749s
   860   602    3.00000   41 2644    8.00000    2.68680  66.4%   777  752s
   861   603    5.00000   21 2634    8.00000    2.68721  66.4%   776  758s
   862   604    3.00000   98 2632    8.00000    2.68731  66.4%   775  761s
   863   604    3.00000  122 2687    8.00000    2.68778  66.4%   774  767s
   865   606    3.00000  164 2799    8.00000    2.68834  66.4%   773  780s
H  866   575                       7.0000000    2.68879  61.6%   772  794s
   868   577    3.00000   61 2857    7.00000    2.68890  61.6%   770  797s
   869   577    5.00000  127 2541    7.00000    2.68929  61.6%   769  803s
   870   578    4.00000    5 2687    7.00000    2.68936  61.6%   768  806s
   871   579    3.00000  145 2815    7.00000    2.68990  61.6%   767  812s
   873   580    5.00000  106 2664    7.00000    2.69027  61.6%   766  818s
   874   581    3.00000   58 2643    7.00000    2.69033  61.6%   765  820s
   875   581    3.00000  157 2623    7.00000    2.69074  61.6%   764  826s
   877   583    5.00000  107 2785    7.00000    2.69111  61.6%   762  833s
   878   583    5.00000   39 2804    7.00000    2.69120  61.6%   761  835s
   880   585    5.00000  103 2532    7.00000    2.69146  61.6%   760  841s
   884   588    3.00000   77 3183    7.00000    2.69146  61.6%   918  845s
   886   590    3.00000   83 2440    7.00000    2.69146  61.6%   916  852s
   887   590    3.00000   66 2358    7.00000    2.69146  61.6%   915  857s
   888   591    3.00000  164 2351    7.00000    2.69146  61.6%   914  860s
   889   592    5.00000   65 2698    7.00000    2.69146  61.6%   913  871s
   890   592    3.00000   42 2569    7.00000    2.69146  61.6%   912  876s
   891   593    5.00000   57 2502    7.00000    2.69146  61.6%   911  882s
   892   594    3.00000  140 2637    7.00000    2.69146  61.6%   910  886s
   893   594    5.00000  144 2807    7.00000    2.69146  61.6%   909  892s
   894   595    5.00000   64 2746    7.00000    2.69146  61.6%   908  897s
   895   596    3.00000  112 2742    7.00000    2.69201  61.5%   907  902s
   896   596    3.00000   25 2809    7.00000    2.69206  61.5%   906  905s
   897   597    4.00000    3 2634    7.00000    2.69265  61.5%   905  917s
   898   598    5.00000   45 2858    7.00000    2.69271  61.5%   904  920s
   899   598    3.00000  192 2625    7.00000    2.69318  61.5%   903  926s
   901   600    5.00000  192 2834    7.00000    2.69364  61.5%   901  936s
   903   601    3.00000   20 2675    7.00000    2.69398  61.5%   899  947s
   904   602    3.00000   77 2660    7.00000    2.69402  61.5%   898  950s
   905   602    3.00000   33 2631    7.00000    2.69423  61.5%   897  956s
   910   607    3.00000  174 3183    7.00000    2.69423  61.5%  1003  962s
   911   608    6.50000  213 2919    7.00000    2.69423  61.5%  1002  967s
   912   609    3.00000   41 2223    7.00000    2.69423  61.5%  1001  970s
   913   609    5.00000  190 2708    7.00000    2.69423  61.5%  1000  975s
   915   611    3.00000   87 2748    7.00000    2.69423  61.5%   998  986s
   916   611    3.00000   63 2619    7.00000    2.69423  61.5%   997  990s
   917   612    5.00000  111 2698    7.00000    2.69423  61.5%   996 1000s
   919   613    5.00000  189 2728    7.00000    2.69423  61.5%   993 1010s
   921   615    3.00000  177 2579    7.00000    2.69468  61.5%   991 1025s
   923   616    5.00000  188 2711    7.00000    2.69521  61.5%   989 1034s
   924   617    5.00000  177 2714    7.00000    2.69523  61.5%   988 1037s
   925   617    3.00000  174 2720    7.00000    2.69544  61.5%   987 1042s
   926   618    3.00000   93 2733    7.00000    2.69551  61.5%   986 1045s
   927   619    4.00000  203 2769    7.00000    2.69577  61.5%   985 1050s
   932   623    5.00000   23 3183    7.00000    2.69577  61.5%  1080 1057s
   933   624    3.00000  195 2909    7.00000    2.69577  61.5%  1079 1061s
   935   625    5.00000   19 2583    7.00000    2.69577  61.5%  1076 1070s
   937   627    3.00000  170 2812    7.00000    2.69577  61.5%  1074 1082s
   938   627    5.00000   85 2736    7.00000    2.69577  61.5%  1073 1086s
   939   628    5.00000  187 2812    7.00000    2.69577  61.5%  1072 1092s
   940   629    3.00000   22 2728    7.00000    2.69577  61.5%  1071 1096s
   941   629    5.00000   92 2763    7.00000    2.69577  61.5%  1069 1102s
   942   630    5.50000  205 2787    7.00000    2.69577  61.5%  1068 1107s
   943   631    5.00000  145 2612    7.00000    2.69614  61.5%  1067 1116s
   945   632    5.00000  155 2778    7.00000    2.69657  61.5%  1065 1128s
   946   633    3.00000   95 2815    7.00000    2.69664  61.5%  1064 1132s
   947   633    5.00000   20 2794    7.00000    2.69687  61.5%  1063 1137s
   949   635    5.00000   51 2871    7.00000    2.69707  61.5%  1060 1145s
   951   636    3.00000  173 2871    7.00000    2.69707  61.5%  1058 1185s
   952   640    2.69737  102 2250    7.00000    2.69707  61.5%  1168 1202s
   954   641    2.69742  103 2220    7.00000    2.69742  61.5%  1184 1207s
   956   642    3.50235  103 2881    7.00000    2.69742  61.5%  1208 1222s
   958   644    2.69776  104 2386    7.00000    2.69742  61.5%  1221 1232s
   960   645    3.46942  104 2808    7.00000    2.69776  61.5%  1251 1247s
   962   647    2.69817  105 2665    7.00000    2.69776  61.5%  1267 1254s
   965   647    3.47409  105 2792    7.00000    2.69817  61.5%  1298 1275s
   968   648    2.69822  106 2558    7.00000    2.69822  61.5%  1334 1289s
   972   651    2.69827  107 2566    7.00000    2.69827  61.5%  1372 1307s
   976   654    2.69839  108 2551    7.00000    2.69839  61.5%  1409 1320s
   980   655    2.69881  109 2446    7.00000    2.69849  61.5%  1446 1328s
   983   659    3.48531  109 2895    7.00000    2.69881  61.4%  1472 1345s
   986   660    2.69887  110 2385    7.00000    2.69887  61.4%  1485 1360s
   990   663    2.69924  111 2334    7.00000    2.69924  61.4%  1525 1377s
   994   664    2.69933  112 2313    7.00000    2.69925  61.4%  1551 1431s
   996   668    3.50131  112 2696    7.00000    2.69933  61.4%  1575 1444s
   999   670    2.69939  113 2254    7.00000    2.69939  61.4%  1586 1464s
  1002   671    2.69952  114 2252    7.00000    2.69952  61.4%  1618 1477s
  1006   674    2.70022  115 2245    7.00000    2.70022  61.4%  1660 1509s
  1010   676    2.70031  116 2332    7.00000    2.70031  61.4%  1699 1528s
  1014   679    2.70096  117 2192    7.00000    2.70096  61.4%  1735 1544s
  1020   683    2.70123  118 2175    7.00000    2.70123  61.4%  1775 1557s
  1026   687    2.70143  119 2118    7.00000    2.70143  61.4%  1796 1575s
  1032   691    2.70195  120 2255    7.00000    2.70195  61.4%  1826 1589s
  1038   695    2.70203  121 2135    7.00000    2.70203  61.4%  1864 1606s
  1042   698    2.70257  122 2085    7.00000    2.70257  61.4%  1887 1620s
  1048   702    2.70310  123 2058    7.00000    2.70310  61.4%  1927 1642s
  1054   706    2.70342  124 2096    7.00000    2.70342  61.4%  1963 1657s
  1060   708    2.70356  125 2108    7.00000    2.70356  61.4%  2002 1673s
  1068   717    3.51719  126 2570    7.00000    2.70442  61.4%  2035 1700s
  1074   719    2.70506  128 2189    7.00000    2.70506  61.4%  2060 1718s
  1082   724    2.70525  129 2147    7.00000    2.70525  61.4%  2085 1743s
  1092   731    2.70590  131 2141    7.00000    2.70590  61.3%  2125 1768s
  1100   735    2.70620  132 2030    7.00000    2.70601  61.3%  2167 1792s
  1105   741    3.58510  132 1703    7.00000    2.70638  61.3%  2193 1812s
  1116   747    2.70683  134 2305    7.00000    2.70683  61.3%  2229 1833s
  1128   755    2.70778  136 2270    7.00000    2.70778  61.3%  2279 1858s
  1136   759    2.70787  137 2339    7.00000    2.70787  61.3%  2295 1884s
  1147   769    2.70789  138 2238    7.00000    2.70789  61.3%  2328 1912s
  1162   778    2.70800  140 2143    7.00000    2.70800  61.3%  2374 1936s
  1180   792    2.70880  143 1888    7.00000    2.70880  61.3%  2421 1966s
  1196   800    2.71095  146 2221    7.00000    2.71095  61.3%  2470 1996s
  1218   815    2.71196  149 2160    7.00000    2.71196  61.3%  2512 2028s
  1244   832    2.71323  152 2151    7.00000    2.71323  61.2%  2544 2054s
  1278   854    2.71451  155 2070    7.00000    2.71451  61.2%  2553 2078s
  1317   882    2.71820  158 2039    7.00000    2.71820  61.2%  2550 2105s
  1344   900    2.72027  160 2005    7.00000    2.72027  61.1%  2543 2129s
  1387   926    3.58590  163 1987    7.00000    2.72521  61.1%  2533 2156s
  1426   939    2.72613  166 1902    7.00000    2.72613  61.1%  2507 2181s
  1480   958    2.72776  169 1833    7.00000    2.72776  61.0%  2474 2206s
  1541   965    2.73355  173 1629    7.00000    2.73355  60.9%  2427 2229s
  1610   959    2.74547  178 1534    7.00000    2.74547  60.8%  2363 2258s
  1665   957    3.00000  184 1325    7.00000    3.00000  57.1%  2364 2285s
  1687   968    3.00000  189 1104    7.00000    3.00000  57.1%  2412 2314s
  1709   984    3.00000  195 1035    7.00000    3.00000  57.1%  2461 2343s
  1733   997    3.00000  202 1067    7.00000    3.00000  57.1%  2515 2371s
  1760  1016    3.00000  210 1031    7.00000    3.00000  57.1%  2563 2398s
  1790  1037    3.00276  220 1123    7.00000    3.00276  57.1%  2608 2427s
  1835  1064    3.50000  237 1035    7.00000    3.45648  50.6%  2645 2460s
  1887  1096    3.50000  255  837    7.00000    3.45648  50.6%  2675 2490s
  2002  1159    4.50000  301  473    7.00000    3.45648  50.6%  2627 2519s
  2125  1207    5.50000  354  284    7.00000    3.45773  50.6%  2547 2555s
  2193  1203    4.27974  115 2634    7.00000    3.46732  50.5%  2550 2588s
  2226  1224    3.50000  118 2191    7.00000    3.46732  50.5%  2583 2626s
  2272  1238    3.50000  121 2069    7.00000    3.46732  50.5%  2612 2664s
  2343  1258    4.42830  124 2263    7.00000    3.46732  50.5%  2622 2704s
  2447  1236    4.46123  127 2407    7.00000    3.46732  50.5%  2576 2744s
  2491  1258    3.50526  131 2572    7.00000    3.46732  50.5%  2582 2789s
  2544  1288    3.52677  138 2423    7.00000    3.46732  50.5%  2590 2835s
  2598  1318    4.00000  143 1745    7.00000    3.46732  50.5%  2600 2880s
  2749  1387    4.00000  149 1136    7.00000    3.46732  50.5%  2527 2927s
  2800  1417    4.00000  156  907    7.00000    3.46732  50.5%  2543 2978s
  2902  1485    4.00000  164 1300    7.00000    3.46732  50.5%  2521 3031s
  2950  1531    4.00000  172 1119    7.00000    3.46732  50.5%  2542 3084s
  2990  1551    4.00000  182 1240    7.00000    3.46732  50.5%  2577 3134s
  3019  1567    4.00000  190 1185    7.00000    3.46732  50.5%  2611 3219s
  3054  1589    4.00000  199 1069    7.00000    3.46732  50.5%  2638 3274s
  3176  1702    4.00277  218 1155    7.00000    3.46732  50.5%  2616 3327s
  3457  1949    4.50011  255  810    7.00000    3.47429  50.4%  2494 3387s
  3723  2127    3.50000  141 2082    7.00000    3.47947  50.3%  2385 3450s
  3812  2203    4.51420  155 2032    7.00000    3.48972  50.1%  2374 3511s
  3988  2346    4.50000  142 1653    7.00000    3.49297  50.1%  2325 3574s
  4188  2529    4.50000  113 2388    7.00000    3.49297  50.1%  2257 3600s

Cutting planes:
  Gomory: 2
  Flow cover: 1
  Zero half: 41
  Mod-K: 257

Explored 4339 nodes (9539061 simplex iterations) in 3600.01 seconds
Thread count was 4 (of 4 available processors)

Solution count 8: 7 8 9 ... 345

Time limit reached
Best objective 7.000000000000e+00, best bound 4.000000000000e+00, gap 42.8571%
Warning: Q constraint 0 doesn't have a name
