
Gurobi 8.1.1 (win64) logging started 11/27/19 19:19:08

Changed value of parameter LogFile to logs/drand/qp/drand-07-110-2.log
   Prev: gurobi.log  Default: 
Changed value of parameter LogToConsole to 0
   Prev: 1  Min: 0  Max: 1  Default: 1
Changed value of parameter TimeLimit to 3600.0
   Prev: 1e+100  Min: 0.0  Max: 1e+100  Default: 1e+100
Optimize a model with 1 rows, 473 columns and 1 nonzeros
Model has 7 quadratic constraints
Variable types: 0 continuous, 473 integer (473 binary)
Coefficient statistics:
  Matrix range     [1e+00, 1e+00]
  QMatrix range    [1e+00, 1e+00]
  Objective range  [1e+00, 1e+00]
  Bounds range     [1e+00, 1e+00]
  RHS range        [1e+00, 1e+00]
  QRHS range       [1e+00, 1e+00]
Found heuristic solution: objective 473.0000000
Presolve removed 1 rows and 1 columns
Presolve time: 0.01s
Presolved: 0 rows, 472 columns, 0 nonzeros
Variable types: 0 continuous, 472 integer (472 binary)

Root relaxation: objective 1.000000e+00, 0 iterations, 0.00 seconds

    Nodes    |    Current Node    |     Objective Bounds      |     Work
 Expl Unexpl |  Obj  Depth IntInf | Incumbent    BestBd   Gap | It/Node Time

     0     0    2.00000    0    2  473.00000    2.00000   100%     -    0s
H    0     0                       9.0000000    2.00000  77.8%     -    0s
     0     0    2.00000    0    2    9.00000    2.00000  77.8%     -    0s
     0     2    2.00000    0    2    9.00000    2.00000  77.8%     -    0s
H   32    17                       8.0000000    2.00000  75.0%   1.3    0s
H  285   127                       7.0000000    2.00000  71.4%   1.3    2s
   413   186    2.00000  100    -    7.00000    2.00000  71.4%   1.3    5s
   650   301    2.00000  159    -    7.00000    2.00000  71.4%   1.3   10s
   816   390    2.00000  199    -    7.00000    2.00000  71.4%   1.3   15s
   996   482    2.00000  246    2    7.00000    2.00000  71.4%   1.3   21s
  1127   534    2.00000  277    2    7.00000    2.00000  71.4%   1.3   25s
  1321   554    6.00000  320    -    7.00000    2.00000  71.4%   1.3   30s
  1432   610    6.00000  320    -    7.00000    2.00000  71.4%   1.3   36s
  1514   624    3.00000   79    -    7.00000    2.00000  71.4%   1.3   40s
  1609   612    3.00000  272    2    7.00000    2.00000  71.4%   1.3   45s
  1757   609    6.00000  320    -    7.00000    3.00000  57.1%   1.3   53s
  1865   641    6.00000  320    -    7.00000    3.00000  57.1%   1.3   58s
  1959   702    4.00000  278    2    7.00000    3.00000  57.1%   1.3   63s
  2104   795    4.00000  294    2    7.00000    3.00000  57.1%   1.3   69s
  2186   888    5.00000  294    -    7.00000    3.00000  57.1%   1.3   70s
  2295   843    5.00000  317    -    7.00000    3.00000  57.1%   1.3   80s
  2397   870     cutoff  336         7.00000    3.00000  57.1%   1.3   87s
  2513   897    4.00000  271    2    7.00000    3.00000  57.1%   1.3   93s
  2596   920    3.00000  276    2    7.00000    3.00000  57.1%   1.3  101s
  2693   940    4.00000   57    2    7.00000    3.00000  57.1%   1.3  112s
  2860  1014    3.00000  253    2    7.00000    3.00000  57.1%   1.3  123s
  3082  1128    5.00000  297    -    7.00000    3.00000  57.1%   1.3  134s
  3219  1169    3.00000   59    -    7.00000    3.00000  57.1%   1.3  135s
  3334  1421    6.00000  316    2    7.00000    3.00000  57.1%   1.3  182s
  3336  1422    3.00000  147 3247    7.00000    3.00000  57.1%   1.3  211s
  3338  1425    4.00000  251    2    7.00000    3.00000  57.1%   6.2  292s
  3340  1426    3.00000  157 3299    7.00000    3.00000  57.1%   6.2  299s
H 3340  1354                       6.0000000    3.00000  50.0%   6.2  305s
  3342  1356    4.00000   76 2632    6.00000    3.00000  50.0%   6.2  310s
  3344  1357    3.00000  198 2614    6.00000    3.00000  50.0%   6.2  316s
  3345  1358    3.00000  165 2390    6.00000    3.00000  50.0%   6.2  324s
  3346  1358    4.00000   78 2375    6.00000    3.00000  50.0%   6.2  326s
  3348  1360    4.50000  297 2547    6.00000    3.00000  50.0%   6.1  331s
  3349  1360    3.00000  178 2435    6.00000    3.00000  50.0%   6.1  339s
  3350  1361    3.00000  277 2431    6.00000    3.00000  50.0%   6.1  340s
  3353  1363    4.00000   81 2343    6.00000    3.00000  50.0%   6.1  347s
  3356  1368    3.00000   20 2066    6.00000    3.00000  50.0%  27.8  395s
  3360  1371    3.41534   21 2699    6.00000    3.00000  50.0%  33.9  403s
  3364  1371    3.45947   22 2349    6.00000    3.00000  50.0%  39.6  409s
  3366  1372    3.00000   23 1988    6.00000    3.00000  50.0%  40.3  410s
  3369  1370    3.38495   23 2601    6.00000    3.00000  50.0%  43.7  418s
  3372  1371    3.00000   24 1939    6.00000    3.00000  50.0%  46.8  423s
  3376  1371    3.00000   25 1829    6.00000    3.00000  50.0%  52.8  431s
  3380  1373    3.00000   26 1929    6.00000    3.00000  50.0%  59.8  437s
  3385  1372    3.00000   27 1892    6.00000    3.00000  50.0%  63.6  444s
  3388  1373    3.00000   28 1823    6.00000    3.00000  50.0%  69.8  451s
  3392  1376    3.00000   29 1890    6.00000    3.00000  50.0%  75.7  458s
  3398  1376    3.00000   30 1809    6.00000    3.00000  50.0%  82.5  462s
  3402  1379    3.00000   31 1791    6.00000    3.00000  50.0%  87.2  467s
  3406  1379    3.00000   32 1789    6.00000    3.00000  50.0%  93.7  474s
  3410  1384    3.00000   33 2065    6.00000    3.00000  50.0%   100  481s
  3414  1385    3.00000   34 1928    6.00000    3.00000  50.0%   106  488s
  3418  1386    3.00000   35 2308    6.00000    3.00000  50.0%   113  494s
  3423  1390    3.00000   36 2289    6.00000    3.00000  50.0%   118  501s
  3428  1392    3.00000   37 2298    6.00000    3.00000  50.0%   123  505s
  3432  1396    3.00000   38 2080    6.00000    3.00000  50.0%   128  511s
  3437  1399    3.00000   39 1986    6.00000    3.00000  50.0%   133  517s
  3442  1401    3.00000   40 1931    6.00000    3.00000  50.0%   140  525s
  3448  1405    3.00000   41 1930    6.00000    3.00000  50.0%   147  531s
  3454  1409    3.00000   42 2004    6.00000    3.00000  50.0%   153  537s
  3460  1413    3.00000   43 1844    6.00000    3.00000  50.0%   159  544s
  3466  1417    3.00000   44 1914    6.00000    3.00000  50.0%   165  551s
  3472  1421    3.00000   45 1916    6.00000    3.00000  50.0%   172  559s
  3480  1427    3.00000   46 1921    6.00000    3.00000  50.0%   179  565s
  3484  1429    3.00000   47 1910    6.00000    3.00000  50.0%   185  571s
  3490  1432    3.00000   48 1915    6.00000    3.00000  50.0%   191  578s
  3497  1439    3.41110   49 2389    6.00000    3.00000  50.0%   200  589s
  3504  1442    3.00000   51 1985    6.00000    3.00000  50.0%   207  599s
  3513  1450    3.00000   53 2071    6.00000    3.00000  50.0%   216  610s
  3522  1455    3.00000   55 2055    6.00000    3.00000  50.0%   225  621s
  3532  1461    3.00000   57 1934    6.00000    3.00000  50.0%   235  633s
  3542  1468    3.00000   59 1942    6.00000    3.00000  50.0%   246  644s
  3552  1475    3.00000   61 1919    6.00000    3.00000  50.0%   256  654s
  3562  1481    3.00000   63 1984    6.00000    3.00000  50.0%   264  665s
  3574  1488    3.00000   65 1606    6.00000    3.00000  50.0%   274  676s
  3585  1498    3.00000   67 1542    6.00000    3.00000  50.0%   283  688s
  3598  1507    3.00000   70 1529    6.00000    3.00000  50.0%   294  699s
  3612  1515    3.00000   72 1565    6.00000    3.00000  50.0%   303  715s
  3628  1525    3.00000   76 1588    6.00000    3.00000  50.0%   314  727s
  3646  1537    3.00000   79 1681    6.00000    3.00000  50.0%   325  740s
  3664  1549    3.00000   82 2067    6.00000    3.00000  50.0%   335  754s
  3688  1563    3.00000   86 2017    6.00000    3.00000  50.0%   347  772s
  3722  1576    3.00000   90 1589    6.00000    3.00000  50.0%   357  800s
  3748  1585    3.00000   91 1966    6.00000    3.00000  50.0%   363  832s
  3758  1594    4.48726   93 1917    6.00000    3.00000  50.0%   368  845s
  3806  1612    3.00000   97 1915    6.00000    3.00000  50.0%   374  861s
  3860  1619    3.00000  101 1789    6.00000    3.00000  50.0%   381  875s
  3919  1622    3.00000  105 1660    6.00000    3.00000  50.0%   386  889s
  3984  1614    3.00000  109 1528    6.00000    3.00000  50.0%   389  907s
  4017  1612    3.00000  113 1653    6.00000    3.00000  50.0%   394  919s
  4092  1595    3.00000  117 1458    6.00000    3.00000  50.0%   399  931s
  4176  1578    3.00000  122 1457    6.00000    3.00000  50.0%   403  943s
  4269  1555    3.00000  127 1454    6.00000    3.00000  50.0%   402  960s
  4307  1553    3.00000  132 1546    6.00000    3.00000  50.0%   412  973s
  4328  1555    3.00000  137 1402    6.00000    3.00000  50.0%   422  989s
  4345  1562    3.00000  143 1495    6.00000    3.00000  50.0%   434 1021s
  4362  1566    3.00000  148 1580    6.00000    3.00000  50.0%   441 1037s
  4385  1570    3.00000  154 1451    6.00000    3.00000  50.0%   452 1054s
  4409  1574    3.00000  160 1463    6.00000    3.00000  50.0%   465 1071s
  4433  1578    3.00000  166 1426    6.00000    3.00000  50.0%   477 1089s
  4461  1581    3.00000  171 1407    6.00000    3.00000  50.0%   488 1108s
  4491  1580    3.00000  176 1218    6.00000    3.00000  50.0%   498 1127s
  4522  1580    3.00000  182 1000    6.00000    3.00000  50.0%   510 1160s
  4529  1580    3.72626  182 1586    6.00000    3.00000  50.0%   513 1178s
  4565  1583    3.75607  189 1537    6.00000    3.00000  50.0%   525 1197s
  4634  1572    3.00000  196  844    6.00000    3.00000  50.0%   533 1217s
  4762  1564    3.84650  204 1451    6.00000    3.00000  50.0%   536 1243s
  4852  1622    3.03312  215 1113    6.00000    3.03312  49.4%   539 1263s
  5042  1703    3.11581  235 1093    6.00000    3.11581  48.1%   532 1287s
  5294  1750    3.34375  279  921    6.00000    3.34375  44.3%   523 1311s
  5555  1823    4.46126  376  513    6.00000    3.38555  43.6%   512 1336s
  5710  1871    3.48341   67 2283    6.00000    3.38555  43.6%   507 1363s
  5819  1939    3.67943  113 1836    6.00000    3.38555  43.6%   507 1388s
  6062  2048    4.68236  241  719    6.00000    3.39515  43.4%   497 1414s
  6195  2087    4.33945   53 2271    6.00000    3.39515  43.4%   496 1441s
  6357  2184    4.78565  129 1430    6.00000    3.40050  43.3%   495 1475s
  6439  2234    4.36049   54 2664    6.00000    3.40050  43.3%   497 1505s
  6559  2308    4.75211  123 1674    6.00000    3.40116  43.3%   500 1562s
  6678  2376    4.38663   50 2507    6.00000    3.40231  43.3%   500 1595s
  6777  2435    4.55615   91 2122    6.00000    3.40496  43.3%   504 1628s
  7003  2558     cutoff   67         6.00000    3.40553  43.2%   501 1695s
  7041  2559    4.45332   80 2400    6.00000    3.40553  43.2%   504 1728s
  7182  2582    4.67098  118 1855    6.00000    3.40643  43.2%   508 1763s
  7351  2603    4.39563   53 2492    6.00000    3.40671  43.2%   511 1806s
  7506  2713    4.74639  120 1646    6.00000    3.40772  43.2%   514 1845s
  7701  2894    4.56838  102 2028    6.00000    3.40785  43.2%   515 1883s
  7801  2966    4.30308   47 2410    6.00000    3.40785  43.2%   527 1922s
  7951  3075    4.97537  157 1110    6.00000    3.40855  43.2%   533 1984s
  8097  3149    3.66406  105 1886    6.00000    3.40880  43.2%   539 2029s
  8466  3369    3.52857   80 2097    6.00000    3.40927  43.2%   530 2074s
  8723  3543    4.75376  234  740    6.00000    3.40949  43.2%   530 2131s
  8815  3595    4.42546   64 2471    6.00000    3.40952  43.2%   531 2176s
  8988  3761    4.93836  140 1327    6.00000    3.41026  43.2%   535 2221s
  9153  3870     cutoff   65         6.00000    3.41112  43.1%   543 2272s
  9253  3941    4.45946   79 2213    6.00000    3.41112  43.1%   550 2317s
  9399  4024     cutoff  107         6.00000    3.41135  43.1%   559 2364s
  9732  4235    3.56569   96 2091    6.00000    3.41325  43.1%   553 2413s
  9983  4476    4.33115   44 2789    6.00000    3.41325  43.1%   552 2460s
 10140  4623    4.67621  111 1755    6.00000    3.41378  43.1%   555 2508s
 10352  4813    4.55911   96 1875    6.00000    3.41410  43.1%   555 2554s
 10563  4999    4.55444   96 2149    6.00000    3.41498  43.1%   556 2596s
 10718  5123    4.39339   59 2452    6.00000    3.41508  43.1%   562 2636s
 10788  5124    4.42460   71 2457    6.00000    3.41508  43.1%   575 2681s
 10932  5130    4.49202   87 2170    6.00000    3.41508  43.1%   586 2738s
 10990  5164    4.55563   98 2101    6.00000    3.41536  43.1%   591 2784s
 11258  5296    4.35683   58 2253    6.00000    3.41549  43.1%   590 2832s
 11563  5587    4.45387   74 2322    6.00000    3.41599  43.1%   585 2878s
 11788  5794    3.45316   57 2415    6.00000    3.41603  43.1%   584 2925s
 12002  5994    3.87979  137 1417    6.00000    3.41725  43.0%   584 2976s
 12233  6087    4.37566   59 2549    6.00000    3.41738  43.0%   578 3023s
 12438  6292     cutoff  153         6.00000    3.41780  43.0%   578 3072s
 12691  6525    3.73129  118 1653    6.00000    3.41808  43.0%   575 3117s
 12938  6753    4.41489   67 2394    6.00000    3.41859  43.0%   575 3161s
 13096  6854    4.38981   38 2595    6.00000    3.41859  43.0%   580 3207s
 13244  6936    4.74458  120 1635    6.00000    3.41871  43.0%   583 3252s
 13508  7082    4.78002  126 1414    6.00000    3.41905  43.0%   581 3296s
 13675  7226    4.69043  116 1792    6.00000    3.41927  43.0%   584 3339s
 13812  7316    4.56838   91 2048    6.00000    3.41955  43.0%   591 3381s
 13987  7411    4.47893   80 2236    6.00000    3.41964  43.0%   595 3424s
 14240  7536    4.43972   78 2352    6.00000    3.42032  43.0%   594 3469s
 14418  7705    4.92715  147 1371    6.00000    3.42156  43.0%   596 3514s
 14553  7824    4.60076   96 1977    6.00000    3.42169  43.0%   599 3561s

Cutting planes:
  Gomory: 3
  MIR: 1
  Zero half: 27

Explored 14721 nodes (8869047 simplex iterations) in 3600.08 seconds
Thread count was 4 (of 4 available processors)

Solution count 5: 6 7 8 ... 473

Time limit reached
Best objective 6.000000000000e+00, best bound 4.000000000000e+00, gap 33.3333%
Warning: Q constraint 0 doesn't have a name
