
Gurobi 8.1.1 (win64) logging started 11/27/19 14:19:07

Changed value of parameter LogFile to logs/drand/qp/drand-07-075-0.log
   Prev: gurobi.log  Default: 
Changed value of parameter LogToConsole to 0
   Prev: 1  Min: 0  Max: 1  Default: 1
Changed value of parameter TimeLimit to 3600.0
   Prev: 1e+100  Min: 0.0  Max: 1e+100  Default: 1e+100
Optimize a model with 1 rows, 337 columns and 1 nonzeros
Model has 7 quadratic constraints
Variable types: 0 continuous, 337 integer (337 binary)
Coefficient statistics:
  Matrix range     [1e+00, 1e+00]
  QMatrix range    [1e+00, 1e+00]
  Objective range  [1e+00, 1e+00]
  Bounds range     [1e+00, 1e+00]
  RHS range        [1e+00, 1e+00]
  QRHS range       [1e+00, 1e+00]
Found heuristic solution: objective 337.0000000
Presolve removed 1 rows and 1 columns
Presolve time: 0.00s
Presolved: 0 rows, 336 columns, 0 nonzeros
Variable types: 0 continuous, 336 integer (336 binary)

Root relaxation: objective 1.000000e+00, 0 iterations, 0.00 seconds

    Nodes    |    Current Node    |     Objective Bounds      |     Work
 Expl Unexpl |  Obj  Depth IntInf | Incumbent    BestBd   Gap | It/Node Time

     0     0    2.00000    0    2  337.00000    2.00000  99.4%     -    0s
     0     0    2.00000    0    2  337.00000    2.00000  99.4%     -    0s
     0     0    2.00000    0    2  337.00000    2.00000  99.4%     -    0s
H    0     0                      11.0000000    2.00000  81.8%     -    0s
H    0     2                       9.0000000    2.00000  77.8%     -    0s
     0     2    2.00000    0    2    9.00000    2.00000  77.8%     -    0s
H   30    15                       8.0000000    2.00000  75.0%   1.6    0s
H   90    42                       7.0000000    2.00000  71.4%   1.7    0s
   479   217    2.00000  116    2    7.00000    2.00000  71.4%   1.7    5s
   738   364    2.00000  180    -    7.00000    2.00000  71.4%   1.7   10s
  1012   370    6.00000  227    -    7.00000    2.00000  71.4%   1.7   15s
  1218   466    3.00000   67    2    7.00000    3.00000  57.1%   1.6   20s
  1536   601    4.00000  202    2    7.00000    3.00000  57.1%   1.6   26s
  1820   756    5.00000  205    2    7.00000    3.00000  57.1%   1.6   32s
  2155  1130    3.00000  118    2    7.00000    3.00000  57.1%   1.5   46s
  2157  1131    4.00000  211 2262    7.00000    3.00000  57.1%   1.5   66s
  2159  1134    4.00000  208    2    7.00000    3.00000  57.1%   5.8   97s
  2161  1135    3.00000  131 2286    7.00000    3.00000  57.1%   5.8  100s
  2166  1139    3.00000  109 1969    7.00000    3.00000  57.1%   5.7  105s
H 2169  1083                       6.0000000    3.00000  50.0%   5.7  110s
  2175  1087    3.00000  175 1632    6.00000    3.00000  50.0%   5.7  115s
  2180  1090    3.00000   26 1804    6.00000    3.00000  50.0%   5.7  128s
  2181  1094    3.00000   25 1716    6.00000    3.00000  50.0%  20.3  134s
  2183  1095    3.00000   26 1226    6.00000    3.00000  50.0%  22.6  135s
  2189  1099    3.39975   27 1982    6.00000    3.00000  50.0%  29.9  140s
  2195  1099    3.00000   29 1274    6.00000    3.00000  50.0%  35.4  145s
  2203  1101    3.00000   31 1257    6.00000    3.00000  50.0%  41.3  150s
  2213  1104    3.00000   33 1317    6.00000    3.00000  50.0%  49.0  156s
  2218  1103    3.00000   34 1259    6.00000    3.00000  50.0%  52.7  160s
  2227  1104    3.00000   36 1228    6.00000    3.00000  50.0%  62.1  166s
  2235  1108    3.00000   38 1244    6.00000    3.00000  50.0%  73.3  171s
  2245  1110    3.00000   40 1155    6.00000    3.00000  50.0%  80.9  176s
  2251  1110    3.00000   41 1141    6.00000    3.00000  50.0%  87.0  180s
  2261  1119    3.00000   43 1134    6.00000    3.00000  50.0%  97.3  186s
  2270  1124    3.00000   45 1111    6.00000    3.00000  50.0%   106  193s
  2275  1126    3.00000   46 1116    6.00000    3.00000  50.0%   111  195s
  2287  1134    3.00000   48 1086    6.00000    3.00000  50.0%   122  202s
  2293  1136    3.00000   49 1083    6.00000    3.00000  50.0%   127  205s
  2303  1145    3.00000   51 1106    6.00000    3.00000  50.0%   137  212s
  2311  1150    3.00000   53 1106    6.00000    3.00000  50.0%   142  215s
  2327  1161    3.00000   55 1107    6.00000    3.00000  50.0%   150  223s
  2335  1166    3.00000   56 1111    6.00000    3.00000  50.0%   156  227s
  2345  1171    3.00000   58 1080    6.00000    3.00000  50.0%   163  232s
  2353  1173    3.00000   60 1068    6.00000    3.00000  50.0%   171  236s
  2366  1177    3.00000   62 1090    6.00000    3.00000  50.0%   177  244s
  2382  1179    3.00000   65 1193    6.00000    3.00000  50.0%   185  247s
  2401  1183    3.00000   67 1197    6.00000    3.00000  50.0%   192  257s
  2416  1185    3.00000   70 1134    6.00000    3.00000  50.0%   199  261s
  2443  1182    3.00000   72 1156    6.00000    3.00000  50.0%   205  269s
  2445  1186    3.43591   72 1625    6.00000    3.00000  50.0%   207  273s
  2469  1184    3.00000   75 1095    6.00000    3.00000  50.0%   215  277s
  2493  1192    3.00000   77 1103    6.00000    3.00000  50.0%   223  281s
  2509  1196    3.00000   80 1094    6.00000    3.00000  50.0%   232  286s
  2531  1207    3.00000   83 1094    6.00000    3.00000  50.0%   241  291s
  2557  1224    3.00000   86 1052    6.00000    3.00000  50.0%   250  296s
  2595  1232    3.00000   89 1061    6.00000    3.00000  50.0%   257  301s
  2635  1243    3.00000   92 1305    6.00000    3.00000  50.0%   264  306s
  2686  1263    3.00000   96 1253    6.00000    3.00000  50.0%   271  311s
  2745  1271    3.00000  100 1223    6.00000    3.00000  50.0%   275  317s
  2810  1281    3.00000  104 1173    6.00000    3.00000  50.0%   278  321s
  2882  1264    3.00000  108 1123    6.00000    3.00000  50.0%   278  325s
  2960  1249    3.54280  111 1485    6.00000    3.00000  50.0%   278  332s
  2997  1242    3.00000  114 1136    6.00000    3.00000  50.0%   282  340s
  3004  1246    3.53937  114 1489    6.00000    3.00000  50.0%   289  345s
  3019  1255    3.00000  118 1203    6.00000    3.00000  50.0%   297  350s
  3037  1266    3.00000  122 1225    6.00000    3.00000  50.0%   306  356s
  3056  1281    3.00000  126 1208    6.00000    3.00000  50.0%   315  361s
  3077  1293    3.00000  130 1047    6.00000    3.00000  50.0%   325  367s
  3098  1309    3.66319  135 1295    6.00000    3.00000  50.0%   336  376s
  3113  1318    3.00000  138 1168    6.00000    3.00000  50.0%   343  382s
  3137  1333    3.00000  144 1101    6.00000    3.00000  50.0%   353  388s
  3166  1353    3.77321  150 1064    6.00000    3.00000  50.0%   363  402s
  3186  1366    3.81244  155 1003    6.00000    3.00000  50.0%   367  408s
  3261  1419    3.98379  175  797    6.00000    3.03701  49.4%   371  414s
  3413  1472    3.44849  218  561    6.00000    3.30864  44.9%   368  419s
  3661  1472    4.47182  280  358    6.00000    3.30973  44.8%   352  426s
  3750  1456    3.33084   42 1917    6.00000    3.32119  44.6%   353  432s
  3788  1480    3.34234   46 1882    6.00000    3.32119  44.6%   359  439s
  3863  1519    3.37713   52 1882    6.00000    3.32119  44.6%   363  446s
  3912  1555    4.41951   60 1755    6.00000    3.32119  44.6%   368  453s
  3963  1586    3.50829   70 1563    6.00000    3.32119  44.6%   374  460s
  4050  1643    4.59019   80 1092    6.00000    3.32119  44.6%   376  468s
  4166  1672    4.77917  103 1188    6.00000    3.32119  44.6%   378  479s
  4231  1705    4.05000  129  928    6.00000    3.33907  44.3%   382  487s
  4417  1686    4.26984   31 2106    6.00000    3.33907  44.3%   377  496s
  4474  1704    4.44062   60 1675    6.00000    3.33907  44.3%   382  504s
  4566  1712    4.82815  105 1109    6.00000    3.34072  44.3%   384  513s
  4669  1699     cutoff   74         6.00000    3.34437  44.3%   387  522s
  4873  1644    3.37811   63 1508    6.00000    3.34762  44.2%   383  531s
  4984  1713    4.10920  136  739    6.00000    3.34764  44.2%   383  542s
  5097  1779    4.40501   60 1452    6.00000    3.34764  44.2%   381  554s
  5156  1806    4.75330  100  976    6.00000    3.34786  44.2%   383  565s
  5275  1878    3.60093   80 1218    6.00000    3.35006  44.2%   384  577s
  5425  1961    3.49962   68 1625    6.00000    3.35196  44.1%   383  588s
  5577  2085    4.38971  149  673    6.00000    3.35404  44.1%   383  604s
  5714  2197    4.41843   52 1838    6.00000    3.35673  44.1%   382  617s
  5857  2264    4.96096  118  946    6.00000    3.35798  44.0%   385  632s
  6043  2333    4.67719   87 1275    6.00000    3.35882  44.0%   384  650s
  6123  2398    4.34898   47 1784    6.00000    3.35882  44.0%   386  664s
  6295  2556    4.75000   96 1178    6.00000    3.36170  44.0%   386  689s
  6396  2635    4.55952   73 1461    6.00000    3.36264  44.0%   388  704s
  6535  2749    4.43861   62 1733    6.00000    3.36346  43.9%   392  720s
  6688  2833    4.45982   62 1689    6.00000    3.36683  43.9%   397  737s
  6896  2954    4.51070   68 1597    6.00000    3.36834  43.9%   398  755s
  7064  3090    4.54292   84 1261    6.00000    3.37044  43.8%   400  772s
  7264  3272    4.83962  105  862    6.00000    3.37116  43.8%   401  792s
  7484  3449    4.97654  119  912    6.00000    3.37259  43.8%   402  813s
  7622  3544    4.48834   69 1591    6.00000    3.37530  43.7%   405  831s
  7868  3621     cutoff   71         6.00000    3.37717  43.7%   405  849s
  8061  3718    4.38849   56 1572    6.00000    3.37891  43.7%   408  877s
  8266  3897    4.79992  108  971    6.00000    3.38087  43.7%   409  897s
  8464  4067    3.41512   39 1869    6.00000    3.38306  43.6%   410  918s
  8607  4196    3.79762   97 1229    6.00000    3.38460  43.6%   412  937s
  8822  4390    4.42186   57 1644    6.00000    3.38643  43.6%   411  956s
  8995  4535    4.37727   49 1853    6.00000    3.38915  43.5%   414  976s
  9148  4625     cutoff   81         6.00000    3.38936  43.5%   417  994s
  9363  4748    4.50543   66 1588    6.00000    3.38963  43.5%   418 1012s
  9526  4847    4.69580   92 1109    6.00000    3.39102  43.5%   423 1037s
  9675  4938    4.42487   70 1457    6.00000    3.39363  43.4%   426 1055s
  9940  5070    4.85736  107  880    6.00000    3.39418  43.4%   425 1075s
 10067  5179    3.57281   76 1526    6.00000    3.39585  43.4%   426 1093s
 10321  5366    4.48217   69 1454    6.00000    3.39630  43.4%   425 1113s
 10546  5497    3.58382   74 1508    6.00000    3.39760  43.4%   424 1132s
 10794  5646    4.36667   53 1897    6.00000    3.39849  43.4%   424 1151s
 10971  5808    4.56407   78 1249    6.00000    3.39899  43.4%   425 1176s
 11129  5944    4.80778   97 1237    6.00000    3.39996  43.3%   425 1200s
 11302  6096    3.64792   80 1375    6.00000    3.40000  43.3%   425 1218s
 11521  6277     cutoff   66         6.00000    3.40000  43.3%   425 1237s
 11676  6351     cutoff   98         6.00000    3.40051  43.3%   429 1255s
 11883  6488    4.37580   34 1902    6.00000    3.40171  43.3%   430 1278s
 12041  6622    4.26935   32 2079    6.00000    3.40192  43.3%   431 1297s
 12226  6792    4.32713   36 2019    6.00000    3.40214  43.3%   432 1316s
 12388  6940    4.78820  100 1186    6.00000    3.40309  43.3%   433 1336s
 12585  7120    4.84872  105 1191    6.00000    3.40457  43.3%   433 1355s
 12768  7266    4.97515  114  885    6.00000    3.40475  43.3%   434 1374s
 12989  7465    4.39360   56 1778    6.00000    3.40554  43.2%   434 1393s
 13146  7600    4.49719   66 1597    6.00000    3.40592  43.2%   436 1412s
 13256  7700    4.47059   66 1613    6.00000    3.40594  43.2%   440 1430s
 13378  7811    4.52571   73 1516    6.00000    3.40635  43.2%   443 1449s
 13523  7945    4.44113   61 1739    6.00000    3.40645  43.2%   447 1468s
 13814  8088    4.55729   79 1510    6.00000    3.40702  43.2%   444 1488s
 14018  8235    4.63057   83 1386    6.00000    3.40722  43.2%   445 1508s
 14185  8346    4.50267   68 1613    6.00000    3.40890  43.2%   446 1526s
 14415  8476    4.96243  113  937    6.00000    3.40909  43.2%   446 1545s
 14639  8669    4.91971  242    2    6.00000    3.41033  43.2%   446 1907s
 14641  8670    4.58390   78 2279    6.00000    3.41033  43.2%   446 1913s
 14642  8671    4.46243   70 1386    6.00000    3.41033  43.2%   446 1916s
 14644  8672    4.45000   60 1315    6.00000    3.41033  43.2%   446 1920s
 14647  8674    4.47279   65 1515    6.00000    3.41033  43.2%   446 1926s
 14648  8675    4.60000   86 1534    6.00000    3.41033  43.2%   446 1931s
 14649  8676    4.59036   78 1520    6.00000    3.41033  43.2%   446 1941s
 14651  8677    4.75081  202 1379    6.00000    3.41033  43.2%   446 1949s
 14652  8678    4.53582   74 1473    6.00000    3.41033  43.2%   446 1952s
 14653  8678    3.58659   76 1407    6.00000    3.41033  43.2%   445 1959s
 14654  8679    4.63211   85 1490    6.00000    3.41033  43.2%   445 1962s
 14655  8680    4.42401   56 1444    6.00000    3.41033  43.2%   445 1967s
 14656  8680    4.62293   90 1456    6.00000    3.41033  43.2%   445 1972s
 14657  8681    4.66667   82 1472    6.00000    3.41033  43.2%   445 1979s
 14658  8682    4.88435  108 1411    6.00000    3.41033  43.2%   445 1983s
 14659  8682    5.00000   72 1391    6.00000    3.41033  43.2%   445 1988s
 14660  8683    4.52976   70 1516    6.00000    3.41033  43.2%   445 1997s
 14661  8684    4.94242  114 1442    6.00000    3.41033  43.2%   445 2000s
 14662  8684    4.97207  242 1442    6.00000    3.41033  43.2%   445 2007s
 14663  8685    4.90476  139 1445    6.00000    3.41033  43.2%   445 2016s
 14664  8686    4.78647  103 1465    6.00000    3.41033  43.2%   445 2022s
 14665  8686    4.54356   71 1398    6.00000    3.41033  43.2%   445 2025s
 14666  8687    4.30980  160 1372    6.00000    3.41033  43.2%   445 2031s
 14667  8688    4.38144  174 1421    6.00000    3.41033  43.2%   445 2040s
 14669  8689    4.85973  110 1434    6.00000    3.41033  43.2%   445 2050s
 14671  8690    4.46513   62 1340    6.00000    3.41033  43.2%   445 2060s
 14673  8692    4.45133   51 1421    6.00000    3.41033  43.2%   445 2068s
 14674  8692    4.50904   70 1468    6.00000    3.41033  43.2%   445 2071s
 14675  8693    4.70237   92 1462    6.00000    3.41033  43.2%   445 2076s
 14677  8694    4.36364   43 1431    6.00000    3.41033  43.2%   445 2084s
 14678  8695    4.42601   53 1483    6.00000    3.41033  43.2%   445 2087s
 14679  8696    4.65402   83 1496    6.00000    3.41033  43.2%   445 2094s
 14680  8696    4.66460  104 1438    6.00000    3.41033  43.2%   445 2097s
 14681  8697    4.43284   63 1427    6.00000    3.41033  43.2%   445 2103s
 14682  8698    4.71000   99 1375    6.00000    3.41033  43.2%   445 2105s
 14683  8698    4.82074  216 1347    6.00000    3.41033  43.2%   445 2112s
 14684  8699    4.51517   67 1416    6.00000    3.41033  43.2%   445 2116s
 14685  8700    3.96721  128 1491    6.00000    3.41033  43.2%   445 2123s
 14686  8700    4.78474  100 1552    6.00000    3.41033  43.2%   444 2128s
 14687  8701    4.38073   50 1546    6.00000    3.41033  43.2%   444 2133s
 14688  8702    4.72858  176 1502    6.00000    3.41033  43.2%   444 2135s
 14689  8702    4.59400   78 1529    6.00000    3.41033  43.2%   444 2140s
 14691  8704    4.81206  112 1337    6.00000    3.41033  43.2%   444 2149s
 14692  8704    4.64220   85 1476    6.00000    3.41033  43.2%   444 2151s
 14693  8705    4.55556   80 1464    6.00000    3.41033  43.2%   444 2157s
 14695  8706    4.81602  101 1365    6.00000    3.41033  43.2%   444 2167s
 14696  8707    4.53050   74 1372    6.00000    3.41033  43.2%   444 2178s
 14697  8708    4.66725   82 1373    6.00000    3.41033  43.2%   444 2185s
 14699  8709    4.92328  113 1565    6.00000    3.41033  43.2%   444 2194s
 14700  8710    4.50562   69 1455    6.00000    3.41033  43.2%   444 2197s
 14701  8710    4.88452  109 1531    6.00000    3.41033  43.2%   444 2203s
 14702  8711    4.92447  117 1602    6.00000    3.41033  43.2%   444 2206s
 14703  8712    4.39019   53 1592    6.00000    3.41033  43.2%   444 2213s
 14704  8712    4.40991   60 1467    6.00000    3.41033  43.2%   444 2216s
 14705  8713    4.40108   58 1484    6.00000    3.41033  43.2%   444 2221s
 14707  8714    4.41859   56 1516    6.00000    3.41033  43.2%   444 2231s
 14709  8716    4.82074  216 1444    6.00000    3.41033  43.2%   444 2240s
 14711  8717    4.50067   72 1405    6.00000    3.41033  43.2%   444 2326s
 14712  8718    3.87627  105 1405    6.00000    3.41033  43.2%   444 2332s
 14713  8718    3.46060   55 1405    6.00000    3.41033  43.2%   444 2367s
 14714  8722    3.41033   40 1264    6.00000    3.41033  43.2%   452 2509s
 14716  8723    3.41033   41 1222    6.00000    3.41033  43.2%   452 2518s
 14718  8725    3.75208   41 1542    6.00000    3.41033  43.2%   453 2658s
 14720  8726    3.41033   42 1200    6.00000    3.41033  43.2%   453 2668s
 14722  8727    3.84972   42 1442    6.00000    3.41033  43.2%   454 2710s
 14724  8731    3.41033   43 1170    6.00000    3.41033  43.2%   454 2830s
 14728  8728    3.41033   44 1163    6.00000    3.41033  43.2%   456 2848s
 14731  8732    3.85241   44 1583    6.00000    3.41033  43.2%   457 2876s
 14734  8732    3.41033   45 1107    6.00000    3.41033  43.2%   457 3023s
 14739  8736    3.41033   46 1102    6.00000    3.41033  43.2%   459 3100s
 14742  8740    4.08779   46 1231    6.00000    3.41033  43.2%   460 3239s
 14748  8742    3.41033   48 1213    6.00000    3.41033  43.2%   461 3300s
 14756  8747    3.41033   50 1184    6.00000    3.41033  43.2%   463 3326s
 14765  8754    3.41033   52 1171    6.00000    3.41033  43.2%   465 3357s
 14770  8754    3.41033   53 1185    6.00000    3.41033  43.2%   467 3446s
 14772  8759    3.93796   53 1424    6.00000    3.41033  43.2%   468 3477s
 14779  8763    3.41033   55 1208    6.00000    3.41033  43.2%   470 3499s
 14790  8770    3.41033   57 1244    6.00000    3.41033  43.2%   473 3528s
 14804  8779    3.41033   60 1185    6.00000    3.41033  43.2%   477 3548s
 14818  8785    3.41033   62 1181    6.00000    3.41033  43.2%   480 3570s
 14832  8798    3.41033   64 1148    6.00000    3.41033  43.2%   484 3595s
 14848  8803    3.41033   67 1193    6.00000    3.41033  43.2%   488 3600s

Cutting planes:
  Gomory: 35
  Zero half: 40
  Mod-K: 55

Explored 14852 nodes (7249300 simplex iterations) in 3600.01 seconds
Thread count was 4 (of 4 available processors)

Solution count 6: 6 7 8 ... 337

Time limit reached
Best objective 6.000000000000e+00, best bound 4.000000000000e+00, gap 33.3333%
Warning: Q constraint 0 doesn't have a name
