
Gurobi 8.1.1 (win64) logging started 11/24/19 15:22:25

Changed value of parameter LogFile to logs/drand/ip/drand-10-110-2.log
   Prev: gurobi.log  Default: 
Changed value of parameter LogToConsole to 0
   Prev: 1  Min: 0  Max: 1  Default: 1
Changed value of parameter TimeLimit to 3600.0
   Prev: 1e+100  Min: 0.0  Max: 1e+100  Default: 1e+100
Optimize a model with 1230 rows, 572 columns and 4585 nonzeros
Variable types: 0 continuous, 572 integer (561 binary)
Coefficient statistics:
  Matrix range     [1e+00, 5e+02]
  Objective range  [1e+00, 1e+00]
  Bounds range     [1e+00, 1e+00]
  RHS range        [1e+00, 6e+02]
Presolve removed 3 rows and 3 columns
Presolve time: 0.02s
Presolved: 1227 rows, 569 columns, 4576 nonzeros
Variable types: 0 continuous, 569 integer (558 binary)

Root relaxation: objective 4.076923e+00, 491 iterations, 0.02 seconds

    Nodes    |    Current Node    |     Objective Bounds      |     Work
 Expl Unexpl |  Obj  Depth IntInf | Incumbent    BestBd   Gap | It/Node Time

     0     0    4.07692    0   77          -    4.07692      -     -    0s
     0     0    5.00000    0   17          -    5.00000      -     -    0s
     0     0    5.00000    0   17          -    5.00000      -     -    0s
     0     0    5.00000    0   16          -    5.00000      -     -    0s
     0     0    5.00000    0   16          -    5.00000      -     -    0s
     0     0    5.00000    0   14          -    5.00000      -     -    0s
     0     0    5.00000    0   16          -    5.00000      -     -    0s
     0     0    5.00000    0   16          -    5.00000      -     -    0s
     0     2    5.00000    0   16          -    5.00000      -     -    0s
H 1003   456                      11.0000000    5.00000  54.5%  10.3    1s
H 1031   451                      10.0000000    5.00000  50.0%  17.5    2s
H 1034   430                       9.0000000    5.00000  44.4%  17.4    2s
 14777  9141 infeasible   98         9.00000    5.00000  44.4%   7.5    5s
 31502 20398    6.00000   77   16    9.00000    5.00000  44.4%   6.7   10s
 52457 26341    7.00000  108   12    9.00000    5.00000  44.4%   7.2   15s
 97827 40933 infeasible  163         9.00000    6.00000  33.3%   7.2   20s
 160252 67648    7.00000  109   26    9.00000    6.00000  33.3%   6.3   25s
 221498 106573    7.00000  105   12    9.00000    6.00000  33.3%   5.9   30s
H246310 42920                       8.0000000    6.00000  25.0%   5.8   31s
 251171 45240    7.00000  113   16    8.00000    6.00000  25.0%   5.8   35s
 297432 58866    6.00703  131   21    8.00000    6.00000  25.0%   6.1   40s
 378096 71670 infeasible  159         8.00000    6.00000  25.0%   5.8   45s
 460276 113507    6.06081  146   16    8.00000    6.00000  25.0%   5.7   50s
 545234 160062    7.00000  145   11    8.00000    6.00000  25.0%   5.6   55s
 629535 204741    7.00000  130   15    8.00000    6.00000  25.0%   5.5   60s
 712426 250248    7.00000  130    8    8.00000    6.00000  25.0%   5.5   65s
 794800 295682    6.11111  115   22    8.00000    6.00000  25.0%   5.4   70s
 875804 341777    7.00000  137    9    8.00000    6.00000  25.0%   5.4   75s
 958040 389706    6.04039  111   24    8.00000    6.00000  25.0%   5.4   80s
 1038000 434892    7.00000  156   12    8.00000    6.00000  25.0%   5.3   85s
 1119660 481532    7.00000  144   15    8.00000    6.00000  25.0%   5.3   90s
 1192192 525132    7.00000  142   11    8.00000    6.00000  25.0%   5.4   95s
 1267997 568458    7.00000  120   12    8.00000    6.00000  25.0%   5.4  100s
 1347517 612313    7.00000  130   10    8.00000    6.00000  25.0%   5.3  105s
 1431786 658406    7.00000  141   14    8.00000    6.00000  25.0%   5.3  110s
 1512607 704326    7.00000  127    8    8.00000    6.00000  25.0%   5.3  115s
 1597109 752040    6.00000   99   11    8.00000    6.00000  25.0%   5.3  120s
 1677418 795587    7.00000  112   10    8.00000    6.00000  25.0%   5.3  125s
 1754102 837233    7.00000  152    9    8.00000    6.00000  25.0%   5.3  130s
 1834468 880096    7.00000  130   13    8.00000    6.00000  25.0%   5.3  135s
 1912954 922340    7.00000  154    9    8.00000    6.00000  25.0%   5.3  140s
 1988398 964423    7.00000  140   14    8.00000    6.02390  24.7%   5.3  145s
 2063774 968495 infeasible  142         8.00000    7.00000  12.5%   5.3  150s
 2128985 959923 infeasible  153         8.00000    7.00000  12.5%   5.2  155s
 2196527 952008 infeasible  162         8.00000    7.00000  12.5%   5.2  160s
 2269074 943622 infeasible  116         8.00000    7.00000  12.5%   5.1  165s
 2340452 935290 infeasible  126         8.00000    7.00000  12.5%   5.1  170s
 2409764 924482 infeasible  130         8.00000    7.00000  12.5%   5.1  175s
 2480296 911257 infeasible  147         8.00000    7.00000  12.5%   5.0  180s
 2547922 886656 infeasible  148         8.00000    7.00000  12.5%   5.0  185s
 2615312 864739 infeasible  128         8.00000    7.00000  12.5%   5.0  190s
 2683212 844660 infeasible  129         8.00000    7.00000  12.5%   5.0  195s
 2751749 825523 infeasible  141         8.00000    7.00000  12.5%   5.0  200s
 2820267 808471 infeasible  153         8.00000    7.00000  12.5%   4.9  205s
 2889275 797698    7.00000  161    6    8.00000    7.00000  12.5%   4.9  210s
 2955689 786793 infeasible  138         8.00000    7.00000  12.5%   4.9  215s
 3022203 775023 infeasible  149         8.00000    7.00000  12.5%   4.9  220s
 3091207 764684 infeasible  115         8.00000    7.00000  12.5%   4.9  225s
 3160185 753750 infeasible  156         8.00000    7.00000  12.5%   4.9  230s
 3230902 744031 infeasible  136         8.00000    7.00000  12.5%   4.8  235s
 3302471 736665 infeasible  117         8.00000    7.00000  12.5%   4.8  240s
 3375029 729338 infeasible  156         8.00000    7.00000  12.5%   4.8  245s
 3447359 722665 infeasible  158         8.00000    7.00000  12.5%   4.8  250s
 3517221 714130 infeasible  139         8.00000    7.00000  12.5%   4.8  255s
 3587814 706055    7.00000  155    9    8.00000    7.00000  12.5%   4.8  260s
 3659024 697890 infeasible  148         8.00000    7.00000  12.5%   4.7  265s
 3727675 690539 infeasible  134         8.00000    7.00000  12.5%   4.7  270s
 3797381 681893 infeasible  117         8.00000    7.00000  12.5%   4.7  275s
 3866918 672710 infeasible  128         8.00000    7.00000  12.5%   4.7  280s
 3939347 663658 infeasible  136         8.00000    7.00000  12.5%   4.7  285s
 4010703 654423 infeasible  138         8.00000    7.00000  12.5%   4.7  290s
 4082621 644801 infeasible  155         8.00000    7.00000  12.5%   4.7  295s
 4153729 635244 infeasible  132         8.00000    7.00000  12.5%   4.7  300s
 4225639 626220 infeasible  124         8.00000    7.00000  12.5%   4.6  305s
 4296917 617049 infeasible  150         8.00000    7.00000  12.5%   4.6  310s
 4369547 607872 infeasible  152         8.00000    7.00000  12.5%   4.6  315s
 4442712 599550 infeasible  138         8.00000    7.00000  12.5%   4.6  320s
 4516623 589662 infeasible  147         8.00000    7.00000  12.5%   4.6  325s
 4587667 583268 infeasible  133         8.00000    7.00000  12.5%   4.6  330s
 4658366 576722 infeasible  146         8.00000    7.00000  12.5%   4.6  335s
 4729811 570445 infeasible  158         8.00000    7.00000  12.5%   4.6  340s
 4801593 562797 infeasible  146         8.00000    7.00000  12.5%   4.6  345s
 4873025 554274    7.00000  154   10    8.00000    7.00000  12.5%   4.6  350s
 4944314 546984 infeasible  148         8.00000    7.00000  12.5%   4.6  355s
 5015351 539482 infeasible  140         8.00000    7.00000  12.5%   4.5  360s
 5086410 531765 infeasible  149         8.00000    7.00000  12.5%   4.5  365s
 5156977 523928 infeasible  123         8.00000    7.00000  12.5%   4.5  370s
 5226828 514755 infeasible  147         8.00000    7.00000  12.5%   4.5  375s
 5297565 506035 infeasible  135         8.00000    7.00000  12.5%   4.5  380s
 5367777 497289 infeasible  120         8.00000    7.00000  12.5%   4.5  385s
 5437689 488289 infeasible  136         8.00000    7.00000  12.5%   4.5  390s
 5506272 479821 infeasible  151         8.00000    7.00000  12.5%   4.5  395s
 5574097 470905 infeasible  139         8.00000    7.00000  12.5%   4.5  400s
 5644673 462141 infeasible  133         8.00000    7.00000  12.5%   4.5  405s
 5714904 453067 infeasible  130         8.00000    7.00000  12.5%   4.5  410s
 5784695 444403 infeasible  149         8.00000    7.00000  12.5%   4.5  415s
 5856112 440163 infeasible  170         8.00000    7.00000  12.5%   4.5  420s
 5927243 435932 infeasible  148         8.00000    7.00000  12.5%   4.5  425s
 5999435 431914 infeasible  161         8.00000    7.00000  12.5%   4.5  430s
 6071594 427335 infeasible  122         8.00000    7.00000  12.5%   4.5  435s
 6142613 422806 infeasible  120         8.00000    7.00000  12.5%   4.5  440s
 6210525 418928 infeasible  132         8.00000    7.00000  12.5%   4.5  445s
 6278788 413463 infeasible  150         8.00000    7.00000  12.5%   4.5  450s
 6348041 407865 infeasible  133         8.00000    7.00000  12.5%   4.5  455s
 6416865 403159 infeasible  127         8.00000    7.00000  12.5%   4.5  460s
 6486426 398757 infeasible  144         8.00000    7.00000  12.5%   4.5  465s
 6557460 393825 infeasible  163         8.00000    7.00000  12.5%   4.5  470s
 6628786 388503 infeasible  158         8.00000    7.00000  12.5%   4.5  475s
 6697672 383872 infeasible  162         8.00000    7.00000  12.5%   4.5  480s
 6768416 378438 infeasible  150         8.00000    7.00000  12.5%   4.4  485s
 6838234 373943 infeasible  145         8.00000    7.00000  12.5%   4.4  490s
 6909215 369151 infeasible  141         8.00000    7.00000  12.5%   4.4  495s
 6979858 363806 infeasible  155         8.00000    7.00000  12.5%   4.4  500s
 7051673 358389 infeasible  134         8.00000    7.00000  12.5%   4.4  505s
 7108317 353763 infeasible  123         8.00000    7.00000  12.5%   4.4  510s
 7177846 349128 infeasible  143         8.00000    7.00000  12.5%   4.4  515s
 7248193 346846 infeasible  144         8.00000    7.00000  12.5%   4.4  520s
 7319194 343765 infeasible  148         8.00000    7.00000  12.5%   4.4  525s
 7390750 340654 infeasible  163         8.00000    7.00000  12.5%   4.4  530s
 7463728 337384 infeasible  147         8.00000    7.00000  12.5%   4.4  535s
 7535839 334912    7.00000  156   15    8.00000    7.00000  12.5%   4.4  540s
 7607213 331593    7.00000  141   14    8.00000    7.00000  12.5%   4.4  545s
 7678418 327943 infeasible  124         8.00000    7.00000  12.5%   4.4  550s
 7750248 324045 infeasible  146         8.00000    7.00000  12.5%   4.4  555s
 7821827 320464 infeasible  157         8.00000    7.00000  12.5%   4.4  560s
 7892303 316677 infeasible  142         8.00000    7.00000  12.5%   4.4  565s
 7960228 312998 infeasible  157         8.00000    7.00000  12.5%   4.4  570s
 8030233 309729 infeasible  126         8.00000    7.00000  12.5%   4.4  575s
 8099553 306522    7.00000  157    8    8.00000    7.00000  12.5%   4.4  580s
 8171933 303152 infeasible  136         8.00000    7.00000  12.5%   4.4  585s
 8243767 299095 infeasible  139         8.00000    7.00000  12.5%   4.4  590s
 8315698 295188 infeasible  122         8.00000    7.00000  12.5%   4.4  595s
 8384670 291659 infeasible  147         8.00000    7.00000  12.5%   4.4  600s
 8456768 287489 infeasible  142         8.00000    7.00000  12.5%   4.4  605s
 8527848 283504 infeasible  163         8.00000    7.00000  12.5%   4.4  610s
 8597127 279534 infeasible  157         8.00000    7.00000  12.5%   4.4  615s
 8667513 275371 infeasible  136         8.00000    7.00000  12.5%   4.4  620s
 8738548 271660 infeasible  152         8.00000    7.00000  12.5%   4.4  625s
 8810765 269425 infeasible  126         8.00000    7.00000  12.5%   4.4  630s
 8881140 269220 infeasible  142         8.00000    7.00000  12.5%   4.4  635s
 8945986 269191    7.00000  154    9    8.00000    7.00000  12.5%   4.4  640s
 9017225 268877 infeasible  170         8.00000    7.00000  12.5%   4.4  645s
 9089512 268650 infeasible  140         8.00000    7.00000  12.5%   4.4  650s
 9159793 268298 infeasible  147         8.00000    7.00000  12.5%   4.4  655s
 9231189 268143    7.00000  127   20    8.00000    7.00000  12.5%   4.4  660s
 9301403 267467 infeasible  153         8.00000    7.00000  12.5%   4.4  665s
 9372883 266858 infeasible  159         8.00000    7.00000  12.5%   4.4  670s
 9444373 266480    7.00000  140   22    8.00000    7.00000  12.5%   4.4  675s
 9516933 266108 infeasible  161         8.00000    7.00000  12.5%   4.4  680s
 9588931 265635 infeasible  118         8.00000    7.00000  12.5%   4.4  685s
 9662109 265280 infeasible  148         8.00000    7.00000  12.5%   4.4  690s
 9731618 264828 infeasible  137         8.00000    7.00000  12.5%   4.4  695s
 9796819 264550 infeasible  152         8.00000    7.00000  12.5%   4.4  700s
 9866898 264379 infeasible  153         8.00000    7.00000  12.5%   4.4  705s
 9937558 263838 infeasible  123         8.00000    7.00000  12.5%   4.4  710s
 10009795 263571    7.00000  150    9    8.00000    7.00000  12.5%   4.4  715s
 10081851 263129 infeasible  156         8.00000    7.00000  12.5%   4.4  720s
 10155444 262794 infeasible  129         8.00000    7.00000  12.5%   4.4  725s
 10226567 262295 infeasible  162         8.00000    7.00000  12.5%   4.4  730s
 10298240 261645 infeasible  152         8.00000    7.00000  12.5%   4.4  735s
 10369416 261484 infeasible  145         8.00000    7.00000  12.5%   4.4  740s
 10441898 261393 infeasible  182         8.00000    7.00000  12.5%   4.4  745s
 10515013 261148 infeasible  153         8.00000    7.00000  12.5%   4.4  750s
 10584220 260602 infeasible  138         8.00000    7.00000  12.5%   4.4  755s
 10653251 260257 infeasible  157         8.00000    7.00000  12.5%   4.4  760s
 10721481 260144 infeasible  154         8.00000    7.00000  12.5%   4.4  765s
 10792798 259867 infeasible  157         8.00000    7.00000  12.5%   4.4  770s
 10864375 259365 infeasible  147         8.00000    7.00000  12.5%   4.4  775s
 10937866 258992 infeasible  155         8.00000    7.00000  12.5%   4.4  780s
 11009975 258634 infeasible  136         8.00000    7.00000  12.5%   4.4  785s
 11082349 258102 infeasible  144         8.00000    7.00000  12.5%   4.4  790s
 11153363 257680 infeasible  158         8.00000    7.00000  12.5%   4.4  795s
 11225802 257566 infeasible  159         8.00000    7.00000  12.5%   4.4  800s
 11298600 257023 infeasible  157         8.00000    7.00000  12.5%   4.4  805s
 11370354 256671 infeasible  160         8.00000    7.00000  12.5%   4.4  810s
 11439551 256207 infeasible  149         8.00000    7.00000  12.5%   4.4  815s
 11509937 255817 infeasible  140         8.00000    7.00000  12.5%   4.4  820s
 11580492 255205 infeasible  127         8.00000    7.00000  12.5%   4.4  825s
 11652050 254823 infeasible  166         8.00000    7.00000  12.5%   4.4  830s
 11722872 254478 infeasible  151         8.00000    7.00000  12.5%   4.4  835s
 11795299 254123 infeasible  159         8.00000    7.00000  12.5%   4.4  840s
 11867782 253790 infeasible  149         8.00000    7.00000  12.5%   4.4  845s
 11939649 253745 infeasible  163         8.00000    7.00000  12.5%   4.4  850s
 12011558 253323    7.00000  145    8    8.00000    7.00000  12.5%   4.4  855s
 12083073 252896 infeasible  129         8.00000    7.00000  12.5%   4.5  860s
 12155335 252321 infeasible  165         8.00000    7.00000  12.5%   4.4  865s
 12227316 251803 infeasible  145         8.00000    7.00000  12.5%   4.5  870s
 12296952 251419 infeasible  129         8.00000    7.00000  12.5%   4.5  875s
 12367151 251422 infeasible  164         8.00000    7.00000  12.5%   4.5  880s
 12439164 250985 infeasible  172         8.00000    7.00000  12.5%   4.5  885s
 12510153 250630 infeasible  121         8.00000    7.00000  12.5%   4.5  890s
 12582553 250253 infeasible  145         8.00000    7.00000  12.5%   4.5  895s
 12654994 249875 infeasible  139         8.00000    7.00000  12.5%   4.5  900s
 12723744 249642 infeasible  149         8.00000    7.00000  12.5%   4.5  905s
 12796236 249458 infeasible  168         8.00000    7.00000  12.5%   4.5  910s
 12868973 249259 infeasible  166         8.00000    7.00000  12.5%   4.5  915s
 12939868 249493 infeasible  176         8.00000    7.00000  12.5%   4.5  920s
 13011541 249055 infeasible  177         8.00000    7.00000  12.5%   4.5  925s
 13083358 248694 infeasible  150         8.00000    7.00000  12.5%   4.5  930s
 13153306 248305    7.00000  164    8    8.00000    7.00000  12.5%   4.5  935s
 13219270 247908 infeasible  173         8.00000    7.00000  12.5%   4.5  940s
 13290265 247975 infeasible  182         8.00000    7.00000  12.5%   4.5  945s
 13361654 247555 infeasible  153         8.00000    7.00000  12.5%   4.5  950s
 13434463 247038 infeasible  159         8.00000    7.00000  12.5%   4.5  955s
 13505644 246848    7.00000  161   11    8.00000    7.00000  12.5%   4.5  960s
 13575786 246547 infeasible  151         8.00000    7.00000  12.5%   4.5  965s
 13648612 246172 infeasible  156         8.00000    7.00000  12.5%   4.5  970s
 13719795 246130 infeasible  173         8.00000    7.00000  12.5%   4.5  975s
 13790133 245777 infeasible  154         8.00000    7.00000  12.5%   4.5  980s
 13861069 245669 infeasible  154         8.00000    7.00000  12.5%   4.5  985s
 13934108 245263 infeasible  174         8.00000    7.00000  12.5%   4.5  990s
 14004582 244999 infeasible  160         8.00000    7.00000  12.5%   4.5  995s
 14071941 244862 infeasible  157         8.00000    7.00000  12.5%   4.5 1000s
 14142842 244477 infeasible  133         8.00000    7.00000  12.5%   4.5 1005s
 14215835 244246 infeasible  149         8.00000    7.00000  12.5%   4.5 1010s
 14288002 244137 infeasible  136         8.00000    7.00000  12.5%   4.5 1015s
 14360429 243572 infeasible  154         8.00000    7.00000  12.5%   4.5 1020s
 14432474 243136    7.00000  163    6    8.00000    7.00000  12.5%   4.5 1025s
 14503654 242731 infeasible  159         8.00000    7.00000  12.5%   4.5 1030s
 14575596 242295 infeasible  189         8.00000    7.00000  12.5%   4.5 1035s
 14644183 242144 infeasible  178         8.00000    7.00000  12.5%   4.5 1040s
 14710183 241787 infeasible  167         8.00000    7.00000  12.5%   4.5 1045s
 14780914 241274 infeasible  140         8.00000    7.00000  12.5%   4.5 1050s
 14849448 241053 infeasible  141         8.00000    7.00000  12.5%   4.5 1055s
 14918800 240720 infeasible  158         8.00000    7.00000  12.5%   4.5 1060s
 14989971 240146 infeasible  153         8.00000    7.00000  12.5%   4.5 1065s
 15060917 239689 infeasible  166         8.00000    7.00000  12.5%   4.5 1070s
 15131037 239209 infeasible  140         8.00000    7.00000  12.5%   4.5 1075s
 15202279 238672 infeasible  174         8.00000    7.00000  12.5%   4.5 1080s
 15274768 238320 infeasible  138         8.00000    7.00000  12.5%   4.5 1085s
 15347024 238026 infeasible  128         8.00000    7.00000  12.5%   4.5 1090s
 15419639 237820    7.00000  151   14    8.00000    7.00000  12.5%   4.5 1095s
 15491928 237408 infeasible  160         8.00000    7.00000  12.5%   4.5 1100s
 15563505 237527 infeasible  161         8.00000    7.00000  12.5%   4.5 1105s
 15635658 237410    7.00000  155    8    8.00000    7.00000  12.5%   4.5 1110s
 15706112 237254 infeasible  148         8.00000    7.00000  12.5%   4.5 1115s
 15773642 236770 infeasible  182         8.00000    7.00000  12.5%   4.5 1120s
 15843739 236120 infeasible  125         8.00000    7.00000  12.5%   4.5 1125s
 15912307 236021 infeasible  154         8.00000    7.00000  12.5%   4.5 1130s
 15982644 235558 infeasible  161         8.00000    7.00000  12.5%   4.5 1135s
 16054036 235345 infeasible  136         8.00000    7.00000  12.5%   4.5 1140s
 16124992 234815 infeasible  150         8.00000    7.00000  12.5%   4.5 1145s
 16195822 234527 infeasible  139         8.00000    7.00000  12.5%   4.5 1150s
 16266617 234026 infeasible  164         8.00000    7.00000  12.5%   4.5 1155s
 16336463 233693    7.00000  168   15    8.00000    7.00000  12.5%   4.5 1160s
 16407201 233438 infeasible  146         8.00000    7.00000  12.5%   4.5 1165s
 16478501 233103    7.00000  158    6    8.00000    7.00000  12.5%   4.5 1170s
 16546464 232924 infeasible  158         8.00000    7.00000  12.5%   4.5 1175s
 16609778 232842 infeasible  161         8.00000    7.00000  12.5%   4.5 1180s
 16678551 232462 infeasible  153         8.00000    7.00000  12.5%   4.5 1185s
 16745165 232398    7.00000  195   11    8.00000    7.00000  12.5%   4.5 1190s
 16809918 232417    7.00000  177    9    8.00000    7.00000  12.5%   4.5 1195s
 16877440 232644 infeasible  183         8.00000    7.00000  12.5%   4.5 1200s
 16942073 232575    7.00000  186   16    8.00000    7.00000  12.5%   4.5 1205s
 17008009 232403 infeasible  192         8.00000    7.00000  12.5%   4.5 1210s
 17072534 232749 infeasible  182         8.00000    7.00000  12.5%   4.5 1215s
 17139333 232449 infeasible  199         8.00000    7.00000  12.5%   4.5 1220s
 17206576 232297 infeasible  187         8.00000    7.00000  12.5%   4.5 1225s
 17274652 232675    7.00000  184   11    8.00000    7.00000  12.5%   4.5 1230s
 17336980 232445 infeasible  174         8.00000    7.00000  12.5%   4.5 1235s
 17402458 232360    7.00000  178   16    8.00000    7.00000  12.5%   4.5 1240s
 17469652 232329 infeasible  185         8.00000    7.00000  12.5%   4.5 1245s
 17535606 232388 infeasible  166         8.00000    7.00000  12.5%   4.5 1250s
 17602904 232076 infeasible  172         8.00000    7.00000  12.5%   4.5 1255s
 17671504 232262 infeasible  174         8.00000    7.00000  12.5%   4.5 1260s
 17740719 231883 infeasible  170         8.00000    7.00000  12.5%   4.5 1265s
 17812400 231618 infeasible  147         8.00000    7.00000  12.5%   4.5 1270s
 17884451 231719 infeasible  154         8.00000    7.00000  12.5%   4.5 1275s
 17953541 231223    7.00000  138   12    8.00000    7.00000  12.5%   4.5 1280s
 18023345 231020    7.00000  141   21    8.00000    7.00000  12.5%   4.6 1285s
 18090290 231089 infeasible  173         8.00000    7.00000  12.5%   4.6 1290s
 18156610 230959 infeasible  166         8.00000    7.00000  12.5%   4.6 1295s
 18221180 231001 infeasible  169         8.00000    7.00000  12.5%   4.6 1300s
 18289608 230828 infeasible  155         8.00000    7.00000  12.5%   4.6 1305s
 18358814 230536 infeasible  149         8.00000    7.00000  12.5%   4.6 1310s
 18430748 230118 infeasible  170         8.00000    7.00000  12.5%   4.6 1315s
 18502110 229861 infeasible  143         8.00000    7.00000  12.5%   4.6 1320s
 18573156 229412 infeasible  131         8.00000    7.00000  12.5%   4.6 1325s
 18644806 229224 infeasible  114         8.00000    7.00000  12.5%   4.6 1330s
 18715309 228887 infeasible  146         8.00000    7.00000  12.5%   4.6 1335s
 18787706 228611    7.00000  139    8    8.00000    7.00000  12.5%   4.6 1340s
 18858199 228401 infeasible  183         8.00000    7.00000  12.5%   4.6 1345s
 18929371 228059    7.00000  165   12    8.00000    7.00000  12.5%   4.6 1350s
 18998617 227564 infeasible  155         8.00000    7.00000  12.5%   4.6 1355s
 19067610 226980 infeasible  145         8.00000    7.00000  12.5%   4.6 1360s
 19138094 226873 infeasible  147         8.00000    7.00000  12.5%   4.6 1365s
 19206316 226654 infeasible  150         8.00000    7.00000  12.5%   4.6 1370s
 19276665 226422 infeasible  169         8.00000    7.00000  12.5%   4.6 1375s
 19344956 226037 infeasible  168         8.00000    7.00000  12.5%   4.6 1380s
 19416023 225691 infeasible  165         8.00000    7.00000  12.5%   4.6 1385s
 19486694 225147 infeasible  164         8.00000    7.00000  12.5%   4.6 1390s
 19557171 225039 infeasible  138         8.00000    7.00000  12.5%   4.6 1395s
 19629069 224530 infeasible  164         8.00000    7.00000  12.5%   4.6 1400s
 19701539 224149 infeasible  153         8.00000    7.00000  12.5%   4.6 1405s
 19774056 223661 infeasible  165         8.00000    7.00000  12.5%   4.6 1410s
 19843953 223298 infeasible  144         8.00000    7.00000  12.5%   4.6 1415s
 19912452 223446    7.00000  136   24    8.00000    7.00000  12.5%   4.6 1420s
 19978195 223037 infeasible  146         8.00000    7.00000  12.5%   4.6 1425s
 20047665 222656 infeasible  164         8.00000    7.00000  12.5%   4.6 1430s
 20118611 222454 infeasible  120         8.00000    7.00000  12.5%   4.6 1435s
 20187472 222034 infeasible  146         8.00000    7.00000  12.5%   4.6 1440s
 20258234 221673 infeasible  146         8.00000    7.00000  12.5%   4.6 1445s
 20330126 221291 infeasible  192         8.00000    7.00000  12.5%   4.6 1450s
 20401460 220925 infeasible  166         8.00000    7.00000  12.5%   4.6 1455s
 20473015 220700 infeasible  172         8.00000    7.00000  12.5%   4.6 1460s
 20540660 220691    7.00000  155   12    8.00000    7.00000  12.5%   4.6 1465s
 20607348 220604 infeasible  169         8.00000    7.00000  12.5%   4.6 1470s
 20675701 220248 infeasible  156         8.00000    7.00000  12.5%   4.6 1475s
 20744742 219859 infeasible  145         8.00000    7.00000  12.5%   4.6 1480s
 20813767 219454 infeasible  119         8.00000    7.00000  12.5%   4.6 1485s
 20884737 218857 infeasible  157         8.00000    7.00000  12.5%   4.6 1490s
 20957130 218631 infeasible  134         8.00000    7.00000  12.5%   4.6 1495s
 21026983 217885 infeasible  144         8.00000    7.00000  12.5%   4.6 1500s
 21097654 217739 infeasible  167         8.00000    7.00000  12.5%   4.6 1505s
 21167979 217230 infeasible  153         8.00000    7.00000  12.5%   4.6 1510s
 21238528 217137 infeasible  139         8.00000    7.00000  12.5%   4.6 1515s
 21307887 216610 infeasible  115         8.00000    7.00000  12.5%   4.6 1520s
 21379618 216477 infeasible  160         8.00000    7.00000  12.5%   4.6 1525s
 21448921 215992 infeasible  163         8.00000    7.00000  12.5%   4.6 1530s
 21518571 215810 infeasible  152         8.00000    7.00000  12.5%   4.6 1535s
 21587200 215515 infeasible  159         8.00000    7.00000  12.5%   4.6 1540s
 21659304 215110 infeasible  136         8.00000    7.00000  12.5%   4.6 1545s
 21729785 214796    7.00000  135    8    8.00000    7.00000  12.5%   4.6 1550s
 21802341 214659    7.00000  152   12    8.00000    7.00000  12.5%   4.6 1555s
 21872191 214235 infeasible  141         8.00000    7.00000  12.5%   4.6 1560s
 21941995 213887 infeasible  150         8.00000    7.00000  12.5%   4.6 1565s
 22016038 213791 infeasible  114         8.00000    7.00000  12.5%   4.6 1570s
 22087900 213193 infeasible  132         8.00000    7.00000  12.5%   4.6 1575s
 22158849 212615 infeasible  175         8.00000    7.00000  12.5%   4.6 1580s
 22229697 212370 infeasible  161         8.00000    7.00000  12.5%   4.6 1585s
 22299465 211975 infeasible  141         8.00000    7.00000  12.5%   4.6 1590s
 22369156 211594    7.00000  152    8    8.00000    7.00000  12.5%   4.6 1595s
 22439456 211460 infeasible  142         8.00000    7.00000  12.5%   4.6 1600s
 22510648 211142 infeasible  147         8.00000    7.00000  12.5%   4.6 1605s
 22581259 210712 infeasible  144         8.00000    7.00000  12.5%   4.6 1610s
 22650826 210153 infeasible  146         8.00000    7.00000  12.5%   4.6 1615s
 22723487 209969 infeasible  138         8.00000    7.00000  12.5%   4.6 1620s
 22792833 209507 infeasible  160         8.00000    7.00000  12.5%   4.6 1625s
 22861892 209212 infeasible  134         8.00000    7.00000  12.5%   4.6 1630s
 22932430 209129 infeasible  132         8.00000    7.00000  12.5%   4.6 1635s
 23002392 208879 infeasible  158         8.00000    7.00000  12.5%   4.6 1640s
 23072979 208510 infeasible  167         8.00000    7.00000  12.5%   4.6 1645s
 23142353 208109 infeasible  134         8.00000    7.00000  12.5%   4.6 1650s
 23212332 208008 infeasible  174         8.00000    7.00000  12.5%   4.6 1655s
 23278586 208168 infeasible  153         8.00000    7.00000  12.5%   4.6 1660s
 23350797 207943 infeasible  140         8.00000    7.00000  12.5%   4.6 1665s
 23420903 207641 infeasible  164         8.00000    7.00000  12.5%   4.6 1670s
 23490164 207591 infeasible  152         8.00000    7.00000  12.5%   4.6 1675s
 23559888 207138 infeasible  154         8.00000    7.00000  12.5%   4.6 1680s
 23630377 206703 infeasible  149         8.00000    7.00000  12.5%   4.6 1685s
 23701955 206096 infeasible  152         8.00000    7.00000  12.5%   4.6 1690s
 23772655 205545 infeasible  128         8.00000    7.00000  12.5%   4.6 1695s
 23843618 205188 infeasible  139         8.00000    7.00000  12.5%   4.6 1700s
 23916254 204899    7.00000  155   19    8.00000    7.00000  12.5%   4.6 1705s
 23988226 204458 infeasible  153         8.00000    7.00000  12.5%   4.6 1710s
 24056307 204209 infeasible  158         8.00000    7.00000  12.5%   4.6 1715s
 24125114 203864 infeasible  147         8.00000    7.00000  12.5%   4.6 1720s
 24194916 203689 infeasible  145         8.00000    7.00000  12.5%   4.6 1725s
 24262844 203498    7.00000  137   16    8.00000    7.00000  12.5%   4.6 1730s
 24333774 202937 infeasible  139         8.00000    7.00000  12.5%   4.6 1735s
 24404977 203092 infeasible  174         8.00000    7.00000  12.5%   4.6 1740s
 24474136 202997 infeasible  146         8.00000    7.00000  12.5%   4.6 1745s
 24544613 202389    7.00000  163   14    8.00000    7.00000  12.5%   4.6 1750s
 24614669 202057 infeasible  166         8.00000    7.00000  12.5%   4.6 1755s
 24685467 202168 infeasible  167         8.00000    7.00000  12.5%   4.6 1760s
 24755552 201703 infeasible  143         8.00000    7.00000  12.5%   4.6 1765s
 24826126 201577 infeasible  141         8.00000    7.00000  12.5%   4.6 1770s
 24895649 201350 infeasible  165         8.00000    7.00000  12.5%   4.6 1775s
 24958946 201281 infeasible  151         8.00000    7.00000  12.5%   4.6 1780s
 25028737 200830 infeasible  172         8.00000    7.00000  12.5%   4.6 1785s
 25097304 200659 infeasible  174         8.00000    7.00000  12.5%   4.6 1790s
 25167547 200621    7.00000  157   12    8.00000    7.00000  12.5%   4.6 1795s
 25237071 200294 infeasible  143         8.00000    7.00000  12.5%   4.6 1800s
 25308597 200020    7.00000  136   14    8.00000    7.00000  12.5%   4.6 1805s
 25379800 199649 infeasible  150         8.00000    7.00000  12.5%   4.6 1810s
 25446516 199058 infeasible  157         8.00000    7.00000  12.5%   4.6 1815s
 25514627 198734    7.00000  173   16    8.00000    7.00000  12.5%   4.6 1820s
 25583601 198794 infeasible  150         8.00000    7.00000  12.5%   4.6 1825s
 25654038 198283 infeasible  145         8.00000    7.00000  12.5%   4.6 1830s
 25722509 197846 infeasible  148         8.00000    7.00000  12.5%   4.6 1835s
 25790634 197533 infeasible  153         8.00000    7.00000  12.5%   4.6 1840s
 25862280 197482    7.00000  162    8    8.00000    7.00000  12.5%   4.6 1845s
 25933333 196940    7.00000  162   13    8.00000    7.00000  12.5%   4.6 1850s
 26002309 196515 infeasible  150         8.00000    7.00000  12.5%   4.6 1855s
 26072536 195920 infeasible  142         8.00000    7.00000  12.5%   4.6 1860s
 26141279 195480    7.00000  126    8    8.00000    7.00000  12.5%   4.6 1865s
 26212025 195042 infeasible  161         8.00000    7.00000  12.5%   4.6 1870s
 26282403 194624    7.00000  174    9    8.00000    7.00000  12.5%   4.6 1875s
 26354490 194058    7.00000  169   13    8.00000    7.00000  12.5%   4.6 1880s
 26425943 193546    7.00000  167    9    8.00000    7.00000  12.5%   4.6 1885s
 26497691 193229 infeasible  132         8.00000    7.00000  12.5%   4.6 1890s
 26566799 193064 infeasible  161         8.00000    7.00000  12.5%   4.6 1895s
 26632652 192644 infeasible  135         8.00000    7.00000  12.5%   4.6 1900s
 26703502 192400 infeasible  135         8.00000    7.00000  12.5%   4.6 1905s
 26774349 191922    7.00000  137    9    8.00000    7.00000  12.5%   4.6 1910s
 26842332 191678    7.00000  151   12    8.00000    7.00000  12.5%   4.6 1915s
 26911902 191210 infeasible  148         8.00000    7.00000  12.5%   4.6 1920s
 26982465 190918 infeasible  160         8.00000    7.00000  12.5%   4.6 1925s
 27053063 190576 infeasible  166         8.00000    7.00000  12.5%   4.6 1930s
 27122596 190304 infeasible  169         8.00000    7.00000  12.5%   4.6 1935s
 27192531 190055 infeasible  167         8.00000    7.00000  12.5%   4.6 1940s
 27261535 189927 infeasible  150         8.00000    7.00000  12.5%   4.6 1945s
 27332646 189699 infeasible  159         8.00000    7.00000  12.5%   4.6 1950s
 27402241 189376 infeasible  139         8.00000    7.00000  12.5%   4.6 1955s
 27471382 189099 infeasible  128         8.00000    7.00000  12.5%   4.6 1960s
 27542393 188859 infeasible  164         8.00000    7.00000  12.5%   4.6 1965s
 27611438 188691 infeasible  170         8.00000    7.00000  12.5%   4.6 1970s
 27680089 188221 infeasible  167         8.00000    7.00000  12.5%   4.6 1975s
 27749543 188002 infeasible  160         8.00000    7.00000  12.5%   4.6 1980s
 27818416 187549 infeasible  156         8.00000    7.00000  12.5%   4.6 1985s
 27888572 187245 infeasible  142         8.00000    7.00000  12.5%   4.6 1990s
 27956320 186789 infeasible  180         8.00000    7.00000  12.5%   4.6 1995s
 28023645 186330 infeasible  163         8.00000    7.00000  12.5%   4.6 2000s
 28092796 186233 infeasible  141         8.00000    7.00000  12.5%   4.6 2005s
 28164326 185895 infeasible  171         8.00000    7.00000  12.5%   4.6 2010s
 28232063 185463 infeasible  151         8.00000    7.00000  12.5%   4.6 2015s
 28301960 185220 infeasible  156         8.00000    7.00000  12.5%   4.6 2020s
 28372639 184939 infeasible  153         8.00000    7.00000  12.5%   4.6 2025s
 28441937 184639 infeasible  158         8.00000    7.00000  12.5%   4.6 2030s
 28511797 184182 infeasible  163         8.00000    7.00000  12.5%   4.6 2035s
 28580570 184008 infeasible  133         8.00000    7.00000  12.5%   4.6 2040s
 28649790 183651 infeasible  149         8.00000    7.00000  12.5%   4.6 2045s
 28719527 183389 infeasible  155         8.00000    7.00000  12.5%   4.6 2050s
 28785741 183172 infeasible  143         8.00000    7.00000  12.5%   4.6 2055s
 28855106 182573 infeasible  138         8.00000    7.00000  12.5%   4.6 2060s
 28924572 182534 infeasible  148         8.00000    7.00000  12.5%   4.6 2065s
 28992763 182207 infeasible  169         8.00000    7.00000  12.5%   4.6 2070s
 29060701 182135 infeasible  154         8.00000    7.00000  12.5%   4.6 2075s
 29129117 181951    7.00000  155   12    8.00000    7.00000  12.5%   4.6 2080s
 29196802 181629 infeasible  154         8.00000    7.00000  12.5%   4.6 2085s
 29268310 181273 infeasible  173         8.00000    7.00000  12.5%   4.6 2090s
 29338741 180880    7.00000  166   15    8.00000    7.00000  12.5%   4.6 2095s
 29409143 180814 infeasible  176         8.00000    7.00000  12.5%   4.6 2100s
 29475622 180723 infeasible  157         8.00000    7.00000  12.5%   4.6 2105s
 29545975 180365 infeasible  142         8.00000    7.00000  12.5%   4.6 2110s
 29616462 179944 infeasible  160         8.00000    7.00000  12.5%   4.6 2115s
 29687242 179523 infeasible  140         8.00000    7.00000  12.5%   4.6 2120s
 29757633 179420 infeasible  163         8.00000    7.00000  12.5%   4.6 2125s
 29827325 179028 infeasible  144         8.00000    7.00000  12.5%   4.6 2130s
 29896469 178806 infeasible  163         8.00000    7.00000  12.5%   4.6 2135s
 29965709 178561 infeasible  132         8.00000    7.00000  12.5%   4.6 2140s
 30037673 178491    7.00000  164    8    8.00000    7.00000  12.5%   4.6 2145s
 30109265 177934 infeasible  148         8.00000    7.00000  12.5%   4.6 2150s
 30179115 177574 infeasible  155         8.00000    7.00000  12.5%   4.6 2155s
 30248662 177272 infeasible  142         8.00000    7.00000  12.5%   4.6 2160s
 30319546 176878 infeasible  152         8.00000    7.00000  12.5%   4.6 2165s
 30390728 176656    7.00000  142   12    8.00000    7.00000  12.5%   4.6 2170s
 30459452 176400 infeasible  186         8.00000    7.00000  12.5%   4.6 2175s
 30524940 176140 infeasible  145         8.00000    7.00000  12.5%   4.6 2180s
 30596267 175673    7.00000  174   11    8.00000    7.00000  12.5%   4.6 2185s
 30666120 175596    7.00000  152    8    8.00000    7.00000  12.5%   4.6 2190s
 30731828 175161 infeasible  174         8.00000    7.00000  12.5%   4.6 2195s
 30799773 174819 infeasible  161         8.00000    7.00000  12.5%   4.6 2200s
 30869644 174422 infeasible  158         8.00000    7.00000  12.5%   4.6 2205s
 30936822 176256    7.00000  175   17    8.00000    7.00000  12.5%   4.6 2210s
 31003237 174712    7.00000  171   12    8.00000    7.00000  12.5%   4.6 2215s
 31070830 174392 infeasible  171         8.00000    7.00000  12.5%   4.6 2220s
 31140678 173902 infeasible  162         8.00000    7.00000  12.5%   4.6 2225s
 31209776 173730 infeasible  168         8.00000    7.00000  12.5%   4.6 2230s
 31279971 173191 infeasible  157         8.00000    7.00000  12.5%   4.6 2235s
 31349397 172473 infeasible  143         8.00000    7.00000  12.5%   4.6 2240s
 31418758 171973 infeasible  139         8.00000    7.00000  12.5%   4.6 2245s
 31487293 172049 infeasible  159         8.00000    7.00000  12.5%   4.6 2250s
 31554782 171509    7.00000  148   14    8.00000    7.00000  12.5%   4.6 2255s
 31622765 171308 infeasible  141         8.00000    7.00000  12.5%   4.6 2260s
 31690531 170523 infeasible  140         8.00000    7.00000  12.5%   4.6 2265s
 31760516 170299 infeasible  144         8.00000    7.00000  12.5%   4.6 2270s
 31827959 170009 infeasible  145         8.00000    7.00000  12.5%   4.6 2275s
 31897317 169674 infeasible  167         8.00000    7.00000  12.5%   4.6 2280s
 31965709 169449 infeasible  152         8.00000    7.00000  12.5%   4.6 2285s
 32034557 169386 infeasible  176         8.00000    7.00000  12.5%   4.6 2290s
 32100715 169107 infeasible  159         8.00000    7.00000  12.5%   4.6 2295s
 32170953 169059 infeasible  164         8.00000    7.00000  12.5%   4.6 2300s
 32239807 168599 infeasible  171         8.00000    7.00000  12.5%   4.6 2305s
 32309158 168053 infeasible  161         8.00000    7.00000  12.5%   4.6 2310s
 32377697 167463 infeasible  147         8.00000    7.00000  12.5%   4.6 2315s
 32430671 167328 infeasible  153         8.00000    7.00000  12.5%   4.6 2320s
 32500144 166897 infeasible  153         8.00000    7.00000  12.5%   4.6 2325s
 32569480 166327 infeasible  179         8.00000    7.00000  12.5%   4.6 2330s
 32639012 165883 infeasible  176         8.00000    7.00000  12.5%   4.6 2335s
 32703416 165825 infeasible  154         8.00000    7.00000  12.5%   4.6 2340s
 32772665 165703 infeasible  154         8.00000    7.00000  12.5%   4.6 2345s
 32841019 165517 infeasible  147         8.00000    7.00000  12.5%   4.6 2350s
 32908569 165536 infeasible  168         8.00000    7.00000  12.5%   4.6 2355s
 32977696 165165 infeasible  148         8.00000    7.00000  12.5%   4.6 2360s
 33045131 164640 infeasible  140         8.00000    7.00000  12.5%   4.6 2365s
 33113857 164284 infeasible  145         8.00000    7.00000  12.5%   4.6 2370s
 33182302 164040 infeasible  153         8.00000    7.00000  12.5%   4.6 2375s
 33250310 163519 infeasible  168         8.00000    7.00000  12.5%   4.6 2380s
 33320739 162744 infeasible  146         8.00000    7.00000  12.5%   4.6 2385s
 33388141 162606 infeasible  134         8.00000    7.00000  12.5%   4.6 2390s
 33457144 162005 infeasible  144         8.00000    7.00000  12.5%   4.6 2395s
 33527302 161834    7.00000  128   15    8.00000    7.00000  12.5%   4.6 2400s
 33588339 161535 infeasible  155         8.00000    7.00000  12.5%   4.6 2405s
 33634946 161148    7.00000  161    8    8.00000    7.00000  12.5%   4.6 2410s
 33698616 160629 infeasible  166         8.00000    7.00000  12.5%   4.6 2415s
 33767060 160422 infeasible  154         8.00000    7.00000  12.5%   4.6 2420s
 33837526 159973 infeasible  187         8.00000    7.00000  12.5%   4.6 2425s
 33908458 159809 infeasible  156         8.00000    7.00000  12.5%   4.6 2430s
 33976047 159584 infeasible  162         8.00000    7.00000  12.5%   4.6 2435s
 34039165 159242 infeasible  160         8.00000    7.00000  12.5%   4.6 2440s
 34106292 158935 infeasible  157         8.00000    7.00000  12.5%   4.6 2445s
 34172896 158804 infeasible  158         8.00000    7.00000  12.5%   4.6 2450s
 34242827 158560 infeasible  170         8.00000    7.00000  12.5%   4.6 2455s
 34314639 158233 infeasible  146         8.00000    7.00000  12.5%   4.6 2460s
 34382694 158029 infeasible  137         8.00000    7.00000  12.5%   4.6 2465s
 34451162 157495 infeasible  141         8.00000    7.00000  12.5%   4.6 2470s
 34519978 157010 infeasible  141         8.00000    7.00000  12.5%   4.6 2475s
 34589820 156708 infeasible  129         8.00000    7.00000  12.5%   4.6 2480s
 34658194 156502 infeasible  176         8.00000    7.00000  12.5%   4.6 2485s
 34725612 156221 infeasible  139         8.00000    7.00000  12.5%   4.6 2490s
 34792201 155832 infeasible  153         8.00000    7.00000  12.5%   4.6 2495s
 34858247 155496 infeasible  143         8.00000    7.00000  12.5%   4.6 2500s
 34927281 155229 infeasible  152         8.00000    7.00000  12.5%   4.6 2505s
 34996584 154813 infeasible  164         8.00000    7.00000  12.5%   4.6 2510s
 35064708 154192 infeasible  147         8.00000    7.00000  12.5%   4.6 2515s
 35134374 153904 infeasible  170         8.00000    7.00000  12.5%   4.6 2520s
 35200323 153465 infeasible  146         8.00000    7.00000  12.5%   4.6 2525s
 35271767 153145 infeasible  151         8.00000    7.00000  12.5%   4.6 2530s
 35341719 153007 infeasible  166         8.00000    7.00000  12.5%   4.6 2535s
 35414295 152596 infeasible  154         8.00000    7.00000  12.5%   4.6 2540s
 35482882 152516 infeasible  173         8.00000    7.00000  12.5%   4.6 2545s
 35552070 152411 infeasible  181         8.00000    7.00000  12.5%   4.6 2550s
 35623721 152521 infeasible  167         8.00000    7.00000  12.5%   4.6 2555s
 35689466 152471 infeasible  170         8.00000    7.00000  12.5%   4.6 2560s
 35760175 152212    7.00000  148   11    8.00000    7.00000  12.5%   4.6 2565s
 35830179 152250 infeasible  155         8.00000    7.00000  12.5%   4.6 2570s
 35899110 152318    7.00000  175    8    8.00000    7.00000  12.5%   4.6 2575s
 35966088 151859 infeasible  167         8.00000    7.00000  12.5%   4.6 2580s
 36033433 151451 infeasible  121         8.00000    7.00000  12.5%   4.6 2585s
 36103484 150886 infeasible  141         8.00000    7.00000  12.5%   4.6 2590s
 36172154 150667 infeasible  163         8.00000    7.00000  12.5%   4.6 2595s
 36240590 150281 infeasible  148         8.00000    7.00000  12.5%   4.6 2600s
 36309969 150153 infeasible  161         8.00000    7.00000  12.5%   4.6 2605s
 36379768 149636 infeasible  160         8.00000    7.00000  12.5%   4.6 2610s
 36447742 149836 infeasible  154         8.00000    7.00000  12.5%   4.6 2615s
 36512953 149974 infeasible  168         8.00000    7.00000  12.5%   4.6 2620s
 36578425 149192 infeasible  144         8.00000    7.00000  12.5%   4.7 2625s
 36647114 148614 infeasible  162         8.00000    7.00000  12.5%   4.7 2630s
 36713740 148572 infeasible  166         8.00000    7.00000  12.5%   4.7 2635s
 36782629 148177 infeasible  137         8.00000    7.00000  12.5%   4.7 2640s
 36849708 147904 infeasible  169         8.00000    7.00000  12.5%   4.7 2645s
 36917281 147575    7.00000  165   15    8.00000    7.00000  12.5%   4.7 2650s
 36966305 147437 infeasible  151         8.00000    7.00000  12.5%   4.7 2655s
 37027214 146819 infeasible  161         8.00000    7.00000  12.5%   4.7 2660s
 37094577 146285 infeasible  160         8.00000    7.00000  12.5%   4.7 2665s
 37162116 146113 infeasible  156         8.00000    7.00000  12.5%   4.7 2670s
 37229428 145572 infeasible  126         8.00000    7.00000  12.5%   4.7 2675s
 37294425 145221 infeasible  153         8.00000    7.00000  12.5%   4.7 2680s
 37362489 144727 infeasible  138         8.00000    7.00000  12.5%   4.7 2685s
 37430701 144618 infeasible  145         8.00000    7.00000  12.5%   4.7 2690s
 37495100 144259 infeasible  162         8.00000    7.00000  12.5%   4.7 2695s
 37566519 143737 infeasible  119         8.00000    7.00000  12.5%   4.7 2700s
 37631353 143586 infeasible  149         8.00000    7.00000  12.5%   4.7 2705s
 37698490 143290 infeasible  178         8.00000    7.00000  12.5%   4.7 2710s
 37768115 142800 infeasible  160         8.00000    7.00000  12.5%   4.7 2715s
 37837376 142259 infeasible  147         8.00000    7.00000  12.5%   4.7 2720s
 37906235 142004 infeasible  142         8.00000    7.00000  12.5%   4.7 2725s
 37975591 141483 infeasible  163         8.00000    7.00000  12.5%   4.7 2730s
 38041364 141272 infeasible  162         8.00000    7.00000  12.5%   4.7 2735s
 38106708 140945 infeasible  154         8.00000    7.00000  12.5%   4.7 2740s
 38172707 140707 infeasible  142         8.00000    7.00000  12.5%   4.7 2745s
 38243341 140510 infeasible  152         8.00000    7.00000  12.5%   4.7 2750s
 38311423 140447 infeasible  143         8.00000    7.00000  12.5%   4.7 2755s
 38383300 140250    7.00000  138   12    8.00000    7.00000  12.5%   4.7 2760s
 38454356 140459 infeasible  146         8.00000    7.00000  12.5%   4.7 2765s
 38521515 140200 infeasible  124         8.00000    7.00000  12.5%   4.7 2770s
 38591000 139827 infeasible  144         8.00000    7.00000  12.5%   4.7 2775s
 38661085 139343 infeasible  161         8.00000    7.00000  12.5%   4.7 2780s
 38732162 139252 infeasible  150         8.00000    7.00000  12.5%   4.7 2785s
 38802192 138705 infeasible  151         8.00000    7.00000  12.5%   4.7 2790s
 38869954 138234    7.00000  161    9    8.00000    7.00000  12.5%   4.7 2795s
 38938821 137686 infeasible  167         8.00000    7.00000  12.5%   4.7 2800s
 39009775 137606 infeasible  163         8.00000    7.00000  12.5%   4.7 2805s
 39080481 137138    7.00000  157    8    8.00000    7.00000  12.5%   4.7 2810s
 39148555 136623 infeasible  141         8.00000    7.00000  12.5%   4.7 2815s
 39217070 136312 infeasible  147         8.00000    7.00000  12.5%   4.7 2820s
 39286339 135732 infeasible  139         8.00000    7.00000  12.5%   4.7 2825s
 39355704 135399 infeasible  166         8.00000    7.00000  12.5%   4.7 2830s
 39424401 135325 infeasible  183         8.00000    7.00000  12.5%   4.7 2835s
 39493618 133534 infeasible  131         8.00000    7.00000  12.5%   4.7 2840s
 39563201 131306 infeasible  151         8.00000    7.00000  12.5%   4.7 2845s
 39631751 128330 infeasible  138         8.00000    7.00000  12.5%   4.7 2850s
 39698387 125771 infeasible  170         8.00000    7.00000  12.5%   4.7 2855s
 39766615 122831 infeasible  136         8.00000    7.00000  12.5%   4.7 2860s
 39835713 120186 infeasible  166         8.00000    7.00000  12.5%   4.7 2865s
 39905320 116975 infeasible  168         8.00000    7.00000  12.5%   4.7 2870s
 39974837 113664 infeasible  140         8.00000    7.00000  12.5%   4.7 2875s
 40044078 111091 infeasible  155         8.00000    7.00000  12.5%   4.7 2880s
 40113964 108226 infeasible  150         8.00000    7.00000  12.5%   4.7 2885s
 40182230 105161 infeasible  160         8.00000    7.00000  12.5%   4.7 2890s
 40251264 102372 infeasible  145         8.00000    7.00000  12.5%   4.7 2895s
 40320838 98915 infeasible  146         8.00000    7.00000  12.5%   4.7 2900s
 40390312 95918 infeasible  152         8.00000    7.00000  12.5%   4.7 2905s
 40459170 92824 infeasible  168         8.00000    7.00000  12.5%   4.7 2910s
 40526740 89561 infeasible  183         8.00000    7.00000  12.5%   4.7 2915s
 40591668 86152 infeasible  156         8.00000    7.00000  12.5%   4.7 2920s
 40660172 83484    7.00000  181    6    8.00000    7.00000  12.5%   4.7 2925s
 40726963 81157 infeasible  143         8.00000    7.00000  12.5%   4.7 2930s
 40795884 77901 infeasible  133         8.00000    7.00000  12.5%   4.7 2935s
 40864808 74308 infeasible  172         8.00000    7.00000  12.5%   4.7 2940s
 40933487 70431 infeasible  154         8.00000    7.00000  12.5%   4.7 2945s
 41001986 67327 infeasible  165         8.00000    7.00000  12.5%   4.7 2950s
 41067681 62626 infeasible  162         8.00000    7.00000  12.5%   4.7 2955s
 41133804 58370 infeasible  158         8.00000    7.00000  12.5%   4.7 2960s
 41201148 54296 infeasible  153         8.00000    7.00000  12.5%   4.7 2965s
 41268806 50049 infeasible  163         8.00000    7.00000  12.5%   4.7 2970s
 41336093 45564 infeasible  162         8.00000    7.00000  12.5%   4.7 2975s
 41402323 41692 infeasible  142         8.00000    7.00000  12.5%   4.7 2980s
 41472538 39986    7.00000  171   10    8.00000    7.00000  12.5%   4.7 2985s
 41541832 35222 infeasible  165         8.00000    7.00000  12.5%   4.7 2990s
 41611109 30387 infeasible  158         8.00000    7.00000  12.5%   4.7 2995s
 41679800 25810 infeasible  160         8.00000    7.00000  12.5%   4.7 3000s
 41747156 20663 infeasible  173         8.00000    7.00000  12.5%   4.7 3005s
 41814977 15325 infeasible  168         8.00000    7.00000  12.5%   4.7 3010s
 41880344 10239 infeasible  144         8.00000    7.00000  12.5%   4.7 3015s
 41946975  4437    7.00000  171   11    8.00000    7.00000  12.5%   4.7 3020s
 42016517  3159    7.00000  154   14    8.00000    7.00000  12.5%   4.7 3025s
 42087396  2916 infeasible  141         8.00000    7.00000  12.5%   4.7 3030s
 42152407  2509 infeasible  130         8.00000    7.00000  12.5%   4.7 3035s
 42212583  2633    7.00000  136   13    8.00000    7.00000  12.5%   4.7 3040s
 42280939  2157 infeasible  144         8.00000    7.00000  12.5%   4.7 3045s
 42349626  1976 infeasible  138         8.00000    7.00000  12.5%   4.7 3050s

Cutting planes:
  Inf proof: 24

Explored 42413195 nodes (198323458 simplex iterations) in 3054.72 seconds
Thread count was 4 (of 4 available processors)

Solution count 4: 8 9 10 11 

Optimal solution found (tolerance 1.00e-04)
Best objective 8.000000000000e+00, best bound 8.000000000000e+00, gap 0.0000%
