
Gurobi 8.1.1 (win64) logging started 11/24/19 13:26:05

Changed value of parameter LogFile to logs/drand/ip/drand-10-075-2.log
   Prev: gurobi.log  Default: 
Changed value of parameter LogToConsole to 0
   Prev: 1  Min: 0  Max: 1  Default: 1
Changed value of parameter TimeLimit to 3600.0
   Prev: 1e+100  Min: 0.0  Max: 1e+100  Default: 1e+100
Optimize a model with 1230 rows, 572 columns and 4585 nonzeros
Variable types: 0 continuous, 572 integer (561 binary)
Coefficient statistics:
  Matrix range     [1e+00, 4e+02]
  Objective range  [1e+00, 1e+00]
  Bounds range     [1e+00, 1e+00]
  RHS range        [1e+00, 4e+02]
Presolve removed 3 rows and 3 columns
Presolve time: 0.02s
Presolved: 1227 rows, 569 columns, 4576 nonzeros
Variable types: 0 continuous, 569 integer (558 binary)

Root relaxation: objective 4.076923e+00, 519 iterations, 0.03 seconds

    Nodes    |    Current Node    |     Objective Bounds      |     Work
 Expl Unexpl |  Obj  Depth IntInf | Incumbent    BestBd   Gap | It/Node Time

     0     0    4.07692    0   77          -    4.07692      -     -    0s
H    0     0                      10.0000000    4.07692  59.2%     -    0s
     0     0    5.00000    0   21   10.00000    5.00000  50.0%     -    0s
     0     0    5.00000    0   13   10.00000    5.00000  50.0%     -    0s
H    0     0                       9.0000000    5.00000  44.4%     -    0s
     0     0    5.00000    0   30    9.00000    5.00000  44.4%     -    0s
     0     0    5.00000    0   16    9.00000    5.00000  44.4%     -    0s
     0     0    5.00000    0   16    9.00000    5.00000  44.4%     -    0s
     0     0    5.00000    0   15    9.00000    5.00000  44.4%     -    0s
     0     0    5.00000    0   14    9.00000    5.00000  44.4%     -    0s
     0     0    5.00000    0   18    9.00000    5.00000  44.4%     -    0s
     0     0    5.00000    0   14    9.00000    5.00000  44.4%     -    0s
     0     0    5.00000    0   13    9.00000    5.00000  44.4%     -    0s
     0     0    5.00000    0   24    9.00000    5.00000  44.4%     -    0s
     0     0    5.00000    0   22    9.00000    5.00000  44.4%     -    0s
     0     0    5.00000    0   22    9.00000    5.00000  44.4%     -    0s
     0     0    5.00000    0   17    9.00000    5.00000  44.4%     -    0s
     0     0    5.00000    0   16    9.00000    5.00000  44.4%     -    0s
     0     0    5.00000    0   17    9.00000    5.00000  44.4%     -    0s
     0     0    5.00000    0   19    9.00000    5.00000  44.4%     -    0s
     0     0    5.00000    0   18    9.00000    5.00000  44.4%     -    0s
     0     0    5.00000    0   18    9.00000    5.00000  44.4%     -    0s
     0     0    5.00000    0   18    9.00000    5.00000  44.4%     -    0s
     0     2    5.00000    0   18    9.00000    5.00000  44.4%     -    0s
H 1683   505                       8.0000000    5.00000  37.5%  15.6    1s
 19054  8108    5.00000   40   20    8.00000    5.00000  37.5%   8.1    5s
 63134 31470    7.00000   78   15    8.00000    5.00000  37.5%   6.9   10s
 124939 65199 infeasible   55         8.00000    6.00000  25.0%   6.3   15s
 197272 98998 infeasible  100         8.00000    6.00000  25.0%   5.6   20s
 270788 136849    7.00000   79   18    8.00000    6.00000  25.0%   5.3   25s
 341947 175992    7.00000   78   14    8.00000    6.00000  25.0%   5.2   30s
 410723 214108    7.00000   73   16    8.00000    6.00000  25.0%   5.0   35s
 476907 250154    7.00000   94    9    8.00000    6.00000  25.0%   5.0   40s
 543523 288218    7.00000   88   13    8.00000    6.00000  25.0%   5.0   45s
 609333 323912    7.00000   83   19    8.00000    6.00000  25.0%   5.0   50s
 668533 355472    6.00000   95   10    8.00000    6.00000  25.0%   5.0   55s
 735243 391155    7.00000   90    9    8.00000    6.00000  25.0%   4.9   60s
 800253 425786    7.00000   85    8    8.00000    6.00000  25.0%   5.0   65s
 866367 460664    7.00000   80   11    8.00000    6.00000  25.0%   4.9   70s
 933695 496709 infeasible  110         8.00000    6.00000  25.0%   4.9   75s
 997437 531471    7.00000   94   21    8.00000    6.00000  25.0%   5.0   80s
 1063985 566680    7.00000  124   17    8.00000    6.00000  25.0%   5.0   85s
 1129403 600803    7.00000  104   17    8.00000    6.00000  25.0%   5.0   90s
 1193629 634543    7.00000   70   13    8.00000    6.00000  25.0%   5.0   95s
 1242365 660225    7.00000   76   21    8.00000    6.00000  25.0%   5.0  101s
 1275731 670499    6.00000   68   12    8.00000    6.00000  25.0%   5.0  105s
 1334567 688382    6.00000   81   16    8.00000    6.00000  25.0%   5.1  110s
 1402284 701959 infeasible   77         8.00000    6.00000  25.0%   5.1  115s
 1479644 714859    7.00000  106    8    8.00000    6.00000  25.0%   5.1  120s
 1559535 727477    6.00000   76   16    8.00000    6.00000  25.0%   5.1  125s
 1637293 738745 infeasible   76         8.00000    6.00000  25.0%   5.0  130s
 1709922 749493    7.00000  121    9    8.00000    6.00000  25.0%   5.0  135s
 1784241 762217 infeasible   93         8.00000    6.00000  25.0%   5.0  140s
 1859039 775299    7.00000   90   11    8.00000    6.00000  25.0%   5.0  145s
 1932901 788325    6.00000   96   14    8.00000    6.00000  25.0%   5.0  150s
 2006020 801457    6.00000  100   16    8.00000    6.00000  25.0%   5.0  155s
 2082237 815643    7.00000  107   12    8.00000    6.00000  25.0%   5.0  160s
 2155310 828710    7.00000  120   17    8.00000    6.00000  25.0%   5.0  165s
 2220497 845300    7.00000  105   15    8.00000    6.00000  25.0%   5.1  170s
 2284891 856974    6.00581   90   17    8.00000    6.00000  25.0%   5.1  175s
 2355380 870028    7.00000  116   12    8.00000    6.00000  25.0%   5.1  180s
 2424982 882862    7.00000  109   12    8.00000    6.00000  25.0%   5.1  185s
 2492056 894816 infeasible   71         8.00000    6.00000  25.0%   5.1  190s
 2563181 908607    7.00000  105   12    8.00000    6.00000  25.0%   5.1  195s
 2632624 923676    7.00000  140   16    8.00000    6.00000  25.0%   5.1  200s
 2704416 939226    7.00000  114   12    8.00000    6.00000  25.0%   5.1  205s
 2775762 953713    7.00000  100   10    8.00000    6.00000  25.0%   5.1  210s
 2846836 967388    6.00000   84   14    8.00000    6.00000  25.0%   5.1  215s
 2910603 979528    7.00000  112   16    8.00000    6.00000  25.0%   5.1  220s
 2978632 991607 infeasible   95         8.00000    6.00000  25.0%   5.1  225s
 3047550 1004465    7.00000  105    8    8.00000    6.00000  25.0%   5.1  230s
 3108253 1014384    7.00000   93   10    8.00000    6.00000  25.0%   5.1  235s
 3175415 1025827    7.00000  132   13    8.00000    6.00000  25.0%   5.1  240s
 3249180 1046870    7.00000  107   16    8.00000    6.00000  25.0%   5.1  245s
 3320031 1083392    7.00000   86   13    8.00000    6.00000  25.0%   5.1  250s
 3392225 1120634 infeasible   88         8.00000    6.00000  25.0%   5.1  255s
 3460358 1156885 infeasible  136         8.00000    6.00000  25.0%   5.1  260s
 3515095 1184337    6.00000   77   11    8.00000    6.00000  25.0%   5.1  265s
 3585924 1218735 infeasible   84         8.00000    6.00000  25.0%   5.2  270s
 3648938 1249505 infeasible   87         8.00000    6.00000  25.0%   5.2  275s
 3717606 1283906    7.00000  105   12    8.00000    6.00000  25.0%   5.2  280s
 3788573 1319380 infeasible   77         8.00000    6.00000  25.0%   5.2  285s
 3857014 1353535    7.00000  141   13    8.00000    6.00000  25.0%   5.2  290s
 3918197 1384191    7.00000   92   16    8.00000    6.00000  25.0%   5.2  295s
 3985584 1418762    7.00000   96   15    8.00000    6.00000  25.0%   5.2  300s
 4053569 1452624    6.00292   69   25    8.00000    6.00000  25.0%   5.2  305s
 4121603 1487072    7.00000  114   22    8.00000    6.00000  25.0%   5.2  310s
 4190985 1503151 infeasible  109         8.00000    7.00000  12.5%   5.2  315s
 4255462 1488855 infeasible  109         8.00000    7.00000  12.5%   5.2  320s
 4321625 1480729 infeasible  120         8.00000    7.00000  12.5%   5.1  325s
 4385903 1469601 infeasible   88         8.00000    7.00000  12.5%   5.1  330s
 4450084 1458106 infeasible  103         8.00000    7.00000  12.5%   5.1  335s
 4513047 1443187    7.00000  110   13    8.00000    7.00000  12.5%   5.1  340s
 4577693 1431027    7.00000  112    7    8.00000    7.00000  12.5%   5.1  345s
 4642226 1417155    7.00000  104   10    8.00000    7.00000  12.5%   5.0  350s
 4702054 1405299 infeasible  104         8.00000    7.00000  12.5%   5.0  355s
 4766378 1393483 infeasible   99         8.00000    7.00000  12.5%   5.0  360s
 4831136 1381912    7.00000  101    8    8.00000    7.00000  12.5%   5.0  365s
 4895612 1363807 infeasible   92         8.00000    7.00000  12.5%   5.0  370s
 4960106 1343150 infeasible  112         8.00000    7.00000  12.5%   5.0  375s
 5023503 1321376 infeasible  129         8.00000    7.00000  12.5%   5.0  380s
 5085175 1298576 infeasible  111         8.00000    7.00000  12.5%   4.9  385s
 5148994 1277524 infeasible  143         8.00000    7.00000  12.5%   4.9  390s
 5209389 1259402 infeasible   96         8.00000    7.00000  12.5%   4.9  395s
 5272899 1238813 infeasible  101         8.00000    7.00000  12.5%   4.9  400s
 5336574 1230029 infeasible  118         8.00000    7.00000  12.5%   4.9  405s
 5400128 1223158 infeasible  113         8.00000    7.00000  12.5%   4.9  410s
 5459252 1213640 infeasible   93         8.00000    7.00000  12.5%   4.9  415s
 5521331 1205838 infeasible  131         8.00000    7.00000  12.5%   4.9  420s
 5584276 1197271 infeasible  133         8.00000    7.00000  12.5%   4.9  425s
 5646967 1186504    7.00000  124    8    8.00000    7.00000  12.5%   4.9  430s
 5708674 1176603 infeasible  114         8.00000    7.00000  12.5%   4.8  435s
 5771092 1165305 infeasible  103         8.00000    7.00000  12.5%   4.8  440s
 5833012 1156361 infeasible  112         8.00000    7.00000  12.5%   4.8  445s
 5894113 1146686 infeasible  128         8.00000    7.00000  12.5%   4.8  450s
 5957548 1138433 infeasible  120         8.00000    7.00000  12.5%   4.8  455s
 6018678 1132086 infeasible  113         8.00000    7.00000  12.5%   4.8  460s
 6083598 1122971 infeasible  121         8.00000    7.00000  12.5%   4.8  465s
 6149681 1114817 infeasible  132         8.00000    7.00000  12.5%   4.8  470s
 6212796 1107902 infeasible  101         8.00000    7.00000  12.5%   4.8  475s
 6277993 1099116 infeasible  117         8.00000    7.00000  12.5%   4.8  480s
 6344893 1089049 infeasible  115         8.00000    7.00000  12.5%   4.8  485s
 6410415 1078852    7.00000  129    8    8.00000    7.00000  12.5%   4.7  490s
 6477342 1070165 infeasible  106         8.00000    7.00000  12.5%   4.7  495s
 6544417 1060962 infeasible  108         8.00000    7.00000  12.5%   4.7  500s
 6610225 1053276    7.00000  135   11    8.00000    7.00000  12.5%   4.7  505s
 6677123 1044516 infeasible  116         8.00000    7.00000  12.5%   4.7  510s
 6744133 1034313 infeasible  113         8.00000    7.00000  12.5%   4.7  515s
 6809060 1024358 infeasible  130         8.00000    7.00000  12.5%   4.7  520s
 6874895 1015351 infeasible  102         8.00000    7.00000  12.5%   4.7  525s
 6940565 1005621 infeasible  100         8.00000    7.00000  12.5%   4.7  530s
 7003485 996118 infeasible   89         8.00000    7.00000  12.5%   4.7  535s
 7070257 985073 infeasible   99         8.00000    7.00000  12.5%   4.7  540s
 7136739 976239 infeasible  112         8.00000    7.00000  12.5%   4.7  545s
 7202922 965589 infeasible  122         8.00000    7.00000  12.5%   4.6  550s
 7269079 956340 infeasible  127         8.00000    7.00000  12.5%   4.6  555s
 7335319 946663 infeasible  109         8.00000    7.00000  12.5%   4.6  560s
 7401561 937389 infeasible  101         8.00000    7.00000  12.5%   4.6  565s
 7468237 927196 infeasible  113         8.00000    7.00000  12.5%   4.6  570s
 7533025 917931 infeasible  122         8.00000    7.00000  12.5%   4.6  575s
 7598781 907852 infeasible  104         8.00000    7.00000  12.5%   4.6  580s
 7665726 899172 infeasible  103         8.00000    7.00000  12.5%   4.6  585s
 7731670 891120 infeasible  111         8.00000    7.00000  12.5%   4.6  590s
 7794740 882565 infeasible  129         8.00000    7.00000  12.5%   4.6  595s
 7860965 874300 infeasible  108         8.00000    7.00000  12.5%   4.6  600s
 7927256 865853 infeasible  122         8.00000    7.00000  12.5%   4.6  605s
 7993182 857081 infeasible  129         8.00000    7.00000  12.5%   4.6  610s
 8058736 847671 infeasible  110         8.00000    7.00000  12.5%   4.6  615s
 8124496 838277 infeasible  132         8.00000    7.00000  12.5%   4.6  620s
 8189507 830178 infeasible  127         8.00000    7.00000  12.5%   4.6  625s
 8255907 821766 infeasible  131         8.00000    7.00000  12.5%   4.5  630s
 8321154 812875 infeasible  119         8.00000    7.00000  12.5%   4.5  635s
 8387674 803904 infeasible  108         8.00000    7.00000  12.5%   4.5  640s
 8453487 795661 infeasible   91         8.00000    7.00000  12.5%   4.5  645s
 8519885 787594 infeasible  128         8.00000    7.00000  12.5%   4.5  650s
 8583477 778625 infeasible  106         8.00000    7.00000  12.5%   4.5  655s
 8648432 770526 infeasible  102         8.00000    7.00000  12.5%   4.5  660s
 8712686 762211 infeasible  115         8.00000    7.00000  12.5%   4.5  665s
 8775347 754252 infeasible  105         8.00000    7.00000  12.5%   4.5  670s
 8840781 745427 infeasible  113         8.00000    7.00000  12.5%   4.5  675s
 8905846 736850 infeasible  125         8.00000    7.00000  12.5%   4.5  680s
 8971442 727057 infeasible  108         8.00000    7.00000  12.5%   4.5  685s
 9036587 717657 infeasible   80         8.00000    7.00000  12.5%   4.5  690s
 9102653 708798 infeasible  113         8.00000    7.00000  12.5%   4.5  695s
 9169153 699436 infeasible  132         8.00000    7.00000  12.5%   4.5  700s
 9235962 691963 infeasible  137         8.00000    7.00000  12.5%   4.5  705s
 9301658 686927 infeasible  114         8.00000    7.00000  12.5%   4.5  710s
 9363059 681790 infeasible  119         8.00000    7.00000  12.5%   4.5  715s
 9428233 677884 infeasible  121         8.00000    7.00000  12.5%   4.5  720s
 9494186 673385    7.00000  126    9    8.00000    7.00000  12.5%   4.5  725s
 9561142 667996 infeasible  131         8.00000    7.00000  12.5%   4.5  730s
 9627347 663459 infeasible  140         8.00000    7.00000  12.5%   4.5  735s
 9691866 657858 infeasible  110         8.00000    7.00000  12.5%   4.5  740s
 9757117 651887 infeasible  157         8.00000    7.00000  12.5%   4.5  745s
 9821862 647033    7.00000  112    6    8.00000    7.00000  12.5%   4.5  750s
 9888067 641744 infeasible  110         8.00000    7.00000  12.5%   4.4  755s
 9954000 636758 infeasible  109         8.00000    7.00000  12.5%   4.4  760s
 10018128 631768 infeasible  120         8.00000    7.00000  12.5%   4.4  765s
 10083874 627384 infeasible  105         8.00000    7.00000  12.5%   4.4  770s
 10147027 622016 infeasible  113         8.00000    7.00000  12.5%   4.4  775s
 10212779 616802 infeasible  104         8.00000    7.00000  12.5%   4.4  780s
 10278298 611340    7.00000  157   11    8.00000    7.00000  12.5%   4.4  785s
 10342592 606193 infeasible  122         8.00000    7.00000  12.5%   4.4  790s
 10404504 600512 infeasible  133         8.00000    7.00000  12.5%   4.4  795s
 10466416 595335 infeasible  122         8.00000    7.00000  12.5%   4.4  800s
 10532251 589302 infeasible  111         8.00000    7.00000  12.5%   4.4  805s
 10598776 583564 infeasible  114         8.00000    7.00000  12.5%   4.4  810s
 10664771 577684 infeasible  138         8.00000    7.00000  12.5%   4.4  815s
 10728602 571783 infeasible  126         8.00000    7.00000  12.5%   4.4  820s
 10793667 567064    7.00000  133    8    8.00000    7.00000  12.5%   4.4  825s
 10860341 561566 infeasible   91         8.00000    7.00000  12.5%   4.4  830s
 10922439 556427 infeasible  112         8.00000    7.00000  12.5%   4.4  835s
 10987410 551014 infeasible  127         8.00000    7.00000  12.5%   4.4  840s
 11053706 546396 infeasible   88         8.00000    7.00000  12.5%   4.4  845s
 11120035 542574 infeasible  112         8.00000    7.00000  12.5%   4.4  850s
 11186321 538680 infeasible  105         8.00000    7.00000  12.5%   4.4  855s
 11252371 534473 infeasible  134         8.00000    7.00000  12.5%   4.4  860s
 11318713 531168 infeasible  128         8.00000    7.00000  12.5%   4.4  865s
 11383800 527719 infeasible  116         8.00000    7.00000  12.5%   4.4  870s
 11448884 524249 infeasible  116         8.00000    7.00000  12.5%   4.4  875s
 11515930 521013    7.00000  108    9    8.00000    7.00000  12.5%   4.4  880s
 11582762 516468 infeasible  111         8.00000    7.00000  12.5%   4.4  885s
 11649004 511582 infeasible  143         8.00000    7.00000  12.5%   4.4  890s
 11711409 507822 infeasible  124         8.00000    7.00000  12.5%   4.4  895s
 11777439 504035 infeasible  103         8.00000    7.00000  12.5%   4.4  900s
 11842617 500429 infeasible  132         8.00000    7.00000  12.5%   4.4  905s
 11907695 497017 infeasible  143         8.00000    7.00000  12.5%   4.4  910s
 11973211 493237 infeasible  108         8.00000    7.00000  12.5%   4.4  915s
 12039245 489669 infeasible  118         8.00000    7.00000  12.5%   4.4  920s
 12105241 486103 infeasible  116         8.00000    7.00000  12.5%   4.4  925s
 12171484 482433 infeasible  109         8.00000    7.00000  12.5%   4.4  930s
 12233919 478432 infeasible  109         8.00000    7.00000  12.5%   4.4  935s
 12298041 474131 infeasible   98         8.00000    7.00000  12.5%   4.4  940s
 12362592 470252    7.00000  130    8    8.00000    7.00000  12.5%   4.4  945s
 12426761 465724 infeasible  113         8.00000    7.00000  12.5%   4.4  950s
 12488615 460959 infeasible   92         8.00000    7.00000  12.5%   4.4  955s
 12552109 456527 infeasible  132         8.00000    7.00000  12.5%   4.4  960s
 12617021 452034 infeasible  116         8.00000    7.00000  12.5%   4.4  965s
 12682298 447432    7.00000  128    6    8.00000    7.00000  12.5%   4.4  970s
 12745967 443654 infeasible  155         8.00000    7.00000  12.5%   4.4  975s
 12808746 439341 infeasible  142         8.00000    7.00000  12.5%   4.4  980s
 12872670 435245 infeasible  108         8.00000    7.00000  12.5%   4.4  985s
 12937281 430332 infeasible  106         8.00000    7.00000  12.5%   4.4  990s
 12998721 425488 infeasible  114         8.00000    7.00000  12.5%   4.4  995s
 13061287 421413    7.00000  134    8    8.00000    7.00000  12.5%   4.4 1000s
 13125975 417476    7.00000   89    8    8.00000    7.00000  12.5%   4.4 1005s
 13191313 413766 infeasible  147         8.00000    7.00000  12.5%   4.4 1010s
 13252614 410819 infeasible  121         8.00000    7.00000  12.5%   4.4 1015s
 13317786 407284 infeasible  133         8.00000    7.00000  12.5%   4.4 1020s
 13382779 403482 infeasible  131         8.00000    7.00000  12.5%   4.4 1025s
 13449237 400341 infeasible  134         8.00000    7.00000  12.5%   4.3 1030s
 13515467 397387 infeasible  125         8.00000    7.00000  12.5%   4.3 1035s
 13579655 394331 infeasible  120         8.00000    7.00000  12.5%   4.3 1040s
 13645701 391197 infeasible   98         8.00000    7.00000  12.5%   4.3 1045s
 13710959 388070 infeasible  134         8.00000    7.00000  12.5%   4.3 1050s
 13776585 384717 infeasible  139         8.00000    7.00000  12.5%   4.3 1055s
 13842229 381316 infeasible  122         8.00000    7.00000  12.5%   4.3 1060s
 13903394 377699 infeasible  121         8.00000    7.00000  12.5%   4.3 1065s
 13966773 373836 infeasible  148         8.00000    7.00000  12.5%   4.3 1070s
 14028534 370564 infeasible  100         8.00000    7.00000  12.5%   4.3 1075s
 14093370 366470 infeasible  107         8.00000    7.00000  12.5%   4.3 1080s
 14158632 362944 infeasible  107         8.00000    7.00000  12.5%   4.3 1085s
 14223542 359714 infeasible  129         8.00000    7.00000  12.5%   4.3 1090s
 14288612 356516    7.00000  102    8    8.00000    7.00000  12.5%   4.3 1095s
 14353782 352931 infeasible  131         8.00000    7.00000  12.5%   4.3 1100s
 14417416 349558 infeasible  126         8.00000    7.00000  12.5%   4.3 1105s
 14482547 346464 infeasible  136         8.00000    7.00000  12.5%   4.3 1110s
 14547314 343319 infeasible  132         8.00000    7.00000  12.5%   4.3 1115s
 14612055 339406    7.00000  107   12    8.00000    7.00000  12.5%   4.3 1120s
 14673916 336149 infeasible   99         8.00000    7.00000  12.5%   4.3 1125s
 14736994 332132 infeasible  119         8.00000    7.00000  12.5%   4.3 1130s
 14799042 328616 infeasible  114         8.00000    7.00000  12.5%   4.3 1135s
 14863122 324044 infeasible  117         8.00000    7.00000  12.5%   4.3 1140s
 14927303 319927 infeasible  123         8.00000    7.00000  12.5%   4.3 1145s
 14991903 316643 infeasible  100         8.00000    7.00000  12.5%   4.3 1150s
 15057519 314007 infeasible  123         8.00000    7.00000  12.5%   4.3 1155s
 15122295 311383 infeasible  138         8.00000    7.00000  12.5%   4.3 1160s
 15187274 308333 infeasible  105         8.00000    7.00000  12.5%   4.3 1165s
 15251736 305830 infeasible  116         8.00000    7.00000  12.5%   4.3 1170s
 15316260 303277 infeasible  106         8.00000    7.00000  12.5%   4.3 1175s
 15381498 300913 infeasible  115         8.00000    7.00000  12.5%   4.3 1180s
 15445835 298521 infeasible  130         8.00000    7.00000  12.5%   4.3 1185s
 15510274 296585 infeasible  134         8.00000    7.00000  12.5%   4.3 1190s
 15571684 293617 infeasible  132         8.00000    7.00000  12.5%   4.3 1195s
 15634691 291963 infeasible   87         8.00000    7.00000  12.5%   4.3 1200s
 15699564 289177 infeasible  111         8.00000    7.00000  12.5%   4.3 1205s
 15765456 287113 infeasible  104         8.00000    7.00000  12.5%   4.3 1210s
 15829813 284960 infeasible  124         8.00000    7.00000  12.5%   4.3 1215s
 15894980 282582 infeasible  146         8.00000    7.00000  12.5%   4.3 1220s
 15958601 281034 infeasible  121         8.00000    7.00000  12.5%   4.3 1225s
 16024082 278923 infeasible  117         8.00000    7.00000  12.5%   4.3 1230s
 16089132 275525 infeasible  118         8.00000    7.00000  12.5%   4.3 1235s
 16154196 272652    7.00000  138   10    8.00000    7.00000  12.5%   4.3 1240s
 16219071 269150 infeasible   87         8.00000    7.00000  12.5%   4.3 1245s
 16285016 266995 infeasible  102         8.00000    7.00000  12.5%   4.3 1250s
 16345154 264554 infeasible  138         8.00000    7.00000  12.5%   4.3 1255s
 16408568 261700 infeasible  133         8.00000    7.00000  12.5%   4.3 1260s
 16473815 258678 infeasible  136         8.00000    7.00000  12.5%   4.3 1265s
 16537744 255998 infeasible  129         8.00000    7.00000  12.5%   4.3 1270s
 16602703 253262 infeasible  118         8.00000    7.00000  12.5%   4.3 1275s
 16667188 249572 infeasible   95         8.00000    7.00000  12.5%   4.3 1280s
 16731401 245958 infeasible  106         8.00000    7.00000  12.5%   4.3 1285s
 16797057 243844 infeasible  111         8.00000    7.00000  12.5%   4.3 1290s
 16862219 242483    7.00000  110    8    8.00000    7.00000  12.5%   4.3 1295s
 16927564 240749 infeasible   97         8.00000    7.00000  12.5%   4.3 1300s
 16992869 239097 infeasible  143         8.00000    7.00000  12.5%   4.3 1305s
 17058975 237657 infeasible  144         8.00000    7.00000  12.5%   4.3 1310s
 17121124 235734 infeasible  151         8.00000    7.00000  12.5%   4.3 1315s
 17185344 234313 infeasible  112         8.00000    7.00000  12.5%   4.3 1320s
 17250606 232883 infeasible  128         8.00000    7.00000  12.5%   4.3 1325s
 17316394 231257 infeasible  112         8.00000    7.00000  12.5%   4.3 1330s
 17380892 229783 infeasible  111         8.00000    7.00000  12.5%   4.3 1335s
 17445751 227744    7.00000  152   10    8.00000    7.00000  12.5%   4.3 1340s
 17510980 226146 infeasible  117         8.00000    7.00000  12.5%   4.3 1345s
 17576569 224309 infeasible  135         8.00000    7.00000  12.5%   4.3 1350s
 17641678 222503 infeasible  121         8.00000    7.00000  12.5%   4.3 1355s
 17707229 221075 infeasible  121         8.00000    7.00000  12.5%   4.3 1360s
 17772418 219591 infeasible  111         8.00000    7.00000  12.5%   4.3 1365s
 17837452 217729 infeasible  120         8.00000    7.00000  12.5%   4.3 1370s
 17898055 215813 infeasible  101         8.00000    7.00000  12.5%   4.3 1375s
 17962926 214161 infeasible  128         8.00000    7.00000  12.5%   4.3 1380s
 18026568 212999 infeasible  126         8.00000    7.00000  12.5%   4.3 1385s
 18091908 210849 infeasible  120         8.00000    7.00000  12.5%   4.3 1390s
 18155843 208558 infeasible  132         8.00000    7.00000  12.5%   4.3 1395s
 18219701 206523 infeasible  104         8.00000    7.00000  12.5%   4.3 1400s
 18283689 204850 infeasible  115         8.00000    7.00000  12.5%   4.3 1405s
 18348476 202887 infeasible  126         8.00000    7.00000  12.5%   4.3 1410s
 18412909 200403 infeasible  103         8.00000    7.00000  12.5%   4.3 1415s
 18478148 198324 infeasible  118         8.00000    7.00000  12.5%   4.3 1420s
 18542413 195918 infeasible  111         8.00000    7.00000  12.5%   4.3 1425s
 18607702 194143 infeasible  119         8.00000    7.00000  12.5%   4.3 1430s
 18668745 191935 infeasible  124         8.00000    7.00000  12.5%   4.3 1435s
 18728511 190663 infeasible  125         8.00000    7.00000  12.5%   4.3 1440s
 18791990 189079 infeasible  142         8.00000    7.00000  12.5%   4.3 1445s
 18857189 187533 infeasible  113         8.00000    7.00000  12.5%   4.3 1450s
 18920412 187053 infeasible  128         8.00000    7.00000  12.5%   4.3 1455s
 18985358 185867    7.00000  135    7    8.00000    7.00000  12.5%   4.3 1460s
 19050701 184462 infeasible  106         8.00000    7.00000  12.5%   4.3 1465s
 19115310 182693 infeasible  109         8.00000    7.00000  12.5%   4.3 1470s
 19178954 181315 infeasible  114         8.00000    7.00000  12.5%   4.3 1475s
 19242909 179797 infeasible  104         8.00000    7.00000  12.5%   4.3 1480s
 19308212 178472 infeasible  103         8.00000    7.00000  12.5%   4.3 1485s
 19372740 176202 infeasible  101         8.00000    7.00000  12.5%   4.3 1490s
 19435070 174770 infeasible  114         8.00000    7.00000  12.5%   4.3 1495s
 19498146 172854 infeasible  146         8.00000    7.00000  12.5%   4.3 1500s
 19562702 171240 infeasible  136         8.00000    7.00000  12.5%   4.3 1505s
 19626587 169848 infeasible  108         8.00000    7.00000  12.5%   4.3 1510s
 19691371 168500    7.00000  118    8    8.00000    7.00000  12.5%   4.3 1515s
 19755549 166557 infeasible  135         8.00000    7.00000  12.5%   4.3 1520s
 19819805 165169 infeasible  111         8.00000    7.00000  12.5%   4.3 1525s
 19884032 163142 infeasible  107         8.00000    7.00000  12.5%   4.3 1530s
 19949373 161722 infeasible  136         8.00000    7.00000  12.5%   4.3 1535s
 20013148 160052 infeasible  136         8.00000    7.00000  12.5%   4.3 1540s
 20077245 158184 infeasible  137         8.00000    7.00000  12.5%   4.3 1545s
 20141451 156779 infeasible  113         8.00000    7.00000  12.5%   4.4 1550s
 20202685 155005 infeasible  117         8.00000    7.00000  12.5%   4.4 1555s
 20265770 153804 infeasible  104         8.00000    7.00000  12.5%   4.4 1560s
 20325879 151944 infeasible  105         8.00000    7.00000  12.5%   4.4 1565s
 20388709 150441 infeasible  124         8.00000    7.00000  12.5%   4.4 1570s
 20448904 148591 infeasible  125         8.00000    7.00000  12.5%   4.4 1575s
 20512520 146769 infeasible   92         8.00000    7.00000  12.5%   4.4 1580s
 20576745 145190 infeasible  134         8.00000    7.00000  12.5%   4.4 1585s
 20641434 144284    7.00000  122   15    8.00000    7.00000  12.5%   4.4 1590s
 20703210 144683 infeasible  145         8.00000    7.00000  12.5%   4.4 1595s
 20762439 144791 infeasible  130         8.00000    7.00000  12.5%   4.4 1600s
 20824707 144891 infeasible  148         8.00000    7.00000  12.5%   4.4 1605s
 20887051 144363 infeasible  119         8.00000    7.00000  12.5%   4.4 1610s
 20946275 144228 infeasible  143         8.00000    7.00000  12.5%   4.4 1615s
 21011345 144029 infeasible  130         8.00000    7.00000  12.5%   4.4 1620s
 21074729 143835 infeasible  128         8.00000    7.00000  12.5%   4.4 1625s
 21139477 144936 infeasible  131         8.00000    7.00000  12.5%   4.4 1630s
 21201739 143676    7.00000  125    9    8.00000    7.00000  12.5%   4.4 1635s
 21266745 143750 infeasible  110         8.00000    7.00000  12.5%   4.4 1640s
 21331652 143553 infeasible  119         8.00000    7.00000  12.5%   4.4 1645s
 21394146 143439 infeasible  125         8.00000    7.00000  12.5%   4.4 1650s
 21458178 143085 infeasible   93         8.00000    7.00000  12.5%   4.4 1655s
 21521872 142916 infeasible  142         8.00000    7.00000  12.5%   4.4 1660s
 21585204 142588 infeasible   87         8.00000    7.00000  12.5%   4.4 1665s
 21648213 142371 infeasible  130         8.00000    7.00000  12.5%   4.4 1670s
 21709456 142188 infeasible   96         8.00000    7.00000  12.5%   4.4 1675s
 21773442 142169 infeasible  137         8.00000    7.00000  12.5%   4.4 1680s
 21835444 142199 infeasible   96         8.00000    7.00000  12.5%   4.4 1685s
 21898650 141746 infeasible  141         8.00000    7.00000  12.5%   4.4 1690s
 21963422 141978 infeasible  122         8.00000    7.00000  12.5%   4.4 1695s
 22026025 142476    7.00000  159    9    8.00000    7.00000  12.5%   4.4 1700s
 22084782 141895 infeasible  109         8.00000    7.00000  12.5%   4.4 1705s
 22143573 141645 infeasible   95         8.00000    7.00000  12.5%   4.4 1710s
 22208961 141272 infeasible  140         8.00000    7.00000  12.5%   4.4 1715s
 22271327 141085 infeasible  124         8.00000    7.00000  12.5%   4.4 1720s
 22335416 140799 infeasible  110         8.00000    7.00000  12.5%   4.4 1725s
 22399758 140619 infeasible  112         8.00000    7.00000  12.5%   4.4 1730s
 22460445 140344 infeasible  136         8.00000    7.00000  12.5%   4.4 1735s
 22523027 140222 infeasible  131         8.00000    7.00000  12.5%   4.4 1740s
 22585794 140109    7.00000  116   12    8.00000    7.00000  12.5%   4.4 1745s
 22647050 139994 infeasible  113         8.00000    7.00000  12.5%   4.4 1750s
 22705886 139753 infeasible  124         8.00000    7.00000  12.5%   4.4 1755s
 22768670 142044 infeasible  137         8.00000    7.00000  12.5%   4.4 1760s
 22826642 140608 infeasible  128         8.00000    7.00000  12.5%   4.4 1765s
 22886721 140910    7.00000  119    6    8.00000    7.00000  12.5%   4.4 1770s
 22948621 139971 infeasible  146         8.00000    7.00000  12.5%   4.4 1775s
 23011905 139605 infeasible  122         8.00000    7.00000  12.5%   4.4 1780s
 23075109 139584 infeasible   94         8.00000    7.00000  12.5%   4.4 1785s
 23138552 139224 infeasible  117         8.00000    7.00000  12.5%   4.4 1790s
 23199956 140017 infeasible  151         8.00000    7.00000  12.5%   4.4 1795s
 23259467 138952 infeasible  113         8.00000    7.00000  12.5%   4.4 1800s
 23323979 139065 infeasible  141         8.00000    7.00000  12.5%   4.4 1805s
 23385690 138777 infeasible   95         8.00000    7.00000  12.5%   4.4 1810s
 23450337 138753 infeasible  144         8.00000    7.00000  12.5%   4.4 1815s
 23514162 138549 infeasible  133         8.00000    7.00000  12.5%   4.4 1820s
 23577294 138235 infeasible  118         8.00000    7.00000  12.5%   4.4 1825s
 23640753 138256 infeasible  100         8.00000    7.00000  12.5%   4.4 1830s
 23701368 137990 infeasible  116         8.00000    7.00000  12.5%   4.4 1835s
 23763726 138058    7.00000  151   12    8.00000    7.00000  12.5%   4.4 1840s
 23825995 137861    7.00000  126   19    8.00000    7.00000  12.5%   4.4 1845s
 23889958 137719 infeasible  141         8.00000    7.00000  12.5%   4.4 1850s
 23948585 137732 infeasible  102         8.00000    7.00000  12.5%   4.4 1855s
 24009738 137402 infeasible  100         8.00000    7.00000  12.5%   4.4 1860s
 24071656 137222    7.00000  113   16    8.00000    7.00000  12.5%   4.4 1865s
 24132772 137086 infeasible  119         8.00000    7.00000  12.5%   4.4 1870s
 24196900 136889 infeasible  135         8.00000    7.00000  12.5%   4.4 1875s
 24261997 136818 infeasible  116         8.00000    7.00000  12.5%   4.4 1880s
 24324773 137080 infeasible  143         8.00000    7.00000  12.5%   4.4 1885s
 24388912 136195 infeasible  111         8.00000    7.00000  12.5%   4.4 1890s
 24451630 137708 infeasible  127         8.00000    7.00000  12.5%   4.4 1895s
 24511489 136489 infeasible  152         8.00000    7.00000  12.5%   4.4 1900s
 24573329 136866 infeasible  107         8.00000    7.00000  12.5%   4.4 1905s
 24636267 136404 infeasible  101         8.00000    7.00000  12.5%   4.4 1910s
 24697573 136146 infeasible  110         8.00000    7.00000  12.5%   4.4 1915s
 24762219 136057 infeasible  130         8.00000    7.00000  12.5%   4.4 1920s
 24824282 136110 infeasible  118         8.00000    7.00000  12.5%   4.4 1925s
 24885747 135815 infeasible  124         8.00000    7.00000  12.5%   4.4 1930s
 24949521 135775    7.00000  157   12    8.00000    7.00000  12.5%   4.4 1935s
 25011979 135862 infeasible  117         8.00000    7.00000  12.5%   4.4 1940s
 25073646 136171 infeasible  136         8.00000    7.00000  12.5%   4.4 1945s
 25136065 135462    7.00000  164    8    8.00000    7.00000  12.5%   4.4 1950s
 25198704 135337 infeasible  131         8.00000    7.00000  12.5%   4.4 1955s
 25260181 135103 infeasible  105         8.00000    7.00000  12.5%   4.4 1960s
 25324312 135125 infeasible  130         8.00000    7.00000  12.5%   4.4 1965s
 25388664 134989 infeasible  114         8.00000    7.00000  12.5%   4.4 1970s
 25449203 134968    7.00000  126   11    8.00000    7.00000  12.5%   4.4 1975s
 25512105 134542 infeasible   98         8.00000    7.00000  12.5%   4.4 1980s
 25574907 134460 infeasible  123         8.00000    7.00000  12.5%   4.4 1985s
 25637544 135083 infeasible  136         8.00000    7.00000  12.5%   4.4 1990s
 25699432 134246 infeasible  138         8.00000    7.00000  12.5%   4.4 1995s
 25759800 134074 infeasible  141         8.00000    7.00000  12.5%   4.4 2000s
 25823181 134212 infeasible  121         8.00000    7.00000  12.5%   4.4 2005s
 25886403 133960 infeasible  117         8.00000    7.00000  12.5%   4.4 2010s
 25949734 133508    7.00000  141   10    8.00000    7.00000  12.5%   4.4 2015s
 26013315 133331 infeasible  143         8.00000    7.00000  12.5%   4.4 2020s
 26078723 133123 infeasible  129         8.00000    7.00000  12.5%   4.4 2025s
 26142236 133536 infeasible  144         8.00000    7.00000  12.5%   4.4 2030s
 26201544 132948    7.00000  134   10    8.00000    7.00000  12.5%   4.4 2035s
 26262878 132703 infeasible  126         8.00000    7.00000  12.5%   4.4 2040s
 26327452 132601 infeasible  135         8.00000    7.00000  12.5%   4.4 2045s
 26388973 132386 infeasible  127         8.00000    7.00000  12.5%   4.4 2050s
 26451389 132201    7.00000  103   15    8.00000    7.00000  12.5%   4.4 2055s
 26513651 131856 infeasible  123         8.00000    7.00000  12.5%   4.4 2060s
 26577652 131731 infeasible  126         8.00000    7.00000  12.5%   4.4 2065s
 26628096 131894 infeasible  139         8.00000    7.00000  12.5%   4.4 2070s
 26690051 132110 infeasible  125         8.00000    7.00000  12.5%   4.4 2075s
 26753016 131350    7.00000  134   12    8.00000    7.00000  12.5%   4.4 2080s
 26816335 131037 infeasible  151         8.00000    7.00000  12.5%   4.4 2085s
 26881525 130871 infeasible  135         8.00000    7.00000  12.5%   4.4 2090s
 26939673 130782 infeasible  101         8.00000    7.00000  12.5%   4.4 2095s
 27001586 130436 infeasible  145         8.00000    7.00000  12.5%   4.4 2100s
 27065805 129962 infeasible  148         8.00000    7.00000  12.5%   4.4 2105s
 27130445 129882 infeasible  118         8.00000    7.00000  12.5%   4.4 2110s
 27191846 129727    7.00000  140   13    8.00000    7.00000  12.5%   4.4 2115s
 27254434 129815 infeasible  127         8.00000    7.00000  12.5%   4.4 2120s
 27317235 129536 infeasible  124         8.00000    7.00000  12.5%   4.4 2125s
 27381531 129191 infeasible  143         8.00000    7.00000  12.5%   4.4 2130s
 27446554 128961 infeasible  136         8.00000    7.00000  12.5%   4.4 2135s
 27510994 128680 infeasible  121         8.00000    7.00000  12.5%   4.4 2140s
 27573900 128489 infeasible  119         8.00000    7.00000  12.5%   4.4 2145s
 27638370 128280 infeasible  126         8.00000    7.00000  12.5%   4.4 2150s
 27694239 128022 infeasible  136         8.00000    7.00000  12.5%   4.4 2155s
 27754300 128438 infeasible  154         8.00000    7.00000  12.5%   4.4 2160s
 27814866 128133 infeasible  142         8.00000    7.00000  12.5%   4.4 2165s
 27874625 128049 infeasible   91         8.00000    7.00000  12.5%   4.4 2170s
 27935056 128088    7.00000  134   12    8.00000    7.00000  12.5%   4.4 2175s
 27999846 127434 infeasible  130         8.00000    7.00000  12.5%   4.4 2180s
 28064129 127326 infeasible  112         8.00000    7.00000  12.5%   4.4 2185s
 28127124 127134 infeasible  107         8.00000    7.00000  12.5%   4.4 2190s
 28186658 127190    7.00000  116    8    8.00000    7.00000  12.5%   4.4 2195s
 28247829 127022 infeasible  125         8.00000    7.00000  12.5%   4.4 2200s
 28309279 126746 infeasible  114         8.00000    7.00000  12.5%   4.4 2205s
 28374030 126805    7.00000  143    8    8.00000    7.00000  12.5%   4.4 2210s
 28435865 126406 infeasible  102         8.00000    7.00000  12.5%   4.4 2215s
 28498615 126275 infeasible  129         8.00000    7.00000  12.5%   4.4 2220s
 28561750 125981 infeasible  119         8.00000    7.00000  12.5%   4.4 2225s
 28624453 126061 infeasible  106         8.00000    7.00000  12.5%   4.5 2230s
 28684322 125767    7.00000  111   20    8.00000    7.00000  12.5%   4.5 2235s
 28747465 125911 infeasible  143         8.00000    7.00000  12.5%   4.5 2240s
 28809934 125455    7.00000  110   13    8.00000    7.00000  12.5%   4.5 2245s
 28871225 125479    7.00000  119   13    8.00000    7.00000  12.5%   4.5 2250s
 28933216 125194 infeasible  111         8.00000    7.00000  12.5%   4.5 2255s
 28996977 125080 infeasible  127         8.00000    7.00000  12.5%   4.5 2260s
 29061759 124811 infeasible  120         8.00000    7.00000  12.5%   4.5 2265s
 29125420 124855    7.00000  101    8    8.00000    7.00000  12.5%   4.5 2270s
 29185031 124451 infeasible  124         8.00000    7.00000  12.5%   4.5 2275s
 29248529 124173 infeasible  118         8.00000    7.00000  12.5%   4.5 2280s
 29309447 124005 infeasible  110         8.00000    7.00000  12.5%   4.5 2285s
 29372347 124356 infeasible  147         8.00000    7.00000  12.5%   4.5 2290s
 29435359 124406 infeasible  112         8.00000    7.00000  12.5%   4.5 2295s
 29498590 123897 infeasible  102         8.00000    7.00000  12.5%   4.5 2300s
 29562213 123691 infeasible  139         8.00000    7.00000  12.5%   4.5 2305s
 29625135 123441 infeasible  112         8.00000    7.00000  12.5%   4.5 2310s
 29688272 123648 infeasible  145         8.00000    7.00000  12.5%   4.5 2315s
 29750601 123125    7.00000  130   10    8.00000    7.00000  12.5%   4.5 2320s
 29815683 122788 infeasible  112         8.00000    7.00000  12.5%   4.5 2325s
 29878547 123066 infeasible  167         8.00000    7.00000  12.5%   4.5 2330s
 29937261 122515 infeasible  112         8.00000    7.00000  12.5%   4.5 2335s
 30000380 122186 infeasible   98         8.00000    7.00000  12.5%   4.5 2340s
 30065009 122111 infeasible  112         8.00000    7.00000  12.5%   4.5 2345s
 30127576 121893 infeasible  116         8.00000    7.00000  12.5%   4.5 2350s
 30188535 121603 infeasible  150         8.00000    7.00000  12.5%   4.5 2355s
 30250026 121559 infeasible  139         8.00000    7.00000  12.5%   4.5 2360s
 30313754 122138    7.00000  125   10    8.00000    7.00000  12.5%   4.5 2365s
 30375128 121303 infeasible  138         8.00000    7.00000  12.5%   4.5 2370s
 30437323 121364 infeasible   97         8.00000    7.00000  12.5%   4.5 2375s
 30499705 121329    7.00000  133   30    8.00000    7.00000  12.5%   4.5 2380s
 30564866 122761 infeasible  148         8.00000    7.00000  12.5%   4.5 2385s
 30626806 120932 infeasible  148         8.00000    7.00000  12.5%   4.5 2390s
 30685168 120831 infeasible  168         8.00000    7.00000  12.5%   4.5 2395s
 30742845 120801 infeasible  153         8.00000    7.00000  12.5%   4.5 2400s
 30803577 121081    7.00000  132   15    8.00000    7.00000  12.5%   4.5 2405s
 30864294 121113 infeasible  148         8.00000    7.00000  12.5%   4.5 2410s
 30925713 121038 infeasible  164         8.00000    7.00000  12.5%   4.5 2415s
 30981894 120505 infeasible  151         8.00000    7.00000  12.5%   4.5 2420s
 31043574 120318 infeasible  138         8.00000    7.00000  12.5%   4.5 2425s
 31105183 120046 infeasible  113         8.00000    7.00000  12.5%   4.5 2430s
 31152652 119954 infeasible  112         8.00000    7.00000  12.5%   4.5 2435s
 31208059 119832 infeasible  112         8.00000    7.00000  12.5%   4.5 2440s
 31272402 119693 infeasible  122         8.00000    7.00000  12.5%   4.5 2445s
 31335412 119476 infeasible  103         8.00000    7.00000  12.5%   4.5 2450s
 31395596 119521 infeasible  132         8.00000    7.00000  12.5%   4.5 2455s
 31459210 119122 infeasible  119         8.00000    7.00000  12.5%   4.5 2460s
 31523893 119196 infeasible  131         8.00000    7.00000  12.5%   4.5 2465s
 31587079 118869 infeasible  135         8.00000    7.00000  12.5%   4.5 2470s
 31649595 118920 infeasible  133         8.00000    7.00000  12.5%   4.5 2475s
 31712845 118697 infeasible  133         8.00000    7.00000  12.5%   4.5 2480s
 31776709 118586 infeasible  106         8.00000    7.00000  12.5%   4.5 2485s
 31840070 118349    7.00000  116   11    8.00000    7.00000  12.5%   4.5 2490s
 31901886 118452 infeasible  138         8.00000    7.00000  12.5%   4.5 2495s
 31964629 118219 infeasible  105         8.00000    7.00000  12.5%   4.5 2500s
 32026805 118506 infeasible  148         8.00000    7.00000  12.5%   4.5 2505s
 32089400 118031 infeasible  155         8.00000    7.00000  12.5%   4.5 2510s
 32143613 118284 infeasible  154         8.00000    7.00000  12.5%   4.5 2515s
 32202310 118298 infeasible  144         8.00000    7.00000  12.5%   4.5 2520s
 32265187 117702 infeasible  123         8.00000    7.00000  12.5%   4.5 2525s
 32327581 117855 infeasible  125         8.00000    7.00000  12.5%   4.5 2530s
 32391274 117705 infeasible  136         8.00000    7.00000  12.5%   4.5 2535s
 32452583 117599 infeasible  151         8.00000    7.00000  12.5%   4.5 2540s
 32513758 117267 infeasible  124         8.00000    7.00000  12.5%   4.5 2545s
 32577216 117478 infeasible  115         8.00000    7.00000  12.5%   4.5 2550s
 32637544 118101    7.00000  151   20    8.00000    7.00000  12.5%   4.5 2555s
 32697304 117338 infeasible  132         8.00000    7.00000  12.5%   4.5 2560s
 32755609 117156 infeasible  153         8.00000    7.00000  12.5%   4.5 2565s
 32818601 116963 infeasible  141         8.00000    7.00000  12.5%   4.5 2570s
 32879538 116666    7.00000  151   15    8.00000    7.00000  12.5%   4.5 2575s
 32940002 116801 infeasible  130         8.00000    7.00000  12.5%   4.5 2580s
 33003584 116524 infeasible  120         8.00000    7.00000  12.5%   4.5 2585s
 33067457 116188 infeasible  114         8.00000    7.00000  12.5%   4.5 2590s
 33129801 117059 infeasible  122         8.00000    7.00000  12.5%   4.5 2595s
 33189526 116433 infeasible  124         8.00000    7.00000  12.5%   4.5 2600s
 33250512 117475 infeasible  121         8.00000    7.00000  12.5%   4.5 2605s
 33312545 116053 infeasible  140         8.00000    7.00000  12.5%   4.5 2610s
 33375183 115799 infeasible  128         8.00000    7.00000  12.5%   4.5 2615s
 33437898 115516 infeasible  105         8.00000    7.00000  12.5%   4.5 2620s
 33501307 115286 infeasible  134         8.00000    7.00000  12.5%   4.5 2625s
 33562776 115705 infeasible  159         8.00000    7.00000  12.5%   4.5 2630s
 33621299 115479 infeasible  141         8.00000    7.00000  12.5%   4.5 2635s
 33677200 115021 infeasible  139         8.00000    7.00000  12.5%   4.5 2640s
 33736482 114842 infeasible  127         8.00000    7.00000  12.5%   4.5 2645s
 33797604 114588    7.00000  132   10    8.00000    7.00000  12.5%   4.5 2650s
 33861292 114357 infeasible  114         8.00000    7.00000  12.5%   4.5 2655s
 33922197 114203 infeasible  121         8.00000    7.00000  12.5%   4.5 2660s
 33985319 114312 infeasible  137         8.00000    7.00000  12.5%   4.5 2665s
 34049093 114754 infeasible  139         8.00000    7.00000  12.5%   4.5 2670s
 34113079 114456    7.00000  124   11    8.00000    7.00000  12.5%   4.5 2675s
 34175238 113765 infeasible  125         8.00000    7.00000  12.5%   4.5 2680s
 34237508 113598    7.00000  129   14    8.00000    7.00000  12.5%   4.5 2685s
 34299688 113325    7.00000  129   10    8.00000    7.00000  12.5%   4.5 2690s
 34358396 113334 infeasible  139         8.00000    7.00000  12.5%   4.5 2695s
 34419778 113123 infeasible  116         8.00000    7.00000  12.5%   4.5 2700s
 34483303 113229 infeasible  112         8.00000    7.00000  12.5%   4.5 2705s
 34546860 113852 infeasible  124         8.00000    7.00000  12.5%   4.5 2710s
 34609875 112578 infeasible  121         8.00000    7.00000  12.5%   4.5 2715s
 34673050 112439 infeasible  119         8.00000    7.00000  12.5%   4.5 2720s
 34735441 111913 infeasible  129         8.00000    7.00000  12.5%   4.5 2725s
 34796779 111899 infeasible   90         8.00000    7.00000  12.5%   4.5 2730s
 34855903 111842 infeasible  147         8.00000    7.00000  12.5%   4.5 2735s
 34919387 111888 infeasible  118         8.00000    7.00000  12.5%   4.5 2740s
 34980880 111522 infeasible  103         8.00000    7.00000  12.5%   4.5 2745s
 35044263 110996 infeasible  120         8.00000    7.00000  12.5%   4.5 2750s
 35104676 111033    7.00000  145   12    8.00000    7.00000  12.5%   4.5 2755s
 35166649 110691 infeasible  121         8.00000    7.00000  12.5%   4.5 2760s
 35229395 110926    7.00000  128   16    8.00000    7.00000  12.5%   4.5 2765s
 35289896 110373 infeasible  150         8.00000    7.00000  12.5%   4.5 2770s
 35353582 110427 infeasible  137         8.00000    7.00000  12.5%   4.5 2775s
 35416841 110723 infeasible  122         8.00000    7.00000  12.5%   4.5 2780s
 35479681 109803 infeasible  140         8.00000    7.00000  12.5%   4.5 2785s
 35542263 109594 infeasible  118         8.00000    7.00000  12.5%   4.5 2790s
 35602585 109563 infeasible  107         8.00000    7.00000  12.5%   4.5 2795s
 35666221 109300 infeasible  109         8.00000    7.00000  12.5%   4.5 2800s
 35728735 108934 infeasible  129         8.00000    7.00000  12.5%   4.5 2805s
 35785430 109025 infeasible  162         8.00000    7.00000  12.5%   4.5 2810s
 35839329 109006 infeasible  168         8.00000    7.00000  12.5%   4.5 2815s
 35896975 109193 infeasible  155         8.00000    7.00000  12.5%   4.5 2820s
 35954746 109173 infeasible  140         8.00000    7.00000  12.5%   4.5 2825s
 36014477 109368 infeasible  156         8.00000    7.00000  12.5%   4.5 2830s
 36073428 109288 infeasible  150         8.00000    7.00000  12.5%   4.5 2835s
 36131232 109077 infeasible  177         8.00000    7.00000  12.5%   4.5 2840s
 36188744 109115 infeasible  159         8.00000    7.00000  12.5%   4.5 2845s
 36246154 109202 infeasible  144         8.00000    7.00000  12.5%   4.5 2850s
 36303707 108956 infeasible  158         8.00000    7.00000  12.5%   4.5 2855s
 36361927 109151 infeasible  163         8.00000    7.00000  12.5%   4.5 2860s
 36420913 109012 infeasible  176         8.00000    7.00000  12.5%   4.5 2865s
 36478796 110881 infeasible  134         8.00000    7.00000  12.5%   4.5 2870s
 36534419 109851 infeasible  167         8.00000    7.00000  12.5%   4.5 2875s
 36592784 109690    7.00000  149   14    8.00000    7.00000  12.5%   4.5 2880s
 36650626 108915 infeasible  152         8.00000    7.00000  12.5%   4.5 2885s
 36707395 109033 infeasible  153         8.00000    7.00000  12.5%   4.5 2890s
 36765286 109165    7.00000  166   12    8.00000    7.00000  12.5%   4.5 2895s
 36823482 109476 infeasible  149         8.00000    7.00000  12.5%   4.5 2900s
 36882643 108987 infeasible  144         8.00000    7.00000  12.5%   4.5 2905s
 36944862 108682 infeasible  141         8.00000    7.00000  12.5%   4.5 2910s
 37008771 108631 infeasible  145         8.00000    7.00000  12.5%   4.5 2915s
 37072977 108393 infeasible  159         8.00000    7.00000  12.5%   4.5 2920s
 37132738 108390 infeasible  124         8.00000    7.00000  12.5%   4.5 2925s
 37192780 108305 infeasible  105         8.00000    7.00000  12.5%   4.5 2930s
 37253250 107909    7.00000  142   10    8.00000    7.00000  12.5%   4.5 2935s
 37314649 107942 infeasible  146         8.00000    7.00000  12.5%   4.5 2940s
 37377464 107597 infeasible  135         8.00000    7.00000  12.5%   4.5 2945s
 37441224 107297 infeasible  118         8.00000    7.00000  12.5%   4.5 2950s
 37503951 107188 infeasible  136         8.00000    7.00000  12.5%   4.5 2955s
 37567459 106639 infeasible  124         8.00000    7.00000  12.5%   4.5 2960s
 37630177 106563 infeasible  125         8.00000    7.00000  12.5%   4.5 2965s
 37693754 106222 infeasible  128         8.00000    7.00000  12.5%   4.5 2970s
 37756175 106180 infeasible  139         8.00000    7.00000  12.5%   4.5 2975s
 37819488 107266 infeasible  137         8.00000    7.00000  12.5%   4.5 2980s
 37881094 108713 infeasible  143         8.00000    7.00000  12.5%   4.5 2985s
 37941696 107179 infeasible  130         8.00000    7.00000  12.5%   4.5 2990s
 38000991 106693 infeasible  138         8.00000    7.00000  12.5%   4.5 2995s
 38061897 106174 infeasible  138         8.00000    7.00000  12.5%   4.5 3000s
 38118688 106078 infeasible  129         8.00000    7.00000  12.5%   4.5 3005s
 38176737 106246 infeasible  140         8.00000    7.00000  12.5%   4.5 3010s
 38235183 105730 infeasible  116         8.00000    7.00000  12.5%   4.6 3015s
 38297216 105652 infeasible  135         8.00000    7.00000  12.5%   4.6 3020s
 38360373 105392 infeasible   99         8.00000    7.00000  12.5%   4.6 3025s
 38424397 105332 infeasible  123         8.00000    7.00000  12.5%   4.6 3030s
 38486646 106111 infeasible  141         8.00000    7.00000  12.5%   4.6 3035s
 38549254 107814 infeasible  150         8.00000    7.00000  12.5%   4.6 3040s
 38608451 105537    7.00000  125   19    8.00000    7.00000  12.5%   4.6 3045s
 38671080 105235 infeasible  151         8.00000    7.00000  12.5%   4.6 3050s
 38732961 105014    7.00000   99   11    8.00000    7.00000  12.5%   4.6 3055s
 38795260 104813 infeasible  147         8.00000    7.00000  12.5%   4.6 3060s
 38859150 104756 infeasible  124         8.00000    7.00000  12.5%   4.6 3065s
 38921541 104308 infeasible  146         8.00000    7.00000  12.5%   4.6 3070s
 38980996 104274 infeasible  139         8.00000    7.00000  12.5%   4.6 3075s
 39044390 104139    7.00000   87   11    8.00000    7.00000  12.5%   4.6 3080s
 39108466 103871    7.00000  118    9    8.00000    7.00000  12.5%   4.6 3085s
 39171682 103577 infeasible  106         8.00000    7.00000  12.5%   4.6 3090s
 39235502 103520 infeasible  119         8.00000    7.00000  12.5%   4.6 3095s
 39297162 103316 infeasible  142         8.00000    7.00000  12.5%   4.6 3100s
 39357356 103064    7.00000  136   10    8.00000    7.00000  12.5%   4.6 3105s
 39421371 103130 infeasible  146         8.00000    7.00000  12.5%   4.6 3110s
 39480839 102626 infeasible  123         8.00000    7.00000  12.5%   4.6 3115s
 39538179 103100 infeasible  146         8.00000    7.00000  12.5%   4.6 3120s
 39594531 102611 infeasible  140         8.00000    7.00000  12.5%   4.6 3125s
 39657109 102172 infeasible  160         8.00000    7.00000  12.5%   4.6 3130s
 39721164 102140 infeasible  108         8.00000    7.00000  12.5%   4.6 3135s
 39785383 102007 infeasible  108         8.00000    7.00000  12.5%   4.6 3140s
 39849927 102058    7.00000  118    8    8.00000    7.00000  12.5%   4.6 3145s
 39914318 101715 infeasible  139         8.00000    7.00000  12.5%   4.6 3150s
 39977664 101459 infeasible  129         8.00000    7.00000  12.5%   4.6 3155s
 40040426 101300 infeasible  123         8.00000    7.00000  12.5%   4.6 3160s
 40103362 100970 infeasible  136         8.00000    7.00000  12.5%   4.6 3165s
 40167125 101007 infeasible   97         8.00000    7.00000  12.5%   4.6 3170s
 40228661 100837    7.00000   81   16    8.00000    7.00000  12.5%   4.6 3175s
 40292031 100719 infeasible  133         8.00000    7.00000  12.5%   4.6 3180s
 40355364 100427 infeasible  125         8.00000    7.00000  12.5%   4.6 3185s
 40419389 100323 infeasible  123         8.00000    7.00000  12.5%   4.6 3190s
 40481587 100048    7.00000   96   15    8.00000    7.00000  12.5%   4.6 3195s
 40546067 99639 infeasible  128         8.00000    7.00000  12.5%   4.6 3200s
 40608151 99471 infeasible  155         8.00000    7.00000  12.5%   4.6 3205s
 40670385 99318 infeasible  129         8.00000    7.00000  12.5%   4.6 3210s
 40733740 99141 infeasible  149         8.00000    7.00000  12.5%   4.6 3215s
 40796303 98728 infeasible  117         8.00000    7.00000  12.5%   4.6 3220s
 40857974 98640 infeasible  127         8.00000    7.00000  12.5%   4.6 3225s
 40921134 98693 infeasible  147         8.00000    7.00000  12.5%   4.6 3230s
 40981257 98550    7.00000  102   13    8.00000    7.00000  12.5%   4.6 3235s
 41042088 98112    7.00000  148   11    8.00000    7.00000  12.5%   4.6 3240s
 41104817 97845 infeasible  113         8.00000    7.00000  12.5%   4.6 3245s
 41168227 97501 infeasible  111         8.00000    7.00000  12.5%   4.6 3250s
 41231155 97406 infeasible   98         8.00000    7.00000  12.5%   4.6 3255s
 41294812 97048 infeasible  113         8.00000    7.00000  12.5%   4.6 3260s
 41356716 96865 infeasible  110         8.00000    7.00000  12.5%   4.6 3265s
 41420072 96681 infeasible  108         8.00000    7.00000  12.5%   4.6 3270s
 41484197 96931    7.00000  125   17    8.00000    7.00000  12.5%   4.6 3275s
 41547096 96466 infeasible  142         8.00000    7.00000  12.5%   4.6 3280s
 41611151 96592 infeasible  114         8.00000    7.00000  12.5%   4.6 3285s
 41675272 96246 infeasible  135         8.00000    7.00000  12.5%   4.6 3290s
 41736205 96872 infeasible  126         8.00000    7.00000  12.5%   4.6 3295s
 41798223 96353 infeasible  108         8.00000    7.00000  12.5%   4.6 3300s
 41860786 95828 infeasible  112         8.00000    7.00000  12.5%   4.6 3305s
 41925272 95285 infeasible  134         8.00000    7.00000  12.5%   4.6 3310s
 41988336 95048 infeasible  154         8.00000    7.00000  12.5%   4.6 3315s
 42050251 94963 infeasible  147         8.00000    7.00000  12.5%   4.6 3320s
 42112916 95069 infeasible  118         8.00000    7.00000  12.5%   4.6 3325s
 42176123 94635 infeasible  123         8.00000    7.00000  12.5%   4.6 3330s
 42240110 95142 infeasible  135         8.00000    7.00000  12.5%   4.6 3335s
 42301332 94099 infeasible   93         8.00000    7.00000  12.5%   4.6 3340s
 42363450 93923 infeasible  145         8.00000    7.00000  12.5%   4.6 3345s
 42426095 93627 infeasible  121         8.00000    7.00000  12.5%   4.6 3350s
 42486680 93443    7.00000  143    9    8.00000    7.00000  12.5%   4.6 3355s
 42549695 93253 infeasible  117         8.00000    7.00000  12.5%   4.6 3360s
 42614369 93514 infeasible  146         8.00000    7.00000  12.5%   4.6 3365s
 42677618 93158 infeasible  124         8.00000    7.00000  12.5%   4.6 3370s
 42740292 92702 infeasible  148         8.00000    7.00000  12.5%   4.6 3375s
 42803716 92548 infeasible  125         8.00000    7.00000  12.5%   4.6 3380s
 42867638 93080 infeasible  122         8.00000    7.00000  12.5%   4.6 3385s
 42929833 92344 infeasible  112         8.00000    7.00000  12.5%   4.6 3390s
 42990556 92119 infeasible  129         8.00000    7.00000  12.5%   4.6 3395s
 43054388 91936 infeasible  145         8.00000    7.00000  12.5%   4.6 3400s
 43118070 92598 infeasible  143         8.00000    7.00000  12.5%   4.6 3405s
 43180015 91784 infeasible   79         8.00000    7.00000  12.5%   4.6 3410s
 43240874 92461 infeasible  141         8.00000    7.00000  12.5%   4.6 3415s
 43304082 91819 infeasible  126         8.00000    7.00000  12.5%   4.6 3420s
 43370675 91598 infeasible   98         8.00000    7.00000  12.5%   4.6 3425s
 43433387 91547 infeasible  138         8.00000    7.00000  12.5%   4.6 3430s
 43495214 91466 infeasible  162         8.00000    7.00000  12.5%   4.6 3435s
 43557751 91246 infeasible  137         8.00000    7.00000  12.5%   4.6 3440s
 43620803 91365 infeasible  155         8.00000    7.00000  12.5%   4.6 3445s
 43683621 90919 infeasible  110         8.00000    7.00000  12.5%   4.6 3450s
 43745720 91038 infeasible  114         8.00000    7.00000  12.5%   4.6 3455s
 43803931 90687 infeasible  146         8.00000    7.00000  12.5%   4.6 3460s
 43861398 90161    7.00000  154   14    8.00000    7.00000  12.5%   4.6 3465s
 43917317 90066 infeasible  111         8.00000    7.00000  12.5%   4.6 3470s
 43973086 89536 infeasible  131         8.00000    7.00000  12.5%   4.6 3475s
 44034373 89499 infeasible  124         8.00000    7.00000  12.5%   4.6 3480s
 44096576 89554 infeasible  127         8.00000    7.00000  12.5%   4.6 3485s
 44158913 89025    7.00000  116    8    8.00000    7.00000  12.5%   4.6 3490s
 44222547 89295    7.00000  115    8    8.00000    7.00000  12.5%   4.6 3495s
 44286155 88508 infeasible  125         8.00000    7.00000  12.5%   4.6 3500s
 44350126 88423 infeasible   94         8.00000    7.00000  12.5%   4.6 3505s
 44413612 88116 infeasible  120         8.00000    7.00000  12.5%   4.6 3510s
 44472150 87760 infeasible  122         8.00000    7.00000  12.5%   4.6 3515s
 44530591 88248 infeasible  150         8.00000    7.00000  12.5%   4.6 3520s
 44588598 87738 infeasible  153         8.00000    7.00000  12.5%   4.6 3525s
 44652788 87510 infeasible  104         8.00000    7.00000  12.5%   4.6 3530s
 44713006 87259 infeasible  137         8.00000    7.00000  12.5%   4.6 3535s
 44775401 87194 infeasible  132         8.00000    7.00000  12.5%   4.6 3540s
 44839563 87614 infeasible  147         8.00000    7.00000  12.5%   4.6 3545s
 44900467 87018 infeasible  105         8.00000    7.00000  12.5%   4.6 3550s
 44961216 86867 infeasible  119         8.00000    7.00000  12.5%   4.6 3555s
 45024760 86641 infeasible  118         8.00000    7.00000  12.5%   4.6 3560s
 45088304 86587 infeasible  103         8.00000    7.00000  12.5%   4.6 3565s
 45152325 87155 infeasible  143         8.00000    7.00000  12.5%   4.6 3570s
 45214008 87991    7.00000  153   11    8.00000    7.00000  12.5%   4.6 3575s
 45272944 87303 infeasible  104         8.00000    7.00000  12.5%   4.6 3580s
 45334316 86367 infeasible  124         8.00000    7.00000  12.5%   4.6 3585s
 45397472 86109 infeasible   94         8.00000    7.00000  12.5%   4.6 3590s
 45457736 86011    7.00000  132    8    8.00000    7.00000  12.5%   4.6 3595s
 45518803 85874 infeasible  136         8.00000    7.00000  12.5%   4.6 3600s

Cutting planes:
  Flow cover: 1
  Inf proof: 35
  Zero half: 1

Explored 45518951 nodes (208261748 simplex iterations) in 3600.00 seconds
Thread count was 4 (of 4 available processors)

Solution count 3: 8 9 10 

Time limit reached
Best objective 8.000000000000e+00, best bound 7.000000000000e+00, gap 12.5000%
