
Gurobi 8.1.1 (win64) logging started 11/24/19 14:26:06

Changed value of parameter LogFile to logs/drand/ip/drand-10-110-0.log
   Prev: gurobi.log  Default: 
Changed value of parameter LogToConsole to 0
   Prev: 1  Min: 0  Max: 1  Default: 1
Changed value of parameter TimeLimit to 3600.0
   Prev: 1e+100  Min: 0.0  Max: 1e+100  Default: 1e+100
Optimize a model with 1230 rows, 572 columns and 4585 nonzeros
Variable types: 0 continuous, 572 integer (561 binary)
Coefficient statistics:
  Matrix range     [1e+00, 6e+02]
  Objective range  [1e+00, 1e+00]
  Bounds range     [1e+00, 1e+00]
  RHS range        [1e+00, 7e+02]
Presolve removed 3 rows and 3 columns
Presolve time: 0.01s
Presolved: 1227 rows, 569 columns, 4576 nonzeros
Variable types: 0 continuous, 569 integer (558 binary)

Root relaxation: objective 4.076923e+00, 468 iterations, 0.01 seconds

    Nodes    |    Current Node    |     Objective Bounds      |     Work
 Expl Unexpl |  Obj  Depth IntInf | Incumbent    BestBd   Gap | It/Node Time

     0     0    4.07692    0   77          -    4.07692      -     -    0s
     0     0    5.00000    0   35          -    5.00000      -     -    0s
     0     0    5.00000    0   37          -    5.00000      -     -    0s
     0     0    5.00000    0   34          -    5.00000      -     -    0s
     0     0    5.00000    0   33          -    5.00000      -     -    0s
     0     0    5.00000    0   15          -    5.00000      -     -    0s
H    0     0                      11.0000000    5.00000  54.5%     -    0s
     0     0    5.00000    0   16   11.00000    5.00000  54.5%     -    0s
H    0     0                      10.0000000    5.00000  50.0%     -    0s
     0     0    5.00000    0   13   10.00000    5.00000  50.0%     -    0s
     0     0    5.00000    0   16   10.00000    5.00000  50.0%     -    0s
     0     0    5.00000    0   40   10.00000    5.00000  50.0%     -    0s
     0     0    5.00000    0   14   10.00000    5.00000  50.0%     -    0s
     0     0    5.00000    0   13   10.00000    5.00000  50.0%     -    0s
H    0     0                       9.0000000    5.00000  44.4%     -    0s
     0     0    5.00000    0   12    9.00000    5.00000  44.4%     -    0s
     0     0    5.00000    0   30    9.00000    5.00000  44.4%     -    0s
     0     0    5.00000    0   27    9.00000    5.00000  44.4%     -    0s
     0     0    5.00000    0   26    9.00000    5.00000  44.4%     -    0s
     0     0    5.00000    0   17    9.00000    5.00000  44.4%     -    0s
     0     0    5.00000    0   17    9.00000    5.00000  44.4%     -    0s
     0     0    5.00000    0   12    9.00000    5.00000  44.4%     -    0s
     0     0    5.00000    0   12    9.00000    5.00000  44.4%     -    0s
     0     0    5.00000    0   13    9.00000    5.00000  44.4%     -    0s
     0     0    5.00000    0   26    9.00000    5.00000  44.4%     -    0s
     0     0    5.00000    0   25    9.00000    5.00000  44.4%     -    0s
     0     0    5.00000    0   11    9.00000    5.00000  44.4%     -    0s
     0     0    5.00000    0   13    9.00000    5.00000  44.4%     -    0s
     0     0    5.00000    0   13    9.00000    5.00000  44.4%     -    0s
     0     0    5.00000    0   16    9.00000    5.00000  44.4%     -    0s
     0     0    5.00000    0   30    9.00000    5.00000  44.4%     -    0s
     0     0    5.00000    0   11    9.00000    5.00000  44.4%     -    0s
     0     0    5.00000    0   27    9.00000    5.00000  44.4%     -    0s
     0     0    5.00000    0   13    9.00000    5.00000  44.4%     -    0s
     0     2    5.00000    0   12    9.00000    5.00000  44.4%     -    0s
H  986   459                       8.0000000    5.00000  37.5%  11.9    1s
 20920 12832    6.00000   73   13    8.00000    5.00000  37.5%   8.4    6s
 43894 20040    6.00000   80   12    8.00000    5.00000  37.5%   8.3   10s
 98070 47971    7.00000   89   12    8.00000    6.00000  25.0%   7.7   15s
 168611 80775    7.00000   96   18    8.00000    6.00000  25.0%   6.7   20s
 237924 113788    6.00000   81   12    8.00000    6.00000  25.0%   6.3   25s
 266679 123374    7.00000  123   12    8.00000    6.00000  25.0%   6.4   30s
 332121 134710    6.00000   98   15    8.00000    6.00000  25.0%   6.2   35s
 407614 147698    7.00000   89   14    8.00000    6.00000  25.0%   6.0   40s
 484161 160918    7.00000   85   12    8.00000    6.00000  25.0%   5.8   45s
 556719 174316    6.00000   82    8    8.00000    6.00000  25.0%   5.7   50s
 627452 200595    6.01207  108   22    8.00000    6.00000  25.0%   5.6   55s
 701181 239265    6.00000  105   10    8.00000    6.00000  25.0%   5.5   60s
 774943 277482    7.00000  108   20    8.00000    6.00000  25.0%   5.5   65s
 847011 315033    7.00000  129    9    8.00000    6.00000  25.0%   5.5   70s
 918687 352545    6.09864  106   14    8.00000    6.00000  25.0%   5.5   75s
 990022 390526    7.00000  113   10    8.00000    6.00000  25.0%   5.4   80s
 1058551 427588 infeasible  105         8.00000    6.00000  25.0%   5.4   85s
 1125095 463052    7.00000  160   14    8.00000    6.00000  25.0%   5.5   90s
 1194669 500328    7.00000  118   11    8.00000    6.00000  25.0%   5.5   95s
 1254635 531602    6.00000   87   17    8.00000    6.00000  25.0%   5.5  100s
 1323930 569158    7.00000  100   18    8.00000    6.00000  25.0%   5.5  105s
 1394227 607378    7.00000   94   14    8.00000    6.00000  25.0%   5.5  110s
 1459011 642667    7.00000  117   10    8.00000    6.00000  25.0%   5.5  115s
 1528037 681002    6.00000  108   16    8.00000    6.00000  25.0%   5.5  120s
 1598457 718139    7.00000  104   13    8.00000    6.00000  25.0%   5.5  125s
 1672160 757448 infeasible  126         8.00000    6.00000  25.0%   5.5  130s
 1738675 794206 infeasible  121         8.00000    6.00000  25.0%   5.5  135s
 1809082 830504    7.00000  101   12    8.00000    6.00000  25.0%   5.5  140s
 1878938 867761    6.00000   77   13    8.00000    6.00000  25.0%   5.5  145s
 1943413 900633 infeasible  116         8.00000    6.00000  25.0%   5.5  150s
 2009369 934902    7.00000   99   12    8.00000    6.00000  25.0%   5.5  155s
 2080770 971706    7.00000  112   11    8.00000    6.11336  23.6%   5.5  160s
 2149596 964686 infeasible  119         8.00000    7.00000  12.5%   5.4  165s
 2219341 948560 infeasible   93         8.00000    7.00000  12.5%   5.4  170s
 2283339 936671 infeasible  111         8.00000    7.00000  12.5%   5.3  175s
 2349243 928622 infeasible  108         8.00000    7.00000  12.5%   5.3  180s
 2415734 921643 infeasible  134         8.00000    7.00000  12.5%   5.3  185s
 2482523 914591    7.00000  139    6    8.00000    7.00000  12.5%   5.2  190s
 2549002 906543 infeasible  133         8.00000    7.00000  12.5%   5.2  195s
 2615431 898710 infeasible  119         8.00000    7.00000  12.5%   5.2  200s
 2681767 892448 infeasible  136         8.00000    7.00000  12.5%   5.1  205s
 2745785 883941 infeasible  117         8.00000    7.00000  12.5%   5.1  210s
 2813283 870776 infeasible  116         8.00000    7.00000  12.5%   5.1  215s
 2878692 855148 infeasible   96         8.00000    7.00000  12.5%   5.1  220s
 2945078 842798 infeasible   93         8.00000    7.00000  12.5%   5.0  225s
 3012584 829678 infeasible   94         8.00000    7.00000  12.5%   5.0  230s
 3076664 817807 infeasible  112         8.00000    7.00000  12.5%   5.0  235s
 3144626 805113 infeasible  105         8.00000    7.00000  12.5%   5.0  240s
 3212381 793291    7.00000  142   10    8.00000    7.00000  12.5%   5.0  245s
 3278114 781658 infeasible  109         8.00000    7.00000  12.5%   4.9  250s
 3344844 774435    7.00000  135   10    8.00000    7.00000  12.5%   4.9  255s
 3410694 765635 infeasible  130         8.00000    7.00000  12.5%   4.9  260s
 3476925 756828 infeasible  120         8.00000    7.00000  12.5%   4.9  265s
 3543333 747482 infeasible  130         8.00000    7.00000  12.5%   4.9  270s
 3605825 738821 infeasible   94         8.00000    7.00000  12.5%   4.9  275s
 3659318 732732 infeasible  123         8.00000    7.00000  12.5%   4.9  280s
 3722914 726202 infeasible  105         8.00000    7.00000  12.5%   4.8  285s
 3789145 719081 infeasible  113         8.00000    7.00000  12.5%   4.8  290s
 3853706 712593 infeasible  120         8.00000    7.00000  12.5%   4.8  295s
 3920685 706021 infeasible  121         8.00000    7.00000  12.5%   4.8  300s
 3987407 699753 infeasible  130         8.00000    7.00000  12.5%   4.8  305s
 4054930 694912    7.00000  120   11    8.00000    7.00000  12.5%   4.8  310s
 4122204 689587 infeasible  125         8.00000    7.00000  12.5%   4.8  315s
 4188747 683966 infeasible  130         8.00000    7.00000  12.5%   4.8  320s
 4256613 678513    7.00000  129    8    8.00000    7.00000  12.5%   4.8  325s
 4323370 673324 infeasible  103         8.00000    7.00000  12.5%   4.7  330s
 4389363 667917 infeasible  131         8.00000    7.00000  12.5%   4.7  335s
 4456694 661815 infeasible  109         8.00000    7.00000  12.5%   4.7  340s
 4522326 655613 infeasible  148         8.00000    7.00000  12.5%   4.7  345s
 4588911 649451 infeasible  115         8.00000    7.00000  12.5%   4.7  350s
 4652550 642933 infeasible  119         8.00000    7.00000  12.5%   4.7  355s
 4718561 636001 infeasible  118         8.00000    7.00000  12.5%   4.7  360s
 4785234 629461 infeasible  101         8.00000    7.00000  12.5%   4.7  365s
 4851431 622429 infeasible  139         8.00000    7.00000  12.5%   4.7  370s
 4918937 615830 infeasible  134         8.00000    7.00000  12.5%   4.7  375s
 4984555 610606 infeasible  134         8.00000    7.00000  12.5%   4.7  380s
 5053478 604134 infeasible  107         8.00000    7.00000  12.5%   4.7  385s
 5120762 598620 infeasible  133         8.00000    7.00000  12.5%   4.7  390s
 5188387 593499 infeasible  116         8.00000    7.00000  12.5%   4.6  395s
 5254211 587545 infeasible  135         8.00000    7.00000  12.5%   4.6  400s
 5319537 582725 infeasible  142         8.00000    7.00000  12.5%   4.6  405s
 5386926 576906 infeasible   89         8.00000    7.00000  12.5%   4.6  410s
 5448280 572486 infeasible  112         8.00000    7.00000  12.5%   4.6  415s
 5514790 568184 infeasible  135         8.00000    7.00000  12.5%   4.6  420s
 5582114 562995 infeasible  127         8.00000    7.00000  12.5%   4.6  425s
 5649233 557416 infeasible  116         8.00000    7.00000  12.5%   4.6  430s
 5715410 552851 infeasible  121         8.00000    7.00000  12.5%   4.6  435s
 5782050 547139 infeasible  118         8.00000    7.00000  12.5%   4.6  440s
 5848794 542317 infeasible  115         8.00000    7.00000  12.5%   4.6  445s
 5915353 537477 infeasible  117         8.00000    7.00000  12.5%   4.6  450s
 5979788 532366 infeasible  130         8.00000    7.00000  12.5%   4.6  455s
 6044389 526911 infeasible  124         8.00000    7.00000  12.5%   4.6  460s
 6109055 520840 infeasible  111         8.00000    7.00000  12.5%   4.6  465s
 6174159 513724 infeasible  116         8.00000    7.00000  12.5%   4.6  470s
 6236774 507575 infeasible  122         8.00000    7.00000  12.5%   4.6  475s
 6302396 500388 infeasible  130         8.00000    7.00000  12.5%   4.6  480s
 6367753 494265 infeasible  156         8.00000    7.00000  12.5%   4.6  485s
 6433845 488035 infeasible  109         8.00000    7.00000  12.5%   4.6  490s
 6500469 481462 infeasible  124         8.00000    7.00000  12.5%   4.6  495s
 6566392 474573 infeasible  134         8.00000    7.00000  12.5%   4.5  500s
 6631870 468871 infeasible  107         8.00000    7.00000  12.5%   4.5  505s
 6698665 462440 infeasible  130         8.00000    7.00000  12.5%   4.5  510s
 6764278 455665 infeasible  137         8.00000    7.00000  12.5%   4.5  515s
 6830303 450503 infeasible   92         8.00000    7.00000  12.5%   4.5  520s
 6894471 447167    7.00000  123    7    8.00000    7.00000  12.5%   4.5  525s
 6960004 443234 infeasible  112         8.00000    7.00000  12.5%   4.5  530s
 7022451 439361 infeasible  144         8.00000    7.00000  12.5%   4.5  535s
 7087349 435361 infeasible  139         8.00000    7.00000  12.5%   4.5  540s
 7154345 431969 infeasible  144         8.00000    7.00000  12.5%   4.5  545s
 7219779 427927 infeasible  147         8.00000    7.00000  12.5%   4.5  550s
 7285656 423925 infeasible  121         8.00000    7.00000  12.5%   4.5  555s
 7350974 419237 infeasible  118         8.00000    7.00000  12.5%   4.5  560s
 7417846 415278 infeasible  125         8.00000    7.00000  12.5%   4.5  565s
 7483681 411390 infeasible  129         8.00000    7.00000  12.5%   4.5  570s
 7549021 407012 infeasible  117         8.00000    7.00000  12.5%   4.5  575s
 7614847 403554 infeasible  108         8.00000    7.00000  12.5%   4.5  580s
 7679902 399972 infeasible  118         8.00000    7.00000  12.5%   4.5  585s
 7743539 395163 infeasible  128         8.00000    7.00000  12.5%   4.5  590s
 7805720 390770 infeasible  130         8.00000    7.00000  12.5%   4.5  595s
 7872697 386261 infeasible  119         8.00000    7.00000  12.5%   4.5  600s
 7939032 382008 infeasible  109         8.00000    7.00000  12.5%   4.5  605s
 8005451 377945 infeasible  122         8.00000    7.00000  12.5%   4.5  610s
 8071371 374098 infeasible  143         8.00000    7.00000  12.5%   4.5  615s
 8136629 369610 infeasible  138         8.00000    7.00000  12.5%   4.5  620s
 8202244 365046 infeasible  117         8.00000    7.00000  12.5%   4.5  625s
 8268612 360706 infeasible  121         8.00000    7.00000  12.5%   4.5  630s
 8334581 358586 infeasible  117         8.00000    7.00000  12.5%   4.5  635s
 8401257 356620 infeasible  120         8.00000    7.00000  12.5%   4.5  640s
 8467850 353559 infeasible  100         8.00000    7.00000  12.5%   4.5  645s
 8533561 351463 infeasible  125         8.00000    7.00000  12.5%   4.5  650s
 8596262 349272 infeasible  145         8.00000    7.00000  12.5%   4.5  655s
 8658511 346772 infeasible  113         8.00000    7.00000  12.5%   4.5  660s
 8724560 343887 infeasible  145         8.00000    7.00000  12.5%   4.5  665s
 8790609 341175 infeasible  140         8.00000    7.00000  12.5%   4.5  670s
 8856688 338103 infeasible  135         8.00000    7.00000  12.5%   4.5  675s
 8923835 335417 infeasible  114         8.00000    7.00000  12.5%   4.5  680s
 8989592 332958 infeasible  108         8.00000    7.00000  12.5%   4.5  685s
 9055906 330000    7.00000  139   14    8.00000    7.00000  12.5%   4.5  690s
 9116916 327433 infeasible  126         8.00000    7.00000  12.5%   4.5  695s
 9182105 324618 infeasible  143         8.00000    7.00000  12.5%   4.5  700s
 9248267 321722 infeasible   98         8.00000    7.00000  12.5%   4.5  705s
 9314326 318891 infeasible  126         8.00000    7.00000  12.5%   4.5  710s
 9376724 316063 infeasible  110         8.00000    7.00000  12.5%   4.5  715s
 9442858 312960 infeasible  127         8.00000    7.00000  12.5%   4.5  720s
 9509164 310038 infeasible   96         8.00000    7.00000  12.5%   4.5  725s
 9575028 307302    7.00000  102    7    8.00000    7.00000  12.5%   4.5  730s
 9639051 304194 infeasible  129         8.00000    7.00000  12.5%   4.5  735s
 9704025 301139    7.00000   91    5    8.00000    7.00000  12.5%   4.5  740s
 9769653 298407 infeasible  106         8.00000    7.00000  12.5%   4.5  745s
 9836858 295533 infeasible  122         8.00000    7.00000  12.5%   4.5  750s
 9901526 292735    7.00000  130    8    8.00000    7.00000  12.5%   4.5  755s
 9968065 290136 infeasible  117         8.00000    7.00000  12.5%   4.5  760s
 10033329 287010    7.00000  109    6    8.00000    7.00000  12.5%   4.5  765s
 10099623 285050    7.00000  142    8    8.00000    7.00000  12.5%   4.5  770s
 10161753 283323    7.00000  120    9    8.00000    7.00000  12.5%   4.5  775s
 10225989 281007 infeasible  137         8.00000    7.00000  12.5%   4.5  780s
 10291420 279207 infeasible  141         8.00000    7.00000  12.5%   4.5  785s
 10357045 277225    7.00000  159   10    8.00000    7.00000  12.5%   4.5  790s
 10422908 275028 infeasible  134         8.00000    7.00000  12.5%   4.5  795s
 10488345 272799 infeasible  114         8.00000    7.00000  12.5%   4.5  800s
 10553243 270985 infeasible  141         8.00000    7.00000  12.5%   4.5  805s
 10617457 268717 infeasible  122         8.00000    7.00000  12.5%   4.5  810s
 10682946 266712 infeasible  138         8.00000    7.00000  12.5%   4.5  815s
 10747867 265018 infeasible  110         8.00000    7.00000  12.5%   4.5  820s
 10813680 262885 infeasible  119         8.00000    7.00000  12.5%   4.5  825s
 10879223 260448 infeasible  122         8.00000    7.00000  12.5%   4.5  830s
 10940653 257800 infeasible  138         8.00000    7.00000  12.5%   4.5  835s
 11005311 255471    7.00000  120    8    8.00000    7.00000  12.5%   4.5  840s
 11071019 252847 infeasible  108         8.00000    7.00000  12.5%   4.5  845s
 11136526 250254 infeasible  130         8.00000    7.00000  12.5%   4.5  850s
 11203056 247236 infeasible  144         8.00000    7.00000  12.5%   4.5  855s
 11268608 244177 infeasible  132         8.00000    7.00000  12.5%   4.5  860s
 11333166 242100 infeasible  122         8.00000    7.00000  12.5%   4.5  865s
 11398523 238888 infeasible  112         8.00000    7.00000  12.5%   4.5  870s
 11463372 235790 infeasible  124         8.00000    7.00000  12.5%   4.5  875s
 11529583 232697 infeasible  137         8.00000    7.00000  12.5%   4.5  880s
 11596826 229931 infeasible  118         8.00000    7.00000  12.5%   4.5  885s
 11661564 226871 infeasible  110         8.00000    7.00000  12.5%   4.5  890s
 11723921 224239 infeasible   98         8.00000    7.00000  12.5%   4.5  895s
 11790327 222463 infeasible  124         8.00000    7.00000  12.5%   4.5  900s
 11854667 220348 infeasible  142         8.00000    7.00000  12.5%   4.5  905s
 11920777 218434 infeasible  109         8.00000    7.00000  12.5%   4.5  910s
 11985427 216525 infeasible  101         8.00000    7.00000  12.5%   4.5  915s
 12051816 214517    7.00000  132    8    8.00000    7.00000  12.5%   4.5  920s
 12117428 212398 infeasible  123         8.00000    7.00000  12.5%   4.5  925s
 12184054 210249 infeasible  127         8.00000    7.00000  12.5%   4.5  930s
 12247985 207721 infeasible  121         8.00000    7.00000  12.5%   4.5  935s
 12312161 205221 infeasible  156         8.00000    7.00000  12.5%   4.5  940s
 12375111 203221 infeasible  114         8.00000    7.00000  12.5%   4.5  945s
 12440207 201380 infeasible  100         8.00000    7.00000  12.5%   4.5  950s
 12502002 199507 infeasible   99         8.00000    7.00000  12.5%   4.5  955s
 12564105 197787    7.00000  124   12    8.00000    7.00000  12.5%   4.5  960s
 12627754 196284 infeasible  108         8.00000    7.00000  12.5%   4.5  965s
 12692203 194753 infeasible  128         8.00000    7.00000  12.5%   4.5  970s
 12758088 192434 infeasible  124         8.00000    7.00000  12.5%   4.5  975s
 12823307 190028 infeasible  137         8.00000    7.00000  12.5%   4.5  980s
 12888227 187841 infeasible  101         8.00000    7.00000  12.5%   4.5  985s
 12953420 185722 infeasible  154         8.00000    7.00000  12.5%   4.5  990s
 13015553 183635 infeasible  142         8.00000    7.00000  12.5%   4.5  995s
 13079019 181238 infeasible  127         8.00000    7.00000  12.5%   4.5 1000s
 13143318 178876    7.00000  135   10    8.00000    7.00000  12.5%   4.5 1005s
 13208002 176823 infeasible  169         8.00000    7.00000  12.5%   4.5 1010s
 13268618 174938 infeasible  135         8.00000    7.00000  12.5%   4.5 1015s
 13334163 173617 infeasible  124         8.00000    7.00000  12.5%   4.5 1020s
 13393401 172814 infeasible  151         8.00000    7.00000  12.5%   4.5 1025s
 13457816 171542 infeasible  147         8.00000    7.00000  12.5%   4.5 1030s
 13523043 170099 infeasible  118         8.00000    7.00000  12.5%   4.5 1035s
 13589765 168856    7.00000  137   15    8.00000    7.00000  12.5%   4.5 1040s
 13655517 167461 infeasible   87         8.00000    7.00000  12.5%   4.5 1045s
 13721165 165843    7.00000  139   13    8.00000    7.00000  12.5%   4.5 1050s
 13785801 164572 infeasible  119         8.00000    7.00000  12.5%   4.5 1055s
 13849438 162945 infeasible  128         8.00000    7.00000  12.5%   4.5 1060s
 13914486 161675    7.00000  101    6    8.00000    7.00000  12.5%   4.5 1065s
 13979387 160251 infeasible  119         8.00000    7.00000  12.5%   4.5 1070s
 14040087 158691 infeasible  109         8.00000    7.00000  12.5%   4.5 1075s
 14104709 157256 infeasible  115         8.00000    7.00000  12.5%   4.5 1080s
 14168194 155477 infeasible  128         8.00000    7.00000  12.5%   4.5 1085s
 14233540 154013 infeasible  105         8.00000    7.00000  12.5%   4.5 1090s
 14298688 152311    7.00000  134   15    8.00000    7.00000  12.5%   4.5 1095s
 14363436 150465 infeasible  121         8.00000    7.00000  12.5%   4.5 1100s
 14428230 149298 infeasible  144         8.00000    7.00000  12.5%   4.5 1105s
 14494277 147993 infeasible  123         8.00000    7.00000  12.5%   4.5 1110s
 14558741 146480 infeasible  111         8.00000    7.00000  12.5%   4.5 1115s
 14623204 144997 infeasible  122         8.00000    7.00000  12.5%   4.5 1120s
 14688267 143190    7.00000  112   12    8.00000    7.00000  12.5%   4.5 1125s
 14752778 141519 infeasible  129         8.00000    7.00000  12.5%   4.5 1130s
 14813346 139834 infeasible  125         8.00000    7.00000  12.5%   4.5 1135s
 14877992 139181 infeasible  112         8.00000    7.00000  12.5%   4.5 1140s
 14940866 138156    7.00000  123    8    8.00000    7.00000  12.5%   4.5 1145s
 15005418 137096 infeasible   94         8.00000    7.00000  12.5%   4.5 1150s
 15068480 136160 infeasible  136         8.00000    7.00000  12.5%   4.5 1155s
 15133081 135456 infeasible   96         8.00000    7.00000  12.5%   4.5 1160s
 15197520 134320 infeasible  138         8.00000    7.00000  12.5%   4.5 1165s
 15262620 133148    7.00000  122   15    8.00000    7.00000  12.5%   4.5 1170s
 15326772 132185 infeasible  136         8.00000    7.00000  12.5%   4.5 1175s
 15392332 130942 infeasible  113         8.00000    7.00000  12.5%   4.5 1180s
 15457895 129925 infeasible  115         8.00000    7.00000  12.5%   4.5 1185s
 15522687 128861 infeasible  128         8.00000    7.00000  12.5%   4.5 1190s
 15583797 127771 infeasible  144         8.00000    7.00000  12.5%   4.5 1195s
 15648356 126644    7.00000  128   11    8.00000    7.00000  12.5%   4.5 1200s
 15713871 125527 infeasible  144         8.00000    7.00000  12.5%   4.5 1205s
 15779408 124572 infeasible  113         8.00000    7.00000  12.5%   4.5 1210s
 15844032 123173 infeasible  104         8.00000    7.00000  12.5%   4.5 1215s
 15909526 121666 infeasible  106         8.00000    7.00000  12.5%   4.5 1220s
 15973787 120376 infeasible  139         8.00000    7.00000  12.5%   4.5 1225s
 16038719 118552 infeasible  138         8.00000    7.00000  12.5%   4.5 1230s
 16105230 117563    7.00000  123   11    8.00000    7.00000  12.5%   4.5 1235s
 16170633 116522 infeasible  128         8.00000    7.00000  12.5%   4.5 1240s
 16233711 115110 infeasible  121         8.00000    7.00000  12.5%   4.5 1245s
 16298486 113282 infeasible  153         8.00000    7.00000  12.5%   4.5 1250s
 16359309 112264 infeasible  125         8.00000    7.00000  12.5%   4.5 1255s
 16424648 110971 infeasible  143         8.00000    7.00000  12.5%   4.5 1260s
 16488862 109969 infeasible  140         8.00000    7.00000  12.5%   4.5 1265s
 16552505 109119 infeasible  122         8.00000    7.00000  12.5%   4.5 1270s
 16618701 108118 infeasible  142         8.00000    7.00000  12.5%   4.5 1275s
 16682852 107120    7.00000   93   16    8.00000    7.00000  12.5%   4.5 1280s
 16748513 106322 infeasible  121         8.00000    7.00000  12.5%   4.5 1285s
 16814358 105375    7.00000  121    6    8.00000    7.00000  12.5%   4.5 1290s
 16878979 104494 infeasible  138         8.00000    7.00000  12.5%   4.5 1295s
 16943974 103600    7.00000  144   13    8.00000    7.00000  12.5%   4.5 1300s
 17008939 102394 infeasible  133         8.00000    7.00000  12.5%   4.5 1305s
 17073915 101749 infeasible  130         8.00000    7.00000  12.5%   4.5 1310s
 17134653 101293 infeasible  138         8.00000    7.00000  12.5%   4.5 1315s
 17198045 100495 infeasible  132         8.00000    7.00000  12.5%   4.5 1320s
 17262298 99531    7.00000  119    6    8.00000    7.00000  12.5%   4.5 1325s
 17326073 98689 infeasible  138         8.00000    7.00000  12.5%   4.5 1330s
 17391513 97930    7.00000  160    8    8.00000    7.00000  12.5%   4.5 1335s
 17456538 96992 infeasible  130         8.00000    7.00000  12.5%   4.5 1340s
 17521853 95970 infeasible   87         8.00000    7.00000  12.5%   4.5 1345s
 17586554 94789 infeasible  132         8.00000    7.00000  12.5%   4.5 1350s
 17649565 93636 infeasible  106         8.00000    7.00000  12.5%   4.5 1355s
 17714508 92930 infeasible  150         8.00000    7.00000  12.5%   4.5 1360s
 17779491 92087 infeasible  133         8.00000    7.00000  12.5%   4.5 1365s
 17843273 91018 infeasible   90         8.00000    7.00000  12.5%   4.5 1370s
 17903231 89939 infeasible  132         8.00000    7.00000  12.5%   4.5 1375s
 17966843 88092 infeasible  140         8.00000    7.00000  12.5%   4.5 1380s
 18033138 87631 infeasible  122         8.00000    7.00000  12.5%   4.5 1385s
 18097825 87165 infeasible  137         8.00000    7.00000  12.5%   4.5 1390s
 18163225 86667 infeasible  107         8.00000    7.00000  12.5%   4.5 1395s
 18228469 86250 infeasible  129         8.00000    7.00000  12.5%   4.5 1400s
 18293157 85748 infeasible  120         8.00000    7.00000  12.5%   4.5 1405s
 18356554 85237 infeasible  124         8.00000    7.00000  12.5%   4.5 1410s
 18420833 84663 infeasible  111         8.00000    7.00000  12.5%   4.5 1415s
 18484868 84017 infeasible  121         8.00000    7.00000  12.5%   4.5 1420s
 18550068 83369 infeasible  150         8.00000    7.00000  12.5%   4.5 1425s
 18615378 82667 infeasible  124         8.00000    7.00000  12.5%   4.5 1430s
 18675901 81908    7.00000   99    6    8.00000    7.00000  12.5%   4.5 1435s
 18739636 81504    7.00000  148   13    8.00000    7.00000  12.5%   4.5 1440s
 18802471 80897    7.00000  146   12    8.00000    7.00000  12.5%   4.5 1445s
 18863651 80249    7.00000  151    9    8.00000    7.00000  12.5%   4.5 1450s
 18929169 79594    7.00000  132    8    8.00000    7.00000  12.5%   4.5 1455s
 18993736 78965 infeasible  121         8.00000    7.00000  12.5%   4.5 1460s
 19058189 78374 infeasible  147         8.00000    7.00000  12.5%   4.5 1465s
 19123216 77882 infeasible  127         8.00000    7.00000  12.5%   4.5 1470s
 19186842 77120    7.00000  139   13    8.00000    7.00000  12.5%   4.5 1475s
 19252373 76727 infeasible  139         8.00000    7.00000  12.5%   4.5 1480s
 19317385 76038    7.00000  122   19    8.00000    7.00000  12.5%   4.5 1485s
 19383362 75440 infeasible  119         8.00000    7.00000  12.5%   4.5 1490s
 19442864 74852 infeasible  118         8.00000    7.00000  12.5%   4.5 1495s
 19506897 73965 infeasible  128         8.00000    7.00000  12.5%   4.5 1500s
 19571847 73013 infeasible  124         8.00000    7.00000  12.5%   4.5 1505s
 19636464 72534 infeasible  158         8.00000    7.00000  12.5%   4.5 1510s
 19699141 72126    7.00000  153   19    8.00000    7.00000  12.5%   4.5 1515s
 19762300 71563    7.00000  118    8    8.00000    7.00000  12.5%   4.5 1520s
 19827181 70842 infeasible  135         8.00000    7.00000  12.5%   4.5 1525s
 19892473 70131 infeasible  123         8.00000    7.00000  12.5%   4.5 1530s
 19958751 69765 infeasible  113         8.00000    7.00000  12.5%   4.5 1535s
 20024473 69450 infeasible  139         8.00000    7.00000  12.5%   4.5 1540s
 20088784 68973 infeasible  148         8.00000    7.00000  12.5%   4.5 1545s
 20153099 68969 infeasible  130         8.00000    7.00000  12.5%   4.5 1550s
 20215237 68413 infeasible  118         8.00000    7.00000  12.5%   4.5 1555s
 20275976 68191    7.00000   96   13    8.00000    7.00000  12.5%   4.5 1560s
 20340805 67810    7.00000  131   13    8.00000    7.00000  12.5%   4.5 1565s
 20404570 67534 infeasible  139         8.00000    7.00000  12.5%   4.5 1570s
 20468725 67130 infeasible  112         8.00000    7.00000  12.5%   4.5 1575s
 20532880 66803    7.00000   97    6    8.00000    7.00000  12.5%   4.5 1580s
 20597614 66373 infeasible  137         8.00000    7.00000  12.5%   4.5 1585s
 20661932 66166 infeasible  159         8.00000    7.00000  12.5%   4.5 1590s
 20723936 65738 infeasible  141         8.00000    7.00000  12.5%   4.5 1595s
 20786216 65200 infeasible  145         8.00000    7.00000  12.5%   4.5 1600s
 20849793 64499 infeasible   89         8.00000    7.00000  12.5%   4.5 1605s
 20914663 64308 infeasible  122         8.00000    7.00000  12.5%   4.5 1610s
 20975524 64173 infeasible  107         8.00000    7.00000  12.5%   4.5 1615s
 21040981 63787 infeasible  108         8.00000    7.00000  12.5%   4.5 1620s
 21106254 63085 infeasible  142         8.00000    7.00000  12.5%   4.5 1625s
 21171285 62529 infeasible  131         8.00000    7.00000  12.5%   4.5 1630s
 21234570 62032 infeasible  124         8.00000    7.00000  12.5%   4.5 1635s
 21299013 61338 infeasible  140         8.00000    7.00000  12.5%   4.5 1640s
 21363316 60683    7.00000  101    6    8.00000    7.00000  12.5%   4.5 1645s
 21427326 60287 infeasible  122         8.00000    7.00000  12.5%   4.5 1650s
 21491605 59918    7.00000  154   11    8.00000    7.00000  12.5%   4.5 1655s
 21555993 59290 infeasible  146         8.00000    7.00000  12.5%   4.5 1660s
 21622263 58667 infeasible  129         8.00000    7.00000  12.5%   4.5 1665s
 21687874 58008 infeasible  132         8.00000    7.00000  12.5%   4.5 1670s
 21747333 57682 infeasible  145         8.00000    7.00000  12.5%   4.5 1675s
 21811088 57238 infeasible  130         8.00000    7.00000  12.5%   4.5 1680s
 21874689 57046    7.00000  127    8    8.00000    7.00000  12.5%   4.5 1685s
 21938408 57437 infeasible  133         8.00000    7.00000  12.5%   4.5 1690s
 22001257 56932    7.00000  151    8    8.00000    7.00000  12.5%   4.5 1695s
 22064510 57039    7.00000  107    7    8.00000    7.00000  12.5%   4.5 1700s
 22127809 56784 infeasible  139         8.00000    7.00000  12.5%   4.5 1705s
 22191787 56654 infeasible  156         8.00000    7.00000  12.5%   4.5 1710s
 22255434 56664 infeasible  137         8.00000    7.00000  12.5%   4.5 1715s
 22318620 56499 infeasible  128         8.00000    7.00000  12.5%   4.5 1720s
 22382495 56395 infeasible  116         8.00000    7.00000  12.5%   4.5 1725s
 22445942 56898    7.00000  159    8    8.00000    7.00000  12.5%   4.5 1730s
 22505079 56367 infeasible  139         8.00000    7.00000  12.5%   4.5 1735s
 22569164 56180 infeasible  130         8.00000    7.00000  12.5%   4.5 1740s
 22633709 56063 infeasible  121         8.00000    7.00000  12.5%   4.5 1745s
 22696823 56065 infeasible  139         8.00000    7.00000  12.5%   4.5 1750s
 22759957 55986 infeasible  111         8.00000    7.00000  12.5%   4.5 1755s
 22821298 55959 infeasible  158         8.00000    7.00000  12.5%   4.6 1760s
 22885593 55908 infeasible  116         8.00000    7.00000  12.5%   4.6 1765s
 22949075 55757    7.00000  130   16    8.00000    7.00000  12.5%   4.6 1770s
 23012011 55571 infeasible  113         8.00000    7.00000  12.5%   4.6 1775s
 23075339 55651 infeasible  132         8.00000    7.00000  12.5%   4.6 1780s
 23139185 55361 infeasible  122         8.00000    7.00000  12.5%   4.6 1785s
 23203937 55463    7.00000  155    9    8.00000    7.00000  12.5%   4.6 1790s
 23263869 55234 infeasible  137         8.00000    7.00000  12.5%   4.6 1795s
 23324990 55050 infeasible  109         8.00000    7.00000  12.5%   4.6 1800s
 23386671 55737 infeasible  139         8.00000    7.00000  12.5%   4.6 1805s
 23448197 55006 infeasible  149         8.00000    7.00000  12.5%   4.6 1810s
 23509289 54914    7.00000  148   12    8.00000    7.00000  12.5%   4.6 1815s
 23571827 54959 infeasible  129         8.00000    7.00000  12.5%   4.6 1820s
 23635253 54613 infeasible  137         8.00000    7.00000  12.5%   4.6 1825s
 23699501 54690    7.00000  136   10    8.00000    7.00000  12.5%   4.6 1830s
 23761144 54610 infeasible  153         8.00000    7.00000  12.5%   4.6 1835s
 23825264 54432 infeasible  132         8.00000    7.00000  12.5%   4.6 1840s
 23889364 54332 infeasible  135         8.00000    7.00000  12.5%   4.6 1845s
 23951962 54346 infeasible  133         8.00000    7.00000  12.5%   4.6 1850s
 24007890 54214 infeasible  139         8.00000    7.00000  12.5%   4.6 1855s
 24071112 54423 infeasible  132         8.00000    7.00000  12.5%   4.6 1860s
 24135610 54002 infeasible  133         8.00000    7.00000  12.5%   4.6 1865s
 24198954 53864 infeasible  132         8.00000    7.00000  12.5%   4.6 1870s
 24263742 53665 infeasible  137         8.00000    7.00000  12.5%   4.6 1875s
 24326789 53650 infeasible  152         8.00000    7.00000  12.5%   4.6 1880s
 24390755 53490    7.00000  138   10    8.00000    7.00000  12.5%   4.6 1885s
 24451285 53304 infeasible  139         8.00000    7.00000  12.5%   4.6 1890s
 24512690 53297 infeasible  131         8.00000    7.00000  12.5%   4.6 1895s
 24575580 53094 infeasible  139         8.00000    7.00000  12.5%   4.6 1900s
 24638350 53060 infeasible  135         8.00000    7.00000  12.5%   4.6 1905s
 24701941 53003 infeasible  162         8.00000    7.00000  12.5%   4.6 1910s
 24762073 53073 infeasible  123         8.00000    7.00000  12.5%   4.6 1915s
 24825630 52926 infeasible  147         8.00000    7.00000  12.5%   4.6 1920s
 24891246 52858 infeasible  127         8.00000    7.00000  12.5%   4.6 1925s
 24957206 52676 infeasible  115         8.00000    7.00000  12.5%   4.6 1930s
 25023019 52776 infeasible  124         8.00000    7.00000  12.5%   4.6 1935s
 25086325 52834 infeasible  130         8.00000    7.00000  12.5%   4.6 1940s
 25150280 52546 infeasible  123         8.00000    7.00000  12.5%   4.6 1945s
 25214145 52470 infeasible  141         8.00000    7.00000  12.5%   4.6 1950s
 25278216 52383 infeasible  146         8.00000    7.00000  12.5%   4.6 1955s
 25342054 52852 infeasible  151         8.00000    7.00000  12.5%   4.6 1960s
 25405570 52314 infeasible  142         8.00000    7.00000  12.5%   4.6 1965s
 25470714 52328    7.00000  129    6    8.00000    7.00000  12.5%   4.6 1970s
 25528245 52274 infeasible  151         8.00000    7.00000  12.5%   4.6 1975s
 25590808 52173    7.00000  164   20    8.00000    7.00000  12.5%   4.6 1980s
 25652442 52095 infeasible  146         8.00000    7.00000  12.5%   4.6 1985s
 25715510 52196 infeasible  155         8.00000    7.00000  12.5%   4.6 1990s
 25779003 52157 infeasible  146         8.00000    7.00000  12.5%   4.6 1995s
 25838103 52267    7.00000  139   11    8.00000    7.00000  12.5%   4.6 2000s
 25899590 52176 infeasible  131         8.00000    7.00000  12.5%   4.6 2005s
 25962747 52076 infeasible  153         8.00000    7.00000  12.5%   4.6 2010s
 26024185 51889    7.00000  127   11    8.00000    7.00000  12.5%   4.6 2015s
 26087907 51899 infeasible  108         8.00000    7.00000  12.5%   4.6 2020s
 26150787 51879    7.00000   90   19    8.00000    7.00000  12.5%   4.6 2025s
 26213734 52119    7.00000  139    4    8.00000    7.00000  12.5%   4.6 2030s
 26272352 51880 infeasible  167         8.00000    7.00000  12.5%   4.6 2035s
 26336499 51699 infeasible  152         8.00000    7.00000  12.5%   4.6 2040s
 26401373 51546 infeasible  105         8.00000    7.00000  12.5%   4.6 2045s
 26466812 51516 infeasible  122         8.00000    7.00000  12.5%   4.6 2050s
 26530792 51492 infeasible  160         8.00000    7.00000  12.5%   4.6 2055s
 26594180 51541 infeasible  112         8.00000    7.00000  12.5%   4.6 2060s
 26657398 51251 infeasible  132         8.00000    7.00000  12.5%   4.6 2065s
 26721030 51148 infeasible  151         8.00000    7.00000  12.5%   4.6 2070s
 26784066 51107 infeasible  145         8.00000    7.00000  12.5%   4.6 2075s
 26848129 51153 infeasible  132         8.00000    7.00000  12.5%   4.6 2080s
 26896339 51075 infeasible  141         8.00000    7.00000  12.5%   4.6 2085s
 26959999 50907 infeasible  142         8.00000    7.00000  12.5%   4.6 2090s
 27018941 50972 infeasible  129         8.00000    7.00000  12.5%   4.6 2095s
 27081057 50672 infeasible  124         8.00000    7.00000  12.5%   4.6 2100s
 27142785 50542    7.00000  131    8    8.00000    7.00000  12.5%   4.6 2105s
 27205324 50502 infeasible  111         8.00000    7.00000  12.5%   4.6 2110s
 27269012 50016    7.00000  127   11    8.00000    7.00000  12.5%   4.6 2115s
 27333703 49926 infeasible  141         8.00000    7.00000  12.5%   4.6 2120s
 27396186 49949    7.00000  137   10    8.00000    7.00000  12.5%   4.6 2125s
 27460157 49793 infeasible  135         8.00000    7.00000  12.5%   4.6 2130s
 27522961 49824    7.00000  166   11    8.00000    7.00000  12.5%   4.6 2135s
 27585711 49875    7.00000  138   15    8.00000    7.00000  12.5%   4.6 2140s
 27647347 49601 infeasible  117         8.00000    7.00000  12.5%   4.6 2145s
 27710564 49498 infeasible  120         8.00000    7.00000  12.5%   4.6 2150s
 27767403 49395 infeasible  132         8.00000    7.00000  12.5%   4.6 2155s
 27830081 49258 infeasible  140         8.00000    7.00000  12.5%   4.6 2160s
 27894126 49180 infeasible  126         8.00000    7.00000  12.5%   4.6 2165s
 27956158 49191 infeasible  155         8.00000    7.00000  12.5%   4.6 2170s
 28021137 48935    7.00000  133    8    8.00000    7.00000  12.5%   4.6 2175s
 28085499 48750 infeasible  148         8.00000    7.00000  12.5%   4.6 2180s
 28148426 48578    7.00000  160   17    8.00000    7.00000  12.5%   4.6 2185s
 28212703 48556 infeasible  146         8.00000    7.00000  12.5%   4.6 2190s
 28273334 48193    7.00000  141    6    8.00000    7.00000  12.5%   4.6 2195s
 28336154 48797    7.00000  128   12    8.00000    7.00000  12.5%   4.6 2200s
 28401457 48180 infeasible  144         8.00000    7.00000  12.5%   4.6 2205s
 28464869 48046 infeasible  147         8.00000    7.00000  12.5%   4.6 2210s
 28525341 47937 infeasible  157         8.00000    7.00000  12.5%   4.6 2215s
 28590043 48897    7.00000  125   10    8.00000    7.00000  12.5%   4.6 2220s
 28654682 48564 infeasible  118         8.00000    7.00000  12.5%   4.6 2225s
 28717883 48298 infeasible  138         8.00000    7.00000  12.5%   4.6 2230s
 28780189 47925 infeasible  142         8.00000    7.00000  12.5%   4.6 2235s
 28844415 47715 infeasible  141         8.00000    7.00000  12.5%   4.6 2240s
 28906466 47740    7.00000  156    8    8.00000    7.00000  12.5%   4.6 2245s
 28968690 47629 infeasible  157         8.00000    7.00000  12.5%   4.6 2250s
 29031916 47356 infeasible  147         8.00000    7.00000  12.5%   4.6 2255s
 29097325 47276    7.00000  141    8    8.00000    7.00000  12.5%   4.6 2260s
 29159821 47130 infeasible  134         8.00000    7.00000  12.5%   4.6 2265s
 29222126 47032 infeasible  104         8.00000    7.00000  12.5%   4.6 2270s
 29283174 46737 infeasible  132         8.00000    7.00000  12.5%   4.6 2275s
 29344655 46723 infeasible  123         8.00000    7.00000  12.5%   4.6 2280s
 29407051 46756 infeasible  153         8.00000    7.00000  12.5%   4.6 2285s
 29470186 46740    7.00000  153   13    8.00000    7.00000  12.5%   4.6 2290s
 29533070 46509 infeasible  134         8.00000    7.00000  12.5%   4.6 2295s
 29597277 46475 infeasible  145         8.00000    7.00000  12.5%   4.6 2300s
 29658085 46255 infeasible  173         8.00000    7.00000  12.5%   4.6 2305s
 29720580 46232 infeasible  122         8.00000    7.00000  12.5%   4.6 2310s
 29784390 45865 infeasible  135         8.00000    7.00000  12.5%   4.6 2315s
 29849028 46032    7.00000  131    8    8.00000    7.00000  12.5%   4.6 2320s
 29912742 45718 infeasible  140         8.00000    7.00000  12.5%   4.6 2325s
 29974222 45585 infeasible  137         8.00000    7.00000  12.5%   4.6 2330s
 30034195 45697 infeasible  146         8.00000    7.00000  12.5%   4.6 2335s
 30097077 45489 infeasible  133         8.00000    7.00000  12.5%   4.6 2340s
 30160521 45611    7.00000  153    8    8.00000    7.00000  12.5%   4.6 2345s
 30224789 45608 infeasible  150         8.00000    7.00000  12.5%   4.6 2350s
 30289493 45558 infeasible  131         8.00000    7.00000  12.5%   4.6 2355s
 30354902 45371    7.00000  157   13    8.00000    7.00000  12.5%   4.6 2360s
 30418275 46082 infeasible  151         8.00000    7.00000  12.5%   4.6 2365s
 30481033 45623 infeasible  142         8.00000    7.00000  12.5%   4.6 2370s
 30544058 45325 infeasible  125         8.00000    7.00000  12.5%   4.6 2375s
 30606754 44995    7.00000  100   18    8.00000    7.00000  12.5%   4.6 2380s
 30670691 44878 infeasible  121         8.00000    7.00000  12.5%   4.6 2385s
 30734020 44905 infeasible  112         8.00000    7.00000  12.5%   4.6 2390s
 30793676 45008 infeasible  128         8.00000    7.00000  12.5%   4.6 2395s
 30857791 44682 infeasible  110         8.00000    7.00000  12.5%   4.6 2400s
 30922890 44383 infeasible  141         8.00000    7.00000  12.5%   4.6 2405s
 30986525 44359 infeasible  144         8.00000    7.00000  12.5%   4.6 2410s
 31050416 44338 infeasible  141         8.00000    7.00000  12.5%   4.6 2415s
 31112973 44074    7.00000  119    8    8.00000    7.00000  12.5%   4.6 2420s
 31177421 44041 infeasible  126         8.00000    7.00000  12.5%   4.6 2425s
 31237209 44054    7.00000  148   10    8.00000    7.00000  12.5%   4.6 2430s
 31283306 43699 infeasible  130         8.00000    7.00000  12.5%   4.6 2435s
 31342120 43500 infeasible  137         8.00000    7.00000  12.5%   4.6 2440s
 31404241 43391 infeasible  117         8.00000    7.00000  12.5%   4.6 2445s
 31470185 43248 infeasible  138         8.00000    7.00000  12.5%   4.6 2450s
 31530045 43081 infeasible  114         8.00000    7.00000  12.5%   4.6 2455s
 31592418 43116 infeasible  157         8.00000    7.00000  12.5%   4.6 2460s
 31655662 42958    7.00000  105    9    8.00000    7.00000  12.5%   4.6 2465s
 31720542 42605 infeasible  129         8.00000    7.00000  12.5%   4.6 2470s
 31786454 42608 infeasible  118         8.00000    7.00000  12.5%   4.6 2475s
 31851538 42351 infeasible  150         8.00000    7.00000  12.5%   4.6 2480s
 31914914 42529 infeasible  100         8.00000    7.00000  12.5%   4.6 2485s
 31975974 42275 infeasible  120         8.00000    7.00000  12.5%   4.7 2490s
 32039500 42160 infeasible  138         8.00000    7.00000  12.5%   4.7 2495s
 32104540 42055 infeasible  131         8.00000    7.00000  12.5%   4.7 2500s
 32166831 41770 infeasible  120         8.00000    7.00000  12.5%   4.7 2505s
 32230716 41654 infeasible  134         8.00000    7.00000  12.5%   4.7 2510s
 32292137 41748 infeasible  109         8.00000    7.00000  12.5%   4.7 2515s
 32357037 41432    7.00000  113   18    8.00000    7.00000  12.5%   4.7 2520s
 32422455 41439 infeasible  131         8.00000    7.00000  12.5%   4.7 2525s
 32485693 41258 infeasible  159         8.00000    7.00000  12.5%   4.7 2530s
 32548649 41196    7.00000  136   14    8.00000    7.00000  12.5%   4.7 2535s
 32610909 41279 infeasible  169         8.00000    7.00000  12.5%   4.7 2540s
 32673004 41431 infeasible  145         8.00000    7.00000  12.5%   4.7 2545s
 32734026 41325    7.00000  144   11    8.00000    7.00000  12.5%   4.7 2550s
 32798147 40842 infeasible  138         8.00000    7.00000  12.5%   4.7 2555s
 32861383 40749 infeasible  131         8.00000    7.00000  12.5%   4.7 2560s
 32923251 40563 infeasible  140         8.00000    7.00000  12.5%   4.7 2565s
 32987659 40555 infeasible  125         8.00000    7.00000  12.5%   4.7 2570s
 33048370 40475 infeasible  115         8.00000    7.00000  12.5%   4.7 2575s
 33111140 40402 infeasible  134         8.00000    7.00000  12.5%   4.7 2580s
 33174643 40225 infeasible  126         8.00000    7.00000  12.5%   4.7 2585s
 33241384 40030 infeasible  139         8.00000    7.00000  12.5%   4.7 2590s
 33304570 40083 infeasible  147         8.00000    7.00000  12.5%   4.7 2595s
 33368935 39917 infeasible  128         8.00000    7.00000  12.5%   4.7 2600s
 33432357 39825 infeasible  150         8.00000    7.00000  12.5%   4.7 2605s
 33497394 39962 infeasible  143         8.00000    7.00000  12.5%   4.7 2610s
 33560715 39589    7.00000  148    8    8.00000    7.00000  12.5%   4.7 2615s
 33625107 39518 infeasible  165         8.00000    7.00000  12.5%   4.7 2620s
 33688042 39665 infeasible  129         8.00000    7.00000  12.5%   4.7 2625s
 33753879 39368 infeasible  130         8.00000    7.00000  12.5%   4.7 2630s
 33814070 39781 infeasible  148         8.00000    7.00000  12.5%   4.7 2635s
 33877753 39121 infeasible  149         8.00000    7.00000  12.5%   4.7 2640s
 33942276 38814 infeasible  123         8.00000    7.00000  12.5%   4.7 2645s
 34006067 38782 infeasible  120         8.00000    7.00000  12.5%   4.7 2650s
 34070298 38574 infeasible  114         8.00000    7.00000  12.5%   4.7 2655s
 34134948 38569 infeasible  149         8.00000    7.00000  12.5%   4.7 2660s
 34197438 38516 infeasible  165         8.00000    7.00000  12.5%   4.7 2665s
 34255400 38401 infeasible  157         8.00000    7.00000  12.5%   4.7 2670s
 34316938 38480    7.00000  145   12    8.00000    7.00000  12.5%   4.7 2675s
 34377569 38185 infeasible  137         8.00000    7.00000  12.5%   4.7 2680s
 34437284 38239 infeasible  136         8.00000    7.00000  12.5%   4.7 2685s
 34500116 38812 infeasible  132         8.00000    7.00000  12.5%   4.7 2690s
 34557825 38133 infeasible  177         8.00000    7.00000  12.5%   4.7 2695s
 34618702 38114    7.00000  141   14    8.00000    7.00000  12.5%   4.7 2700s
 34682592 37814 infeasible  150         8.00000    7.00000  12.5%   4.7 2705s
 34746030 37828 infeasible  118         8.00000    7.00000  12.5%   4.7 2710s
 34809651 37660 infeasible  118         8.00000    7.00000  12.5%   4.7 2715s
 34872914 37536    7.00000  117   10    8.00000    7.00000  12.5%   4.7 2720s
 34936124 37335 infeasible  153         8.00000    7.00000  12.5%   4.7 2725s
 34999801 37131 infeasible  122         8.00000    7.00000  12.5%   4.7 2730s
 35061532 36957 infeasible  150         8.00000    7.00000  12.5%   4.7 2735s
 35125251 37736 infeasible  154         8.00000    7.00000  12.5%   4.7 2740s
 35190128 39403 infeasible  154         8.00000    7.00000  12.5%   4.7 2745s
 35253676 37877    7.00000  153   24    8.00000    7.00000  12.5%   4.7 2750s
 35312044 37150 infeasible  131         8.00000    7.00000  12.5%   4.7 2755s
 35375777 36839 infeasible  138         8.00000    7.00000  12.5%   4.7 2760s
 35437699 37190 infeasible  137         8.00000    7.00000  12.5%   4.7 2765s
 35500670 36407 infeasible  160         8.00000    7.00000  12.5%   4.7 2770s
 35564518 36366 infeasible  122         8.00000    7.00000  12.5%   4.7 2775s
 35628836 36234    7.00000  128   10    8.00000    7.00000  12.5%   4.7 2780s
 35692280 35971 infeasible  134         8.00000    7.00000  12.5%   4.7 2785s
 35755673 36118 infeasible  141         8.00000    7.00000  12.5%   4.7 2790s
 35817244 35749 infeasible  101         8.00000    7.00000  12.5%   4.7 2795s
 35879946 35496 infeasible  118         8.00000    7.00000  12.5%   4.7 2800s
 35943546 35322 infeasible  147         8.00000    7.00000  12.5%   4.7 2805s
 36005295 35335    7.00000  138   11    8.00000    7.00000  12.5%   4.7 2810s
 36064791 35236 infeasible  149         8.00000    7.00000  12.5%   4.7 2815s
 36128954 35183    7.00000  133   15    8.00000    7.00000  12.5%   4.7 2820s
 36194359 35220 infeasible  148         8.00000    7.00000  12.5%   4.7 2825s
 36258203 34561    7.00000  148    9    8.00000    7.00000  12.5%   4.7 2830s
 36321831 34348 infeasible  145         8.00000    7.00000  12.5%   4.7 2835s
 36386915 34099    7.00000  135    9    8.00000    7.00000  12.5%   4.7 2840s
 36452142 33911 infeasible  139         8.00000    7.00000  12.5%   4.7 2845s
 36515005 33811 infeasible  143         8.00000    7.00000  12.5%   4.7 2850s
 36578417 33695    7.00000  168   13    8.00000    7.00000  12.5%   4.7 2855s
 36641473 33877    7.00000  137   24    8.00000    7.00000  12.5%   4.7 2860s
 36703966 33812 infeasible  132         8.00000    7.00000  12.5%   4.7 2865s
 36764290 33766 infeasible  168         8.00000    7.00000  12.5%   4.7 2870s
 36818446 33693    7.00000  175    6    8.00000    7.00000  12.5%   4.7 2875s
 36877067 33675 infeasible  141         8.00000    7.00000  12.5%   4.7 2880s
 36936554 33691 infeasible  158         8.00000    7.00000  12.5%   4.7 2885s
 36998710 33626 infeasible  154         8.00000    7.00000  12.5%   4.7 2890s
 37059062 33776    7.00000  163   13    8.00000    7.00000  12.5%   4.7 2895s
 37119756 33737 infeasible  165         8.00000    7.00000  12.5%   4.7 2900s
 37181245 33778 infeasible  162         8.00000    7.00000  12.5%   4.7 2905s
 37244813 33947 infeasible  147         8.00000    7.00000  12.5%   4.7 2910s
 37304731 33712 infeasible  141         8.00000    7.00000  12.5%   4.7 2915s
 37363328 33572 infeasible  173         8.00000    7.00000  12.5%   4.7 2920s
 37425224 33618 infeasible  167         8.00000    7.00000  12.5%   4.7 2925s
 37487079 33566 infeasible  156         8.00000    7.00000  12.5%   4.7 2930s
 37546359 33809 infeasible  151         8.00000    7.00000  12.5%   4.7 2935s
 37609322 33861 infeasible  166         8.00000    7.00000  12.5%   4.7 2940s
 37670247 33893 infeasible  179         8.00000    7.00000  12.5%   4.7 2945s
 37730873 33445 infeasible  156         8.00000    7.00000  12.5%   4.7 2950s
 37793771 34101 infeasible  157         8.00000    7.00000  12.5%   4.7 2955s
 37856196 33752 infeasible  150         8.00000    7.00000  12.5%   4.7 2960s
 37916361 33387 infeasible  153         8.00000    7.00000  12.5%   4.7 2965s
 37978022 33326    7.00000  155   11    8.00000    7.00000  12.5%   4.7 2970s
 38039494 33272 infeasible  131         8.00000    7.00000  12.5%   4.7 2975s
 38103197 33010 infeasible  124         8.00000    7.00000  12.5%   4.7 2980s
 38166409 33073 infeasible  158         8.00000    7.00000  12.5%   4.7 2985s
 38228204 33501 infeasible  164         8.00000    7.00000  12.5%   4.7 2990s
 38285031 32374 infeasible  116         8.00000    7.00000  12.5%   4.7 2995s
 38348173 32099 infeasible  150         8.00000    7.00000  12.5%   4.7 3000s
 38412110 32730    7.00000  141   14    8.00000    7.00000  12.5%   4.7 3005s
 38474498 32360 infeasible  147         8.00000    7.00000  12.5%   4.7 3010s
 38538612 31695 infeasible  126         8.00000    7.00000  12.5%   4.7 3015s
 38601142 31819    7.00000  146   14    8.00000    7.00000  12.5%   4.7 3020s
 38667110 31800    7.00000  130   14    8.00000    7.00000  12.5%   4.7 3025s
 38731498 31457 infeasible  138         8.00000    7.00000  12.5%   4.7 3030s
 38795082 31440 infeasible  113         8.00000    7.00000  12.5%   4.7 3035s
 38859623 31123 infeasible  144         8.00000    7.00000  12.5%   4.7 3040s
 38923137 30771 infeasible  116         8.00000    7.00000  12.5%   4.7 3045s
 38989154 30798    7.00000  134   13    8.00000    7.00000  12.5%   4.7 3050s
 39049372 30547 infeasible  136         8.00000    7.00000  12.5%   4.7 3055s
 39113412 30385 infeasible  166         8.00000    7.00000  12.5%   4.7 3060s
 39178034 30469    7.00000  136    8    8.00000    7.00000  12.5%   4.7 3065s
 39243455 30325 infeasible  150         8.00000    7.00000  12.5%   4.7 3070s
 39304004 30033    7.00000  109    9    8.00000    7.00000  12.5%   4.7 3075s
 39368585 30066    7.00000  127   13    8.00000    7.00000  12.5%   4.7 3080s
 39433966 29987 infeasible  145         8.00000    7.00000  12.5%   4.7 3085s
 39496256 29846 infeasible  117         8.00000    7.00000  12.5%   4.7 3090s
 39560510 29837 infeasible  174         8.00000    7.00000  12.5%   4.7 3095s
 39624439 29806 infeasible  144         8.00000    7.00000  12.5%   4.7 3100s
 39688012 29558 infeasible  146         8.00000    7.00000  12.5%   4.7 3105s
 39752083 29397 infeasible  127         8.00000    7.00000  12.5%   4.7 3110s
 39813269 29265 infeasible  172         8.00000    7.00000  12.5%   4.7 3115s
 39878896 29504    7.00000  153   18    8.00000    7.00000  12.5%   4.7 3120s
 39937077 29409 infeasible  140         8.00000    7.00000  12.5%   4.7 3125s
 39998699 29680 infeasible  122         8.00000    7.00000  12.5%   4.7 3130s
 40063183 29100 infeasible  115         8.00000    7.00000  12.5%   4.7 3135s
 40126799 28891 infeasible   99         8.00000    7.00000  12.5%   4.7 3140s
 40191576 28285    7.00000  131   11    8.00000    7.00000  12.5%   4.7 3145s
 40255024 27513    7.00000  156   16    8.00000    7.00000  12.5%   4.7 3150s
 40318886 26763 infeasible  137         8.00000    7.00000  12.5%   4.7 3155s
 40383878 26473 infeasible  131         8.00000    7.00000  12.5%   4.7 3160s
 40445535 25720    7.00000  154   12    8.00000    7.00000  12.5%   4.7 3165s
 40506250 24888    7.00000  153   16    8.00000    7.00000  12.5%   4.7 3170s
 40562351 24508 infeasible  169         8.00000    7.00000  12.5%   4.7 3175s
 40625297 23977 infeasible  158         8.00000    7.00000  12.5%   4.7 3180s
 40688870 23441 infeasible  131         8.00000    7.00000  12.5%   4.7 3185s
 40751349 25158    7.00000  157    8    8.00000    7.00000  12.5%   4.7 3190s
 40811860 24191 infeasible  148         8.00000    7.00000  12.5%   4.7 3195s
 40872356 23050 infeasible  148         8.00000    7.00000  12.5%   4.7 3200s
 40935569 22518 infeasible  127         8.00000    7.00000  12.5%   4.7 3205s
 40999738 21742 infeasible  146         8.00000    7.00000  12.5%   4.7 3210s
 41064945 21122 infeasible  130         8.00000    7.00000  12.5%   4.7 3215s
 41126523 20563    7.00000  163   11    8.00000    7.00000  12.5%   4.7 3220s
 41190264 19604    7.00000  147   10    8.00000    7.00000  12.5%   4.7 3225s
 41252753 18921 infeasible  127         8.00000    7.00000  12.5%   4.7 3230s
 41310274 18255    7.00000  132    8    8.00000    7.00000  12.5%   4.7 3235s
 41374864 17324 infeasible  140         8.00000    7.00000  12.5%   4.7 3240s
 41438190 17036 infeasible  145         8.00000    7.00000  12.5%   4.7 3245s
 41499856 16056 infeasible  141         8.00000    7.00000  12.5%   4.7 3250s
 41562080 15342 infeasible  111         8.00000    7.00000  12.5%   4.7 3255s
 41626845 14643 infeasible  136         8.00000    7.00000  12.5%   4.7 3260s
 41690548 13589 infeasible  137         8.00000    7.00000  12.5%   4.7 3265s
 41753759 12682 infeasible  158         8.00000    7.00000  12.5%   4.7 3270s
 41816429 11605    7.00000  157   17    8.00000    7.00000  12.5%   4.7 3275s
 41879787 10373 infeasible  128         8.00000    7.00000  12.5%   4.7 3280s
 41944262  9710    7.00000  143   11    8.00000    7.00000  12.5%   4.7 3285s
 42006329  8207    7.00000  153   12    8.00000    7.00000  12.5%   4.7 3290s
 42064658  7198 infeasible  155         8.00000    7.00000  12.5%   4.7 3295s
 42125174  5649 infeasible  109         8.00000    7.00000  12.5%   4.7 3300s
 42187617  4285 infeasible  140         8.00000    7.00000  12.5%   4.7 3305s
 42249123  2593 infeasible  141         8.00000    7.00000  12.5%   4.7 3310s
 42310749  1316 infeasible  136         8.00000    7.00000  12.5%   4.7 3315s
 42373630  1264 infeasible  119         8.00000    7.00000  12.5%   4.7 3320s
 42435566   922 infeasible  131         8.00000    7.00000  12.5%   4.7 3325s
 42496141   480 infeasible  130         8.00000    7.00000  12.5%   4.7 3330s

Cutting planes:
  Inf proof: 23

Explored 42519467 nodes (201298444 simplex iterations) in 3331.97 seconds
Thread count was 4 (of 4 available processors)

Solution count 4: 8 9 10 11 

Optimal solution found (tolerance 1.00e-04)
Best objective 8.000000000000e+00, best bound 8.000000000000e+00, gap 0.0000%
