
Gurobi 8.1.1 (win64) logging started 11/26/19 15:00:58

Changed value of parameter LogFile to logs/miss/qp/miss-06-30-2.log
   Prev: gurobi.log  Default: 
Changed value of parameter LogToConsole to 0
   Prev: 1  Min: 0  Max: 1  Default: 1
Changed value of parameter TimeLimit to 3600.0
   Prev: 1e+100  Min: 0.0  Max: 1e+100  Default: 1e+100
Optimize a model with 1 rows, 265 columns and 1 nonzeros
Model has 9 quadratic constraints
Variable types: 0 continuous, 265 integer (265 binary)
Coefficient statistics:
  Matrix range     [1e+00, 1e+00]
  QMatrix range    [1e+00, 1e+00]
  Objective range  [1e+00, 1e+00]
  Bounds range     [1e+00, 1e+00]
  RHS range        [1e+00, 1e+00]
  QRHS range       [1e+00, 1e+00]
Found heuristic solution: objective 265.0000000
Presolve removed 1 rows and 1 columns
Presolve time: 0.00s
Presolved: 0 rows, 264 columns, 0 nonzeros
Variable types: 0 continuous, 264 integer (264 binary)

Root relaxation: objective 1.000000e+00, 0 iterations, 0.00 seconds

    Nodes    |    Current Node    |     Objective Bounds      |     Work
 Expl Unexpl |  Obj  Depth IntInf | Incumbent    BestBd   Gap | It/Node Time

     0     0    2.00000    0    2  265.00000    2.00000  99.2%     -    0s
H    0     0                      10.0000000    2.00000  80.0%     -    0s
     0     0    2.00000    0    2   10.00000    2.00000  80.0%     -    0s
H    0     0                       8.0000000    2.00000  75.0%     -    0s
     0     2    2.00000    0    2    8.00000    2.00000  75.0%     -    0s
H  144    58                       7.0000000    2.00000  71.4%   1.3    0s
   526   237    2.00000  121    2    7.00000    2.00000  71.4%   1.3    5s
   863   305     cutoff  198         7.00000    2.00000  71.4%   1.4   10s
  1128   356    6.00000  199    -    7.00000    3.00000  57.1%   1.4   15s
  1339   452    6.00000  199    -    7.00000    3.00000  57.1%   1.4   20s
  1516   515    6.00000  199    -    7.00000    3.00000  57.1%   1.4   26s
  1646   574    4.00000  101    -    7.00000    3.00000  57.1%   1.4   30s
  1817   638    6.00000  199    -    7.00000    3.00000  57.1%   1.4   37s
  1939   720    6.00000  199    -    7.00000    3.00000  57.1%   1.4   40s
  2084   809    4.00000  113    -    7.00000    3.00000  57.1%   1.4   45s
  2279   888    4.00000   51    -    7.00000    3.00000  57.1%   1.4   54s
  2410   991    3.00000   60    2    7.00000    3.00000  57.1%   1.4   57s
  2542  1148    4.00000   50    2    7.00000    3.00000  57.1%   1.4   78s
  2544  1149    4.00000   52 2270    7.00000    3.00000  57.1%   1.4   96s
  2546  1152    3.00000   25    2    7.00000    3.00000  57.1%   7.0  160s
  2549  1154    3.00000   53 1901    7.00000    3.00000  57.1%   7.0  167s
  2551  1155    3.00000   67 1436    7.00000    3.00000  57.1%   7.0  171s
  2552  1156    3.00000   43 1562    7.00000    3.00000  57.1%   7.0  178s
  2554  1157    3.00000   58 1507    7.00000    3.00000  57.1%   7.0  185s
  2556  1159    3.00000   44 1507    7.00000    3.00000  57.1%   7.0  194s
  2557  1159    3.00000  119 1472    7.00000    3.00000  57.1%   7.0  195s
  2558  1160    4.00000   33 1483    7.00000    3.00000  57.1%   7.0  204s
  2559  1161    4.00000   99 1491    7.00000    3.00000  57.1%   7.0  205s
H 2559  1102                       6.0000000    3.00000  50.0%   7.0  213s
  2561  1103    4.00000   87 1460    6.00000    3.00000  50.0%   7.0  215s
  2562  1104    3.00000   60 1398    6.00000    3.00000  50.0%   7.0  223s
  2563  1104    3.00000   51 1398    6.00000    3.00000  50.0%   7.0  228s
  2564  1105    4.00000   53 1398    6.00000    3.00000  50.0%   7.0  264s
  2565  1109    3.00000   22 1374    6.00000    3.00000  50.0%  72.2  281s
  2569  1111    3.28132   23 2202    6.00000    3.00000  50.0%  80.7  286s
  2573  1114    3.27518   24 2240    6.00000    3.00000  50.0%  86.1  292s
  2575  1116    3.00000   25 1265    6.00000    3.00000  50.0%  90.0  295s
  2581  1116    3.00000   26 1220    6.00000    3.00000  50.0%   100  301s
  2584  1120    4.27817   26 1962    6.00000    3.00000  50.0%   107  305s
  2590  1124    3.28451   27 2179    6.00000    3.00000  50.0%   119  311s
  2593  1123    3.00000   28 1146    6.00000    3.00000  50.0%   122  315s
  2601  1125    3.00000   30 1089    6.00000    3.00000  50.0%   137  323s
  2605  1127    3.00000   31  908    6.00000    3.00000  50.0%   144  328s
  2609  1128    3.00000   32  984    6.00000    3.00000  50.0%   150  332s
  2613  1131    3.00000   33  877    6.00000    3.00000  50.0%   157  336s
  2621  1134    3.00000   35  801    6.00000    3.00000  50.0%   169  344s
  2625  1134    3.00000   36  794    6.00000    3.00000  50.0%   175  347s
  2630  1133    3.00000   37  782    6.00000    3.00000  50.0%   179  351s
  2635  1135    3.00000   38  771    6.00000    3.00000  50.0%   186  355s
  2639  1137    3.00000   39  760    6.00000    3.00000  50.0%   192  360s
  2651  1138    3.00000   41  620    6.00000    3.00000  50.0%   206  369s
  2657  1140    3.00000   42  636    6.00000    3.00000  50.0%   213  373s
  2663  1140    3.00000   43  679    6.00000    3.00000  50.0%   220  378s
  2671  1144    3.00000   45  659    6.00000    3.00000  50.0%   229  382s
  2678  1146    3.34297   46 1868    6.00000    3.00000  50.0%   238  386s
  2684  1145    4.31853   47 1675    6.00000    3.00000  50.0%   244  392s
  2691  1153    3.00000   49  782    6.00000    3.00000  50.0%   252  398s
  2699  1156    3.00000   51  921    6.00000    3.00000  50.0%   261  404s
  2707  1156    3.00000   53  797    6.00000    3.00000  50.0%   270  412s
  2714  1163    3.35135   54 1814    6.00000    3.00000  50.0%   278  419s
  2723  1168    3.00000   56  760    6.00000    3.00000  50.0%   286  426s
  2733  1173    3.00000   58  753    6.00000    3.00000  50.0%   296  432s
  2743  1179    3.00000   60  747    6.00000    3.00000  50.0%   306  441s
  2753  1183    3.00000   62  713    6.00000    3.00000  50.0%   316  448s
  2766  1196    3.00000   65  727    6.00000    3.00000  50.0%   325  454s
  2775  1197    3.00000   67  719    6.00000    3.00000  50.0%   334  463s
  2787  1205    3.00000   69  682    6.00000    3.00000  50.0%   343  471s
  2801  1214    3.00000   72  734    6.00000    3.00000  50.0%   354  478s
  2813  1220    3.00000   74  739    6.00000    3.00000  50.0%   364  485s
  2827  1228    3.00000   77  713    6.00000    3.00000  50.0%   374  493s
  2844  1236    3.00000   81  701    6.00000    3.00000  50.0%   386  503s
  2855  1244    3.00000   82  676    6.00000    3.00000  50.0%   393  511s
  2873  1249    3.00000   85  685    6.00000    3.00000  50.0%   405  529s
  2882  1253    3.44149   85 1580    6.00000    3.00000  50.0%   411  538s
  2903  1261    3.00000   88  604    6.00000    3.00000  50.0%   420  554s
  2918  1265    3.45558   88 1524    6.00000    3.00000  50.0%   426  566s
  2941  1274    3.00000   92  681    6.00000    3.00000  50.0%   437  576s
  2970  1279    3.00000   97  649    6.00000    3.00000  50.0%   449  592s
  2994  1283    3.00000   98  640    6.00000    3.00000  50.0%   456  606s
  3016  1289    3.00000  101  604    6.00000    3.00000  50.0%   464  621s
  3044  1299    3.00000  106  590    6.00000    3.00000  50.0%   475  632s
  3105  1308    3.00000  112  638    6.00000    3.00000  50.0%   480  646s
  3166  1291    3.00000  115  819    6.00000    3.00000  50.0%   476  659s
  3235  1278    3.00000  119  733    6.00000    3.00000  50.0%   473  673s
  3251  1287    3.66827  120 1146    6.00000    3.00000  50.0%   482  684s
  3273  1294    3.00000  126  785    6.00000    3.00000  50.0%   495  704s
  3285  1301    3.00000  130  785    6.00000    3.00000  50.0%   499  716s
  3318  1317    3.00498  139  807    6.00000    3.00498  49.9%   511  736s
  3331  1315    3.00893  141  805    6.00000    3.00893  49.9%   513  767s
  3390  1344    3.06390  160  802    6.00000    3.06390  48.9%   521  780s
  3512  1367     cutoff  201         6.00000    3.27518  45.4%   521  793s
  3651  1398    4.24452  249  409    6.00000    3.28152  45.3%   515  805s
  3774  1382    4.25175   35 1797    6.00000    3.28152  45.3%   520  818s
  3969  1339     cutoff   71         6.00000    3.28152  45.3%   510  830s
  4142  1286     cutoff  114         6.00000    3.28455  45.3%   503  844s
  4239  1295    3.39517   42 1781    6.00000    3.28455  45.3%   506  856s
  4343  1361    3.67587   81 1182    6.00000    3.28455  45.3%   510  870s
  4503  1428    4.57867  170  549    6.00000    3.28765  45.2%   505  884s
  4648  1466    3.45493   52 1626    6.00000    3.28765  45.2%   503  899s
  4779  1542    3.80954   98 1214    6.00000    3.29197  45.1%   507  914s
  4938  1631    3.33350   41 1863    6.00000    3.29418  45.1%   507  930s
  5036  1686    3.74891   89 1125    6.00000    3.29619  45.1%   509  946s
  5173  1768    3.34513   34 1950    6.00000    3.29619  45.1%   505  962s
  5251  1818    3.55289   64 1405    6.00000    3.29619  45.1%   513  978s
  5452  1941    4.56701  161  680    6.00000    3.29652  45.1%   505  995s
  5562  2004    4.57333   69 1339    6.00000    3.30108  45.0%   509 1013s
  5738  2096    4.35830   55 1596    6.00000    3.30144  45.0%   505 1032s
  5907  2205    4.29134   32 2005    6.00000    3.30154  45.0%   505 1051s
  6020  2265    4.83115   95 1019    6.00000    3.30358  44.9%   513 1071s
  6194  2322    4.61735   68 1341    6.00000    3.30558  44.9%   517 1093s
  6348  2454    4.39495   45 1725    6.00000    3.30632  44.9%   518 1115s
  6484  2563    4.32352   36 1882    6.00000    3.30648  44.9%   524 1138s
  6664  2714    3.34334   38 1932    6.00000    3.30658  44.9%   527 1162s
  6791  2746    3.61062   70 1230    6.00000    3.30713  44.9%   537 1187s
  7002  2907    3.45517   56 1545    6.00000    3.30811  44.9%   536 1212s
  7191  3075    4.16722  119  946    6.00000    3.31075  44.8%   535 1239s
  7396  3253    4.83333   91  992    6.00000    3.31098  44.8%   540 1270s
  7561  3400    4.87936   94 1028    6.00000    3.31169  44.8%   547 1298s
  7747  3549    4.85833   98 1242    6.00000    3.31317  44.8%   553 1328s
  7987  3740     cutoff   48         6.00000    3.31417  44.8%   555 1359s
  8144  3761     cutoff   42         6.00000    3.31427  44.8%   554 1387s
  8322  3840     cutoff   98         6.00000    3.31670  44.7%   558 1416s
  8566  4000    4.36994   46 1779    6.00000    3.31753  44.7%   561 1453s
  8744  4153     cutoff  105         6.00000    3.31887  44.7%   562 1481s
  8926  4310    4.42321   46 1667    6.00000    3.32082  44.7%   569 1520s
  9073  4439    4.31855   39 1941    6.00000    3.32189  44.6%   570 1549s
  9209  4529    3.34881   48 1850    6.00000    3.32238  44.6%   577 1579s
  9500  4677    4.37097   42 1592    6.00000    3.32429  44.6%   574 1608s
  9733  4887    4.55903   62 1318    6.00000    3.32617  44.6%   575 1636s
  9904  5025    4.55882   65 1421    6.00000    3.32652  44.6%   578 1664s
 10125  5223    4.64526   75 1263    6.00000    3.32691  44.6%   578 1692s
 10313  5390    4.85752   93 1006    6.00000    3.32803  44.5%   580 1721s
 10535  5544    4.38308   45 1614    6.00000    3.32915  44.5%   583 1771s
 10779  5648    4.36389   48 1747    6.00000    3.33006  44.5%   581 1799s
 10966  5817    4.58841   69 1381    6.00000    3.33029  44.5%   584 1827s
 11154  5982    4.95312  105  946    6.00000    3.33180  44.5%   588 1855s
 11290  6107    3.83631   91 1092    6.00000    3.33496  44.4%   592 1883s
 11501  6199    4.44272   64 1577    6.00000    3.33496  44.4%   593 1912s
 11729  6287    4.07982  118  934    6.00000    3.33619  44.4%   596 1940s
 12030  6359     cutoff   49         6.00000    3.33705  44.4%   593 1969s
 12264  6468    4.53763   61 1419    6.00000    3.33890  44.4%   595 1997s
 12490  6674    4.90219   99  963    6.00000    3.33900  44.4%   596 2024s
 12655  6812    4.14458  124  946    6.00000    3.33922  44.3%   598 2053s
 12891  7012    4.31338   39 1906    6.00000    3.34104  44.3%   598 2081s
 13054  7147    4.39569   51 1524    6.00000    3.34189  44.3%   601 2110s
 13315  7387    4.33114   43 1854    6.00000    3.34252  44.3%   601 2139s
 13533  7471     cutoff   99         6.00000    3.34300  44.3%   604 2166s
 13736  7592    4.48491   66 1523    6.00000    3.34569  44.2%   604 2194s
 13984  7722    3.58251   77 1439    6.00000    3.34602  44.2%   603 2222s
 14183  7900    4.40098   49 1695    6.00000    3.34668  44.2%   601 2248s
 14379  7978    4.34707   48 1811    6.00000    3.34682  44.2%   601 2277s
 14567  8149    4.60777   72 1367    6.00000    3.34767  44.2%   604 2304s
 14750  8317    3.60373   75    2    6.00000    3.34770  44.2%   605 2757s
 14752  8318    4.35771   39 2250    6.00000    3.34770  44.2%   605 2763s
 14753  8319    4.99958  106 1455    6.00000    3.34770  44.2%   605 2767s
 14754  8320    4.38931   44 1587    6.00000    3.34770  44.2%   605 2771s
 14756  8321    4.64479   84 1507    6.00000    3.34770  44.2%   605 2777s
 14757  8322    4.88094   98 1507    6.00000    3.34770  44.2%   605 2784s
 14758  8322    4.82874  178 1506    6.00000    3.34770  44.2%   605 2785s
 14759  8323    4.89670  178 1512    6.00000    3.34770  44.2%   605 2792s
 14760  8324    4.27902   28 1460    6.00000    3.34770  44.2%   605 2807s
 14761  8324    4.83485   94 1475    6.00000    3.34770  44.2%   605 2814s
 14762  8325    4.34884   47 1473    6.00000    3.34770  44.2%   605 2890s
 14763  8326    4.62706   74 1473    6.00000    3.34770  44.2%   605 2902s
 14764  8326    4.35304   49 1473    6.00000    3.34770  44.2%   605 2917s
 14765  8330    3.34770   34 1396    6.00000    3.34770  44.2%   610 3081s
 14767  8331    3.34770   35 1177    6.00000    3.34770  44.2%   611 3156s
 14769  8333    3.41790   35 1805    6.00000    3.34770  44.2%   611 3252s
 14771  8334    3.34770   36 1141    6.00000    3.34770  44.2%   611 3270s
 14773  8335    3.59731   36 1538    6.00000    3.34770  44.2%   612 3404s
 14775  8339    3.34770   37 1152    6.00000    3.34770  44.2%   613 3418s
 14779  8337    3.34770   38 1125    6.00000    3.34770  44.2%   613 3450s
 14783  8340    3.34770   39 1101    6.00000    3.34770  44.2%   614 3457s
 14787  8343    3.34770   40 1097    6.00000    3.34770  44.2%   615 3527s
 14791  8344    3.34770   41 1095    6.00000    3.34770  44.2%   616 3542s
 14796  8350    3.34770   42 1090    6.00000    3.34770  44.2%   616 3588s
 14801  8352    3.34770   44 1227    6.00000    3.34770  44.2%   618 3600s

Cutting planes:
  Gomory: 1
  Flow cover: 1
  Zero half: 37
  Mod-K: 2

Explored 14809 nodes (9165639 simplex iterations) in 3600.24 seconds
Thread count was 4 (of 4 available processors)

Solution count 5: 6 7 8 ... 265

Time limit reached
Best objective 6.000000000000e+00, best bound 4.000000000000e+00, gap 33.3333%
Warning: Q constraint 0 doesn't have a name
