
Gurobi 8.1.1 (win64) logging started 11/26/19 12:00:57

Changed value of parameter LogFile to logs/miss/qp/miss-06-15-2.log
   Prev: gurobi.log  Default: 
Changed value of parameter LogToConsole to 0
   Prev: 1  Min: 0  Max: 1  Default: 1
Changed value of parameter TimeLimit to 3600.0
   Prev: 1e+100  Min: 0.0  Max: 1e+100  Default: 1e+100
Optimize a model with 1 rows, 158 columns and 1 nonzeros
Model has 9 quadratic constraints
Variable types: 0 continuous, 158 integer (158 binary)
Coefficient statistics:
  Matrix range     [1e+00, 1e+00]
  QMatrix range    [1e+00, 1e+00]
  Objective range  [1e+00, 1e+00]
  Bounds range     [1e+00, 1e+00]
  RHS range        [1e+00, 1e+00]
  QRHS range       [1e+00, 1e+00]
Found heuristic solution: objective 158.0000000
Presolve removed 1 rows and 1 columns
Presolve time: 0.00s
Presolved: 0 rows, 157 columns, 0 nonzeros
Variable types: 0 continuous, 157 integer (157 binary)

Root relaxation: objective 1.000000e+00, 0 iterations, 0.00 seconds

    Nodes    |    Current Node    |     Objective Bounds      |     Work
 Expl Unexpl |  Obj  Depth IntInf | Incumbent    BestBd   Gap | It/Node Time

     0     0    2.00000    0    2  158.00000    2.00000  98.7%     -    0s
     0     0    2.00000    0    2  158.00000    2.00000  98.7%     -    0s
     0     0    2.00000    0    2  158.00000    2.00000  98.7%     -    0s
H    0     0                      33.0000000    2.00000  93.9%     -    0s
H    0     0                      24.0000000    2.00000  91.7%     -    0s
H    0     2                       9.0000000    2.00000  77.8%     -    0s
     0     2    2.00000    0    2    9.00000    2.00000  77.8%     -    0s
H   29    10                       8.0000000    2.00000  75.0%   1.3    0s
H   97    33                       7.0000000    2.00000  71.4%   1.5    0s
   833   326    3.00000   82    -    7.00000    3.00000  57.1%   1.4    5s
  1332   542    5.00000  102    -    7.00000    3.00000  57.1%   1.4   10s
  1707   745    5.00000  102    -    7.00000    3.00000  57.1%   1.4   15s
  1973   896    6.00000  103    2    7.00000    3.00000  57.1%   1.4   20s
  2185  1046    5.00000   20    2    7.00000    3.00000  57.1%   1.3   30s
  2189  1050    4.00000   45    2    7.00000    3.00000  57.1%   4.1  103s
  2191  1051    3.00000   54 1526    7.00000    3.00000  57.1%   4.1  105s
  2201  1058    3.50000   95 1038    7.00000    3.00000  57.1%   4.1  110s
  2212  1065    5.00000   87 1131    7.00000    3.00000  57.1%   4.1  116s
  2215  1070    3.00000   23 1023    7.00000    3.00000  57.1%  14.6  120s
  2226  1075    3.32922   25 1350    7.00000    3.00000  57.1%  24.1  125s
  2242  1075    3.00000   28 1223    7.00000    3.00000  57.1%  29.9  130s
  2261  1076    3.00000   31  996    7.00000    3.00000  57.1%  38.6  136s
  2274  1082    3.00000   34  974    7.00000    3.00000  57.1%  47.7  140s
  2295  1086    3.45054   38 1195    7.00000    3.00000  57.1%  58.0  146s
  2303  1081 infeasible   39         7.00000    3.00000  57.1%  61.4  150s
  2317  1083 infeasible   43         7.00000    3.00000  57.1%  66.4  155s
  2343  1078 infeasible   53         7.00000    3.00000  57.1%  73.3  162s
  2357  1076     cutoff   58         7.00000    3.00000  57.1%  77.1  167s
  2371  1075    4.06610   64  667    7.00000    3.00000  57.1%  78.4  171s
  2391  1079    3.50000   30 1021    7.00000    3.00000  57.1%  85.4  177s
  2397  1083    3.50000   31 1032    7.00000    3.00000  57.1%  88.3  180s
  2408  1089    4.36638   33 1370    7.00000    3.00000  57.1%  95.0  186s
  2422  1098    4.37708   36 1260    7.00000    3.00000  57.1%   101  192s
  2429  1101    3.50000   38  961    7.00000    3.00000  57.1%   104  195s
  2446  1114    4.40192   41 1170    7.00000    3.00000  57.1%   112  201s
  2469  1128    3.52154   47 1036    7.00000    3.00000  57.1%   120  206s
  2499  1149    3.54735   54 1036    7.00000    3.00000  57.1%   128  212s
  2517  1156    4.00000   58  882    7.00000    3.00527  57.1%   132  215s
  2544  1167 infeasible   64         7.00000    3.02237  56.8%   136  220s
  2572  1163 infeasible   71         7.00000    3.03442  56.7%   139  225s
  2596  1166    3.50000   28 1034    7.00000    3.32677  52.5%   142  231s
  2618  1164    3.50000   36  934    7.00000    3.32677  52.5%   144  236s
  2649  1165    3.52802   49  953    7.00000    3.32937  52.4%   147  240s
  2745  1153    4.50000   37  874    7.00000    3.32937  52.4%   153  248s
  2783  1179     cutoff   60         7.00000    3.33104  52.4%   155  252s
  2808  1186    3.50000   33  946    7.00000    3.33780  52.3%   158  256s
  2841  1206    3.50000   43  909    7.00000    3.33780  52.3%   161  261s
  2915  1231     cutoff   59         7.00000    3.33780  52.3%   162  265s
  3006  1254    5.81876   90  625    7.00000    3.33780  52.3%   162  270s
  3059  1272    5.28488  119  517    7.00000    3.34564  52.2%   164  275s
  3188  1308    3.50000   36  976    7.00000    3.35215  52.1%   166  284s
  3244  1346     cutoff   57         7.00000    3.35603  52.1%   167  289s
  3261  1345    4.50000   29 1134    7.00000    3.35603  52.1%   171  294s
  3313  1371    4.50542   46  969    7.00000    3.35762  52.0%   172  298s
  3395  1400    4.50000   33  902    7.00000    3.36093  52.0%   173  304s
  3441  1424    5.52351   58  868    7.00000    3.36105  52.0%   175  309s
  3524  1457    3.50000   35 1049    7.00000    3.36999  51.9%   176  314s
  3612  1508    4.51491   55  992    7.00000    3.36999  51.9%   177  320s
  3713  1563    4.50000  104  490    7.00000    3.37259  51.8%   177  326s
  3810  1587    3.50000   35 1039    7.00000    3.37756  51.7%   178  333s
  3868  1620    4.50000   25 1101    7.00000    3.37756  51.7%   180  339s
  3930  1646    4.50258   38 1094    7.00000    3.38408  51.7%   181  346s
  4032  1685    3.53583   52 1022    7.00000    3.38907  51.6%   182  354s
  4150  1749    3.55617   27 1350    7.00000    3.39253  51.5%   183  360s
  4212  1778    4.50000   38  888    7.00000    3.39259  51.5%   185  368s
  4282  1806    5.00000   45  784    7.00000    3.40019  51.4%   186  375s
  4379  1856    3.52904   45  957    7.00000    3.40019  51.4%   189  384s
  4503  1920 infeasible   90         7.00000    3.40060  51.4%   191  392s
  4639  1958 infeasible   90         7.00000    3.41334  51.2%   192  401s
  4758  1989     cutoff   84         7.00000    3.41756  51.2%   193  410s
  4856  2031    3.50000   37 1037    7.00000    3.42568  51.1%   195  420s
  5003  2096    5.00000   36  836    7.00000    3.44564  50.8%   196  430s
  5139  2160    4.50544   47 1002    7.00000    3.44804  50.7%   197  442s
  5300  2213    4.50975   40 1042    7.00000    3.45626  50.6%   198  452s
  5451  2296    5.00000   60  819    7.00000    3.46290  50.5%   200  463s
  5579  2381     cutoff   58         7.00000    3.46401  50.5%   202  474s
  5709  2461    4.00000   62  833    7.00000    3.48754  50.2%   204  486s
  5885  2578    4.50000  102  439    7.00000    3.49646  50.1%   205  500s
  6055  2709    3.54717   52  971    7.00000    3.50000  50.0%   206  516s
  6203  2810    4.50000   42  993    7.00000    3.50000  50.0%   209  537s
  6322  2882    4.50000   39  914    7.00000    3.50000  50.0%   213  554s
  6492  3007    5.47536   56 1109    7.00000    3.50000  50.0%   216  573s
  6580  3064    4.00000   39  928    7.00000    3.50000  50.0%   221  597s
  6720  3169    4.50000   38  945    7.00000    3.50000  50.0%   224  615s
  6845  3243    4.50000   33  957    7.00000    3.50000  50.0%   229  638s
  6998  3342    4.50000   36 1004    7.00000    3.50000  50.0%   232  658s
  7262  3524    5.40719   44    2    7.00000    3.50000  50.0%   233  664s
  7264  3525    4.50000   39 1405    7.00000    3.50000  50.0%   232  666s
  7267  3527    4.50000   34 1214    7.00000    3.50000  50.0%   232  670s
  7274  3532    3.53304   47 1201    7.00000    3.50000  50.0%   232  675s
  7279  3535    5.50000   83  912    7.00000    3.50000  50.0%   232  694s
  7281  3537    5.00000   73  912    7.00000    3.50000  50.0%   232  697s
  7282  3540    3.50000   32  930    7.00000    3.50000  50.0%   236  741s
  7284  3542    3.50000   33  972    7.00000    3.50000  50.0%   236  749s
  7286  3543    3.50000   33 1334    7.00000    3.50000  50.0%   237  777s
  7288  3544    3.50000   34  944    7.00000    3.50000  50.0%   237  782s
  7290  3546    3.50000   34 1298    7.00000    3.50000  50.0%   238  810s
  7296  3548    3.50000   36  926    7.00000    3.50000  50.0%   239  817s
  7304  3552    3.50000   38  939    7.00000    3.50000  50.0%   241  822s
  7309  3557    3.50000   39  895    7.00000    3.50000  50.0%   242  826s
  7319  3564    3.50000   41  796    7.00000    3.50000  50.0%   244  830s
  7324  3565    3.50000   42  837    7.00000    3.50000  50.0%   245  841s
  7334  3573    3.50000   43  968    7.00000    3.50000  50.0%   246  846s
  7345  3581    3.50000   45  794    7.00000    3.50000  50.0%   248  859s
  7354  3586    3.50000   47  772    7.00000    3.50000  50.0%   250  863s
  7364  3592    3.50000   49  792    7.00000    3.50000  50.0%   252  866s
  7382  3605    3.50000   52  797    7.00000    3.50000  50.0%   254  872s
  7394  3612    3.50000   54  725    7.00000    3.50000  50.0%   255  875s
  7419  3631    3.56737   58  929    7.00000    3.50000  50.0%   258  881s
  7436  3641    3.50000   61  689    7.00000    3.50000  50.0%   259  885s
  7482  3672    3.50000   67  717    7.00000    3.50000  50.0%   261  890s
  7553  3718    3.50000   80  651    7.00000    3.50000  50.0%   261  895s
  7681  3775    4.77518  114  368    7.00000    3.50000  50.0%   260  901s
  7750  3808    3.50000   37 1264    7.00000    3.50000  50.0%   260  906s
  7779  3828    3.50000   42 1170    7.00000    3.50000  50.0%   262  911s
  7825  3858    3.50000   48 1060    7.00000    3.50000  50.0%   263  916s
  7910  3909    4.53846   56  836    7.00000    3.50000  50.0%   264  922s
  7969  3931    4.70652   64  791    7.00000    3.50000  50.0%   263  925s
  8030  3974    5.15693   83  556    7.00000    3.50000  50.0%   264  931s
  8204  4037    3.50000   42 1163    7.00000    3.50000  50.0%   262  937s
  8235  4059    3.65123   58  864    7.00000    3.50000  50.0%   263  940s
  8393  4129    4.31824   45 1114    7.00000    3.50000  50.0%   262  946s
  8565  4195    4.35066   40 1147    7.00000    3.50000  50.0%   260  953s
  8593  4212    4.62500   57  781    7.00000    3.50000  50.0%   261  964s
  8595  4211    4.64063   58  771    7.00000    3.50000  50.0%   261  967s
  8686  4265    4.36310   39 1229    7.00000    3.50000  50.0%   261  971s
  8772  4294    4.67991   62  798    7.00000    3.50000  50.0%   260  975s
  8927  4369    4.76364   64  745    7.00000    3.50000  50.0%   260  983s
  8999  4413    4.36307   39 1253    7.00000    3.50000  50.0%   261  987s
  9089  4459    4.97328   74  600    7.00000    3.50000  50.0%   260  991s
  9165  4496    4.54260   54  865    7.00000    3.50000  50.0%   261  996s
  9291  4554    4.39511   42 1156    7.00000    3.50000  50.0%   260 1001s
  9371  4599    4.68188   60  826    7.00000    3.50000  50.0%   260 1006s
  9473  4651    3.50000   46 1098    7.00000    3.50000  50.0%   260 1011s
  9536  4680    3.83019   65  713    7.00000    3.50000  50.0%   261 1016s
  9674  4734    4.41313   47 1113    7.00000    3.50000  50.0%   261 1021s
  9801  4813     cutoff  107         7.00000    3.50000  50.0%   260 1027s
  9856  4829    4.79386   66  803    7.00000    3.50000  50.0%   262 1033s
  9957  4885    4.44444   47 1065    7.00000    3.50000  50.0%   262 1039s
 10015  4898    4.74673   64  762    7.00000    3.50000  50.0%   262 1046s
 10121  4957    4.66103   60  801    7.00000    3.50000  50.0%   262 1052s
 10271  5010    4.56876   54  926    7.00000    3.50000  50.0%   262 1059s
 10407  5060    4.43333   47  975    7.00000    3.50000  50.0%   262 1066s
 10558  5139    4.34145   40 1260    7.00000    3.50000  50.0%   261 1074s
 10704  5211    5.40549   88  510    7.00000    3.50000  50.0%   261 1082s
 10878  5296    4.40959   47 1069    7.00000    3.50000  50.0%   261 1090s
 11033  5368    4.44587   48 1072    7.00000    3.50000  50.0%   261 1098s
 11187  5445    4.85798   69  718    7.00000    3.50000  50.0%   261 1107s
 11384  5541    4.43136   48 1095    7.00000    3.50000  50.0%   261 1115s
 11620  5655    4.81332   67  775    7.00000    3.50000  50.0%   260 1124s
 11842  5762    4.36571   47  998    7.00000    3.50000  50.0%   259 1134s
 12059  5853    3.88217   68  681    7.00000    3.50000  50.0%   258 1144s
 12347  6005    5.54922  115  286    7.00000    3.50000  50.0%   256 1156s
 12362  6003    4.45179   47 1094    7.00000    3.50000  50.0%   256 1166s
 12539  6093    4.97382   72  597    7.00000    3.50000  50.0%   257 1176s
 12790  6210    4.67201   64  815    7.00000    3.50000  50.0%   256 1186s
 13047  6321    4.50343   51  977    7.00000    3.50000  50.0%   255 1197s
 13313  6452    4.43529   50 1014    7.00000    3.50000  50.0%   255 1207s
 13569  6585    4.44357   49 1080    7.00000    3.50000  50.0%   254 1217s
 13787  6673    3.95595   75  676    7.00000    3.50000  50.0%   253 1226s
 14034  6780    5.98963  104  441    7.00000    3.50000  50.0%   252 1236s
 14268  6891    4.83791   72  709    7.00000    3.50000  50.0%   252 1246s
 14469  6985    3.98172   76  606    7.00000    3.50000  50.0%   252 1256s
 14719  7094    5.35657   84    2    7.00000    3.50000  50.0%   251 1384s
 14721  7095    4.97340  108 1433    7.00000    3.50000  50.0%   251 1387s
 14725  7098    4.53437   56 1005    7.00000    3.50000  50.0%   251 1390s
 14728  7100    4.70833   94 1035    7.00000    3.50000  50.0%   251 1395s
 14731  7102    3.50000   48 1065    7.00000    3.50000  50.0%   251 1400s
 14734  7104    5.03883   77 1063    7.00000    3.50000  50.0%   251 1409s
 14735  7105    5.47143   93 1123    7.00000    3.50000  50.0%   251 1410s
 14736  7105    5.49213   91 1109    7.00000    3.50000  50.0%   251 1415s
 14738  7107    4.71682   60 1071    7.00000    3.50000  50.0%   250 1420s
 14740  7108    4.48958   51 1129    7.00000    3.50000  50.0%   250 1426s
 14742  7109    3.56701   56 1055    7.00000    3.50000  50.0%   250 1432s
 14744  7111    5.33914   92 1104    7.00000    3.50000  50.0%   250 1439s
 14745  7111    4.50336   93 1070    7.00000    3.50000  50.0%   250 1440s
 14746  7112    4.81104   65 1079    7.00000    3.50000  50.0%   250 1445s
 14748  7113    4.48780   51 1131    7.00000    3.50000  50.0%   250 1451s
 14750  7115    4.53530   53 1075    7.00000    3.50000  50.0%   250 1456s
 14752  7116    4.56954   56 1074    7.00000    3.50000  50.0%   250 1462s
 14754  7117    4.42365   85 1103    7.00000    3.50000  50.0%   250 1467s
 14756  7119    5.14433  105 1142    7.00000    3.50000  50.0%   250 1474s
 14757  7119    4.45283   47 1064    7.00000    3.50000  50.0%   250 1475s
 14758  7120    5.12857  111 1058    7.00000    3.50000  50.0%   250 1480s
 14760  7121    5.66923   99 1052    7.00000    3.50000  50.0%   250 1485s
 14762  7123    4.64537   60 1097    7.00000    3.50000  50.0%   250 1491s
 14764  7124    5.87805  105 1067    7.00000    3.50000  50.0%   250 1496s
 14766  7125    5.04225   74 1081    7.00000    3.50000  50.0%   250 1502s
 14768  7127    4.47366   51 1099    7.00000    3.50000  50.0%   250 1509s
 14769  7127    4.60280   61 1062    7.00000    3.50000  50.0%   250 1510s
 14770  7128    5.72973   98 1088    7.00000    3.50000  50.0%   250 1515s
 14772  7129    4.90685   72 1125    7.00000    3.50000  50.0%   250 1520s
 14774  7131    4.27709   84 1104    7.00000    3.50000  50.0%   250 1527s
 14776  7132    5.16825   77 1063    7.00000    3.50000  50.0%   250 1533s
 14778  7133    4.44809   53 1108    7.00000    3.50000  50.0%   250 1538s
 14780  7135    4.74000   69 1089    7.00000    3.50000  50.0%   250 1543s
 14782  7136    5.30252   85 1089    7.00000    3.50000  50.0%   250 1549s
 14783  7137    5.49128   92 1116    7.00000    3.50000  50.0%   250 1550s
 14784  7137    4.39172   47 1097    7.00000    3.50000  50.0%   250 1555s
 14786  7139    4.46486   49 1077    7.00000    3.50000  50.0%   250 1561s
 14788  7140    5.43789   91 1045    7.00000    3.50000  50.0%   250 1566s
 14790  7141    5.12483   79 1093    7.00000    3.50000  50.0%   250 1573s
 14792  7143    5.36232   99 1093    7.00000    3.50000  50.0%   250 1579s
 14793  7143    5.53125   92 1077    7.00000    3.50000  50.0%   250 1580s
 14795  7145    5.54545  100 1051    7.00000    3.50000  50.0%   250 1585s
 14797  7146    5.63691  128 1126    7.00000    3.50000  50.0%   249 1590s
 14798  7147    5.73126  126 1098    7.00000    3.50000  50.0%   249 1596s
 14800  7148    4.63118   58 1130    7.00000    3.50000  50.0%   249 1602s
 14802  7149    5.12986   78 1099    7.00000    3.50000  50.0%   249 1608s
 14804  7151    5.14490   74 1121    7.00000    3.50000  50.0%   249 1613s
 14805  7151    5.21707   88 1141    7.00000    3.50000  50.0%   249 1615s
 14807  7153    4.69085   68 1084    7.00000    3.50000  50.0%   249 1620s
 14808  7153    4.72222   98 1093    7.00000    3.50000  50.0%   249 1625s
 14810  7155    5.37883   95 1102    7.00000    3.50000  50.0%   249 1630s
 14812  7156    5.49568   92 1092    7.00000    3.50000  50.0%   249 1636s
 14814  7157    5.09260   80 1137    7.00000    3.50000  50.0%   249 1642s
 14816  7159    4.40381   51 1136    7.00000    3.50000  50.0%   249 1648s
 14818  7160    4.79923   67 1107    7.00000    3.50000  50.0%   249 1654s
 14820  7161    4.85321   70 1131    7.00000    3.50000  50.0%   249 1660s
 14822  7163    5.27136   84 1100    7.00000    3.50000  50.0%   249 1666s
 14824  7164    4.96232  101 1120    7.00000    3.50000  50.0%   249 1672s
 14826  7165    4.82088   95 1101    7.00000    3.50000  50.0%   249 1677s
 14828  7167    4.70833   94 1154    7.00000    3.50000  50.0%   249 1684s
 14830  7168    5.50612   94 1128    7.00000    3.50000  50.0%   249 1689s
 14831  7169    3.50000   48 1141    7.00000    3.50000  50.0%   249 1690s
 14832  7169    5.43308  100 1147    7.00000    3.50000  50.0%   249 1695s
 14834  7171    5.03883   77 1116    7.00000    3.50000  50.0%   249 1701s
 14836  7172    5.49213   91 1149    7.00000    3.50000  50.0%   249 1707s
 14838  7173    4.71682   60 1127    7.00000    3.50000  50.0%   249 1712s
 14840  7175    4.48958   51 1137    7.00000    3.50000  50.0%   249 1718s
 14841  7175    5.67841   97 1131    7.00000    3.50000  50.0%   249 1720s
 14843  7177    4.90618   72 1142    7.00000    3.50000  50.0%   249 1725s
 14844  7177    5.33914   92 1149    7.00000    3.50000  50.0%   249 1731s
 14846  7179    4.81104   65 1145    7.00000    3.50000  50.0%   249 1737s
 14848  7180    4.48780   51 1175    7.00000    3.50000  50.0%   249 1742s
 14850  7181    4.53530   53 1122    7.00000    3.50000  50.0%   249 1748s
 14852  7183    4.56954   56 1150    7.00000    3.50000  50.0%   249 1754s
 14853  7183    4.38007   46 1072    7.00000    3.50000  50.0%   249 1755s
 14854  7184    4.42365   85 1093    7.00000    3.50000  50.0%   249 1760s
 14856  7185    5.14433  105 1153    7.00000    3.50000  50.0%   249 1767s
 14858  7187    5.12857  111 1150    7.00000    3.50000  50.0%   248 1772s
 14860  7188    5.66923   99 1178    7.00000    3.50000  50.0%   248 1778s
 14862  7189    4.64537   60 1172    7.00000    3.50000  50.0%   248 1784s
 14863  7190    4.99723   74 1165    7.00000    3.50000  50.0%   248 1785s
 14864  7191    5.87805  105 1171    7.00000    3.50000  50.0%   248 1790s
 14866  7192    5.04225   74 1170    7.00000    3.50000  50.0%   248 1796s
 14868  7193    4.47366   51 1138    7.00000    3.50000  50.0%   248 1802s
 14870  7195    5.72973   98 1105    7.00000    3.50000  50.0%   248 1808s
 14872  7196    4.90685   72 1118    7.00000    3.50000  50.0%   248 1814s
 14873  7197    5.15207   80 1110    7.00000    3.50000  50.0%   248 1815s
 14874  7197    4.27709   84 1117    7.00000    3.50000  50.0%   248 1821s
 14876  7199    5.16825   77 1128    7.00000    3.50000  50.0%   248 1827s
 14878  7200    4.44809   53 1112    7.00000    3.50000  50.0%   248 1834s
 14879  7201    5.80909  104 1063    7.00000    3.50000  50.0%   248 1835s
 14881  7202    4.50685   53 1074    7.00000    3.50000  50.0%   248 1840s
 14883  7203    5.49128   92 1135    7.00000    3.50000  50.0%   248 1845s
 14884  7204    4.39172   47 1126    7.00000    3.50000  50.0%   248 1851s
 14886  7205    4.46486   49 1104    7.00000    3.50000  50.0%   248 1856s
 14888  7207    5.43789   91 1099    7.00000    3.50000  50.0%   248 1861s
 14890  7208    5.12483   79 1111    7.00000    3.50000  50.0%   248 1867s
 14892  7209    5.36232   99 1119    7.00000    3.50000  50.0%   248 1873s
 14894  7211    4.54615   65 1092    7.00000    3.50000  50.0%   248 1879s
 14895  7211    5.54545  100 1110    7.00000    3.50000  50.0%   248 1880s
 14897  7213    5.63691  128 1156    7.00000    3.50000  50.0%   248 1885s
 14898  7213    5.73126  126 1168    7.00000    3.50000  50.0%   248 1891s
 14900  7215    4.63118   58 1147    7.00000    3.50000  50.0%   248 1896s
 14902  7216    5.12986   78 1176    7.00000    3.50000  50.0%   248 1902s
 14904  7217    5.14490   74 1164    7.00000    3.50000  50.0%   248 1909s
 14905  7218    5.21707   88 1133    7.00000    3.50000  50.0%   248 1910s
 14907  7219    4.69085   68 1141    7.00000    3.50000  50.0%   248 1916s
 14908  7220    4.72222   98 1159    7.00000    3.50000  50.0%   248 1921s
 14910  7221    5.37883   95 1152    7.00000    3.50000  50.0%   248 1927s
 14912  7223    5.49568   92 1164    7.00000    3.50000  50.0%   248 1933s
 14914  7224    5.09260   80 1155    7.00000    3.50000  50.0%   248 1940s
 14916  7225    4.40381   51 1136    7.00000    3.50000  50.0%   248 1946s
 14918  7227    4.79923   67 1168    7.00000    3.50000  50.0%   247 1951s
 14920  7228    4.85321   70 1138    7.00000    3.50000  50.0%   247 1956s
 14922  7229    5.27136   84 1136    7.00000    3.50000  50.0%   247 1963s
 14923  7230    4.55487   56 1137    7.00000    3.50000  50.0%   247 2011s
 14924  7231    4.96232  101 1137    7.00000    3.50000  50.0%   247 2028s
 14925  7234    3.50000   47  989    7.00000    3.50000  50.0%   256 2109s
 14927  7236    3.50000   48 1055    7.00000    3.50000  50.0%   257 2187s
 14929  7237    3.81315   48 1001    7.00000    3.50000  50.0%   258 2250s
 14931  7238    3.50000   49 1055    7.00000    3.50000  50.0%   258 2260s
 14933  7240    3.95779   49  983    7.00000    3.50000  50.0%   259 2302s
 14935  7243    3.50000   50 1040    7.00000    3.50000  50.0%   259 2321s
 14939  7242    3.50000   51 1010    7.00000    3.50000  50.0%   260 2346s
 14943  7244    3.50000   52  989    7.00000    3.50000  50.0%   261 2354s
 14947  7246    3.50000   53  969    7.00000    3.50000  50.0%   262 2361s
 14952  7251    3.50000   54  965    7.00000    3.50000  50.0%   263 2370s
 14957  7253    3.50000   55  951    7.00000    3.50000  50.0%   264 2376s
 14962  7258    3.50000   56  966    7.00000    3.50000  50.0%   264 2390s
 14969  7262    3.50000   58  965    7.00000    3.50000  50.0%   267 2396s
 14973  7263    3.50000   59  943    7.00000    3.50000  50.0%   268 2409s
 14982  7271    3.50000   61  939    7.00000    3.50000  50.0%   270 2419s
 14987  7274    3.50000   62  932    7.00000    3.50000  50.0%   271 2428s
 14997  7280    3.50000   64  882    7.00000    3.50000  50.0%   272 2436s
 15007  7287    3.50000   66  870    7.00000    3.50000  50.0%   274 2446s
 15017  7294    3.50000   68  847    7.00000    3.50000  50.0%   275 2454s
 15027  7300    3.50000   70  847    7.00000    3.50000  50.0%   276 2462s
 15039  7308    3.50000   72  809    7.00000    3.50000  50.0%   278 2468s
 15051  7315    3.50000   74  812    7.00000    3.50000  50.0%   279 2475s
 15066  7327    3.97963   76  852    7.00000    3.50000  50.0%   281 2482s
 15085  7338    3.50000   79  729    7.00000    3.50000  50.0%   282 2488s
 15108  7355    3.50000   82  774    7.00000    3.50000  50.0%   284 2494s
 15133  7371    3.50000   85  670    7.00000    3.50000  50.0%   285 2499s
 15163  7385    4.19127   89  729    7.00000    3.50000  50.0%   286 2503s
 15195  7401    4.15619   93  692    7.00000    3.50000  50.0%   287 2509s
 15227  7405    4.25429   98  638    7.00000    3.53489  49.5%   288 2513s
 15251  7419    3.61656  106  560    7.00000    3.61656  48.3%   290 2519s
 15293  7444    4.92647  122  375    7.00000    3.80331  45.7%   291 2523s
 15342  7472    5.33076  141  296    7.00000    3.80860  45.6%   292 2528s
 15373  7481    3.85233   57  910    7.00000    3.81674  45.5%   293 2533s
 15394  7493    4.44505   59  996    7.00000    3.81674  45.5%   294 2538s
 15420  7505    4.61179   61  949    7.00000    3.81674  45.5%   295 2542s
 15475  7504    3.91100   64  874    7.00000    3.81674  45.5%   296 2547s
 15509  7511    3.94620   67  845    7.00000    3.81674  45.5%   297 2553s
 15542  7529    3.98036   71  808    7.00000    3.81674  45.5%   298 2559s
 15603  7557    4.01819   75  754    7.00000    3.81674  45.5%   298 2565s
 15640  7577    4.75085   80  714    7.00000    3.81674  45.5%   299 2570s
 15702  7607    4.14642   87  653    7.00000    3.81674  45.5%   300 2577s
 15753  7621    4.33621   98  577    7.00000    3.81911  45.4%   301 2583s
 15893  7660    3.84070   50 1005    7.00000    3.81924  45.4%   301 2590s
 15943  7683    4.02076   71  935    7.00000    3.81924  45.4%   302 2597s
 16021  7719    4.49208  104  578    7.00000    3.83773  45.2%   302 2603s
 16146  7768    4.42021   55 1043    7.00000    3.83816  45.2%   302 2610s
 16211  7808    4.89566   88  714    7.00000    3.83887  45.2%   302 2616s
 16340  7847    4.68022   71  928    7.00000    3.84103  45.1%   302 2623s
 16461  7891    4.72406   51  928    7.00000    3.84803  45.0%   302 2650s
 16463  7892    4.73499   52  961    7.00000    3.84803  45.0%   302 2657s
 16593  7962    5.83973  119  377    7.00000    3.85003  45.0%   302 2664s
 16679  8000    4.93770   90  733    7.00000    3.85480  44.9%   302 2671s
 16775  8029    4.65707   72  945    7.00000    3.86174  44.8%   303 2679s
 16889  8069    4.59025   68 1035    7.00000    3.86244  44.8%   303 2688s
 17020  8128    4.63645   74  857    7.00000    3.86880  44.7%   303 2697s
 17186  8203    4.80509   80  793    7.00000    3.87127  44.7%   303 2704s
 17342  8259    4.72430   79  776    7.00000    3.87276  44.7%   303 2713s
 17476  8321    4.62854   73  920    7.00000    3.87373  44.7%   303 2722s
 17618  8380    4.66497   69  793    7.00000    3.87578  44.6%   303 2732s
 17766  8438    4.76324   70  826    7.00000    3.87789  44.6%   303 2742s
 17930  8516    5.13763  105  557    7.00000    3.87993  44.6%   303 2752s
 18077  8576    4.45495  107  503    7.00000    3.88758  44.5%   303 2763s
 18303  8658    4.72753   72  926    7.00000    3.89107  44.4%   302 2774s
 18483  8736    5.16057   94  689    7.00000    3.89422  44.4%   303 2787s
 18604  8790    4.69845   66 1017    7.00000    3.89987  44.3%   303 2799s
 18743  8844    4.60918   73  962    7.00000    3.90346  44.2%   303 2811s
 18956  8946    5.84155  122  419    7.00000    3.90452  44.2%   303 2824s
 19120  9011    4.68582   77  856    7.00000    3.90695  44.2%   304 2837s
 19267  9041    4.67358   75  859    7.00000    3.90751  44.2%   305 2851s
 19491  9132    4.79132   80  745    7.00000    3.91170  44.1%   304 2865s
 19725  9237    4.71483   73  971    7.00000    3.91394  44.1%   304 2881s
 19988  9353    4.69541   80  811    7.00000    3.92007  44.0%   304 2896s
 20209  9436    4.85722   90  728    7.00000    3.92201  44.0%   304 2911s
 20474  9559    4.65746   81  778    7.00000    3.92550  43.9%   304 2926s
 20729  9654    4.97445   93  717    7.00000    3.92892  43.9%   304 2941s
 20962  9743    4.74305   80  863    7.00000    3.93569  43.8%   303 2956s
 21221  9852    4.83111   63  890    7.00000    3.94024  43.7%   303 2970s
 21410  9935    4.34332   96  606    7.00000    3.94162  43.7%   304 2985s
 21697 10036    4.12488   90  702    7.00000    3.94483  43.6%   303 2999s
 22003 10151    4.72929   76  842    7.00000    3.94589  43.6%   303 3036s
 22005 10151    5.63911   74  858    7.00000    3.94641  43.6%   303 3051s
 22213 10230    4.53248   65 1060    7.00000    3.94742  43.6%   303 3065s
 22458 10320    4.75673   89  751    7.00000    3.94861  43.6%   303 3079s
 22703 10418    4.56757   71  966    7.00000    3.95207  43.5%   303 3092s
 22920 10498    4.00715   62  885    7.00000    3.95504  43.5%   303 3108s
 23094 10573    4.66346   67  946    7.00000    3.95632  43.5%   304 3123s
 23356 10687    4.86628   67  978    7.00000    3.95780  43.5%   303 3137s
 23568 10778    4.40120   51 1244    7.00000    3.96085  43.4%   304 3152s
 23788 10853    4.65800   65  945    7.00000    3.96241  43.4%   304 3166s
 24019 10960    4.68375   75  968    7.00000    3.96397  43.4%   304 3180s
 24165 11025    4.80007   75  781    7.00000    3.96427  43.4%   304 3194s
 24360 11109    4.98264   88  723    7.00000    3.96460  43.4%   304 3211s
 24587 11197    4.42807   54 1057    7.00000    3.96827  43.3%   304 3225s
 24800 11288    5.59485  113  442    7.00000    3.96962  43.3%   304 3239s
 25008 11365    5.18354   98  519    7.00000    3.97015  43.3%   304 3253s
 25279 11449    4.57625   70 1068    7.00000    3.97380  43.2%   303 3267s
 25466 11532    4.80304   77  801    7.00000    3.97446  43.2%   304 3281s
 25676 11627    5.81183  110  450    7.00000    3.97733  43.2%   304 3295s
 25848 11698    4.75527   74  840    7.00000    3.97900  43.2%   304 3309s
 26060 11775    4.80298   74  929    7.00000    3.97948  43.2%   305 3324s
 26308 11879    4.19981   90  730    7.00000    3.98041  43.1%   304 3338s
 26508 11969    4.64718  105  502    7.00000    3.98197  43.1%   305 3352s
 26743 12045    4.62999   69  897    7.00000    3.98572  43.1%   304 3366s
 26938 12138    4.58458   79  899    7.00000    3.98704  43.0%   305 3380s
 27142 12223    4.92587   87  710    7.00000    3.98748  43.0%   305 3393s
 27387 12327    5.91245  117  506    7.00000    3.98951  43.0%   305 3408s
 27573 12410    4.73970   83  784    7.00000    3.99162  43.0%   305 3422s
 27740 12483    4.98379   86  688    7.00000    3.99254  43.0%   306 3436s
 27934 12566    4.93191   94  610    7.00000    3.99292  43.0%   306 3460s
 27936 12569    5.80872   92  687    7.00000    3.99296  43.0%   307 3474s
 28075 12606    5.12894   96  622    7.00000    3.99534  42.9%   308 3488s
 28284 12649    4.58312   59 1042    7.00000    3.99907  42.9%   308 3502s
 28475 12711    5.25184   97  648    7.00000    3.99938  42.9%   308 3516s
 28741 12779     cutoff  114         7.00000    4.00040  42.9%   308 3530s
 28962 12836    4.92637   86  603    7.00000    4.00190  42.8%   309 3544s
 29145 12897    5.34033   99  607    7.00000    4.00553  42.8%   309 3557s
 29346 12950    4.94885   91  759    7.00000    4.00851  42.7%   310 3571s
 29588 13005    5.41143  106  551    7.00000    4.00889  42.7%   309 3585s
 29759 13059    5.24166   97  577    7.00000    4.00914  42.7%   310 3599s
 30000 13115    4.98622   89  786    7.00000    4.01113  42.7%   310 3600s

Cutting planes:
  Gomory: 69
  Flow cover: 104
  Zero half: 89
  Mod-K: 7

Explored 30010 nodes (9298694 simplex iterations) in 3600.01 seconds
Thread count was 4 (of 4 available processors)

Solution count 6: 7 8 9 ... 158

Time limit reached
Best objective 7.000000000000e+00, best bound 5.000000000000e+00, gap 28.5714%
Warning: Q constraint 0 doesn't have a name
