
Gurobi 8.1.1 (win64) logging started 11/26/19 18:01:22

Changed value of parameter LogFile to logs/miss/qp/miss-07-15-2.log
   Prev: gurobi.log  Default: 
Changed value of parameter LogToConsole to 0
   Prev: 1  Min: 0  Max: 1  Default: 1
Changed value of parameter TimeLimit to 3600.0
   Prev: 1e+100  Min: 0.0  Max: 1e+100  Default: 1e+100
Optimize a model with 1 rows, 299 columns and 1 nonzeros
Model has 12 quadratic constraints
Variable types: 0 continuous, 299 integer (299 binary)
Coefficient statistics:
  Matrix range     [1e+00, 1e+00]
  QMatrix range    [1e+00, 1e+00]
  Objective range  [1e+00, 1e+00]
  Bounds range     [1e+00, 1e+00]
  RHS range        [1e+00, 1e+00]
  QRHS range       [1e+00, 2e+00]
Found heuristic solution: objective 299.0000000
Presolve removed 1 rows and 1 columns
Presolve time: 1.74s
Presolved: 0 rows, 298 columns, 0 nonzeros
Variable types: 0 continuous, 298 integer (298 binary)

Root relaxation: objective 1.000000e+00, 0 iterations, 0.04 seconds

    Nodes    |    Current Node    |     Objective Bounds      |     Work
 Expl Unexpl |  Obj  Depth IntInf | Incumbent    BestBd   Gap | It/Node Time

     0     0    2.75000    0    2  299.00000    2.75000  99.1%     -    2s
H    0     0                       7.0000000    2.75000  60.7%     -    4s
     0     0    2.75000    0    2    7.00000    2.75000  60.7%     -    4s
     0     2    2.75000    0    2    7.00000    2.75000  60.7%     -    4s
   515   481    3.00000    4    -    7.00000    3.00000  57.1%   1.1    5s
   522   490    4.00000   44 2274    7.00000    3.18182  54.5%   1.1   13s
   524   493    5.00000  214    2    7.00000    3.18182  54.5%  33.7   15s
   527   495    4.00000  181 1882    7.00000    4.00000  42.9%  33.5   20s
   530   497    4.00000   42 1856    7.00000    4.00000  42.9%  33.3   31s
   531   498    4.00000  166 1739    7.00000    4.00000  42.9%  33.2   37s
   532   498    4.00000   49 1687    7.00000    4.00000  42.9%  33.2   43s
   534   500    4.00000   24 1671    7.00000    4.00000  42.9%  33.1   51s
   535   500    4.00000  181 1630    7.00000    4.00000  42.9%  33.0   57s
   536   501    4.00000    7 1630    7.00000    4.00000  42.9%  32.9   62s
   537   502    4.00000  162 1630    7.00000    4.00000  42.9%  32.9   65s
   538   505    4.00000   19 1612    7.00000    4.00000  42.9%   310   85s
   544   509    4.00000   21 1599    7.00000    4.00000  42.9%   364   90s
   550   513    4.18746   22 2145    7.00000    4.00000  42.9%   440   98s
   554   516    4.19095   23 2583    7.00000    4.00000  42.9%   485  103s
   558   519    4.18850   24 1595    7.00000    4.00000  42.9%   537  107s
   560   517    4.00000   25  946    7.00000    4.00000  42.9%   549  112s
   565   520    4.00000   26  880    7.00000    4.00000  42.9%   573  116s
   568   519    4.00000   27  873    7.00000    4.00000  42.9%   601  120s
   577   526    4.00000   29  871    7.00000    4.00000  42.9%   686  127s
   582   527    4.00000   30  862    7.00000    4.00000  42.9%   714  130s
   590   534    4.00000   32  732    7.00000    4.00000  42.9%   782  136s
   598   534    4.00000   33  743    7.00000    4.00000  42.9%   797  140s
   613   546    4.00000   35  702    7.00000    4.00000  42.9%   826  145s
   632   558    4.00000   37  619    7.00000    4.00000  42.9%   883  153s
   642   560    4.00000   38  529    7.00000    4.00000  42.9%   900  156s
   653   565    4.00000   40  786    7.00000    4.00000  42.9%   951  161s
   660   570    4.00000   41 1043    7.00000    4.00000  42.9%   965  165s
   672   573    4.00000   43 1013    7.00000    4.00000  42.9%  1014  173s
   684   573    4.00000   45  848    7.00000    4.00000  42.9%  1053  176s
   698   580    4.00000   47  702    7.00000    4.00000  42.9%  1094  181s
   708   585    4.00000   49  696    7.00000    4.00000  42.9%  1138  185s
   734   594    4.00000   53  606    7.00000    4.00000  42.9%  1178  193s
   748   600    4.00000   54  598    7.00000    4.00000  42.9%  1185  198s
   767   607    4.00000   56  678    7.00000    4.00000  42.9%  1190  202s
   790   619    4.00000   58  647    7.00000    4.00000  42.9%  1186  206s
   822   634    4.00000   61  529    7.00000    4.00000  42.9%  1174  210s
   853   644    4.00000   64  583    7.00000    4.00000  42.9%  1162  215s
   933   643    4.00000   70  820    7.00000    4.00000  42.9%  1110  222s
   979   633    4.00000   73  845    7.00000    4.00000  42.9%  1075  226s
  1009   631    4.00000   77  615    7.00000    4.00000  42.9%  1066  231s
  1021   633    4.00000   80  525    7.00000    4.00000  42.9%  1083  235s
  1044   646    5.20621   86 1570    7.00000    4.00000  42.9%  1118  244s
  1057   651    4.00000   90  659    7.00000    4.00000  42.9%  1131  248s
  1073   657    4.00000   95  656    7.00000    4.00000  42.9%  1143  253s
  1088   666    4.00000   99  959    7.00000    4.00000  42.9%  1156  257s
  1110   677    4.00000  106  658    7.00000    4.00000  42.9%  1162  262s
  1128   688    4.73083  111  940    7.00000    4.00244  42.8%  1173  267s
  1161   707    4.06001  123  728    7.00000    4.06001  42.0%  1167  272s
  1191   720    4.11040  132  767    7.00000    4.11040  41.3%  1168  278s
  1222   740    4.19165  141  618    7.00000    4.17439  40.4%  1167  283s
  1279   768    4.54817  163  619    7.00000    4.17439  40.4%  1145  288s
  1331   795    5.02330  179  652    7.00000    4.17439  40.4%  1131  293s
  1428   813     cutoff  215         7.00000    4.17656  40.3%  1084  298s
  1488   815    4.22497   27 1978    7.00000    4.18710  40.2%  1068  304s
  1538   828    4.25384   32 2221    7.00000    4.18710  40.2%  1063  310s
  1618   807    4.27103   37 1731    7.00000    4.18710  40.2%  1037  316s
  1642   819    4.29607   42 2134    7.00000    4.18750  40.2%  1050  322s
  1685   839    4.34088   49 1621    7.00000    4.18750  40.2%  1055  328s
  1771   870    4.43429   59 1433    7.00000    4.18750  40.2%  1032  334s
  1829   903    4.58025   73 1363    7.00000    4.18750  40.2%  1028  340s
  1906   946    5.70726   89 1523    7.00000    4.18750  40.2%  1016  347s
  2013   973    4.96358  105 1062    7.00000    4.18750  40.2%   990  353s
  2112  1008    5.53115  140  621    7.00000    4.19312  40.1%   971  361s
  2209  1058    4.21322   26 1985    7.00000    4.19418  40.1%   957  368s
  2294  1111    4.42724   53 1428    7.00000    4.19418  40.1%   948  375s
  2414  1190    5.26536  122  983    7.00000    4.19598  40.1%   928  383s
  2527  1246    4.28355   35 1851    7.00000    4.19598  40.1%   913  391s
  2641  1345    4.64525   73 1523    7.00000    4.19598  40.1%   901  399s
  2762  1436    5.84418  146  427    7.00000    4.20400  39.9%   887  408s
  2854  1503    5.38630   47 1904    7.00000    4.20508  39.9%   884  419s
  3000  1605    4.25427   33 1960    7.00000    4.20542  39.9%   869  428s
  3077  1675    4.65952   77 1047    7.00000    4.20542  39.9%   873  438s
  3252  1833     cutoff  146         7.00000    4.20588  39.9%   850  449s
  3437  1997    5.01733  160  681    7.00000    4.20925  39.9%   828  460s
  3633  2099    5.36641   43 1884    7.00000    4.21179  39.8%   808  471s
  3804  2222    5.95536  113 1129    7.00000    4.21197  39.8%   797  481s
  3918  2323    5.81056   88 1018    7.00000    4.21219  39.8%   799  493s
  4073  2445    5.46698   61 1289    7.00000    4.21430  39.8%   792  505s
  4223  2574    4.48056   96 1809    7.00000    4.21453  39.8%   789  518s
  4460  2726    4.30841   40 1736    7.00000    4.21453  39.8%   771  530s
  4609  2855    5.11644  111 1317    7.00000    4.21739  39.8%   770  543s
  4794  2960    5.35349   44 1529    7.00000    4.21794  39.7%   764  557s
  4974  3105    5.47528   55 1737    7.00000    4.22321  39.7%   761  572s
  5126  3239    5.37093   44 1644    7.00000    4.22620  39.6%   758  587s
  5316  3385    5.37634   46 1518    7.00000    4.22888  39.6%   755  601s
  5511  3526    5.42653   50 1254    7.00000    4.22931  39.6%   753  617s
  5752  3719    4.97198   97  730    7.00000    4.23130  39.6%   747  633s
  5980  3865    5.54036   61 1651    7.00000    4.23394  39.5%   742  649s
  6195  4048     cutoff  102         7.00000    4.23482  39.5%   735  665s
  6423  4204    5.33790   48 1698    7.00000    4.23600  39.5%   731  680s
  6643  4366    5.49929   58 1484    7.00000    4.24072  39.4%   729  695s
  6857  4548    5.23902   32 2000    7.00000    4.24107  39.4%   726  710s
  7032  4687    5.30769   41 1706    7.00000    4.24547  39.4%   728  725s
  7221  4829    5.49440   55 1860    7.00000    4.24686  39.3%   729  741s
  7420  4965    5.58249   62 1593    7.00000    4.24815  39.3%   728  758s
  7578  5092    4.94965   92 1160    7.00000    4.25000  39.3%   730  775s
  7844  5293    5.60617   68 1470    7.00000    4.25000  39.3%   723  790s
  8070  5480    5.26475   36 2205    7.00000    4.25100  39.3%   720  805s
  8267  5635    5.28566   38 2373    7.00000    4.25341  39.2%   720  820s
  8459  5799    5.40875   54 1409    7.00000    4.25362  39.2%   720  836s
  8681  5958    5.81687   85 1138    7.00000    4.26063  39.1%   718  851s
  8885  6110     cutoff  119         7.00000    4.26154  39.1%   717  867s
  9070  6235    5.52495   58 1773    7.00000    4.26232  39.1%   716  882s
  9276  6396    5.84222   89 1394    7.00000    4.26316  39.1%   715  897s
  9523  6532    5.35055   44 1284    7.00000    4.26445  39.1%   711  913s
  9707  6670    5.56297   65 1480    7.00000    4.26529  39.1%   712  928s
  9923  6847    5.71154   74 1060    7.00000    4.26608  39.1%   711  943s
 10086  6975    5.63905   71 1307    7.00000    4.26667  39.0%   711  959s
 10365  7183    5.69116  140  574    7.00000    4.26792  39.0%   706  974s
 10567  7326    5.26805   35 2709    7.00000    4.27088  39.0%   705  989s
 10785  7514    5.39773   48 1435    7.00000    4.27148  39.0%   704 1004s
 11043  7689    5.00407  100 1210    7.00000    4.27381  38.9%   700 1020s
 11219  7808    5.65332   70 1712    7.00000    4.27406  38.9%   701 1034s
 11490  7957    5.25602   36 2262    7.00000    4.27638  38.9%   697 1049s
 11727  8123    4.70326   81 1434    7.00000    4.27770  38.9%   695 1066s
 11970  8285    5.24484   49 2510    7.00000    4.27807  38.9%   692 1083s
 12185  8472    5.30290   38 2379    7.00000    4.27872  38.9%   690 1098s
 12410  8641    5.64485   71 1279    7.00000    4.27907  38.9%   688 1112s
 12695  8817    5.34595   51 1505    7.00000    4.27983  38.9%   684 1126s
 12909  8996    5.70677   74 1164    7.00000    4.28057  38.8%   683 1141s
 13149  9150    5.33443   47 1885    7.00000    4.28397  38.8%   680 1155s
 13361  9290    5.61004   67 1859    7.00000    4.28497  38.8%   680 1169s
 13576  9431    5.32504   44 2185    7.00000    4.28571  38.8%   679 1183s
 13781  9596    5.53918   60 1898    7.00000    4.28703  38.8%   679 1198s
 13977  9745    5.34894   48 1777    7.00000    4.28868  38.7%   678 1212s
 14202  9912    5.29105   37 2088    7.00000    4.29106  38.7%   677 1227s
 14416 10062    5.36437   51 1858    7.00000    4.29158  38.7%   676 1241s
 14631 10210    5.00000   58    2    7.00000    4.29260  38.7%   675 1328s
 14633 10211    5.90019   95 2274    7.00000    4.29260  38.7%   675 1332s
 14634 10212    5.73712   84 1693    7.00000    4.29260  38.7%   675 1335s
 14638 10215    4.34653   39 1590    7.00000    4.29260  38.7%   675 1343s
 14639 10215    5.27183   34 1586    7.00000    4.29260  38.7%   675 1348s
 14640 10216    5.42293   52 1291    7.00000    4.29260  38.7%   675 1355s
 14642 10217    5.34012   42 1461    7.00000    4.29260  38.7%   675 1365s
 14644 10219    4.54788   63 1495    7.00000    4.29260  38.7%   675 1429s
 14645 10219    4.29588   36 1099    7.00000    4.29260  38.7%   675 1448s
 14646 10220    4.44344   52 1099    7.00000    4.29260  38.7%   674 1452s
 14647 10224    4.29260   34 1025    7.00000    4.29260  38.7%   683 1589s
 14649 10225    4.29260   35 1052    7.00000    4.29260  38.7%   683 1592s
 14651 10225    4.29260   35 2581    7.00000    4.29260  38.7%   684 1715s
 14655 10227    4.29260   36 2576    7.00000    4.29260  38.7%   684 1738s
 14657 10228    4.29260   37  978    7.00000    4.29260  38.7%   684 1807s
 14661 10225    4.29260   38 1838    7.00000    4.29260  38.7%   685 1819s
 14665 10228    5.17500   39 1979    7.00000    4.29260  38.7%   686 1823s
 14669 10230    5.18085   40 1511    7.00000    4.29260  38.7%   686 1829s
 14674 10230    4.29260   42 2579    7.00000    4.29260  38.7%   687 1838s
 14678 10230    4.29260   43 2609    7.00000    4.29260  38.7%   687 1843s
 14686 10234    4.29260   45 2492    7.00000    4.29260  38.7%   687 1846s
 14696 10236    5.22251   47 2498    7.00000    4.29260  38.7%   688 1850s
 14714 10242    4.29260   51 1493    7.00000    4.29260  38.7%   689 1858s
 14726 10243    5.25361   53 1326    7.00000    4.29260  38.7%   689 1862s
 14749 10252    5.28670   57 1431    7.00000    4.29260  38.7%   689 1867s
 14764 10253    5.28339   59 1988    7.00000    4.29260  38.7%   690 1870s
 14789 10262    5.31010   64 1889    7.00000    4.29260  38.7%   691 1875s
 14823 10276    5.35071   70 1879    7.00000    4.29260  38.7%   691 1880s
 14871 10290    4.46199   78 1553    7.00000    4.29260  38.7%   691 1885s
 14929 10309    4.55342   87 1343    7.00000    4.29260  38.7%   691 1891s
 14995 10327    5.58940   97 1549    7.00000    4.29260  38.7%   690 1895s
 15099 10324    5.73878  113 1365    7.00000    4.29260  38.7%   688 1903s
 15134 10331    5.86951  120 1266    7.00000    4.29260  38.7%   687 1906s
 15147 10333    5.02561  126  999    7.00000    4.29260  38.7%   688 1910s
 15186 10340    5.16667  142  372    7.00000    4.29260  38.7%   689 1915s
 15260 10327     cutoff  173         7.00000    4.29260  38.7%   688 1921s
 15289 10325    5.00000   41  801    7.00000    4.29260  38.7%   688 1925s
 15318 10339    5.19855   43 3041    7.00000    4.29260  38.7%   690 1933s
 15336 10349    5.21700   46 2958    7.00000    4.29260  38.7%   691 1937s
 15379 10350     cutoff   52         7.00000    4.29260  38.7%   690 1941s
 15406 10351    5.27163   58 2777    7.00000    4.29260  38.7%   691 1945s
 15485 10349     cutoff   76         7.00000    4.29260  38.7%   691 1955s
 15529 10363     cutoff   84         7.00000    4.29260  38.7%   691 1960s
 15591 10372     cutoff   94         7.00000    4.29260  38.7%   690 1965s
 15672 10377     cutoff  114         7.00000    4.29260  38.7%   689 1973s
 15845 10332    5.97949  156 1298    7.00000    4.29260  38.7%   684 1979s
 15922 10321    4.29260   53  887    7.00000    4.29260  38.7%   682 1987s
 15963 10347    4.29260   76 1080    7.00000    4.29260  38.7%   682 1991s
 16060 10413    4.44129  132  709    7.00000    4.29260  38.7%   681 1997s
 16164 10474    5.91252  169  605    7.00000    4.29260  38.7%   679 2002s
 16274 10492    4.34831   58 1446    7.00000    4.29260  38.7%   678 2006s
 16326 10528    4.56953   77 1973    7.00000    4.29260  38.7%   678 2012s
 16447 10577    5.65385  116 1355    7.00000    4.29260  38.7%   676 2018s
 16537 10613     cutoff  165         7.00000    4.29260  38.7%   675 2024s
 16614 10651    5.02497   82 1503    7.00000    4.29260  38.7%   674 2030s
 16750 10718    5.80754  153  514    7.00000    4.29260  38.7%   672 2036s
 16812 10745    4.48880   70 1821    7.00000    4.29260  38.7%   672 2041s
 16929 10813    5.20402  126 1214    7.00000    4.29260  38.7%   671 2048s
 17021 10841    4.32668   56 1902    7.00000    4.29260  38.7%   670 2054s
 17106 10891    4.66820   87 1078    7.00000    4.29260  38.7%   670 2061s
 17235 10957    6.00000  155  907    7.00000    4.29260  38.7%   669 2069s
 17323 11002    4.31444   55 2134    7.00000    4.29260  38.7%   669 2076s
 17421 11054    4.91175  108  961    7.00000    4.29260  38.7%   668 2085s
 17540 11100    4.29260   51 1733    7.00000    4.29260  38.7%   667 2094s
 17649 11165    4.85997  103  864    7.00000    4.29260  38.7%   667 2106s
 17784 11223    4.29260   48 2134    7.00000    4.29260  38.7%   666 2118s
 17852 11261    4.63198   81 1676    7.00000    4.29260  38.7%   667 2133s
 18032 11347    4.29260   45 2047    7.00000    4.29260  38.7%   665 2143s
 18133 11408    4.67783   87 1350    7.00000    4.29260  38.7%   665 2153s
 18299 11483    6.00000  172  332    7.00000    4.29260  38.7%   663 2164s
 18394 11528    5.14584  118  681    7.00000    4.29260  38.7%   664 2177s
 18549 11610    4.67812   88 1449    7.00000    4.29260  38.7%   663 2191s
 18713 11696    4.35296   63 1546    7.00000    4.29260  38.7%   662 2204s
 18911 11787     cutoff  156         7.00000    4.29260  38.7%   660 2216s
 19060 11868    5.12944  120 1399    7.00000    4.29260  38.7%   659 2231s
 19239 11955    4.91429  103  937    7.00000    4.29260  38.7%   658 2246s
 19451 12044    4.88462  100 1325    7.00000    4.29260  38.7%   656 2261s
 19691 12162    5.22045  120  767    7.00000    4.29260  38.7%   654 2277s
 19949 12286     cutoff  149         7.00000    4.29260  38.7%   651 2289s
 20178 12402    4.45226   78 1254    7.00000    4.29260  38.7%   649 2303s
 20401 12503    4.81661  100 1011    7.00000    4.29260  38.7%   647 2326s
 20633 12607    5.23519  123 1094    7.00000    4.29260  38.7%   645 2344s
 20886 12730    5.00000   86  894    7.00000    4.29260  38.7%   643 2358s
 21067 12816     cutoff  149         7.00000    4.29260  38.7%   641 2370s
 21304 12913    4.85937  103 1428    7.00000    4.29260  38.7%   639 2388s
 21379 12935    5.50948  101 1813    7.00000    4.29260  38.7%   639 2403s
 21628 13046    5.71549  144  938    7.00000    4.29260  38.7%   636 2420s
 21859 13126    5.17592  102 1297    7.00000    4.29260  38.7%   634 2442s
 22070 13218    5.26682  117  877    7.00000    4.29260  38.7%   632 2468s
 22212 13276    4.31095   43 2112    7.00000    4.29260  38.7%   632 2502s
 22242 13296    4.54732   72 2144    7.00000    4.29260  38.7%   633 2520s
 22421 13391    5.19649   41 1544    7.00000    4.29260  38.7%   632 2533s
 22640 13501    4.29260   40 2014    7.00000    4.29260  38.7%   631 2550s
 22849 13603    5.13144  118 1271    7.00000    4.29260  38.7%   630 2563s
 22992 13672    5.42899   67 1715    7.00000    4.29260  38.7%   630 2575s
 23182 13763    5.19238   44 1616    7.00000    4.29260  38.7%   630 2587s
 23325 13838    4.85901  106 1422    7.00000    4.29260  38.7%   630 2604s
 23552 13902    5.37569   71 1483    7.00000    4.29260  38.7%   628 2618s
 23707 13984    5.36610   63 1320    7.00000    4.29260  38.7%   629 2634s
 23874 14078    5.85444  152  721    7.00000    4.29260  38.7%   629 2647s
 24006 14141    5.75932   94 1030    7.00000    4.29260  38.7%   630 2664s
 24194 14227    5.71348   91 1217    7.00000    4.29260  38.7%   629 2678s
 24358 14320    5.75216   95 1260    7.00000    4.29260  38.7%   630 2694s
 24513 14405    5.89889  105 1214    7.00000    4.29260  38.7%   630 2708s
 24681 14492    5.23016   48 2799    7.00000    4.29260  38.7%   631 2729s
 24870 14577    5.27722   51 2595    7.00000    4.29260  38.7%   631 2743s
 25045 14660    5.28687   53 1902    7.00000    4.29260  38.7%   631 2755s
 25209 14736    5.36401   60 2034    7.00000    4.29260  38.7%   631 2766s
 25369 14818    5.43353   68 1406    7.00000    4.29260  38.7%   632 2778s
 25522 14900    5.49345   72 1477    7.00000    4.29260  38.7%   632 2792s
 25655 14969    5.43850   67 1877    7.00000    4.29260  38.7%   633 2805s
 25799 15048    5.51915   73 1457    7.00000    4.29260  38.7%   635 2817s
 25948 15127    5.52882   75 1169    7.00000    4.29260  38.7%   635 2836s
 26102 15209    5.61396   81 1616    7.00000    4.29260  38.7%   636 2850s
 26293 15294    5.33001   57 2169    7.00000    4.29260  38.7%   636 2863s
 26417 15366    5.37037   61 1830    7.00000    4.29260  38.7%   637 2877s
 26599 15455    6.00000  159  409    7.00000    4.29260  38.7%   637 2891s
 26768 15534    5.23870  123 1074    7.00000    4.29260  38.7%   638 2907s
 26947 15619    5.76307   95 1141    7.00000    4.29260  38.7%   638 2919s
 27121 15702    5.29927   53 2011    7.00000    4.29260  38.7%   638 2934s
 27329 15808    5.24988   52 1971    7.00000    4.29260  38.7%   638 2947s
 27484 15894    5.44784   68 1891    7.00000    4.29260  38.7%   639 2959s
 27657 15989    5.74371   93 1299    7.00000    4.29260  38.7%   639 2972s
 27852 16080    5.32151   59 2004    7.00000    4.29260  38.7%   639 2985s
 27989 16154    5.38793   63 1651    7.00000    4.29260  38.7%   640 2998s
 28145 16233    5.54554   75 1959    7.00000    4.29260  38.7%   640 3013s
 28346 16320    5.58817   79 1677    7.00000    4.29260  38.7%   640 3024s
 28507 16406    5.68801   89 1280    7.00000    4.29260  38.7%   641 3036s
 28683 16499    5.28036   53 1767    7.00000    4.29260  38.7%   641 3078s
 28685 16500    5.38255   54 1384    7.00000    4.29260  38.7%   641 3090s
 28888 16590    5.86384  103 1181    7.00000    4.29260  38.7%   640 3103s
 29050 16674     cutoff  111         7.00000    4.29260  38.7%   641 3116s
 29243 16764    5.53039   74 1493    7.00000    4.29260  38.7%   641 3131s
 29421 16863    5.81091   97 1122    7.00000    4.29412  38.7%   641 3144s
 29613 16947    5.43666   68 1532    7.00000    4.29831  38.6%   641 3157s
 29785 17039    5.49625   72 2004    7.00000    4.29891  38.6%   641 3170s
 29964 17127    5.62049   82 1401    7.00000    4.30000  38.6%   642 3185s
 30158 17231    5.96568  106 1076    7.00000    4.30139  38.6%   642 3200s
 30317 17304    5.34413   72 2214    7.00000    4.30435  38.5%   642 3214s
 30540 17432     cutoff  149         7.00000    4.30584  38.5%   641 3228s
 30794 17528     cutoff  144         7.00000    4.31169  38.4%   640 3240s
 30988 17614    5.32762   58 1614    7.00000    4.31361  38.4%   640 3253s
 31165 17706    5.69054   88 1448    7.00000    4.31628  38.3%   640 3266s
 31355 17799    5.35871   59 1612    7.00000    4.31771  38.3%   640 3281s
 31558 17908    5.57670   79 1394    7.00000    4.32313  38.2%   640 3294s
 31742 18005    5.88095  101 1540    7.00000    4.32340  38.2%   640 3307s
 31905 18075    5.38450   63 1710    7.00000    4.32595  38.2%   641 3321s
 32068 18163    5.53955   76 1633    7.00000    4.32764  38.2%   641 3338s
 32226 18238    5.93482  106 1295    7.00000    4.32847  38.2%   641 3351s
 32423 18329    5.52941   76 1343    7.00000    4.33333  38.1%   641 3370s
 32556 18379    5.31216   58 1980    7.00000    4.33442  38.1%   640 3384s
 32722 18461    5.57913   79 1528    7.00000    4.33515  38.1%   641 3396s
 32904 18555    5.41351   65 2161    7.00000    4.33708  38.0%   641 3411s
 33063 18614    5.43280   71 2034    7.00000    4.33964  38.0%   641 3423s
 33260 18710    5.38959   63 1967    7.00000    4.34010  38.0%   641 3438s
 33400 18781    5.74775   97 1785    7.00000    4.34068  38.0%   641 3453s
 33600 18877    5.25972  130  914    7.00000    4.34325  38.0%   641 3465s
 33815 18980    5.36617   61 1778    7.00000    4.34578  37.9%   641 3478s
 34003 19085    5.60825   82 1718    7.00000    4.34620  37.9%   641 3492s
 34185 19167    5.97184  109 1358    7.00000    4.34694  37.9%   641 3505s
 34374 19262    5.42157   65 2047    7.00000    4.34884  37.9%   642 3520s
 34568 19371    5.92554  105  991    7.00000    4.35065  37.8%   642 3534s
 34754 19457    5.41625   68 1726    7.00000    4.35307  37.8%   642 3546s
 34939 19554    5.68867   87 1224    7.00000    4.35375  37.8%   642 3559s
 35129 19654    5.30709   65 2567    7.00000    4.35514  37.8%   643 3575s
 35311 19753    5.90675  146 1350    7.00000    4.35714  37.8%   643 3588s
 35495 19846    5.51036   76 1376    7.00000    4.35870  37.7%   643 3600s

Cutting planes:
  Gomory: 3
  Flow cover: 7

Explored 35662 nodes (22942689 simplex iterations) in 3600.02 seconds
Thread count was 4 (of 4 available processors)

Solution count 2: 7 299 

Time limit reached
Best objective 7.000000000000e+00, best bound 5.000000000000e+00, gap 28.5714%
Warning: Q constraint 0 doesn't have a name
