
Gurobi 8.1.1 (win64) logging started 11/26/19 14:00:58

Changed value of parameter LogFile to logs/miss/qp/miss-06-30-1.log
   Prev: gurobi.log  Default: 
Changed value of parameter LogToConsole to 0
   Prev: 1  Min: 0  Max: 1  Default: 1
Changed value of parameter TimeLimit to 3600.0
   Prev: 1e+100  Min: 0.0  Max: 1e+100  Default: 1e+100
Optimize a model with 1 rows, 357 columns and 1 nonzeros
Model has 9 quadratic constraints
Variable types: 0 continuous, 357 integer (357 binary)
Coefficient statistics:
  Matrix range     [1e+00, 1e+00]
  QMatrix range    [1e+00, 1e+00]
  Objective range  [1e+00, 1e+00]
  Bounds range     [1e+00, 1e+00]
  RHS range        [1e+00, 1e+00]
  QRHS range       [1e+00, 1e+00]
Found heuristic solution: objective 357.0000000
Presolve removed 1 rows and 1 columns
Presolve time: 0.01s
Presolved: 0 rows, 356 columns, 0 nonzeros
Variable types: 0 continuous, 356 integer (356 binary)

Root relaxation: objective 1.000000e+00, 0 iterations, 0.00 seconds

    Nodes    |    Current Node    |     Objective Bounds      |     Work
 Expl Unexpl |  Obj  Depth IntInf | Incumbent    BestBd   Gap | It/Node Time

     0     0    2.00000    0    2  357.00000    2.00000  99.4%     -    0s
H    0     0                       8.0000000    2.00000  75.0%     -    0s
     0     0    2.00000    0    2    8.00000    2.00000  75.0%     -    0s
     0     2    2.00000    0    2    8.00000    2.00000  75.0%     -    0s
   497   300    2.00000  126    2    8.00000    2.00000  75.0%   1.6    5s
   640   443    3.00000   39    2    8.00000    2.00000  75.0%   1.4   13s
   642   444    3.00000  119 2994    8.00000    2.25758  71.8%   1.4   25s
   644   447    4.00000    9    2    8.00000    2.25758  71.8%  24.2   30s
   646   448    2.26117  126 2964    8.00000    2.26117  71.7%  24.2   38s
   647   449    4.00000   12 2492    8.00000    3.00000  62.5%  24.1   51s
   648   450    3.00000  163 2329    8.00000    3.00000  62.5%  24.1   57s
H  648   427                       7.0000000    3.00000  57.1%  24.1   65s
   651   429    3.00000   28 2078    7.00000    3.00000  57.1%  24.0   73s
   653   430    3.00000   39 2012    7.00000    3.00000  57.1%  23.9   80s
   654   431    3.00000  108 2012    7.00000    3.00000  57.1%  23.9   86s
   656   433    3.00000  151    2    7.00000    3.00000  57.1%   244   91s
   658   434    3.00000   52 2944    7.00000    3.00000  57.1%   243   97s
   659   435    5.00000   18 2245    7.00000    3.00000  57.1%   243  102s
   660   436    3.00000   68 2079    7.00000    3.00000  57.1%   243  105s
   661   436    3.00000   30 1822    7.00000    3.00000  57.1%   242  110s
   662   437    3.00000  172 1926    7.00000    3.00000  57.1%   242  116s
   664   438    3.00000   70 2018    7.00000    3.00000  57.1%   241  122s
H  665   416                       6.0000000    3.00000  50.0%   241  129s
   667   417    4.00000   29 1810    6.00000    3.00000  50.0%   240  130s
   668   418    3.00000   86 1885    6.00000    3.00000  50.0%   240  136s
   669   419    3.00000  134 1885    6.00000    3.00000  50.0%   239  141s
   670   419    3.00000   84 1885    6.00000    3.00000  50.0%   239  149s
   671   423    3.00000   40 1861    6.00000    3.00000  50.0%   442  163s
   675   426    3.25939   41 2968    6.00000    3.00000  50.0%   464  167s
   679   428    3.26203   42 2947    6.00000    3.00000  50.0%   490  170s
   683   429    3.33597   43 2617    6.00000    3.00000  50.0%   508  175s
   687   430    3.34021   44 2601    6.00000    3.00000  50.0%   527  182s
   689   426    3.00000   45 1530    6.00000    3.00000  50.0%   538  188s
   692   430    3.34383   45 2568    6.00000    3.00000  50.0%   562  194s
   695   431    3.00000   46 1477    6.00000    3.00000  50.0%   571  197s
   702   437    3.27717   47 2774    6.00000    3.00000  50.0%   606  201s
   709   436    3.00000   49 1391    6.00000    3.00000  50.0%   626  211s
   717   442    3.00000   51 1323    6.00000    3.00000  50.0%   672  216s
   725   447    3.00000   53 1279    6.00000    3.00000  50.0%   700  221s
   733   448    3.00000   55 1249    6.00000    3.00000  50.0%   735  228s
   741   456    3.00000   56 1252    6.00000    3.00000  50.0%   750  235s
   751   460    3.00000   58 1197    6.00000    3.00000  50.0%   794  241s
   763   466    3.00000   60 1095    6.00000    3.00000  50.0%   824  248s
   771   470    3.00000   62 1135    6.00000    3.00000  50.0%   844  250s
   783   478    3.00000   65 1171    6.00000    3.00000  50.0%   880  258s
   793   486    3.00000   67 1053    6.00000    3.00000  50.0%   897  262s
   799   483    3.00000   68 1005    6.00000    3.00000  50.0%   921  266s
   824   494    3.41121   72 2255    6.00000    3.00000  50.0%   943  276s
   833   495    3.00000   75 1041    6.00000    3.00000  50.0%   961  280s
   841   500    3.00000   77 1012    6.00000    3.00000  50.0%   976  290s
   850   506    3.50479   79 2050    6.00000    3.00000  50.0%  1003  305s
   856   508    3.00000   80  998    6.00000    3.00000  50.0%  1009  310s
   868   515    3.00000   83 1025    6.00000    3.00000  50.0%  1027  316s
   875   519    3.00000   86 1041    6.00000    3.00000  50.0%  1046  321s
   885   524    3.00000   88 1038    6.00000    3.00000  50.0%  1064  327s
   901   531    3.00000   91  984    6.00000    3.00000  50.0%  1081  332s
   914   534    3.00000   94  987    6.00000    3.00000  50.0%  1103  350s
   919   538    4.43249   94 1831    6.00000    3.00000  50.0%  1107  356s
   941   537    3.00000   98  964    6.00000    3.00000  50.0%  1114  375s
   947   543    4.49189   99 1758    6.00000    3.00000  50.0%  1119  381s
   969   544    3.00000  103 1018    6.00000    3.00000  50.0%  1131  400s
  1003   540    4.44624  105 1778    6.00000    3.00000  50.0%  1124  407s
  1033   549    3.00000  108 1069    6.00000    3.00000  50.0%  1122  416s
  1046   550    3.00000  111 1081    6.00000    3.00000  50.0%  1130  424s
  1075   560    3.00000  115 1032    6.00000    3.00000  50.0%  1145  443s
  1077   562    3.54467  115 1846    6.00000    3.00000  50.0%  1146  451s
  1115   571    3.00000  121  981    6.00000    3.00000  50.0%  1151  469s
  1123   567    4.43882  121 1629    6.00000    3.00000  50.0%  1153  477s
  1164   577    3.00000  126  942    6.00000    3.00000  50.0%  1155  486s
  1213   586    3.00000  133 1021    6.00000    3.00000  50.0%  1158  494s
  1265   593    3.00000  139 1014    6.00000    3.00000  50.0%  1155  503s
  1330   617    3.64590  145 1670    6.00000    3.00000  50.0%  1142  521s
  1404   605    3.00000  151 1001    6.00000    3.00000  50.0%  1122  530s
  1488   586    3.00000  157 1089    6.00000    3.00000  50.0%  1102  546s
  1581   574    3.00000  165 1087    6.00000    3.00000  50.0%  1079  569s
  1586   576    3.92950  165  962    6.00000    3.00000  50.0%  1081  578s
  1653   618    3.00000  173 1035    6.00000    3.00000  50.0%  1066  589s
  1679   628    3.00481  180 1206    6.00000    3.00481  49.9%  1075  600s
  1695   639    3.00503  181 1203    6.00000    3.00503  49.9%  1073  610s
  1740   662    3.02289  192 1136    6.00000    3.02289  49.6%  1075  621s
  1872   666    5.00000  246  895    6.00000    3.26747  45.5%  1030  633s
  2036   760     cutoff   45         6.00000    3.27891  45.4%   977  643s
  2193   889    3.50000   65 1980    6.00000    3.27891  45.4%   927  657s
  2291   968    3.50000   96 1819    6.00000    3.27891  45.4%   906  668s
  2338  1001    3.50000  122 1768    6.00000    3.27891  45.4%   905  679s
  2400  1062    4.00000  157 1581    6.00000    3.27891  45.4%   899  690s
  2521  1178    4.00000  255  953    6.00000    3.28924  45.2%   875  702s
  2779  1386 infeasible   55         6.00000    3.29192  45.1%   816  715s
  2942  1521    3.50000   54 2196    6.00000    3.29264  45.1%   790  730s
  2964  1521    3.50000   58 2160    6.00000    3.29264  45.1%   802  744s
  2983  1521 infeasible   63         6.00000    3.29264  45.1%   817  758s
  3005  1525 infeasible   69         6.00000    3.29264  45.1%   829  773s
  3017  1523    4.38261   70 2284    6.00000    3.29264  45.1%   835  786s
  3044  1522 infeasible   76         6.00000    3.29264  45.1%   848  802s
  3084  1525    3.50000   81 1873    6.00000    3.29264  45.1%   858  818s
  3127  1531     cutoff   92         6.00000    3.29264  45.1%   872  833s
  3182  1532 infeasible   99         6.00000    3.29264  45.1%   880  848s
  3349  1539 infeasible  131         6.00000    3.29762  45.0%   860  868s
  3381  1543    3.50000   57 2394    6.00000    3.30255  45.0%   875  884s
  3422  1557 infeasible   63         6.00000    3.30255  45.0%   885  900s
  3531  1601 infeasible  102         6.00000    3.31068  44.8%   876  917s
  3701  1749    3.50000   79 1982    6.00000    3.31111  44.8%   855  937s
  3782  1802    4.50000   56 2121    6.00000    3.31723  44.7%   859  958s
  3811  1811    3.50000   58 2288    6.00000    3.32273  44.6%   873  978s
  3856  1838    3.50000   87 2047    6.00000    3.32273  44.6%   882  997s
  4002  1934    4.00000  189 1117    6.00000    3.32368  44.6%   871 1017s
  4257  2139    3.39396   59 2497    6.00000    3.32827  44.5%   845 1040s
  4339  2172    3.50000   89 2043    6.00000    3.32922  44.5%   853 1063s
  4434  2244    3.50000   79 2041    6.00000    3.32922  44.5%   861 1085s
  4626  2370    4.00000  196 1037    6.00000    3.33013  44.5%   850 1108s
  4934  2578    4.36095   57 2359    6.00000    3.33691  44.4%   827 1132s
  5181  2607    3.50000   91 1895    6.00000    3.33705  44.4%   813 1155s
  5441  2793 infeasible   59         6.00000    3.33786  44.4%   796 1181s
  5498  2831    3.50000   63 2018    6.00000    3.34021  44.3%   800 1208s
  5808  3115 infeasible   62         6.00000    3.34328  44.3%   776 1235s
  6017  3300    3.50000   81 1928    6.00000    3.34542  44.2%   764 1261s
  6382  3599    4.00000  223  911    6.00000    3.34898  44.2%   738 1292s
  6487  3676    3.50000   54 2121    6.00000    3.34911  44.2%   744 1319s
  6577  3740    3.50000   67 1958    6.00000    3.34911  44.2%   753 1349s
  6630  3752 infeasible   83         6.00000    3.34911  44.2%   759 1375s
  6712  3794 infeasible  101         6.00000    3.34911  44.2%   766 1403s
  6819  3866    4.00000  126 1291    6.00000    3.34911  44.2%   772 1432s
  7072  4082    4.00000  153 1312    6.00000    3.34911  44.2%   765 1459s
  7238  4177 infeasible  189         6.00000    3.34911  44.2%   767 1487s
  7393  4272    4.00000  226  931    6.00000    3.34911  44.2%   771 1515s
  7559  4323    4.50000  290  854    6.00000    3.34911  44.2%   774 1546s
  7688  4351 infeasible  332         6.00000    3.36798  43.9%   771 1574s
  8095  4632    3.50000   90 1874    6.00000    3.37764  43.7%   749 1600s
  8396  4888    3.50000   61 2136    6.00000    3.38356  43.6%   735 1626s
  8734  5194    4.00000  176 1141    6.00000    3.38356  43.6%   717 1653s
  9010  5425 infeasible   70         6.00000    3.39171  43.5%   710 1681s
  9047  5438    3.50000   78 2068    6.00000    3.39791  43.4%   713 1705s
  9443  5813    4.50000  268  780    6.00000    3.39989  43.3%   695 1729s
  9812  6153    5.00000  168 1207    6.00000    3.40654  43.2%   680 1765s
  9814  6138 infeasible  169         6.00000    3.40763  43.2%   680 1791s
  9895  6176 infeasible   74         6.00000    3.42282  43.0%   684 1816s
 10057  6315    4.00000  107 1592    6.00000    3.43842  42.7%   683 1838s
 10607  6806    4.50000   73 2008    6.00000    3.44444  42.6%   659 1861s
 10775  6949    4.00000  145 1397    6.00000    3.45319  42.4%   657 1885s
 11095  7230    3.50000   73 1976    6.00000    3.45829  42.4%   648 1909s
 11431  7511 infeasible   73         6.00000    3.48737  41.9%   639 1935s
 11509  7538    3.51195   75 2064    6.00000    3.50000  41.7%   646 1960s
 11571  7546     cutoff  108         6.00000    3.50000  41.7%   652 1989s
 11669  7612 infeasible   66         6.00000    3.50000  41.7%   657 2016s
 12199  8078    4.00000  203 1238    6.00000    3.50000  41.7%   639 2043s
 12870  8658 infeasible   98         6.00000    3.50000  41.7%   616 2067s
 13188  8860    4.50000  269  736    6.00000    3.50000  41.7%   610 2091s
 13853  9219    4.50000  259  787    6.00000    3.50000  41.7%   593 2125s
 13860  9222    4.50000  261  781    6.00000    3.50000  41.7%   593 2148s
 14403  9489    4.50000  251  769    6.00000    3.50000  41.7%   581 2169s
 15092  9946    4.81194  223    2    6.00000    3.50000  41.7%   563 2443s
 15094  9947    4.00000  119 2944    6.00000    3.50000  41.7%   563 2446s
 15096  9949    4.00000  247 1724    6.00000    3.50000  41.7%   563 2451s
 15097  9949    5.00000   95 1724    6.00000    3.50000  41.7%   563 2456s
 15098  9950    5.00000  316 1866    6.00000    3.50000  41.7%   563 2462s
 15099  9951    4.50000  231 1939    6.00000    3.50000  41.7%   563 2470s
 15101  9952    4.00000  238 1860    6.00000    3.50000  41.7%   562 2482s
 15102  9953    4.50000  283 1859    6.00000    3.50000  41.7%   562 2486s
 15103  9953    4.50000  233 2041    6.00000    3.50000  41.7%   562 2494s
 15104  9954    4.00000  159 2006    6.00000    3.50000  41.7%   562 2499s
 15105  9955    4.50000  257 2004    6.00000    3.50000  41.7%   562 2506s
 15106  9955    4.00000  104 1871    6.00000    3.50000  41.7%   562 2512s
 15107  9956    4.50000   71 1916    6.00000    3.50000  41.7%   562 2523s
 15108  9957    4.54839  290 1906    6.00000    3.50000  41.7%   562 2529s
 15109  9957    4.50000  246 1716    6.00000    3.50000  41.7%   562 2536s
 15110  9958    5.00000  333 1619    6.00000    3.50000  41.7%   562 2541s
 15111  9959    4.50000  240 1979    6.00000    3.50000  41.7%   562 2549s
 15112  9959    4.50000  239 1969    6.00000    3.50000  41.7%   562 2553s
 15113  9960    4.00000  187 2094    6.00000    3.50000  41.7%   562 2560s
 15115  9961    4.00000   97 1737    6.00000    3.50000  41.7%   562 2572s
 15116  9962    5.00000  339 1743    6.00000    3.50000  41.7%   562 2577s
 15117  9963    5.00000  247 1841    6.00000    3.50000  41.7%   562 2585s
 15118  9963    4.00000  126 1879    6.00000    3.50000  41.7%   562 2590s
 15119  9964    5.00000  350 1866    6.00000    3.50000  41.7%   562 2602s
 15120  9965    5.00000  126 1879    6.00000    3.50000  41.7%   562 2607s
 15121  9965    4.90567  249 1956    6.00000    3.50000  41.7%   562 2614s
 15122  9966    4.50000  265 2005    6.00000    3.50000  41.7%   562 2619s
 15123  9967    4.50000  256 2018    6.00000    3.50000  41.7%   562 2627s
 15124  9967    4.93654  255 1987    6.00000    3.50000  41.7%   562 2632s
 15125  9968    4.36675   60 1755    6.00000    3.50000  41.7%   562 2640s
 15126  9969    4.00000  264 1838    6.00000    3.50000  41.7%   562 2645s
 15127  9969    4.00000  256 2059    6.00000    3.50000  41.7%   561 2655s
 15129  9971    4.00000   94 1948    6.00000    3.50000  41.7%   561 2666s
 15130  9971    4.00000  184 1988    6.00000    3.50000  41.7%   561 2672s
 15131  9972    4.00000  142 2034    6.00000    3.50000  41.7%   561 2680s
 15132  9973    4.00000  137 2043    6.00000    3.50000  41.7%   561 2685s
 15133  9973    3.50000   72 1949    6.00000    3.50000  41.7%   561 2693s
 15134  9974    4.00000   73 1901    6.00000    3.50000  41.7%   561 2699s
 15135  9975    4.50000  319 1937    6.00000    3.50000  41.7%   561 2714s
 15136  9975    5.00000  306 1933    6.00000    3.50000  41.7%   561 2718s
 15137  9976    4.00000  176 2006    6.00000    3.50000  41.7%   561 2727s
 15138  9977    5.00000  320 2046    6.00000    3.50000  41.7%   561 2732s
 15139  9977    4.00000  252 1955    6.00000    3.50000  41.7%   561 2739s
 15140  9978    4.50000   88 1908    6.00000    3.50000  41.7%   561 2744s
 15141  9979    5.00000  331 1800    6.00000    3.50000  41.7%   561 2752s
 15142  9979    4.00000  118 1792    6.00000    3.50000  41.7%   561 2757s
 15143  9980    4.54930  289 1991    6.00000    3.50000  41.7%   561 2764s
 15144  9981    4.50000  271 1985    6.00000    3.50000  41.7%   561 2769s
 15145  9981    4.44624  109 1965    6.00000    3.50000  41.7%   561 2781s
 15146  9982    4.00000  118 1974    6.00000    3.50000  41.7%   561 2787s
 15147  9983    4.00000  181 1823    6.00000    3.50000  41.7%   561 2798s
 15148  9983    4.00674  225 1915    6.00000    3.50000  41.7%   561 2806s
 15149  9984    4.50000  234 1911    6.00000    3.50000  41.7%   561 2810s
 15150  9985    5.00000  305 1891    6.00000    3.50000  41.7%   561 2818s
 15151  9985    5.00000  343 1897    6.00000    3.50000  41.7%   561 2823s
 15152  9986    4.32181   63 1871    6.00000    3.50000  41.7%   561 2832s
 15153  9987    3.53061  100 1908    6.00000    3.50000  41.7%   561 2837s
 15154  9987    4.00441  225 1866    6.00000    3.50000  41.7%   560 2845s
 15155  9988    3.50000  121 1859    6.00000    3.50000  41.7%   560 2850s
 15156  9989    4.50000  290 1837    6.00000    3.50000  41.7%   560 2862s
 15157  9989    4.00000  133 1837    6.00000    3.50000  41.7%   560 2866s
 15158  9990    4.00000  218 1942    6.00000    3.50000  41.7%   560 2874s
 15159  9991    4.00000   88 1946    6.00000    3.50000  41.7%   560 2879s
 15160  9991    4.00000  212 1818    6.00000    3.50000  41.7%   560 2888s
 15161  9992    4.76302  216 1833    6.00000    3.50000  41.7%   560 2893s
 15162  9993    3.76498   71 1880    6.00000    3.50000  41.7%   560 2919s
 15163  9993    5.00000  320 1935    6.00000    3.50000  41.7%   560 2929s
 15164  9994    4.50000  285 1970    6.00000    3.50000  41.7%   560 2934s
 15165  9995    4.00000  111 1833    6.00000    3.50000  41.7%   560 2946s
 15166  9995    4.00000  191 1807    6.00000    3.50000  41.7%   560 2951s
 15167  9996    4.00248  261 1974    6.00000    3.50000  41.7%   560 2961s
 15168  9997    5.00000  353 1980    6.00000    3.50000  41.7%   560 2967s
 15169  9997    4.00000  144 2014    6.00000    3.50000  41.7%   560 2977s
 15170  9998    4.00000  167 2014    6.00000    3.50000  41.7%   560 2981s
 15171  9999    4.00000  132 1913    6.00000    3.50000  41.7%   560 2994s
 15172  9999    4.50000  330 1899    6.00000    3.50000  41.7%   560 3000s
 15173 10000    4.00000  248 1970    6.00000    3.50000  41.7%   560 3012s
 15174 10001    5.00000  120 2010    6.00000    3.50000  41.7%   560 3018s
 15175 10001    4.02185  233 1988    6.00000    3.50000  41.7%   560 3032s
 15176 10002    4.00000   74 2026    6.00000    3.50000  41.7%   560 3042s
 15177 10003    4.50000  254 2031    6.00000    3.50000  41.7%   560 3048s
 15178 10003    4.00000  112 1950    6.00000    3.50000  41.7%   560 3057s
 15179 10004    3.50000   82 2009    6.00000    3.50000  41.7%   560 3064s
 15180 10005    3.50000   59 1943    6.00000    3.50000  41.7%   560 3073s
 15181 10005    4.50000  254 1941    6.00000    3.50000  41.7%   559 3079s
 15182 10006    3.70552   59 1915    6.00000    3.50000  41.7%   559 3091s
 15183 10007    4.00000  107 1938    6.00000    3.50000  41.7%   559 3097s
 15184 10007    4.00000  144 1946    6.00000    3.50000  41.7%   559 3110s
 15185 10008    4.00000  188 2015    6.00000    3.50000  41.7%   559 3120s
 15186 10009    5.00000  159 1963    6.00000    3.50000  41.7%   559 3125s
 15187 10009    4.00000  260 1993    6.00000    3.50000  41.7%   559 3135s
 15188 10010    4.50000   68 1941    6.00000    3.50000  41.7%   559 3143s
 15189 10011    4.00000  148 1972    6.00000    3.50000  41.7%   559 3151s
 15190 10011    4.00000  102 1962    6.00000    3.50000  41.7%   559 3161s
 15191 10012    3.50000   66 2066    6.00000    3.50000  41.7%   559 3186s
 15192 10013    4.81194  223 1997    6.00000    3.50000  41.7%   559 3199s
 15193 10013    4.00758  223 1996    6.00000    3.50000  41.7%   559 3204s
 15194 10014    4.00000  119 1961    6.00000    3.50000  41.7%   559 3216s
 15195 10015    3.50000   72 1913    6.00000    3.50000  41.7%   559 3222s
 15196 10015    4.00000  247 2015    6.00000    3.50000  41.7%   559 3237s
 15197 10016    5.00000   95 2031    6.00000    3.50000  41.7%   559 3247s
 15198 10017    5.00000  316 2031    6.00000    3.50000  41.7%   559 3253s
 15199 10017    4.50000  231 2005    6.00000    3.50000  41.7%   559 3267s
 15200 10018    4.00000  238 2027    6.00000    3.50000  41.7%   559 3274s
 15201 10019    4.00000  238 2003    6.00000    3.50000  41.7%   559 3286s
 15202 10019    4.50000  283 1948    6.00000    3.50000  41.7%   559 3292s
 15203 10020    4.50000  233 1999    6.00000    3.50000  41.7%   559 3312s
 15204 10021    4.00000  159 2070    6.00000    3.50000  41.7%   559 3323s
 15205 10021    4.50000  257 2064    6.00000    3.50000  41.7%   559 3331s
 15206 10022    4.00000  104 1924    6.00000    3.50000  41.7%   559 3348s
 15207 10023    4.50000   71 1880    6.00000    3.50000  41.7%   559 3357s
 15208 10023    4.54839  290 1945    6.00000    3.50000  41.7%   558 3371s
 15209 10024    4.50000  246 1945    6.00000    3.50000  41.7%   558 3376s
 15210 10025    5.00000  333 1980    6.00000    3.50000  41.7%   558 3389s
 15211 10025    4.50000  240 1976    6.00000    3.50000  41.7%   558 3395s
 15212 10026    4.50000  239 2003    6.00000    3.50000  41.7%   558 3407s
 15213 10027    4.00000  187 2027    6.00000    3.50000  41.7%   558 3413s
 15214 10027    5.00000  324 2113    6.00000    3.50000  41.7%   558 3430s
 15215 10028    4.00000   97 2039    6.00000    3.50000  41.7%   558 3453s
 15216 10029    5.00000  339 1963    6.00000    3.50000  41.7%   558 3461s
 15217 10029    5.00000  247 2012    6.00000    3.50000  41.7%   558 3472s
 15218 10030    4.00000  126 1947    6.00000    3.50000  41.7%   558 3482s
 15219 10031    5.00000  350 2046    6.00000    3.50000  41.7%   558 3505s
 15220 10031    5.00000  126 2032    6.00000    3.50000  41.7%   558 3519s
 15221 10032    4.90567  249 2044    6.00000    3.50000  41.7%   558 3528s
 15222 10033    4.50000  265 1954    6.00000    3.50000  41.7%   558 3537s
 15223 10033    4.50000  256 2001    6.00000    3.50000  41.7%   558 3546s
 15224 10034    4.93654  255 2019    6.00000    3.50000  41.7%   558 3561s
 15225 10035    4.36675   60 1972    6.00000    3.50000  41.7%   558 3573s
 15226 10035    4.00000  264 1973    6.00000    3.50000  41.7%   558 3587s
 15227 10036    4.00000  256 2045    6.00000    3.50000  41.7%   558 3599s

Cutting planes:
  Gomory: 72
  MIR: 1
  Zero half: 77
  Mod-K: 110

Explored 15227 nodes (8874104 simplex iterations) in 3600.01 seconds
Thread count was 4 (of 4 available processors)

Solution count 4: 6 7 8 357 

Time limit reached
Best objective 6.000000000000e+00, best bound 4.000000000000e+00, gap 33.3333%
Warning: Q constraint 0 doesn't have a name
