
Gurobi 8.1.1 (win64) logging started 11/26/19 11:00:57

Changed value of parameter LogFile to logs/miss/qp/miss-06-15-1.log
   Prev: gurobi.log  Default: 
Changed value of parameter LogToConsole to 0
   Prev: 1  Min: 0  Max: 1  Default: 1
Changed value of parameter TimeLimit to 3600.0
   Prev: 1e+100  Min: 0.0  Max: 1e+100  Default: 1e+100
Optimize a model with 1 rows, 198 columns and 1 nonzeros
Model has 9 quadratic constraints
Variable types: 0 continuous, 198 integer (198 binary)
Coefficient statistics:
  Matrix range     [1e+00, 1e+00]
  QMatrix range    [1e+00, 1e+00]
  Objective range  [1e+00, 1e+00]
  Bounds range     [1e+00, 1e+00]
  RHS range        [1e+00, 1e+00]
  QRHS range       [1e+00, 1e+00]
Found heuristic solution: objective 198.0000000
Presolve removed 1 rows and 1 columns
Presolve time: 0.25s
Presolved: 0 rows, 197 columns, 0 nonzeros
Variable types: 0 continuous, 197 integer (197 binary)

Root relaxation: objective 1.000000e+00, 0 iterations, 0.09 seconds

    Nodes    |    Current Node    |     Objective Bounds      |     Work
 Expl Unexpl |  Obj  Depth IntInf | Incumbent    BestBd   Gap | It/Node Time

     0     0    2.00000    0    2  198.00000    2.00000  99.0%     -    0s
     0     0    2.00000    0    2  198.00000    2.00000  99.0%     -    0s
     0     0    2.00000    0    2  198.00000    2.00000  99.0%     -    0s
H    0     0                       9.0000000    2.00000  77.8%     -    0s
     0     2    2.00000    0    2    9.00000    2.00000  77.8%     -    1s
H   91    31                       8.0000000    2.00000  75.0%   1.4    1s
H  372   179                       7.0000000    2.00000  71.4%   1.4    4s
   414   188    2.00000   38    2    7.00000    2.00000  71.4%   1.4    5s
   880   407    2.00000   61    2    7.00000    2.00000  71.4%   1.3   10s
  1213   603    4.00000   72    2    7.00000    2.00000  71.4%   1.2   15s
  1286   675    3.00000   70    2    7.00000    2.00000  71.4%   1.2   20s
  1288   676    3.00000   59 1677    7.00000    2.25425  67.8%   1.2   30s
  1290   679    3.00000   26    2    7.00000    2.25425  67.8%   7.5   47s
  1292   680    3.00000   52 1799    7.00000    2.25904  67.7%   7.5   50s
  1293   681    5.00000  128 1726    7.00000    3.00000  57.1%   7.5   55s
  1295   682    4.00000    2 1350    7.00000    3.00000  57.1%   7.5   64s
  1296   683    5.00000   62 1347    7.00000    3.00000  57.1%   7.5   65s
  1298   684    4.00000   15 1347    7.00000    3.00000  57.1%   7.5   70s
  1300   686    4.00000   35 1168    7.00000    3.00000  57.1%   7.4   75s
  1302   687    3.00000   40 1246    7.00000    3.00000  57.1%   7.4   80s
  1305   689    3.00000   38 1207    7.00000    3.00000  57.1%   7.4   88s
  1307   690    3.00000   31 1207    7.00000    3.00000  57.1%   7.4   93s
  1308   691    6.00000  136 1207    7.00000    3.00000  57.1%   7.4   96s
  1310   694    4.00000   39    2    7.00000    3.00000  57.1%  89.3  100s
  1313   696    3.00000   65 1534    7.00000    3.00000  57.1%  89.1  105s
  1315   697    4.00000  107 1219    7.00000    3.00000  57.1%  89.0  110s
  1318   699    4.00000  105 1251    7.00000    3.00000  57.1%  88.8  118s
  1320   701    4.00000   92 1192    7.00000    3.00000  57.1%  88.7  122s
  1322   702    4.00000   18 1160    7.00000    3.00000  57.1%  88.5  126s
  1324   703    4.00000   34 1060    7.00000    3.00000  57.1%  88.4  130s
  1327   705    4.00000   93 1118    7.00000    3.00000  57.1%  88.2  136s
  1329   710    3.00000   38 1098    7.00000    3.00000  57.1%   161  145s
  1341   718    3.28491   41 1610    7.00000    3.00000  57.1%   181  151s
  1348   721    3.00000   43  871    7.00000    3.00000  57.1%   191  155s
  1358   728    3.27685   45 1603    7.00000    3.00000  57.1%   206  160s
  1372   735    3.00000   49  621    7.00000    3.00000  57.1%   223  166s
  1386   745    3.32322   52 1457    7.00000    3.00000  57.1%   239  170s
  1397   751    3.00000   55  651    7.00000    3.00000  57.1%   250  175s
  1412   761    3.00000   59  540    7.00000    3.00000  57.1%   266  180s
  1423   768    3.00000   63  489    7.00000    3.00000  57.1%   279  185s
  1441   779    3.00000   68  577    7.00000    3.00000  57.1%   298  191s
  1455   790    3.00000   72  529    7.00000    3.00000  57.1%   313  196s
  1471   799    3.00000   76  643    7.00000    3.00000  57.1%   329  200s
  1485   810    3.00000   80  657    7.00000    3.00000  57.1%   342  205s
  1507   824    3.00000   86  588    7.00000    3.00000  57.1%   360  210s
  1530   840    3.00000   92  527    7.00000    3.00000  57.1%   377  215s
  1557   858    3.00000  100  599    7.00000    3.00000  57.1%   393  221s
  1592   883    3.00000  109  533    7.00000    3.00000  57.1%   407  227s
  1612   894    4.69439  114  762    7.00000    3.00000  57.1%   415  230s
  1653   920    3.00000  124  700    7.00000    3.00000  57.1%   429  236s
  1677   936    3.00000  130  616    7.00000    3.00000  57.1%   436  240s
  1741   969    3.06939  148  551    7.00000    3.00000  57.1%   448  247s
  1794   986    3.50000   53 1201    7.00000    3.00000  57.1%   449  250s
  1851  1013    3.50000   63 1120    7.00000    3.00000  57.1%   460  257s
  1887  1024    3.50000   67 1066    7.00000    3.00000  57.1%   463  261s
  1998  1031    4.39407   81 1329    7.00000    3.00000  57.1%   462  268s
  2084  1034    4.42405   90 1222    7.00000    3.00000  57.1%   454  271s
  2126  1048    3.50000   96 1101    7.00000    3.00000  57.1%   453  275s
  2161  1062    4.00000  104  840    7.00000    3.00000  57.1%   455  280s
  2239  1078    4.00000  122  734    7.00000    3.00000  57.1%   459  288s
  2296  1078 infeasible  141         7.00000    3.00000  57.1%   459  293s
  2377  1086 infeasible  162         7.00000    3.26799  53.3%   454  297s
  2479  1121    4.50000   74 1203    7.00000    3.27050  53.3%   444  301s
  2520  1150    4.50000   92 1051    7.00000    3.27050  53.3%   444  306s
  2614  1182    5.00000  146  613    7.00000    3.27685  53.2%   438  311s
  2689  1215    3.50000   61  872    7.00000    3.27933  53.2%   434  316s
  2735  1245    3.52270   84  896    7.00000    3.27933  53.2%   435  322s
  2784  1270    4.00000   98  672    7.00000    3.27933  53.2%   435  327s
  2921  1350    5.50000  193  174    7.00000    3.28494  53.1%   424  332s
  3037  1400    4.50000   67  882    7.00000    3.28494  53.1%   416  337s
  3169  1459    5.00000  105  616    7.00000    3.29317  53.0%   409  343s
  3285  1514    3.50000   45 1292    7.00000    3.29317  53.0%   403  349s
  3348  1554    3.50000   70  980    7.00000    3.29317  53.0%   403  355s
  3488  1635    4.00000  110  509    7.00000    3.29317  53.0%   396  362s
  3643  1744     cutoff  190         7.00000    3.29567  52.9%   389  368s
  3739  1818    3.50000   74 1121    7.00000    3.29567  52.9%   388  376s
  3888  1932    4.50000  135  434    7.00000    3.30019  52.9%   383  384s
  4026  2040    4.50000   48 1405    7.00000    3.30019  52.9%   378  391s
  4162  2156    5.42996   79 1094    7.00000    3.30019  52.9%   375  399s
  4325  2295    6.00000  189  264    7.00000    3.30162  52.8%   370  406s
  4472  2408    5.00000  117  531    7.00000    3.30709  52.8%   366  415s
  4588  2500    3.50000   59 1107    7.00000    3.30709  52.8%   365  425s
  4776  2645    4.00000   86  743    7.00000    3.31298  52.7%   360  434s
  4972  2799    3.50000   49 1349    7.00000    3.31298  52.7%   356  444s
  5055  2867    3.50000   66 1021    7.00000    3.31298  52.7%   356  453s
  5239  3018    4.50000  122  664    7.00000    3.31648  52.6%   353  463s
  5411  3164    4.50000   75  961    7.00000    3.32132  52.6%   351  474s
  5695  3376    4.50000   50 1133    7.00000    3.32138  52.6%   343  488s
  5877  3536    5.00000  100  620    7.00000    3.32364  52.5%   341  500s
  6068  3687    5.00000   87  436    7.00000    3.32430  52.5%   339  516s
  6325  3887 infeasible  125         7.00000    3.32577  52.5%   335  530s
  6573  4074    4.00000   55 1325    7.00000    3.34408  52.2%   332  544s
  6850  4315    3.50000   59 1151    7.00000    3.34408  52.2%   327  557s
  7053  4479    4.50000  142  375    7.00000    3.34739  52.2%   326  570s
  7345  4706    4.00000   89  763    7.00000    3.35486  52.1%   322  582s
  7588  4895    5.00000   87  514    7.00000    3.36166  52.0%   319  595s
  7848  5090    4.50000   62  920    7.00000    3.37334  51.8%   316  608s
  8140  5311    5.00000   67  982    7.00000    3.38775  51.6%   312  620s
  8309  5453    4.00000   85  751    7.00000    3.39623  51.5%   313  632s
  8655  5711    5.00000  102  568    7.00000    3.40179  51.4%   308  644s
  8838  5849    4.00000   86  652    7.00000    3.42105  51.1%   308  657s
  9022  5985    3.50000   70 1070    7.00000    3.42593  51.1%   308  669s
  9200  6122    5.00000  151  313    7.00000    3.43750  50.9%   308  683s
  9409  6284    5.00000  110  509    7.00000    3.44660  50.8%   307  696s
  9613  6437    5.74390  119  750    7.00000    3.45631  50.6%   307  708s
  9824  6591    4.00000  101  516    7.00000    3.46663  50.5%   306  720s
 10136  6834    4.00000   96  651    7.00000    3.47097  50.4%   303  733s
 10421  7039    5.00000  118  596    7.00000    3.47630  50.3%   301  746s
 10668  7212    4.00000   98  595    7.00000    3.49474  50.1%   300  761s
 11014  7466    5.00000  113  585    7.00000    3.50000  50.0%   296  773s
 11204  7603    4.50000   72 1170    7.00000    3.50000  50.0%   296  785s
 11440  7779    4.50000  199  342    7.00000    3.50000  50.0%   295  798s
 11929  8086    4.50345  171  555    7.00000    3.50000  50.0%   290  811s
 12433  8388    4.29390   48 1545    7.00000    3.50000  50.0%   285  823s
 12646  8541    5.00000  116  545    7.00000    3.50000  50.0%   284  836s
 12927  8751    4.31470   52 1469    7.00000    3.50000  50.0%   283  854s
 13081  8856    5.00000  119  522    7.00000    3.50000  50.0%   284  868s
 13256  8991    4.50128   83 1153    7.00000    3.50000  50.0%   285  881s
 13454  9142    4.50000   75  900    7.00000    3.50000  50.0%   285  894s
 13681  9319    4.50000   81 1068    7.00000    3.50000  50.0%   284  908s
 13915  9482    4.50000   78 1068    7.00000    3.50000  50.0%   284  922s
 14025  9557    5.00514  127  728    7.00000    3.50000  50.0%   285  937s
 14286  9743    4.50000   67 1109    7.00000    3.50000  50.0%   285  951s
 14489  9906    4.50000   73 1196    7.00000    3.50000  50.0%   285  965s
 14688 10065    6.00000  190    2    7.00000    3.50000  50.0%   285 1077s
 14690 10066    5.00000  106 1750    7.00000    3.50000  50.0%   285 1080s
 14693 10068    4.50000   80 1250    7.00000    3.50000  50.0%   285 1088s
 14694 10069    4.48239  100 1307    7.00000    3.50000  50.0%   285 1093s
 14695 10070    4.88245  115 1154    7.00000    3.50000  50.0%   285 1101s
 14696 10070    5.00000  109 1189    7.00000    3.50000  50.0%   285 1106s
 14697 10071    4.50000   61 1127    7.00000    3.50000  50.0%   285 1113s
 14698 10072    5.50000  138 1116    7.00000    3.50000  50.0%   285 1116s
 14699 10072    4.50000   71 1076    7.00000    3.50000  50.0%   285 1121s
 14700 10073    4.51613  106 1112    7.00000    3.50000  50.0%   285 1126s
 14701 10074    5.00000   97 1086    7.00000    3.50000  50.0%   285 1131s
 14702 10074    4.32515   57 1147    7.00000    3.50000  50.0%   285 1136s
 14703 10075    3.50000   60 1108    7.00000    3.50000  50.0%   285 1149s
 14704 10076    6.00000  193 1103    7.00000    3.50000  50.0%   284 1154s
 14705 10076    4.50000  129 1312    7.00000    3.50000  50.0%   284 1160s
 14706 10077    4.50000   83 1312    7.00000    3.50000  50.0%   284 1165s
 14707 10078    6.00000  174 1186    7.00000    3.50000  50.0%   284 1171s
 14708 10078    5.00000   94 1213    7.00000    3.50000  50.0%   284 1179s
 14709 10079    3.50000   74 1058    7.00000    3.50000  50.0%   284 1184s
 14710 10080    5.00000  161 1090    7.00000    3.50000  50.0%   284 1189s
 14711 10080    4.50000   59 1134    7.00000    3.50000  50.0%   284 1195s
 14712 10081    6.00000  173 1228    7.00000    3.50000  50.0%   284 1202s
 14713 10082    5.00000  100 1099    7.00000    3.50000  50.0%   284 1207s
 14714 10082    5.00000  111 1041    7.00000    3.50000  50.0%   284 1211s
 14715 10083    6.00000  159 1252    7.00000    3.50000  50.0%   284 1217s
 14716 10084    6.00000  220 1248    7.00000    3.50000  50.0%   284 1223s
 14717 10084    4.50000  129 1300    7.00000    3.50000  50.0%   284 1229s
 14718 10085    4.00000   99 1165    7.00000    3.50000  50.0%   284 1234s
 14719 10086    5.00000   72 1183    7.00000    3.50000  50.0%   284 1238s
 14720 10086    4.50000  137 1191    7.00000    3.50000  50.0%   284 1242s
 14721 10087    5.27174  146 1225    7.00000    3.50000  50.0%   284 1246s
 14723 10088    6.00000  157 1137    7.00000    3.50000  50.0%   284 1254s
 14724 10089    3.50000   65 1232    7.00000    3.50000  50.0%   284 1260s
 14725 10090    5.00000  159 1292    7.00000    3.50000  50.0%   284 1266s
 14726 10090    6.00000  165 1285    7.00000    3.50000  50.0%   284 1271s
 14727 10091    4.50000   56 1178    7.00000    3.50000  50.0%   284 1276s
 14728 10092    3.50000   59 1178    7.00000    3.50000  50.0%   284 1280s
 14729 10092    4.50000   72 1276    7.00000    3.50000  50.0%   284 1286s
 14730 10093    5.00000  180 1263    7.00000    3.50000  50.0%   284 1290s
 14731 10094    4.39407   82 1142    7.00000    3.50000  50.0%   284 1296s
 14732 10094    4.50000   76 1212    7.00000    3.50000  50.0%   284 1300s
 14733 10095    4.00000  117 1242    7.00000    3.50000  50.0%   284 1306s
 14734 10096    4.00000   85 1241    7.00000    3.50000  50.0%   284 1311s
 14735 10096    5.00000  110 1213    7.00000    3.50000  50.0%   284 1317s
 14736 10097    4.49964   87 1232    7.00000    3.50000  50.0%   284 1321s
 14737 10098    4.50000  137 1315    7.00000    3.50000  50.0%   284 1327s
 14738 10098    4.50000  134 1331    7.00000    3.50000  50.0%   284 1333s
 14739 10099    4.00000  102 1119    7.00000    3.50000  50.0%   284 1338s
 14740 10100    4.50000   62 1116    7.00000    3.50000  50.0%   284 1342s
 14741 10100    5.00000  163 1155    7.00000    3.50000  50.0%   284 1347s
 14742 10101    5.00000   94 1182    7.00000    3.50000  50.0%   284 1352s
 14743 10102    5.00000   93 1172    7.00000    3.50000  50.0%   284 1357s
 14744 10102    6.00000  193 1174    7.00000    3.50000  50.0%   284 1361s
 14745 10103    4.98915  137 1262    7.00000    3.50000  50.0%   284 1368s
 14746 10104    4.50000   77 1266    7.00000    3.50000  50.0%   284 1374s
 14747 10104    5.50000  179 1120    7.00000    3.50000  50.0%   284 1380s
 14748 10105    5.00000  188 1138    7.00000    3.50000  50.0%   284 1385s
 14749 10106    5.50000  131 1123    7.00000    3.50000  50.0%   284 1392s
 14750 10106    6.00000  130 1139    7.00000    3.50000  50.0%   284 1398s
 14751 10107    4.00000  103 1138    7.00000    3.50000  50.0%   284 1403s
 14752 10108    3.50000   53 1143    7.00000    3.50000  50.0%   284 1408s
 14753 10108    5.50000  205 1224    7.00000    3.50000  50.0%   284 1415s
 14755 10110    6.00000  158 1131    7.00000    3.50000  50.0%   284 1425s
 14756 10110    4.50000  137 1121    7.00000    3.50000  50.0%   283 1431s
 14757 10111    4.47222   78 1151    7.00000    3.50000  50.0%   283 1437s
 14758 10112    4.74296  123 1158    7.00000    3.50000  50.0%   283 1441s
 14759 10112    4.00000  105 1157    7.00000    3.50000  50.0%   283 1448s
 14760 10113    5.00000  114 1140    7.00000    3.50000  50.0%   283 1452s
 14761 10114    4.50000   81 1183    7.00000    3.50000  50.0%   283 1459s
 14762 10114    5.25966  167 1151    7.00000    3.50000  50.0%   283 1464s
 14763 10115    4.50000  166 1201    7.00000    3.50000  50.0%   283 1470s
 14764 10116    3.50000   80 1195    7.00000    3.50000  50.0%   283 1476s
 14765 10116    6.00000  165 1245    7.00000    3.50000  50.0%   283 1482s
 14766 10117    4.84509  121 1231    7.00000    3.50000  50.0%   283 1485s
 14767 10118    6.00000  187 1198    7.00000    3.50000  50.0%   283 1492s
 14768 10118    4.50000   63 1187    7.00000    3.50000  50.0%   283 1496s
 14769 10119    4.50000   55 1162    7.00000    3.50000  50.0%   283 1504s
 14770 10120    5.14013  180 1170    7.00000    3.50000  50.0%   283 1510s
 14771 10120    3.50000   73 1187    7.00000    3.50000  50.0%   283 1515s
 14772 10121    4.33502   63 1185    7.00000    3.50000  50.0%   283 1520s
 14773 10122    5.00000  119 1222    7.00000    3.50000  50.0%   283 1526s
 14774 10122    4.00000   88 1204    7.00000    3.50000  50.0%   283 1532s
 14775 10123    5.50000  148 1234    7.00000    3.50000  50.0%   283 1538s
 14776 10124    4.50000  138 1238    7.00000    3.50000  50.0%   283 1544s
 14777 10124    5.00000   96 1272    7.00000    3.50000  50.0%   283 1550s
 14778 10125    4.00000   95 1300    7.00000    3.50000  50.0%   283 1555s
 14779 10126    4.00000   90 1192    7.00000    3.50000  50.0%   283 1561s
 14780 10126    5.92177  124 1226    7.00000    3.50000  50.0%   283 1566s
 14781 10127    5.48544   91 1255    7.00000    3.50000  50.0%   283 1572s
 14782 10128    6.00000  132 1253    7.00000    3.50000  50.0%   283 1576s
 14783 10128    4.00000   94 1142    7.00000    3.50000  50.0%   283 1582s
 14784 10129    4.50000   77 1133    7.00000    3.50000  50.0%   283 1586s
 14785 10130    4.50000   73 1078    7.00000    3.50000  50.0%   283 1591s
 14786 10130    4.50000  144 1090    7.00000    3.50000  50.0%   283 1595s
 14787 10131    4.00000   91 1140    7.00000    3.50000  50.0%   283 1601s
 14788 10132    6.00000  190 1151    7.00000    3.50000  50.0%   283 1605s
 14789 10132    4.48413   93 1239    7.00000    3.50000  50.0%   283 1611s
 14790 10133    5.00000  106 1183    7.00000    3.50000  50.0%   283 1615s
 14791 10134    4.99398  145 1185    7.00000    3.50000  50.0%   283 1620s
 14793 10135    4.50000   80 1162    7.00000    3.50000  50.0%   283 1630s
 14795 10136    4.88245  115 1129    7.00000    3.50000  50.0%   283 1638s
 14796 10137    5.00000  109 1132    7.00000    3.50000  50.0%   283 1642s
 14797 10138    4.50000   61 1217    7.00000    3.50000  50.0%   283 1647s
 14798 10138    5.50000  138 1137    7.00000    3.50000  50.0%   283 1651s
 14799 10139    4.50000   71 1176    7.00000    3.50000  50.0%   283 1657s
 14800 10140    4.51613  106 1233    7.00000    3.50000  50.0%   283 1662s
 14801 10140    5.00000   97 1196    7.00000    3.50000  50.0%   283 1668s
 14802 10141    4.32515   57 1165    7.00000    3.50000  50.0%   283 1671s
 14803 10142    3.50000   60 1160    7.00000    3.50000  50.0%   283 1678s
 14804 10142    6.00000  193 1169    7.00000    3.50000  50.0%   283 1683s
 14805 10143    4.50000  129 1153    7.00000    3.50000  50.0%   283 1689s
 14806 10144    4.50000   83 1166    7.00000    3.50000  50.0%   283 1692s
 14807 10144    6.00000  174 1190    7.00000    3.50000  50.0%   283 1697s
 14808 10145    5.00000   94 1211    7.00000    3.50000  50.0%   282 1703s
 14809 10146    3.50000   74 1191    7.00000    3.50000  50.0%   282 1707s
 14810 10146    5.00000  161 1175    7.00000    3.50000  50.0%   282 1711s
 14811 10147    4.50000   59 1224    7.00000    3.50000  50.0%   282 1717s
 14812 10148    6.00000  173 1205    7.00000    3.50000  50.0%   282 1721s
 14813 10148    5.00000  100 1065    7.00000    3.50000  50.0%   282 1726s
 14814 10149    5.00000  111 1112    7.00000    3.50000  50.0%   282 1731s
 14815 10150    6.00000  159 1120    7.00000    3.50000  50.0%   282 1735s
 14816 10150    6.00000  220 1163    7.00000    3.50000  50.0%   282 1741s
 14817 10151    4.50000  129 1195    7.00000    3.50000  50.0%   282 1747s
 14818 10152    4.00000   99 1227    7.00000    3.50000  50.0%   282 1751s
 14819 10152    5.00000   72 1242    7.00000    3.50000  50.0%   282 1756s
 14820 10153    4.50000  137 1145    7.00000    3.50000  50.0%   282 1760s
 14821 10154    5.27174  146 1130    7.00000    3.50000  50.0%   282 1765s
 14822 10154    4.40367   82 1182    7.00000    3.50000  50.0%   282 1770s
 14823 10155    6.00000  157 1198    7.00000    3.50000  50.0%   282 1775s
 14825 10156    5.00000  159 1240    7.00000    3.50000  50.0%   282 1784s
 14826 10157    6.00000  165 1227    7.00000    3.50000  50.0%   282 1788s
 14827 10158    4.50000   56 1215    7.00000    3.50000  50.0%   282 1794s
 14828 10158    3.50000   59 1158    7.00000    3.50000  50.0%   282 1799s
 14829 10159    4.50000   72 1193    7.00000    3.50000  50.0%   282 1804s
 14830 10160    5.00000  180 1197    7.00000    3.50000  50.0%   282 1808s
 14831 10160    4.39407   82 1162    7.00000    3.50000  50.0%   282 1814s
 14832 10161    4.50000   76 1223    7.00000    3.50000  50.0%   282 1819s
 14833 10162    4.00000  117 1235    7.00000    3.50000  50.0%   282 1825s
 14835 10163    5.00000  110 1145    7.00000    3.50000  50.0%   282 1834s
 14836 10164    4.49964   87 1133    7.00000    3.50000  50.0%   282 1838s
 14837 10164    4.50000  137 1165    7.00000    3.50000  50.0%   282 1844s
 14838 10165    4.50000  134 1199    7.00000    3.50000  50.0%   282 1848s
 14839 10166    4.00000  102 1202    7.00000    3.50000  50.0%   282 1855s
 14841 10167    5.00000  163 1246    7.00000    3.50000  50.0%   282 1865s
 14843 10168    5.00000   93 1242    7.00000    3.50000  50.0%   282 1875s
 14845 10170    4.98915  137 1172    7.00000    3.50000  50.0%   282 1884s
 14846 10170    4.50000   77 1194    7.00000    3.50000  50.0%   282 1888s
 14847 10171    5.50000  179 1196    7.00000    3.50000  50.0%   282 1893s
 14848 10172    5.00000  188 1193    7.00000    3.50000  50.0%   282 1898s
 14849 10172    5.50000  131 1221    7.00000    3.50000  50.0%   282 1907s
 14850 10173    6.00000  130 1249    7.00000    3.50000  50.0%   282 1913s
 14851 10174    4.00000  103 1244    7.00000    3.50000  50.0%   282 1917s
 14852 10174    3.50000   53 1200    7.00000    3.50000  50.0%   282 1923s
 14853 10175    5.50000  205 1226    7.00000    3.50000  50.0%   282 1927s
 14854 10176    5.50000   80 1260    7.00000    3.50000  50.0%   282 1932s
 14855 10176    6.00000  158 1200    7.00000    3.50000  50.0%   282 1937s
 14856 10177    4.50000  137 1222    7.00000    3.50000  50.0%   282 1942s
 14857 10178    4.47222   78 1228    7.00000    3.50000  50.0%   282 1946s
 14858 10178    4.74296  123 1148    7.00000    3.50000  50.0%   282 1952s
 14859 10179    4.00000  105 1237    7.00000    3.50000  50.0%   282 1957s
 14860 10180    5.00000  114 1167    7.00000    3.50000  50.0%   281 1961s
 14861 10180    4.50000   81 1200    7.00000    3.50000  50.0%   281 1966s
 14862 10181    5.25966  167 1138    7.00000    3.50000  50.0%   281 1971s
 14863 10182    4.50000  166 1162    7.00000    3.50000  50.0%   281 1975s
 14864 10182    3.50000   80 1186    7.00000    3.50000  50.0%   281 1981s
 14865 10183    6.00000  165 1225    7.00000    3.50000  50.0%   281 1986s
 14866 10184    4.84509  121 1187    7.00000    3.50000  50.0%   281 1992s
 14867 10184    6.00000  187 1208    7.00000    3.50000  50.0%   281 1996s
 14868 10185    4.50000   63 1239    7.00000    3.50000  50.0%   281 2002s
 14869 10186    4.50000   55 1255    7.00000    3.50000  50.0%   281 2007s
 14870 10186    5.14013  180 1255    7.00000    3.50000  50.0%   281 2013s
 14871 10187    3.50000   73 1248    7.00000    3.50000  50.0%   281 2018s
 14872 10188    4.33502   63 1272    7.00000    3.50000  50.0%   281 2023s
 14873 10188    5.00000  119 1277    7.00000    3.50000  50.0%   281 2029s
 14874 10189    4.00000   88 1238    7.00000    3.50000  50.0%   281 2034s
 14875 10190    5.50000  148 1249    7.00000    3.50000  50.0%   281 2039s
 14876 10190    4.50000  138 1220    7.00000    3.50000  50.0%   281 2045s
 14877 10191    5.00000   96 1208    7.00000    3.50000  50.0%   281 2050s
 14878 10192    4.00000   95 1326    7.00000    3.50000  50.0%   281 2057s
 14879 10192    4.00000   90 1294    7.00000    3.50000  50.0%   281 2061s
 14880 10193    5.92177  124 1240    7.00000    3.50000  50.0%   281 2066s
 14881 10194    5.48544   91 1210    7.00000    3.50000  50.0%   281 2071s
 14882 10194    6.00000  132 1249    7.00000    3.50000  50.0%   281 2078s
 14883 10195    4.00000   94 1249    7.00000    3.50000  50.0%   281 2082s
 14884 10196    4.50000   77 1263    7.00000    3.50000  50.0%   281 2087s
 14885 10196    4.50000   73 1270    7.00000    3.50000  50.0%   281 2093s
 14886 10197    4.50000  144 1222    7.00000    3.50000  50.0%   281 2099s
 14887 10198    4.00000   91 1229    7.00000    3.50000  50.0%   281 2103s
 14888 10198    6.00000  190 1144    7.00000    3.50000  50.0%   281 2158s
 14889 10199    4.48413   93 1144    7.00000    3.50000  50.0%   281 2178s
 14890 10203    3.50000   51 1141    7.00000    3.50000  50.0%   294 2271s
 14892 10204    3.50000   52 1173    7.00000    3.50000  50.0%   295 2288s
 14894 10205    3.50000   52 1184    7.00000    3.50000  50.0%   296 2362s
 14896 10207    3.50000   53 1296    7.00000    3.50000  50.0%   296 2373s
 14898 10206 infeasible   53         7.00000    3.50000  50.0%   297 2412s
 14900 10207    3.50000   54 1039    7.00000    3.50000  50.0%   298 2475s
 14903 10207    4.05064   54 1303    7.00000    3.50000  50.0%   299 2544s
 14906 10205 infeasible   55         7.00000    3.50000  50.0%   300 2553s
 14910 10207 infeasible   55         7.00000    3.50000  50.0%   300 2578s
 14915 10207    4.00000   54 1011    7.00000    3.50000  50.0%   302 2587s
 14919 10210 infeasible   54         7.00000    3.50000  50.0%   303 2595s
 14925 10211 infeasible   56         7.00000    3.50000  50.0%   303 2606s
 14932 10210 infeasible   58         7.00000    3.50000  50.0%   305 2611s
 14939 10210    4.00000   61  742    7.00000    3.50000  50.0%   306 2621s
 14948 10211 infeasible   63         7.00000    3.50000  50.0%   307 2628s
 14958 10211 infeasible   66         7.00000    3.50000  50.0%   308 2636s
 14967 10211    4.00000   70  650    7.00000    3.50000  50.0%   309 2645s
 14978 10211 infeasible   73         7.00000    3.50000  50.0%   310 2654s
 14990 10211 infeasible   77         7.00000    3.50000  50.0%   312 2660s
 15002 10210 infeasible   81         7.00000    3.50000  50.0%   313 2666s
 15015 10210    4.00000   86  575    7.00000    3.50000  50.0%   313 2674s
 15029 10210    4.00000   91  609    7.00000    3.50000  50.0%   315 2682s
 15042 10210 infeasible   95         7.00000    3.50000  50.0%   316 2693s
 15060 10210 infeasible  101         7.00000    3.50000  50.0%   317 2700s
 15076 10208 infeasible  106         7.00000    3.50000  50.0%   318 2713s
 15088 10215    4.00000   57  988    7.00000    3.50000  50.0%   319 2726s
 15099 10219    4.00000   59  966    7.00000    3.50000  50.0%   321 2736s
 15109 10222    4.00000   61  871    7.00000    3.50000  50.0%   323 2745s
 15121 10234    4.50257   63 1389    7.00000    3.50000  50.0%   325 2755s
 15133 10240    4.00000   66  720    7.00000    3.50000  50.0%   327 2764s
 15147 10247    4.00000   69  776    7.00000    3.50000  50.0%   329 2780s
 15165 10258    4.00000   73  717    7.00000    3.50000  50.0%   332 2791s
 15184 10268    4.71584   78 1143    7.00000    3.50000  50.0%   334 2801s
 15208 10283    4.69366   83 1024    7.00000    3.50000  50.0%   336 2812s
 15231 10292    4.00000   88  854    7.00000    3.50000  50.0%   338 2823s
 15260 10303 infeasible   95         7.00000    3.50000  50.0%   340 2833s
 15291 10316    4.00000  103  861    7.00000    3.50000  50.0%   342 2844s
 15322 10327    4.71455  109  964    7.00000    3.50000  50.0%   344 2856s
 15361 10351    4.50000  119  630    7.00000    3.50000  50.0%   346 2868s
 15417 10356    4.84447  130  781    7.00000    3.50000  50.0%   348 2880s
 15480 10365    4.50000  140  495    7.00000    3.50000  50.0%   349 2891s
 15570 10373    4.50000  155  440    7.00000    3.50000  50.0%   350 2900s
 15678 10352 infeasible  174         7.00000    3.50000  50.0%   350 2911s
 15771 10331     cutoff  204         7.00000    3.70885  47.0%   350 2925s
 15812 10343 infeasible   58         7.00000    3.72603  46.8%   351 2940s
 15838 10359    4.00000   55 1302    7.00000    3.72606  46.8%   352 2954s
 15861 10368    4.50000   59 1310    7.00000    3.72606  46.8%   353 2965s
 15950 10414    4.50000   74 1187    7.00000    3.72606  46.8%   354 2977s
 16040 10438    4.50000   80 1190    7.00000    3.72606  46.8%   353 2990s
 16115 10479    5.00000  119  507    7.00000    3.72606  46.8%   354 3004s
 16143 10493    5.00000  146  624    7.00000    3.79746  45.8%   354 3015s
 16277 10558    4.00000   60 1139    7.00000    3.79746  45.8%   353 3028s
 16410 10614    4.00000  101  853    7.00000    3.79746  45.8%   353 3043s
 16496 10656    5.00000  175  302    7.00000    3.83986  45.1%   353 3058s
 16646 10719    4.53430   73 1224    7.00000    3.83986  45.1%   353 3072s
 16817 10790 infeasible  102         7.00000    3.85391  44.9%   352 3091s
 16823 10794    4.00000   62  994    7.00000    3.85834  44.9%   352 3105s
 16899 10837    4.00000   99  940    7.00000    3.85834  44.9%   353 3118s
 17146 10966 infeasible  175         7.00000    3.87226  44.7%   351 3133s
 17292 11027    4.00000  100  716    7.00000    3.87226  44.7%   351 3148s
 17432 11097    5.00000  198  355    7.00000    3.87430  44.7%   351 3165s
 17741 11241    5.00000   94  477    7.00000    3.88871  44.4%   348 3182s
 17818 11287    5.50000  139  631    7.00000    3.88877  44.4%   349 3198s
 18006 11384 infeasible   73         7.00000    3.89018  44.4%   348 3219s
 18123 11427 infeasible   63         7.00000    3.89215  44.4%   349 3239s
 18308 11509    4.00155  110  852    7.00000    3.89235  44.4%   348 3256s
 18564 11641    5.50000   87 1116    7.00000    3.89266  44.4%   346 3274s
 18766 11719    4.50000  154  387    7.00000    3.91081  44.1%   346 3303s
 18969 11801    4.50000  108  340    7.00000    3.91398  44.1%   346 3321s
 19195 11910    4.00000   87  984    7.00000    3.91569  44.1%   345 3343s
 19428 12019    4.00000   76  825    7.00000    3.91611  44.1%   345 3363s
 19728 12170    5.00000  185  289    7.00000    3.91810  44.0%   343 3386s
 20050 12320    4.50000  162  478    7.00000    3.93062  43.8%   342 3412s
 20259 12413    4.00000   67  916    7.00000    3.93927  43.7%   342 3438s
 20460 12501    4.50000  148  470    7.00000    3.94079  43.7%   342 3459s
 20789 12632    4.50000  128  332    7.00000    3.94934  43.6%   341 3479s
 21160 12803    4.50000  134  606    7.00000    3.95294  43.5%   339 3500s
 21496 12950    4.50000  103  418    7.00000    3.97113  43.3%   337 3521s
 21821 13101    4.50000  166  442    7.00000    3.97419  43.2%   335 3540s
 22047 13191    4.50000  112  499    7.00000    3.97519  43.2%   334 3561s
 22342 13310    5.50000   84 1108    7.00000    3.97739  43.2%   333 3587s
 22344 13309 infeasible   85         7.00000    3.98724  43.0%   333 3600s

Cutting planes:
  Gomory: 78
  Flow cover: 66
  Zero half: 113
  Mod-K: 7

Explored 22492 nodes (7481809 simplex iterations) in 3600.02 seconds
Thread count was 4 (of 4 available processors)

Solution count 4: 7 8 9 198 

Time limit reached
Best objective 7.000000000000e+00, best bound 4.000000000000e+00, gap 42.8571%
Warning: Q constraint 0 doesn't have a name
