
Gurobi 8.1.1 (win64) logging started 11/26/19 16:00:58

Changed value of parameter LogFile to logs/miss/qp/miss-07-15-0.log
   Prev: gurobi.log  Default: 
Changed value of parameter LogToConsole to 0
   Prev: 1  Min: 0  Max: 1  Default: 1
Changed value of parameter TimeLimit to 3600.0
   Prev: 1e+100  Min: 0.0  Max: 1e+100  Default: 1e+100
Optimize a model with 1 rows, 248 columns and 1 nonzeros
Model has 14 quadratic constraints
Variable types: 0 continuous, 248 integer (248 binary)
Coefficient statistics:
  Matrix range     [1e+00, 1e+00]
  QMatrix range    [1e+00, 1e+00]
  Objective range  [1e+00, 1e+00]
  Bounds range     [1e+00, 1e+00]
  RHS range        [1e+00, 1e+00]
  QRHS range       [1e+00, 1e+00]
Found heuristic solution: objective 248.0000000
Presolve removed 1 rows and 1 columns
Presolve time: 0.00s
Presolved: 0 rows, 247 columns, 0 nonzeros
Variable types: 0 continuous, 247 integer (247 binary)

Root relaxation: objective 1.000000e+00, 0 iterations, 0.00 seconds

    Nodes    |    Current Node    |     Objective Bounds      |     Work
 Expl Unexpl |  Obj  Depth IntInf | Incumbent    BestBd   Gap | It/Node Time

     0     0    2.00000    0    2  248.00000    2.00000  99.2%     -    0s
H    0     0                      13.0000000    2.00000  84.6%     -    0s
     0     0    2.00000    0    2   13.00000    2.00000  84.6%     -    0s
H    0     0                      10.0000000    2.00000  80.0%     -    0s
     0     2    2.00000    0    2   10.00000    2.00000  80.0%     -    0s
H   70    32                       8.0000000    2.00000  75.0%   1.1    0s
   401   173    2.00000  100    -    8.00000    2.00000  75.0%   1.0    5s
   671   313    2.00000  164    -    8.00000    2.00000  75.0%   1.0   10s
   897   379    3.00000  172    2    8.00000    2.00000  75.0%   1.1   16s
  1052   426    4.00000  175    -    8.00000    2.00000  75.0%   1.1   21s
  1156   411    5.00000  191    -    8.00000    3.00000  62.5%   1.2   26s
  1247   423    7.00000  200    -    8.00000    3.00000  62.5%   1.2   30s
  1332   439    7.00000  200    -    8.00000    3.00000  62.5%   1.2   35s
  1432   468    7.00000  200    -    8.00000    3.00000  62.5%   1.2   41s
  1558   507    7.00000  200    -    8.00000    3.00000  62.5%   1.2   48s
  1674   548    7.00000  200    -    8.00000    3.00000  62.5%   1.3   54s
  1759   584    7.00000  200    -    8.00000    3.00000  62.5%   1.3   60s
  1847   614    7.00000  200    -    8.00000    3.00000  62.5%   1.3   67s
  1966   657    7.00000  200    -    8.00000    3.00000  62.5%   1.3   74s
  2049   697    7.00000  200    -    8.00000    3.00000  62.5%   1.3   80s
  2199   809    7.00000  200    -    8.00000    3.00000  62.5%   1.3   86s
  2371   930    7.00000  200    -    8.00000    3.00000  62.5%   1.3   93s
  2507   994    7.00000  200    -    8.00000    3.00000  62.5%   1.3  100s
  2683  1196    3.00000  113    2    8.00000    3.00000  62.5%   1.3  143s
  2685  1197    3.00000  129 3280    8.00000    3.00000  62.5%   1.3  170s
  2687  1200    4.00000  110    2    8.00000    3.00000  62.5%   9.9  390s
  2689  1201    4.00000   80 3517    8.00000    3.00000  62.5%   9.9  399s
  2690  1202    3.00000   77 3154    8.00000    3.00000  62.5%   9.9  405s
  2693  1204    3.00000  132 2456    8.00000    3.00000  62.5%   9.9  427s
  2694  1205    3.00000  112 2575    8.00000    3.00000  62.5%   9.9  445s
  2696  1206    4.00000   72 2334    8.00000    3.00000  62.5%   9.9  470s
  2698  1207    4.00000   35 2278    8.00000    3.00000  62.5%   9.9  492s
  2699  1208    4.00000   52 2346    8.00000    3.00000  62.5%   9.9  515s
  2701  1209    4.00000  108 2286    8.00000    3.00000  62.5%   9.9  539s
  2702  1210    4.00000  158 2286    8.00000    3.00000  62.5%   9.9  554s
  2703  1211    3.00000  111 2286    8.00000    3.00000  62.5%   9.9  566s
  2704  1214    3.00000   24 2235    8.00000    3.00000  62.5%   121  617s
  2706  1214    3.00000   25 2164    8.00000    3.00000  62.5%   127  621s
  2708  1215    3.25228   25 3293    8.00000    3.00000  62.5%   133  630s
  2712  1218    3.23968   26 3258    8.00000    3.00000  62.5%   141  642s
  2716  1220    3.20409   27 3140    8.00000    3.00000  62.5%   152  653s
  2718  1222    3.00000   28 1967    8.00000    3.00000  62.5%   157  661s
  2722  1222    3.00000   29 1893    8.00000    3.00000  62.5%   167  674s
  2726  1224    3.00000   30 1770    8.00000    3.00000  62.5%   179  681s
  2729  1228    3.23027   30 2958    8.00000    3.00000  62.5%   190  688s
  2732  1229    3.00000   31 1745    8.00000    3.00000  62.5%   195  694s
  2736  1232    3.00000   32 1705    8.00000    3.00000  62.5%   203  704s
  2740  1234    3.00000   33 1659    8.00000    3.00000  62.5%   214  717s
  2744  1237    3.00000   34 1601    8.00000    3.00000  62.5%   225  726s
  2748  1240    3.00000   35 1640    8.00000    3.00000  62.5%   234  734s
  2752  1242    3.00000   36 1579    8.00000    3.00000  62.5%   244  742s
  2756  1245    3.00000   37 1562    8.00000    3.00000  62.5%   254  753s
  2760  1248    3.00000   38 1024    8.00000    3.00000  62.5%   264  765s
  2764  1250    3.00000   39 1012    8.00000    3.00000  62.5%   275  773s
  2768  1253    3.00000   40 1587    8.00000    3.00000  62.5%   285  782s
  2772  1255    3.00000   41 1557    8.00000    3.00000  62.5%   296  790s
  2777  1260    3.00000   42 1562    8.00000    3.00000  62.5%   306  798s
  2780  1261    3.00000   43 1535    8.00000    3.00000  62.5%   316  810s
  2786  1265    3.00000   44 1594    8.00000    3.00000  62.5%   329  818s
  2790  1267    3.00000   45 1523    8.00000    3.00000  62.5%   339  828s
  2795  1272    3.00000   46 1541    8.00000    3.00000  62.5%   350  842s
  2800  1274    3.00000   47 1558    8.00000    3.00000  62.5%   366  856s
  2806  1278    3.00000   48 1544    8.00000    3.00000  62.5%   380  868s
  2814  1284    3.00000   50  832    8.00000    3.00000  62.5%   397  880s
  2820  1288    3.00000   51 1724    8.00000    3.00000  62.5%   411  892s
  2826  1292    3.00000   52 1612    8.00000    3.00000  62.5%   424  906s
  2832  1296    3.00000   53 1393    8.00000    3.00000  62.5%   438  921s
  2840  1301    3.00000   55 1234    8.00000    3.00000  62.5%   456  934s
  2848  1306    3.00000   57 1629    8.00000    3.00000  62.5%   473  949s
  2856  1312    3.00000   59 1607    8.00000    3.00000  62.5%   488  963s
  2864  1317    3.00000   61 1514    8.00000    3.00000  62.5%   504  979s
  2872  1322    3.00000   63 1497    8.00000    3.00000  62.5%   521  996s
  2880  1328    3.00000   65 1548    8.00000    3.00000  62.5%   538 1013s
  2888  1332    3.00000   67 1599    8.00000    3.00000  62.5%   556 1028s
  2897  1340    3.00000   69 1492    8.00000    3.00000  62.5%   573 1052s
  2908  1345    3.00000   72 1397    8.00000    3.00000  62.5%   598 1068s
  2917  1353    3.00000   74 1341    8.00000    3.00000  62.5%   615 1088s
  2928  1359    3.00000   77 1301    8.00000    3.00000  62.5%   637 1108s
  2939  1368    3.00000   80 1309    8.00000    3.00000  62.5%   660 1131s
  2952  1376    3.00000   84 1224    8.00000    3.00000  62.5%   684 1154s
  2966  1385    3.00000   88  832    8.00000    3.00000  62.5%   709 1178s
  2982  1397    3.00000   92  783    8.00000    3.00000  62.5%   737 1203s
  2999  1410    3.00000   97  730    8.00000    3.00000  62.5%   760 1228s
  3020  1420    3.00000  103  741    8.00000    3.00000  62.5%   789 1253s
  3041  1436    3.00000  109  816    8.00000    3.00000  62.5%   816 1277s
  3064  1449    3.00000  116 1278    8.00000    3.00000  62.5%   847 1303s
  3091  1467    3.00000  124 1232    8.00000    3.00000  62.5%   873 1331s
  3124  1489    3.00000  132 1191    8.00000    3.00000  62.5%   902 1355s
  3155  1509    3.92949  140 1516    8.00000    3.00000  62.5%   933 1382s
  3191  1522 infeasible  150         8.00000    3.00000  62.5%   959 1414s
  3250  1529    3.50000   36 2851    8.00000    3.00000  62.5%   973 1462s
  3280  1545    3.50000   48 2193    8.00000    3.00000  62.5%   988 1494s
  3324  1580    3.50000   69 2159    8.00000    3.00000  62.5%  1002 1527s
  3380  1612    3.50000  102 2185    8.00000    3.00000  62.5%  1014 1560s
  3464  1669    4.00000  157 1403    8.00000    3.00000  62.5%  1018 1591s
  3580  1739    4.50000  229  901    8.00000    3.00000  62.5%  1016 1617s
  3707  1818    5.50000  296  563    8.00000    3.00000  62.5%  1011 1650s
  3833  1851    3.50000   37 2242    8.00000    3.00000  62.5%  1006 1683s
  3938  1900    3.50000   54 2108    8.00000    3.00000  62.5%  1004 1719s
  4000  1918    4.50000   76 2073    8.00000    3.00000  62.5%  1005 1753s
  4054  1945    3.50000   47 1833    8.00000    3.20912  59.9%  1004 1794s
  4120  1990    4.38213   84 2552    8.00000    3.20912  59.9%  1011 1832s
  4233  2068    4.00000  126 1084    8.00000    3.20912  59.9%  1006 1869s
  4407  2147    5.13563  185 1360    8.00000    3.20912  59.9%   994 1908s
  4656  2258     cutoff  279         8.00000    3.21500  59.8%   964 1947s
  4757  2313    3.50000   72 2103    8.00000    3.21500  59.8%   957 1985s
  4824  2357 infeasible   94         8.00000    3.22463  59.7%   967 2048s
  4936  2404    3.50000   52 1736    8.00000    3.22463  59.7%   964 2129s
  5099  2502    3.50000   81 1843    8.00000    3.22463  59.7%   951 2174s
  5200  2563    4.00000  129 1103    8.00000    3.22463  59.7%   949 2221s
  5320  2612    5.00425  210  794    8.00000    3.24518  59.4%   948 2272s
  5431  2658    3.50298   41 2748    8.00000    3.24887  59.4%   946 2325s
  5515  2694    3.50000   37 2543    8.00000    3.24887  59.4%   954 2380s
  5628  2751    3.50000   59 1739    8.00000    3.24887  59.4%   958 2433s
  5696  2787    4.00000   92 1745    8.00000    3.24887  59.4%   964 2490s
  5827  2854    4.50000  165  829    8.00000    3.25367  59.3%   964 2549s
  5918  2881 infeasible   48         8.00000    3.25437  59.3%   973 2611s
  6050  2953    4.50000   89 1913    8.00000    3.25798  59.3%   971 2676s
  6191  3012    3.50000   78 1849    8.00000    3.26898  59.1%   972 2741s
  6278  3042    3.50000   35 1771    8.00000    3.26898  59.1%   980 2811s
  6364  3092    4.50000   83 1976    8.00000    3.27228  59.1%   986 2926s
  6456  3166    3.50000   72 1878    8.00000    3.27228  59.1%   991 3012s
  6674  3353    4.50000  137 1233    8.00000    3.28903  58.9%   987 3093s
  6869  3498    3.50000   53 1954    8.00000    3.29298  58.8%   981 3173s
  6973  3582    3.50000   54 2821    8.00000    3.29433  58.8%   989 3253s
  7037  3631 infeasible   82         8.00000    3.29433  58.8%   998 3376s
  7207  3769    6.00000  186  676    8.00000    3.29832  58.8%   999 3464s
  7336  3840    5.42827  106    2    8.00000    3.32230  58.5%  1008 3482s
  7338  3841    3.50000   28 3408    8.00000    3.32230  58.5%  1008 3511s
  7339  3842    3.50000   52 2797    8.00000    3.32230  58.5%  1008 3515s
  7341  3843    4.00000  121 2681    8.00000    3.32230  58.5%  1008 3520s
  7343  3845    5.84347  194 2605    8.00000    3.32230  58.5%  1007 3538s
  7344  3845    5.50000  295 2582    8.00000    3.32230  58.5%  1007 3541s
  7345  3846    6.00000  221 2532    8.00000    3.32230  58.5%  1007 3552s
  7346  3847    5.40012  113 2358    8.00000    3.32230  58.5%  1007 3555s
  7347  3847    4.00000  106 2299    8.00000    3.32230  58.5%  1007 3569s
  7348  3848    4.00000  112 2293    8.00000    3.32230  58.5%  1007 3571s
  7349  3849    6.50000  266 2273    8.00000    3.32230  58.5%  1007 3587s

Cutting planes:
  Gomory: 1
  Zero half: 23

Explored 7349 nodes (7610164 simplex iterations) in 3600.02 seconds
Thread count was 4 (of 4 available processors)

Solution count 4: 8 10 13 248 

Time limit reached
Best objective 8.000000000000e+00, best bound 4.000000000000e+00, gap 50.0000%
Warning: Q constraint 0 doesn't have a name
