
Gurobi 8.1.1 (win64) logging started 11/26/19 08:55:57

Changed value of parameter LogFile to logs/miss/qp/miss-05-30-0.log
   Prev: gurobi.log  Default: 
Changed value of parameter LogToConsole to 0
   Prev: 1  Min: 0  Max: 1  Default: 1
Changed value of parameter TimeLimit to 3600.0
   Prev: 1e+100  Min: 0.0  Max: 1e+100  Default: 1e+100
Optimize a model with 1 rows, 292 columns and 1 nonzeros
Model has 5 quadratic constraints
Variable types: 0 continuous, 292 integer (292 binary)
Coefficient statistics:
  Matrix range     [1e+00, 1e+00]
  QMatrix range    [1e+00, 1e+00]
  Objective range  [1e+00, 1e+00]
  Bounds range     [1e+00, 1e+00]
  RHS range        [1e+00, 1e+00]
  QRHS range       [1e+00, 1e+00]
Found heuristic solution: objective 292.0000000
Presolve removed 1 rows and 1 columns
Presolve time: 0.00s
Presolved: 0 rows, 291 columns, 0 nonzeros
Variable types: 0 continuous, 291 integer (291 binary)

Root relaxation: objective 1.000000e+00, 0 iterations, 0.00 seconds

    Nodes    |    Current Node    |     Objective Bounds      |     Work
 Expl Unexpl |  Obj  Depth IntInf | Incumbent    BestBd   Gap | It/Node Time

     0     0    2.00000    0    2  292.00000    2.00000  99.3%     -    0s
     0     0    2.00000    0    2  292.00000    2.00000  99.3%     -    0s
     0     0    2.00000    0    2  292.00000    2.00000  99.3%     -    0s
H    0     0                      10.0000000    2.00000  80.0%     -    0s
H    0     0                       9.0000000    2.00000  77.8%     -    0s
H    0     2                       6.0000000    2.00000  66.7%     -    0s
     0     2    2.00000    0    2    6.00000    2.00000  66.7%     -    0s
   710   243    5.00000  141    -    6.00000    2.00000  66.7%   1.5    5s
  1194   379    5.00000  141    -    6.00000    3.00000  50.0%   1.6   10s
  1656   617    3.00000   34    2    6.00000    3.00000  50.0%   1.6   16s
  1881   688    5.00000  141    -    6.00000    3.00000  50.0%   1.6   21s
  2147   832    5.00000  141    -    6.00000    3.00000  50.0%   1.5   26s
  2289   997    3.00000    4    2    6.00000    3.00000  50.0%   1.5   34s
  2291   998    3.00000  124 1427    6.00000    3.00000  50.0%   1.5   39s
  2293  1001    4.00000  117    2    6.00000    3.00000  50.0%   3.9   46s
  2295  1002    4.00000   45 1353    6.00000    3.00000  50.0%   3.9   55s
H 2295   951                       5.0000000    3.00000  40.0%   3.9   62s
  2297   953    4.00000   49 1023    5.00000    3.00000  40.0%   3.9   65s
  2298   953    4.00000   55 1066    5.00000    3.00000  40.0%   3.9   70s
  2300   955    4.00000   70 1184    5.00000    3.00000  40.0%   3.9   77s
  2301   955    4.00000   35  951    5.00000    3.00000  40.0%   3.9   84s
  2302   956    3.00000   59  955    5.00000    3.00000  40.0%   3.9   86s
  2303   957    4.00000   68 1093    5.00000    3.00000  40.0%   3.9   92s
  2304   957    3.00000   58 1119    5.00000    3.00000  40.0%   3.9   95s
  2305   958    3.00000   43 1132    5.00000    3.00000  40.0%   3.9  101s
  2307   959    4.00000   38 1151    5.00000    3.00000  40.0%   3.9  110s
  2309   961    3.00000  100 1139    5.00000    3.00000  40.0%   3.9  119s
  2310   961    5.00000  135 1147    5.00000    3.00000  40.0%   3.9  123s
  2311   962    4.00000   32 1050    5.00000    3.00000  40.0%   3.9  129s
  2312   963    3.00000   44 1049    5.00000    3.00000  40.0%   3.9  131s
  2313   963    3.00000  130 1088    5.00000    3.00000  40.0%   3.9  138s
  2314   964    4.00000   31 1098    5.00000    3.00000  40.0%   3.9  140s
  2315   965    3.00000   85  993    5.00000    3.00000  40.0%   3.9  231s
  2317   966    4.00000   99  993    5.00000    3.00000  40.0%   3.9  291s
  2318   970    3.00000   24  979    5.00000    3.00000  40.0%  13.2  344s
  2320   971    3.00000   25  902    5.00000    3.00000  40.0%  14.7  349s
  2322   970    3.58265   25  984    5.00000    3.00000  40.0%  16.1  364s
  2324   972    3.00000   26  902    5.00000    3.00000  40.0%  16.2  365s
  2326   971    3.50033   26 1081    5.00000    3.00000  40.0%  17.7  377s
  2328   972    3.00000   27  893    5.00000    3.00000  40.0%  17.9  387s
  2332   971    3.00000   28  889    5.00000    3.00000  40.0%  20.1  395s
  2336   972    3.00000   29  898    5.00000    3.00000  40.0%  22.2  404s
  2340   972    3.00000   30  899    5.00000    3.00000  40.0%  24.4  428s
  2344   974    3.00000   31  891    5.00000    3.00000  40.0%  27.1  438s
  2349   973    3.00000   32  885    5.00000    3.00000  40.0%  29.5  446s
  2352   975    3.00000   33  913    5.00000    3.00000  40.0%  32.2  466s
  2357   975    3.00000   34  912    5.00000    3.00000  40.0%  34.6  475s
  2360   976    3.00000   35  935    5.00000    3.00000  40.0%  37.9  494s
  2364   976    3.00000   36  936    5.00000    3.00000  40.0%  40.2  640s
  2366   978    3.58229   36 1047    5.00000    3.00000  40.0%  42.2  650s
  2372   976    3.00000   37  939    5.00000    3.00000  40.0%  44.0  666s
  2380   975    3.00000   38  943    5.00000    3.00000  40.0%  46.3  678s
  2386   975    3.00000   39  897    5.00000    3.00000  40.0%  49.7  690s
  2394   974    3.00000   40  872    5.00000    3.00000  40.0%  51.7  698s
  2402   975    3.00000   41  878    5.00000    3.00000  40.0%  55.5  713s
  2411   973    3.00000   42  878    5.00000    3.00000  40.0%  57.6  722s
  2418   973    3.00000   43  856    5.00000    3.00000  40.0%  61.0  738s
  2429   972    3.00000   44  855    5.00000    3.00000  40.0%  63.4  751s
  2443   968    3.60241   45  959    5.00000    3.00000  40.0%  66.2  761s
  2454   966    3.00000   45  943    5.00000    3.00000  40.0%  67.3  772s
  2466   964    3.59476   46  999    5.00000    3.00000  40.0%  69.3  781s
  2482   960    3.00000   47  797    5.00000    3.00000  40.0%  70.3  805s
  2495   958    3.00000   48  888    5.00000    3.00000  40.0%  71.5  819s
  2515   953    3.00000   49  879    5.00000    3.00000  40.0%  73.1  845s
  2525   951    3.00000   50  914    5.00000    3.00000  40.0%  74.3  856s
  2548   946    3.00000   51  892    5.00000    3.00000  40.0%  75.1  885s
  2555   946    3.00000   52  920    5.00000    3.00000  40.0%  76.1  896s
  2581   939    3.00000   53  949    5.00000    3.00000  40.0%  77.0  924s
  2585   938    3.00000   54  941    5.00000    3.00000  40.0%  77.9  936s
  2615   933    3.60669   55  933    5.00000    3.00000  40.0%  78.8  967s
  2617   932    3.00000   56  861    5.00000    3.00000  40.0%  78.8  979s
  2633   938    3.60808   57  904    5.00000    3.00000  40.0%  80.8  995s
  2648   947    3.00000   59  858    5.00000    3.00000  40.0%  82.6 1010s
  2659   953    3.57162   60  911    5.00000    3.00000  40.0%  84.1 1028s
  2680   969    3.61475   61  920    5.00000    3.00000  40.0%  85.9 1058s
  2684   969    3.00000   63  761    5.00000    3.00000  40.0%  86.8 1071s
  2724   989    3.63785   64  805    5.00000    3.00000  40.0%  88.4 1088s
  2743   990    3.00000   66  687    5.00000    3.00000  40.0%  89.1 1106s
  2758  1000    3.00000   68  662    5.00000    3.00000  40.0%  91.6 1123s
  2776  1012    3.00000   70  604    5.00000    3.00000  40.0%  94.0 1146s
  2799  1026    3.00000   73  632    5.00000    3.00000  40.0%  97.1 1168s
  2840  1045    3.00000   76  550    5.00000    3.00000  40.0%  99.3 1188s
  2863  1048    3.00000   78  532    5.00000    3.00000  40.0%   102 1210s
  2878  1060    3.68266   80  792    5.00000    3.00000  40.0%   104 1231s
  2898  1071    3.00000   83  511    5.00000    3.00000  40.0%   106 1270s
  2903  1077    3.72165   83  786    5.00000    3.00000  40.0%   107 1294s
  2933  1083    3.00000   86  588    5.00000    3.00000  40.0%   109 1321s
  2975  1103    3.00000   90  464    5.00000    3.00000  40.0%   112 1345s
  2992  1110    3.00000   93  556    5.00000    3.00000  40.0%   116 1391s
  2995  1114    3.00000   94  535    5.00000    3.00000  40.0%   116 1415s
  3018  1126    3.00000   99  528    5.00000    3.00000  40.0%   120 1440s
  3051  1132    3.00000  105  535    5.00000    3.00000  40.0%   122 1469s
  3121  1158    3.00500  114  537    5.00000    3.00500  39.9%   124 1496s
  3222  1154     cutoff  154         5.00000    3.33465  33.3%   124 1521s
  3336  1115    3.72556  200  308    5.00000    3.48910  30.2%   122 1549s
  3405  1102    3.56621   45  985    5.00000    3.54536  29.1%   122 1575s
  3437  1115    3.65346   63  907    5.00000    3.54787  29.0%   124 1607s
  3480  1130    3.91441   91  582    5.00000    3.54937  29.0%   125 1643s
  3526  1138    3.61516   66  876    5.00000    3.54937  29.0%   126 1673s
  3585  1165    3.85019   90  718    5.00000    3.55641  28.9%   128 1705s
  3637  1191    3.62019   44  996    5.00000    3.55641  28.9%   129 1762s
  3647  1198    3.65899   53  940    5.00000    3.55641  28.9%   130 1795s
  3691  1209    3.75282   71  810    5.00000    3.56597  28.7%   131 1832s
  3753  1226     cutoff   53         5.00000    3.57282  28.5%   133 1868s
  3798  1227    3.63829   56  938    5.00000    3.57282  28.5%   135 1906s
  3880  1240     cutoff   75         5.00000    3.57645  28.5%   136 1946s
  3967  1234    3.63810   58  875    5.00000    3.57645  28.5%   137 1988s
  4036  1269    3.84770   86  683    5.00000    3.57645  28.5%   138 2105s
  4038  1266     cutoff   87         5.00000    3.57822  28.4%   138 2198s
  4044  1265    3.58923   67  875    5.00000    3.57948  28.4%   138 2242s
  4111  1296    3.59001   36  959    5.00000    3.58029  28.4%   140 2288s
  4178  1330    3.69698   59  832    5.00000    3.58142  28.4%   142 2335s
  4249  1367    3.60158   39  984    5.00000    3.58142  28.4%   143 2384s
  4302  1383    3.72193   66  833    5.00000    3.58279  28.3%   146 2435s
  4380  1398     cutoff   66         5.00000    3.58465  28.3%   148 2485s
  4447  1370    3.68459   59  863    5.00000    3.58500  28.3%   150 2542s
  4579  1363     cutoff   36         5.00000    3.58612  28.3%   151 2604s
  4684  1404    3.95064   98  669    5.00000    3.58853  28.2%   153 2665s
  4751  1394    3.70094   67  865    5.00000    3.59569  28.1%   155 2730s
  4865  1412     cutoff   37         5.00000    3.60001  28.0%   156 2815s
  4947  1414    3.67710   53  913    5.00000    3.60001  28.0%   158 2886s
  5028  1380     cutoff   78         5.00000    3.60110  28.0%   160 2958s
  5123  1353    3.68279   64  858    5.00000    3.60244  28.0%   162 3034s
  5265  1360    3.68328   68  851    5.00000    3.60593  27.9%   164 3119s
  5442  1408    3.87469   89  755    5.00000    3.60690  27.9%   164 3212s
  5550  1447    3.74876   83  802    5.00000    3.61410  27.7%   165 3291s
  5678  1517    3.96066   96  683    5.00000    3.61510  27.7%   167 3374s
  5763  1540     cutoff   52         5.00000    3.61578  27.7%   168 3477s
  5841  1501    3.69738   63  823    5.00000    3.62059  27.6%   168 3546s
  5965  1556     cutoff   58         5.00000    3.62752  27.4%   169 3600s

Cutting planes:
  Gomory: 2
  MIR: 2
  Zero half: 38

Explored 6019 nodes (1021382 simplex iterations) in 3600.09 seconds
Thread count was 4 (of 4 available processors)

Solution count 5: 5 6 9 ... 292

Time limit reached
Best objective 5.000000000000e+00, best bound 4.000000000000e+00, gap 20.0000%
Warning: Q constraint 0 doesn't have a name
