
Gurobi 8.1.1 (win64) logging started 11/26/19 13:00:57

Changed value of parameter LogFile to logs/miss/qp/miss-06-30-0.log
   Prev: gurobi.log  Default: 
Changed value of parameter LogToConsole to 0
   Prev: 1  Min: 0  Max: 1  Default: 1
Changed value of parameter TimeLimit to 3600.0
   Prev: 1e+100  Min: 0.0  Max: 1e+100  Default: 1e+100
Optimize a model with 1 rows, 242 columns and 1 nonzeros
Model has 9 quadratic constraints
Variable types: 0 continuous, 242 integer (242 binary)
Coefficient statistics:
  Matrix range     [1e+00, 1e+00]
  QMatrix range    [1e+00, 1e+00]
  Objective range  [1e+00, 1e+00]
  Bounds range     [1e+00, 1e+00]
  RHS range        [1e+00, 1e+00]
  QRHS range       [1e+00, 1e+00]
Found heuristic solution: objective 242.0000000
Presolve removed 1 rows and 1 columns
Presolve time: 0.00s
Presolved: 0 rows, 241 columns, 0 nonzeros
Variable types: 0 continuous, 241 integer (241 binary)

Root relaxation: objective 1.000000e+00, 0 iterations, 0.00 seconds

    Nodes    |    Current Node    |     Objective Bounds      |     Work
 Expl Unexpl |  Obj  Depth IntInf | Incumbent    BestBd   Gap | It/Node Time

     0     0    2.00000    0    2  242.00000    2.00000  99.2%     -    0s
H    0     0                      10.0000000    2.00000  80.0%     -    0s
     0     0    2.00000    0    2   10.00000    2.00000  80.0%     -    0s
H    0     0                       9.0000000    2.00000  77.8%     -    0s
H    0     2                       8.0000000    2.00000  75.0%     -    0s
     0     2    2.00000    0    2    8.00000    2.00000  75.0%     -    0s
H   32    14                       7.0000000    2.00000  71.4%   1.3    0s
   568   241    2.00000  139    -    7.00000    2.00000  71.4%   1.3    5s
H  606   283                       6.0000000    2.00000  66.7%   1.3    5s
   922   265    3.00000  141    -    6.00000    3.00000  50.0%   1.3   10s
  1196   375    4.16667  143    3    6.00000    3.00000  50.0%   1.3   15s
  1402   463    5.00000  176    -    6.00000    3.00000  50.0%   1.3   21s
  1674   641    3.00000  142    -    6.00000    3.00000  50.0%   1.3   27s
  1761   679    3.00000  122    2    6.00000    3.00000  50.0%   1.3   30s
  2003   912    4.00000   13    2    6.00000    3.00000  50.0%   1.3   45s
  2005   913    4.00000   62 2044    6.00000    3.00000  50.0%   1.3   54s
  2007   916    4.00000   81    2    6.00000    3.00000  50.0%   6.9   86s
  2010   918    4.00000   71 1351    6.00000    3.00000  50.0%   6.9   90s
  2015   921    3.00000   64 1517    6.00000    3.00000  50.0%   6.9   95s
  2020   925    3.00000   57 1473    6.00000    3.00000  50.0%   6.8  100s
  2026   929    3.00000   58 1626    6.00000    3.00000  50.0%   6.8  105s
  2028   930    3.00000   74 1626    6.00000    3.00000  50.0%   6.8  110s
  2029   934    3.00000   22 1631    6.00000    3.00000  50.0%  25.5  115s
  2033   936    3.36903   23 1859    6.00000    3.00000  50.0%  36.6  121s
  2039   939 infeasible   25         6.00000    3.00000  50.0%  48.3  131s
  2045   939    3.00000   26 1401    6.00000    3.00000  50.0%  51.1  135s
  2051   943    3.00000   28 1321    6.00000    3.00000  50.0%  62.0  146s
  2058   947    3.00000   30 1303    6.00000    3.00000  50.0%  71.3  152s
  2066   952    3.00000   32 1290    6.00000    3.00000  50.0%  82.9  157s
  2074   958    3.00000   34 1267    6.00000    3.00000  50.0%  90.9  162s
  2078   960    3.00000   35 1269    6.00000    3.00000  50.0%  96.0  165s
  2086   966    3.00000   37 1276    6.00000    3.00000  50.0%   105  170s
  2094   970    3.00000   39 1274    6.00000    3.00000  50.0%   116  175s
  2104   978    3.00000   41 1258    6.00000    3.00000  50.0%   127  181s
  2114   983    3.00000   43 1232    6.00000    3.00000  50.0%   136  187s
  2119   989    3.00000   44 1231    6.00000    3.00000  50.0%   142  190s
  2124   991    3.00000   45 1214    6.00000    3.00000  50.0%   148  195s
  2136   999    3.00000   48 1201    6.00000    3.00000  50.0%   160  203s
  2144  1004    3.00000   50 1166    6.00000    3.00000  50.0%   170  209s
  2152  1009    3.00000   52 1140    6.00000    3.00000  50.0%   176  214s
  2161  1017    3.00000   54 1126    6.00000    3.00000  50.0%   183  219s
  2170  1022    3.00000   56 1124    6.00000    3.00000  50.0%   190  224s
  2180  1028    3.00000   58 1100    6.00000    3.00000  50.0%   198  228s
  2190  1035    3.00000   60 1087    6.00000    3.00000  50.0%   204  233s
  2200  1041    3.00000   62 1049    6.00000    3.00000  50.0%   211  236s
  2212  1049    3.00000   64 1029    6.00000    3.00000  50.0%   217  241s
  2229  1056    3.00000   66 1006    6.00000    3.00000  50.0%   224  247s
  2247  1063    3.00000   68  998    6.00000    3.00000  50.0%   230  252s
  2256  1069    3.00000   70  967    6.00000    3.00000  50.0%   237  259s
  2263  1071    3.00000   72  952    6.00000    3.00000  50.0%   246  264s
  2271  1076    3.00000   74  938    6.00000    3.00000  50.0%   255  271s
  2281  1082    3.00000   77  906    6.00000    3.00000  50.0%   265  276s
  2290  1090    3.00000   79  901    6.00000    3.00000  50.0%   274  284s
  2301  1096    3.00000   82  882    6.00000    3.00000  50.0%   285  291s
  2313  1103    3.00000   85  881    6.00000    3.00000  50.0%   297  297s
  2324  1112    3.00000   88  797    6.00000    3.00000  50.0%   306  303s
  2337  1118    3.00000   92  763    6.00000    3.00000  50.0%   317  311s
  2353  1126    3.00000   96  752    6.00000    3.00000  50.0%   328  319s
  2370  1139    3.58856  100 1102    6.00000    3.00000  50.0%   341  326s
  2385  1142    3.00000  104  671    6.00000    3.00000  50.0%   352  334s
  2407  1155    3.00000  110  647    6.00000    3.00000  50.0%   362  342s
  2431  1171    3.00000  117  694    6.00000    3.00000  50.0%   374  350s
  2455  1181    3.00000  123  678    6.00000    3.00000  50.0%   383  359s
  2493  1200    3.00000  131  690    6.00000    3.00000  50.0%   391  368s
  2525  1208    3.00000  139  724    6.00000    3.00000  50.0%   402  377s
  2564  1227    3.91405  150  711    6.00000    3.00000  50.0%   410  386s
  2611  1240    3.50000  166  631    6.00000    3.00000  50.0%   418  396s
  2660  1246    3.50000  181  625    6.00000    3.00000  50.0%   427  405s
  2719  1257    3.50000  200  498    6.00000    3.00000  50.0%   434  415s
  2791  1270    4.00000  225  330    6.00000    3.00000  50.0%   438  424s
  2896  1279    4.50000  262  263    6.00000    3.29619  45.1%   436  437s
  2969  1265 infeasible   64         6.00000    3.30047  45.0%   438  448s
  3024  1261    3.50000   50 1300    6.00000    3.30047  45.0%   438  457s
  3120  1266    3.50450   74 1177    6.00000    3.30047  45.0%   436  466s
  3220  1328    4.00349  139  746    6.00000    3.30464  44.9%   431  476s
  3373  1389    3.50000   47 1285    6.00000    3.30680  44.9%   422  486s
  3458  1436    3.50877   75 1226    6.00000    3.30680  44.9%   421  495s
  3571  1499     cutoff  141         6.00000    3.32353  44.6%   416  507s
  3733  1565    3.50000   51 1383    6.00000    3.32747  44.5%   408  518s
  3773  1591    3.50048   75 1296    6.00000    3.32747  44.5%   411  529s
  3904  1660    4.00477  149  692    6.00000    3.32938  44.5%   406  542s
  4098  1746 infeasible   38         6.00000    3.33166  44.5%   397  556s
  4144  1759    4.50000   46 1551    6.00000    3.33529  44.4%   401  569s
  4297  1839    4.50252   74 1279    6.00000    3.33613  44.4%   395  581s
  4479  1929    3.50000   53 1288    6.00000    3.33645  44.4%   388  594s
  4564  1971    4.00000   95  754    6.00000    3.34078  44.3%   389  607s
  4747  2049 infeasible   52         6.00000    3.34292  44.3%   383  627s
  4878  2118    3.50000   28 1526    6.00000    3.34703  44.2%   382  642s
  4922  2160    3.50000   53 1196    6.00000    3.34703  44.2%   386  656s
  5048  2272    4.00000  118  581    6.00000    3.35505  44.1%   384  671s
  5320  2485    4.50000   66 1366    6.00000    3.35516  44.1%   374  686s
  5454  2592    3.50000   60 1413    6.00000    3.36069  44.0%   375  703s
  5582  2704    4.50000   62 1433    6.00000    3.36069  44.0%   375  720s
  5788  2873    5.00000  141  699    6.00000    3.36073  44.0%   371  738s
  5944  3000    3.50000   62 1331    6.00000    3.36218  44.0%   370  755s
  6064  3098 infeasible  130         6.00000    3.36391  43.9%   370  776s
  6300  3280    4.50000   52 1277    6.00000    3.36912  43.8%   366  795s
  6404  3372    5.00000  123  613    6.00000    3.37538  43.7%   368  815s
  6538  3488    4.50098   71 1154    6.00000    3.37627  43.7%   370  836s
  6783  3694    3.50000   70 1356    6.00000    3.37748  43.7%   366  858s
  7005  3878     cutoff  192         6.00000    3.38479  43.6%   365  881s
  7206  4042    3.50000   71 1288    6.00000    3.38557  43.6%   364  905s
  7430  4219    4.49580   84    2    6.00000    3.38557  43.6%   363  914s
  7432  4220    4.00000   95 2042    6.00000    3.38557  43.6%   363  917s
  7433  4221    4.50000   43 1385    6.00000    3.38557  43.6%   363  920s
  7438  4224    5.00000   71 1573    6.00000    3.38557  43.6%   363  926s
  7441  4226    5.00000  186 1725    6.00000    3.38557  43.6%   363  930s
  7445  4229    4.50000  172 1683    6.00000    3.38557  43.6%   362  936s
  7447  4230    3.50000   74 1676    6.00000    3.38557  43.6%   362  943s
  7448  4234    3.38557   31 1719    6.00000    3.38557  43.6%   367  950s
  7452  4237    3.40301   32 1827    6.00000    3.38557  43.6%   370  958s
  7456  4237    3.40012   33 1808    6.00000    3.38557  43.6%   372  964s
  7458  4238    3.38557   34 1563    6.00000    3.38557  43.6%   373  965s
  7461  4236    3.38557   34 1844    6.00000    3.38557  43.6%   374  970s
  7467  4241    3.38557   35 1638    6.00000    3.38557  43.6%   377  976s
  7469  4239    3.38557   36 1573    6.00000    3.38557  43.6%   377  983s
  7472  4240    3.38557   37 1578    6.00000    3.38557  43.6%   378  987s
  7476  4238    3.38557   38 1596    6.00000    3.38557  43.6%   381  991s
  7479  4242    4.45283   38  629    6.00000    3.38557  43.6%   382  999s
  7482  4243    3.38557   39 1574    6.00000    3.38557  43.6%   383 1004s
  7486  4245    3.38557   40 1559    6.00000    3.38557  43.6%   385 1007s
  7490  4248    3.38557   41 1528    6.00000    3.38557  43.6%   387 1012s
  7494  4249    3.38557   42 1515    6.00000    3.38557  43.6%   389 1018s
  7498  4251    3.38557   43 1501    6.00000    3.38557  43.6%   391 1021s
  7506  4256    3.38557   45 1499    6.00000    3.38557  43.6%   394 1027s
  7511  4261    3.38557   46 1698    6.00000    3.38557  43.6%   395 1033s
  7516  4262    3.38557   48 1440    6.00000    3.38557  43.6%   397 1036s
  7524  4268    3.38557   50 1348    6.00000    3.38557  43.6%   400 1044s
  7529  4273    3.38557   51 1279    6.00000    3.38557  43.6%   401 1049s
  7534  4275    3.38557   52 1243    6.00000    3.38557  43.6%   403 1054s
  7540  4278    3.38557   54 1222    6.00000    3.38557  43.6%   406 1062s
  7547  4285    3.38557   56 1240    6.00000    3.38557  43.6%   408 1069s
  7554  4289    3.38557   58 1224    6.00000    3.38557  43.6%   410 1074s
  7560  4292    3.38557   59 1205    6.00000    3.38557  43.6%   412 1079s
  7565  4297    3.38557   60 1145    6.00000    3.38557  43.6%   413 1085s
  7572  4299    3.38557   62 1126    6.00000    3.38557  43.6%   416 1090s
  7580  4300    3.38557   64 1095    6.00000    3.38557  43.6%   418 1097s
  7588  4304    3.38557   66 1076    6.00000    3.38557  43.6%   421 1103s
  7597  4309    3.41280   68 1403    6.00000    3.38557  43.6%   424 1110s
  7605  4314    3.38557   71  912    6.00000    3.38557  43.6%   426 1117s
  7614  4319    3.38557   74  877    6.00000    3.38557  43.6%   428 1125s
  7624  4322    3.38557   77  888    6.00000    3.38557  43.6%   431 1132s
  7635  4332    3.38557   80  853    6.00000    3.38557  43.6%   434 1138s
  7648  4339    3.38557   84  789    6.00000    3.38557  43.6%   436 1146s
  7662  4349    3.38557   88  807    6.00000    3.38557  43.6%   439 1154s
  7680  4358    3.38557   93  707    6.00000    3.38557  43.6%   442 1160s
  7695  4370    3.54673   96 1180    6.00000    3.38557  43.6%   445 1169s
  7710  4375    3.38557  100  586    6.00000    3.38557  43.6%   448 1178s
  7730  4388    3.38557  105  782    6.00000    3.38557  43.6%   451 1187s
  7752  4394    3.38557  110  717    6.00000    3.38557  43.6%   455 1196s
  7781  4407    3.38557  117  667    6.00000    3.38557  43.6%   458 1205s
  7810  4417    3.38557  125  586    6.00000    3.38557  43.6%   462 1214s
  7848  4432    3.38557  134  695    6.00000    3.38557  43.6%   464 1223s
  7890  4445    3.38557  144  644    6.00000    3.38557  43.6%   467 1232s
  7934  4458    3.50000  156  420    6.00000    3.38557  43.6%   469 1241s
  7986  4464    3.50000  170  452    6.00000    3.38557  43.6%   471 1250s
  8051  4465    4.20051  184  652    6.00000    3.38557  43.6%   473 1259s
  8117  4456     cutoff  203         6.00000    3.38557  43.6%   474 1268s
  8208  4451    4.00000  234  405    6.00000    3.38557  43.6%   474 1277s
  8317  4425     cutoff  272         6.00000    3.38557  43.6%   472 1288s
  8426  4389 infeasible   55         6.00000    3.38557  43.6%   471 1302s
  8446  4392    4.31125   53 1729    6.00000    3.38557  43.6%   473 1312s
  8470  4394    3.50000   58 1332    6.00000    3.38557  43.6%   475 1322s
  8501  4417    3.50000   62 1165    6.00000    3.38557  43.6%   477 1332s
  8567  4447    4.39407   67 1457    6.00000    3.38557  43.6%   478 1342s
  8691  4497    3.50000   73 1233    6.00000    3.38557  43.6%   475 1352s
  8720  4503    3.50000   79 1266    6.00000    3.38557  43.6%   478 1362s
  8753  4520     cutoff   85         6.00000    3.38557  43.6%   480 1374s
  8832  4557    4.00000   95 1069    6.00000    3.38557  43.6%   481 1387s
  8962  4609    4.00000  104  976    6.00000    3.38557  43.6%   479 1402s
  8998  4618    4.00000  113  928    6.00000    3.38557  43.6%   481 1414s
  9036  4637    4.00000  122  860    6.00000    3.38557  43.6%   484 1427s
  9157  4685    4.00000  135  842    6.00000    3.38557  43.6%   483 1443s
  9277  4731    4.00000  150  734    6.00000    3.38557  43.6%   482 1455s
  9331  4740    4.00000  168  678    6.00000    3.38557  43.6%   484 1468s
  9404  4745     cutoff  194         6.00000    3.38557  43.6%   486 1482s
  9602  4786    5.00000  234  342    6.00000    3.38557  43.6%   482 1496s
  9709  4815    3.50000   57 1251    6.00000    3.38557  43.6%   481 1513s
  9773  4844    4.00000   89  878    6.00000    3.38557  43.6%   482 1534s
  9936  4921     cutoff   37         6.00000    3.38557  43.6%   479 1549s
  9995  4950    3.50000   73 1272    6.00000    3.38557  43.6%   480 1565s
 10255  5087    4.50000  180  442    6.00000    3.38557  43.6%   474 1584s
 10342  5119    4.50000   61 1193    6.00000    3.38557  43.6%   474 1601s
 10481  5191    5.00000  135  615    6.00000    3.38557  43.6%   473 1623s
 10640  5254    3.50000   67 1375    6.00000    3.38557  43.6%   471 1642s
 10906  5388    4.50000  160  531    6.00000    3.38557  43.6%   466 1664s
 10998  5416    3.50000   62 1356    6.00000    3.38557  43.6%   465 1684s
 11153  5505    4.00000  128  580    6.00000    3.38847  43.5%   465 1718s
 11373  5579    3.50469   76 1302    6.00000    3.39109  43.5%   462 1739s
 11570  5675    3.50000   45 1435    6.00000    3.39658  43.4%   461 1761s
 11680  5730    4.00000   73 1198    6.00000    3.39948  43.3%   462 1787s
 11969  5865    3.50000   65 1314    6.00000    3.40012  43.3%   457 1813s
 12144  5968    4.00000  135  656    6.00000    3.40012  43.3%   456 1840s
 12273  6022    3.50000   43 1360    6.00000    3.40133  43.3%   456 1866s
 12492  6138    4.00000   93  506    6.00000    3.40430  43.3%   454 1892s
 12749  6263    3.50000   60 1391    6.00000    3.40742  43.2%   451 1922s
 12953  6354     cutoff   63         6.00000    3.41191  43.1%   450 1953s
 13186  6470    4.00160  135  721    6.00000    3.41280  43.1%   447 1980s
 13575  6642    4.50000  176  427    6.00000    3.42251  43.0%   440 2005s
 13971  6831     cutoff  211         6.00000    3.42387  42.9%   434 2039s
 14067  6875    3.50000   59 1528    6.00000    3.43219  42.8%   435 2064s
 14277  6977    4.00000  113  635    6.00000    3.43623  42.7%   434 2087s
 14617  7142     cutoff  127         6.00000    3.43854  42.7%   430 2112s
 14868  7245    5.00000  208    2    6.00000    3.44822  42.5%   427 2383s
 14870  7246    5.00000  123 2052    6.00000    3.44822  42.5%   427 2388s
 14871  7247    5.00000  127 1188    6.00000    3.44822  42.5%   427 2390s
 14873  7248    4.56522  172 1322    6.00000    3.44822  42.5%   427 2395s
 14876  7250    3.50000   64 1521    6.00000    3.44822  42.5%   427 2406s
 14878  7252    4.50000  159 1485    6.00000    3.44822  42.5%   427 2419s
 14879  7252    5.00000  182 1565    6.00000    3.44822  42.5%   427 2421s
 14880  7253    4.00000  124 1537    6.00000    3.44822  42.5%   427 2431s
 14882  7254    4.46051   84 1457    6.00000    3.44822  42.5%   427 2442s
 14884  7256    4.00000   98 1591    6.00000    3.44822  42.5%   427 2455s
 14886  7257    4.43122   76 1508    6.00000    3.44822  42.5%   427 2467s
 14887  7258    3.50000   72 1569    6.00000    3.44822  42.5%   427 2470s
 14888  7258    4.50000  176 1446    6.00000    3.44822  42.5%   427 2479s
 14889  7259    4.50000  194 1417    6.00000    3.44822  42.5%   427 2483s
 14890  7260    4.00000  137 1411    6.00000    3.44822  42.5%   427 2493s
 14891  7260    4.00000  132 1322    6.00000    3.44822  42.5%   427 2498s
 14892  7261    4.50000  183 1442    6.00000    3.44822  42.5%   427 2507s
 14893  7262    4.00000   89 1549    6.00000    3.44822  42.5%   427 2510s
 14894  7262    5.00000  197 1538    6.00000    3.44822  42.5%   427 2520s
 14896  7264    5.00000  191 1448    6.00000    3.44822  42.5%   427 2533s
 14897  7264    4.00000  117 1442    6.00000    3.44822  42.5%   427 2536s
 14898  7265    4.61905  106 1421    6.00000    3.44822  42.5%   427 2544s
 14899  7266    3.47335   78 1411    6.00000    3.44822  42.5%   427 2548s
 14900  7266    4.00000   91 1461    6.00000    3.44822  42.5%   427 2558s
 14901  7267    5.00000  204 1483    6.00000    3.44822  42.5%   426 2561s
 14902  7268    4.00000  120 1490    6.00000    3.44822  42.5%   426 2570s
 14904  7269    4.50000   54 1422    6.00000    3.44822  42.5%   426 2581s
 14906  7270    3.50000   46 1477    6.00000    3.44822  42.5%   426 2593s
 14907  7271    4.00000  106 1468    6.00000    3.44822  42.5%   426 2597s
 14908  7272    4.00000   98 1475    6.00000    3.44822  42.5%   426 2606s
 14909  7272    4.00000  121 1405    6.00000    3.44822  42.5%   426 2610s
 14910  7273    3.50000   52 1467    6.00000    3.44822  42.5%   426 2619s
 14911  7274    4.00000  103 1369    6.00000    3.44822  42.5%   426 2623s
 14912  7274    4.00000   99 1375    6.00000    3.44822  42.5%   426 2631s
 14914  7276    4.50000  166 1483    6.00000    3.44822  42.5%   426 2643s
 14915  7276    4.00000   73 1373    6.00000    3.44822  42.5%   426 2647s
 14916  7277    5.00000  201 1390    6.00000    3.44822  42.5%   426 2655s
 14918  7278    5.00000  208 1454    6.00000    3.44822  42.5%   426 2668s
 14919  7279    4.84632  140 1541    6.00000    3.44822  42.5%   426 2673s
 14920  7280    5.00000  215 1504    6.00000    3.44822  42.5%   426 2681s
 14921  7280    4.50000  146 1418    6.00000    3.44822  42.5%   426 2685s
 14922  7281    4.50000   66 1437    6.00000    3.44822  42.5%   426 2694s
 14923  7282    5.00000  204 1437    6.00000    3.44822  42.5%   426 2699s
 14924  7282    4.00000  133 1440    6.00000    3.44822  42.5%   426 2707s
 14925  7283    4.00000   88 1452    6.00000    3.44822  42.5%   426 2712s
 14926  7284    4.68371  121 1402    6.00000    3.44822  42.5%   426 2721s
 14927  7284    5.00000  217 1456    6.00000    3.44822  42.5%   426 2726s
 14928  7285    4.68582  110 1485    6.00000    3.44822  42.5%   426 2736s
 14929  7286    3.50000   48 1427    6.00000    3.44822  42.5%   426 2741s
 14930  7286    5.00000  191 1435    6.00000    3.44822  42.5%   426 2750s
 14931  7287    4.00000   90 1474    6.00000    3.44822  42.5%   426 2756s
 14932  7288    5.00000  185 1431    6.00000    3.44822  42.5%   426 2765s
 14933  7288    4.50000  139 1491    6.00000    3.44822  42.5%   426 2771s
 14934  7289    5.00000  199 1449    6.00000    3.44822  42.5%   426 2780s
 14936  7290    4.00000  112 1459    6.00000    3.44822  42.5%   425 2793s
 14937  7291    4.00000   93 1434    6.00000    3.44822  42.5%   425 2798s
 14938  7292    4.00000  116 1450    6.00000    3.44822  42.5%   425 2807s
 14939  7292    4.00000  107 1385    6.00000    3.44822  42.5%   425 2811s
 14940  7293    5.00000  191 1393    6.00000    3.44822  42.5%   425 2821s
 14941  7294    4.50000  171 1490    6.00000    3.44822  42.5%   425 2826s
 14942  7294    5.00000   91 1481    6.00000    3.44822  42.5%   425 2835s
 14943  7295    4.00000   74 1455    6.00000    3.44822  42.5%   425 2841s
 14944  7296    5.00000  122 1449    6.00000    3.44822  42.5%   425 2850s
 14946  7297    4.50000   45 1396    6.00000    3.44822  42.5%   425 2863s
 14947  7298    3.50000   77 1361    6.00000    3.44822  42.5%   425 2866s
 14948  7298    4.00000  109 1366    6.00000    3.44822  42.5%   425 2876s
 14949  7299    4.00000   86 1460    6.00000    3.44822  42.5%   425 2882s
 14950  7300    5.00000  137 1463    6.00000    3.44822  42.5%   425 2892s
 14951  7300    4.50000  158 1389    6.00000    3.44822  42.5%   425 2897s
 14952  7301    3.50000   73 1380    6.00000    3.44822  42.5%   425 2906s
 14953  7302    4.30629   43 1394    6.00000    3.44822  42.5%   425 2912s
 14954  7302    5.00000  140 1429    6.00000    3.44822  42.5%   425 2920s
 14955  7303    3.47335   78 1407    6.00000    3.44822  42.5%   425 2926s
 14956  7304    4.76154  231 1390    6.00000    3.44822  42.5%   425 2935s
 14957  7304    4.00000   99 1440    6.00000    3.44822  42.5%   425 2941s
 14958  7305    3.50000   53 1418    6.00000    3.44822  42.5%   425 2950s
 14959  7306    4.50000  148 1362    6.00000    3.44822  42.5%   425 2955s
 14960  7306    3.50000   56 1335    6.00000    3.44822  42.5%   425 2964s
 14961  7307    4.50000   65 1393    6.00000    3.44822  42.5%   425 2969s
 14962  7308    5.00000  184 1357    6.00000    3.44822  42.5%   425 2980s
 14964  7309    4.94401  138 1528    6.00000    3.44822  42.5%   425 2993s
 14965  7310    3.50000   67 1421    6.00000    3.44822  42.5%   425 2998s
 14966  7310    4.00000  122 1389    6.00000    3.44822  42.5%   425 3008s
 14967  7311    3.50000   77 1438    6.00000    3.44822  42.5%   425 3013s
 14968  7312    5.00000  208 1401    6.00000    3.44822  42.5%   425 3023s
 14969  7312    4.50000  174 1487    6.00000    3.44822  42.5%   425 3028s
 14970  7313    5.00000  123 1477    6.00000    3.44822  42.5%   425 3036s
 14971  7314    5.00000  127 1282    6.00000    3.44822  42.5%   424 3041s
 14972  7314    3.50000   78 1404    6.00000    3.44822  42.5%   424 3049s
 14973  7315    4.56522  172 1415    6.00000    3.44822  42.5%   424 3055s
 14974  7316    4.00000   96 1434    6.00000    3.44822  42.5%   424 3064s
 14975  7316    3.50000   76 1359    6.00000    3.44822  42.5%   424 3068s
 14976  7317    3.50000   64 1397    6.00000    3.44822  42.5%   424 3079s
 14977  7318    4.50000  140 1372    6.00000    3.44822  42.5%   424 3083s
 14978  7318    4.50000  159 1393    6.00000    3.44822  42.5%   424 3092s
 14979  7319    5.00000  182 1454    6.00000    3.44822  42.5%   424 3098s
 14980  7320    4.00000  124 1436    6.00000    3.44822  42.5%   424 3106s
 14981  7320    4.50000  161 1393    6.00000    3.44822  42.5%   424 3111s
 14982  7321    4.46051   84 1392    6.00000    3.44822  42.5%   424 3120s
 14984  7322    4.00000   98 1349    6.00000    3.44822  42.5%   424 3133s
 14985  7323    4.00000   88 1363    6.00000    3.44822  42.5%   424 3137s
 14986  7324    4.43122   76 1362    6.00000    3.44822  42.5%   424 3147s
 14987  7324    3.50000   72 1477    6.00000    3.44822  42.5%   424 3151s
 14988  7325    4.50000  176 1435    6.00000    3.44822  42.5%   424 3160s
 14989  7326    4.50000  194 1345    6.00000    3.44822  42.5%   424 3166s
 14990  7326    4.00000  137 1366    6.00000    3.44822  42.5%   424 3174s
 14991  7327    4.00000  132 1426    6.00000    3.44822  42.5%   424 3179s
 14992  7328    4.50000  183 1390    6.00000    3.44822  42.5%   424 3189s
 14993  7328    4.00000   89 1446    6.00000    3.44822  42.5%   424 3195s
 14994  7329    5.00000  197 1425    6.00000    3.44822  42.5%   424 3204s
 14995  7330    5.00000  182 1402    6.00000    3.44822  42.5%   424 3207s
 14996  7330    5.00000  191 1424    6.00000    3.44822  42.5%   424 3216s
 14997  7331    4.00000  117 1426    6.00000    3.44822  42.5%   424 3222s
 14998  7332    4.61905  106 1436    6.00000    3.44822  42.5%   424 3232s
 14999  7332    3.47335   78 1397    6.00000    3.44822  42.5%   424 3238s
 15000  7333    4.00000   91 1392    6.00000    3.44822  42.5%   424 3247s
 15001  7334    5.00000  204 1428    6.00000    3.44822  42.5%   424 3252s
 15002  7334    4.00000  120 1434    6.00000    3.44822  42.5%   424 3261s
 15003  7335    4.50000  164 1318    6.00000    3.44822  42.5%   424 3266s
 15004  7336    4.50000   54 1411    6.00000    3.44822  42.5%   424 3275s
 15005  7336    4.00000  104 1349    6.00000    3.44822  42.5%   424 3280s
 15006  7337    3.50000   46 1314    6.00000    3.44822  42.5%   424 3289s
 15007  7338    4.00000  106 1359    6.00000    3.44822  42.5%   423 3293s
 15008  7338    4.00000   98 1375    6.00000    3.44822  42.5%   423 3302s
 15009  7339    4.00000  121 1521    6.00000    3.44822  42.5%   423 3308s
 15010  7340    3.50000   52 1515    6.00000    3.44822  42.5%   423 3317s
 15011  7340    4.00000  103 1346    6.00000    3.44822  42.5%   423 3321s
 15012  7341    4.00000   99 1340    6.00000    3.44822  42.5%   423 3329s
 15013  7342    4.00000  144 1377    6.00000    3.44822  42.5%   423 3334s
 15014  7342    4.50000  166 1352    6.00000    3.44822  42.5%   423 3342s
 15015  7343    4.00000   73 1376    6.00000    3.44822  42.5%   423 3347s
 15016  7344    5.00000  201 1421    6.00000    3.44822  42.5%   423 3355s
 15018  7345    5.00000  208 1328    6.00000    3.44822  42.5%   423 3368s
 15019  7346    4.84632  140 1433    6.00000    3.44822  42.5%   423 3372s
 15020  7346    5.00000  215 1434    6.00000    3.44822  42.5%   423 3381s
 15021  7347    4.50000  146 1451    6.00000    3.44822  42.5%   423 3386s
 15022  7348    4.50000   66 1451    6.00000    3.44822  42.5%   423 3395s
 15024  7349    4.00000  133 1429    6.00000    3.44822  42.5%   423 3409s
 15025  7350    4.00000   88 1416    6.00000    3.44822  42.5%   423 3414s
 15026  7350    4.68371  121 1415    6.00000    3.44822  42.5%   423 3423s
 15027  7351    5.00000  217 1412    6.00000    3.44822  42.5%   423 3436s
 15028  7352    4.68582  110 1413    6.00000    3.44822  42.5%   423 3441s
 15029  7352    3.50000   48 1383    6.00000    3.44822  42.5%   423 3451s
 15030  7353    5.00000  191 1456    6.00000    3.44822  42.5%   423 3455s
 15031  7354    4.00000   90 1479    6.00000    3.44822  42.5%   423 3464s
 15032  7354    5.00000  185 1456    6.00000    3.44822  42.5%   423 3470s
 15033  7355    4.50000  139 1424    6.00000    3.44822  42.5%   423 3479s
 15034  7356    5.00000  199 1383    6.00000    3.44822  42.5%   423 3484s
 15035  7356    4.00000   84 1435    6.00000    3.44822  42.5%   423 3494s
 15036  7357    4.00000  112 1527    6.00000    3.44822  42.5%   423 3509s
 15037  7358    4.00000   93 1357    6.00000    3.44822  42.5%   423 3514s
 15038  7358    4.00000  116 1378    6.00000    3.44822  42.5%   423 3522s
 15039  7359    4.00000  107 1392    6.00000    3.44822  42.5%   423 3527s
 15040  7360    5.00000  191 1409    6.00000    3.44822  42.5%   423 3537s
 15041  7360    4.50000  171 1465    6.00000    3.44822  42.5%   423 3541s
 15042  7361    5.00000   91 1399    6.00000    3.44822  42.5%   422 3552s
 15043  7362    4.00000   74 1466    6.00000    3.44822  42.5%   422 3556s
 15044  7362    5.00000  122 1448    6.00000    3.44822  42.5%   422 3565s
 15046  7364    4.50000   45 1472    6.00000    3.44822  42.5%   422 3579s
 15047  7364    3.50000   77 1438    6.00000    3.44822  42.5%   422 3583s
 15048  7365    4.00000  109 1459    6.00000    3.44822  42.5%   422 3593s
 15049  7366    4.00000   86 1461    6.00000    3.44822  42.5%   422 3598s

Cutting planes:
  Gomory: 63
  MIR: 3
  Zero half: 136
  Mod-K: 74

Explored 15049 nodes (6735394 simplex iterations) in 3600.55 seconds
Thread count was 4 (of 4 available processors)

Solution count 6: 6 7 8 ... 242

Time limit reached
Best objective 6.000000000000e+00, best bound 4.000000000000e+00, gap 33.3333%
Warning: Q constraint 0 doesn't have a name
