
Gurobi 8.1.1 (win64) logging started 11/24/19 12:09:08

Changed value of parameter LogFile to logs/miss/feas/miss-07-30-2.log
   Prev: gurobi.log  Default: 
Changed value of parameter LogToConsole to 0
   Prev: 1  Min: 0  Max: 1  Default: 1
Changed value of parameter TimeLimit to 3600.0
   Prev: 1e+100  Min: 0.0  Max: 1e+100  Default: 1e+100
Optimize a model with 1664 rows, 781 columns and 6270 nonzeros
Variable types: 0 continuous, 781 integer (770 binary)
Coefficient statistics:
  Matrix range     [1e+00, 5e+02]
  Objective range  [1e+00, 1e+00]
  Bounds range     [1e+00, 1e+00]
  RHS range        [1e+00, 6e+02]
Presolve time: 0.01s
Presolved: 1664 rows, 781 columns, 6270 nonzeros
Variable types: 0 continuous, 781 integer (770 binary)

Root relaxation: objective 5.500000e+01, 180 iterations, 0.00 seconds

    Nodes    |    Current Node    |     Objective Bounds      |     Work
 Expl Unexpl |  Obj  Depth IntInf | Incumbent    BestBd   Gap | It/Node Time

     0     0   55.00000    0  121          -   55.00000      -     -    0s
     0     0   55.00000    0  160          -   55.00000      -     -    0s
     0     0   55.00000    0  122          -   55.00000      -     -    0s
     0     0   55.00000    0  108          -   55.00000      -     -    0s
     0     2   55.00000    0  108          -   55.00000      -     -    0s
  1430  1281  965.00000  444  122          -   73.04694      -   4.0    5s
  1567  1374   86.00000  158  129          -   77.25894      -  47.9   10s
  1718  1477  164.00000  278  108          -   83.51966      -  77.0   15s
  1856  1574   91.00000   21   89          -   87.09511      -  99.1   20s
  1970  1657   91.59710  163   82          -   91.59710      -   109   25s
 20951 15491  304.00000  451  108          -   97.00000      -  13.8   32s
 20965 15500  586.00000  521   80          -   97.00000      -  13.8   35s
 47143 29860  130.00000  250   43          -  111.71399      -   7.8   40s
H72847 38363                     629.0000000  112.00000  82.2%   6.0   43s
H72910 38223                     624.0000000  112.00000  82.1%   6.0   43s
H73088 30810                     473.0000000  112.00000  76.3%   6.0   43s
H73186 30367                     454.0000000  112.00000  75.3%   6.0   43s
H73230 29252                     425.0000000  112.00000  73.6%   6.0   43s
H73349 28739                     414.0000000  112.00000  72.9%   6.0   43s
H73355 27182                     396.0000000  112.00000  71.7%   6.0   43s
 73428 27167  136.00000  309  108  396.00000  112.00000  71.7%   6.1   47s
H73441 25817                     349.0000000  112.00000  67.9%   6.1   50s
 73472 25837  192.00000  365   34  349.00000  112.00000  67.9%   6.0   55s
 73496 25853  227.00000  262  170  349.00000  116.16687  66.7%   6.0   60s
 73537 25881  299.00000  355  182  349.00000  116.35185  66.7%   6.0   65s
 73562 25897  142.00000  316  188  349.00000  116.39368  66.6%   6.0   70s
 73586 25913  333.00000  429  189  349.00000  116.45366  66.6%   6.0   75s
 73612 25931  191.00000  458  242  349.00000  116.54485  66.6%   6.0   80s
 73627 25941  271.00000  425  225  349.00000  116.56466  66.6%   6.0   85s
 73643 25951  147.00000  339  235  349.00000  116.63424  66.6%   6.0   90s
 73688 25981  170.71585  466  235  349.00000  117.63410  66.3%   6.0   95s
 73720 26003  203.00000  453  244  349.00000  117.81510  66.2%   6.0  100s
 73747 26021  256.00000  379  252  349.00000  117.92798  66.2%   6.0  105s
 73773 26038  277.00000  446  210  349.00000  118.00908  66.2%   6.0  110s
 73800 26056  290.00000  519  215  349.00000  118.07572  66.2%   6.0  115s
 73816 26067  282.00000  280  230  349.00000  118.10413  66.2%   6.0  120s
 73831 26077  258.00000  422  205  349.00000  118.13782  66.1%   6.0  125s
 73866 26085  134.00000  191   32  349.00000  118.59428  66.0%   6.7  130s
 73913 26092  123.12633  195  111  349.00000  122.00000  65.0%   6.7  135s
H73923 24782                     320.0000000  122.00000  61.9%   6.7  135s
H74006 23548                     315.0000000  122.00000  61.3%   6.7  136s
H74039 22370                     313.0000000  122.00000  61.0%   6.7  137s
 74201 22408  122.00000  216   85  313.00000  122.00000  61.0%   6.8  140s
H74566 21432                     311.0000000  122.00000  60.8%   6.9  142s
 74867 21523  122.00000  284   74  311.00000  122.00000  60.8%   7.0  145s
H75887 20440                     195.0000000  123.90216  36.5%   7.3  148s
*76080 19381             217     193.0000000  132.00000  31.6%   7.4  149s
*76993 18672             224     189.0000000  133.00000  29.6%   7.4  149s
 77544 18621 infeasible  268       189.00000  134.00000  29.1%   7.5  150s
 81904 17879  149.00000  329   37  189.00000  146.00000  22.8%   8.2  155s
*82846 16768             287     183.0000000  149.00000  18.6%   8.3  155s
 83732 16942  150.02189  306  157  183.00000  149.00000  18.6%   8.3  160s
 83802 16988  161.00000  323  148  183.00000  149.00000  18.6%   8.3  165s
 83890 17047  159.00000  242  162  183.00000  149.00000  18.6%   8.3  170s
 83952 17088  150.00000  249   49  183.00000  149.00000  18.6%   8.3  175s
 84043 17149  179.00000  301   73  183.00000  149.24671  18.4%   8.3  180s
 84089 17180  166.00000  227   66  183.00000  149.81469  18.1%   8.3  185s
 84144 17216  178.00000  251   87  183.00000  150.14101  18.0%   8.2  190s
H84171 16364                     177.0000000  150.37910  15.0%   8.2  193s
 84206 16389  164.76895  244   67  177.00000  151.13930  14.6%   8.7  195s
 84309 16458  173.00000  283   64  177.00000  152.12645  14.1%   8.7  200s
 84423 16534  160.00000  245   74  177.00000  153.06583  13.5%   8.7  205s
 84504 16588  160.00000  215   74  177.00000  153.62773  13.2%   8.7  210s
 84567 16630  153.96877  229   61  177.00000  153.96877  13.0%   8.7  215s
 84608 16657  159.00000  235   72  177.00000  154.11781  12.9%   8.7  220s
 84644 16681  177.00000  251   79  177.00000  154.14739  12.9%   8.7  225s
 84762 16665  166.55564  238   62  177.00000  158.73565  10.3%   9.2  230s

Cutting planes:
  Gomory: 4
  Implied bound: 36
  Clique: 2
  MIR: 42
  Flow cover: 141
  Zero half: 3

Explored 84790 nodes (788421 simplex iterations) in 230.28 seconds
Thread count was 4 (of 4 available processors)

Solution count 10: 177 183 189 ... 349

Optimal solution found (tolerance 1.00e-04)
Best objective 1.770000000000e+02, best bound 1.770000000000e+02, gap 0.0000%

Gurobi 8.1.1 (win64) logging started 11/24/19 12:12:58

Changed value of parameter LogFile to logs/miss/feas/miss-07-30-2.log
   Prev: gurobi.log  Default: 
Changed value of parameter LogToConsole to 0
   Prev: 1  Min: 0  Max: 1  Default: 1
Changed value of parameter TimeLimit to 3600.0
   Prev: 1e+100  Min: 0.0  Max: 1e+100  Default: 1e+100
Optimize a model with 1094 rows, 513 columns and 4104 nonzeros
Variable types: 0 continuous, 513 integer (504 binary)
Coefficient statistics:
  Matrix range     [1e+00, 5e+02]
  Objective range  [1e+00, 1e+00]
  Bounds range     [1e+00, 1e+00]
  RHS range        [1e+00, 6e+02]
Presolve time: 0.01s
Presolved: 1094 rows, 513 columns, 4104 nonzeros
Variable types: 0 continuous, 513 integer (504 binary)

Root relaxation: objective 3.600000e+01, 184 iterations, 0.00 seconds

    Nodes    |    Current Node    |     Objective Bounds      |     Work
 Expl Unexpl |  Obj  Depth IntInf | Incumbent    BestBd   Gap | It/Node Time

     0     0   36.00000    0  151          -   36.00000      -     -    0s
     0     0   38.62309    0  148          -   38.62309      -     -    0s
     0     0   44.44285    0  135          -   44.44285      -     -    0s
     0     0   44.50445    0   88          -   44.50445      -     -    0s
     0     0   44.50445    0   91          -   44.50445      -     -    0s
     0     0   44.50445    0   81          -   44.50445      -     -    0s
     0     0   44.50445    0   87          -   44.50445      -     -    0s
     0     0   45.41991    0   91          -   45.41991      -     -    0s
     0     0   45.41991    0   95          -   45.41991      -     -    0s
     0     0   47.03078    0   93          -   47.03078      -     -    0s
     0     0   47.03078    0   92          -   47.03078      -     -    0s
     0     0   47.25963    0   97          -   47.25963      -     -    0s
     0     0   47.27750    0  101          -   47.27750      -     -    0s
     0     0   47.27750    0   99          -   47.27750      -     -    0s
     0     0   47.32730    0  123          -   47.32730      -     -    0s
     0     0   47.32730    0  126          -   47.32730      -     -    0s
     0     0   47.34781    0   91          -   47.34781      -     -    0s
     0     0   47.34781    0   98          -   47.34781      -     -    0s
     0     0   47.34781    0   98          -   47.34781      -     -    0s
     0     0   47.34781    0   87          -   47.34781      -     -    0s
     0     2   47.34781    0   79          -   47.34781      -     -    0s
H20079  8733                     293.0000000  100.00000  65.9%   4.5    3s
 20585  8873  142.00000  109   87  293.00000  100.00000  65.9%   4.5    8s
 20605  8886  114.00000  136   75  293.00000  100.00000  65.9%   4.5   10s
 20636  8907  141.00000  187  122  293.00000  100.69764  65.6%   4.5   15s
 20658  8922  220.00000  218  130  293.00000  104.07467  64.5%   4.5   20s
 20677  8934  292.00000   55  140  293.00000  105.01492  64.2%   4.5   25s
 20701  8950  150.00000  202  146  293.00000  111.25332  62.0%   4.5   30s
 20738  8975  290.00000  243  148  293.00000  122.94823  58.0%   4.5   35s
 20766  8994  157.00000   93  139  293.00000  126.10446  57.0%   4.5   40s
 20784  9006  277.00000  119  131  293.00000  127.29578  56.6%   4.4   45s
 20804  9019  194.00000  209  133  293.00000  128.66525  56.1%   4.4   50s
 20821  9030  143.00000  170  153  293.00000  129.14529  55.9%   4.4   55s
 20838  9042  290.00000  243  152  293.00000  129.73823  55.7%   4.4   60s
 20852  9051  285.00000  309  165  293.00000  129.93922  55.7%   4.4   65s
 20862  9058  180.00000  148  164  293.00000  130.05507  55.6%   4.4   70s
 20927  9073  194.00000   31   29  293.00000  131.38967  55.2%   6.7   75s
 21124  9114  150.00000   48   35  293.00000  131.48598  55.1%   7.1   80s
H21309  8725                     289.0000000  131.48598  54.5%   7.9   83s
H21371  8321                     287.0000000  131.48598  54.2%   8.1   84s
 21406  8320  138.00000   78   77  287.00000  131.48598  54.2%   8.2   85s
 21924  8458  150.00000  153   54  287.00000  131.48598  54.2%   9.8   90s
H22053  7737                     192.0000000  131.48598  31.5%  10.1   90s
*23660  7135             153     186.0000000  139.00000  25.3%  14.4   94s
 23722  7094  147.30677   86   66  186.00000  140.02755  24.7%  14.5   95s
 26216  6342  150.00000   54   29  186.00000  150.00000  19.4%  17.7  100s
 26804  6118  168.00000   74   20  186.00000  150.00000  19.4%  18.2  105s
*27654  5395              76     185.0000000  153.00000  17.3%  18.8  106s
*28080  4748              65     183.0000000  153.00000  16.4%  19.0  106s

Cutting planes:
  Gomory: 6
  Implied bound: 41
  MIR: 167
  Flow cover: 399

Explored 29102 nodes (568437 simplex iterations) in 107.79 seconds
Thread count was 4 (of 4 available processors)

Solution count 7: 183 185 186 ... 293

Optimal solution found (tolerance 1.00e-04)
Best objective 1.830000000000e+02, best bound 1.830000000000e+02, gap 0.0000%

Gurobi 8.1.1 (win64) logging started 11/24/19 12:14:46

Changed value of parameter LogFile to logs/miss/feas/miss-07-30-2.log
   Prev: gurobi.log  Default: 
Changed value of parameter LogToConsole to 0
   Prev: 1  Min: 0  Max: 1  Default: 1
Changed value of parameter TimeLimit to 3600.0
   Prev: 1e+100  Min: 0.0  Max: 1e+100  Default: 1e+100
Optimize a model with 854 rows, 400 columns and 3192 nonzeros
Variable types: 0 continuous, 400 integer (392 binary)
Coefficient statistics:
  Matrix range     [1e+00, 5e+02]
  Objective range  [1e+00, 1e+00]
  Bounds range     [1e+00, 1e+00]
  RHS range        [1e+00, 6e+02]
Presolve time: 0.01s
Presolved: 854 rows, 400 columns, 3192 nonzeros
Variable types: 0 continuous, 400 integer (392 binary)

Root relaxation: objective 2.800000e+01, 193 iterations, 0.00 seconds

    Nodes    |    Current Node    |     Objective Bounds      |     Work
 Expl Unexpl |  Obj  Depth IntInf | Incumbent    BestBd   Gap | It/Node Time

     0     0   28.00000    0  182          -   28.00000      -     -    0s
     0     0   35.81194    0  109          -   35.81194      -     -    0s
     0     0   41.80315    0  122          -   41.80315      -     -    0s
     0     0   41.80315    0  115          -   41.80315      -     -    0s
     0     0   42.10152    0  118          -   42.10152      -     -    0s
     0     0   42.10152    0  117          -   42.10152      -     -    0s
     0     0   42.32333    0  110          -   42.32333      -     -    0s
     0     0   42.32333    0  114          -   42.32333      -     -    0s
     0     0   42.55369    0  106          -   42.55369      -     -    0s
     0     0   42.55663    0  106          -   42.55663      -     -    0s
     0     0   42.56333    0  114          -   42.56333      -     -    0s
     0     0   42.56333    0  103          -   42.56333      -     -    0s
     0     2   42.56333    0   97          -   42.56333      -     -    0s
 20602 14997  188.00000   51   27          -   95.00000      -   5.7    5s
 72549 51378 infeasible  153               -  129.00000      -   5.3   10s
 125637 85181  366.00000  106   18          -  138.00000      -   4.8   15s
H158787 49809                     260.0000000  144.00000  44.6%   4.7   17s
H159582 47545                     253.0000000  144.00000  43.1%   4.7   18s
 165034 48309 infeasible   79       253.00000  146.00000  42.3%   4.7   20s
*174976 43740              81     236.0000000  150.00000  36.4%   4.9   22s
 179130 43143  173.00000   94   29  236.00000  152.00000  35.6%   5.0   25s
 194455 41762  199.00000   45   22  236.00000  159.00000  32.6%   5.4   30s
*198203 35540              52     222.0000000  162.00000  27.0%   5.5   31s
 203925 32900 infeasible   83       222.00000  166.00000  25.2%   5.8   35s
 212801 29360     cutoff   69       222.00000  173.00000  22.1%   6.1   40s
 223322 24528     cutoff   86       222.00000  181.00000  18.5%   6.5   45s
H225913 22953                     221.0000000  183.00000  17.2%   6.5   46s
*227226 10141              91     200.0000000  184.00000  8.00%   6.6   47s
*233422  1119              75     195.0000000  193.00000  1.03%   6.6   48s

Cutting planes:
  Gomory: 92
  MIR: 23
  StrongCG: 11
  Flow cover: 182
  Inf proof: 7
  Zero half: 25

Explored 234551 nodes (1555887 simplex iterations) in 48.66 seconds
Thread count was 4 (of 4 available processors)

Solution count 7: 195 200 221 ... 260

Optimal solution found (tolerance 1.00e-04)
Best objective 1.950000000000e+02, best bound 1.950000000000e+02, gap 0.0000%

Gurobi 8.1.1 (win64) logging started 11/24/19 12:15:35

Changed value of parameter LogFile to logs/miss/feas/miss-07-30-2.log
   Prev: gurobi.log  Default: 
Changed value of parameter LogToConsole to 0
   Prev: 1  Min: 0  Max: 1  Default: 1
Changed value of parameter TimeLimit to 3600.0
   Prev: 1e+100  Min: 0.0  Max: 1e+100  Default: 1e+100
Optimize a model with 644 rows, 301 columns and 2394 nonzeros
Variable types: 0 continuous, 301 integer (294 binary)
Coefficient statistics:
  Matrix range     [1e+00, 5e+02]
  Objective range  [1e+00, 1e+00]
  Bounds range     [1e+00, 1e+00]
  RHS range        [1e+00, 6e+02]
Presolve time: 0.01s
Presolved: 644 rows, 301 columns, 2394 nonzeros
Variable types: 0 continuous, 301 integer (294 binary)

Root relaxation: objective 2.350000e+01, 235 iterations, 0.00 seconds

    Nodes    |    Current Node    |     Objective Bounds      |     Work
 Expl Unexpl |  Obj  Depth IntInf | Incumbent    BestBd   Gap | It/Node Time

     0     0   23.50000    0  164          -   23.50000      -     -    0s
     0     0   33.57150    0  108          -   33.57150      -     -    0s
     0     0   33.71618    0  108          -   33.71618      -     -    0s
     0     0   39.64494    0  100          -   39.64494      -     -    0s
     0     0   39.76731    0   95          -   39.76731      -     -    0s
     0     0   39.76731    0   96          -   39.76731      -     -    0s
     0     0   39.94754    0  100          -   39.94754      -     -    0s
     0     0   39.94754    0   99          -   39.94754      -     -    0s
     0     0   39.96152    0  108          -   39.96152      -     -    0s
     0     0   39.96152    0  103          -   39.96152      -     -    0s
     0     2   39.96152    0   94          -   39.96152      -     -    0s
 21071 13364  255.00000   83   36          -  129.00000      -   7.2    5s
 56828 29078  200.00000  111   26          -  146.00000      -   8.1   10s
 91893 46718  151.00000  109   23          -  151.00000      -   8.3   15s
 126359 65849  180.80351   94   28          -  153.24492      -   8.5   20s
 162072 83552  227.00000   79   26          -  156.00000      -   8.5   25s
 196025 100667  159.00000  136   20          -  159.00000      -   8.5   30s
 231929 118268  168.00000  151   36          -  161.59230      -   8.5   35s
 269075 134977  171.00000   97   23          -  164.00000      -   8.5   40s
 305541 150874  273.00000  115   18          -  167.00000      -   8.5   45s
 343082 167833  169.00000   78   24          -  169.00000      -   8.5   50s
 378847 183394  398.00000  135   24          -  171.35576      -   8.5   55s
 415653 199169  186.00000  122   29          -  174.00000      -   8.4   60s
 453766 215266 infeasible  117               -  176.00000      -   8.4   65s
 491238 230809  181.00000   57   31          -  178.00000      -   8.4   70s
H518841 208569                     375.0000000  179.40000  52.2%   8.4   73s
H518947 201290                     354.0000000  179.48983  49.3%   8.4   73s
 520023 201670 infeasible   83       354.00000  180.00000  49.2%   8.4   75s
 532838 205223  233.00000   92   22  354.00000  181.00000  48.9%   8.4   80s
 562071 215214 infeasible  123       354.00000  183.00000  48.3%   8.3   85s
 591931 227081 infeasible   94       354.00000  185.00000  47.7%   8.2   90s
 624666 240451  203.00000  106   12  354.00000  187.00000  47.2%   8.2   95s
 658114 253373  203.00000   97   24  354.00000  188.57204  46.7%   8.1  100s
 687720 264869 infeasible   84       354.00000  190.00000  46.3%   8.0  105s
 719021 278102  313.00000  108   23  354.00000  191.00000  46.0%   8.0  110s
 746302 288184  194.00000   91   28  354.00000  193.00000  45.5%   8.0  115s
 774251 298585     cutoff   89       354.00000  194.00000  45.2%   8.0  120s
 803270 309202  233.61926  116   30  354.00000  195.00000  44.9%   7.9  125s
 830070 319876 infeasible  113       354.00000  196.00000  44.6%   7.9  130s
 857150 329709  197.00000   86   22  354.00000  197.00000  44.4%   7.9  135s
 884894 340618  198.00000   65   23  354.00000  198.00000  44.1%   7.9  140s
 909225 349538 infeasible  122       354.00000  199.00000  43.8%   7.8  145s
 931129 355845  200.00000  111   24  354.00000  200.00000  43.5%   7.8  150s
 954067 363360  292.00000   68   22  354.00000  201.00000  43.2%   7.8  155s
 976999 371265 infeasible  115       354.00000  202.00000  42.9%   7.8  160s
 998624 377803  276.00000  126   19  354.00000  203.00000  42.7%   7.8  165s
 1015103 382848  210.00000  134   23  354.00000  204.00000  42.4%   7.8  170s
 1036630 390439  275.00000   93   23  354.00000  204.31176  42.3%   7.8  175s
 1060237 398045  245.00000   82   26  354.00000  205.00000  42.1%   7.8  180s
 1079963 402862  206.00000   99   20  354.00000  206.00000  41.8%   7.8  185s
 1100565 408765 infeasible  152       354.00000  207.00000  41.5%   7.8  190s
 1123496 416859 infeasible  106       354.00000  208.00000  41.2%   7.8  195s
 1144395 423399  208.00000   95   19  354.00000  208.00000  41.2%   7.8  200s
 1165755 429486 infeasible  130       354.00000  209.00000  41.0%   7.8  205s
 1183168 435040 infeasible  102       354.00000  210.00000  40.7%   7.8  210s
 1203043 440259  263.49777  100   30  354.00000  210.00000  40.7%   7.8  215s
 1220333 443672 infeasible   92       354.00000  211.00000  40.4%   7.8  220s
 1241187 450429 infeasible  118       354.00000  212.00000  40.1%   7.8  225s
 1262092 456110 infeasible  134       354.00000  212.00000  40.1%   7.8  230s
 1282043 461042 infeasible  154       354.00000  213.00000  39.8%   7.8  235s
 1302422 467985 infeasible  143       354.00000  213.22249  39.8%   7.7  240s
 1321858 472185  286.00000   97   21  354.00000  214.00000  39.5%   7.7  245s
 1339626 477007  215.00000   90   19  354.00000  215.00000  39.3%   7.7  250s
 1362102 483889  215.00000   90   22  354.00000  215.00000  39.3%   7.7  255s
 1379155 487116 infeasible   77       354.00000  216.00000  39.0%   7.7  260s
 1400902 494813 infeasible  121       354.00000  216.12228  38.9%   7.7  265s
 1418681 498334 infeasible  145       354.00000  217.00000  38.7%   7.7  270s
 1436213 503062     cutoff   91       354.00000  218.00000  38.4%   7.7  275s
 1458176 508810 infeasible  120       354.00000  218.00000  38.4%   7.7  280s
 1474694 512309 infeasible  109       354.00000  219.00000  38.1%   7.7  285s
 1495055 517782  244.00000   92   21  354.00000  219.00000  38.1%   7.7  290s
 1513933 521724 infeasible   85       354.00000  220.00000  37.9%   7.7  295s
 1533720 527253  220.00000  102   22  354.00000  220.00000  37.9%   7.7  300s
 1550523 530036 infeasible   85       354.00000  221.00000  37.6%   7.7  305s
 1571748 536462 infeasible  139       354.00000  221.08946  37.5%   7.7  310s
 1583830 536179     cutoff  106       354.00000  222.00000  37.3%   7.7  315s
 1603147 541690  257.00000  103   28  354.00000  222.25675  37.2%   7.7  320s
 1618607 541930 infeasible   99       354.00000  223.00000  37.0%   7.7  325s
 1636310 545723 infeasible  128       354.00000  224.00000  36.7%   7.7  330s
 1651693 547252  224.00000   78   21  354.00000  224.00000  36.7%   7.7  335s
 1666538 550368 infeasible   71       354.00000  225.00000  36.4%   7.7  340s
 1684517 552633     cutoff   70       354.00000  225.00000  36.4%   7.7  345s
 1702897 556581 infeasible   96       354.00000  226.00000  36.2%   7.7  350s
 1722769 560463  226.00000   97   19  354.00000  226.00000  36.2%   7.7  355s
 1737502 561305 infeasible  122       354.00000  227.00000  35.9%   7.7  360s
 1756955 565811  255.76522   83   36  354.00000  227.00000  35.9%   7.7  365s
 1772664 567534 infeasible   91       354.00000  228.00000  35.6%   7.7  370s
 1792708 571854 infeasible   89       354.00000  228.00000  35.6%   7.7  375s
 1807769 573559  229.00000  103   16  354.00000  229.00000  35.3%   7.7  380s
 1822769 575305  229.00000  103   20  354.00000  229.00000  35.3%   7.7  385s
 1840825 579284     cutoff  154       354.00000  230.00000  35.0%   7.7  390s
 1855742 579245  230.00000   80   19  354.00000  230.00000  35.0%   7.7  395s
 1872325 583257 infeasible   80       354.00000  230.88375  34.8%   7.7  400s
 1887803 582486     cutoff  109       354.00000  231.00000  34.7%   7.7  405s
 1907480 587893 infeasible  110       354.00000  231.56579  34.6%   7.7  410s
 1922442 588365  264.00000   96   20  354.00000  232.00000  34.5%   7.7  415s
 1943372 594139 infeasible   82       354.00000  232.00000  34.5%   7.7  420s
 1955759 593337  267.00000  113   16  354.00000  233.00000  34.2%   7.7  425s
 1976089 598131     cutoff   86       354.00000  233.00000  34.2%   7.7  430s
 1988589 597518  234.00000   98   18  354.00000  234.00000  33.9%   7.7  435s
 2003460 598278  234.00000  114   33  354.00000  234.00000  33.9%   7.7  440s
 2016540 597715 infeasible  107       354.00000  235.00000  33.6%   7.7  445s
 2031384 598004 infeasible   83       354.00000  235.00000  33.6%   7.7  450s
 2046173 601733 infeasible  112       354.00000  235.98332  33.3%   7.7  455s
 2059038 599234  250.00000   80   20  354.00000  236.00000  33.3%   7.7  460s
 2078456 604137 infeasible  136       354.00000  236.26659  33.3%   7.7  465s
 2090240 601087 infeasible  103       354.00000  237.00000  33.1%   7.7  470s
 2108451 604761     cutoff   69       354.00000  237.00000  33.1%   7.7  475s
 2123814 604444 infeasible  125       354.00000  238.00000  32.8%   7.7  480s
 2139301 606366 infeasible  112       354.00000  238.00000  32.8%   7.7  485s
 2154485 605850 infeasible   98       354.00000  239.00000  32.5%   7.7  490s
 2167879 606171     cutoff   88       354.00000  239.00000  32.5%   7.7  495s
 2184632 609246 infeasible  124       354.00000  240.00000  32.2%   7.7  500s
 2197259 606567 infeasible   77       354.00000  240.00000  32.2%   7.7  505s
 2212496 609485 infeasible   78       354.00000  240.07279  32.2%   7.7  510s
 2225515 605786 infeasible   84       354.00000  241.00000  31.9%   7.7  515s
 2242779 608964 infeasible  134       354.00000  241.00000  31.9%   7.7  520s
 2256628 606098 infeasible   87       354.00000  242.00000  31.6%   7.7  525s
 2274505 608914 infeasible  131       354.00000  242.00000  31.6%   7.7  530s
 2285902 605805 infeasible   68       354.00000  243.00000  31.4%   7.8  535s
 2302193 606601 infeasible  107       354.00000  243.00000  31.4%   7.8  540s
 2314203 605135 infeasible  105       354.00000  244.00000  31.1%   7.8  545s
 2325703 602905 infeasible  128       354.00000  244.00000  31.1%   7.8  550s
 2339056 601352 infeasible  114       354.00000  245.00000  30.8%   7.8  555s
 2353541 600259 infeasible   92       354.00000  245.00000  30.8%   7.8  560s
 2369110 601863 infeasible   92       354.00000  246.00000  30.5%   7.8  565s
 2381602 598850 infeasible   98       354.00000  246.00000  30.5%   7.8  570s
 2395579 598806 infeasible  143       354.00000  247.00000  30.2%   7.8  575s
 2407442 595024 infeasible  112       354.00000  247.00000  30.2%   7.8  580s
 2424220 597359     cutoff  128       354.00000  248.00000  29.9%   7.8  585s
 2436488 593028 infeasible  150       354.00000  248.00000  29.9%   7.8  590s
 2454013 596418 infeasible  123       354.00000  248.10961  29.9%   7.8  595s
 2466587 591420 infeasible  122       354.00000  249.00000  29.7%   7.8  600s
 2481232 591936  250.75557   91   33  354.00000  249.30818  29.6%   7.8  605s
 2493335 587019 infeasible   89       354.00000  250.00000  29.4%   7.8  610s
 2505999 586961 infeasible  115       354.00000  250.00000  29.4%   7.8  615s
 2518088 582109     cutoff   96       354.00000  251.00000  29.1%   7.8  620s
 2532123 582003  253.00000   36   20  354.00000  251.00000  29.1%   7.8  625s
 2545065 577855 infeasible  102       354.00000  252.00000  28.8%   7.8  630s
 2557499 577199  254.00000   88   22  354.00000  252.00000  28.8%   7.8  635s
 2570746 573912 infeasible  121       354.00000  253.00000  28.5%   7.8  640s
 2582035 572130  253.00000   92   21  354.00000  253.00000  28.5%   7.8  645s
 2594688 569374 infeasible  119       354.00000  254.00000  28.2%   7.9  650s
 2605861 565972     cutoff   79       354.00000  254.00000  28.2%   7.9  655s
 2619351 562583 infeasible  112       354.00000  255.00000  28.0%   7.9  660s
 2631051 559204  279.04771   71   28  354.00000  255.00000  28.0%   7.9  665s
 2642499 555289  256.00000   97   20  354.00000  256.00000  27.7%   7.9  670s
H2645658 440966                     311.0000000  256.00000  17.7%   7.9  671s
 2654549 433852 infeasible  147       311.00000  257.00000  17.4%   7.9  675s
 2672220 419211 infeasible  129       311.00000  258.00000  17.0%   7.9  680s
 2688560 405668 infeasible   88       311.00000  259.00000  16.7%   7.9  685s
 2703841 393009 infeasible   98       311.00000  260.63411  16.2%   7.9  690s
 2723275 376357 infeasible   79       311.00000  262.00000  15.8%   7.9  695s
 2742547 359853 infeasible  127       311.00000  264.00000  15.1%   7.9  700s
 2760811 343965 infeasible  102       311.00000  265.00000  14.8%   7.9  705s
 2778047 329152 infeasible   75       311.00000  267.00000  14.1%   7.9  710s
 2798803 310888 infeasible  101       311.00000  268.00000  13.8%   7.9  715s
 2820083 292048 infeasible  154       311.00000  270.00000  13.2%   7.9  720s
 2841439 272868  272.00000   69   21  311.00000  272.00000  12.5%   7.9  725s
 2863481 253039 infeasible  105       311.00000  274.00000  11.9%   7.9  730s
 2886076 232445     cutoff  144       311.00000  276.44800  11.1%   7.9  735s
 2912079 208312 infeasible  128       311.00000  279.00000  10.3%   7.8  740s
 2938311 183813     cutoff   68       311.00000  282.00000  9.32%   7.8  745s
 2966028 157475 infeasible  116       311.00000  285.00000  8.36%   7.8  750s
 2996900 127749 infeasible   88       311.00000  289.00000  7.07%   7.8  755s
 3029962 95490 infeasible   82       311.00000  294.00000  5.47%   7.7  760s
 3062312 63548     cutoff  138       311.00000  298.32096  4.08%   7.7  765s
 3097820 28243 infeasible   97       311.00000  305.00000  1.93%   7.7  770s

Cutting planes:
  Gomory: 6
  MIR: 23
  Flow cover: 86
  Zero half: 1

Explored 3126182 nodes (23818258 simplex iterations) in 774.07 seconds
Thread count was 4 (of 4 available processors)

Solution count 3: 311 354 375 

Optimal solution found (tolerance 1.00e-04)
Best objective 3.110000000000e+02, best bound 3.110000000000e+02, gap 0.0000%
