
Gurobi 8.1.1 (win64) logging started 11/26/19 23:07:58

Changed value of parameter LogFile to logs/miss/rlt/miss-05-30-2.log
   Prev: gurobi.log  Default: 
Changed value of parameter LogToConsole to 0
   Prev: 1  Min: 0  Max: 1  Default: 1
Changed value of parameter TimeLimit to 3600.0
   Prev: 1e+100  Min: 0.0  Max: 1e+100  Default: 1e+100
Optimize a model with 31760 rows, 10731 columns and 74680 nonzeros
Variable types: 0 continuous, 10731 integer (146 binary)
Coefficient statistics:
  Matrix range     [1e+00, 1e+00]
  Objective range  [1e+00, 1e+00]
  Bounds range     [1e+00, 1e+00]
  RHS range        [1e+00, 1e+00]
Found heuristic solution: objective 6.0000000
Presolve time: 0.24s
Presolved: 31760 rows, 10731 columns, 74680 nonzeros
Variable types: 0 continuous, 10731 integer (10731 binary)

Root relaxation: objective 1.609680e+00, 1099 iterations, 0.55 seconds

    Nodes    |    Current Node    |     Objective Bounds      |     Work
 Expl Unexpl |  Obj  Depth IntInf | Incumbent    BestBd   Gap | It/Node Time

     0     0    1.60968    0  496    6.00000    1.60968  73.2%     -    1s
H    0     0                       5.0000000    1.60968  67.8%     -    1s
     0     0    1.66780    0  459    5.00000    1.66780  66.6%     -    2s
     0     0    1.68949    0  650    5.00000    1.68949  66.2%     -    4s
     0     0    1.79488    0  580    5.00000    1.79488  64.1%     -    5s
     0     0    1.79776    0  592    5.00000    1.79776  64.0%     -    6s
     0     0    1.83735    0  538    5.00000    1.83735  63.3%     -    7s
     0     0    1.83914    0  539    5.00000    1.83914  63.2%     -    9s
     0     0    1.86664    0  497    5.00000    1.86664  62.7%     -   10s
     0     0    1.86900    0  491    5.00000    1.86900  62.6%     -   10s
     0     0    1.89300    0  504    5.00000    1.89300  62.1%     -   11s
     0     0    1.89477    0  516    5.00000    1.89477  62.1%     -   12s
     0     0    1.91916    0  512    5.00000    1.91916  61.6%     -   13s
     0     0    1.92060    0  512    5.00000    1.92060  61.6%     -   14s
     0     0    1.94596    0  516    5.00000    1.94596  61.1%     -   15s
     0     0    1.94744    0  519    5.00000    1.94744  61.1%     -   15s
     0     0    1.97143    0  524    5.00000    1.97143  60.6%     -   16s
     0     0    1.97212    0  529    5.00000    1.97212  60.6%     -   18s
     0     0    1.98309    0  532    5.00000    1.98309  60.3%     -   18s
     0     0    1.98365    0  518    5.00000    1.98365  60.3%     -   19s
     0     0    1.99227    0  547    5.00000    1.99227  60.2%     -   20s
     0     0    1.99286    0  560    5.00000    1.99286  60.1%     -   21s
     0     0    2.00080    0  538    5.00000    2.00080  60.0%     -   22s
     0     0    2.00195    0  538    5.00000    2.00195  60.0%     -   23s
     0     0    2.00265    0  558    5.00000    2.00265  59.9%     -   23s
     0     0    2.00278    0  558    5.00000    2.00278  59.9%     -   23s
     0     0    2.00283    0  561    5.00000    2.00283  59.9%     -   23s
     0     0    2.00993    0  534    5.00000    2.00993  59.8%     -   24s
     0     0    2.01072    0  555    5.00000    2.01072  59.8%     -   27s
     0     0    2.01104    0  553    5.00000    2.01104  59.8%     -   27s
     0     0    2.01505    0  553    5.00000    2.01505  59.7%     -   28s
     0     0    2.01526    0  552    5.00000    2.01526  59.7%     -   29s
     0     0    2.01539    0  546    5.00000    2.01539  59.7%     -   29s
     0     0    2.02022    0  536    5.00000    2.02022  59.6%     -   30s
     0     0    2.02057    0  554    5.00000    2.02057  59.6%     -   33s
     0     0    2.02067    0  561    5.00000    2.02067  59.6%     -   33s
     0     0    2.02595    0  583    5.00000    2.02595  59.5%     -   35s
     0     0    2.02678    0  578    5.00000    2.02678  59.5%     -   36s
     0     0    2.02692    0  571    5.00000    2.02692  59.5%     -   36s
     0     0    2.02977    0  575    5.00000    2.02977  59.4%     -   37s
     0     0    2.03036    0  581    5.00000    2.03036  59.4%     -   40s
     0     0    2.03040    0  576    5.00000    2.03040  59.4%     -   40s
     0     0    2.03484    0  570    5.00000    2.03484  59.3%     -   42s
     0     0    2.03503    0  562    5.00000    2.03503  59.3%     -   43s
     0     0    2.03509    0  569    5.00000    2.03509  59.3%     -   43s
     0     0    2.03823    0  560    5.00000    2.03823  59.2%     -   45s
     0     0    2.03871    0  566    5.00000    2.03871  59.2%     -   46s
     0     0    2.03873    0  568    5.00000    2.03873  59.2%     -   46s
     0     0    2.04188    0  583    5.00000    2.04188  59.2%     -   48s
     0     0    2.04216    0  591    5.00000    2.04216  59.2%     -   51s
     0     0    2.04224    0  583    5.00000    2.04224  59.2%     -   52s
     0     0    2.04439    0  575    5.00000    2.04439  59.1%     -   53s
     0     0    2.04457    0  576    5.00000    2.04457  59.1%     -   55s
     0     0    2.04656    0  583    5.00000    2.04656  59.1%     -   56s
     0     0    2.04673    0  580    5.00000    2.04673  59.1%     -   57s
     0     0    2.04681    0  583    5.00000    2.04681  59.1%     -   57s
     0     0    2.04905    0  579    5.00000    2.04905  59.0%     -   59s
     0     0    2.04922    0  583    5.00000    2.04922  59.0%     -   60s
     0     0    2.05097    0  575    5.00000    2.05097  59.0%     -   62s
     0     0    2.05097    0  575    5.00000    2.05097  59.0%     -   62s
     0     2    2.05097    0  575    5.00000    2.05097  59.0%     -  148s
     1     4    2.05119    1  553    5.00000    2.05097  59.0%   505  152s
     7     8    2.05354    4  520    5.00000    2.05134  59.0%  1139  155s
    27    28    2.08785   12  407    5.00000    2.05134  59.0%   639  169s
    32    33    2.09782   14  382    5.00000    2.05134  59.0%   587  170s
    57    58    2.70000   24  218    5.00000    2.05134  59.0%   458  182s
    86    83     cutoff   37         5.00000    2.05250  58.9%   346  199s
    91    82    2.84386    3  714    5.00000    2.05250  58.9%   386  202s
   106    94    2.86670    8  654    5.00000    2.05250  58.9%   395  205s
   116   103    2.89560   13  615    5.00000    2.05250  58.9%   384  218s
   134   121    2.94219   21  570    5.00000    2.05250  58.9%   365  220s
   142   129    2.96296   25  492    5.00000    2.05250  58.9%   356  236s
   163   150    3.02942   33  486    5.00000    2.05250  58.9%   336  251s
   184   167    3.12065   39  414    5.00000    2.05250  58.9%   310  255s
   229   206    2.78688    4  680    5.00000    2.05543  58.9%   300  261s
   240   213    2.83344   10  614    5.00000    2.05543  58.9%   303  276s
   292   259    3.62222   44  313    5.00000    2.05708  58.9%   283  282s
   335   292    2.93059   10  594    5.00000    2.05708  58.9%   281  286s
   345   301    2.96613   18  534    5.00000    2.05708  58.9%   282  306s
   390   337    3.69620   46  279    5.00000    2.06975  58.6%   273  312s
   440   374    2.91368   12  557    5.00000    2.06975  58.6%   269  316s
   482   405    3.28324   38  346    5.00000    2.07506  58.5%   265  321s
   538   449    2.96288   18  494    5.00000    2.07853  58.4%   263  327s
   589   491    3.94737   41  300    5.00000    2.09179  58.2%   256  330s
   643   499     cutoff   23         5.00000    2.10836  57.8%   257  335s
   769   583    2.92325   14  575    5.00000    2.17154  56.6%   240  347s
   772   585    3.55483   54  555    5.00000    2.17154  56.6%   239  431s
   774   586    2.94060   13  541    5.00000    2.17154  56.6%   239  435s
   779   590    2.96897   19  590    5.00000    2.17154  56.6%   237  443s
   781   591    2.98313   21  592    5.00000    2.17154  56.6%   236  449s
   782   592    2.93484   15  603    5.00000    2.17154  56.6%   236  450s
   783   592    3.38732   40  576    5.00000    2.17154  56.6%   236  465s
   785   594    4.00000   48  576    5.00000    2.17154  56.6%   235  477s
   786   597    2.17154   16  578    5.00000    2.17154  56.6%   257  513s
   788   599    2.17154   17  555    5.00000    2.17154  56.6%   262  517s
   790   600    2.79294   17  743    5.00000    2.17154  56.6%   267  544s
   792   601    2.17154   18  542    5.00000    2.17154  56.6%   270  545s
   794   603    2.80830   18  722    5.00000    2.17154  56.6%   274  554s
   796   606    2.17154   19  503    5.00000    2.17154  56.6%   277  564s
   800   604    2.17154   20  497    5.00000    2.17154  56.6%   285  571s
   803   607    2.17154   21  489    5.00000    2.17154  56.6%   291  578s
   807   610    2.17154   22  463    5.00000    2.17154  56.6%   297  585s
   810   611    2.17154   23  422    5.00000    2.17154  56.6%   304  592s
   814   614    2.17154   24  403    5.00000    2.17154  56.6%   310  600s
   818   617    2.17154   25  377    5.00000    2.17154  56.6%   315  605s
   822   619    2.17154   26  365    5.00000    2.17154  56.6%   319  611s
   826   622    2.17154   27  360    5.00000    2.17154  56.6%   322  617s
   830   625    2.17154   28  343    5.00000    2.17154  56.6%   326  621s
   834   626    2.17154   29  323    5.00000    2.17154  56.6%   330  625s
   839   632    3.03883   30  472    5.00000    2.24781  55.0%   334  631s
   844   633    2.28736   32  323    5.00000    2.28736  54.3%   336  639s
   848   637    2.40375   33  283    5.00000    2.40375  51.9%   337  645s
   856   638    2.58593   36  182    5.00000    2.58593  48.3%   339  655s
   865   645    2.71831   38  158    5.00000    2.71831  45.6%   342  664s
   876   643    3.38462   43  120    5.00000    2.79375  44.1%   343  669s
   890   651    2.79980   18  718    5.00000    2.79980  44.0%   343  676s
   898   654    3.34897   20  808    5.00000    2.80832  43.8%   350  690s
   904   655    2.87468   22  649    5.00000    2.80832  43.8%   353  695s
   913   661    2.88303   24  650    5.00000    2.80832  43.8%   358  701s
   921   663    2.88877   25  623    5.00000    2.80832  43.8%   363  706s
   931   671    3.72919   27  771    5.00000    2.80832  43.8%   368  720s
   941   675    2.91001   29  597    5.00000    2.80832  43.8%   372  727s
   960   681    2.93998   32  585    5.00000    2.80832  43.8%   378  740s
   965   685    3.82367   33  707    5.00000    2.80832  43.8%   381  746s
   988   679    3.83327   35  692    5.00000    2.80832  43.8%   379  760s
  1013   675    3.86385   37  664    5.00000    2.80832  43.8%   373  766s
  1024   677    3.86494   39  618    5.00000    2.80832  43.8%   374  782s
  1047   681    3.02465   42  466    5.00000    2.80832  43.8%   371  799s
  1066   691    3.97869   46  511    5.00000    2.80832  43.8%   369  805s
  1110   685    3.54869   61  306    5.00000    2.81891  43.6%   363  812s
  1142   683    2.89751   21  642    5.00000    2.82847  43.4%   359  816s
  1193   703    3.01011   36  490    5.00000    2.82847  43.4%   351  838s
  1210   702    3.08045   42  429    5.00000    2.83305  43.3%   349  845s
  1291   720    3.71151   22  736    5.00000    2.85622  42.9%   334  852s
  1334   732     cutoff   21         5.00000    2.85622  42.9%   330  861s
  1408   737    3.62810   41  541    5.00000    2.86377  42.7%   320  868s
  1477   730    3.43918   25  711    5.00000    2.86717  42.7%   311  878s
  1540   748    3.74953   19  851    5.00000    2.86721  42.7%   304  884s
  1577   742    3.88281   33  652    5.00000    2.86950  42.6%   302  893s
  1641   775    3.01773   31  456    5.00000    2.88538  42.3%   298  901s
  1711   804    3.61726   22  680    5.00000    2.88556  42.3%   291  909s
  1783   831    3.72593   30  567    5.00000    2.89266  42.1%   285  918s
  1865   836    3.86736   27  632    5.00000    2.89524  42.1%   280  950s
  1885   845    3.88722   28  617    5.00000    2.89769  42.0%   279  959s
  1945   858    3.23153   36  388    5.00000    2.90286  41.9%   278  971s
  2015   868    3.76923   26  699    5.00000    2.90557  41.9%   274  981s
  2096   894    3.80684   26  668    5.00000    2.91163  41.8%   272  992s
  2157   908    3.77169   25  713    5.00000    2.91427  41.7%   270 1003s
  2251   906    3.67595   29  620    5.00000    2.92132  41.6%   266 1014s
  2338   933     cutoff   37         5.00000    2.93047  41.4%   264 1025s
  2423   951    3.84295   32  664    5.00000    2.93466  41.3%   263 1036s
  2514   963    3.85771   35  598    5.00000    2.94251  41.1%   261 1048s
  2628   971    3.85627   32  706    5.00000    2.94535  41.1%   256 1059s
  2754  1047    3.81658   34  580    5.00000    2.95320  40.9%   253 1072s
  2870  1119    3.81328   27  704    5.00000    2.95926  40.8%   248 1107s
  2895  1125    3.89041   32  606    5.00000    2.96020  40.8%   248 1120s
  2998  1154    3.83718   33  561    5.00000    2.97239  40.6%   248 1134s
  3142  1222    3.90862   31  554    5.00000    2.98517  40.3%   246 1148s
  3266  1251    3.88974   34  583    5.00000    2.99911  40.0%   245 1162s
  3398  1273    3.98350   39  501    5.00000    3.00481  39.9%   244 1177s
  3573  1302     cutoff   35         5.00000    3.02966  39.4%   242 1195s
  3722  1308     cutoff   36         5.00000    3.04749  39.1%   240 1213s
  3912  1297     cutoff   38         5.00000    3.09509  38.1%   239 1226s
  4005  1257     cutoff   49         5.00000    3.14460  37.1%   240 1232s
  4053  1215     cutoff   48         5.00000    3.23026  35.4%   240 1242s
  4204  1206     cutoff   39         5.00000    3.32059  33.6%   235 1259s
  4336  1252    3.38961   22  752    5.00000    3.36364  32.7%   232 1283s
  4476  1307     cutoff   23         5.00000    3.37553  32.5%   228 1289s
  4563  1296     cutoff   26         5.00000    3.45377  30.9%   226 1293s
  4665  1220     cutoff   28         5.00000    3.52614  29.5%   223 1296s
  4749  1154     cutoff   34         5.00000    3.60129  28.0%   220 1320s
  4793  1120     cutoff   39         5.00000    3.61446  27.7%   219 1334s
  4899  1127     cutoff   22         5.00000    3.63752  27.2%   218 1357s
  5041  1098     cutoff   26         5.00000    3.70383  25.9%   215 1379s
  5137  1096    3.75890   20  826    5.00000    3.71429  25.7%   214 1398s
  5237  1119    3.91900   39  569    5.00000    3.72421  25.5%   214 1447s
  5294  1075    3.93621   40  567    5.00000    3.72659  25.5%   213 1465s
  5396  1075    3.76603   34  550    5.00000    3.74576  25.1%   212 1479s
  5526  1095     cutoff   49         5.00000    3.75892  24.8%   211 1487s
  5589  1068    3.77980   34  761    5.00000    3.77143  24.6%   210 1500s
  5683  1053     cutoff   35         5.00000    3.78195  24.4%   209 1510s
  5755  1025     cutoff   38         5.00000    3.79385  24.1%   207 1520s
  5829  1004     cutoff   29         5.00000    3.80009  24.0%   206 1532s
  5911   970     cutoff   34         5.00000    3.80972  23.8%   205 1541s
  5996   937     cutoff   45         5.00000    3.81858  23.6%   204 1553s
  6065   910     cutoff   32         5.00000    3.82500  23.5%   203 1563s
  6140   884    3.90592   47  558    5.00000    3.83203  23.4%   202 1568s
  6206   842     cutoff   36         5.00000    3.83779  23.2%   201 1571s
  6310   768     cutoff   32         5.00000    3.85057  23.0%   199 1580s
  6365   734     cutoff   33         5.00000    3.85826  22.8%   198 1587s
  6426   694     cutoff   49         5.00000    3.86407  22.7%   197 1592s
  6533   616     cutoff   32         5.00000    3.87353  22.5%   195 1597s
  6631   534     cutoff   36         5.00000    3.88544  22.3%   193 1603s
  6729   450     cutoff   36         5.00000    3.89560  22.1%   191 1605s
  6855   324     cutoff   40         5.00000    3.91100  21.8%   188 1611s
  7037   157     cutoff   37         5.00000    3.93443  21.3%   184 1616s

Cutting planes:
  Gomory: 2
  MIR: 14
  Flow cover: 20
  Zero half: 121
  Mod-K: 83

Explored 7240 nodes (1331321 simplex iterations) in 1618.92 seconds
Thread count was 4 (of 4 available processors)

Solution count 2: 5 6 

Optimal solution found (tolerance 1.00e-04)
Best objective 5.000000000000e+00, best bound 5.000000000000e+00, gap 0.0000%
