
Gurobi 8.1.1 (win64) logging started 11/27/19 05:38:16

Changed value of parameter LogFile to logs/miss/rlt/miss-07-15-1.log
   Prev: gurobi.log  Default: 
Changed value of parameter LogToConsole to 0
   Prev: 1  Min: 0  Max: 1  Default: 1
Changed value of parameter TimeLimit to 3600.0
   Prev: 1e+100  Min: 0.0  Max: 1e+100  Default: 1e+100
Optimize a model with 120572 rows, 40470 columns and 284995 nonzeros
Variable types: 0 continuous, 40470 integer (284 binary)
Coefficient statistics:
  Matrix range     [1e+00, 1e+00]
  Objective range  [1e+00, 1e+00]
  Bounds range     [1e+00, 1e+00]
  RHS range        [1e+00, 1e+00]
Presolve time: 1.44s
Presolved: 120572 rows, 40470 columns, 284995 nonzeros
Variable types: 0 continuous, 40470 integer (40470 binary)
Found heuristic solution: objective 9.0000000
Found heuristic solution: objective 8.0000000

Root simplex log...

Iteration    Objective       Primal Inf.    Dual Inf.      Time
    4409    1.1621716e+00   1.300000e+01   0.000000e+00      5s
    5809    1.2010493e+00   8.349322e+01   0.000000e+00     10s
   13356    1.2167611e+00   3.236422e-01   0.000000e+00     15s
   13991    1.2167669e+00   0.000000e+00   0.000000e+00     15s

Root relaxation: objective 1.216767e+00, 13991 iterations, 13.60 seconds

    Nodes    |    Current Node    |     Objective Bounds      |     Work
 Expl Unexpl |  Obj  Depth IntInf | Incumbent    BestBd   Gap | It/Node Time

     0     0    1.21677    0 3770    8.00000    1.21677  84.8%     -   22s
     0     0    1.36997    0 2479    8.00000    1.36997  82.9%     -   43s
H    0     0                       7.0000000    1.36997  80.4%     -   60s
     0     0    1.47423    0 3260    7.00000    1.47423  78.9%     -   76s
     0     0    1.50930    0 3323    7.00000    1.50930  78.4%     -  102s
     0     0    1.50930    0 3223    7.00000    1.50930  78.4%     -  147s
     0     0    1.51298    0 3332    7.00000    1.51298  78.4%     -  151s
     0     0    1.51365    0 3434    7.00000    1.51365  78.4%     -  165s
     0     0    1.51595    0 3509    7.00000    1.51595  78.3%     -  171s
     0     0    1.51595    0 3509    7.00000    1.51595  78.3%     -  184s
     0     0    1.52565    0 2651    7.00000    1.52565  78.2%     -  190s
     0     0    1.52661    0 2635    7.00000    1.52661  78.2%     -  192s
     0     0    1.53026    0 2722    7.00000    1.53026  78.1%     -  197s
     0     0    1.53089    0 2737    7.00000    1.53089  78.1%     -  198s
     0     0    1.53400    0 3292    7.00000    1.53400  78.1%     -  205s
     0     0    1.53400    0 3299    7.00000    1.53400  78.1%     -  243s
     0     0    1.53961    0 3158    7.00000    1.53961  78.0%     -  252s
     0     0    1.54085    0 3171    7.00000    1.54085  78.0%     -  256s
     0     0    1.54395    0 3251    7.00000    1.54395  77.9%     -  266s
     0     0    1.54458    0 3217    7.00000    1.54458  77.9%     -  282s
     0     0    1.54461    0 3254    7.00000    1.54461  77.9%     -  287s
     0     0    1.54461    0 3254    7.00000    1.54461  77.9%     -  337s
     0     2    1.54461    0 3251    7.00000    1.54461  77.9%     - 1286s
     1     4    1.54917    1 3177    7.00000    1.54466  77.9%  5048 1307s
     3     6    1.55697    2 3134    7.00000    1.54918  77.9%  7562 1318s
     5     8    1.56252    3 2803    7.00000    1.54918  77.9%  5710 1328s
     7     8    1.56904    4 2336    7.00000    1.54918  77.9%  4778 1337s
     9    10    1.57362    5 2664    7.00000    1.54918  77.9%  4103 1344s
    11    12    1.57993    6 2271    7.00000    1.54918  77.9%  3748 1358s
    13    14    1.58291    7 2896    7.00000    1.54918  77.9%  3405 1366s
    15    16    1.58858    8 2490    7.00000    1.54918  77.9%  3235 1378s
    17    18    1.59525    9 2489    7.00000    1.54918  77.9%  3134 1392s
    20    21    1.60231   10 2326    7.00000    1.54918  77.9%  2858 1397s
    22    23    1.61101   11 2215    7.00000    1.54918  77.9%  2767 1402s
    25    26    1.61820   12 3054    7.00000    1.54918  77.9%  2633 1408s
    28    29    1.63103   13 2772    7.00000    1.54918  77.9%  2530 1487s
    30    31    1.64293   14 2804    7.00000    1.54918  77.9%  2563 1502s
    32    33    1.65522   15 2772    7.00000    1.54918  77.9%  2535 1508s
    35    36    1.66824   16 2831    7.00000    1.54918  77.9%  2492 1516s
    39    40    1.67596   17 2787    7.00000    1.54918  77.9%  2402 1523s
    42    43    1.68474   18 2694    7.00000    1.54918  77.9%  2322 1533s
    46    47    1.71596   20 2502    7.00000    1.54918  77.9%  2318 1541s
    50    51    1.75136   22 2467    7.00000    1.54918  77.9%  2283 1550s
    54    55    1.80449   24 2267    7.00000    1.54918  77.9%  2245 1559s
    58    59    1.83909   26 2159    7.00000    1.54918  77.9%  2194 1675s
    60    61    1.85911   27 2114    7.00000    1.54918  77.9%  2167 1684s
    66    67    1.90294   30 1724    7.00000    1.54918  77.9%  2082 1694s
    74    75    2.01467   35 1468    7.00000    1.54918  77.9%  2007 1703s
    80    81    2.09473   38 1423    7.00000    1.54918  77.9%  1935 1712s
    88    89    2.21216   43 1169    7.00000    1.54918  77.9%  1847 2004s
    90    91    2.24049   44 1143    7.00000    1.54918  77.9%  1825 2015s
    99   100    2.43756   50 1032    7.00000    1.54918  77.9%  1743 2025s
   108   109    2.77468   56  840    7.00000    1.54918  77.9%  1669 2034s
   123   124    3.54798   67  608    7.00000    1.54918  77.9%  1536 2046s
   140   138    5.34765   79  775    7.00000    1.54918  77.9%  1418 2056s
   159   156     cutoff   92         7.00000    1.55698  77.8%  1296 2077s
   168   165    2.36985    3 3329    7.00000    1.55698  77.8%  1347 2088s
   185   180    2.37971    6 3209    7.00000    1.55698  77.8%  1262 2111s
   196   191    2.39652   10 3100    7.00000    1.55698  77.8%  1226 2122s
   211   206    2.40795   13 3029    7.00000    1.55698  77.8%  1178 2133s
   231   226    2.42161   17 2975    7.00000    1.55698  77.8%  1113 2146s
   256   251    2.43510   22 2929    7.00000    1.55698  77.8%  1040 2158s
   283   275    2.44652   26 2802    7.00000    1.55698  77.8%   969 2189s
   298   290    2.46010   30 2732    7.00000    1.55698  77.8%   988 2202s
   306   295    2.47363   34 2582    7.00000    1.55698  77.8%   991 2215s
   317   306    2.49128   40 2605    7.00000    1.55698  77.8%   985 2228s
   328   317    2.51567   46 2442    7.00000    1.55698  77.8%   979 2242s
   338   327    2.54182   52 2410    7.00000    1.55698  77.8%   979 2256s
   349   338    2.57711   59 2199    7.00000    1.55698  77.8%   973 2272s
   367   356    2.65010   72 2039    7.00000    1.55698  77.8%   959 2418s
   369   358    2.65738   73 2021    7.00000    1.55698  77.8%   958 2436s
   382   371    2.75013   81 1850    7.00000    1.55698  77.8%   950 2453s
   404   393    2.97538   97 1548    7.00000    1.55698  77.8%   925 2472s
   428   417    3.37828  115 1240    7.00000    1.55698  77.8%   900 2491s
   456   445    4.06973  137  838    7.00000    1.55698  77.8%   872 2806s
   458   447    4.10856  138  791    7.00000    1.55698  77.8%   870 2830s
   492   478    5.26210  162  783    7.00000    1.56905  77.6%   835 2878s
   513   501    2.35760    4 3634    7.00000    1.56905  77.6%   847 2900s
   543   527    2.38363   10 3281    7.00000    1.56905  77.6%   833 2923s
   572   557    2.41118   16 3195    7.00000    1.56905  77.6%   817 2948s
   617   595    2.45046   24 2695    7.00000    1.56905  77.6%   786 2979s
   649   625    2.47404   32 2461    7.00000    1.56905  77.6%   782 3003s
   665   638    2.52184   43 2592    7.00000    1.56905  77.6%   786 3027s
   694   668    2.59186   64 2184    7.00000    1.56905  77.6%   784 3097s
   715   688    2.66686   78 1926    7.00000    1.56905  77.6%   784 3124s
   744   717    3.43500  118 3254    7.00000    1.56905  77.6%   778 3176s
   746   718    3.95445   71 3770    7.00000    1.56905  77.6%   776 3214s

Cutting planes:
  Gomory: 2
  Zero half: 19

Explored 746 nodes (686783 simplex iterations) in 3600.14 seconds
Thread count was 4 (of 4 available processors)

Solution count 3: 7 8 9 

Time limit reached
Best objective 7.000000000000e+00, best bound 2.000000000000e+00, gap 71.4286%
