
Gurobi 8.1.1 (win64) logging started 11/26/19 23:38:02

Changed value of parameter LogFile to logs/miss/rlt/miss-06-15-1.log
   Prev: gurobi.log  Default: 
Changed value of parameter LogToConsole to 0
   Prev: 1  Min: 0  Max: 1  Default: 1
Changed value of parameter TimeLimit to 3600.0
   Prev: 1e+100  Min: 0.0  Max: 1e+100  Default: 1e+100
Optimize a model with 58518 rows, 19701 columns and 138106 nonzeros
Variable types: 0 continuous, 19701 integer (198 binary)
Coefficient statistics:
  Matrix range     [1e+00, 1e+00]
  Objective range  [1e+00, 1e+00]
  Bounds range     [1e+00, 1e+00]
  RHS range        [1e+00, 1e+00]
Presolve time: 0.54s
Presolved: 58518 rows, 19701 columns, 138106 nonzeros
Variable types: 0 continuous, 19701 integer (19701 binary)
Found heuristic solution: objective 8.0000000

Root relaxation: objective 1.273226e+00, 4080 iterations, 2.74 seconds

    Nodes    |    Current Node    |     Objective Bounds      |     Work
 Expl Unexpl |  Obj  Depth IntInf | Incumbent    BestBd   Gap | It/Node Time

     0     0    1.27323    0 1710    8.00000    1.27323  84.1%     -    6s
     0     0    1.46410    0 1255    8.00000    1.46410  81.7%     -   11s
H    0     0                       7.0000000    1.46410  79.1%     -   15s
     0     0    1.56286    0 1226    7.00000    1.56286  77.7%     -   18s
H    0     0                       6.0000000    1.56286  74.0%     -   19s
     0     0    1.56662    0 1135    6.00000    1.56662  73.9%     -   19s
     0     0    1.60239    0 1035    6.00000    1.60239  73.3%     -   22s
     0     0    1.61046    0 1167    6.00000    1.61046  73.2%     -   35s
     0     0    1.63163    0 1297    6.00000    1.63163  72.8%     -   38s
     0     0    1.63441    0 1301    6.00000    1.63441  72.8%     -   41s
     0     0    1.64977    0 1298    6.00000    1.64977  72.5%     -   44s
     0     0    1.65165    0 1324    6.00000    1.65165  72.5%     -   47s
     0     0    1.65977    0 1390    6.00000    1.65977  72.3%     -   51s
     0     0    1.65996    0 1392    6.00000    1.65996  72.3%     -   56s
     0     0    1.66693    0 1110    6.00000    1.66693  72.2%     -   59s
     0     0    1.66730    0 1150    6.00000    1.66730  72.2%     -   61s
     0     0    1.67491    0 1169    6.00000    1.67491  72.1%     -   66s
     0     0    1.67516    0 1153    6.00000    1.67516  72.1%     -   70s
     0     0    1.67984    0 1361    6.00000    1.67984  72.0%     -   75s
     0     0    1.68022    0 1374    6.00000    1.68022  72.0%     -   76s
     0     0    1.68515    0 1255    6.00000    1.68515  71.9%     -   81s
     0     0    1.68528    0 1253    6.00000    1.68528  71.9%     -   88s
     0     0    1.68532    0 1242    6.00000    1.68532  71.9%     -   89s
     0     0    1.68853    0 1285    6.00000    1.68853  71.9%     -   94s
     0     0    1.68875    0 1286    6.00000    1.68875  71.9%     -   97s
     0     0    1.69106    0 1385    6.00000    1.69106  71.8%     -  101s
     0     0    1.69114    0 1389    6.00000    1.69114  71.8%     -  109s
     0     0    1.69325    0 1312    6.00000    1.69325  71.8%     -  114s
     0     0    1.69327    0 1325    6.00000    1.69327  71.8%     -  118s
     0     0    1.69554    0 1307    6.00000    1.69554  71.7%     -  124s
     0     0    1.69560    0 1331    6.00000    1.69560  71.7%     -  134s
     0     0    1.69691    0 1263    6.00000    1.69691  71.7%     -  138s
     0     0    1.69693    0 1275    6.00000    1.69693  71.7%     -  145s
     0     0    1.69847    0 1308    6.00000    1.69847  71.7%     -  150s
     0     0    1.69850    0 1311    6.00000    1.69850  71.7%     -  154s
     0     0    1.69972    0 1314    6.00000    1.69972  71.7%     -  159s
     0     0    1.69981    0 1311    6.00000    1.69981  71.7%     -  160s
     0     0    1.70125    0 1209    6.00000    1.70125  71.6%     -  165s
     0     0    1.70127    0 1202    6.00000    1.70127  71.6%     -  175s
     0     0    1.70240    0 1253    6.00000    1.70240  71.6%     -  181s
     0     0    1.70241    0 1241    6.00000    1.70241  71.6%     -  182s
     0     0    1.70304    0 1309    6.00000    1.70304  71.6%     -  187s
     0     0    1.70304    0 1309    6.00000    1.70304  71.6%     -  187s
     0     2    1.70304    0 1309    6.00000    1.70304  71.6%     -  501s
     1     4    1.70545    1 1223    6.00000    1.70306  71.6%  4399  520s
     3     6    1.70890    2 1178    6.00000    1.70547  71.6%  6810  528s
     5     8    1.71121    3 1185    6.00000    1.70547  71.6%  4947  533s
     7     8    1.71403    4 1161    6.00000    1.70547  71.6%  4140  539s
     9    10    1.71768    5 1110    6.00000    1.70547  71.6%  3772  545s
    11    12    1.72086    6 1241    6.00000    1.70547  71.6%  3411  550s
    15    16    1.72867    8 1207    6.00000    1.70547  71.6%  2990  558s
    17    18    1.73270    9 1173    6.00000    1.70547  71.6%  2836  562s
    19    20    1.74058   10 1153    6.00000    1.70547  71.6%  2705  565s
    24    25    1.76555   12 1101    6.00000    1.70547  71.6%  2419  572s
    27    28    1.77459   13 1054    6.00000    1.70547  71.6%  2253  604s
    29    30    1.79448   14 1034    6.00000    1.70547  71.6%  2167  608s
    33    34    1.84546   16  924    6.00000    1.70547  71.6%  2018  611s
    39    40    2.00485   20  782    6.00000    1.70547  71.6%  1827  615s
    52    53    2.22929   29  571    6.00000    1.70547  71.6%  1507  679s
    58    59    2.33796   33  542    6.00000    1.70547  71.6%  1394  681s
    66    67    2.72826   39  438    6.00000    1.70547  71.6%  1277  685s
    76    77    3.30570   46  325    6.00000    1.70547  71.6%  1171  708s
    86    84    4.04839   53  234    6.00000    1.70890  71.5%  1086  726s
    98    92    2.50063    3 1572    6.00000    1.70890  71.5%  1110  730s
   108   101    2.51269    6 1537    6.00000    1.70890  71.5%  1074  773s
   112   105    2.52280    8 1469    6.00000    1.70890  71.5%  1065  778s
   126   119    2.53193   10 1426    6.00000    1.70890  71.5%   984  822s
   142   135    2.54889   13 1383    6.00000    1.70890  71.5%   913  827s
   160   153    2.57275   16 1376    6.00000    1.70890  71.5%   843  853s
   172   162    2.59270   19 1308    6.00000    1.70890  71.5%   803  870s
   188   178    2.61671   23 1253    6.00000    1.70890  71.5%   811  876s
   196   183    2.64094   27 1188    6.00000    1.70890  71.5%   806  924s
   202   189    2.65850   30 1165    6.00000    1.70890  71.5%   804  931s
   211   198    2.69628   35 1082    6.00000    1.70890  71.5%   799  938s
   223   210    2.77277   42 1017    6.00000    1.70890  71.5%   787 1012s
   233   220    2.86777   48  849    6.00000    1.70890  71.5%   776 1020s
   262   246    3.59009   72  558    6.00000    1.70890  71.5%   724 1027s
   296   279     cutoff   97         6.00000    1.71408  71.4%   664 1042s
   307   291    2.49320    4 1428    6.00000    1.71408  71.4%   691 1051s
   336   313    2.51352    7 1441    6.00000    1.71408  71.4%   659 1114s
   374   346    2.52740   11 1322    6.00000    1.71408  71.4%   635 1122s
   385   354    2.55951   17 1307    6.00000    1.71408  71.4%   637 1131s
   395   364    2.59705   22 1286    6.00000    1.71408  71.4%   641 1193s
   407   376    2.63544   28 1175    6.00000    1.71408  71.4%   642 1203s
   424   393    2.69900   37 1093    6.00000    1.71408  71.4%   638 1213s
   451   420    2.88711   50  856    6.00000    1.71408  71.4%   636 1334s
   462   426    2.97869   54  786    6.00000    1.71408  71.4%   627 1346s
   556   512     cutoff   96         6.00000    1.72102  71.3%   550 1364s
   563   521    2.48947    6 1500    6.00000    1.72497  71.3%   580 1374s
   573   522    2.51457   10 1417    6.00000    1.72497  71.3%   585 1385s
   587   536    2.55651   17 1343    6.00000    1.72497  71.3%   587 1396s
   602   551    2.60839   24 1262    6.00000    1.72497  71.3%   589 1408s
   623   565    2.67252   32 1112    6.00000    1.72497  71.3%   591 1431s
   689   618    2.96050   49  829    6.00000    1.73273  71.1%   571 1456s
   762   669    2.62587   27 1309    6.00000    1.73273  71.1%   557 1489s
   764   670    3.14606   52 1710    6.00000    1.73273  71.1%   556 1499s
   765   671    2.50915    8 1150    6.00000    1.73273  71.1%   555 1795s
   766   672    3.00263   56 1356    6.00000    1.73273  71.1%   554 1803s
   767   672    3.55556   71 1302    6.00000    1.73273  71.1%   554 1811s
   768   673    3.14286   62 1087    6.00000    1.73273  71.1%   553 1817s
   769   674    2.50915    8 1279    6.00000    1.73273  71.1%   552 1824s
   770   674    4.08163   82 1275    6.00000    1.73273  71.1%   551 1833s
   771   675    2.56352   18 1274    6.00000    1.73273  71.1%   551 1839s
   772   676    2.66977   33 1309    6.00000    1.73273  71.1%   550 1842s
   773   676    3.61311   62 1315    6.00000    1.73273  71.1%   549 1867s
   774   677    2.64874   29 1323    6.00000    1.73273  71.1%   548 1870s
   775   678    2.79506   46 1282    6.00000    1.73273  71.1%   548 1890s
   777   679    3.82026   74 1347    6.00000    1.73273  71.1%   546 1908s
   778   680    4.15730   85 1352    6.00000    1.73273  71.1%   546 1911s
   779   680    2.53969   13 1357    6.00000    1.73273  71.1%   545 1928s
   780   681    2.63385   27 1354    6.00000    1.73273  71.1%   544 1932s
   781   682    4.16936   85 1352    6.00000    1.73273  71.1%   544 1937s
   782   682    2.94444   56 1352    6.00000    1.73273  71.1%   543 1940s
   783   683    2.58944   22 1352    6.00000    1.73273  71.1%   542 1999s
   784   687    1.73273   16 1255    6.00000    1.73273  71.1%   615 2028s
   786   688    1.73273   17 1244    6.00000    1.73273  71.1%   632 2034s
   788   689    2.50002   17 1486    6.00000    1.73273  71.1%   646 2052s
   790   691    1.73273   18 1394    6.00000    1.73273  71.1%   656 2058s
   792   692    2.51392   18 1545    6.00000    1.73273  71.1%   669 2075s
   794   693    1.73273   19 1240    6.00000    1.73273  71.1%   678 2081s
   796   695    2.50966   19 1524    6.00000    1.73273  71.1%   691 2097s
   798   693    1.73273   20 1261    6.00000    1.73273  71.1%   702 2106s
   801   697    2.51125   20 1530    6.00000    1.73273  71.1%   718 2124s
   804   698    1.73273   21 1284    6.00000    1.73273  71.1%   723 2136s
   808   700    1.73273   22 1382    6.00000    1.73273  71.1%   740 2144s
   811   703    2.52959   22 1514    6.00000    1.73273  71.1%   755 2180s
   813   704    1.73273   23 1327    6.00000    1.73273  71.1%   756 2186s
   815   705    2.54054   23 1479    6.00000    1.73273  71.1%   773 2202s
   819   708    1.73273   24 1336    6.00000    1.73273  71.1%   776 2212s
   823   711    1.73595   25 1273    6.00000    1.73273  71.1%   791 2222s
   825   713    2.54978   25 1464    6.00000    1.73595  71.1%   807 2237s
   830   715    1.73815   26 1276    6.00000    1.73815  71.0%   817 2250s
   834   718    1.73831   27 1271    6.00000    1.73831  71.0%   829 2262s
   840   720    1.74433   28 1193    6.00000    1.73840  71.0%   845 2290s
   842   724    2.51413   28 1463    6.00000    1.74434  70.9%   853 2303s
   845   726    1.74630   29 1233    6.00000    1.74630  70.9%   857 2316s
   850   729    1.74637   30 1192    6.00000    1.74637  70.9%   873 2332s
   858   734    1.75088   32 1082    6.00000    1.75088  70.8%   892 2347s
   864   738    1.76250   33 1013    6.00000    1.76250  70.6%   907 2359s
   870   742    1.77025   34 1114    6.00000    1.77025  70.5%   920 2398s
   874   745    1.78885   35  948    6.00000    1.78885  70.2%   929 2411s
   880   749    1.80709   36  899    6.00000    1.80709  69.9%   942 2426s
   888   753    1.81665   38  897    6.00000    1.81665  69.7%   958 2443s
   897   760    2.63363   40 1170    6.00000    1.85232  69.1%   972 2493s
   903   765    1.87102   42  842    6.00000    1.87102  68.8%   978 2508s
   912   769    1.92201   45  764    6.00000    1.92201  68.0%   990 2527s
   931   784    2.89339   51  856    6.00000    2.07572  65.4%  1004 2542s
   950   794    2.22609   59  583    6.00000    2.22609  62.9%  1006 2556s
   971   810    3.39442   67  550    6.00000    2.50003  58.3%  1001 2570s
   994   823    3.40909   77  258    6.00000    2.50003  58.3%   996 2623s
  1006   827    4.25000   82  175    6.00000    2.50209  58.3%   992 2640s
  1028   837    2.51019   20 1453    6.00000    2.50209  58.3%   991 2655s
  1034   838    3.44725   21 1514    6.00000    2.50209  58.3%  1004 2673s
  1041   841    2.52271   23 1380    6.00000    2.50209  58.3%  1011 2692s
  1050   848    2.52891   25 1412    6.00000    2.50209  58.3%  1023 2711s
  1058   854    2.53647   27 1423    6.00000    2.50209  58.3%  1034 2731s
  1067   859    2.53989   29 1383    6.00000    2.50209  58.3%  1045 2749s
  1077   865    2.54586   31 1358    6.00000    2.50209  58.3%  1054 2766s
  1088   874    2.55304   33 1319    6.00000    2.50209  58.3%  1061 2786s
  1099   881    2.56000   35 1291    6.00000    2.50209  58.3%  1073 2846s
  1107   888    2.56183   36 1275    6.00000    2.50209  58.3%  1078 2868s
  1121   895    2.57462   39 1246    6.00000    2.50209  58.3%  1089 2892s
  1139   907    2.57776   42 1205    6.00000    2.50209  58.3%  1098 2916s
  1161   922    2.59580   46 1158    6.00000    2.50209  58.3%  1104 2941s
  1193   942    2.61302   50 1130    6.00000    2.50209  58.3%  1102 2961s
  1244   977    3.55737   54 1205    6.00000    2.50209  58.3%  1080 3070s
  1246   979    2.62750   55 1039    6.00000    2.50209  58.3%  1078 3091s
  1304  1012    3.59795   60 1196    6.00000    2.50209  58.3%  1050 3110s
  1370  1012    2.70613   67  963    6.00000    2.50209  58.3%  1013 3131s
  1413  1042    2.81357   78  817    6.00000    2.50209  58.3%   999 3153s
  1541  1116    3.52097  110  495    6.00000    2.50966  58.2%   937 3178s
  1677  1140    3.39956   20 1707    6.00000    2.50974  58.2%   879 3195s
  1701  1154    3.48122   36 1467    6.00000    2.50974  58.2%   874 3214s
  1733  1171    3.63132   57 1196    6.00000    2.51006  58.2%   868 3238s
  1834  1198    3.37956   21 1679    6.00000    2.51006  58.2%   834 3261s
  1934  1255    3.49812   41 1422    6.00000    2.51006  58.2%   807 3282s
  2008  1281    4.37363   87  698    6.00000    2.51392  58.1%   789 3305s
  2071  1291    3.58886   45 1208    6.00000    2.51401  58.1%   775 3331s
  2147  1332    4.30787   21 2030    6.00000    2.51401  58.1%   761 3358s
  2247  1383    4.35606   28 1849    6.00000    2.51401  58.1%   742 3384s
  2309  1373    4.62963   52 1221    6.00000    2.51564  58.1%   736 3421s
  2476  1404    3.42028   26 1680    6.00000    2.51801  58.0%   708 3448s
  2533  1435    3.85216   63  941    6.00000    2.51833  58.0%   703 3480s
  2665  1481     cutoff   33         6.00000    2.52025  58.0%   685 3519s
  2769  1525     cutoff   41         6.00000    2.52062  58.0%   677 3550s
  2866  1532    3.54545   41 1400    6.00000    2.52123  58.0%   668 3582s
  2962  1619    3.33114   23 1622    6.00000    2.52274  58.0%   658 3600s

Cutting planes:
  Gomory: 4
  MIR: 4
  StrongCG: 5
  Flow cover: 4
  Zero half: 161
  Mod-K: 19

Explored 2988 nodes (2035145 simplex iterations) in 3600.04 seconds
Thread count was 4 (of 4 available processors)

Solution count 3: 6 7 8 

Time limit reached
Best objective 6.000000000000e+00, best bound 3.000000000000e+00, gap 50.0000%
