
Gurobi 8.1.1 (win64) logging started 11/27/19 00:38:04

Changed value of parameter LogFile to logs/miss/rlt/miss-06-15-2.log
   Prev: gurobi.log  Default: 
Changed value of parameter LogToConsole to 0
   Prev: 1  Min: 0  Max: 1  Default: 1
Changed value of parameter TimeLimit to 3600.0
   Prev: 1e+100  Min: 0.0  Max: 1e+100  Default: 1e+100
Optimize a model with 37218 rows, 12561 columns and 88086 nonzeros
Variable types: 0 continuous, 12561 integer (158 binary)
Coefficient statistics:
  Matrix range     [1e+00, 1e+00]
  Objective range  [1e+00, 1e+00]
  Bounds range     [1e+00, 1e+00]
  RHS range        [1e+00, 1e+00]
Presolve time: 0.30s
Presolved: 37218 rows, 12561 columns, 88086 nonzeros
Variable types: 0 continuous, 12561 integer (12561 binary)
Found heuristic solution: objective 9.0000000
Found heuristic solution: objective 7.0000000

Root relaxation: objective 1.321429e+00, 3401 iterations, 1.41 seconds

    Nodes    |    Current Node    |     Objective Bounds      |     Work
 Expl Unexpl |  Obj  Depth IntInf | Incumbent    BestBd   Gap | It/Node Time

     0     0    1.32143    0 1357    7.00000    1.32143  81.1%     -    3s
     0     0    1.46119    0  988    7.00000    1.46119  79.1%     -    5s
H    0     0                       6.0000000    1.46119  75.6%     -    8s
     0     0    1.46400    0  946    6.00000    1.46400  75.6%     -    8s
     0     0    1.56874    0 1100    6.00000    1.56874  73.9%     -   10s
     0     0    1.59509    0 1058    6.00000    1.59509  73.4%     -   11s
     0     0    1.59513    0 1065    6.00000    1.59513  73.4%     -   15s
     0     0    1.60816    0  907    6.00000    1.60816  73.2%     -   16s
     0     0    1.60959    0  983    6.00000    1.60959  73.2%     -   17s
     0     0    1.61938    0 1039    6.00000    1.61938  73.0%     -   18s
     0     0    1.61964    0 1056    6.00000    1.61964  73.0%     -   19s
     0     0    1.63069    0 1167    6.00000    1.63069  72.8%     -   21s
     0     0    1.63103    0 1175    6.00000    1.63103  72.8%     -   23s
     0     0    1.63853    0 1016    6.00000    1.63853  72.7%     -   24s
     0     0    1.63919    0 1017    6.00000    1.63919  72.7%     -   26s
     0     0    1.64925    0 1035    6.00000    1.64925  72.5%     -   28s
     0     0    1.64956    0 1057    6.00000    1.64956  72.5%     -   29s
     0     0    1.65868    0 1137    6.00000    1.65868  72.4%     -   31s
     0     0    1.65918    0 1077    6.00000    1.65918  72.3%     -   33s
     0     0    1.66632    0 1041    6.00000    1.66632  72.2%     -   35s
     0     0    1.66674    0 1082    6.00000    1.66674  72.2%     -   36s
     0     0    1.67324    0 1061    6.00000    1.67324  72.1%     -   39s
     0     0    1.67378    0 1048    6.00000    1.67378  72.1%     -   43s
     0     0    1.67411    0 1065    6.00000    1.67411  72.1%     -   43s
     0     0    1.67419    0 1069    6.00000    1.67419  72.1%     -   43s
     0     0    1.67967    0  997    6.00000    1.67967  72.0%     -   46s
     0     0    1.68000    0 1016    6.00000    1.68000  72.0%     -   48s
     0     0    1.68007    0 1026    6.00000    1.68007  72.0%     -   48s
     0     0    1.68479    0 1039    6.00000    1.68479  71.9%     -   50s
     0     0    1.68509    0  986    6.00000    1.68509  71.9%     -   56s
     0     0    1.68515    0  987    6.00000    1.68515  71.9%     -   56s
     0     0    1.68848    0 1010    6.00000    1.68848  71.9%     -   58s
     0     0    1.68859    0  998    6.00000    1.68859  71.9%     -   60s
     0     0    1.69144    0 1000    6.00000    1.69144  71.8%     -   62s
     0     0    1.69161    0 1046    6.00000    1.69161  71.8%     -   63s
     0     0    1.69167    0 1045    6.00000    1.69167  71.8%     -   63s
     0     0    1.69445    0 1039    6.00000    1.69445  71.8%     -   66s
     0     0    1.69468    0 1046    6.00000    1.69468  71.8%     -   74s
     0     0    1.69469    0 1045    6.00000    1.69469  71.8%     -   74s
     0     0    1.69726    0 1005    6.00000    1.69726  71.7%     -   76s
     0     0    1.69736    0 1009    6.00000    1.69736  71.7%     -   78s
     0     0    1.69966    0 1004    6.00000    1.69966  71.7%     -   81s
     0     0    1.69983    0  999    6.00000    1.69983  71.7%     -   83s
     0     0    1.69984    0  994    6.00000    1.69984  71.7%     -   83s
     0     0    1.70203    0 1017    6.00000    1.70203  71.6%     -   86s
     0     0    1.70229    0 1063    6.00000    1.70229  71.6%     -   87s
     0     0    1.70231    0 1063    6.00000    1.70231  71.6%     -   87s
     0     0    1.70468    0 1072    6.00000    1.70468  71.6%     -   91s
     0     0    1.70474    0 1052    6.00000    1.70474  71.6%     -   99s
     0     0    1.70592    0 1098    6.00000    1.70592  71.6%     -  102s
     0     0    1.70592    0 1098    6.00000    1.70592  71.6%     -  102s
     0     2    1.70592    0 1098    6.00000    1.70592  71.6%     -  222s
     1     4    1.70947    1  967    6.00000    1.70593  71.6%  5320  233s
     3     6    1.71275    2  969    6.00000    1.70963  71.5%  5118  236s
     7     8    1.72228    4  987    6.00000    1.70963  71.5%  3164  242s
    11    12    1.73120    6  832    6.00000    1.70963  71.5%  2554  248s
    16    17    1.74047    8  828    6.00000    1.70963  71.5%  2057  251s
    23    24    1.76756   11  774    6.00000    1.70963  71.5%  1775  256s
    26    27    1.78070   12  748    6.00000    1.70963  71.5%  1668  267s
    33    34    1.82154   15  752    6.00000    1.70963  71.5%  1457  270s
    50    51    2.38406   26  488    6.00000    1.70963  71.5%  1154  296s
    75    76    4.13919   45  611    6.00000    1.70963  71.5%   871  311s
    97    95    4.90931   62  435    6.00000    1.71304  71.4%   720  320s
   107   103    2.51889    3 1241    6.00000    1.71304  71.4%   753  330s
   139   134    2.53830    8 1151    6.00000    1.71304  71.4%   636  352s
   158   150    2.55282   11 1102    6.00000    1.71304  71.4%   581  361s
   165   156    2.56679   14 1081    6.00000    1.71304  71.4%   607  376s
   176   165    2.60152   20 1023    6.00000    1.71304  71.4%   604  381s
   191   180    2.65772   28  927    6.00000    1.71304  71.4%   596  402s
   209   198    2.84615   37  649    6.00000    1.71304  71.4%   589  439s
   231   220    3.37037   54  500    6.00000    1.71304  71.4%   559  454s
   264   250    4.41563   76  312    6.00000    1.72234  71.3%   514  463s
   303   284    2.54022    4 1235    6.00000    1.72234  71.3%   497  469s
   324   292    2.55125    6 1202    6.00000    1.72234  71.3%   494  494s
   326   294    2.55700    7 1169    6.00000    1.72234  71.3%   496  498s
   334   300    2.57441   11 1109    6.00000    1.72234  71.3%   501  501s
   343   309    2.60064   16 1060    6.00000    1.72234  71.3%   505  505s
   367   333    2.68926   29  896    6.00000    1.72234  71.3%   508  567s
   376   342    2.74042   33  797    6.00000    1.72234  71.3%   509  572s
   421   379    3.31278   53  487    6.00000    1.73136  71.1%   485  582s
   492   431    2.58808    6 1173    6.00000    1.73392  71.1%   460  587s
   500   434    2.61202   10 1026    6.00000    1.73392  71.1%   466  591s
   512   444    2.64486   15 1030    6.00000    1.73392  71.1%   470  596s
   527   459    2.69028   22  996    6.00000    1.73392  71.1%   472  601s
   554   479    2.76819   30  770    6.00000    1.73392  71.1%   469  609s
   619   532    4.13905   66  474    6.00000    1.75206  70.8%   444  617s
   644   547    3.44315    9 1229    6.00000    1.75206  70.8%   455  624s
   742   552    2.58627   17 1098    6.00000    1.75206  70.8%   419  642s
   744   553    4.15625   70 1357    6.00000    1.75206  70.8%   418  648s
   745   554    3.13265   44  693    6.00000    1.78163  70.3%   418  757s
   749   557    2.38406   27  827    6.00000    1.84408  69.3%   416  763s
   753   559    2.71168   25  890    6.00000    1.85258  69.1%   413  770s
   756   561    2.85437   35  861    6.00000    1.87038  68.8%   412  778s
   758   563    3.25963   52  869    6.00000    1.87306  68.8%   411  783s
   759   563    4.16890   46  903    6.00000    1.88214  68.6%   410  791s
   761   565    2.59026   18  921    6.00000    1.88440  68.6%   409  795s
   762   565    2.76245   30  892    6.00000    1.88937  68.5%   408  801s
   764   567    3.83176   62  930    6.00000    1.89689  68.4%   407  809s
   766   568    3.31906   53  995    6.00000    1.89768  68.4%   406  811s
   767   569    2.82143   37  912    6.00000    1.90324  68.3%   406  817s
   769   570    2.61083   12 1047    6.00000    1.90421  68.3%   405  820s
   772   572    3.21901   50 1035    6.00000    1.90866  68.2%   403  827s
   773   573    3.22222   50 1059    6.00000    1.91219  68.1%   403  841s
   774   573    2.55391   12 1062    6.00000    1.91235  68.1%   402  845s
   775   574    2.56569   14 1077    6.00000    1.91325  68.1%   402  851s
   776   575    2.93753   40 1100    6.00000    1.91335  68.1%   401  855s
   778   576    2.62582   15 1069    6.00000    1.91355  68.1%   400  862s
   779   577    2.95652   37 1104    6.00000    1.91363  68.1%   400  866s
   780   577    3.77192   62 1104    6.00000    1.91363  68.1%   399  870s
   782   582    1.91806   12 1116    6.00000    1.91388  68.1%   441  879s
   784   583    1.92201   13 1068    6.00000    1.91958  68.0%   451  880s
   786   584    2.50377   13 1262    6.00000    1.92201  68.0%   459  886s
   790   587    2.51602   14 1190    6.00000    1.92647  67.9%   474  893s
   792   588    1.93173   15 1051    6.00000    1.92668  67.9%   480  895s
   796   588    1.93477   16 1024    6.00000    1.93348  67.8%   491  903s
   799   592    2.53055   16 1113    6.00000    1.93477  67.8%   502  907s
   802   593    1.93667   17  975    6.00000    1.93667  67.7%   507  912s
   809   598    2.53062   18 1128    6.00000    1.94682  67.6%   524  926s
   811   600    1.95567   19  870    6.00000    1.95567  67.4%   524  931s
   814   601    1.96379   20  704    6.00000    1.96379  67.3%   534  935s
   822   606    1.98246   22  626    6.00000    1.98246  67.0%   552  943s
   826   609    1.99328   23  821    6.00000    1.99328  66.8%   561  946s
   830   612    2.00670   24  802    6.00000    2.00670  66.6%   568  950s
   838   615    2.02685   26  542    6.00000    2.02082  66.3%   583  964s
   840   620    2.67116   26  918    6.00000    2.02685  66.2%   586  967s
   842   619    2.03520   27  569    6.00000    2.03520  66.1%   590  970s
   851   626    2.74409   29  827    6.00000    2.06508  65.6%   606  978s
   855   629    2.77799   30  841    6.00000    2.09544  65.1%   613  981s
   860   632    2.11698   32  644    6.00000    2.11698  64.7%   617  986s
   868   636    2.15916   34  555    6.00000    2.15916  64.0%   624  991s
   879   644    3.04498   37  678    6.00000    2.23975  62.7%   632 1012s
   881   647    2.24038   38  500    6.00000    2.24038  62.7%   631 1017s
   894   654    2.31522   43  469    6.00000    2.31522  61.4%   635 1022s
   910   664    3.29114   49  259    6.00000    2.50390  58.3%   637 1026s
   927   671    4.91951   55  315    6.00000    2.50942  58.2%   635 1034s
   944   679    3.27856   15 1384    6.00000    2.51039  58.2%   640 1039s
   947   681    2.57581   16 1155    6.00000    2.51039  58.2%   646 1043s
   950   684    3.40648   16 1315    6.00000    2.51039  58.2%   652 1048s
   956   687    3.44041   17 1330    6.00000    2.51039  58.2%   661 1053s
   961   689    2.58497   18 1136    6.00000    2.51039  58.2%   665 1059s
   967   693    2.58713   19 1127    6.00000    2.51039  58.2%   674 1065s
   973   697    2.58942   20 1080    6.00000    2.51039  58.2%   682 1071s
   979   701    2.59292   21 1064    6.00000    2.51039  58.2%   690 1078s
   985   705    2.59892   22 1079    6.00000    2.51039  58.2%   698 1083s
   991   708    2.60441   23 1057    6.00000    2.51039  58.2%   706 1090s
   998   715    3.45151   24 1217    6.00000    2.51039  58.2%   716 1110s
  1001   714    2.61732   25 1020    6.00000    2.51039  58.2%   718 1116s
  1009   723    3.55262   26 1176    6.00000    2.51039  58.2%   728 1124s
  1017   725    2.62734   28  966    6.00000    2.51039  58.2%   735 1132s
  1028   735    2.63635   30  948    6.00000    2.51039  58.2%   744 1141s
  1039   741    2.64378   32  917    6.00000    2.51039  58.2%   752 1148s
  1055   754    2.64869   34  894    6.00000    2.51039  58.2%   758 1154s
  1073   762    2.65619   36  882    6.00000    2.51039  58.2%   760 1175s
  1089   776    3.55105   37 1010    6.00000    2.51039  58.2%   762 1182s
  1125   797    2.69078   40  853    6.00000    2.51039  58.2%   751 1189s
  1166   819    2.70980   43  800    6.00000    2.51039  58.2%   738 1198s
  1211   836    2.72882   46  787    6.00000    2.51039  58.2%   724 1205s
  1223   841    2.76754   50  768    6.00000    2.51039  58.2%   728 1212s
  1242   855    3.79644   55  765    6.00000    2.51039  58.2%   728 1264s
  1266   871    3.02943   65  565    6.00000    2.51039  58.2%   724 1273s
  1325   905    4.85034   89  319    6.00000    2.52477  57.9%   706 1283s
  1417   937    3.47612   21 1292    6.00000    2.52477  57.9%   675 1294s
  1464   943    3.57288   34 1051    6.00000    2.52477  57.9%   664 1303s
  1489   956    3.87789   53  720    6.00000    2.53067  57.8%   661 1312s
  1550   974    3.47535   16 1382    6.00000    2.53067  57.8%   648 1322s
  1602  1002    3.51819   22 1225    6.00000    2.53067  57.8%   638 1332s
  1661  1012    3.61956   35 1035    6.00000    2.53067  57.8%   626 1342s
  1718  1033     cutoff   69         6.00000    2.53992  57.7%   615 1353s
  1772  1049    2.61439   23 1063    6.00000    2.54022  57.7%   607 1365s
  1795  1050    2.66184   30  967    6.00000    2.54022  57.7%   609 1380s
  1863  1035    2.74886   40  776    6.00000    2.54776  57.5%   597 1394s
  1922  1073    3.31931   17 1280    6.00000    2.54776  57.5%   591 1406s
  1956  1088    3.53394   36  935    6.00000    2.54976  57.5%   591 1423s
  2091  1128    3.49554   22 1241    6.00000    2.55033  57.5%   569 1436s
  2139  1139    3.87937   45  777    6.00000    2.55087  57.5%   568 1451s
  2225  1143    2.62658   20 1042    6.00000    2.55229  57.5%   557 1463s
  2246  1156    2.69941   31  864    6.00000    2.55229  57.5%   559 1514s
  2252  1155    2.76932   36  817    6.00000    2.55359  57.4%   559 1532s
  2364  1218    3.48343   24 1198    6.00000    2.55859  57.4%   546 1548s
  2428  1252    2.63642   25 1001    6.00000    2.55859  57.4%   542 1565s
  2519  1309    3.39827   55  464    6.00000    2.56494  57.3%   533 1581s
  2587  1367    3.74263   37  897    6.00000    2.57528  57.1%   529 1599s
  2676  1441    3.61131   31 1008    6.00000    2.58048  57.0%   523 1619s
  2766  1506    3.54055   27 1136    6.00000    2.58280  57.0%   518 1638s
  2844  1574    3.32650   21 1202    6.00000    2.58413  56.9%   515 1660s
  3018  1727    4.50185   25 1231    6.00000    2.58656  56.9%   501 1682s
  3125  1777    3.49365   19 1280    6.00000    2.58938  56.8%   496 1704s
  3210  1848    3.48097   23 1179    6.00000    2.59342  56.8%   495 1728s
  3338  1953    3.41862   25 1159    6.00000    2.59891  56.7%   489 1788s
  3406  2010    3.48919   22 1254    6.00000    2.60021  56.7%   485 1816s
  3567  2147    4.46584   25 1300    6.00000    2.60498  56.6%   478 1840s
  3623  2181    3.43662   26 1136    6.00000    2.60498  56.6%   485 1865s
  3764  2292    4.16521   59  659    6.00000    2.60577  56.6%   488 1892s
  3891  2342     cutoff   27         6.00000    2.60938  56.5%   487 1921s
  4014  2397    4.72113   40  975    6.00000    2.61231  56.5%   486 1954s
  4193  2545    3.56856   22 1224    6.00000    2.61557  56.4%   481 1984s
  4328  2658    3.68915   36  906    6.00000    2.61719  56.4%   479 2018s
  4513  2812    4.38372   24 1168    6.00000    2.62290  56.3%   473 2087s
  4641  2869    2.67725   25  983    6.00000    2.62456  56.3%   468 2122s
  4801  2993    3.54000   27 1135    6.00000    2.62510  56.2%   467 2159s
  5010  3139    3.94594   50  744    6.00000    2.63016  56.2%   463 2199s
  5191  3293    3.72566   38  903    6.00000    2.63215  56.1%   459 2238s
  5364  3392    3.70572   36  910    6.00000    2.63487  56.1%   457 2280s
  5600  3591    3.68374   36  939    6.00000    2.63707  56.0%   451 2346s
  5805  3772     cutoff   75         6.00000    2.63841  56.0%   446 2390s
  6069  3943    3.67494   32  993    6.00000    2.64084  56.0%   440 2433s
  6311  4151    4.64272   37 1112    6.00000    2.64415  55.9%   436 2543s
  6313  4141    4.66417   38 1101    6.00000    2.64624  55.9%   436 2587s
  6578  4371    3.55102   28 1129    6.00000    2.64944  55.8%   430 2628s
  6766  4524    3.55841   31 1081    6.00000    2.65235  55.8%   430 2670s
  7046  4730    4.04016   42  688    6.00000    2.65800  55.7%   426 2711s
  7283  4887    4.55364   63  472    6.00000    2.66096  55.7%   424 2756s
  7504  5051    3.61171   32 1056    6.00000    2.66505  55.6%   422 2798s
  7745  5247    3.57722   30 1067    6.00000    2.66833  55.5%   420 2842s
  8027  5439    3.64196   33 1024    6.00000    2.67148  55.5%   417 2884s
  8315  5655    3.70592   43  902    6.00000    2.67672  55.4%   412 2923s
  8586  5827    3.68166   37  955    6.00000    2.68054  55.3%   408 2963s
  8853  6057    3.55656   28 1018    6.00000    2.68817  55.2%   405 3002s
  9121  6250    3.65338   35 1005    6.00000    2.69160  55.1%   401 3041s
  9417  6493    3.71790   39  942    6.00000    2.69521  55.1%   397 3077s
  9699  6657    4.13349   51  571    6.00000    2.69804  55.0%   396 3115s
  9972  6847    4.09962   51  590    6.00000    2.70249  55.0%   393 3153s
 10241  7064    3.60035   32  999    6.00000    2.70663  54.9%   390 3189s
 10538  7218     cutoff   67         6.00000    2.71084  54.8%   387 3225s
 10832  7417    2.88070   35  740    6.00000    2.72061  54.7%   384 3264s
 11116  7654    3.85207   39  847    6.00000    2.72305  54.6%   380 3301s
 11456  7886     cutoff   37         6.00000    2.73087  54.5%   377 3338s
 11777  8143    4.46837   55  572    6.00000    2.73915  54.3%   373 3374s
 12085  8367    4.34390   50  581    6.00000    2.74163  54.3%   370 3413s
 12487  8698    3.66855   34  966    6.00000    2.74837  54.2%   365 3448s
 12791  8930    4.50000   61  505    6.00000    2.75308  54.1%   363 3514s
 12793  8924    4.55645   62  514    6.00000    2.75311  54.1%   363 3549s
 13146  9119    4.74651   44  909    6.00000    2.76300  54.0%   360 3584s
 13501  9377    3.73101   38  963    6.00000    2.77597  53.7%   356 3600s

Cutting planes:
  Gomory: 4
  MIR: 4
  Flow cover: 52
  Zero half: 147
  Mod-K: 48

Explored 13663 nodes (4903840 simplex iterations) in 3600.05 seconds
Thread count was 4 (of 4 available processors)

Solution count 3: 6 7 9 

Time limit reached
Best objective 6.000000000000e+00, best bound 3.000000000000e+00, gap 50.0000%
