
Gurobi 8.1.1 (win64) logging started 11/27/19 06:38:20

Changed value of parameter LogFile to logs/miss/rlt/miss-07-15-2.log
   Prev: gurobi.log  Default: 
Changed value of parameter LogToConsole to 0
   Prev: 1  Min: 0  Max: 1  Default: 1
Changed value of parameter TimeLimit to 3600.0
   Prev: 1e+100  Min: 0.0  Max: 1e+100  Default: 1e+100
Optimize a model with 133665 rows, 44850 columns and 315187 nonzeros
Variable types: 0 continuous, 44850 integer (299 binary)
Coefficient statistics:
  Matrix range     [1e+00, 1e+00]
  Objective range  [1e+00, 1e+00]
  Bounds range     [1e+00, 1e+00]
  RHS range        [1e+00, 2e+00]
Presolve time: 1.68s
Presolved: 133665 rows, 44850 columns, 315187 nonzeros
Variable types: 0 continuous, 44850 integer (44850 binary)
Found heuristic solution: objective 9.0000000
Found heuristic solution: objective 8.0000000

Root simplex log...

Iteration    Objective       Primal Inf.    Dual Inf.      Time
    4304    1.7500010e+00   2.475000e+01   0.000000e+00      5s
    6154    2.0000084e+00   2.200000e+01   0.000000e+00     10s
    7664    2.1666733e+00   1.750000e+01   0.000000e+00     15s
    8984    2.1904868e+00   1.376190e+01   0.000000e+00     20s
   10564    2.1963111e+00   3.794905e+01   0.000000e+00     25s
   12254    2.1969697e+00   0.000000e+00   0.000000e+00     26s

Root relaxation: objective 2.196970e+00, 12254 iterations, 24.07 seconds

    Nodes    |    Current Node    |     Objective Bounds      |     Work
 Expl Unexpl |  Obj  Depth IntInf | Incumbent    BestBd   Gap | It/Node Time

     0     0    2.19697    0 2415    8.00000    2.19697  72.5%     -   33s
H    0     0                       7.0000000    2.19697  68.6%     -   44s
     0     0    2.48724    0 1634    7.00000    2.48724  64.5%     -   55s
     0     0    2.48724    0 1618    7.00000    2.48724  64.5%     -  100s
     0     0    2.61566    0 1761    7.00000    2.61566  62.6%     -  107s
     0     0    2.62268    0 2378    7.00000    2.62268  62.5%     -  117s
     0     0    2.63380    0 1781    7.00000    2.63380  62.4%     -  121s
     0     0    2.65911    0 1578    7.00000    2.65911  62.0%     -  164s
     0     0    2.67051    0 1730    7.00000    2.67051  61.8%     -  166s
     0     0    2.67051    0 1727    7.00000    2.67051  61.8%     -  176s
     0     0    2.67051    0 1725    7.00000    2.67051  61.8%     -  178s
     0     0    2.67051    0 1723    7.00000    2.67051  61.8%     -  181s
     0     0    2.67051    0 1723    7.00000    2.67051  61.8%     -  188s
     0     0    2.67051    0 1726    7.00000    2.67051  61.8%     -  193s
     0     0    2.67051    0 1724    7.00000    2.67051  61.8%     -  203s
     0     0    2.67051    0 1723    7.00000    2.67051  61.8%     -  207s
     0     0    2.67051    0 1723    7.00000    2.67051  61.8%     -  208s
     0     2    2.67051    0 1723    7.00000    2.67051  61.8%     -  739s
     1     4    2.68437    1 1594    7.00000    2.67076  61.8%  8886  744s
     3     6    2.68453    2 1889    7.00000    2.68453  61.6%  6538  747s
     5     8    2.68636    3 1799    7.00000    2.68453  61.6%  5652  750s
     9    10    2.69713    5 1419    7.00000    2.68453  61.6%  4173  755s
    15    16    2.72028    8 1286    7.00000    2.68453  61.6%  2981  764s
    18    19    2.74715   10 1147    7.00000    2.68453  61.6%  2747  766s
    22    23    2.75563   12 1125    7.00000    2.68453  61.6%  2598  771s
    25    26    2.76425   14  844    7.00000    2.68453  61.6%  2434  848s
    29    30    2.78264   17  892    7.00000    2.68453  61.6%  2233  851s
    35    36    2.81955   21 1323    7.00000    2.68453  61.6%  2126  861s
    41    42    2.85263   23  905    7.00000    2.68453  61.6%  2100  868s
    44    45    2.88471   25 1424    7.00000    2.68453  61.6%  2086  871s
    49    50    2.91939   27 1472    7.00000    2.68453  61.6%  2020  877s
    52    53    2.92791   28  902    7.00000    2.68453  61.6%  1965  953s
    58    59    2.98978   31 1173    7.00000    2.68453  61.6%  1872  959s
    63    64    3.04216   33 1118    7.00000    2.68453  61.6%  1794  963s
    69    70    3.07383   36 1008    7.00000    2.68453  61.6%  1699  967s
    76    77    3.16068   41  894    7.00000    2.68453  61.6%  1629  973s
    82    83    3.20950   43 1038    7.00000    2.68453  61.6%  1597  979s
    86    87    3.28861   45  876    7.00000    2.68453  61.6%  1588 1063s
    88    89    3.33588   46  875    7.00000    2.68453  61.6%  1570 1068s
    99   100    3.65541   52  763    7.00000    2.68453  61.6%  1453 1073s
   107   108    4.00000   57  853    7.00000    2.68453  61.6%  1404 1078s
   113   114    4.11640   60  439    7.00000    2.68453  61.6%  1379 1224s
   117   118    4.15217   62  475    7.00000    2.68453  61.6%  1361 1231s
   132   133    4.83333   71  446    7.00000    2.68453  61.6%  1266 1238s
   147   145    5.63333   81  383    7.00000    2.68636  61.6%  1176 1248s
   161   158    3.20392    4 2330    7.00000    2.68636  61.6%  1211 1254s
   174   169    3.21023    6 1974    7.00000    2.68636  61.6%  1167 1261s
   185   180    3.23967    9 2215    7.00000    2.68636  61.6%  1149 1269s
   199   194    3.26316   12 2214    7.00000    2.68636  61.6%  1119 1277s
   207   202    3.27679   15 2058    7.00000    2.68636  61.6%  1105 1286s
   222   217    3.30097   20 1926    7.00000    2.68636  61.6%  1058 1293s
   234   229    3.34918   24 2093    7.00000    2.68636  61.6%  1041 1301s
   264   257    3.41043   30 1765    7.00000    2.68636  61.6%   961 1310s
   286   278    3.45714   35 1643    7.00000    2.68636  61.6%   929 1319s
   295   285    3.52186   41 1936    7.00000    2.68636  61.6%   958 1328s
   307   297    3.61311   47 1152    7.00000    2.68636  61.6%   962 1337s
   314   304    3.65281   51 1124    7.00000    2.68636  61.6%   972 1346s
   330   320    3.76923   62 1732    7.00000    2.68636  61.6%   966 1355s
   348   338    3.98048   73 1348    7.00000    2.68636  61.6%   960 1365s
   362   352    4.14124   82 1243    7.00000    2.68636  61.6%   955 1376s
   385   375    4.38798   95  880    7.00000    2.68636  61.6%   926 1386s
   410   400    4.77231  111  787    7.00000    2.68636  61.6%   896 1543s
   412   402    4.80222  112  804    7.00000    2.68636  61.6%   894 1555s
   444   434    5.50000  133  619    7.00000    2.69713  61.5%   853 1568s
   481   465    3.22222    7 2225    7.00000    2.69713  61.5%   826 1579s
   499   482    3.26018   12 1932    7.00000    2.69713  61.5%   828 1592s
   517   500    3.33755   20 1681    7.00000    2.69713  61.5%   828 1605s
   534   517    3.44212   30 1961    7.00000    2.69713  61.5%   829 1620s
   570   551    3.52637   39 1302    7.00000    2.69713  61.5%   802 1637s
   603   577    3.68323   51 1545    7.00000    2.69713  61.5%   805 1652s
   623   597    3.86497   63 1315    7.00000    2.69713  61.5%   819 1666s
   642   617    4.01550   73 1086    7.00000    2.69713  61.5%   828 1682s
   678   652    4.48012   98 1015    7.00000    2.69713  61.5%   814 1698s
   706   680    5.00000  114  473    7.00000    2.69713  61.5%   804 1716s
   756   730    5.84901  160 1723    7.00000    2.69713  61.5%   774 1737s
   758   731    5.70543  147 2415    7.00000    2.69713  61.5%   772 1780s
   759   732    3.45714   36 1304    7.00000    2.69713  61.5%   771 3516s
   762   734    4.24021   93 1541    7.00000    2.69713  61.5%   768 3521s
   763   735    3.43843   26 1730    7.00000    2.69713  61.5%   767 3528s
   764   735    3.71569   53 1509    7.00000    2.69713  61.5%   766 3570s
   766   737    4.20665   87 2588    7.00000    2.73303  61.0%   764 3578s
   767   737    5.40476  139 1590    7.00000    2.74651  60.8%   763 3593s
   768   738    4.53774  105 2410    7.00000    2.75961  60.6%   762 3598s

Cutting planes:
  Gomory: 9

Explored 769 nodes (738609 simplex iterations) in 3600.06 seconds
Thread count was 4 (of 4 available processors)

Solution count 3: 7 8 9 

Time limit reached
Best objective 7.000000000000e+00, best bound 3.000000000000e+00, gap 57.1429%
